/*
PREFACE:  
Copyright 2010 Beth Randall
Date:  Thu Apr 13 18:49:27 BST 2017

command file:     data\searches\queries\YCOE\progressive_forms_in_participal_absolutes.q
output file:      C:\Users\Shoo\Dropbox\workspace\CorpusSearch_Auto\data\output\13-04-2017 18.46.36.333 YCOE\progressive_forms_in_participal_absolutes\bible_and_apocrypha\result.out

node:   *PTP*ABS*|AXG*|BAG*|HAG*|VAG*
query:  (AXG*|BAG*|HAG*|VAG* Dominates  !AXG*|BAG*|HAG*|VAG*) 
  AND  (*PTP*ABS* Dominates  AXG*|BAG*|HAG*|VAG*) 
*/
/*
HEADER:
source file:  C:\Users\Shoo\Dropbox\workspace\CorpusSearch_Auto\data\corporas\YCOE\temp1492105600559\bible_and_apocrypha\coexodusP.psd
*/
/*
FOOTER
  source file, hits/tokens/total
  C:\Users\Shoo\Dropbox\workspace\CorpusSearch_Auto\data\corporas\YCOE\temp1492105600559\bible_and_apocrypha\coexodusP.psd	0/0/135
*/
/*
HEADER:
source file:  C:\Users\Shoo\Dropbox\workspace\CorpusSearch_Auto\data\corporas\YCOE\temp1492105600559\bible_and_apocrypha\cogenesiC.psd
*/
/*
FOOTER
  source file, hits/tokens/total
  C:\Users\Shoo\Dropbox\workspace\CorpusSearch_Auto\data\corporas\YCOE\temp1492105600559\bible_and_apocrypha\cogenesiC.psd	0/0/537
*/
/*
HEADER:
source file:  C:\Users\Shoo\Dropbox\workspace\CorpusSearch_Auto\data\corporas\YCOE\temp1492105600559\bible_and_apocrypha\conicodA.psd
*/

/~*
Se wytega +ta Symeon, heom eallum geblyssigendum, heom to cw+a+d: wuldria+d
+tone Dryhten Cryst, Godes sunu, +tone +te ic b+ar on mynum earmum into +tam
temple,
(conicodA,Nic_[A]:18.2.1.425)
*~/
/*
25 VAG^D:  25 VAG^D, 26 geblyssigendum, 19 PTP-DAT-ABS
*/
( (CODE <T06470020000,18.2.1>)
  (IP-MAT-SPE (NP-NOM (D^N Se)
		      (N^N wytega)
		      (NP-NOM-PRN *ICH*-1))
	      (ADVP-TMP (ADV^T +ta))
	      (NP-NOM-PRN-1 (NR^N Symeon))
	      (, ,)
	      (PTP-DAT-ABS (NP-DAT-SBJ (PRO^D heom) (Q^D eallum))
			   (VAG^D geblyssigendum))
	      (, ,)
	      (PP (NP-DAT (PRO^D heom))
		  (P to))
	      (VBDI cw+a+d)
	      (, :)
	      (IP-MAT-SPE (VBI wuldria+d)
			  (NP-ACC (D^A +tone)
				  (NR^A Dryhten)
				  (NP-ACC-PRN (NR^A Cryst))
				  (, ,)
				  (NP-ACC-PRN (NP-GEN (NR^G Godes))
					      (N^A sunu))
				  (, ,)
				  (CP-REL-SPE (WNP-ACC-2 (D^A +tone))
					      (C +te)
					      (IP-SUB-SPE (NP-ACC *T*-2)
							  (NP-NOM (PRO^N ic))
							  (VBDI b+ar)
							  (PP (P on)
							      (NP-DAT (PRO$^D mynum) (N^D earmum)))
							  (PP (P into)
							      (NP-DAT (D^D +tam) (N^D temple)))))))
	      (. ,))
  (ID conicodA,Nic_[A]:18.2.1.425))
/*
FOOTER
  source file, hits/tokens/total
  C:\Users\Shoo\Dropbox\workspace\CorpusSearch_Auto\data\corporas\YCOE\temp1492105600559\bible_and_apocrypha\conicodA.psd	1/1/635
*/
/*
HEADER:
source file:  C:\Users\Shoo\Dropbox\workspace\CorpusSearch_Auto\data\corporas\YCOE\temp1492105600559\bible_and_apocrypha\conicodC.psd
*/
/*
FOOTER
  source file, hits/tokens/total
  C:\Users\Shoo\Dropbox\workspace\CorpusSearch_Auto\data\corporas\YCOE\temp1492105600559\bible_and_apocrypha\conicodC.psd	0/0/383
*/
/*
HEADER:
source file:  C:\Users\Shoo\Dropbox\workspace\CorpusSearch_Auto\data\corporas\YCOE\temp1492105600559\bible_and_apocrypha\conicodD.psd
*/
/*
FOOTER
  source file, hits/tokens/total
  C:\Users\Shoo\Dropbox\workspace\CorpusSearch_Auto\data\corporas\YCOE\temp1492105600559\bible_and_apocrypha\conicodD.psd	0/0/154
*/
/*
HEADER:
source file:  C:\Users\Shoo\Dropbox\workspace\CorpusSearch_Auto\data\corporas\YCOE\temp1492105600559\bible_and_apocrypha\conicodE.psd
*/
/*
FOOTER
  source file, hits/tokens/total
  C:\Users\Shoo\Dropbox\workspace\CorpusSearch_Auto\data\corporas\YCOE\temp1492105600559\bible_and_apocrypha\conicodE.psd	0/0/120
*/
/*
HEADER:
source file:  C:\Users\Shoo\Dropbox\workspace\CorpusSearch_Auto\data\corporas\YCOE\temp1492105600559\bible_and_apocrypha\cootest.o3.psd
*/

/~*
Gyf he sunnan $scinendre +d+at de+d, he bi+d scyldig
(cootest,Exod:22.3.3261)
*~/
/*
17 VAG^D:  17 VAG^D, 18 $scinendre, 13 PTP-DAT-ABS
*/

( (CODE <T06220045000,22.3>)
  (IP-MAT-SPE (CP-ADV-SPE (P Gyf)
			  (C 0)
			  (IP-SUB-SPE (NP-NOM (PRO^N he))
				      (PTP-DAT-ABS (NP-DAT-SBJ (N^D sunnan))
						   (VAG^D $scinendre))
				      (NP-ACC (D^A +d+at))
				      (VBPI de+d)))
	      (, ,)
	      (NP-NOM (PRO^N he))
	      (BEPI bi+d)
	      (ADJP-NOM-PRD (ADJ^N scyldig)))
  (ID cootest,Exod:22.3.3261))
/*
FOOTER
  source file, hits/tokens/total
  C:\Users\Shoo\Dropbox\workspace\CorpusSearch_Auto\data\corporas\YCOE\temp1492105600559\bible_and_apocrypha\cootest.o3.psd	1/1/5812
*/
/*
HEADER:
source file:  C:\Users\Shoo\Dropbox\workspace\CorpusSearch_Auto\data\corporas\YCOE\temp1492105600559\bible_and_apocrypha\covinsal.psd
*/
/*
FOOTER
  source file, hits/tokens/total
  C:\Users\Shoo\Dropbox\workspace\CorpusSearch_Auto\data\corporas\YCOE\temp1492105600559\bible_and_apocrypha\covinsal.psd	0/0/277
*/
/*
HEADER:
source file:  C:\Users\Shoo\Dropbox\workspace\CorpusSearch_Auto\data\corporas\YCOE\temp1492105600559\bible_and_apocrypha\cowsgosp.o3.psd
*/

/~*
+Da com to him Zebedeis bearna modor mid hyre bearnum hig geeadmedende & sum
+tingc fram him biddende.
(cowsgosp,Mt_[WSCp]:20.20.1348)
*~/
/*
37 VAG^N:  37 VAG^N, 38 geeadmedende, 33 PTP-NOM-ABS
37 VAG^N:  37 VAG^N, 38 geeadmedende, 32 PTP-NOM-ABS
56 VAG^N:  56 VAG^N, 57 biddende, 42 PTP-NOM-ABS
56 VAG^N:  56 VAG^N, 57 biddende, 32 PTP-NOM-ABS
*/

( (CODE <T06410067900,20.20>)
  (IP-MAT (ADVP-TMP (ADV^T +Da))
	  (VBDI com)
	  (PP (P to)
	      (NP-DAT (PRO^D him)))
	  (NP-NOM (NP-GEN (NP-GEN (NR^G Zebedeis))
			  (N^G bearna))
		  (N^N modor))
	  (PP (P mid)
	      (NP-DAT (PRO$ hyre) (N^D bearnum)))
	  (PTP-NOM-ABS (PTP-NOM-ABS (NP-NOM (PRO^N hig))
				    (VAG^N geeadmedende))
		       (CONJP (CONJ &)
			      (PTP-NOM-ABS (NP-NOM *con*)
					   (NP-ACC (Q^A sum) (N^A +tingc))
					   (PP (P fram)
					       (NP-DAT (PRO^D him)))
					   (VAG^N biddende))))
	  (. .))
  (ID cowsgosp,Mt_[WSCp]:20.20.1348))

/~*
Clypiende stefn on +tam westene gegearwia+d Drihtnes weg,
(cowsgosp,Mk_[WSCp]:1.3.2186)
*~/
/*
4 VAG^N:  4 VAG^N, 5 Clypiende, 3 PTP-NOM-ABS
*/

( (CODE <T06420000300,1.3>)
  (PTP-NOM-ABS (VAG^N Clypiende)
	       (NP-NOM (N^N stefn))
	       (PP (P on)
		   (NP-DAT (D^D +tam) (N^D westene)))
	       (IP-MAT-SPE (VBI gegearwia+d)
			   (NP-ACC (NP-GEN (NR^G Drihtnes))
				   (N^A weg)))
	       (. ,))
  (ID cowsgosp,Mk_[WSCp]:1.3.2186))

/~*
& him of scipe gangendum him sona agen arn an man of +tam byrgenum on
uncl+anum gaste.
(cowsgosp,Mk_[WSCp]:5.2.2467)
*~/
/*
16 VAG^D:  16 VAG^D, 17 gangendum, 6 PTP-DAT-ABS
*/

( (CODE <T06420014800,5.2>)
  (IP-MAT (CONJ &)
	  (PTP-DAT-ABS (NP-DAT-SBJ (PRO^D him))
		       (PP (P of)
			   (NP-DAT (N^D scipe)))
		       (VAG^D gangendum))
	  (NP-DAT-ADT (PRO^D him))
	  (ADVP-TMP (ADV^T sona))
	  (ADVP (ADV agen))
	  (VBDI arn)
	  (NP-NOM (NUM^N an) (N^N man))
	  (PP (P of)
	      (NP-DAT (D^D +tam) (N^D byrgenum)))
	  (PP (P on)
	      (NP-DAT (ADJ^D uncl+anum) (N^D gaste)))
	  (. .))
  (ID cowsgosp,Mk_[WSCp]:5.2.2467))

/~*
Him +ta gyt sprecendum hi comon fram +tam heahgesamnungum
(cowsgosp,Mk_[WSCp]:5.35.2531)
*~/
/*
14 VAG^D:  14 VAG^D, 15 sprecendum, 4 PTP-DAT-ABS
*/

( (CODE <T06420018100,5.35>)
  (IP-MAT (PTP-DAT-ABS (NP-DAT-SBJ (PRO^D Him))
		       (ADVP-TMP (ADV^T +ta))
		       (ADVP-TMP (ADV^T gyt))
		       (VAG^D sprecendum))
	  (NP-NOM (PRO^N hi))
	  (VBDI comon)
	  (PP (P fram)
	      (NP-DAT (D^D +tam) (N^D heahgesamnungum))))
  (ID cowsgosp,Mk_[WSCp]:5.35.2531))

/~*
So+dlice +ta +afen com him twelfum mid him. Sittendum & etendum s+ade se
h+alend, so+dlice ic eow secge +t+at eower an +te mid me yt gesyl+d me.
(cowsgosp,Mk_[WSCp]:14.17.3300)
*~/
/*
35 VAG^D:  35 VAG^D, 36 Sittendum, 18 PTP-DAT-ABS
39 VAG^D:  39 VAG^D, 40 etendum, 18 PTP-DAT-ABS
*/

( (CODE <T06420055400,14.17>)
  (IP-MAT (ADVP (ADV So+dlice))
	  (CP-ADV (P +ta)
		  (C 0)
		  (IP-SUB (NP-NOM (N^N +afen))
			  (VBDI com)))
	  (PTP-DAT-ABS (NP-DAT-SBJ (PRO^D him) (NUM^D twelfum))
		       (PP (P mid)
			   (NP-DAT (PRO^D him)))
		       (, .)
		       (CODE <T06420055500,14.18>)
		       (VAG^D (VAG^D Sittendum) (CONJ &) (VAG^D etendum)))
	  (VBD s+ade)
	  (NP-NOM (D^N se) (N^N h+alend))
	  (, ,)
	  (IP-MAT-SPE (ADVP (ADV so+dlice))
		      (NP-NOM (PRO^N ic))
		      (NP (PRO eow))
		      (VBP secge)
		      (CP-THT-SPE (C +t+at)
				  (IP-SUB-SPE (NP-NOM (NP-GEN (PRO^G eower))
						      (NUM^N an)
						      (CP-REL-SPE (WNP-NOM-1 0)
								  (C +te)
								  (IP-SUB-SPE (NP-NOM *T*-1)
									      (PP (P mid)
										  (NP (PRO me)))
									      (VBPI yt))))
					      (VBPI gesyl+d)
					      (NP (PRO me)))))
	  (. .))
  (ID cowsgosp,Mk_[WSCp]:14.17.3300))

/~*
Him +ta etendum afeng se h+alend hlaf
(cowsgosp,Mk_[WSCp]:14.22.3306)
*~/
/*
11 VAG^D:  11 VAG^D, 12 etendum, 4 PTP-DAT-ABS
*/

( (CODE <T06420055900,14.22>)
  (IP-MAT (PTP-DAT-ABS (NP-DAT-SBJ (PRO^D Him))
		       (ADVP-TMP (ADV^T +ta))
		       (VAG^D etendum))
	  (VBDI afeng)
	  (NP-NOM (D^N se) (N^N h+alend))
	  (NP-ACC (N^A hlaf)))
  (ID cowsgosp,Mk_[WSCp]:14.22.3306))

/~*
Him +ta +da gyt sprecendum com Iudas Scarioth, +t+at ys, wi+tersaca, an of
+tam twelfum, & mid him mycel menegeo mid swurdum & mid sahlum fram
heahsacerdum, bocerum & ealdrum.
(cowsgosp,Mk_[WSCp]:14.43.3360)
*~/
/*
18 VAG^D:  18 VAG^D, 19 sprecendum, 5 PTP-DAT-ABS
*/

( (CODE <T06420058000,14.43>)
  (IP-MAT (IP-MAT-0 (PTP-DAT-ABS (NP-DAT-SBJ (PRO^D Him))
				 (ADVP-TMP (ADV^T +ta))
				 (ADVP-TMP (ADV^T +da))
				 (ADVP-TMP (ADV^T gyt))
				 (VAG^D sprecendum))
		    (VBDI com)
		    (NP-NOM (NR^N Iudas)
			    (NR^N Scarioth)
			    (, ,)
			    (IP-MAT-PRN (NP-NOM (D^N +t+at))
					(BEPI ys)
					(, ,)
					(XP (NP-NOM (N^N wi+tersaca))))
			    (, ,)
			    (NP-NOM-PRN (NUM^N an)
					(PP (P of)
					    (NP-DAT (D^D +tam) (N^D twelfum))))))
	  (, ,)
	  (CONJP (CONJ &)
		 (IPX-MAT=0 (PP (P mid)
				(NP-DAT (PRO^D him)))
			    (NP-NOM (Q^N mycel) (N^N menegeo))
			    (PP (PP (P mid)
				    (NP-DAT (N^D swurdum)))
				(CONJP (CONJ &)
				       (PP (P mid)
					   (NP-DAT (N^D sahlum)))))
			    (PP (P fram)
				(NP-DAT (N^D heahsacerdum) (, ,) (N^D bocerum) (CONJ &) (N^D ealdrum)))))
	  (. .))
  (ID cowsgosp,Mk_[WSCp]:14.43.3360))

/~*
+After +tam him twam he w+as +atywed on o+drum hiwe him on +tone tun farendum.
(cowsgosp,Mk_[WSCp]:16.12.3539)
*~/
/*
42 VAG^D:  42 VAG^D, 43 farendum, 30 PTP-DAT-ABS
*/

( (CODE <T06420066900,16.12>)
  (IP-MAT (PP (P +After)
	      (NP-DAT (D^D +tam)))
	  (NP-DAT (PRO^D him) (NUM^D twam))
	  (NP-NOM (PRO^N he))
	  (BEDI w+as)
	  (VBN +atywed)
	  (PP (P on)
	      (NP-DAT (ADJ^D o+drum) (N^D hiwe)))
	  (PTP-DAT-ABS (NP-DAT-SBJ (PRO^D him))
		       (PP (P on)
			   (NP-ACC (D^A +tone) (N^A tun)))
		       (VAG^D farendum))
	  (. .))
  (ID cowsgosp,Mk_[WSCp]:16.12.3539))

/~*
So+tlice hi +da farende +aghwar bodedon Drihtne midwyrcendum & trymmendre
spr+ace +afterfyligendum tacnum.
(cowsgosp,Mk_[WSCp]:16.20.3558)
*~/
/*
32 VAG^D:  32 VAG^D, 33 trymmendre, 31 PTP-DAT-ABS
32 VAG^D:  32 VAG^D, 33 trymmendre, 21 PTP-DAT-ABS
*/

( (CODE <T06420067700,16.20>)
  (IP-MAT (ADVP (ADV So+tlice))
	  (NP-NOM (PRO^N hi))
	  (ADVP-TMP (ADV^T +da))
	  (PTP-NOM (VAG^N farende)
		   (ADVP-LOC (ADV^L +aghwar)))
	  (VBDI bodedon)
	  (PTP-DAT-ABS (PTP-DAT-ABS (NP-DAT-SBJ (NR^D Drihtne))
				    (RP+VAG^D midwyrcendum))
		       (CONJP (CONJ &)
			      (PTP-DAT-ABS (VAG^D trymmendre)
					   (NP-DAT-SBJ (N^D spr+ace))
					   (NP-DAT-ADT (RP+VAG^D +afterfyligendum) (N^D tacnum)))))
	  (. .))
  (ID cowsgosp,Mk_[WSCp]:16.20.3558))

/~*
So+dlice +tam fifteo+dan geare +t+as caseres anwealdes Tiberii, begymendum
+tam Pontiscan Pilate Iudea+teode, feor+dan d+ales rica Galilee Herode;
Filippo his bre+ter feor+dan d+ales rica Iturie, & +t+as rices Traconitidis &
Lisania Abiline feor+tan d+ales rica, under +dara sacerda ealdrum Anna & Caifa.
Godes word w+as geworden ofer Zacharias sunu on westene
(cowsgosp,Lk_[WSCp]:3.1.3760)
*~/
/*
31 VAG^D:  31 VAG^D, 32 begymendum, 30 PTP-DAT-ABS-0
31 VAG^D:  31 VAG^D, 32 begymendum, 29 PTP-DAT-ABS
*/

( (CODE <T06430010300,3.1>)
  (IP-MAT (ADVP (ADV So+dlice))
	  (NP-DAT-TMP (D^D +tam)
		      (ADJ^D fifteo+dan)
		      (N^D geare)
		      (NP-GEN (NP-GEN (D^G +t+as)
				      (N^G caseres)
				      (NP-GEN-PRN *ICH*-1))
			      (N^G anwealdes)
			      (NP-GEN-PRN-1 (NR^G Tiberii))))
	  (, ,)
	  (PTP-DAT-ABS (PTP-DAT-ABS-0 (VAG^D begymendum)
				      (NP-DAT-SBJ (D^D +tam) (ADJ^D Pontiscan) (NR^D Pilate))
				      (NP-GEN (NR^G Iudea+teode)))
		       (, ,)
		       (PTPX-DAT-ABS=0 (NP-GEN (NP-GEN (ADJ^G feor+dan)
						       (N^G d+ales)
						       (NP-GEN *ICH*-4))
					       (N^G rica)
					       (NP-GEN-4 (NR Galilee)))
				       (NP-DAT-SBJ (NR^D Herode)))
		       (, ;)
		       (PTPX-DAT-ABS=0 (NP-DAT-SBJ (NR^D Filippo)
						   (NP-DAT-PRN (PRO$ his) (N^D bre+ter)))
				       (NP-GEN (NP-GEN (NP-GEN (ADJ^G feor+dan)
							       (N^G d+ales)
							       (NP-GEN *ICH*-2))
						       (CONJP *ICH*-3))
					       (N^G rica)
					       (NP-GEN-2 (NP-GEN (NR Iturie)))
					       (, ,)
					       (CONJP-3 (CONJ &)
							(NP-GEN (D^G +t+as)
								(N^G rices)
								(NP-GEN (NR Traconitidis))))))
		       (CONJP (CONJ &)
			      (PTPX-DAT-ABS=0 (NP-DAT-SBJ (NR^D Lisania))
					      (NP-GEN (NP-GEN (NP-GEN (NR Abiline))
							      (ADJ^G feor+tan)
							      (N^G d+ales))
						      (N^G rica))
					      (, ,)
					      (PP (P under)
						  (NP-DAT (NP-GEN (D^G +dara)
								  (N^G sacerda)
								  (NP-GEN-PRN *ICH*-5))
							  (N^D ealdrum)
							  (NP-GEN-PRN-5 (NR^G Anna) (CONJ &) (NR^G Caifa)))))))
	  (, .)
	  (CODE <T06430010400,3.2>)
	  (NP-NOM (NP-GEN (NR^G Godes))
		  (N^N word))
	  (BEDI w+as)
	  (BEN geworden)
	  (PP (P ofer)
	      (NP-ACC (NP-GEN (NR^G Zacharias))
		      (N^A sunu)))
	  (PP (P on)
	      (NP-DAT (N^D westene))))
  (ID cowsgosp,Lk_[WSCp]:3.1.3760))

/~*
So+dlice +tam folce wenendum & eallum on hyra heortan +tencendum be Iohanne
hw+a+ter he Crist w+are. +Da andswarude Iohannes him eallum secgende;
Witodlice ic eow on w+atere fullige;
(cowsgosp,Lk_[WSCp]:3.15.3787)
*~/
/*
14 VAG^D:  14 VAG^D, 15 wenendum, 8 PTP-DAT-ABS
14 VAG^D:  14 VAG^D, 15 wenendum, 7 PTP-DAT-ABS
31 VAG^D:  31 VAG^D, 32 +tencendum, 19 PTP-DAT-ABS
31 VAG^D:  31 VAG^D, 32 +tencendum, 7 PTP-DAT-ABS
*/

( (CODE <T06430011600,3.15>)
  (IP-MAT-SPE (ADVP (ADV So+dlice))
	      (PTP-DAT-ABS (PTP-DAT-ABS (NP-DAT-SBJ (D^D +tam) (N^D folce))
					(VAG^D wenendum))
			   (CONJP (CONJ &)
				  (PTP-DAT-ABS (NP-DAT-SBJ (Q^D eallum))
					       (PP (P on)
						   (NP (PRO$ hyra) (N heortan)))
					       (VAG^D +tencendum)
					       (PP (P be)
						   (NP-DAT (NR^D Iohanne)))
					       (CP-QUE-SPE (WQ hw+a+ter)
							   (C 0)
							   (IP-SUB-SPE (NP-NOM (PRO^N he))
								       (NP-NOM-PRD (NR^N Crist))
								       (BEDS w+are))))))
	      (, .)
	      (CODE <T06430011700,3.16>)
	      (ADVP-TMP (ADV^T +Da))
	      (VBD andswarude)
	      (NP-NOM (NR^N Iohannes))
	      (NP-DAT (PRO^D him) (Q^D eallum))
	      (PTP-NOM (VAG^N secgende)
		       (, ;)
		       (IP-MAT-SPE (ADVP (ADV Witodlice))
				   (NP-NOM (PRO^N ic))
				   (NP (PRO eow))
				   (PP (P on)
				       (NP-DAT (N^D w+atere)))
				   (VBP fullige)))
	      (. ;))
  (ID cowsgosp,Lk_[WSCp]:3.15.3787))

/~*
So+dlice w+as geworden +ta eall +t+at folc w+as gefullod, & +tam h+alende
gefulledum & gebiddendum, heofon w+as geopenud, & se halega gast astah
lichamlicre ansyne on hyne swa an culfre,
(cowsgosp,Lk_[WSCp]:3.21.3796)
*~/
/*
53 VAG^D:  53 VAG^D, 54 gebiddendum, 41 PTP-DAT-ABS
*/

( (CODE <T06430012200,3.21>)
  (IP-MAT (NP-NOM-x *exp*)
	  (ADVP (ADV So+dlice))
	  (BEDI w+as)
	  (BEN geworden)
	  (CP-THT-x (C 0)
		    (IP-SUB (IP-SUB (CP-ADV (CP-ADV (P +ta)
						    (C 0)
						    (IP-SUB (NP-NOM (Q^N eall) (D^N +t+at) (N^N folc))
							    (BEDI w+as)
							    (VBN gefullod)))
					    (, ,)
					    (CONJP (CONJ &)
						   (PTP-DAT-ABS (NP-DAT-SBJ (D^D +tam) (N^D h+alende))
								(VBN^D (VBN^D gefulledum)
								       (CONJP (CONJ &) (VAG^D gebiddendum))))))
				    (, ,)
				    (NP-NOM (N^N heofon))
				    (BEDI w+as)
				    (VBN geopenud))
			    (, ,)
			    (CONJP (CONJ &)
				   (IP-SUB-CON (NP-NOM (D^N se) (ADJ^N halega) (N^N gast))
					       (VBDI astah)
					       (NP-DAT-ADT (ADJ^D lichamlicre) (N^D ansyne))
					       (PP (P on)
						   (NP-ACC (PRO^A hyne)))
					       (PP (P swa)
						   (CPX-CMP (IPX-SUB (NP-NOM (NUM^N an) (N^N culfre)))))))))
	  (. ,))
  (ID cowsgosp,Lk_[WSCp]:3.21.3796))

/~*
Him +ta gyt specendum, +ta com sum man to +t+are gesamnunge ealdre
(cowsgosp,Lk_[WSCp]:8.49.4307)
*~/
/*
14 VAG^D:  14 VAG^D, 15 specendum, 4 PTP-DAT-ABS
*/

( (CODE <T06430034600,8.49>)
  (IP-MAT (PTP-DAT-ABS (NP-DAT-SBJ (PRO^D Him))
		       (ADVP-TMP (ADV^T +ta))
		       (ADVP-TMP (ADV^T gyt))
		       (VAG^D specendum))
	  (, ,)
	  (ADVP-TMP (ADV^T +ta))
	  (VBDI com)
	  (NP-NOM (Q^N sum) (N^N man))
	  (PP (P to)
	      (NP-DAT (NP-GEN (D^G +t+are) (N^G gesamnunge))
		      (N^D ealdre))))
  (ID cowsgosp,Lk_[WSCp]:8.49.4307))

/~*
O+drum d+age him of +tam munte farendum him agen arn mycel menego.
(cowsgosp,Lk_[WSCp]:9.37.4401)
*~/
/*
21 VAG^D:  21 VAG^D, 22 farendum, 9 PTP-DAT-ABS
*/

( (CODE <T06430039100,9.37>)
  (IP-MAT (NP-DAT-TMP (ADJ^D O+drum) (N^D d+age))
	  (PTP-DAT-ABS (NP-DAT-SBJ (PRO^D him))
		       (PP (P of)
			   (NP-DAT (D^D +tam) (N^D munte)))
		       (VAG^D farendum))
	  (PP (NP-DAT (PRO^D him))
	      (P agen))
	  (VBDI arn)
	  (NP-NOM (Q^N mycel) (N^N menego))
	  (. .))
  (ID cowsgosp,Lk_[WSCp]:9.37.4401))

/~*
& eallum wundriendum be +tam +tingum +te gewurdun; He cw+a+d to his
leorningcnihtum, Asetta+d +tas sp+aca on eowrum heortum,
(cowsgosp,Lk_[WSCp]:9.43.4419)
*~/
/*
8 VAG^D:  8 VAG^D, 9 wundriendum, 4 PTP-DAT-ABS
*/

( (IP-MAT (CONJ &)
	  (PTP-DAT-ABS (NP-DAT-SBJ (Q^D eallum))
		       (VAG^D wundriendum)
		       (PP (P be)
			   (NP-DAT (D^D +tam)
				   (N^D +tingum)
				   (CP-REL (WNP-NOM-1 0)
					   (C +te)
					   (IP-SUB (NP-NOM *T*-1)
						   (BEDI gewurdun))))))
	  (, ;)
	  (NP-NOM (PRO^N He))
	  (VBDI cw+a+d)
	  (PP (P to)
	      (NP-DAT (PRO$ his) (N^D leorningcnihtum)))
	  (, ,)
	  (IP-MAT-SPE (VBI Asetta+d)
		      (NP-ACC (D^A +tas) (N^A sp+aca))
		      (PP (P on)
			  (NP-DAT (PRO$^D eowrum) (N^D heortum))))
	  (. ,))
  (ID cowsgosp,Lk_[WSCp]:9.43.4419))

/~*
Mycelum weredum him embe standendum +t+at hig hine tr+adun, +da cw+a+d he to
his leorningcnihtum, warnia+d wi+d Farisea lare +t+at is licetung,
(cowsgosp,Lk_[WSCp]:12.1.4644)
*~/
/*
16 VAG^D:  16 VAG^D, 17 standendum, 4 PTP-DAT-ABS
*/

( (CODE <T06430050600,12.1>)
  (IP-MAT (PTP-DAT-ABS (NP-DAT-SBJ (Q^D Mycelum) (N^D weredum))
		       (PP (NP-DAT (PRO^D him))
			   (P embe))
		       (VAG^D standendum)
		       (CP-ADV (C +t+at)
			       (IP-SUB (NP-NOM (PRO^N hig))
				       (NP-ACC (PRO^A hine))
				       (VBDI tr+adun))))
	  (, ,)
	  (ADVP-TMP (ADV^T +da))
	  (VBDI cw+a+d)
	  (NP-NOM (PRO^N he))
	  (PP (P to)
	      (NP-DAT (PRO$ his) (N^D leorningcnihtum)))
	  (, ,)
	  (IP-MAT-SPE (VBI warnia+d)
		      (PP (P wi+d)
			  (NP (NP-GEN (NR^G Farisea))
			      (N lare)
			      (CP-REL-SPE (WNP-NOM-1 (D^N +t+at))
					  (C 0)
					  (IP-SUB-SPE (NP-NOM *T*-1)
						      (BEPI is)
						      (NP-NOM-PRD (N^N licetung)))))))
	  (. ,))
  (ID cowsgosp,Lk_[WSCp]:12.1.4644))

/~*
+Da s+ade he hys leorningcnihtum, eallum folce gehyrendum,
(cowsgosp,Lk_[WSCp]:20.45.5344)
*~/
/*
25 VAG^D:  25 VAG^D, 26 gehyrendum, 19 PTP-DAT-ABS
*/

( (CODE <T06430086300,20.45>)
  (IP-MAT (ADVP-TMP (ADV^T +Da))
	  (VBD s+ade)
	  (NP-NOM (PRO^N he))
	  (NP-DAT (PRO$ hys) (N^D leorningcnihtum))
	  (, ,)
	  (PTP-DAT-ABS (NP-DAT-SBJ (Q^D eallum) (N^D folce))
		       (VAG^D gehyrendum))
	  (. ,))
  (ID cowsgosp,Lk_[WSCp]:20.45.5344))

/~*
Him +ta +ta gyt sprecendum +ta com +t+at wered
(cowsgosp,Lk_[WSCp]:22.47.5491)
*~/
/*
17 VAG^D:  17 VAG^D, 18 sprecendum, 4 PTP-DAT-ABS
*/

( (CODE <T06430093400,22.47>)
  (IP-MAT (PTP-DAT-ABS (NP-DAT-SBJ (PRO^D Him))
		       (ADVP-TMP (ADV^T +ta))
		       (ADVP-TMP (ADV^T +ta))
		       (ADVP-TMP (ADV^T gyt))
		       (VAG^D sprecendum))
	  (ADVP-TMP (ADV^T +ta))
	  (VBDI com)
	  (NP-NOM (D^N +t+at) (N^N wered)))
  (ID cowsgosp,Lk_[WSCp]:22.47.5491))
/*
FOOTER
  source file, hits/tokens/total
  C:\Users\Shoo\Dropbox\workspace\CorpusSearch_Auto\data\corporas\YCOE\temp1492105600559\bible_and_apocrypha\cowsgosp.o3.psd	21/18/7515
*/
/*
SUMMARY:  
source files, hits/tokens/total
  C:\Users\Shoo\Dropbox\workspace\CorpusSearch_Auto\data\corporas\YCOE\temp1492105600559\bible_and_apocrypha\coexodusP.psd	0/0/135
  C:\Users\Shoo\Dropbox\workspace\CorpusSearch_Auto\data\corporas\YCOE\temp1492105600559\bible_and_apocrypha\cogenesiC.psd	0/0/537
  C:\Users\Shoo\Dropbox\workspace\CorpusSearch_Auto\data\corporas\YCOE\temp1492105600559\bible_and_apocrypha\conicodA.psd	1/1/635
  C:\Users\Shoo\Dropbox\workspace\CorpusSearch_Auto\data\corporas\YCOE\temp1492105600559\bible_and_apocrypha\conicodC.psd	0/0/383
  C:\Users\Shoo\Dropbox\workspace\CorpusSearch_Auto\data\corporas\YCOE\temp1492105600559\bible_and_apocrypha\conicodD.psd	0/0/154
  C:\Users\Shoo\Dropbox\workspace\CorpusSearch_Auto\data\corporas\YCOE\temp1492105600559\bible_and_apocrypha\conicodE.psd	0/0/120
  C:\Users\Shoo\Dropbox\workspace\CorpusSearch_Auto\data\corporas\YCOE\temp1492105600559\bible_and_apocrypha\cootest.o3.psd	1/1/5812
  C:\Users\Shoo\Dropbox\workspace\CorpusSearch_Auto\data\corporas\YCOE\temp1492105600559\bible_and_apocrypha\covinsal.psd	0/0/277
  C:\Users\Shoo\Dropbox\workspace\CorpusSearch_Auto\data\corporas\YCOE\temp1492105600559\bible_and_apocrypha\cowsgosp.o3.psd	21/18/7515
whole search, hits/tokens/total
		23/20/15568
*/
