/*
PREFACE:  
Copyright 2010 Beth Randall
Date:  Thu Apr 13 19:02:36 BST 2017

command file:     data\searches\queries\PENN\progressive_forms_in_reduced_relatives.q
output file:      C:\Users\Shoo\Dropbox\workspace\CorpusSearch_Auto\data\output\13-04-2017 18.46.36.333 PPCME2\progressive_forms_in_reduced_relatives\history\result.out

node:   RRC|BAG*|HAG*|VAG*|DAG*
query:  (BAG*|HAG*|VAG*|DAG* Dominates  !BAG*|HAG*|VAG*|DAG*) 
  AND  (RRC Dominates  BAG*|HAG*|VAG*|DAG*) 
*/
/*
HEADER:
source file:  C:\Users\Shoo\Dropbox\workspace\CorpusSearch_Auto\data\corporas\PPCME2\temp1492106398658\history\cmbrut3.m3.psd
*/

/~*
WHen +tis castel was makede, and ful wel arraiede, Engist priuely sent bi
lettre into +te contre +tat he come of, after an hundrede shippis fillede with
strange men +tat were bolde and wel fei+gtyng in alle batailes; and +tat +tai
shulde bryng wi+t ham Ronewenne, his dou+gter, +tat was +te fairest creature
+tat eny man my+gt see.
(CMBRUT3,51.1519)
*~/
/*
117 VAG:  117 VAG, 118 fei+gtyng, 85 RRC
*/
( (IP-MAT (PP (P WHen)
	      (CP-ADV (C 0)
		      (IP-SUB (IP-SUB-1 (NP-SBJ (D +tis) (N castel))
					(BED was)
					(VAN makede))
			      (, ,)
			      (CONJP (CONJ and)
				     (IP-SUB=1 (ADVP (ADV ful) (ADV wel))
					       (VAN arraiede))))))
	  (, ,)
	  (NP-SBJ (NPR Engist))
	  (ADVP (ADV priuely))
	  (VBD sent)
	  (PP (P bi)
	      (NP (N lettre)))
	  (PP (P into)
	      (NP (D +te)
		  (N contre)
		  (CP-REL (WNP-2 0)
			  (C +tat)
			  (IP-SUB (NP-SBJ (PRO he))
				  (VBD come)
				  (PP (P of)
				      (NP *T*-2))))))
	  (, ,)
	  (PP (PP (P after)
		  (NP (D an)
		      (NUM hundrede)
		      (NS shippis)
		      (RRC (VAN fillede)
			   (PP (P with)
			       (NP (ADJ strange)
				   (NS men)
				   (CP-REL (CP-REL (WNP-3 0)
						   (C +tat)
						   (IP-SUB (NP-SBJ *T*-3)
							   (BED were)
							   (ADJP (ADJP (ADJ bolde))
								 (CONJP (CONJ and)
									(ADJP (ADV wel) (VAG fei+gtyng)))
								 (PP (P in)
								     (NP (Q alle) (NS batailes))))))))))))
	      (, ;)
	      (CONJP (CONJ and)
		     (CP-THT (C +tat)
			     (IP-SUB (NP-SBJ (PRO +tai))
				     (MD shulde)
				     (VB bryng)
				     (PP (P wi+t)
					 (NP (PRO ham)))
				     (NP-OB1 (NPR Ronewenne)
					     (, ,)
					     (NP-PRN (PRO$ his) (N dou+gter))
					     (, ,)
					     (CP-REL (WNP-4 0)
						     (C +tat)
						     (IP-SUB (NP-SBJ *T*-4)
							     (BED was)
							     (NP-OB1 (D +te)
								     (ADJS fairest)
								     (N creature)
								     (CP-REL (WNP-5 0)
									     (C +tat)
									     (IP-SUB (NP-OB1 *T*-5)
										     (NP-SBJ (Q eny) (N man))
										     (MD my+gt)
										     (VB see)))))))))))
	  (. .))
  (ID CMBRUT3,51.1519))

/~*
and oute of his mou+t comen ij huge li+gte+g +tat were as li+gt as eny fire
brynnyng.
(CMBRUT3,63.1896)
*~/
/*
47 VAG:  47 VAG, 48 brynnyng, 46 RRC
*/

( (IP-MAT (CONJ and)
	  (PP (RP oute)
	      (P of)
	      (NP (PRO$ his) (N mou+t)))
	  (VBD comen)
	  (NP-SBJ (NUM ij)
		  (ADJ huge)
		  (NS li+gte+g)
		  (CP-REL (WNP-1 0)
			  (C +tat)
			  (IP-SUB (NP-SBJ *T*-1)
				  (BED were)
				  (ADJP (ADVR as)
					(ADJ li+gt)
					(PP (P as)
					    (NP (Q eny)
						(N fire)
						(RRC (VAG brynnyng))))))))
	  (. .))
  (ID CMBRUT3,63.1896))

/~*
for he can telle +gow +te best consel of eny man leuyng. "
(CMBRUT3,66.1993)
*~/
/*
30 VAG:  30 VAG, 31 leuyng, 29 RRC
*/

( (IP-MAT-SPE (CONJ for)
	      (NP-SBJ (PRO he))
	      (MD can)
	      (VB telle)
	      (NP-OB2 (PRO +gow))
	      (NP-OB1 (D +te)
		      (ADJS best)
		      (N consel)
		      (PP (P of)
			  (NP (Q eny)
			      (N man)
			      (RRC (VAG leuyng)))))
	      (. .)
	      (" "))
  (ID CMBRUT3,66.1993))

/~*
Octa & his peple hade grete despite +tat a kyng liggyng in a liter ham hade
bisegede,
(CMBRUT3,68.2054)
*~/
/*
31 VAG:  31 VAG, 32 liggyng, 30 RRC
*/

( (IP-MAT (NP-SBJ (NP (NPR Octa))
		  (CONJP (CONJ &)
			 (NP (PRO$ his) (N peple))))
	  (HVD hade)
	  (NP-OB1 (ADJ grete) (N despite))
	  (CP-THT (C +tat)
		  (IP-SUB (NP-SBJ (D a)
				  (N kyng)
				  (RRC (VAG liggyng)
				       (PP (P in)
					   (NP (D a) (N liter)))))
			  (NP-OB1 (PRO ham))
			  (HVD hade)
			  (VBN bisegede)))
	  (. ,))
  (ID CMBRUT3,68.2054))

/~*
And after, atte Whitsontide next sewyng, by conseil of his barons, he wolde
bene cronede Kyng of Glomergon,
(CMBRUT3,80.2452)
*~/
/*
18 VAG:  18 VAG, 19 sewyng, 15 RRC
*/

( (IP-MAT (CONJ And)
	  (ADVP-TMP (ADV after))
	  (, ,)
	  (PP (P atte)
	      (NP (NPR Whitsontide)
		  (RRC (ADJ next) (VAG sewyng))))
	  (, ,)
	  (PP (P by)
	      (NP (N conseil)
		  (PP (P of)
		      (NP (PRO$ his) (NS barons)))))
	  (, ,)
	  (NP-SBJ-1 (PRO he))
	  (MD wolde)
	  (BE bene)
	  (VAN cronede)
	  (IP-SMC (NP-SBJ *-1)
		  (NP-OB1 (N Kyng)
			  (PP (P of)
			      (NP (NPR Glomergon)))))
	  (. ,))
  (ID CMBRUT3,80.2452))

/~*
and tolde +te Emperour how wor+tely +tei were vnderfonge, & whiche real
company he K. Arthur hade him forto serue, & how he was more really seruede
+tan +te Emperour, or eny kyng leuyng in +te worlde.
(CMBRUT3,83.2510)
*~/
/*
120 VAG:  120 VAG, 121 leuyng, 119 RRC
*/

( (IP-MAT (CONJ and)
	  (NP-SBJ *con*)
	  (VBD tolde)
	  (NP-OB2 (D +te) (N Emperour))
	  (CP-QUE (CP-QUE (WADVP-1 (WADV how) (ADV wor+tely))
			  (C 0)
			  (IP-SUB (ADVP *T*-1)
				  (NP-SBJ (PRO +tei))
				  (BED were)
				  (VAN vnderfonge)))
		  (, ,)
		  (CONJP (CONJ &)
			 (CP-QUE (WNP-2 (WD whiche) (ADJ real) (N company))
				 (C 0)
				 (IP-SUB (NP-OB1 *T*-2)
					 (NP-SBJ (PRO he)
						 (CODE <em>)
						 (NP-PRN (NPR K.) (NPR Arthur))
						 (CODE <$$em>))
					 (HVD hade)
					 (IP-INF-PRP (NP-OB1 (PRO him))
						     (FOR+TO forto)
						     (VB serue)))))
		  (, ,)
		  (CONJP (CONJ &)
			 (CP-QUE (WADVP-3 (WADV how))
				 (C 0)
				 (IP-SUB (ADVP *T*-3)
					 (NP-SBJ (PRO he))
					 (BED was)
					 (ADVP (QR more)
					       (ADV really)
					       (PP *ICH*-4))
					 (VAN seruede)
					 (PP-4 (P +tan)
					       (NP (NP (D +te) (N Emperour))
						   (, ,)
						   (CONJP (CONJ or)
							  (NP (Q eny)
							      (N kyng)
							      (RRC (VAG leuyng)
								   (PP (P in)
								       (NP (D +te) (N worlde))))))))))))
	  (. .))
  (ID CMBRUT3,83.2510))

/~*
and +tou+gt +tat same +gere follewyng, passe +te mount Ioye, & haue gone to
Rome, forto haue take +te citee, and haue put +te Romayns in subieccion;
(CMBRUT3,88.2649)
*~/
/*
16 VAG:  16 VAG, 17 follewyng, 15 RRC
*/

( (IP-MAT (CONJ and)
	  (NP-SBJ *con*)
	  (VBD +tou+gt)
	  (NP-TMP (D +tat)
		  (ADJ same)
		  (N +gere)
		  (RRC (VAG follewyng)))
	  (, ,)
	  (IP-INF (IP-INF (VB passe)
			  (NP-OB1 (D +te) (NPR mount) (NPR Ioye)))
		  (, ,)
		  (CONJP (CONJ &)
			 (IP-INF (HV haue)
				 (VBN gone)
				 (PP (P to)
				     (NP (NPR Rome)))
				 (, ,)
				 (IP-INF-PRP (IP-INF-PRP (FOR+TO forto)
							 (HV haue)
							 (VBN take)
							 (NP-OB1 (D +te) (N citee)))
					     (, ,)
					     (CONJP (CONJ and)
						    (IP-INF (FOR *)
							    (TO *)
							    (HV haue)
							    (VBN put)
							    (NP-OB1 (D +te) (NPRS Romayns))
							    (PP (P in)
								(NP (N subieccion)))))))))
	  (. ;))
  (ID CMBRUT3,88.2649))
/*
FOOTER
  source file, hits/tokens/total
  C:\Users\Shoo\Dropbox\workspace\CorpusSearch_Auto\data\corporas\PPCME2\temp1492106398658\history\cmbrut3.m3.psd	7/7/4116
*/
/*
HEADER:
source file:  C:\Users\Shoo\Dropbox\workspace\CorpusSearch_Auto\data\corporas\PPCME2\temp1492106398658\history\cmcapchr.m4.psd
*/

/~*
And of +te foure wyndis fityng in +te se he meruelously touchid, who +te foure
bestes rising with +tese foure wyndis foutyn ech with othir.
(CMCAPCHR,39.234)
*~/
/*
15 VAG:  15 VAG, 16 fityng, 14 RRC
*/

( (IP-MAT (CONJ And)
	  (PP (P of)
	      (NP (D +te)
		  (N foure)
		  (NS wyndis)
		  (RRC (VAG fityng)
		       (PP (P in)
			   (NP (D +te) (N se))))))
	  (NP-SBJ (PRO he))
	  (ADVP (ADV meruelously))
	  (VBD touchid)
	  (, ,)
	  (ADVP (CP-FRL (WADVP-1 (WADV who))
			(C 0)
			(IP-SUB (ADVP *T*-1)
				(NP-SBJ (D +te) (NUM foure) (NS bestes))
				(IP-PPL (VAG rising)
					(PP (P with)
					    (NP (D +tese) (N foure) (NS wyndis))))
				(VBD foutyn)
				(NP-ADV (NP (Q ech))
					(PP (P with)
					    (NP (OTHER othir)))))))
	  (. .))
  (ID CMCAPCHR,39.234))

/~*
It is clepid Ecclesiasticus, +tat is to sey 'Of +te Cherch', for +tere is mech
+ting longing to +te obseruauns and prouidens of +te Cherch.
(CMCAPCHR,44.362)
*~/
/*
62 VAG:  62 VAG, 63 longing, 61 RRC
*/

( (IP-MAT (NP-SBJ-1 (PRO It))
	  (BEP is)
	  (VAN clepid)
	  (IP-SMC (NP-SBJ *-1)
		  (NP-OB1 (NPR Ecclesiasticus)
			  (, ,)
			  (IP-MAT-PRN (NP-SBJ (D +tat))
				      (BEP is)
				      (IP-INF (TO to)
					      (VB sey)
					      (' ')
					      (PP (P Of)
						  (NP (D +te) (N Cherch)))))))
	  (' ')
	  (, ,)
	  (CODE <P_44>)
	  (PP (P for)
	      (CP-ADV (C 0)
		      (IP-SUB (NP-SBJ-2 (EX +tere))
			      (BEP is)
			      (NP-2 (Q mech)
				    (N +ting)
				    (RRC (VAG longing)
					 (PP (P to)
					     (NP (D +te)
						 (N obseruauns)
						 (CONJP (CONJ and)
							(NX (N prouidens)))
						 (PP (P of)
						     (NP (D +te) (NPR Cherch))))))))))
	  (. .))
  (ID CMCAPCHR,44.362))

/~*
but he erred in many +tingis, first in a mater concernyng +te holy Trynyte,
(CMCAPCHR,109.2387)
*~/
/*
30 VAG:  30 VAG, 31 concernyng, 29 RRC
*/

( (IP-MAT (CONJ but)
	  (NP-SBJ (PRO he))
	  (VBD erred)
	  (PP (P in)
	      (NP (Q many) (NS +tingis)))
	  (, ,)
	  (PP-PRN (ADV first)
		  (P in)
		  (NP (D a)
		      (N mater)
		      (RRC (VAG concernyng)
			   (NP-OB1 (D +te) (ADJ holy) (NPR Trynyte)))))
	  (. ,))
  (ID CMCAPCHR,109.2387))

/~*
And +te nexte +gere folowand was Mary, +te sistir of Seynt Thomas, mad abbes
of Berkyng.
(CMCAPCHR,111.2460)
*~/
/*
12 VAG:  12 VAG, 13 folowand, 11 RRC
*/

( (IP-MAT (CONJ And)
	  (NP-SBJ (D +te)
		  (ADJS nexte)
		  (N +gere)
		  (RRC (VAG folowand)))
	  (BED was)
	  (NP-SBJ-1 (NPR Mary)
		    (, ,)
		    (NP-PRN (D +te)
			    (N sistir)
			    (PP (P of)
				(NP (NPR Seynt) (NPR Thomas)))))
	  (, ,)
	  (VAN mad)
	  (IP-SMC (NP-SBJ *-1)
		  (NP-OB1 (N abbes)
			  (PP (P of)
			      (NP (NPR Berkyng)))))
	  (. .))
  (ID CMCAPCHR,111.2460))

/~*
Than mad +tei crye +torw +te reme +tat no man in +tat month folowyng schuld go
oute at his dore, ne no woman, but +tei had a chapelet on her hed.
(CMCAPCHR,117.2635)
*~/
/*
44 VAG:  44 VAG, 45 folowyng, 43 RRC
*/

( (IP-MAT (ADVP-TMP (ADV Than))
	  (VBD mad)
	  (NP-SBJ (PRO +tei))
	  (IP-INF (NP-SBJ *arb*)
		  (VB crye)
		  (PP (P +torw)
		      (NP (D +te) (N reme)))
		  (CP-THT (C +tat)
			  (IP-SUB (NP-SBJ (NP (Q no) (N man))
					  (CONJP *ICH*-1))
				  (PP (P in)
				      (NP (D +tat)
					  (N month)
					  (RRC (VAG folowyng))))
				  (MD schuld)
				  (VB go)
				  (PP (RP oute)
				      (P at)
				      (NP (PRO$ his) (N dore)))
				  (, ,)
				  (CONJP-1 (CONJ ne)
					   (NP (Q no) (N woman)))
				  (, ,)
				  (PP (P but)
				      (CP-ADV (C 0)
					      (IP-SUB (NP-SBJ (PRO +tei))
						      (HVD had)
						      (NP-OB1 (D a) (N chapelet))
						      (PP (P on)
							  (NP (PRO$ her) (N hed)))))))))
	  (. .))
  (ID CMCAPCHR,117.2635))

/~*
In +te nexte +gere folowand, +te kyng took Dauy, Leulyne bro+tir,
(CMCAPCHR,129.2981)
*~/
/*
13 VAG:  13 VAG, 14 folowand, 12 RRC
*/

( (IP-MAT (PP (P In)
	      (NP (D +te)
		  (ADJS nexte)
		  (N +gere)
		  (RRC (VAG folowand))))
	  (, ,)
	  (NP-SBJ (D +te) (N kyng))
	  (VBD took)
	  (NP-OB1 (NPR Dauy)
		  (, ,)
		  (NP-PRN (NPR$ Leulyne) (N bro+tir)))
	  (. ,))
  (ID CMCAPCHR,129.2981))

/~*
So +te kyng, compellid on o party be nede, on +te o+tir party be instauns of
+te lordes, compelled +tis Petir for to swere +tat he schuld in hast go oute
of +te lond, and neuyr his lyue dwelle in no soile longing to +te kyng of
Ynglond, and if he ded +te contrari he schuld lese his hed.
(CMCAPCHR,137.3185)
*~/
/*
127 VAG:  127 VAG, 128 longing, 126 RRC
*/

( (IP-MAT (ADVP (ADV So))
	  (NP-SBJ (D +te) (N kyng))
	  (, ,)
	  (IP-PPL (IP-PPL-1 (VAN compellid)
			    (PP (P on)
				(NP (ONE o) (N party)))
			    (PP (P be)
				(NP (N nede))))
		  (, ,)
		  (IP-PPL=1 (PP (P on)
				(NP (D +te) (OTHER o+tir) (N party)))
			    (PP (P be)
				(NP (N instauns)
				    (PP (P of)
					(NP (D +te) (NS lordes)))))))
	  (, ,)
	  (VBD compelled)
	  (NP-OB1 (D +tis) (NPR Petir))
	  (IP-INF (FOR for)
		  (TO to)
		  (VB swere)
		  (CP-THT (C +tat)
			  (IP-SUB (IP-SUB (IP-SUB-2 (NP-SBJ (PRO he))
						    (MD schuld)
						    (PP (P in)
							(NP (N hast)))
						    (VB go)
						    (PP (RP oute)
							(P of)
							(NP (D +te) (N lond))))
					  (, ,)
					  (CONJP (CONJ and)
						 (IP-SUB=2 (ADVP-TMP (ADV neuyr))
							   (NP-OB1 (PRO$ his) (N lyue))
							   (VB dwelle)
							   (PP (P in)
							       (NP (Q no)
								   (N soile)
								   (RRC (VAG longing)
									(PP (P to)
									    (NP (D +te)
										(N kyng)
										(PP (P of)
										    (NP (NPR Ynglond)))))))))))
				  (, ,)
				  (CONJP (CONJ and)
					 (IP-SUB (PP (P if)
						     (CP-ADV (C 0)
							     (IP-SUB (NP-SBJ (PRO he))
								     (DOD ded)
								     (NP-OB1 (D +te) (N contrari)))))
						 (NP-SBJ (PRO he))
						 (MD schuld)
						 (VB lese)
						 (NP-OB1 (PRO$ his) (N hed)))))))
	  (. .))
  (ID CMCAPCHR,137.3185))

/~*
The kyng graunted +tat on Seynt Jon Baptiste day next folowand, at Leycetir,
schuld +tis mater be concluded.
(CMCAPCHR,143.3322)
*~/
/*
30 VAG:  30 VAG, 31 folowand, 26 RRC
*/

( (IP-MAT (NP-SBJ (D The) (N kyng))
	  (VBD graunted)
	  (CP-THT (C +tat)
		  (IP-SUB (PP (P on)
			      (NP (NP-POS (NPR Seynt) (NPR Jon) (NPR$ Baptiste))
				  (NPR day)
				  (RRC (ADVP (ADVS next))
				       (VAG folowand))))
			  (, ,)
			  (PP (P at)
			      (NP (NPR Leycetir)))
			  (, ,)
			  (MD schuld)
			  (NP-SBJ (D +tis) (N mater))
			  (BE be)
			  (VAN concluded)))
	  (. .))
  (ID CMCAPCHR,143.3322))

/~*
Than was it proclamed +tat a new parlement schuld begynne +te next Munday
aftir, and on Seint Edward day folowing schuld +te king be corowned,
(CMCAPCHR,214.3834)
*~/
/*
56 VAG:  56 VAG, 57 folowing, 55 RRC
*/

( (IP-MAT (ADVP-TMP (ADV Than))
	  (BED was)
	  (NP-SBJ-1 (PRO it))
	  (VAN proclamed)
	  (CP-THT-1 (C +tat)
		    (IP-SUB (IP-SUB (NP-SBJ (D a) (ADJ new) (N parlement))
				    (MD schuld)
				    (VB begynne)
				    (NP-TMP (D +te)
					    (ADJ next)
					    (NPR Munday)
					    (ADVP-TMP (ADV aftir))))
			    (, ,)
			    (CONJP (CONJ and)
				   (IP-SUB (PP (P on)
					       (NP (NP-POS (NPR Seint) (NPR$ Edward))
						   (NPR day)
						   (RRC (VAG folowing))))
					   (MD schuld)
					   (NP-SBJ (D +te) (N king))
					   (BE be)
					   (VAN corowned)))))
	  (. ,))
  (ID CMCAPCHR,214.3834))

/~*
In +te +gere folowand he held a parlement at London, in whech parlement he
asked no subsidy of no man,
(CMCAPCHR,238.3917)
*~/
/*
11 VAG:  11 VAG, 12 folowand, 10 RRC
*/

( (IP-MAT (PP (P In)
	      (NP (D +te)
		  (N +gere)
		  (RRC (VAG folowand))))
	  (NP-SBJ (PRO he))
	  (VBD held)
	  (NP-OB1 (D a) (N parlement))
	  (PP (P at)
	      (NP (NPR London)))
	  (, ,)
	  (CP-CAR (WPP-1 (P in)
			 (WNP (WD whech) (N parlement)))
		  (C 0)
		  (IP-SUB (PP *T*-1)
			  (NP-SBJ (PRO he))
			  (VBD asked)
			  (NP-OB1 (Q no) (N subsidy))
			  (PP (P of)
			      (NP (Q no) (N man)))))
	  (. ,))
  (ID CMCAPCHR,238.3917))

/~*
but +ge must answere to o+tir +tingis +tat be put on +gou, touching +te
sacrament of +te auter, and +te power of +te Cherch, and mech o+tir +ting.
(CMCAPCHR,240.3952)
*~/
/*
40 VAG:  40 VAG, 41 touching, 39 RRC
*/

( (IP-MAT-SPE (CONJ but)
	      (NP-SBJ (PRO +ge))
	      (MD must)
	      (VB answere)
	      (PP (P to)
		  (NP (OTHER o+tir)
		      (NS +tingis)
		      (CP-REL-SPE (WNP-1 0)
				  (C +tat)
				  (IP-SUB-SPE (NP-SBJ *T*-1)
					      (BEP be)
					      (VAN put)
					      (PP (P on)
						  (NP (PRO +gou)))))
		      (, ,)
		      (RRC (VAG touching)
			   (NP-OB1 (NP (D +te)
				       (N sacrament)
				       (PP (P of)
					   (NP (D +te) (N auter))))
				   (, ,)
				   (CONJP (CONJ and)
					  (NP (D +te)
					      (N power)
					      (PP (P of)
						  (NP (D +te) (NPR Cherch)))))
				   (, ,)
				   (CONJP (CONJ and)
					  (NP (Q mech) (OTHER o+tir) (N +ting)))))))
	      (. .))
  (ID CMCAPCHR,240.3952))

/~*
Than +te archbischop took him certeyn articules in a bille, to whech he
assigned him +tat he schuld answere on +te Moneday folowand.
(CMCAPCHR,240.3954)
*~/
/*
70 VAG:  70 VAG, 71 folowand, 69 RRC
*/

( (IP-MAT (ADVP-TMP (ADV Than))
	  (NP-SBJ (D +te) (N archbischop))
	  (VBD took)
	  (NP-OB2 (PRO him))
	  (NP-OB1 (ADJ certeyn)
		  (NS articules)
		  (PP (P in)
		      (NP (D a) (N bille)))
		  (, ,)
		  (CP-REL (WPP-1 (P to)
				 (WNP (WPRO whech)))
			  (C 0)
			  (IP-SUB (PP *T*-1)
				  (NP-SBJ (PRO he))
				  (VBD assigned)
				  (NP-OB2 (PRO him))
				  (CP-THT (C +tat)
					  (IP-SUB (NP-SBJ (PRO he))
						  (MD schuld)
						  (VB answere)
						  (PP (P on)
						      (NP (D +te)
							  (NPR Moneday)
							  (RRC (VAG folowand)))))))))
	  (. .))
  (ID CMCAPCHR,240.3954))

/~*
He had a felawe consentyng onto him, Richard, erl of Cambrig, and Thomas Grey,
a knyte of +te north.
(CMCAPCHR,243.4043)
*~/
/*
14 VAG:  14 VAG, 15 consentyng, 13 RRC
*/

( (IP-MAT (NP-SBJ (PRO He))
	  (HVD had)
	  (NP-OB1 (NP (D a)
		      (N felawe)
		      (RRC (VAG consentyng)
			   (PP (P onto)
			       (NP (PRO him))))
		      (, ,)
		      (NP-PRN (NPR Richard)
			      (, ,)
			      (NP-PRN (N erl)
				      (PP (P of)
					  (NP (NPR Cambrig))))))
		  (, ,)
		  (CONJP (CONJ and)
			 (NP (NPR Thomas)
			     (NPR Grey)
			     (, ,)
			     (NP-PRN (D a)
				     (N knyte)
				     (PP (P of)
					 (NP (D +te) (N north)))))))
	  (. .))
  (ID CMCAPCHR,243.4043))
/*
FOOTER
  source file, hits/tokens/total
  C:\Users\Shoo\Dropbox\workspace\CorpusSearch_Auto\data\corporas\PPCME2\temp1492106398658\history\cmcapchr.m4.psd	13/13/4177
*/
/*
HEADER:
source file:  C:\Users\Shoo\Dropbox\workspace\CorpusSearch_Auto\data\corporas\PPCME2\temp1492106398658\history\cmgregor.m4.psd
*/

/~*
and there they fonde Syr Wylliam Schroppe, Treserer of Inglond, and Syr John
Busche, and Syr John Grene, the whiche were brought by fore the Duke of York,
that tyme beynge Levtenaunte of Inglonde,
(CMGREGOR,98.82)
*~/
/*
97 BAG:  97 BAG, 98 beynge, 91 RRC
*/

( (IP-MAT (CONJ and)
	  (ADVP-LOC (ADV there))
	  (NP-SBJ (PRO they))
	  (VBD fonde)
	  (NP-OB1 (NP (NPR Syr)
		      (NPR Wylliam)
		      (NPR Schroppe)
		      (, ,)
		      (NP-PRN (N Treserer)
			      (PP (P of)
				  (NP (NPR Inglond)))))
		  (, ,)
		  (CONJP (CONJ and)
			 (NP (NPR Syr) (NPR John) (NPR Busche)))
		  (, ,)
		  (CONJP (CONJ and)
			 (NP (NPR Syr) (NPR John) (NPR Grene)))
		  (, ,)
		  (CP-REL (WNP-1 (D the) (WPRO whiche))
			  (C 0)
			  (IP-SUB (NP-SBJ *T*-1)
				  (BED were)
				  (VAN brought)
				  (PP (P (P21 by) (P22 fore))
				      (NP (D the)
					  (N Duke)
					  (PP (P of)
					      (NP (NPR York)))
					  (, ,)
					  (RRC (NP-TMP (D that) (N tyme))
					       (BAG beynge)
					       (NP-OB1 (N Levtenaunte)
						       (PP (P of)
							   (NP (NPR Inglonde))))))))))
	  (. ,))
  (ID CMGREGOR,98.82))

/~*
and there yn was moche solempnyte of angelys and virgenys syngyng merely.
(CMGREGOR,112.387)
*~/
/*
30 VAG:  30 VAG, 31 syngyng, 29 RRC
*/

( (IP-MAT (CONJ and)
	  (PP (ADVP (ADV there))
	      (P yn))
	  (NP-SBJ-1 *exp*)
	  (BED was)
	  (NP-1 (Q moche)
		(N solempnyte)
		(PP (P of)
		    (NP (NS angelys)
			(CONJ and)
			(NS virgenys)
			(RRC (VAG syngyng)
			     (ADVP (ADV merely))))))
	  (. .))
  (ID CMGREGOR,112.387))

/~*
And in that same yere, onne the morne aftyr Syn Symonnys day and Jude, that
the mayre shulde ryde to Westemyster for to take hys othe, come tydyngys to
London of the batayle a-bove sayde by the Byschoppe of Worseter, that tyme
beyng Chaunceler,
(CMGREGOR,113.402)
*~/
/*
133 BAG:  133 BAG, 134 beyng, 127 RRC
*/

( (IP-MAT (CONJ And)
	  (PP (P in)
	      (NP (D that) (ADJ same) (N yere)))
	  (, ,)
	  (PP (P onne)
	      (NP (D the)
		  (N morne)
		  (PP (P aftyr)
		      (NP (NP-POS (NPR Syn)
				  (NPR$ Symonnys)
				  (CONJP *ICH*-1))
			  (NPR day)
			  (CODE <P_113>)
			  (CONJP-1 (CONJ and)
				   (NX (NPR Jude)))))
		  (, ,)
		  (CP-REL (WADVP-2 0)
			  (C that)
			  (IP-SUB (ADVP-TMP *T*-2)
				  (NP-SBJ (D the) (N mayre))
				  (MD shulde)
				  (VB ryde)
				  (PP (P to)
				      (NP (NPR Westemyster)))
				  (IP-INF-PRP (FOR for)
					      (TO to)
					      (VB take)
					      (NP-OB1 (PRO$ hys) (N othe)))))))
	  (, ,)
	  (VBD come)
	  (NP-SBJ (NS tydyngys)
		  (PP *ICH*-3))
	  (PP (P to)
	      (NP (NPR London)))
	  (PP-3 (P of)
		(NP (D the)
		    (N batayle)
		    (RRC (ADVP-LOC (ADV a-bove))
			 (VAN sayde))))
	  (PP (P by)
	      (NP (D the)
		  (N Byschoppe)
		  (PP (P of)
		      (NP (NPR Worseter)))
		  (, ,)
		  (RRC (NP-TMP (D that) (N tyme))
		       (BAG beyng)
		       (NP-OB1 (N Chaunceler)))))
	  (. ,))
  (ID CMGREGOR,113.402))

/~*
And the fyrste sotellete of the fyrste cours was howe Oure Lady armyd Syn
Gorge and a aungylle doyng on hys sporys.
(CMGREGOR,113.426)
*~/
/*
55 DAG:  55 DAG, 56 doyng, 54 RRC
*/

( (IP-MAT (CONJ And)
	  (NP-SBJ (D the)
		  (ADJ fyrste)
		  (N sotellete)
		  (PP (P of)
		      (NP (D the) (ADJ fyrste) (N cours))))
	  (BED was)
	  (NP-OB1 (CP-FRL (CP-FRL (WADVP-1 (WADV howe))
				  (C 0)
				  (IP-SUB (ADVP *T*-1)
					  (NP-SBJ (PRO$ Oure) (NPR Lady))
					  (VBD armyd)
					  (NP-OB1 (NPR Syn) (NPR Gorge))))
			  (CONJP (CONJ and)
				 (NP (D a)
				     (N aungylle)
				     (RRC (DAG doyng)
					  (PP (P on)
					      (NP (PRO$ hys) (NS sporys))))))))
	  (. .))
  (ID CMGREGOR,113.426))

/~*
And the secunde sotellete was Syn Gorge rydynge and fyghtyng whythe a dragon
whythe hys spere in hys honde.
(CMGREGOR,114.427)
*~/
/*
20 VAG:  20 VAG, 21 rydynge, 19 RRC
20 VAG:  20 VAG, 21 rydynge, 18 RRC
26 VAG:  26 VAG, 27 fyghtyng, 25 RRC
26 VAG:  26 VAG, 27 fyghtyng, 18 RRC
*/

( (IP-MAT (CONJ And)
	  (NP-SBJ (D the) (ADJ secunde) (N sotellete))
	  (BED was)
	  (NP-OB1 (NPR Syn)
		  (NPR Gorge)
		  (RRC (RRC (VAG rydynge))
		       (CONJP (CONJ and)
			      (RRC (VAG fyghtyng)
				   (PP (P whythe)
				       (NP (D a) (N dragon)))
				   (CODE <P_114>)
				   (PP (P whythe)
				       (NP (PRO$ hys)
					   (N spere)
					   (PP (P in)
					       (NP (PRO$ hys) (N honde)))))))))
	  (. .))
  (ID CMGREGOR,114.427))

/~*
And the iij sotellete was a castelle, and Syn Gorge and the kynges doughter
ledyng the lambe in at the castelle gatys.
(CMGREGOR,114.428)
*~/
/*
41 VAG:  41 VAG, 42 ledyng, 40 RRC
*/

( (IP-MAT (CONJ And)
	  (NP-SBJ (D the) (NUM iij) (N sotellete))
	  (BED was)
	  (NP-OB1 (NP (D a) (N castelle))
		  (, ,)
		  (CONJP (CONJ and)
			 (NP (NPR Syn) (NPR Gorge)))
		  (CONJP (CONJ and)
			 (NP (NP-POS (D the) (N$ kynges))
			     (N doughter)
			     (RRC (VAG ledyng)
				  (NP-OB1 (D the) (N lambe))
				  (PP (RP in)
				      (P at)
				      (NP (D the) (N castelle) (NS gatys)))))))
	  (. .))
  (ID CMGREGOR,114.428))

/~*
and that contynuyd tylle the day of the Natyvyte of oure Lady nexte folowynge;
(CMGREGOR,115.473)
*~/
/*
37 VAG:  37 VAG, 38 folowynge, 33 RRC
*/

( (IP-MAT (CONJ and)
	  (NP-SBJ (D that))
	  (VBD contynuyd)
	  (PP (P tylle)
	      (NP (D the)
		  (N day)
		  (PP (P of)
		      (NP (D the)
			  (N Natyvyte)
			  (PP (P of)
			      (NP (PRO$ oure) (NPR Lady)))))
		  (RRC (ADVP (ADV nexte))
		       (VAG folowynge))))
	  (. ;))
  (ID CMGREGOR,115.473))

/~*
and as for the party of the towne, Syr Wylliam Molene, Syr Gylberte
Mounstrewys, lorde of Fayete, capytaynys of men of armys, and of the schotte
whythe ynne the towne of Faleys, and whythe $them a pon the same trete, the
lord of Gamulle; which parteys entretid ande a cordyd uppon the artyculys and
poyntmentys aftyr folowyng.
(CMGREGOR,117.508)
*~/
/*
184 VAG:  184 VAG, 185 folowyng, 180 RRC
*/

( (FRAG (FRAG (CONJ and)
	      (PP (P as)
		  (PP (P for)
		      (NP (D the)
			  (N party)
			  (PP (P of)
			      (NP (D the) (N towne))))))
	      (, ,)
	      (NP (NP (NPR Syr) (NPR Wylliam) (NPR Molene))
		  (, ,)
		  (CONJP (NP (NPR Syr)
			     (NPR Gylberte)
			     (CODE <P_117>)
			     (NPR Mounstrewys)
			     (, ,)
			     (NP-PRN (N lorde)
				     (PP (P of)
					 (NP (NPR Fayete))))))
		  (, ,)
		  (NP-PRN (NS capytaynys)
			  (PP (P of)
			      (NP (NS men)
				  (PP (PP (P of)
					  (NP (NS armys)))
				      (, ,)
				      (CONJP (CONJ and)
					     (PP (P of)
						 (NP (D the) (N schotte)))))))
			  (PP (P (P21 whythe) (P22 ynne))
			      (NP (D the)
				  (N towne)
				  (PP (P of)
				      (NP (NPR Faleys))))))))
	(, ,)
	(CONJP (CONJ and)
	       (FRAG (PP (P whythe)
			 (NP (PRO $them)))
		     (PP (P (P21 a) (P22 pon))
			 (NP (D the) (ADJ same) (N trete)))
		     (, ,)
		     (NP (D the)
			 (N lord)
			 (PP (P of)
			     (NP (NPR Gamulle))))))
	(, ;)
	(CP-CAR (WNP-1 (WD which) (NS parteys))
		(C 0)
		(IP-SUB (NP-SBJ *T*-1)
			(VBD (VBD entretid)
			     (CONJ ande)
			     (VBD (VBD21 a) (VBD22 cordyd)))
			(PP (P uppon)
			    (NP (D the)
				(NS artyculys)
				(CONJP (CONJ and)
				       (NX (NS poyntmentys)))
				(RRC (ADVP-TMP (ADV aftyr))
				     (VAG folowyng))))))
	(. .))
  (ID CMGREGOR,117.508))

/~*
Thes lordys sewyng were asygnyd for to do servyse ryallys before the quene;
(CMGREGOR,141.601)
*~/
/*
8 VAG:  8 VAG, 9 sewyng, 7 RRC
*/

( (IP-MAT (NP-SBJ (D Thes)
		  (NS lordys)
		  (RRC (VAG sewyng)))
	  (BED were)
	  (VAN asygnyd)
	  (IP-INF (FOR for)
		  (TO to)
		  (DO do)
		  (NP-OB1 (N servyse)
			  (ADJP (ADJ ryallys)))
		  (PP (P before)
		      (NP (D the) (N quene))))
	  (. ;))
  (ID CMGREGOR,141.601))

/~*
A sotelte, a tygyr and Syntt Gorge ledyng hyt.
(CMGREGOR,141.616)
*~/
/*
23 VAG:  23 VAG, 24 ledyng, 22 RRC
*/

( (NP (D A)
      (N sotelte)
      (, ,)
      (NP-PRN (NP (D a) (N tygyr))
	      (CONJP (CONJ and)
		     (NP (NPR Syntt)
			 (NPR Gorge)
			 (RRC (VAG ledyng)
			      (NP (PRO hyt))))))
      (. .))
  (ID CMGREGOR,141.616))

/~*
and that be gan the iij day of Decembir; in the whyche Parlyment was grauntyd
a quyndesyn and a dyme to the kynge, that tyme beyng at the sege of Mewys in
Brye, in Fraunce, and the halfe quyndesym and dyme to be payde antt
Candelmasse nexte folowynge, and that the kyng shuld ressayve soche payment as
went that tyme: that ys to say, yf a nobylle were worth v s.
(CMGREGOR,142.631)
*~/
/*
77 BAG:  77 BAG, 78 beyng, 71 RRC
142 VAG:  142 VAG, 143 folowynge, 138 RRC
*/

( (IP-MAT (CONJ and)
	  (NP-SBJ (D that))
	  (VBD (VBD21 be) (VBD22 gan))
	  (NP-TMP (D the)
		  (NUM iij)
		  (N day)
		  (PP (P of)
		      (NP (NPR Decembir))))
	  (, ;)
	  (CP-CAR (WPP-1 (P in)
			 (WNP (D the) (WD whyche) (N Parlyment)))
		  (C 0)
		  (IP-SUB (PP *T*-1)
			  (BED was)
			  (VAN grauntyd)
			  (NP-SBJ (NP (D a) (N quyndesyn))
				  (CONJP (CONJ and)
					 (NP (D a) (N dyme))))
			  (PP (P to)
			      (NP (D the)
				  (N kynge)
				  (, ,)
				  (RRC (NP-TMP (D that) (N tyme))
				       (BAG beyng)
				       (PP (P at)
					   (NP (D the)
					       (N sege)
					       (PP (P of)
						   (NP (NPR Mewys)
						       (PP (P in)
							   (NP (NPR Brye)))))))
				       (, ,)
				       (PP (P in)
					   (NP (NPR Fraunce))))))
			  (, ,)
			  (IP-INF (CONJ and)
				  (IP-INF (NP-SBJ (D the)
						  (NUM halfe)
						  (N quyndesym)
						  (CONJP (CONJ and)
							 (NX (N dyme))))
					  (TO to)
					  (BE be)
					  (VAN payde)
					  (PP (P antt)
					      (NP (NPR Candelmasse)
						  (RRC (ADVP (ADV nexte))
						       (VAG folowynge)))))
				  (, ,)
				  (CONJP (CONJ and)
					 (CP-THT (C that)
						 (IP-SUB (NP-SBJ (D the) (N kyng))
							 (MD shuld)
							 (VB ressayve)
							 (NP-OB1 (SUCH soche)
								 (N payment)
								 (PP (P as)
								     (CP-CMP (WNP-2 0)
									     (C 0)
									     (IP-SUB (NP-SBJ *T*-2)
										     (VBD went)
										     (NP-TMP (D that) (N tyme))))))
							 (, :)
							 (IP-MAT-PRN (NP-SBJ (D that))
								     (BEP ys)
								     (IP-INF (TO to)
									     (VB say)
									     (, ,)
									     (PP (P yf)
										 (CP-ADV (C 0)
											 (IP-SUB (NP-SBJ (D a) (N nobylle))
												 (BED were)
												 (ADJP (ADJ worth)
												       (NP (NUM v) (N s))))))))))))))
	  (. .))
  (ID CMGREGOR,142.631))

/~*
and thenne was made byschoppe Mayster John Kempe, whos bonys, the viij day of
Novembyr next folowyng, worthely at Westmynyster were interyde.
(CMGREGOR,148.646)
*~/
/*
54 VAG:  54 VAG, 55 folowyng, 50 RRC
*/

( (IP-MAT (CONJ and)
	  (ADVP-TMP (ADV thenne))
	  (BED was)
	  (VAN made)
	  (IP-SMC (NP-OB1 (N byschoppe))
		  (NP-SBJ (NPR Mayster)
			  (NPR John)
			  (NPR Kempe)
			  (, ,)
			  (CP-REL (WNP-1 (WPRO$ whos) (NS bonys))
				  (C 0)
				  (, ,)
				  (IP-SUB (NP-SBJ *T*-1)
					  (NP-TMP (D the)
						  (NUM viij)
						  (N day)
						  (PP (P of)
						      (NP (NPR Novembyr)))
						  (RRC (ADVP (ADV next))
						       (VAG folowyng)))
					  (, ,)
					  (ADVP (ADV worthely))
					  (PP (P at)
					      (NP (NPR Westmynyster)))
					  (BED were)
					  (VAN interyde)))))
	  (. .))
  (ID CMGREGOR,148.646))

/~*
and so induryd tylle the feste of Symon and Jude nexte aftyr folowynge.
(CMGREGOR,158.699)
*~/
/*
35 VAG:  35 VAG, 36 folowynge, 29 RRC
*/

( (IP-MAT (CONJ and)
	  (NP-SBJ *exp*)
	  (ADVP (ADV so))
	  (VBD induryd)
	  (PP (P tylle)
	      (NP (D the)
		  (N feste)
		  (PP (P of)
		      (NP (NPR Symon)
			  (CONJ and)
			  (NPR Jude)
			  (RRC (ADVP-TMP (ADV nexte) (ADV aftyr))
			       (VAG folowynge))))))
	  (. .))
  (ID CMGREGOR,158.699))

/~*
for hyt raynyd for the moste party from oure Lady Day in Lentyn unto the feste
of Mychelmas nexte folowynge.
(CMGREGOR,162.816)
*~/
/*
55 VAG:  55 VAG, 56 folowynge, 51 RRC
*/

( (IP-MAT (CONJ for)
	  (NP-SBJ (PRO hyt))
	  (VBD raynyd)
	  (PP (P for)
	      (NP (D the) (QS moste) (N party)))
	  (NP-MSR (PP (P from)
		      (NP (NP-POS (PRO$ oure) (NPR$ Lady))
			  (NPR Day)
			  (PP (P in)
			      (NP (NPR Lentyn)))))
		  (PP (P unto)
		      (NP (D the)
			  (N feste)
			  (PP (P of)
			      (NP (NPR Mychelmas)
				  (RRC (ADVP (ADV nexte))
				       (VAG folowynge)))))))
	  (. .))
  (ID CMGREGOR,162.816))

/~*
and the Fryday nexte folowynge he for-swore the londe;
(CMGREGOR,164.846)
*~/
/*
13 VAG:  13 VAG, 14 folowynge, 9 RRC
*/

( (IP-MAT (CONJ and)
	  (NP-TMP (D the)
		  (NPR Fryday)
		  (RRC (ADVP (ADV nexte))
		       (VAG folowynge)))
	  (NP-SBJ (PRO he))
	  (VBD for-swore)
	  (NP-OB1 (D the) (N londe))
	  (. ;))
  (ID CMGREGOR,164.846))

/~*
and hyt duryde unto the xxiij day of Feverer nexte folowynge; in the whyche
Parlyment was grauntyd that John Raynewelle shulde be mayre of the stapylle of
Callys iij yere folowynge.
(CMGREGOR,164.864)
*~/
/*
29 VAG:  29 VAG, 30 folowynge, 25 RRC
91 VAG:  91 VAG, 92 folowynge, 90 RRC
*/

( (IP-MAT (CONJ and)
	  (NP-SBJ (PRO hyt))
	  (VBD duryde)
	  (PP (P unto)
	      (NP (D the)
		  (NUM xxiij)
		  (N day)
		  (PP (P of)
		      (NP (NPR Feverer)))
		  (RRC (ADVP (ADV nexte))
		       (VAG folowynge))))
	  (, ;)
	  (CP-CAR (WPP-1 (P in)
			 (WNP (D the) (WD whyche) (N Parlyment)))
		  (C 0)
		  (IP-SUB (PP *T*-1)
			  (NP-SBJ-2 *exp*)
			  (BED was)
			  (VAN grauntyd)
			  (CP-THT-2 (C that)
				    (IP-SUB (NP-SBJ (NPR John) (NPR Raynewelle))
					    (MD shulde)
					    (BE be)
					    (NP-OB1 (N mayre)
						    (PP (P of)
							(NP (D the)
							    (N stapylle)
							    (PP (P of)
								(NP (NPR Callys))))))
					    (NP-MSR (NUM iij)
						    (N yere)
						    (RRC (VAG folowynge)))))))
	  (. .))
  (ID CMGREGOR,164.864))

/~*
and sette hym a sete of hys astate, and ij byschoppys stondyng on every syde
of hym, helpyng hym to bere the crowne,
(CMGREGOR,167.924)
*~/
/*
36 VAG:  36 VAG, 37 stondyng, 35 RRC
55 VAG:  55 VAG, 56 helpyng, 54 RRC
*/

( (IP-MAT (CONJ and)
	  (NP-SBJ *con*)
	  (VBD sette)
	  (NP-OB2 (PRO hym))
	  (NP-OB1 (NP (D a)
		      (N sete)
		      (PP (P of)
			  (NP (PRO$ hys) (N astate))))
		  (, ,)
		  (CONJP (CONJ and)
			 (NP-OB1 (NUM ij)
				 (NS byschoppys)
				 (RRC (VAG stondyng)
				      (PP (P on)
					  (NP (Q every)
					      (N syde)
					      (PP (P of)
						  (NP (PRO hym))))))
				 (, ,)
				 (RRC (VAG helpyng)
				      (NP-OB2 (PRO hym))
				      (IP-INF (TO to)
					      (VB bere)
					      (NP-OB1 (D the) (N crowne)))))))
	  (. ,))
  (ID CMGREGOR,167.924))

/~*
The fyrste that come yn was a berys hedde, enarmyde in a castelle ryalle.
Furmenty with venson. Vyant ryalle gylte. Grosse chare. Swanne. Capyn stewyde.
Hayryn. Grete pyke. Rede lesche whythe a whyte lyon crownyde there yn.
Custarde ryalle with a lybarde of golde sette there ynne holdyng a flowredelys.
Frytoure like a son, a floure de lysse there yn. Ande a sotelte, Synt Edwarde
and Synt Lewys armyd in hyr cotys of armys, bryngyng thys yong kyng, Harry the
vj, in fygure y-armyde by twyne hem two, in hys cote of armys, whythe thys
reson:
(CMGREGOR,169.974)
*~/
/*
167 VAG:  167 VAG, 168 holdyng, 166 RRC
252 VAG:  252 VAG, 253 bryngyng, 251 RRC
*/

( (IP-MAT (NP-SBJ (D The)
		  (ADJ fyrste)
		  (CP-REL (WNP-1 0)
			  (C that)
			  (IP-SUB (NP-SBJ *T*-1)
				  (VBD come)
				  (RP yn))))
	  (BED was)
	  (NP-OB1 (NP (NP-POS (D a) (N$ berys))
		      (N hedde)
		      (, ,)
		      (RRC (VAN enarmyde)
			   (PP (P in)
			       (NP (D a)
				   (N castelle)
				   (ADJP (ADJ ryalle))))))
		  (, .)
		  (CONJP (NP (N Furmenty)
			     (PP (P with)
				 (NP (N venson)))))
		  (, .)
		  (CONJP (NP (N Vyant)
			     (ADJP (ADJ ryalle))
			     (RRC (VAN gylte))))
		  (, .)
		  (CONJP (NP (ADJ Grosse) (N chare)))
		  (, .)
		  (CONJP (NP (N Swanne)))
		  (, .)
		  (CONJP (NP (N Capyn)
			     (RRC (VAN stewyde))))
		  (, .)
		  (CONJP (NP (N Hayryn)))
		  (, .)
		  (CONJP (NP (ADJ Grete) (N pyke)))
		  (, .)
		  (CONJP (NP (ADJ Rede)
			     (N lesche)
			     (PP (P whythe)
				 (NP (D a)
				     (ADJ whyte)
				     (N lyon)
				     (RRC (VAN crownyde))
				     (PP (ADVP (ADV there))
					 (P yn))))))
		  (, .)
		  (CONJP (NP (N Custarde)
			     (ADJP (ADJ ryalle))
			     (PP (P with)
				 (NP (D a)
				     (N lybarde)
				     (PP (P of)
					 (NP (N golde)))
				     (RRC (VAN sette)
					  (PP (ADVP (ADV there))
					      (P ynne)))
				     (RRC (VAG holdyng)
					  (NP-OB1 (D a) (N flowredelys)))))))
		  (, .)
		  (CONJP (NP (N Frytoure)
			     (PP (P like)
				 (NP (D a) (N son)))
			     (, ,)
			     (NP-ADT (D a)
				     (N (N31 floure) (N32 de) (N33 lysse))
				     (PP (ADVP (ADV there))
					 (P yn)))))
		  (, .)
		  (CONJP (CONJ Ande)
			 (NP (D a)
			     (N sotelte)
			     (, ,)
			     (NP-PRN (NP (NPR Synt) (NPR Edwarde))
				     (CONJP (CONJ and)
					    (NP (NPR Synt) (NPR Lewys)))
				     (RRC (VAN armyd)
					  (PP (P in)
					      (NP (PRO$ hyr)
						  (NS cotys)
						  (PP (P of)
						      (NP (NS armys))))))
				     (, ,)
				     (RRC (VAG bryngyng)
					  (NP-OB1 (D thys)
						  (ADJ yong)
						  (N kyng)
						  (, ,)
						  (NP-PRN (NPR Harry)
							  (NP-PRN (D the) (NUM vj))))
					  (, ,)
					  (PP (P in)
					      (NP (N fygure)
						  (RRC (VAN y-armyde))))
					  (PP (P (P21 by) (P22 twyne))
					      (NP (PRO hem) (NUM two)))
					  (, ,)
					  (PP (P in)
					      (NP (PRO$ hys)
						  (N cote)
						  (PP (P of)
						      (NP (NS armys)))))
					  (, ,)
					  (PP (P whythe)
					      (NP (D thys) (N reson))))))))
	  (. :))
  (ID CMGREGOR,169.974))

/~*
The secunde coursse unto the kynge syttynge in the halle.
(CMGREGOR,169.977)
*~/
/*
17 VAG:  17 VAG, 18 syttynge, 16 RRC
*/

( (NP (D The)
      (ADJ secunde)
      (N coursse)
      (PP (P unto)
	  (NP (D the)
	      (N kynge)
	      (RRC (VAG syttynge)
		   (PP (P in)
		       (NP (D the) (N halle))))))
      (. .))
  (ID CMGREGOR,169.977))

/~*
Viaunde blanke. Gely wrytyn and notyd, Te Deum laudamus. Pygge in doory. Crane.
Byttore. Cony. Chykynnys endoryd. Parteryche. Pecoke. Grete breme; leche
whythe an antloppe crownyde there yn, and schynynge as golde. Flampayne
pouderyde with lybardys and flowredelyssys of golde. Frytoure. Custarde. A
lybarde ys hedde why+te ij esterygys fetherys. And a sotellete, - The
Emperoure and Kynge Harry the v=te= in mantellys of garterys, bryngyng yn Kyng
Harry the vj=te= yn the same sute, whythe thys reson imperyalle:
(CMGREGOR,169.979)
*~/
/*
119 VAG:  119 VAG, 120 schynynge, 118 RRC
119 VAG:  119 VAG, 120 schynynge, 103 RRC
236 VAG:  236 VAG, 237 bryngyng, 235 RRC
*/

( (NP (NP (N Viaunde)
	  (ADJP (ADJ blanke)))
      (, .)
      (CONJP (NP (N Gely)
		 (RRC (VAN wrytyn)
		      (CONJ and)
		      (VAN notyd)
		      (, ,)
		      (LATIN (FW Te) (FW Deum) (FW laudamus)))))
      (, .)
      (CONJP (NP (N Pygge)
		 (PP (P in)
		     (NP (N doory)))))
      (, .)
      (CONJP (NP (N Crane)))
      (, .)
      (CONJP (NP (N Byttore)))
      (, .)
      (CONJP (NP (N Cony)))
      (, .)
      (CONJP (NP (NS Chykynnys)
		 (RRC (VAN endoryd))))
      (, .)
      (CONJP (NP (N Parteryche)))
      (, .)
      (CONJP (NP (N Pecoke)))
      (, .)
      (CONJP (NP (ADJ Grete) (N breme)))
      (, ;)
      (CONJP (NP (N leche)
		 (PP (P whythe)
		     (NP (D an)
			 (N antloppe)
			 (RRC (RRC (VAN crownyde)
				   (PP (ADVP (ADV there))
				       (P yn)))
			      (, ,)
			      (CONJP (CONJ and)
				     (RRC (VAG schynynge)
					  (PP (P as)
					      (NP (N golde))))))))))
      (, .)
      (CONJP (NP (N Flampayne)
		 (RRC (VAN pouderyde)
		      (PP (P with)
			  (NP (NS lybardys)
			      (CONJ and)
			      (NS flowredelyssys)
			      (PP (P of)
				  (NP (N golde))))))))
      (, .)
      (CONJP (NP (N Frytoure)))
      (, .)
      (CONJP (NP (N Custarde)))
      (, .)
      (CONJP (NP (NP-POS (D A) (N lybarde) ($ ys))
		 (N hedde)
		 (PP (P why+te)
		     (NP (NP-POS (NUM ij) (N$ esterygys))
			 (NS fetherys)))))
      (, .)
      (CONJP (CONJ And)
	     (NP (D a) (N sotellete))
	     (, ,)
	     (, -)
	     (NP-PRN (NP (D The) (N Emperoure))
		     (CONJP (CONJ and)
			    (NP (NPR Kynge)
				(NPR Harry)
				(NP-PRN (D the) (ADJ v=te=))))
		     (PP (P in)
			 (NP (NS mantellys)
			     (PP (P of)
				 (NP (NS garterys)))))
		     (, ,)
		     (RRC (VAG bryngyng)
			  (RP yn)
			  (NP-OB1 (NPR Kyng)
				  (NPR Harry)
				  (NP-PRN (D the) (ADJ vj=te=)))
			  (PP (P yn)
			      (NP (D the) (ADJ same) (N sute)))
			  (, ,)
			  (PP (P whythe)
			      (NP (D thys)
				  (N reson)
				  (ADJP (ADJ imperyalle)))))))
      (. :))
  (ID CMGREGOR,169.979))

/~*
Quynsys in composte. Blaundsore. Veneson rostyde. Egretys. Curlewys rostyde.
Wodekocke. Ploverys. Quaylys. Snytys. Grete bryddys. Larkys. Grete crabbys.
Lesche i-made as vyolet colourys. Bakemetes. Chekynnys, i-pouderyde with
losyngys, gylte whythe the flourys of borage. Frytoure cryspe. A sotelte, -
Owre Lady syttynge, and hyr Chylde in hyr lappe, holdyng in every honde a
crowne, Syn Gorge knelyng on that one syde and Synt Denys in that othyr syde,
and they ij presentyng the kynge to owre Lady whythe thys reson:
(CMGREGOR,170.985)
*~/
/*
174 VAG:  174 VAG, 175 syttynge, 173 RRC
174 VAG:  174 VAG, 175 syttynge, 172 RRC
197 VAG:  197 VAG, 198 holdyng, 196 RRC
*/

( (NP (NP (NS Quynsys)
	  (PP (P in)
	      (NP (N composte))))
      (, .)
      (CONJP (NP (N Blaundsore)))
      (, .)
      (CONJP (NP (N Veneson)
		 (RRC (VAN rostyde))))
      (, .)
      (CONJP (NP (NS Egretys)))
      (, .)
      (CONJP (NP (NS Curlewys)
		 (RRC (VAN rostyde))))
      (, .)
      (CONJP (NP (N Wodekocke)))
      (, .)
      (CONJP (NP (NS Ploverys)))
      (, .)
      (CONJP (NP (NS Quaylys)))
      (, .)
      (CONJP (NP (NS Snytys)))
      (, .)
      (CONJP (NP (ADJ Grete) (NS bryddys)))
      (, .)
      (CONJP (NP (NS Larkys)))
      (, .)
      (CONJP (NP (ADJ Grete) (NS crabbys)))
      (, .)
      (CONJP (NP (N Lesche)
		 (RRC (VAN i-made)
		      (PP (P as)
			  (NP (ADJ vyolet) (NS colourys))))))
      (, .)
      (CONJP (NP (NS Bakemetes)))
      (, .)
      (CONJP (NP (NS Chekynnys)
		 (, ,)
		 (RRC (VAN i-pouderyde)
		      (PP (P with)
			  (NP (NS losyngys))))
		 (, ,)
		 (RRC (VAN gylte)
		      (PP (P whythe)
			  (NP (D the)
			      (NS flourys)
			      (PP (P of)
				  (NP (N borage))))))))
      (, .)
      (CONJP (NP (N Frytoure)
		 (ADJP (ADJ cryspe))))
      (, .)
      (CONJP (NP (D A)
		 (N sotelte)
		 (, ,)
		 (, -)
		 (NP-PRN (PRO$ Owre)
			 (N Lady)
			 (RRC (RRC (VAG syttynge))
			      (, ,)
			      (CONJP (CONJ and)
				     (NP (PRO$ hyr)
					 (N Chylde)
					 (PP (P in)
					     (NP (PRO$ hyr) (N lappe))))))
			 (, ,)
			 (RRC (VAG holdyng)
			      (PP (P in)
				  (NP (Q every) (N honde)))
			      (NP-OB1 (D a) (N crowne)))
			 (, ,)
			 (IP-ABS (IP-ABS-1 (NPR Syn)
					   (NPR Gorge)
					   (VAG knelyng)
					   (PP (P on)
					       (NP (D that) (ONE one) (N syde))))
				 (CONJP (CONJ and)
					(IP-ABS=1 (NP-SBJ (NPR Synt) (NPR Denys))
						  (PP (P in)
						      (NP (D that) (OTHER othyr) (N syde)))))
				 (, ,)
				 (CONJP (CONJ and)
					(IP-ABS (NP-SBJ (PRO they) (NUM ij))
						(VAG presentyng)
						(NP-OB1 (D the) (N kynge))
						(PP (P to)
						    (NP (PRO$ owre) (NPR Lady)))
						(PP (P whythe)
						    (NP (D thys) (N reson)))))))))
      (. :))
  (ID CMGREGOR,170.985))

/~*
and hyt duryd unto the xxiij day of Feverer nexte folowynge.
(CMGREGOR,171.990)
*~/
/*
29 VAG:  29 VAG, 30 folowynge, 25 RRC
*/

( (IP-MAT (CONJ and)
	  (NP-SBJ (PRO hyt))
	  (VBD duryd)
	  (PP (P unto)
	      (NP (D the)
		  (NUM xxiij)
		  (N day)
		  (PP (P of)
		      (NP (NPR Feverer)))
		  (RRC (ADVP (ADV nexte))
		       (VAG folowynge))))
	  (. .))
  (ID CMGREGOR,171.990))

/~*
And whenne the kynge come to Londyn Brygge there was made a towre, and there
yn stondynge a gyaunte welle arayde and welle be-sene, whythe a swerde
holdynge uppe on hye, sayynge thys reson in Latyn,
(CMGREGOR,173.1056)
*~/
/*
85 VAG:  85 VAG, 86 holdynge, 84 RRC
*/

( (IP-MAT (IP-MAT-1 (CONJ And)
		    (PP (P whenne)
			(CP-ADV (C 0)
				(IP-SUB (NP-SBJ (D the) (N kynge))
					(VBD come)
					(PP (P to)
					    (NP (NPR Londyn) (NPR Brygge))))))
		    (NP-SBJ-2 (EX there))
		    (BED was)
		    (VAN made)
		    (NP-2 (D a) (N towre)))
	  (, ,)
	  (CONJP (CONJ and)
		 (IP-MAT=1 (PP (ADVP (ADV there))
			       (P yn))
			   (VAG stondynge)
			   (NP-SBJ (D a)
				   (N gyaunte)
				   (RRC (RRC (ADVP (ADV welle))
					     (VAN arayde))
					(CONJP (CONJ and)
					       (RRC (ADVP (ADV welle))
						    (VAN be-sene))))
				   (, ,)
				   (PP (P whythe)
				       (NP (D a)
					   (N swerde)
					   (RRC (VAG holdynge)
						(RP uppe)
						(PP (P on)
						    (ADJP (ADJ hye)))))))
			   (, ,)
			   (IP-PPL (VAG sayynge)
				   (NP-OB1 (D thys) (N reson))
				   (PP (P in)
				       (NP (NPR Latyn))))))
	  (. ,))
  (ID CMGREGOR,173.1056))

/~*
fyrste, Nature; the secunde, Grace; the thyrde, Fortune, presentyng hym whythe
gyftys of grace.
(CMGREGOR,173.1060)
*~/
/*
42 VAG:  42 VAG, 43 presentyng, 41 RRC
*/

( (IP-MAT (IP-MAT-1 (NP-SBJ (ADJ fyrste))
		    (BEP *)
		    (, ,)
		    (NP-OB1 (NPR Nature)))
	  (, ;)
	  (IP-MAT=1 (NP-SBJ (D the) (ADJ secunde))
		    (, ,)
		    (NP-OB1 (NPR Grace)))
	  (, ;)
	  (IP-MAT=1 (NP-SBJ (D the) (ADJ thyrde))
		    (, ,)
		    (NP-OB1 (NPR Fortune)
			    (, ,)
			    (RRC (VAG presentyng)
				 (NP-OB1 (PRO hym))
				 (PP (P whythe)
				     (NP (NS gyftys)
					 (PP (P of)
					     (NP (N grace))))))))
	  (. .))
  (ID CMGREGOR,173.1060))

/~*
ande on the lyfte syde sate the lady of Troughthe, and the lady of Clennysse
hem inbrasyng with Reson.
(CMGREGOR,174.1071)
*~/
/*
48 VAG:  48 VAG, 49 inbrasyng, 44 RRC
*/

( (IP-MAT (CONJ ande)
	  (PP (P on)
	      (NP (D the) (ADJ lyfte) (N syde)))
	  (VBD sate)
	  (NP-SBJ (NP (D the)
		      (N lady)
		      (PP (P of)
			  (NP (N Troughthe))))
		  (, ,)
		  (CONJP (CONJ and)
			 (NP (D the)
			     (N lady)
			     (PP (P of)
				 (NP (N Clennysse)))
			     (RRC (NP-OB1 (PRO hem))
				  (VAG inbrasyng)
				  (PP (P with)
				      (NP (N Reson)))))))
	  (. .))
  (ID CMGREGOR,174.1071))

/~*
There stode a ryalle castelle of jasper grene, and there yn ij grene treys
stondyng uppe ryght, shewyng the ryght tytyllys of the Kyng of Inglond and of
Fraunce, convaying fro Synt Edwarde and Synt Lowys be kyngys unto the tyme of
Kyng Harry the vj=te=, every kynge stondynge whythe hys cote armowre, sum
lyberdys and sum flouredelysse;
(CMGREGOR,175.1080)
*~/
/*
46 VAG:  46 VAG, 47 stondyng, 45 RRC
57 VAG:  57 VAG, 58 shewyng, 56 RRC
95 VAG:  95 VAG, 96 convaying, 94 RRC
149 VAG:  149 VAG, 150 stondynge, 94 RRC
*/

( (IP-MAT (IP-MAT-1 (ADVP-LOC (ADV There))
		    (NP-SBJ-2 *exp*)
		    (VBD stode)
		    (NP-2 (D a)
			  (ADJ ryalle)
			  (N castelle)
			  (PP (P of)
			      (NP (N jasper)
				  (ADJP (ADJ grene))))))
	  (, ,)
	  (CONJP (CONJ and)
		 (IP-MAT=1 (PP (ADVP (ADV there))
			       (P yn))
			   (NP-SBJ (NUM ij)
				   (ADJ grene)
				   (NS treys)
				   (RRC (VAG stondyng)
					(ADJP-SPR (ADJ (ADJ21 uppe) (ADJ22 ryght))))
				   (, ,)
				   (RRC (VAG shewyng)
					(NP-OB1 (D the)
						(ADJ ryght)
						(NS tytyllys)
						(PP (P of)
						    (NP (D the)
							(N Kyng)
							(PP (PP (P of)
								(CODE <P_175>)
								(NP (NPR Inglond)))
							    (CONJP (CONJ and)
								   (PP (P of)
								       (NP (NPR Fraunce)))))))))
				   (, ,)
				   (RRC (VAG convaying)
					(PP (P fro)
					    (NP (NP (NPR Synt) (NPR Edwarde))
						(CONJP (CONJ and)
						       (NP (NPR Synt) (NPR Lowys)))))
					(PP (P be)
					    (NP (NS kyngys)
						(PP (P unto)
						    (NP (D the)
							(N tyme)
							(PP (P of)
							    (NP (NPR Kyng)
								(NPR Harry)
								(NP-PRN (D the) (ADJ vj=te=))))))))
					(, ,)
					(NP-OB1 (Q every) (N kynge))
					(IP-PPL (VAG stondynge)
						(PP (P whythe)
						    (NP (NP (PRO$ hys) (N cote) (N armowre))
							(, ,)
							(CONJP (NP (Q sum) (NS lyberdys)))
							(CONJP (CONJ and)
							       (NP (Q sum) (NS flouredelysse))))))))))
	  (. ;))
  (ID CMGREGOR,175.1080))

/~*
And there was a ryalle mageste of the Trynyte, fulle of angelys syngyng
hevynly songys, blessynge ande halowynge the kyngys whythe thes resonys in
Latyn wrytyn:
(CMGREGOR,175.1083)
*~/
/*
36 VAG:  36 VAG, 37 syngyng, 35 RRC
47 VAG:  47 VAG, 48 blessynge, 45 RRC
51 VAG:  51 VAG, 52 halowynge, 45 RRC
*/

( (IP-MAT (CONJ And)
	  (NP-SBJ-1 (EX there))
	  (BED was)
	  (NP-1 (D a)
		(ADJ ryalle)
		(N mageste)
		(PP (P of)
		    (NP (D the) (NPR Trynyte)))
		(, ,)
		(ADJP (ADJ fulle)
		      (PP (P of)
			  (NP (NS angelys)
			      (RRC (VAG syngyng)
				   (NP-OB1 (ADJ hevynly) (NS songys)))
			      (, ,)
			      (RRC (VAG (VAG blessynge) (CONJ ande) (VAG halowynge))
				   (NP-OB1 (D the) (NS kyngys))
				   (PP (P whythe)
				       (NP (D thes)
					   (NS resonys)
					   (RRC (PP (P in)
						    (NP (NPR Latyn)))
						(VAN wrytyn)))))))))
	  (. :))
  (ID CMGREGOR,175.1083))

/~*
and on the nexte day folowynge the mayre and the aldyrmen whythe a certayne
comeners that were worthy men, and they presentyde the kynge whythe an hampyr
of sylvyr and gylte, whythe a M=l= =li= there yn of nobellys, &c.
(CMGREGOR,175.1091)
*~/
/*
15 VAG:  15 VAG, 16 folowynge, 14 RRC
*/

( (IP-MAT (CONJ and)
	  (PP (P on)
	      (NP (D the)
		  (ADJ nexte)
		  (N day)
		  (RRC (VAG folowynge))))
	  (NP-LFD (NP (D the) (N mayre))
		  (CONJP (CONJ and)
			 (NP (D the) (NS aldyrmen)))
		  (PP (P whythe)
		      (NP (D a)
			  (ADJ certayne)
			  (NS comeners)
			  (CP-REL (WNP-1 0)
				  (C that)
				  (IP-SUB (NP-SBJ *T*-1)
					  (BED were)
					  (NP-OB1 (ADJ worthy) (NS men)))))))
	  (, ,)
	  (CONJ and)
	  (NP-SBJ-RSP (PRO they))
	  (VBD presentyde)
	  (NP-OB1 (D the) (N kynge))
	  (PP (P whythe)
	      (NP (D an)
		  (N hampyr)
		  (PP (P of)
		      (NP (N sylvyr) (CONJ and) (N gylte)))
		  (, ,)
		  (PP (P whythe)
		      (NP (NUMP (D a) (NUM M=l=) (NUM =li=))
			  (PP (ADVP (ADV there))
			      (P yn))
			  (PP (P of)
			      (NP (NS nobellys)))))))
	  (, ,)
	  (LATIN (FW &c))
	  (. .))
  (ID CMGREGOR,175.1091))

/~*
and that duryd unto the xvj day of Juylle nexte followynge.
(CMGREGOR,175.1093)
*~/
/*
29 VAG:  29 VAG, 30 followynge, 25 RRC
*/

( (IP-MAT (CONJ and)
	  (NP-SBJ (D that))
	  (VBD duryd)
	  (PP (P unto)
	      (NP (D the)
		  (NUM xvj)
		  (N day)
		  (PP (P of)
		      (NP (NPR Juylle)))
		  (RRC (ADVP (ADV nexte))
		       (VAG followynge))))
	  (. .))
  (ID CMGREGOR,175.1093))

/~*
and thenne hyt was enjornyde unto Syntte Edwarde ys day nexte folowynge;
(CMGREGOR,176.1118)
*~/
/*
31 VAG:  31 VAG, 32 folowynge, 27 RRC
*/

( (IP-MAT (CONJ and)
	  (ADVP-TMP (ADV thenne))
	  (NP-SBJ (PRO hyt))
	  (BED was)
	  (VAN enjornyde)
	  (PP (P unto)
	      (NP (NP-POS (NPR Syntte) (NPR Edwarde) ($ ys))
		  (NPR day)
		  (RRC (ADVP (ADV nexte))
		       (VAG folowynge))))
	  (. ;))
  (ID CMGREGOR,176.1118))

/~*
Ande that same yere apperyde stella comata, othyr wyse namyde a blasynge
starre, yn the sowthe weste, etc.
(CMGREGOR,177.1125)
*~/
/*
35 VAG:  35 VAG, 36 blasynge, 21 RRC
*/

( (IP-MAT (CONJ Ande)
	  (NP-TMP (D that) (ADJ same) (N yere))
	  (VBD apperyde)
	  (NP-SBJ (LATIN (FW stella) (FW comata))
		  (, ,)
		  (RRC (NP-ADV (OTHER othyr) (N wyse))
		       (VAN namyde)
		       (IP-SMC (NP-SBJ *)
			       (NP-OB1 (D a) (VAG blasynge) (N starre)))))
	  (, ,)
	  (PP (P yn)
	      (NP (D the) (N sowthe) (N weste)))
	  (, ,)
	  (LATIN (FW etc))
	  (. .))
  (ID CMGREGOR,177.1125))

/~*
Ande that same yere there was a grete wyntyr and a colde froste, that duryd
fro Syn Kateryns day to Synt Valentynys day next sewynge, soo that noo schippe
myght passe; wherefore the vyntage come by londe ynne cartys unto London fro
the Downys, thoroughe Kent and ovyr Scheters Hylle,
(CMGREGOR,178.1151)
*~/
/*
72 VAG:  72 VAG, 73 sewynge, 68 RRC
*/

( (IP-MAT (CONJ Ande)
	  (NP-TMP (D that) (ADJ same) (N yere))
	  (NP-SBJ-1 (EX there))
	  (BED was)
	  (NP-1 (NP (D a) (ADJ grete) (N wyntyr))
		(CONJP (CONJ and)
		       (NP (D a) (ADJ colde) (N froste)))
		(, ,)
		(CP-REL (WNP-2 0)
			(C that)
			(IP-SUB (NP-SBJ *T*-2)
				(VBD duryd)
				(PP (P fro)
				    (NP (NP-POS (NPR Syn) (NPR$ Kateryns))
					(NPR day)))
				(PP (P to)
				    (NP (NP-POS (NPR Synt) (NPR$ Valentynys))
					(NPR day)
					(RRC (ADVP (ADV next))
					     (VAG sewynge)))))))
	  (, ,)
	  (PP (P soo)
	      (CP-ADV (C that)
		      (IP-SUB (NP-SBJ (Q noo) (N schippe))
			      (MD myght)
			      (VB passe))))
	  (, ;)
	  (CP-CAR (WPP-3 (WADV+P wherefore))
		  (C 0)
		  (IP-SUB (PP *T*-3)
			  (NP-SBJ (D the) (N vyntage))
			  (VBD come)
			  (PP (P by)
			      (NP (N londe)))
			  (PP (P ynne)
			      (NP (NS cartys)))
			  (PP (P unto)
			      (NP (NPR London)))
			  (PP (P fro)
			      (NP (D the) (NPR Downys)))
			  (, ,)
			  (PP (PP (P thoroughe)
				  (NP (NPR Kent)))
			      (CONJP (CONJ and)
				     (PP (P ovyr)
					 (NP (NPR$ Scheters) (NPR Hylle)))))))
	  (. ,))
  (ID CMGREGOR,178.1151))

/~*
And that yere the kyng hylde a Parlyment at Westemyster, that duryd fro
Mychellemasse unto the Feste of Crystysmas next folowynge.
(CMGREGOR,178.1154)
*~/
/*
66 VAG:  66 VAG, 67 folowynge, 62 RRC
*/

( (IP-MAT (CONJ And)
	  (NP-TMP (D that) (N yere))
	  (NP-SBJ (D the) (N kyng))
	  (VBD hylde)
	  (NP-OB1 (D a)
		  (N Parlyment)
		  (CP-REL *ICH*-1))
	  (PP (P at)
	      (NP (NPR Westemyster)))
	  (, ,)
	  (CP-REL-1 (WNP-2 0)
		    (C that)
		    (IP-SUB (NP-SBJ *T*-2)
			    (VBD duryd)
			    (NP-MSR (PP (P fro)
					(NP (NPR Mychellemasse)))
				    (PP (P unto)
					(NP (D the)
					    (N Feste)
					    (PP (P of)
						(NP (NPR Crystysmas)))
					    (RRC (ADVP (ADV next))
						 (VAG folowynge)))))))
	  (. .))
  (ID CMGREGOR,178.1154))

/~*
and the xj day of Auguste thenne next folowynge she toke +te way to the
castelle of Lesnes.
(CMGREGOR,184.1299)
*~/
/*
24 VAG:  24 VAG, 25 folowynge, 17 RRC
*/

( (IP-MAT (CONJ and)
	  (NP-TMP (D the)
		  (NUM xj)
		  (N day)
		  (PP (P of)
		      (NP (NPR Auguste)))
		  (RRC (ADVP-TMP (ADV thenne))
		       (ADVP (ADV next))
		       (VAG folowynge)))
	  (NP-SBJ (PRO she))
	  (VBD toke)
	  (NP-OB1 (D +te)
		  (N way)
		  (CODE <P_184>)
		  (PP (P to)
		      (NP (D the)
			  (N castelle)
			  (PP (P of)
			      (NP (NPR Lesnes))))))
	  (. .))
  (ID CMGREGOR,184.1299))

/~*
Ande in that same yere the Lady of Glouceter for the same treson she was
juggyde by the spyrytualle lawe to iij sondyr or dyvers placys, that ys to
wete, on Mondaye, the xiij daye of Novembyr, to Powlys; and on the Wanysday
i-sygnyd unto Crychyrche; and on the Fryday nexte folowyng to Synt Mychellys
in Cornehylle.
(CMGREGOR,184.1308)
*~/
/*
153 VAG:  153 VAG, 154 folowyng, 149 RRC
*/

( (IP-MAT (CONJ Ande)
	  (PP (P in)
	      (NP (D that) (ADJ same) (N yere)))
	  (NP-LFD (D the)
		  (N Lady)
		  (PP (P of)
		      (NP (NPR Glouceter))))
	  (PP (P for)
	      (NP (D the) (ADJ same) (N treson)))
	  (NP-SBJ-RSP (PRO she))
	  (BED was)
	  (VAN juggyde)
	  (PP (P by)
	      (NP (D the) (ADJ spyrytualle) (N lawe)))
	  (PP (P to)
	      (NP (NUM iij)
		  (ADJP (ADJ sondyr) (CONJ or) (ADJ dyvers))
		  (NS placys)
		  (, ,)
		  (IP-MAT-PRN (NP-SBJ (D that))
			      (BEP ys)
			      (IP-INF (TO to)
				      (VB wete)
				      (, ,)
				      (FRAG (FRAG (PP (P on)
						      (NP (NPR Mondaye)
							  (, ,)
							  (NP-PRN (D the)
								  (NUM xiij)
								  (N daye)
								  (PP (P of)
								      (NP (NPR Novembyr))))))
						  (, ,)
						  (PP (P to)
						      (NP (NPR$ Powlys))))
					    (, ;)
					    (CONJP (CONJ and)
						   (FRAG (PP (P on)
							     (NP (D the) (NPR Wanysday)))
							 (VAN i-sygnyd)
							 (PP (P unto)
							     (NP (NPR Crychyrche)))))
					    (, ;)
					    (CONJP (CONJ and)
						   (FRAG (PP (P on)
							     (NP (D the)
								 (NPR Fryday)
								 (RRC (ADVP (ADV nexte))
								      (VAG folowyng))))
							 (PP (P to)
							     (NP (NP-POS (NPR Synt) (NPR$ Mychellys))))
							 (PP (P in)
							     (NP (NPR Cornehylle))))))))))
	  (. .))
  (ID CMGREGOR,184.1308))

/~*
And on the Satyrday next folowyng was Roger Bulbroke hanggyde, and drawe, and
quarteryde at Tyburne.
(CMGREGOR,184.1309)
*~/
/*
16 VAG:  16 VAG, 17 folowyng, 12 RRC
*/

( (IP-MAT (CONJ And)
	  (PP (P on)
	      (NP (D the)
		  (NPR Satyrday)
		  (RRC (ADVP (ADV next))
		       (VAG folowyng))))
	  (BED was)
	  (NP-SBJ (NPR Roger) (NPR Bulbroke))
	  (VAN (VAN hanggyde) (, ,) (CONJ and) (VAN drawe) (, ,) (CONJ and) (VAN quarteryde))
	  (PP (P at)
	      (NP (NPR Tyburne)))
	  (. .))
  (ID CMGREGOR,184.1309))

/~*
Ande in the monythe of Juylle next folowynge there come owte of Fraunce a
grette enbasset of lordys to trete by-twyne ij realmys of Ingelonde and of
Fraunce and for dyvers contreys to hem, &c.
(CMGREGOR,186.1361)
*~/
/*
22 VAG:  22 VAG, 23 folowynge, 18 RRC
*/

( (IP-MAT (CONJ Ande)
	  (PP (P in)
	      (NP (D the)
		  (N monythe)
		  (PP (P of)
		      (NP (NPR Juylle)))
		  (RRC (ADVP (ADV next))
		       (VAG folowynge))))
	  (NP-SBJ-1 (EX there))
	  (VBD come)
	  (PP (RP owte)
	      (P of)
	      (NP (NPR Fraunce)))
	  (NP-1 (D a)
		(ADJ grette)
		(N enbasset)
		(PP (P of)
		    (NP (NS lordys))))
	  (IP-INF-PRP (IP-INF-PRP-2 (TO to)
				    (VB trete)
				    (PP (PP (P by-twyne)
					    (NP (NUM ij)
						(NS realmys)
						(PP (PP (P of)
							(NP (NPR Ingelonde)))
						    (CONJP (CONJ and)
							   (PP (P of)
							       (NP (NPR Fraunce)))))))))
		      (CONJP (CONJ and)
			     (IP-INF-PRP=2 (PP (P for)
					       (NP (ADJ dyvers) (NS contreys)))
					   (PP (P to)
					       (NP (PRO hem))))))
	  (, ,)
	  (LATIN (FW &c))
	  (. .))
  (ID CMGREGOR,186.1361))

/~*
and lay stylle in the fylde alle that day and that nyght next folowynge.
(CMGREGOR,187.1388)
*~/
/*
39 VAG:  39 VAG, 40 folowynge, 35 RRC
*/

( (IP-MAT (CONJ and)
	  (NP-SBJ *con*)
	  (VBD lay)
	  (ADJP-SPR (ADJ stylle))
	  (PP (P in)
	      (NP (D the) (N fylde)))
	  (NP-MSR (NP-MSR (Q alle) (D that) (N day))
		  (CONJP (CONJ and)
			 (NP-MSR (D that)
				 (N nyght)
				 (RRC (ADVP (ADV next))
				      (VAG folowynge)))))
	  (. .))
  (ID CMGREGOR,187.1388))

/~*
And uppon the Thursseday next folowynge he dyssesyd
(CMGREGOR,188.1395)
*~/
/*
16 VAG:  16 VAG, 17 folowynge, 12 RRC
*/

( (IP-MAT (CONJ And)
	  (PP (P uppon)
	      (NP (D the)
		  (NPR Thursseday)
		  (RRC (ADVP (ADV next))
		       (VAG folowynge))))
	  (NP-SBJ (PRO he))
	  (VBD dyssesyd))
  (ID CMGREGOR,188.1395))

/~*
Ande uppon Ester nexte folowynge, Harry Byschoppe of Wynchester and Cardynalle,
and lythe enteryde at Wynchester.
(CMGREGOR,188.1398)
*~/
/*
14 VAG:  14 VAG, 15 folowynge, 10 RRC
*/

( (IP-MAT (CONJ Ande)
	  (PP (P uppon)
	      (NP (NPR Ester)
		  (RRC (ADVP (ADV nexte))
		       (VAG folowynge))))
	  (, ,)
	  (NP-SBJ (NPR Harry)
		  (NP-PRN (NP (N Byschoppe)
			      (PP (P of)
				  (NP (NPR Wynchester))))
			  (CONJP (CONJ and)
				 (NP (NPR Cardynalle)))))
	  (, ,)
	  (CONJ and)
	  (VBP lythe)
	  (IP-PPL (VAN enteryde))
	  (PP (P at)
	      (NP (NPR Wynchester)))
	  (. .))
  (ID CMGREGOR,188.1398))

/~*
And on Fryday the xiiij day of Juylle nexte folowynge by jugement at
Westemyster, there by fore v personys were dampnyd to be drawe, hanggyd, and
hyr bowellys i-brente by fore hem, and thenne hyr heddys to ben smetyn of,
ande thenne to be quarteryde, and every parte to be sende unto dyvers placys
by assygnement of the jugys. Whyche personys were thes: Arteys the bastarde of
the sayde Duke of Glouceter, Syr Rogger Chambyrlayne knyght, Mylton squyer,
Thomas Harberde squyer, Nedam yeman, whyche were the sayde xiiij day of Juylle
i-drawe fro Syn Gorgys thoroughe owte Sowthewerke and on Londyn Brygge, ande
so forthe thorowe the cytte of London to the Tyborne,
(CMGREGOR,188.1400)
*~/
/*
27 VAG:  27 VAG, 28 folowynge, 23 RRC
*/

( (IP-MAT (CONJ And)
	  (PP (P on)
	      (NP (NPR Fryday)
		  (NP-PRN (D the)
			  (NUM xiiij)
			  (N day)
			  (PP (P of)
			      (NP (NPR Juylle))))
		  (RRC (ADVP (ADV nexte))
		       (VAG folowynge))))
	  (PP (P by)
	      (NP (N jugement)))
	  (PP (P at)
	      (NP (NPR Westemyster)))
	  (, ,)
	  (PP (ADVP (ADV there))
	      (P (P21 by) (P22 fore)))
	  (NP-SBJ (NUM v) (NS personys))
	  (BED were)
	  (VAN dampnyd)
	  (IP-INF (IP-INF (IP-INF-1 (TO to)
				    (BE be)
				    (VAN (VAN drawe)))
			  (, ,)
			  (CONJP (IP-INF=1 (VAN hanggyd)))
			  (, ,)
			  (CONJP (CONJ and)
				 (IP-INF=1 (NP-SBJ (PRO$ hyr) (NS bowellys))
					   (VAN i-brente)
					   (PP (P (P21 by) (P22 fore))
					       (NP (PRO hem))))))
		  (, ,)
		  (CONJP (CONJ and)
			 (IP-INF (ADVP-TMP (ADV thenne))
				 (NP-SBJ (PRO$ hyr) (NS heddys))
				 (TO to)
				 (BE ben)
				 (VAN smetyn)
				 (RP of)))
		  (, ,)
		  (CONJP (CONJ ande)
			 (IP-INF (ADVP-TMP (ADV thenne))
				 (TO to)
				 (BE be)
				 (VAN quarteryde)))
		  (, ,)
		  (CONJP (CONJ and)
			 (IP-INF (NP-SBJ (Q every) (N parte))
				 (TO to)
				 (BE be)
				 (VAN sende)
				 (PP (P unto)
				     (NP (ADJ dyvers) (NS placys)))
				 (PP (P by)
				     (NP (N assygnement)
					 (PP (P of)
					     (NP (D the) (NS jugys))))))))
	  (, .)
	  (CP-CAR (WNP-2 (WD Whyche) (NS personys))
		  (C 0)
		  (IP-SUB (NP-SBJ *T*-2)
			  (BED were)
			  (NP-OB1 (D thes)
				  (, :)
				  (NP-PRN (NP (NPR Arteys)
					      (NP-PRN (D the)
						      (N bastarde)
						      (PP (P of)
							  (NP (D the)
							      (VAN sayde)
							      (N Duke)
							      (PP (P of)
								  (NP (NPR Glouceter)))))))
					  (, ,)
					  (CONJP (NP (NPR Syr)
						     (NPR Rogger)
						     (NPR Chambyrlayne)
						     (NP-PRN (N knyght))))
					  (, ,)
					  (CONJP (NP (NPR Mylton)
						     (NP-PRN (N squyer))))
					  (, ,)
					  (CONJP (NP (NPR Thomas)
						     (NPR Harberde)
						     (NP-PRN (N squyer))))
					  (, ,)
					  (CONJP (NP (NPR Nedam)
						     (NP-PRN (N+N yeman)))))
				  (, ,)
				  (CP-REL (WNP-3 (WPRO whyche))
					  (C 0)
					  (IP-SUB (IP-SUB-4 (NP-SBJ *T*-3)
							    (BED were)
							    (NP-TMP (D the)
								    (VAN sayde)
								    (NUM xiiij)
								    (N day)
								    (PP (P of)
									(NP (NPR Juylle))))
							    (VAN i-drawe)
							    (PP (P fro)
								(NP (NP-POS (NPR Syn) (NPR$ Gorgys))))
							    (PP (PP (P (P21 thoroughe) (P21 owte))
								    (NP (NPR Sowthewerke)))
								(CONJP (CONJ and)
								       (PP (P on)
									   (NP (NPR Londyn) (NPR Brygge))))))
						  (, ,)
						  (CONJP (CONJ ande)
							 (IP-SUB=4 (ADVP (ADV so) (ADV forthe))
								   (PP (P thorowe)
								       (NP (D the)
									   (N cytte)
									   (PP (P of)
									       (NP (NPR London)))))
								   (PP (P to)
								       (NP (D the) (NPR Tyborne))))))))))
	  (. ,))
  (ID CMGREGOR,188.1400))

/~*
and yn that schyppe soo beyng in the see they smote of hys hedde of the fore
sayde Duke of Sowthefolke,
(CMGREGOR,190.1432)
*~/
/*
16 BAG:  16 BAG, 17 beyng, 12 RRC
*/

( (IP-MAT (CONJ and)
	  (PP (P yn)
	      (NP (D that)
		  (N schyppe)
		  (RRC (ADVP (ADV soo))
		       (BAG beyng)
		       (PP (P in)
			   (NP (D the) (N see))))))
	  (NP-SBJ (PRO they))
	  (VBD smote)
	  (RP of)
	  (NP-OB1 (PRO$ hys) (N hedde))
	  (PP (P of)
	      (NP (D the)
		  (VAN (VAN21 fore) (VAN22 sayde))
		  (N Duke)
		  (PP (P of)
		      (NP (NPR Sowthefolke)))))
	  (. ,))
  (ID CMGREGOR,190.1432))

/~*
The captayne of hem sendyng worde agayne unto the kynge, that hyt was for the
wele of hym oure soverayne lorde, and of alle the realme, and for to dystrye
the traytours beyng a-boute hym, whythe othyr dyvers poyntys that they wolde
see that hyt were in schorte tyme a-mendyde. Uppon whyche answere that the
kyng, thedyr sent by hys lordys, dyd make a crye in the kyngys name of
Engelonde that alle the kyngys lege men of Engelonde shulde a-voyde the fylde.
(CMGREGOR,191.1445)
*~/
/*
96 BAG:  96 BAG, 97 beyng, 95 RRC
*/

( (IP-ABS (NP-SBJ (D The)
		  (N captayne)
		  (PP (P of)
		      (NP (PRO hem))))
	  (VAG sendyng)
	  (NP-OB1 (N worde))
	  (ADVP (ADV agayne))
	  (PP (P unto)
	      (NP (D the) (N kynge)))
	  (, ,)
	  (CP-THT (C that)
		  (IP-SUB (NP-SBJ (PRO hyt))
			  (BED was)
			  (PP (PP (P for)
				  (NP (D the)
				      (N wele)
				      (PP (PP (P of)
					      (NP (PRO hym)
						  (NP-PRN (PRO$ oure) (ADJ soverayne) (N lorde))))
					  (, ,)
					  (CONJP (CONJ and)
						 (PP (P of)
						     (NP (Q alle) (D the) (N realme)))))))
			      (, ,)
			      (CONJP (CONJ and)
				     (IP-INF (FOR for)
					     (TO to)
					     (VB dystrye)
					     (NP-OB1 (D the)
						     (NS traytours)
						     (RRC (BAG beyng)
							  (PP (P a-boute)
							      (NP (PRO hym))))))))))
	  (, ,)
	  (PP (P whythe)
	      (NP (OTHER othyr) (ADJ dyvers) (NS poyntys)))
	  (CP-ADV (C that)
		  (IP-SUB (NP-SBJ (PRO they))
			  (MD wolde)
			  (VB see)
			  (CP-THT (C that)
				  (IP-SUB (NP-SBJ (PRO hyt))
					  (BED were)
					  (PP (P in)
					      (NP (ADJ schorte) (N tyme)))
					  (VAN a-mendyde)))))
	  (, .)
	  (CP-CAR (WPP-1 (P Uppon)
			 (WNP (WD whyche) (N answere)))
		  (C that)
		  (IP-SUB (PP *T*-1)
			  (NP-SBJ (D the) (N kyng))
			  (, ,)
			  (IP-PPL (ADVP-DIR (ADV thedyr))
				  (VAN sent)
				  (PP (P by)
				      (NP (PRO$ hys) (NS lordys))))
			  (, ,)
			  (DOD dyd)
			  (IP-INF (NP-SBJ *arb*)
				  (VB make)
				  (NP-OB1 (D a) (N crye))
				  (PP (P in)
				      (NP (NP-POS (D the)
						  (N$ kyngys)
						  (PP *ICH*-2))
					  (N name)
					  (PP-2 (P of)
						(NP (NPR Engelonde)))))
				  (CP-THT (C that)
					  (IP-SUB (NP-SBJ (NP-POS (Q alle)
								  (D the)
								  (CODE <P_191>)
								  (N$ kyngys)
								  (PP *ICH*-3))
							  (ADJ lege)
							  (NS men)
							  (PP-3 (P of)
								(NP (NPR Engelonde))))
						  (MD shulde)
						  (VB a-voyde)
						  (NP-OB1 (D the) (N fylde)))))))
	  (. .))
  (ID CMGREGOR,191.1445))

/~*
and ther Robert Horne beynge alderman was a-restyde and brought in to Newegate.
(CMGREGOR,192.1480)
*~/
/*
14 BAG:  14 BAG, 15 beynge, 13 RRC
*/

( (IP-MAT (IP-MAT-1 (CONJ and)
		    (ADVP-LOC (ADV ther))
		    (NP-SBJ (NPR Robert)
			    (NPR Horne)
			    (RRC (BAG beynge)
				 (NP-OB1 (N alderman))))
		    (BED was)
		    (VAN a-restyde))
	  (CONJP (CONJ and)
		 (IP-MAT=1 (VAN brought)
			   (PP (RP in)
			       (P to)
			       (NP (NPR Newegate)))))
	  (. .))
  (ID CMGREGOR,192.1480))

/~*
and there he lay from Monday at evyn unto the Thursseday nexte folowynge at
evyn;
(CMGREGOR,194.1511)
*~/
/*
37 VAG:  37 VAG, 38 folowynge, 33 RRC
*/

( (IP-MAT (CONJ and)
	  (ADVP-LOC (ADV there))
	  (NP-SBJ (PRO he))
	  (VBD lay)
	  (NP-MSR (PP (P from)
		      (NP (NPR Monday)
			  (PP (P at)
			      (NP (N evyn)))))
		  (PP (P unto)
		      (NP (D the)
			  (NPR Thursseday)
			  (RRC (ADVP (ADV nexte))
			       (VAG folowynge))
			  (PP (P at)
			      (NP (N evyn))))))
	  (. ;))
  (ID CMGREGOR,194.1511))

/~*
and alle hys goode mevabylle was departyde to every man dwellynge there that
any of hys lyflode laye;
(CMGREGOR,194.1516)
*~/
/*
27 VAG:  27 VAG, 28 dwellynge, 26 RRC
*/

( (IP-MAT (CONJ and)
	  (NP-SBJ (Q alle)
		  (PRO$ hys)
		  (N goode)
		  (ADJP (ADJ mevabylle)))
	  (BED was)
	  (VAN departyde)
	  (PP (P to)
	      (NP (Q every)
		  (N man)
		  (RRC (VAG dwellynge)
		       (ADVP-LOC (ADV there)
				 (CP-REL (WADVP-1 0)
					 (C that)
					 (IP-SUB (ADVP-LOC *T*-1)
						 (NP-SBJ (Q any)
							 (PP (P of)
							     (NP (PRO$ hys) (N+N lyflode))))
						 (VBP laye)))))))
	  (. ;))
  (ID CMGREGOR,194.1516))

/~*
And by the kynge and hys counselle a Parlyment was ordaynyde to be-gyn on Syn
Leonarde ys day nexte folowynge.
(CMGREGOR,195.1524)
*~/
/*
52 VAG:  52 VAG, 53 folowynge, 48 RRC
*/

( (IP-MAT (CONJ And)
	  (PP (P by)
	      (NP (NP (D the) (N kynge))
		  (CONJP (CONJ and)
			 (NP (PRO$ hys) (N counselle)))))
	  (NP-SBJ (D a) (N Parlyment))
	  (BED was)
	  (VAN ordaynyde)
	  (IP-INF (TO to)
		  (VB be-gyn)
		  (PP (P on)
		      (NP (NP-POS (NPR Syn) (NPR Leonarde) ($ ys))
			  (NPR day)
			  (RRC (ADVP (ADV nexte))
			       (VAG folowynge)))))
	  (. .))
  (ID CMGREGOR,195.1524))

/~*
and they bare away alle the goodys that were with ynne hem, that ys to say,
Syr Thomas Stodenham, thenne beynge wardroper, Syr Thomas Hoo the Lorde
Hastynge, sum tyme the Chambyrlayne of Normandy.
(CMGREGOR,196.1539)
*~/
/*
67 BAG:  67 BAG, 68 beynge, 63 RRC
*/

( (IP-MAT (CONJ and)
	  (NP-SBJ (PRO they))
	  (VBD bare)
	  (ADVP-DIR (ADV away))
	  (NP-OB1 (Q alle)
		  (D the)
		  (NS goodys)
		  (CP-REL (WNP-1 0)
			  (C that)
			  (IP-SUB (NP-SBJ *T*-1)
				  (BED were)
				  (PP (P (P21 with) (P22 ynne))
				      (NP (PRO hem)))))
		  (, ,)
		  (IP-MAT-PRN (NP-SBJ (D that))
			      (BEP ys)
			      (IP-INF (TO to)
				      (VB say)
				      (, ,)
				      (NP-OB1 (NP (NPR Syr)
						  (NPR Thomas)
						  (NPR Stodenham)
						  (, ,)
						  (RRC (ADVP-TMP (ADV thenne))
						       (BAG beynge)
						       (NP-OB1 (N wardroper))))
					      (, ,)
					      (CONJP (NP (NPR Syr) (NPR Thomas) (NPR Hoo)))
					      (CONJP (NP (D the)
							 (N Lorde)
							 (NPR Hastynge)
							 (, ,)
							 (RRC (NP-TMP (Q sum) (N tyme))
							      (NP (D the)
								  (N Chambyrlayne)
								  (PP (P of)
								      (NP (NPR Normandy)))))))))))
	  (. .))
  (ID CMGREGOR,196.1539))

/~*
And uppon Thursday nexte folowynge the kynge come fro Westemyster, ryddyng
thoroughe London; and whythe the Duke of Yorke, and the moste dele in substans
of alle the lordys in thys londe, with hyr retenowys of fensabylle men; whyche
was a gay and gloryus syght if hit hadde ben in Fraunce, but not in Ingelonde,
(CMGREGOR,196.1545)
*~/
/*
14 VAG:  14 VAG, 15 folowynge, 10 RRC
*/

( (IP-MAT (CONJ And)
	  (PP (P uppon)
	      (NP (NPR Thursday)
		  (RRC (ADVP (ADV nexte))
		       (VAG folowynge))))
	  (NP-SBJ (D the)
		  (N kynge)
		  (PP *ICH*-1))
	  (VBD come)
	  (PP (P fro)
	      (NP (NPR Westemyster)))
	  (, ,)
	  (IP-PPL (VAG ryddyng)
		  (PP (P thoroughe)
		      (NP (NPR London))))
	  (, ;)
	  (CONJ and)
	  (PP-1 (P whythe)
		(NP (NP (D the)
			(N Duke)
			(PP (P of)
			    (NP (NPR Yorke))))
		    (, ,)
		    (CONJP (CONJ and)
			   (NP (D the)
			       (QS moste)
			       (N dele)
			       (PP (P in)
				   (NP (N substans)))
			       (PP (P of)
				   (NP (Q alle)
				       (D the)
				       (NS lordys)
				       (PP (P in)
					   (NP (D thys) (N londe)))
				       (, ,)
				       (PP (P with)
					   (NP (PRO$ hyr)
					       (NS retenowys)
					       (PP (P of)
						   (NP (ADJ fensabylle) (NS men)))))))))))
	  (, ;)
	  (CP-REL (WNP-2 (WPRO whyche))
		  (C 0)
		  (IP-SUB (NP-SBJ *T*-2)
			  (BED was)
			  (NP-OB1 (D a)
				  (ADJP (ADJ gay) (CONJ and) (ADJ gloryus))
				  (N syght))
			  (PP (P if)
			      (CP-ADV (C 0)
				      (IP-SUB (NP-SBJ (PRO hit))
					      (HVD hadde)
					      (BEN ben)
					      (PP (PP (P in)
						      (NP (NPR Fraunce)))
						  (, ,)
						  (CONJP (CONJ but)
							 (PP (NEG not)
							     (P in)
							     (NP (NPR Ingelonde))))))))))
	  (. ,))
  (ID CMGREGOR,196.1545))

/~*
and every man there beyng present prayde for hym.
(CMGREGOR,202.1660)
*~/
/*
13 BAG:  13 BAG, 14 beyng, 9 RRC
*/

( (IP-MAT (CONJ and)
	  (NP-SBJ (Q every)
		  (N man)
		  (RRC (ADVP-1 (ADV there))
		       (BAG beyng)
		       (CODE <P_202>)
		       (ADJP-LOC (ADVP *ICH*-1)
				 (ADJ present))))
	  (VBD prayde)
	  (PP (P for)
	      (NP (PRO hym)))
	  (. .))
  (ID CMGREGOR,202.1660))

/~*
And A B C sayde that they moste nedys se hys sarmon and hys purposse, that he
was a vysyd to say by-fore the kynge the Sonday nexte comynge.
(CMGREGOR,203.1708)
*~/
/*
83 VAG:  83 VAG, 84 comynge, 79 RRC
*/

( (IP-MAT (CONJ And)
	  (NP-SBJ (N A) (N B) (N C))
	  (VBD sayde)
	  (CP-THT (C that)
		  (IP-SUB (NP-SBJ (PRO they))
			  (MD moste)
			  (NP-ADV (N nedys))
			  (VB se)
			  (NP-OB1 (NP (PRO$ hys) (N sarmon))
				  (CONJP (CONJ and)
					 (NP (PRO$ hys) (N purposse)))
				  (, ,)
				  (CP-REL (WNP-1 0)
					  (C that)
					  (IP-SUB (NP-SBJ (PRO he))
						  (BED was)
						  (VAN (VAN21 a) (VAN22 vysyd))
						  (IP-INF (NP-OB1 *T*-1)
							  (TO to)
							  (VB say)
							  (PP (P by-fore)
							      (NP (D the) (N kynge)))
							  (NP-TMP (D the)
								  (NPR Sonday)
								  (RRC (ADVP (ADV nexte))
								       (VAG comynge)))))))))
	  (. .))
  (ID CMGREGOR,203.1708))

/~*
Alle soo thes for sayde lordys come agayne unto Sondewyche the xxj day of June
nexte folowyng.
(CMGREGOR,207.1804)
*~/
/*
45 VAG:  45 VAG, 46 folowyng, 41 RRC
*/

( (IP-MAT (ADVP (Q Alle) (ADV soo))
	  (NP-SBJ (D thes)
		  (VAN (VAN21 for) (VAN22 sayde))
		  (NS lordys))
	  (VBD come)
	  (ADVP (ADV agayne))
	  (PP (P unto)
	      (NP (NPR Sondewyche)))
	  (NP-TMP (D the)
		  (NUM xxj)
		  (N day)
		  (PP (P of)
		      (NP (NPR June)))
		  (RRC (ADVP (ADV nexte))
		       (VAG folowyng)))
	  (. .))
  (ID CMGREGOR,207.1804))

/~*
Then the Quene havynge knowelechynge of thys praty whyle sche sende unto the
Duke of Somersett, at that tyme beynge in Dorset schyre at the Castelle of
Corffe, and for the Erle of Devyschyre, and for Elysaundyr Hody,
(CMGREGOR,209.1878)
*~/
/*
57 BAG:  57 BAG, 58 beynge, 48 RRC
*/

( (IP-MAT (ADVP-TMP (ADV Then))
	  (NP-SBJ (D the) (N Quene))
	  (NP-SPR (HAG havynge)
		  (NP-OB1 (N knowelechynge)
			  (PP (P of)
			      (NP (D thys) (ADJ praty) (N whyle)))))
	  (NP-SBJ-RSP (PRO sche))
	  (VBD sende)
	  (PP (PP (P unto)
		  (NP (D the)
		      (N Duke)
		      (PP (P of)
			  (NP (NPR Somersett)))
		      (, ,)
		      (RRC (PP (P at)
			       (NP (D that) (N tyme)))
			   (BAG beynge)
			   (PP (P in)
			       (NP (NPR Dorset) (NPR schyre)))
			   (PP (P at)
			       (NP (D the)
				   (N Castelle)
				   (PP (P of)
				       (NP (NPR Corffe))))))))
	      (, ,)
	      (CONJP (CONJ and)
		     (PP (P for)
			 (NP (D the)
			     (N Erle)
			     (PP (P of)
				 (NP (NPR Devyschyre))))))
	      (, ,)
	      (CONJP (CONJ and)
		     (PP (P for)
			 (NP (NPR Elysaundyr) (NPR Hody)))))
	  (. ,))
  (ID CMGREGOR,209.1878))

/~*
And the ix day of December nexte folowyng the Duke of Yorke, the Erle of
Salysbury, the Erle Rotlond he was the Duke of Yorke ys secunde sone, one the
beste dysposyd lorde in thys londe, and Syr Thomas Haryngdon, whythe many mo
knyghtys and quyers and grete pepylle with hem, and soo departyd owte of
London towarde Yorke, &c.
(CMGREGOR,210.1890)
*~/
/*
21 VAG:  21 VAG, 22 folowyng, 17 RRC
*/

( (IP-MAT (CONJ And)
	  (NP-TMP (D the)
		  (NUM ix)
		  (N day)
		  (PP (P of)
		      (NP (NPR December)))
		  (RRC (ADVP (ADV nexte))
		       (VAG folowyng)))
	  (NP-SBJ (NP (D the)
		      (N Duke)
		      (PP (P of)
			  (NP (NPR Yorke))))
		  (, ,)
		  (CONJP (NP (D the)
			     (N Erle)
			     (PP (P of)
				 (NP (NPR Salysbury)))))
		  (, ,)
		  (CONJP (NP (D the)
			     (N Erle)
			     (NP-PRN (NPR Rotlond))
			     (CODE <paren>)
			     (IP-MAT-PRN (NP-SBJ (PRO he))
					 (BED was)
					 (NP-OB1 (NP-POS (D the)
							 (N Duke)
							 (PP (P of)
							     (NP (NPR Yorke)))
							 ($ ys))
						 (ADJ secunde)
						 (N sone)
						 (, ,)
						 (NP-PRN (ONE one)
							 (D the)
							 (ADJP (ADVS beste) (VAN dysposyd))
							 (N lorde)
							 (PP (P in)
							     (NP (D thys) (N londe))))))))
		  (CODE <$$paren>)
		  (, ,)
		  (CONJP (CONJ and)
			 (NP (NPR Syr) (NPR Thomas) (NPR Haryngdon)))
		  (, ,)
		  (PP (P whythe)
		      (NP (QP (Q many) (QR mo))
			  (NS knyghtys)
			  (CONJP (CONJ and)
				 (NX (NS quyers)))
			  (CONJP (CONJ and)
				 (NX (ADJ grete) (NS pepylle)))
			  (PP (P with)
			      (NP (PRO hem))))))
	  (, ,)
	  (CONJ and)
	  (ADVP (ADV soo))
	  (VBD departyd)
	  (PP (RP owte)
	      (P of)
	      (NP (NPR London)))
	  (PP (P towarde)
	      (NP (NPR Yorke) (, ,)))
	  (LATIN (FW &c))
	  (. .))
  (ID CMGREGOR,210.1890))

/~*
Alle so Edwarde Erle of Marche, the Duke of Yorke ys sone and heyre, hadde a
gre jornaye at Mortymer ys Crosse in Walys the secunde day of Februar nexte
soo folowynge,
(CMGREGOR,211.1904)
*~/
/*
89 VAG:  89 VAG, 90 folowynge, 82 RRC
*/

( (IP-MAT (ADVP (Q Alle) (ADV so))
	  (NP-SBJ (NPR Edwarde)
		  (NP-PRN (N Erle)
			  (PP (P of)
			      (NP (NPR Marche))))
		  (, ,)
		  (NP-PRN (NP-POS (D the)
				  (N Duke)
				  (PP (P of)
				      (NP (NPR Yorke)))
				  ($ ys))
			  (N sone)
			  (CONJ and)
			  (N heyre)))
	  (, ,)
	  (HVD hadde)
	  (NP-OB1 (D a) (ADJ gre) (N jornaye))
	  (PP (P at)
	      (NP (NP-POS (NPR Mortymer) ($ ys))
		  (NPR Crosse)))
	  (PP (P in)
	      (NP (NPR Walys)))
	  (NP-TMP (D the)
		  (ADJ secunde)
		  (N day)
		  (PP (P of)
		      (NP (NPR Februar)))
		  (RRC (ADVP (ADV nexte))
		       (ADVP (ADV soo))
		       (VAG folowynge)))
	  (. ,))
  (ID CMGREGOR,211.1904))

/~*
Ande the xvij day nexte folowynge Kyng Harry roode to Synt Albonys, and the
Duke of Northefolke with hym, the Erle of Warwycke, the Erle of Arundelle, the
Lorde Bouser, the Lorde Bonvyle, with many grete lordys, knyghtys, and squyers,
and commyns of an c M=l= men.
(CMGREGOR,211.1921)
*~/
/*
15 VAG:  15 VAG, 16 folowynge, 11 RRC
*/

( (IP-MAT (CONJ Ande)
	  (NP-TMP (D the)
		  (NUM xvij)
		  (N day)
		  (RRC (ADVP (ADV nexte))
		       (VAG folowynge)))
	  (NP-SBJ (NP (NPR Kyng) (NPR Harry))
		  (CONJP *ICH*-1))
	  (VBD roode)
	  (PP (P to)
	      (NP (NP-POS (NPR Synt) (NPR$ Albonys))))
	  (, ,)
	  (CONJP-1 (CONJ and)
		   (NP (D the)
		       (N Duke)
		       (PP (P of)
			   (NP (NPR Northefolke)))
		       (PP (P with)
			   (NP (PRO hym))))
		   (, ,)
		   (CONJP (NP (D the)
			      (N Erle)
			      (PP (P of)
				  (NP (NPR Warwycke)))))
		   (, ,)
		   (CONJP (NP (D the)
			      (N Erle)
			      (PP (P of)
				  (NP (NPR Arundelle)))))
		   (, ,)
		   (CONJP (NP (D the)
			      (N Lorde)
			      (NP-PRN (NPR Bouser))))
		   (, ,)
		   (CONJP (NP (D the)
			      (N Lorde)
			      (NP-PRN (NPR Bonvyle))))
		   (, ,)
		   (PP (P with)
		       (NP (Q many)
			   (ADJ grete)
			   (NS lordys)
			   (, ,)
			   (CONJP (NX (NS knyghtys)))
			   (, ,)
			   (CONJP (CONJ and)
				  (NX (NS squyers)))
			   (, ,)
			   (CONJP (CONJ and)
				  (NX (NS commyns)))
			   (PP (P of)
			       (NP (NUMP (D an) (NUM c) (NUM M=l=))
				   (NS men))))))
	  (. .))
  (ID CMGREGOR,211.1921))

/~*
and at every ij knott there was an nayl stondyng uppe ryght, that there couthe
no man passe ovyr hyt by lyckely hode but he shulde be hurte.
(CMGREGOR,213.1964)
*~/
/*
25 VAG:  25 VAG, 26 stondyng, 24 RRC
*/

( (IP-MAT (CONJ and)
	  (PP (P at)
	      (NP (Q every) (NUM ij) (N knott)))
	  (NP-SBJ-1 (EX there))
	  (BED was)
	  (NP-1 (D an)
		(N nayl)
		(RRC (VAG stondyng)
		     (ADJP-SPR (ADJ (ADJ21 uppe) (ADJ22 ryght)))))
	  (, ,)
	  (CP-ADV (C that)
		  (IP-SUB (NP-SBJ-2 (EX there))
			  (MD couthe)
			  (NP-2 (Q no) (N man))
			  (VB passe)
			  (PP (P ovyr)
			      (NP (PRO hyt)))
			  (PP (P by)
			      (NP (N (N21 lyckely) (N22 hode))))
			  (PP (P but)
			      (CP-ADV (C 0)
				      (IP-SUB (NP-SBJ (PRO he))
					      (MD shulde)
					      (BE be)
					      (VAN hurte))))))
	  (. .))
  (ID CMGREGOR,213.1964))

/~*
Alle so they hadde pavysse bore as a dore i-made with a staffe foldynge uppe
and downe to sette the pavys where the lykyd, and loupys with schyttyng
wyndowys to schute owte at, they stondyng by hynde +te pavys, and the pavys as
fulle of iij=d= nayle aftyr ordyr as they myght stonde.
(CMGREGOR,213.1965)
*~/
/*
39 VAG:  39 VAG, 40 foldynge, 38 RRC
39 VAG:  39 VAG, 40 foldynge, 27 RRC
*/

( (IP-MAT (ADVP (Q Alle) (ADV so))
	  (NP-SBJ (PRO they))
	  (HVD hadde)
	  (NP-OB1 (NP (N pavysse)
		      (RRC (VAN bore)
			   (PP (P as)
			       (NP (D a) (N dore))))
		      (RRC (VAN i-made)
			   (PP (P with)
			       (NP (D a)
				   (N staffe)
				   (RRC (VAG foldynge)
					(RP (RP uppe) (CONJ and) (RP downe)))))
			   (IP-INF-PRP (TO to)
				       (VB sette)
				       (NP-OB1 (D the) (N pavys))
				       (ADVP-LOC (CP-FRL (WADVP-1 (WADV where))
							 (C 0)
							 (IP-SUB (ADVP-LOC *T*-1)
								 (NP-SBJ *exp*)
								 (NP-OB2 (PRO the))
								 (VBD lykyd)))))))
		  (, ,)
		  (CONJP (CONJ and)
			 (NP (NS loupys)
			     (PP (P with)
				 (NP (VAG schyttyng)
				     (NS wyndowys)
				     (CP-EOP (WNP-2 0)
					     (IP-INF (TO to)
						     (VB schute)
						     (RP owte)
						     (PP (P at)
							 (NP *T*-2)))))))))
	  (, ,)
	  (IP-ABS (IP-ABS (NP-SBJ (PRO they))
			  (VAG stondyng)
			  (PP (P (P21 by) (P22 hynde))
			      (NP (D +te) (N pavys))))
		  (, ,)
		  (CONJP (CONJ and)
			 (IP-ABS (NP-SBJ (D the) (N pavys))
				 (ADJP (ADVR as)
				       (ADJ fulle)
				       (PP (P of)
					   (NP (NUM iij=d=) (N nayle)))
				       (PP (P aftyr)
					   (NP (N ordyr)))
				       (PP (P as)
					   (CP-CMP (WADJP-3 0)
						   (C 0)
						   (IP-SUB (ADJP-SPR *T*-3)
							   (NP-SBJ (PRO they))
							   (MD myght)
							   (VB stonde))))))))
	  (. .))
  (ID CMGREGOR,213.1965))

/~*
Alle soo the xxvj day of Februer nexte folowyng Edwarde Erle of Marche com to
London owt of Walys and the Erle of Warwycke with hym, and xl M=l= men with
hem bothe,
(CMGREGOR,215.2026)
*~/
/*
24 VAG:  24 VAG, 25 folowyng, 20 RRC
*/

( (IP-MAT (ADVP (Q Alle) (ADV soo))
	  (NP-TMP (D the)
		  (NUM xxvj)
		  (N day)
		  (PP (P of)
		      (NP (NPR Februer)))
		  (RRC (ADVP (ADV nexte))
		       (VAG folowyng)))
	  (NP-SBJ (NP (NPR Edwarde)
		      (NP-PRN (N Erle)
			      (PP (P of)
				  (NP (NPR Marche)))))
		  (CONJP *ICH*-1))
	  (VBD com)
	  (PP (P to)
	      (NP (NPR London)))
	  (PP (RP owt)
	      (P of)
	      (NP (NPR Walys)))
	  (CONJP-1 (CONJ and)
		   (NP (NP (D the)
			   (N Erle)
			   (PP (P of)
			       (NP (NPR Warwycke)))
			   (PP (P with)
			       (NP (PRO hym))))
		       (, ,)
		       (CONJP (CONJ and)
			      (NP (NUMP (NUM xl) (NUM M=l=))
				  (NS men)
				  (PP (P with)
				      (NP (PRO hem)
					  (QP (Q bothe))))))))
	  (. ,))
  (ID CMGREGOR,215.2026))

/~*
The xv day of May folowynge thys good Lorde Mountegewe let to be smete of the
heddys of thes men, the whyche that hyr namys here folowyn in wrytyng:
(CMGREGOR,224.2251)
*~/
/*
16 VAG:  16 VAG, 17 folowynge, 15 RRC
*/

( (IP-MAT (NP-TMP (D The)
		  (NUM xv)
		  (N day)
		  (PP (P of)
		      (NP (NPR May)))
		  (RRC (VAG folowynge)))
	  (NP-SBJ (D thys)
		  (ADJ good)
		  (N Lorde)
		  (NP-PRN (NPR Mountegewe)))
	  (VBD let)
	  (IP-INF (TO to)
		  (BE be)
		  (VAN smete)
		  (RP of)
		  (NP-SBJ (D the)
			  (NS heddys)
			  (PP (P of)
			      (NP (D thes)
				  (NS men)
				  (, ,)
				  (CP-REL (WNP-1 (D the) (WPRO whyche))
					  (C that)
					  (IP-SUB (NP-SBJ-RSP-1 (PRO$ hyr) (NS namys))
						  (ADVP-LOC (ADV here))
						  (VBP folowyn)
						  (PP (P in)
						      (NP (N wrytyng)))))))))
	  (. :))
  (ID CMGREGOR,224.2251))

/~*
And in the day folowyng Taylebosse loste hys hedde at Newecastelle.
(CMGREGOR,226.2275)
*~/
/*
13 VAG:  13 VAG, 14 folowyng, 12 RRC
*/

( (IP-MAT (CONJ And)
	  (PP (P in)
	      (NP (D the)
		  (N day)
		  (RRC (VAG folowyng))))
	  (NP-SBJ (NPR Taylebosse))
	  (VBD loste)
	  (NP-OB1 (PRO$ hys) (N hedde))
	  (PP (P at)
	      (NP (NPR Newecastelle)))
	  (. .))
  (ID CMGREGOR,226.2275))

/~*
and they wold sente in too sum stronge lond to inquere a quene good of byrthe,
a-cordyng unto hys dygnyte.
(CMGREGOR,227.2286)
*~/
/*
47 VAG:  47 VAG, 48 a-cordyng, 46 RRC
*/

( (IP-MAT (CONJ and)
	  (NP-SBJ (PRO they))
	  (MD wold)
	  (VB sente)
	  (PP (RP in)
	      (P too)
	      (NP (Q sum) (ADJ stronge) (N lond)))
	  (IP-INF (TO to)
		  (CODE <P_227>)
		  (VB inquere)
		  (NP-OB1 (D a)
			  (N quene)
			  (ADJP (ADJ good)
				(PP (P of)
				    (NP (N byrthe))))
			  (, ,)
			  (RRC (VAG a-cordyng)
			       (PP (P unto)
				   (NP (PRO$ hys) (N dygnyte))))))
	  (. .))
  (ID CMGREGOR,227.2286))

/~*
And the Sonday folowyng, a docter of devynyte, Mayster Edwarde Story, person
of Alle Halowys the More in London, and aftyr confessor unto the Quene, and
aftyr that Byschoppe of Carlylle, prechyd at Poulys Crosse,
(CMGREGOR,229.2344)
*~/
/*
10 VAG:  10 VAG, 11 folowyng, 9 RRC
*/

( (IP-MAT (CONJ And)
	  (NP-TMP (D the)
		  (NPR Sonday)
		  (RRC (VAG folowyng)))
	  (, ,)
	  (NP-SBJ (D a)
		  (N docter)
		  (PP (P of)
		      (NP (N devynyte)))
		  (, ,)
		  (NP-PRN (NPR Mayster) (NPR Edwarde) (NPR Story))
		  (, ,)
		  (NP-PRN (NP (N person)
			      (PP (P of)
				  (NP (Q Alle)
				      (NPR Halowys)
				      (NP-PRN (D the) (QR More))
				      (PP (P in)
					  (NP (NPR London))))))
			  (, ,)
			  (CONJP (CONJ and)
				 (RRC (ADVP-TMP (ADV aftyr))
				      (NP (N confessor)
					  (PP (P unto)
					      (NP (D the) (N Quene))))))
			  (, ,)
			  (CONJP (CONJ and)
				 (RRC (PP (P aftyr)
					  (NP (D that)))
				      (NP (N Byschoppe)
					  (PP (P of)
					      (NP (NPR Carlylle))))))))
	  (, ,)
	  (VBD prechyd)
	  (PP (P at)
	      (NP (NPR$ Poulys) (NPR Crosse)))
	  (. ,))
  (ID CMGREGOR,229.2344))

/~*
and the day folowynge the provyncyalle and Docter Haldon come to Poulys by
fore my Lorde of London
(CMGREGOR,230.2367)
*~/
/*
10 VAG:  10 VAG, 11 folowynge, 9 RRC
*/

( (IP-MAT (CONJ and)
	  (NP-TMP (D the)
		  (N day)
		  (RRC (VAG folowynge)))
	  (NP-SBJ (NP (D the) (N provyncyalle))
		  (CONJP (CONJ and)
			 (NP (NPR Docter) (NPR Haldon))))
	  (VBD come)
	  (PP (P to)
	      (NP (NPR$ Poulys)))
	  (PP (P (P21 by) (P22 fore))
	      (NP (PRO$ my)
		  (N Lorde)
		  (PP (P of)
		      (NP (NPR London))))))
  (ID CMGREGOR,230.2367))

/~*
for he hadde hys abyte and hys pelyon, and a vyrger with a sylvyr rodde
waytynge uppon hym.
(CMGREGOR,231.2393)
*~/
/*
46 VAG:  46 VAG, 47 waytynge, 45 RRC
*/

( (IP-MAT (CONJ for)
	  (CODE <P_231>)
	  (NP-SBJ (PRO he))
	  (HVD hadde)
	  (NP-OB1 (NP (PRO$ hys) (N abyte))
		  (CONJP (CONJ and)
			 (NP (PRO$ hys) (N pelyon)))
		  (, ,)
		  (CONJP (CONJ and)
			 (NP (D a)
			     (N vyrger)
			     (PP (P with)
				 (NP (D a) (N sylvyr) (N rodde)))
			     (RRC (VAG waytynge)
				  (PP (P uppon)
				      (NP (PRO hym)))))))
	  (. .))
  (ID CMGREGOR,231.2393))

/~*
for hyt was exampnyd and radde by fore alle +te byschoppys that tyme beyng at
London, and by the same docters and clerkys that subscrybyd.
(CMGREGOR,231.2413)
*~/
/*
36 BAG:  36 BAG, 37 beyng, 30 RRC
*/

( (IP-MAT (CONJ for)
	  (NP-SBJ (PRO hyt))
	  (BED was)
	  (VAN (VAN exampnyd) (CONJ and) (VAN radde))
	  (PP (PP (P (P21 by) (P22 fore))
		  (NP (Q alle)
		      (D +te)
		      (NS byschoppys)
		      (RRC (NP-TMP (D that) (N tyme))
			   (BAG beyng)
			   (PP (P at)
			       (NP (NPR London))))))
	      (, ,)
	      (CONJP (CONJ and)
		     (PP (P by)
			 (NP (D the)
			     (ADJ same)
			     (NS docters)
			     (CONJP (CONJ and)
				    (NX (NS clerkys)))
			     (CP-REL (WNP-1 0)
				     (C that)
				     (IP-SUB (NP-SBJ *T*-1)
					     (VBD subscrybyd)))))))
	  (. .))
  (ID CMGREGOR,231.2413))

/~*
I truste ye shalle knowe aftyr in tyme comyng by Goddys grace, hoo have us
alle in hys blessyd kepyng.
(CMGREGOR,232.2435)
*~/
/*
28 VAG:  28 VAG, 29 comyng, 27 RRC
*/

( (IP-MAT (NP-SBJ (PRO I))
	  (VBP truste)
	  (CP-THT (C 0)
		  (IP-SUB (NP-SBJ (ADV ye))
			  (MD shalle)
			  (VB knowe)
			  (ADVP-TMP (ADV aftyr))
			  (PP (P in)
			      (NP (N tyme)
				  (RRC (VAG comyng))))
			  (PP (P by)
			      (NP (NPR$ Goddys)
				  (N grace)
				  (, ,)
				  (CP-REL (WNP-1 (WPRO hoo))
					  (C 0)
					  (IP-SUB (NP-SBJ *T*-1)
						  (HVP have)
						  (NP-OB1 (PRO us)
							  (QP (Q alle)))
						  (PP (P in)
						      (NP (PRO$ hys) (VAN blessyd) (N kepyng)))))))))
	  (. .))
  (ID CMGREGOR,232.2435))

/~*
Men drede that in tyme comyng hit wylle be knowe that hys comyng hedyr was
kept so prevely.
(CMGREGOR,236.2548)
*~/
/*
18 VAG:  18 VAG, 19 comyng, 17 RRC
*/

( (IP-MAT (NP-SBJ (NS Men))
	  (VBP drede)
	  (CP-THT (C that)
		  (IP-SUB (PP (P in)
			      (NP (N tyme)
				  (RRC (VAG comyng))))
			  (NP-SBJ (PRO hit))
			  (MD wylle)
			  (BE be)
			  (VAN knowe)
			  (CP-THT (C that)
				  (IP-SUB (NP-SBJ (PRO$ hys)
						  (VAG comyng)
						  (ADVP-DIR (ADV hedyr)))
					  (BED was)
					  (VAN kept)
					  (ADVP (ADVR so) (ADV prevely))))))
	  (. .))
  (ID CMGREGOR,236.2548))
/*
FOOTER
  source file, hits/tokens/total
  C:\Users\Shoo\Dropbox\workspace\CorpusSearch_Auto\data\corporas\PPCME2\temp1492106398658\history\cmgregor.m4.psd	80/68/2630
*/
/*
HEADER:
source file:  C:\Users\Shoo\Dropbox\workspace\CorpusSearch_Auto\data\corporas\PPCME2\temp1492106398658\history\cmpeterb.m1.psd
*/

/~*
& brendon alle the tunes, +dat wel +tu myhtes faren al a d+ais fare, sculdest
thu neure finden man in tune sittende ne land tiled.
(CMPETERB,56.457)
*~/
/*
66 VAG:  66 VAG, 67 sittende, 59 RRC
*/

( (IP-MAT (CONJ &)
	  (NP-SBJ *con*)
	  (VBD brendon)
	  (NP-OB1 (Q alle) (D the) (NS tunes))
	  (, ,)
	  (CP-ADV (C +dat)
		  (IP-SUB (ADVP (ADV wel))
			  (NP-SBJ (PRO +tu))
			  (MD myhtes)
			  (VB faren)
			  (NP-MSR (NP-POS (Q al) (D a) (N$ d+ais))
				  (N fare))
			  (, ,)
			  (CP-ADV (IP-SUB (MD sculdest)
					  (NP-SBJ (PRO thu))
					  (ADVP-TMP (ADV neure))
					  (VB finden)
					  (NP-OB1 (NP (N man)
						      (RRC (PP (P in)
							       (NP (N tune)))
							   (VAG sittende)))
						  (CONJP (CONJ ne)
							 (NP (N land)
							     (RRC (VAN tiled)))))))))
	  (. .))
  (ID CMPETERB,56.457))
/*
FOOTER
  source file, hits/tokens/total
  C:\Users\Shoo\Dropbox\workspace\CorpusSearch_Auto\data\corporas\PPCME2\temp1492106398658\history\cmpeterb.m1.psd	1/1/647
*/
/*
HEADER:
source file:  C:\Users\Shoo\Dropbox\workspace\CorpusSearch_Auto\data\corporas\PPCME2\temp1492106398658\history\cmpolych.m3.psd
*/

/~*
and it was i-made sotilliche by gravynge craft +tat it semed ver-railiche +tat
corn growynge +terynne wawed hider and +tider, as longe corn doo+t in feeldes,
and +tat vynes burgonede, and ymages of men moevede.
(CMPOLYCH,VI,427.3111)
*~/
/*
43 VAG:  43 VAG, 44 growynge, 42 RRC
*/

( (IP-MAT (CONJ and)
	  (NP-SBJ (PRO it))
	  (BED was)
	  (VAN i-made)
	  (ADVP (ADV sotilliche))
	  (PP (P by)
	      (NP (VAG gravynge) (N craft)))
	  (CP-ADV (C +tat)
		  (IP-SUB (NP-SBJ-1 (PRO it))
			  (VBD semed)
			  (ADVP (ADV ver-railiche))
			  (CP-THT-1 (CP-THT (C +tat)
					    (IP-SUB (NP-SBJ (N corn)
							    (RRC (VAG growynge)
								 (PP (ADV+P +terynne))))
						    (VBD wawed)
						    (ADVP-DIR (ADV hider) (CONJ and) (CODE <P_VI,427>) (ADV +tider))
						    (, ,)
						    (PP (P as)
							(CP-ADV (WADVP-2 0)
								(C 0)
								(IP-SUB (ADVP *T*-2)
									(NP-SBJ (ADJ longe) (N corn))
									(DOP doo+t)
									(PP (P in)
									    (NP (NS feeldes))))))))
				    (, ,)
				    (CONJP (CONJ and)
					   (CP-THT (C +tat)
						   (IP-SUB (IP-SUB (NP-SBJ (NS vynes))
								   (VBD burgonede))
							   (, ,)
							   (CONJP (CONJ and)
								  (IP-SUB (NP-SBJ (NS ymages)
										  (PP (P of)
										      (NP (NS men))))
									  (VBD moevede)))))))))
	  (. .))
  (ID CMPOLYCH,VI,427.3111))

/~*
And +te peple, resynge and crienge, breck up +te hous +tere +te Iewes were
i-flowe for drede,
(CMPOLYCH,VIII,85.3545)
*~/
/*
13 VAG:  13 VAG, 14 resynge, 11 RRC
17 VAG:  17 VAG, 18 crienge, 11 RRC
*/

( (IP-MAT (CONJ And)
	  (NP-SBJ (D +te)
		  (N peple)
		  (, ,)
		  (RRC (VAG (VAG resynge) (CONJ and) (VAG crienge))))
	  (, ,)
	  (VBD breck)
	  (RP up)
	  (NP-OB1 (D +te)
		  (N hous)
		  (CP-REL (WADVP-1 (ADV +tere))
			  (C 0)
			  (IP-SUB (ADVP-LOC *T*-1)
				  (NP-SBJ (D +te) (NPRS Iewes))
				  (BED were)
				  (VBN i-flowe)
				  (PP (P for)
				      (NP (N drede))))))
	  (. ,))
  (ID CMPOLYCH,VIII,85.3545))

/~*
and sente anon to the court of Rome men of answere ful informed, wi+t lettres
of bisshops witnessynge +tat +te monkes had forsake Cristes chivalry, and were
afalle to wordliche likynge;
(CMPOLYCH,VIII,95.3622)
*~/
/*
55 VAG:  55 VAG, 56 witnessynge, 54 RRC
*/

( (IP-MAT (CONJ and)
	  (NP-SBJ *con*)
	  (VBD sente)
	  (ADVP-TMP (ADV anon))
	  (PP (P to)
	      (NP (D the)
		  (N court)
		  (PP (P of)
		      (NP (NPR Rome)))))
	  (NP-OB1 (NS men)
		  (RRC (PP (P of)
			   (NP (N answere)))
		       (ADVP (ADV ful))
		       (VAN informed)))
	  (, ,)
	  (PP (P wi+t)
	      (NP (NS lettres)
		  (PP (P of)
		      (NP (NS bisshops)))
		  (RRC (VAG witnessynge)
		       (CP-THT (C +tat)
			       (IP-SUB (IP-SUB (NP-SBJ (D +te) (NS monkes))
					       (HVD had)
					       (VBN forsake)
					       (NP-OB1 (NPR$ Cristes) (N chivalry)))
				       (, ,)
				       (CONJP (CONJ and)
					      (IP-SUB (NP-SBJ *con*)
						      (BED were)
						      (VBN afalle)
						      (PP (P to)
							  (NP (ADJ wordliche) (N likynge))))))))))
	  (. ;))
  (ID CMPOLYCH,VIII,95.3622))
/*
FOOTER
  source file, hits/tokens/total
  C:\Users\Shoo\Dropbox\workspace\CorpusSearch_Auto\data\corporas\PPCME2\temp1492106398658\history\cmpolych.m3.psd	4/3/3795
*/
/*
SUMMARY:  
source files, hits/tokens/total
  C:\Users\Shoo\Dropbox\workspace\CorpusSearch_Auto\data\corporas\PPCME2\temp1492106398658\history\cmbrut3.m3.psd	7/7/4116
  C:\Users\Shoo\Dropbox\workspace\CorpusSearch_Auto\data\corporas\PPCME2\temp1492106398658\history\cmcapchr.m4.psd	13/13/4177
  C:\Users\Shoo\Dropbox\workspace\CorpusSearch_Auto\data\corporas\PPCME2\temp1492106398658\history\cmgregor.m4.psd	80/68/2630
  C:\Users\Shoo\Dropbox\workspace\CorpusSearch_Auto\data\corporas\PPCME2\temp1492106398658\history\cmpeterb.m1.psd	1/1/647
  C:\Users\Shoo\Dropbox\workspace\CorpusSearch_Auto\data\corporas\PPCME2\temp1492106398658\history\cmpolych.m3.psd	4/3/3795
whole search, hits/tokens/total
		105/92/15365
*/
