/*
PREFACE:  
Copyright 2010 Beth Randall
Date:  Thu Apr 13 18:49:37 BST 2017

command file:     data\searches\queries\YCOE\progressive_forms_in_prepositional_phrases_appositive_parenthetical.q
output file:      C:\Users\Shoo\Dropbox\workspace\CorpusSearch_Auto\data\output\13-04-2017 18.46.36.333 YCOE\progressive_forms_in_prepositional_phrases_appositive_parenthetical\history\result.out

node:   PP-*PRN*|AXG*|BAG*|HAG*|VAG*
query:  (AXG*|BAG*|HAG*|VAG* Dominates  !AXG*|BAG*|HAG*|VAG*) 
  AND  (PP-*PRN* Dominates  AXG*|BAG*|HAG*|VAG*) 
*/
/*
HEADER:
source file:  C:\Users\Shoo\Dropbox\workspace\CorpusSearch_Auto\data\corporas\YCOE\temp1492105600559\history\cobede.o2.psd
*/

/~*
ond +t+as se+del w+are ece to gelyfenne in heofonum, nales in eor+dlicre
fr+atwednesse, in gewitendre & on u+dgengre:
(cobede,Bede_3:16.224.22.2303)
*~/
/*
50 VAG^D:  50 VAG^D, 51 gewitendre, 45 PP-PRN
*/
( (IP-MAT (CONJ ond)
	  (NP-NOM-1 (NP-GEN (D^G +t+as))
		    (N^N se+del))
	  (BEDS w+are)
	  (IP-INF (IP-SMC (NP-SBJ *-1)
			  (ADJP-PRD (ADJ ece)))
		  (TO to)
		  (VB^D gelyfenne)
		  (PP (PP (P in)
			  (NP-DAT (N^D heofonum)))
		      (, ,)
		      (CONJP (PP (NEG+Q nales)
				 (P in)
				 (NP-DAT (ADJ^D eor+dlicre) (N^D fr+atwednesse))
				 (, ,)
				 (PP-PRN (PP (P in)
					     (NP-DAT (VAG^D gewitendre)))
					 (CONJP (CONJ &)
						(PP (P on)
						    (NP-DAT (ADJ^D u+dgengre)))))))))
	  (. :))
  (ID cobede,Bede_3:16.224.22.2303))
/*
FOOTER
  source file, hits/tokens/total
  C:\Users\Shoo\Dropbox\workspace\CorpusSearch_Auto\data\corporas\YCOE\temp1492105600559\history\cobede.o2.psd	1/1/4923
*/
/*
HEADER:
source file:  C:\Users\Shoo\Dropbox\workspace\CorpusSearch_Auto\data\corporas\YCOE\temp1492105600559\history\cochronA.o23.psd
*/
/*
FOOTER
  source file, hits/tokens/total
  C:\Users\Shoo\Dropbox\workspace\CorpusSearch_Auto\data\corporas\YCOE\temp1492105600559\history\cochronA.o23.psd	0/0/1480
*/
/*
HEADER:
source file:  C:\Users\Shoo\Dropbox\workspace\CorpusSearch_Auto\data\corporas\YCOE\temp1492105600559\history\cochronC.psd
*/
/*
FOOTER
  source file, hits/tokens/total
  C:\Users\Shoo\Dropbox\workspace\CorpusSearch_Auto\data\corporas\YCOE\temp1492105600559\history\cochronC.psd	0/0/2153
*/
/*
HEADER:
source file:  C:\Users\Shoo\Dropbox\workspace\CorpusSearch_Auto\data\corporas\YCOE\temp1492105600559\history\cochronD.psd
*/
/*
FOOTER
  source file, hits/tokens/total
  C:\Users\Shoo\Dropbox\workspace\CorpusSearch_Auto\data\corporas\YCOE\temp1492105600559\history\cochronD.psd	0/0/2522
*/
/*
HEADER:
source file:  C:\Users\Shoo\Dropbox\workspace\CorpusSearch_Auto\data\corporas\YCOE\temp1492105600559\history\cochronE.o34.psd
*/
/*
FOOTER
  source file, hits/tokens/total
  C:\Users\Shoo\Dropbox\workspace\CorpusSearch_Auto\data\corporas\YCOE\temp1492105600559\history\cochronE.o34.psd	0/0/3644
*/
/*
HEADER:
source file:  C:\Users\Shoo\Dropbox\workspace\CorpusSearch_Auto\data\corporas\YCOE\temp1492105600559\history\coorosiu.o2.psd
*/
/*
FOOTER
  source file, hits/tokens/total
  C:\Users\Shoo\Dropbox\workspace\CorpusSearch_Auto\data\corporas\YCOE\temp1492105600559\history\coorosiu.o2.psd	0/0/3321
*/
/*
SUMMARY:  
source files, hits/tokens/total
  C:\Users\Shoo\Dropbox\workspace\CorpusSearch_Auto\data\corporas\YCOE\temp1492105600559\history\cobede.o2.psd	1/1/4923
  C:\Users\Shoo\Dropbox\workspace\CorpusSearch_Auto\data\corporas\YCOE\temp1492105600559\history\cochronA.o23.psd	0/0/1480
  C:\Users\Shoo\Dropbox\workspace\CorpusSearch_Auto\data\corporas\YCOE\temp1492105600559\history\cochronC.psd	0/0/2153
  C:\Users\Shoo\Dropbox\workspace\CorpusSearch_Auto\data\corporas\YCOE\temp1492105600559\history\cochronD.psd	0/0/2522
  C:\Users\Shoo\Dropbox\workspace\CorpusSearch_Auto\data\corporas\YCOE\temp1492105600559\history\cochronE.o34.psd	0/0/3644
  C:\Users\Shoo\Dropbox\workspace\CorpusSearch_Auto\data\corporas\YCOE\temp1492105600559\history\coorosiu.o2.psd	0/0/3321
whole search, hits/tokens/total
		1/1/18043
*/
