/*
PREFACE:  
Copyright 2010 Beth Randall
Date:  Thu Apr 13 18:54:29 BST 2017

command file:     data\searches\queries\PENN\progressive_forms_in_prepositional_phrases_appositive_parenthetical.q
output file:      C:\Users\Shoo\Dropbox\workspace\CorpusSearch_Auto\data\output\13-04-2017 18.46.36.333 PPCEME\progressive_forms_in_prepositional_phrases_appositive_parenthetical\biography_and_diaries\result.out

node:   PP-*PRN*|BAG*|HAG*|VAG*|DAG*
query:  (BAG*|HAG*|VAG*|DAG* Dominates  !BAG*|HAG*|VAG*|DAG*) 
  AND  (PP-*PRN* Dominates  BAG*|HAG*|VAG*|DAG*) 
*/
/*
HEADER:
source file:  C:\Users\Shoo\Dropbox\workspace\CorpusSearch_Auto\data\corporas\PPCEME\temp1492105854173\biography_and_diaries\burnetroc-e3-h.psd
*/
/*
FOOTER
  source file, hits/tokens/total
  C:\Users\Shoo\Dropbox\workspace\CorpusSearch_Auto\data\corporas\PPCEME\temp1492105854173\biography_and_diaries\burnetroc-e3-h.psd	0/0/253
*/
/*
HEADER:
source file:  C:\Users\Shoo\Dropbox\workspace\CorpusSearch_Auto\data\corporas\PPCEME\temp1492105854173\biography_and_diaries\burnetroc-e3-p1.psd
*/
/*
FOOTER
  source file, hits/tokens/total
  C:\Users\Shoo\Dropbox\workspace\CorpusSearch_Auto\data\corporas\PPCEME\temp1492105854173\biography_and_diaries\burnetroc-e3-p1.psd	0/0/235
*/
/*
HEADER:
source file:  C:\Users\Shoo\Dropbox\workspace\CorpusSearch_Auto\data\corporas\PPCEME\temp1492105854173\biography_and_diaries\burnetroc-e3-p2.psd
*/
/*
FOOTER
  source file, hits/tokens/total
  C:\Users\Shoo\Dropbox\workspace\CorpusSearch_Auto\data\corporas\PPCEME\temp1492105854173\biography_and_diaries\burnetroc-e3-p2.psd	0/0/208
*/
/*
HEADER:
source file:  C:\Users\Shoo\Dropbox\workspace\CorpusSearch_Auto\data\corporas\PPCEME\temp1492105854173\biography_and_diaries\edward-e1-h.psd
*/
/*
FOOTER
  source file, hits/tokens/total
  C:\Users\Shoo\Dropbox\workspace\CorpusSearch_Auto\data\corporas\PPCEME\temp1492105854173\biography_and_diaries\edward-e1-h.psd	0/0/431
*/
/*
HEADER:
source file:  C:\Users\Shoo\Dropbox\workspace\CorpusSearch_Auto\data\corporas\PPCEME\temp1492105854173\biography_and_diaries\edward-e1-p1.psd
*/
/*
FOOTER
  source file, hits/tokens/total
  C:\Users\Shoo\Dropbox\workspace\CorpusSearch_Auto\data\corporas\PPCEME\temp1492105854173\biography_and_diaries\edward-e1-p1.psd	0/0/548
*/
/*
HEADER:
source file:  C:\Users\Shoo\Dropbox\workspace\CorpusSearch_Auto\data\corporas\PPCEME\temp1492105854173\biography_and_diaries\edward-e1-p2.psd
*/
/*
FOOTER
  source file, hits/tokens/total
  C:\Users\Shoo\Dropbox\workspace\CorpusSearch_Auto\data\corporas\PPCEME\temp1492105854173\biography_and_diaries\edward-e1-p2.psd	0/0/532
*/
/*
HEADER:
source file:  C:\Users\Shoo\Dropbox\workspace\CorpusSearch_Auto\data\corporas\PPCEME\temp1492105854173\biography_and_diaries\evelyn-e3-h.psd
*/
/*
FOOTER
  source file, hits/tokens/total
  C:\Users\Shoo\Dropbox\workspace\CorpusSearch_Auto\data\corporas\PPCEME\temp1492105854173\biography_and_diaries\evelyn-e3-h.psd	0/0/397
*/
/*
HEADER:
source file:  C:\Users\Shoo\Dropbox\workspace\CorpusSearch_Auto\data\corporas\PPCEME\temp1492105854173\biography_and_diaries\evelyn-e3-p1.psd
*/
/*
FOOTER
  source file, hits/tokens/total
  C:\Users\Shoo\Dropbox\workspace\CorpusSearch_Auto\data\corporas\PPCEME\temp1492105854173\biography_and_diaries\evelyn-e3-p1.psd	0/0/491
*/
/*
HEADER:
source file:  C:\Users\Shoo\Dropbox\workspace\CorpusSearch_Auto\data\corporas\PPCEME\temp1492105854173\biography_and_diaries\evelyn-e3-p2.psd
*/
/*
FOOTER
  source file, hits/tokens/total
  C:\Users\Shoo\Dropbox\workspace\CorpusSearch_Auto\data\corporas\PPCEME\temp1492105854173\biography_and_diaries\evelyn-e3-p2.psd	0/0/495
*/
/*
HEADER:
source file:  C:\Users\Shoo\Dropbox\workspace\CorpusSearch_Auto\data\corporas\PPCEME\temp1492105854173\biography_and_diaries\forman-diary-e2-p1.psd
*/
/*
FOOTER
  source file, hits/tokens/total
  C:\Users\Shoo\Dropbox\workspace\CorpusSearch_Auto\data\corporas\PPCEME\temp1492105854173\biography_and_diaries\forman-diary-e2-p1.psd	0/0/446
*/
/*
HEADER:
source file:  C:\Users\Shoo\Dropbox\workspace\CorpusSearch_Auto\data\corporas\PPCEME\temp1492105854173\biography_and_diaries\forman-diary-e2-p2.psd
*/
/*
FOOTER
  source file, hits/tokens/total
  C:\Users\Shoo\Dropbox\workspace\CorpusSearch_Auto\data\corporas\PPCEME\temp1492105854173\biography_and_diaries\forman-diary-e2-p2.psd	0/0/333
*/
/*
HEADER:
source file:  C:\Users\Shoo\Dropbox\workspace\CorpusSearch_Auto\data\corporas\PPCEME\temp1492105854173\biography_and_diaries\forman-e2-h.psd
*/
/*
FOOTER
  source file, hits/tokens/total
  C:\Users\Shoo\Dropbox\workspace\CorpusSearch_Auto\data\corporas\PPCEME\temp1492105854173\biography_and_diaries\forman-e2-h.psd	0/0/278
*/
/*
HEADER:
source file:  C:\Users\Shoo\Dropbox\workspace\CorpusSearch_Auto\data\corporas\PPCEME\temp1492105854173\biography_and_diaries\fox-e3-h.psd
*/

/~*
soe I was hurled away as may bee seen of these matters mor at large: in ye
followinge relation:
(FOX-E3-H,84.152)
*~/
/*
56 VAG:  56 VAG, 57 followinge, 15 PP-PRN
*/
( (IP-MAT (ADVP (ADV soe))
	  (NP-SBJ (PRO I))
	  (BED was)
	  (VAN hurled)
	  (ADVP-DIR (ADV away))
	  (PP-PRN (P as)
		  (CP-ADV (WNP-1 0)
			  (C 0)
			  (IP-SUB (NP-SBJ *T*-1)
				  (MD may)
				  (BE bee)
				  (VAN seen)
				  (PP (P of)
				      (NP (D these) (NS matters)))
				  (PP (QR mor)
				      (P at)
				      (ADJP (ADJ large)))
				  (, :)
				  (PP (P in)
				      (NP (D ye) (VAG followinge) (N relation))))))
	  (. :))
  (ID FOX-E3-H,84.152))

/~*
but I said hee was neither Jesuite nor papist: but an honnest Country man: as
in ye folowinge paper may bee seene more at large.
(FOX-E3-H,159.366)
*~/
/*
63 VAG:  63 VAG, 64 folowinge, 46 PP-PRN
*/

( (IP-MAT (CONJ but)
	  (NP-SBJ (PRO I))
	  (VBD said)
	  (CP-THT (C 0)
		  (IP-SUB (NP-SBJ (PRO hee))
			  (BED was)
			  (NP-OB1 (NP (CONJ neither) (NPR Jesuite) (CONJ nor) (NPR papist))
				  (, :)
				  (CONJP (CONJ but)
					 (CODE <P_159>)
					 (NP (D an) (ADJ honnest) (N Country) (N man))))
			  (, :)
			  (PP-PRN (P as)
				  (CP-ADV (WNP-1 0)
					  (C 0)
					  (IP-SUB (NP-SBJ *T*-1)
						  (PP (P in)
						      (NP (D ye) (VAG folowinge) (N paper)))
						  (MD may)
						  (BE bee)
						  (VAN seene)
						  (PP (QR more)
						      (P at)
						      (ADJP (ADJ large))))))))
	  (. .))
  (ID FOX-E3-H,159.366))
/*
FOOTER
  source file, hits/tokens/total
  C:\Users\Shoo\Dropbox\workspace\CorpusSearch_Auto\data\corporas\PPCEME\temp1492105854173\biography_and_diaries\fox-e3-h.psd	2/2/366
*/
/*
HEADER:
source file:  C:\Users\Shoo\Dropbox\workspace\CorpusSearch_Auto\data\corporas\PPCEME\temp1492105854173\biography_and_diaries\fox-e3-p1.psd
*/

/~*
& they brought it doune Into ye Country with y=m= as may bee seene in ye
foloweinge letter.
(FOX-E3-P1,163.372)
*~/
/*
51 VAG:  51 VAG, 52 foloweinge, 28 PP-PRN
*/

( (IP-MAT (CONJ &)
	  (NP-SBJ (PRO they))
	  (VBD brought)
	  (NP-OB1 (PRO it))
	  (PP (RP doune)
	      (P Into)
	      (NP (D ye) (N Country)))
	  (PP (P with)
	      (NP (PRO y=m=)))
	  (PP-PRN (P as)
		  (CP-ADV (WNP-1 0)
			  (C 0)
			  (IP-SUB (NP-SBJ *T*-1)
				  (MD may)
				  (BE bee)
				  (VAN seene)
				  (PP (P in)
				      (NP (D ye) (VAG foloweinge) (N letter))))))
	  (. .))
  (ID FOX-E3-P1,163.372))
/*
FOOTER
  source file, hits/tokens/total
  C:\Users\Shoo\Dropbox\workspace\CorpusSearch_Auto\data\corporas\PPCEME\temp1492105854173\biography_and_diaries\fox-e3-p1.psd	1/1/415
*/
/*
HEADER:
source file:  C:\Users\Shoo\Dropbox\workspace\CorpusSearch_Auto\data\corporas\PPCEME\temp1492105854173\biography_and_diaries\fox-e3-p2.psd
*/
/*
FOOTER
  source file, hits/tokens/total
  C:\Users\Shoo\Dropbox\workspace\CorpusSearch_Auto\data\corporas\PPCEME\temp1492105854173\biography_and_diaries\fox-e3-p2.psd	0/0/412
*/
/*
HEADER:
source file:  C:\Users\Shoo\Dropbox\workspace\CorpusSearch_Auto\data\corporas\PPCEME\temp1492105854173\biography_and_diaries\hoby-e2-h.psd
*/
/*
FOOTER
  source file, hits/tokens/total
  C:\Users\Shoo\Dropbox\workspace\CorpusSearch_Auto\data\corporas\PPCEME\temp1492105854173\biography_and_diaries\hoby-e2-h.psd	0/0/811
*/
/*
HEADER:
source file:  C:\Users\Shoo\Dropbox\workspace\CorpusSearch_Auto\data\corporas\PPCEME\temp1492105854173\biography_and_diaries\hoby-e2-p1.psd
*/
/*
FOOTER
  source file, hits/tokens/total
  C:\Users\Shoo\Dropbox\workspace\CorpusSearch_Auto\data\corporas\PPCEME\temp1492105854173\biography_and_diaries\hoby-e2-p1.psd	0/0/775
*/
/*
HEADER:
source file:  C:\Users\Shoo\Dropbox\workspace\CorpusSearch_Auto\data\corporas\PPCEME\temp1492105854173\biography_and_diaries\hoby-e2-p2.psd
*/
/*
FOOTER
  source file, hits/tokens/total
  C:\Users\Shoo\Dropbox\workspace\CorpusSearch_Auto\data\corporas\PPCEME\temp1492105854173\biography_and_diaries\hoby-e2-p2.psd	0/0/907
*/
/*
HEADER:
source file:  C:\Users\Shoo\Dropbox\workspace\CorpusSearch_Auto\data\corporas\PPCEME\temp1492105854173\biography_and_diaries\machyn-e1-h.psd
*/
/*
FOOTER
  source file, hits/tokens/total
  C:\Users\Shoo\Dropbox\workspace\CorpusSearch_Auto\data\corporas\PPCEME\temp1492105854173\biography_and_diaries\machyn-e1-h.psd	0/0/446
*/
/*
HEADER:
source file:  C:\Users\Shoo\Dropbox\workspace\CorpusSearch_Auto\data\corporas\PPCEME\temp1492105854173\biography_and_diaries\machyn-e1-p1.psd
*/
/*
FOOTER
  source file, hits/tokens/total
  C:\Users\Shoo\Dropbox\workspace\CorpusSearch_Auto\data\corporas\PPCEME\temp1492105854173\biography_and_diaries\machyn-e1-p1.psd	0/0/461
*/
/*
HEADER:
source file:  C:\Users\Shoo\Dropbox\workspace\CorpusSearch_Auto\data\corporas\PPCEME\temp1492105854173\biography_and_diaries\machyn-e1-p2.psd
*/
/*
FOOTER
  source file, hits/tokens/total
  C:\Users\Shoo\Dropbox\workspace\CorpusSearch_Auto\data\corporas\PPCEME\temp1492105854173\biography_and_diaries\machyn-e1-p2.psd	0/0/452
*/
/*
HEADER:
source file:  C:\Users\Shoo\Dropbox\workspace\CorpusSearch_Auto\data\corporas\PPCEME\temp1492105854173\biography_and_diaries\madox-e2-h.psd
*/
/*
FOOTER
  source file, hits/tokens/total
  C:\Users\Shoo\Dropbox\workspace\CorpusSearch_Auto\data\corporas\PPCEME\temp1492105854173\biography_and_diaries\madox-e2-h.psd	0/0/503
*/
/*
HEADER:
source file:  C:\Users\Shoo\Dropbox\workspace\CorpusSearch_Auto\data\corporas\PPCEME\temp1492105854173\biography_and_diaries\madox-e2-p1.psd
*/
/*
FOOTER
  source file, hits/tokens/total
  C:\Users\Shoo\Dropbox\workspace\CorpusSearch_Auto\data\corporas\PPCEME\temp1492105854173\biography_and_diaries\madox-e2-p1.psd	0/0/479
*/
/*
HEADER:
source file:  C:\Users\Shoo\Dropbox\workspace\CorpusSearch_Auto\data\corporas\PPCEME\temp1492105854173\biography_and_diaries\madox-e2-p2.psd
*/
/*
FOOTER
  source file, hits/tokens/total
  C:\Users\Shoo\Dropbox\workspace\CorpusSearch_Auto\data\corporas\PPCEME\temp1492105854173\biography_and_diaries\madox-e2-p2.psd	0/0/479
*/
/*
HEADER:
source file:  C:\Users\Shoo\Dropbox\workspace\CorpusSearch_Auto\data\corporas\PPCEME\temp1492105854173\biography_and_diaries\mowntayne-e1-h.psd
*/
/*
FOOTER
  source file, hits/tokens/total
  C:\Users\Shoo\Dropbox\workspace\CorpusSearch_Auto\data\corporas\PPCEME\temp1492105854173\biography_and_diaries\mowntayne-e1-h.psd	0/0/437
*/
/*
HEADER:
source file:  C:\Users\Shoo\Dropbox\workspace\CorpusSearch_Auto\data\corporas\PPCEME\temp1492105854173\biography_and_diaries\mowntayne-e1-p1.psd
*/
/*
FOOTER
  source file, hits/tokens/total
  C:\Users\Shoo\Dropbox\workspace\CorpusSearch_Auto\data\corporas\PPCEME\temp1492105854173\biography_and_diaries\mowntayne-e1-p1.psd	0/0/437
*/
/*
HEADER:
source file:  C:\Users\Shoo\Dropbox\workspace\CorpusSearch_Auto\data\corporas\PPCEME\temp1492105854173\biography_and_diaries\mowntayne-e1-p2.psd
*/
/*
FOOTER
  source file, hits/tokens/total
  C:\Users\Shoo\Dropbox\workspace\CorpusSearch_Auto\data\corporas\PPCEME\temp1492105854173\biography_and_diaries\mowntayne-e1-p2.psd	0/0/116
*/
/*
HEADER:
source file:  C:\Users\Shoo\Dropbox\workspace\CorpusSearch_Auto\data\corporas\PPCEME\temp1492105854173\biography_and_diaries\pepys-e3-h.psd
*/
/*
FOOTER
  source file, hits/tokens/total
  C:\Users\Shoo\Dropbox\workspace\CorpusSearch_Auto\data\corporas\PPCEME\temp1492105854173\biography_and_diaries\pepys-e3-h.psd	0/0/330
*/
/*
HEADER:
source file:  C:\Users\Shoo\Dropbox\workspace\CorpusSearch_Auto\data\corporas\PPCEME\temp1492105854173\biography_and_diaries\pepys-e3-p1.psd
*/
/*
FOOTER
  source file, hits/tokens/total
  C:\Users\Shoo\Dropbox\workspace\CorpusSearch_Auto\data\corporas\PPCEME\temp1492105854173\biography_and_diaries\pepys-e3-p1.psd	0/0/393
*/
/*
HEADER:
source file:  C:\Users\Shoo\Dropbox\workspace\CorpusSearch_Auto\data\corporas\PPCEME\temp1492105854173\biography_and_diaries\pepys-e3-p2.psd
*/
/*
FOOTER
  source file, hits/tokens/total
  C:\Users\Shoo\Dropbox\workspace\CorpusSearch_Auto\data\corporas\PPCEME\temp1492105854173\biography_and_diaries\pepys-e3-p2.psd	0/0/321
*/
/*
HEADER:
source file:  C:\Users\Shoo\Dropbox\workspace\CorpusSearch_Auto\data\corporas\PPCEME\temp1492105854173\biography_and_diaries\perrott-e2-h.psd
*/

/~*
and there he began either as knowing that the Kinge would come that Way, or
else by Chaunce, to complayne as it were agaynst hymself, unto hymself: How
unfortunate and unwise he was, soe to consume his Livinge, having wasted a
great Part of that in few Yeares, which his Auncestors had gotten and enjoyed
for many Yeres?
(PERROTT-E2-H,32.7)
*~/
/*
21 VAG:  21 VAG, 22 knowing, 14 PP-PRN
*/

( (IP-MAT (CONJ and)
	  (ADVP-LOC (ADV there))
	  (NP-SBJ (PRO he))
	  (VBD began)
	  (CODE <paren>)
	  (PP-PRN (CONJ either)
		  (PP (P as)
		      (IP-PPL (VAG knowing)
			      (CP-THT (C that)
				      (IP-SUB (NP-SBJ (D the) (N Kinge))
					      (MD would)
					      (VB come)
					      (NP-DIR (D that) (N Way))))))
		  (, ,)
		  (CONJP (CONJ or)
			 (ELSE else)
			 (PP (P by)
			     (NP (N Chaunce)))))
	  (, ,)
	  (CODE <$$paren>)
	  (IP-INF (TO to)
		  (VB complayne)
		  (PP-PRN (P as)
			  (CP-ADV (C 0)
				  (IP-SUB (NP-SBJ (PRO it))
					  (BED were))))
		  (PP (P agaynst)
		      (NP (PRO+N hymself)))
		  (, ,)
		  (PP (P unto)
		      (NP (PRO+N hymself)))
		  (, :)
		  (CP-QUE (WADJP-1 (WADV How)
				   (ADJ unfortunate)
				   (CONJP (CONJ and)
					  (ADJX (ADJ unwise))))
			  (C 0)
			  (IP-SUB (ADJP *T*-1)
				  (NP-SBJ (PRO he))
				  (BED was)
				  (, ,)
				  (IP-INF (ADVP (ADV soe))
					  (TO to)
					  (VB consume)
					  (NP-OB1 (PRO$ his) (N Livinge))
					  (, ,)
					  (IP-PPL (HAG having)
						  (VBN wasted)
						  (NP-OB1 (D a)
							  (ADJ great)
							  (N Part)
							  (PP (P of)
							      (NP (D that)
								  (CP-REL *ICH*-2))))
						  (PP (P in)
						      (NP (Q few) (NS Yeares)))
						  (, ,)
						  (CP-REL-2 (WNP-3 (WPRO which))
							    (C 0)
							    (IP-SUB (IP-SUB-4 (NP-OB1 *T*-3)
									      (NP-SBJ (PRO$ his) (NS Auncestors))
									      (HVD had)
									      (VBN gotten))
								    (CONJP (CONJ and)
									   (IP-SUB=4 (VBN enjoyed)
										     (PP (P for)
											 (NP (Q many) (NS Yeres))))))))))))
	  (. ?))
  (ID PERROTT-E2-H,32.7))
/*
FOOTER
  source file, hits/tokens/total
  C:\Users\Shoo\Dropbox\workspace\CorpusSearch_Auto\data\corporas\PPCEME\temp1492105854173\biography_and_diaries\perrott-e2-h.psd	1/1/171
*/
/*
HEADER:
source file:  C:\Users\Shoo\Dropbox\workspace\CorpusSearch_Auto\data\corporas\PPCEME\temp1492105854173\biography_and_diaries\perrott-e2-p1.psd
*/

/~*
and he was one of the foremost hymself as they say who were there, and are yet
livinge so that he encountred with one of the Rebells, and run hym with his
Launce thro' a Skirt of Male, wherewith he unhorsed his Enemy,
(PERROTT-E2-P1,70.156)
*~/
/*
75 VAG:  75 VAG, 76 livinge, 27 PP-PRN
*/

( (IP-MAT (CONJ and)
	  (NP-SBJ (PRO he)
		  (NP-PRN *ICH*-1))
	  (BED was)
	  (NP-OB1 (ONE one)
		  (PP (P of)
		      (NP (D the) (ADJ foremost))))
	  (NP-PRN-1 (PRO+N hymself))
	  (CODE <paren>)
	  (PP-PRN (P as)
		  (CP-ADV (WNP-2 0)
			  (C 0)
			  (IP-SUB (NP-OB1 *T*-2)
				  (NP-SBJ (PRO they)
					  (CP-REL *ICH*-3))
				  (VBP say)
				  (CP-REL-3 (WNP-4 (WPRO who))
					    (C 0)
					    (IP-SUB (IP-SUB (NP-SBJ *T*-4)
							    (BED were)
							    (CODE <P_70>)
							    (ADVP-LOC (ADV there)))
						    (, ,)
						    (CONJP (CONJ and)
							   (IP-SUB (NP-SBJ *T*-4)
								   (BEP are)
								   (ADVP-TMP (ADV yet))
								   (VAG livinge))))))))
	  (CODE <$$paren>)
	  (PP (P so)
	      (CP-ADV (C that)
		      (IP-SUB (IP-SUB (NP-SBJ (PRO he))
				      (VBD encountred)
				      (PP (P with)
					  (NP (ONE one)
					      (PP (P of)
						  (NP (D the) (NS Rebells))))))
			      (, ,)
			      (CONJP (CONJ and)
				     (IP-SUB (NP-SBJ *con*)
					     (VBD run)
					     (NP-OB1 (PRO hym))
					     (PP (P with)
						 (NP (PRO$ his) (N Launce)))
					     (PP (P thro')
						 (NP (D a)
						     (N Skirt)
						     (PP (P of)
							 (NP (N Male)))))
					     (, ,)
					     (CP-CAR (WPP-5 (WADV+P wherewith))
						     (C 0)
						     (IP-SUB (PP *T*-5)
							     (NP-SBJ (PRO he))
							     (VBD unhorsed)
							     (NP-OB1 (PRO$ his) (N Enemy)))))))))
	  (. ,))
  (ID PERROTT-E2-P1,70.156))
/*
FOOTER
  source file, hits/tokens/total
  C:\Users\Shoo\Dropbox\workspace\CorpusSearch_Auto\data\corporas\PPCEME\temp1492105854173\biography_and_diaries\perrott-e2-p1.psd	1/1/175
*/
/*
HEADER:
source file:  C:\Users\Shoo\Dropbox\workspace\CorpusSearch_Auto\data\corporas\PPCEME\temp1492105854173\biography_and_diaries\perrott-e2-p2.psd
*/

/~*
Yet Sir John Perrott was noe sooner gon into the Countrey, but within short
Time Wyriott found such Frends, not soe much for his owne Sake, as for the
evill Affection which they bare unto Sir John Perrott that they did not only
procure Wyriott's Inlargment, without entring into Bonds as was ordered but
allso Letters were written from some of the Privey Counsell unto the Justice
of the Assisse, in that Cyrcuite wherin Sir John Perrott's Leving lay; to take
the Examination and Triall of such Proffes as should be produced, either by
Sir John Perrott agaynst Wyriott, or by Wyriott agaynst hym, touching such
Artickles as should be tendered unto them. Wheras, in truth, Sir John Perrott
had not objected any thing agaynst hym at all, but only answered his
Objections befor the Privey Counsell.
(PERROTT-E2-P2,121.98)
*~/
/*
172 VAG:  172 VAG, 173 entring, 168 PP-PRN
*/

( (IP-MAT (ADVP (ADV Yet))
	  (NP-SBJ (NPR Sir) (CODE <font>) (NPR John) (NPR Perrott))
	  (CODE <$$font>)
	  (BED was)
	  (ADVP-TMP (Q noe)
		    (ADVR sooner)
		    (PP *ICH*-1))
	  (VBN gon)
	  (PP (P into)
	      (NP (D the) (N Countrey)))
	  (, ,)
	  (PP-1 (P but)
		(CP-CMP (WADVP-2 0)
			(C 0)
			(IP-SUB (ADVP-TMP *T*-2)
				(PP (P within)
				    (NP (ADJ short) (N Time)))
				(CODE <font>)
				(NP-SBJ (NPR Wyriott))
				(CODE <$$font>)
				(VBD found)
				(NP-OB1 (ADJP (SUCH such)
					      (CP-DEG *ICH*-4))
					(NS Frends))
				(, ,)
				(CODE <paren>)
				(PP-PRN (QP (NEG not) (ADVR soe) (Q much))
					(P for)
					(NP (PRO$ his) (ADJ owne) (N Sake))
					(, ,)
					(PP (P as)
					    (PP (P for)
						(NP (D the)
						    (ADJ evill)
						    (N Affection)
						    (CP-REL (WNP-3 (WPRO which))
							    (C 0)
							    (IP-SUB (NP-OB1 *T*-3)
								    (NP-SBJ (PRO they))
								    (VBD bare)
								    (PP (P unto)
									(NP (NPR Sir) (CODE <font>) (NPR John) (NPR Perrott)))))))))
				(CODE <$$font>)
				(CODE <$$paren>)
				(CP-DEG-4 (C that)
					  (IP-SUB (IP-SUB (NP-SBJ (PRO they))
							  (DOD did)
							  (NEG not)
							  (FP only)
							  (VB procure)
							  (NP-OB1 (CODE <font>) (NPR$ Wyriott's) (CODE <$$font>) (N Inlargment))
							  (, ,)
							  (CODE <paren>)
							  (PP-PRN (P without)
								  (IP-PPL (VAG entring)
									  (PP (P into)
									      (NP (NS Bonds)))
									  (PP (P as)
									      (CP-ADV (WNP-5 0)
										      (C 0)
										      (IP-SUB (NP-SBJ *T*-5)
											      (BED was)
											      (VAN ordered))))))
							  (CODE <$$paren>))
						  (CONJP (CONJ but)
							 (ALSO allso)
							 (IP-SUB (NP-SBJ (NS Letters))
								 (BED were)
								 (VAN written)
								 (PP (P from)
								     (NP (Q some)
									 (PP (P of)
									     (NP (D the) (NPR Privey) (NPR Counsell)))))
								 (PP (P unto)
								     (NP (D the)
									 (N Justice)
									 (PP (P of)
									     (NP (D the) (N Assisse)))
									 (, ,)
									 (PP (P in)
									     (NP (D that)
										 (N Cyrcuite)
										 (CP-REL (WPP-6 (WADV+P wherin))
											 (C 0)
											 (IP-SUB (PP *T*-6)
												 (NP-SBJ (NP-POS (NPR Sir) (CODE <font>) (NPR John) (NPR$ Perrott's) (CODE <$$font>))
													 (N Leving))
												 (VBD lay)))))))
								 (, ;)
								 (IP-INF (TO to)
									 (VB take)
									 (NP-OB1 (D the)
										 (N Examination)
										 (CONJP (CONJ and)
											(NX (N Triall)))
										 (PP (P of)
										     (NP (SUCH such)
											 (NS Proffes)
											 (PP (P as)
											     (CP-CMP (WNP-7 0)
												     (C 0)
												     (IP-SUB (IP-SUB-8 (NP-SBJ *T*-7)
														       (MD should)
														       (BE be)
														       (VAN produced)
														       (, ,)
														       (CONJ either)
														       (PP (P by)
															   (CODE <P_121>)
															   (NP (NPR Sir) (CODE <font>) (NPR John) (NPR Perrott) (CODE <$$font>)))
														       (PP (P agaynst)
															   (NP (CODE <font>) (NPR Wyriott) (CODE <$$font>))))
													     (, ,)
													     (CONJP (CONJ or)
														    (IP-SUB=8 (PP (P by)
																  (NP (CODE <font>) (NPR Wyriott) (CODE <$$font>)))
															      (PP (P agaynst)
																  (NP (PRO hym))))))))
											 (, ,)
											 (RRC (VAG touching)
											      (NP-OB1 (SUCH such)
												      (NS Artickles)
												      (PP (P as)
													  (CP-CMP (WNP-9 0)
														  (C 0)
														  (IP-SUB (NP-SBJ *T*-9)
															  (MD should)
															  (BE be)
															  (VAN tendered)
															  (PP (P unto)
															      (NP (PRO them)))))))))))))))))))
	  (, .)
	  (PP (WADV+P Wheras)
	      (, ,)
	      (CP-ADV (C 0)
		      (IP-SUB (PP (P in)
				  (NP (N truth)))
			      (, ,)
			      (NP-SBJ (NPR Sir) (CODE <font>) (NPR John) (NPR Perrott) (CODE <$$font>))
			      (HVD had)
			      (NEG not)
			      (VBN objected)
			      (NP-OB1 (Q any)
				      (N thing)
				      (PP (P agaynst)
					  (NP (PRO hym)))
				      (PP (P at)
					  (NP (Q all)))))
		      (, ,)
		      (CONJP (CONJ but)
			     (IP-SUB (FP only)
				     (NP-SBJ *con*)
				     (VBD answered)
				     (NP-OB1 (PRO$ his)
					     (NS Objections)
					     (PP (P befor)
						 (NP (D the) (NPR Privey) (NPR Counsell))))))))
	  (. .))
  (ID PERROTT-E2-P2,121.98))
/*
FOOTER
  source file, hits/tokens/total
  C:\Users\Shoo\Dropbox\workspace\CorpusSearch_Auto\data\corporas\PPCEME\temp1492105854173\biography_and_diaries\perrott-e2-p2.psd	1/1/135
*/
/*
HEADER:
source file:  C:\Users\Shoo\Dropbox\workspace\CorpusSearch_Auto\data\corporas\PPCEME\temp1492105854173\biography_and_diaries\roper-e1-h.psd
*/

/~*
"Besides this, the manifold goodnes of the kings highnes himself, that hath
bine so many waies my singuler good Lord and gracious soueraigne, that hath so
deerely loved and trusted me, even att my $very first cominge into his noble
service with the dignity of his honourable pryvy Councell vouchsafing to admit
me, and to offices of greate creditt and worshippe most liberally advanced me,
and finally with that waighty Roome of his graces highe Chauncelour the like
whereof he neuer did to temporall man before next to his owne roiall person
the highest officer in this noble realme, so farr aboue my merittes or
qualities able and meete therefore, of his incomparable benignity honoured and
exalted me, by the space of XX=ti= yeares and more shewing his continewall
favour towards me, And vntill at my owne poore suite, it pleased his highnes,
geving me licens, with his maiesties favour, to bestowe the residue of my life
for the provision of my soule in the service of god, of his especiall goodnes
thereof to discharg and vnburthen me most beningly heaped honours continually
more and more vppon me:
(ROPER-E1-H,91.110)
*~/
/*
435 VAG:  435 VAG, 436 geving, 401 PP-PRN
*/

( (FRAG (" ")
	(PP (P Besides)
	    (NP (D this)))
	(, ,)
	(NP (D the)
	    (ADJ manifold)
	    (N goodnes)
	    (PP (P of)
		(NP (NP-POS (D the)
			    (N$ kings)
			    (NP-PRN *ICH*-1))
		    (N highnes)
		    (NP-PRN-1 (PRO+N himself))
		    (, ,)
		    (CP-REL-SPE (WNP-2 0)
				(C that)
				(IP-SUB-SPE (NP-SBJ *T*-2)
					    (HVP hath)
					    (BEN bine)
					    (NP-ADV (QP (ADVR so) (Q many))
						    (NS waies))
					    (NP-OB1 (PRO$ my)
						    (ADV singuler)
						    (ADJ good)
						    (N Lord)
						    (CONJP (CONJ and)
							   (NX (ADJ gracious) (N soueraigne))))))
		    (, ,)
		    (CP-REL-SPE (WNP-3 0)
				(C that)
				(IP-SUB-SPE (IP-SUB-SPE-4 (NP-SBJ *T*-3)
							  (HVP hath)
							  (ADVP (ADVR so) (ADV deerely))
							  (VBN (VBN loved) (CONJ and) (VBN trusted))
							  (NP-OB1 (PRO me))
							  (, ,)
							  (PP (FP even)
							      (P att)
							      (NP (PRO$ my)
								  (ADJP (ADV $very) (ADJ first))
								  (N cominge)
								  (PP (P into)
								      (NP (PRO$ his) (ADJ noble) (N service)))))
							  (PP (P with)
							      (NP (D the)
								  (N dignity)
								  (PP (P of)
								      (NP (PRO$ his) (ADJ honourable) (NPR pryvy) (NPR Councell)))))
							  (IP-PPL-SPE (VAG vouchsafing)
								      (IP-INF-SPE (TO to)
										  (VB admit)
										  (NP-OB1 (PRO me)))))
					    (, ,)
					    (CONJP (IP-SUB-SPE=4 (CONJ and)
								 (PP (P to)
								     (NP (NS offices)
									 (PP (P of)
									     (NP (ADJ greate)
										 (N creditt)
										 (CONJP (CONJ and)
											(NX (N worshippe)))))))
								 (ADVP (QS most) (ADV liberally))
								 (VBN advanced)
								 (NP-OB1 (PRO me))))
					    (, ,)
					    (CONJP (CONJ and)
						   (IP-SUB-SPE=4 (ADVP-TMP (ADV finally))
								 (PP (P with)
								     (NP (D that)
									 (ADJ waighty)
									 (N Roome)
									 (PP (P of)
									     (NP (NP-POS (PRO$ his) (N$ graces))
										 (ADJ highe)
										 (N Chauncelour)
										 (CODE <paren>)
										 (CP-CAR-PRN-SPE (WNP-5 (D the)
													(ADJ like)
													(WPP (WADV+P whereof)))
												 (C 0)
												 (IP-SUB-SPE (NP-OB1 *T*-5)
													     (NP-SBJ (PRO he))
													     (ADVP-TMP (ADV neuer))
													     (DOD did)
													     (PP (P to)
														 (NP (ADJ temporall) (N man)))
													     (ADVP-TMP (ADV before))))
										 (CODE <$$paren>)
										 (NP-PRN (ADJP-LOC (ADJS next)
												   (PP (P to)
												       (NP (PRO$ his) (ADJ owne) (ADJ roiall) (N person))))
											 (D the)
											 (ADJS highest)
											 (N officer)
											 (PP (P in)
											     (NP (D this) (ADJ noble) (N realme)))
											 (, ,)
											 (CONJP (ADJP (PP (NP-MSR (ADJP (ADVR so) (ADJ farr)))
													  (P aboue)
													  (NP (PRO$ my)
													      (NS merittes)
													      (CONJP (CONJ or)
														     (NX (NS qualities)))))
												      (ADJ able)
												      (CONJ and)
												      (ADJ meete)
												      (PP (ADV+P therefore)))))))))
								 (, ,)
								 (PP (P of)
								     (NP (PRO$ his) (ADJ incomparable) (N benignity)))
								 (VBN (VBN honoured) (CONJ and) (VBN exalted))
								 (NP-OB1 (PRO me))
								 (, ,)
								 (IP-PPL-SPE (PP (P by)
										 (NP (D the)
										     (N space)
										     (PP (P of)
											 (NP (NP (NUM XX=ti=) (NS yeares))
											     (CONJP (CONJ and)
												    (QP (QR more)))))))
									     (VAG shewing)
									     (NP-OB1 (PRO$ his) (ADJ continewall) (N favour))
									     (PP (P towards)
										 (NP (PRO me))))))
					    (, ,)
					    (CONJP (CONJ And)
						   (CODE <paren>)
						   (IP-SUB-SPE=4 (PP-PRN (P vntill)
									 (CP-ADV-SPE (C 0)
										     (IP-SUB-SPE (PP (P at)
												     (NP (PRO$ my) (ADJ owne) (ADJ poore) (N suite)))
												 (, ,)
												 (NP-SBJ-6 (PRO it))
												 (VBD pleased)
												 (NP-OB2 (PRO$ his) (N highnes))
												 (, ,)
												 (IP-PPL-SPE (VAG geving)
													     (NP-OB2 (PRO me))
													     (NP-OB1 (N licens)
														     (IP-INF-SPE *ICH*-7))
													     (, ,)
													     (PP (P with)
														 (CODE <P_91>)
														 (NP (NP-POS (PRO$ his) (N$ maiesties))
														     (N favour)))
													     (, ,)
													     (IP-INF-SPE-7 (TO to)
															   (VB bestowe)
															   (NP-OB1 (D the)
																   (N residue)
																   (PP (P of)
																       (NP (PRO$ my) (N life))))
															   (PP (P for)
															       (NP (D the)
																   (N provision)
																   (PP (P of)
																       (NP (PRO$ my) (N soule)))))
															   (PP (P in)
															       (NP (D the)
																   (N service)
																   (PP (P of)
																       (NP (NPR god)))))))
												 (, ,)
												 (IP-INF-SPE-6 (PP (P of)
														   (NP (PRO$ his) (ADJ especiall) (N goodnes)))
													       (PP (ADV+P thereof))
													       (TO to)
													       (VB (VB discharg) (CONJ and) (VB vnburthen))
													       (NP-OB1 (PRO me)))))
									 (CODE <$$paren>))
								 (ADVP (QS most) (ADV beningly))
								 (VBN heaped)
								 (NP-OB1 (NS honours))
								 (ADVP (ADV continually))
								 (NP-MSR (QP (QR more) (CONJ and) (QR more)))
								 (PP (P vppon)
								     (NP (PRO me))))))))))
	(. :))
  (ID ROPER-E1-H,91.110))
/*
FOOTER
  source file, hits/tokens/total
  C:\Users\Shoo\Dropbox\workspace\CorpusSearch_Auto\data\corporas\PPCEME\temp1492105854173\biography_and_diaries\roper-e1-h.psd	1/1/125
*/
/*
HEADER:
source file:  C:\Users\Shoo\Dropbox\workspace\CorpusSearch_Auto\data\corporas\PPCEME\temp1492105854173\biography_and_diaries\roper-e1-p1.psd
*/
/*
FOOTER
  source file, hits/tokens/total
  C:\Users\Shoo\Dropbox\workspace\CorpusSearch_Auto\data\corporas\PPCEME\temp1492105854173\biography_and_diaries\roper-e1-p1.psd	0/0/115
*/
/*
HEADER:
source file:  C:\Users\Shoo\Dropbox\workspace\CorpusSearch_Auto\data\corporas\PPCEME\temp1492105854173\biography_and_diaries\roper-e1-p2.psd
*/
/*
FOOTER
  source file, hits/tokens/total
  C:\Users\Shoo\Dropbox\workspace\CorpusSearch_Auto\data\corporas\PPCEME\temp1492105854173\biography_and_diaries\roper-e1-p2.psd	0/0/159
*/
/*
HEADER:
source file:  C:\Users\Shoo\Dropbox\workspace\CorpusSearch_Auto\data\corporas\PPCEME\temp1492105854173\biography_and_diaries\underhill-e1-p2.psd
*/
/*
FOOTER
  source file, hits/tokens/total
  C:\Users\Shoo\Dropbox\workspace\CorpusSearch_Auto\data\corporas\PPCEME\temp1492105854173\biography_and_diaries\underhill-e1-p2.psd	0/0/300
*/
/*
SUMMARY:  
source files, hits/tokens/total
  C:\Users\Shoo\Dropbox\workspace\CorpusSearch_Auto\data\corporas\PPCEME\temp1492105854173\biography_and_diaries\burnetroc-e3-h.psd	0/0/253
  C:\Users\Shoo\Dropbox\workspace\CorpusSearch_Auto\data\corporas\PPCEME\temp1492105854173\biography_and_diaries\burnetroc-e3-p1.psd	0/0/235
  C:\Users\Shoo\Dropbox\workspace\CorpusSearch_Auto\data\corporas\PPCEME\temp1492105854173\biography_and_diaries\burnetroc-e3-p2.psd	0/0/208
  C:\Users\Shoo\Dropbox\workspace\CorpusSearch_Auto\data\corporas\PPCEME\temp1492105854173\biography_and_diaries\edward-e1-h.psd	0/0/431
  C:\Users\Shoo\Dropbox\workspace\CorpusSearch_Auto\data\corporas\PPCEME\temp1492105854173\biography_and_diaries\edward-e1-p1.psd	0/0/548
  C:\Users\Shoo\Dropbox\workspace\CorpusSearch_Auto\data\corporas\PPCEME\temp1492105854173\biography_and_diaries\edward-e1-p2.psd	0/0/532
  C:\Users\Shoo\Dropbox\workspace\CorpusSearch_Auto\data\corporas\PPCEME\temp1492105854173\biography_and_diaries\evelyn-e3-h.psd	0/0/397
  C:\Users\Shoo\Dropbox\workspace\CorpusSearch_Auto\data\corporas\PPCEME\temp1492105854173\biography_and_diaries\evelyn-e3-p1.psd	0/0/491
  C:\Users\Shoo\Dropbox\workspace\CorpusSearch_Auto\data\corporas\PPCEME\temp1492105854173\biography_and_diaries\evelyn-e3-p2.psd	0/0/495
  C:\Users\Shoo\Dropbox\workspace\CorpusSearch_Auto\data\corporas\PPCEME\temp1492105854173\biography_and_diaries\forman-diary-e2-p1.psd	0/0/446
  C:\Users\Shoo\Dropbox\workspace\CorpusSearch_Auto\data\corporas\PPCEME\temp1492105854173\biography_and_diaries\forman-diary-e2-p2.psd	0/0/333
  C:\Users\Shoo\Dropbox\workspace\CorpusSearch_Auto\data\corporas\PPCEME\temp1492105854173\biography_and_diaries\forman-e2-h.psd	0/0/278
  C:\Users\Shoo\Dropbox\workspace\CorpusSearch_Auto\data\corporas\PPCEME\temp1492105854173\biography_and_diaries\fox-e3-h.psd	2/2/366
  C:\Users\Shoo\Dropbox\workspace\CorpusSearch_Auto\data\corporas\PPCEME\temp1492105854173\biography_and_diaries\fox-e3-p1.psd	1/1/415
  C:\Users\Shoo\Dropbox\workspace\CorpusSearch_Auto\data\corporas\PPCEME\temp1492105854173\biography_and_diaries\fox-e3-p2.psd	0/0/412
  C:\Users\Shoo\Dropbox\workspace\CorpusSearch_Auto\data\corporas\PPCEME\temp1492105854173\biography_and_diaries\hoby-e2-h.psd	0/0/811
  C:\Users\Shoo\Dropbox\workspace\CorpusSearch_Auto\data\corporas\PPCEME\temp1492105854173\biography_and_diaries\hoby-e2-p1.psd	0/0/775
  C:\Users\Shoo\Dropbox\workspace\CorpusSearch_Auto\data\corporas\PPCEME\temp1492105854173\biography_and_diaries\hoby-e2-p2.psd	0/0/907
  C:\Users\Shoo\Dropbox\workspace\CorpusSearch_Auto\data\corporas\PPCEME\temp1492105854173\biography_and_diaries\machyn-e1-h.psd	0/0/446
  C:\Users\Shoo\Dropbox\workspace\CorpusSearch_Auto\data\corporas\PPCEME\temp1492105854173\biography_and_diaries\machyn-e1-p1.psd	0/0/461
  C:\Users\Shoo\Dropbox\workspace\CorpusSearch_Auto\data\corporas\PPCEME\temp1492105854173\biography_and_diaries\machyn-e1-p2.psd	0/0/452
  C:\Users\Shoo\Dropbox\workspace\CorpusSearch_Auto\data\corporas\PPCEME\temp1492105854173\biography_and_diaries\madox-e2-h.psd	0/0/503
  C:\Users\Shoo\Dropbox\workspace\CorpusSearch_Auto\data\corporas\PPCEME\temp1492105854173\biography_and_diaries\madox-e2-p1.psd	0/0/479
  C:\Users\Shoo\Dropbox\workspace\CorpusSearch_Auto\data\corporas\PPCEME\temp1492105854173\biography_and_diaries\madox-e2-p2.psd	0/0/479
  C:\Users\Shoo\Dropbox\workspace\CorpusSearch_Auto\data\corporas\PPCEME\temp1492105854173\biography_and_diaries\mowntayne-e1-h.psd	0/0/437
  C:\Users\Shoo\Dropbox\workspace\CorpusSearch_Auto\data\corporas\PPCEME\temp1492105854173\biography_and_diaries\mowntayne-e1-p1.psd	0/0/437
  C:\Users\Shoo\Dropbox\workspace\CorpusSearch_Auto\data\corporas\PPCEME\temp1492105854173\biography_and_diaries\mowntayne-e1-p2.psd	0/0/116
  C:\Users\Shoo\Dropbox\workspace\CorpusSearch_Auto\data\corporas\PPCEME\temp1492105854173\biography_and_diaries\pepys-e3-h.psd	0/0/330
  C:\Users\Shoo\Dropbox\workspace\CorpusSearch_Auto\data\corporas\PPCEME\temp1492105854173\biography_and_diaries\pepys-e3-p1.psd	0/0/393
  C:\Users\Shoo\Dropbox\workspace\CorpusSearch_Auto\data\corporas\PPCEME\temp1492105854173\biography_and_diaries\pepys-e3-p2.psd	0/0/321
  C:\Users\Shoo\Dropbox\workspace\CorpusSearch_Auto\data\corporas\PPCEME\temp1492105854173\biography_and_diaries\perrott-e2-h.psd	1/1/171
  C:\Users\Shoo\Dropbox\workspace\CorpusSearch_Auto\data\corporas\PPCEME\temp1492105854173\biography_and_diaries\perrott-e2-p1.psd	1/1/175
  C:\Users\Shoo\Dropbox\workspace\CorpusSearch_Auto\data\corporas\PPCEME\temp1492105854173\biography_and_diaries\perrott-e2-p2.psd	1/1/135
  C:\Users\Shoo\Dropbox\workspace\CorpusSearch_Auto\data\corporas\PPCEME\temp1492105854173\biography_and_diaries\roper-e1-h.psd	1/1/125
  C:\Users\Shoo\Dropbox\workspace\CorpusSearch_Auto\data\corporas\PPCEME\temp1492105854173\biography_and_diaries\roper-e1-p1.psd	0/0/115
  C:\Users\Shoo\Dropbox\workspace\CorpusSearch_Auto\data\corporas\PPCEME\temp1492105854173\biography_and_diaries\roper-e1-p2.psd	0/0/159
  C:\Users\Shoo\Dropbox\workspace\CorpusSearch_Auto\data\corporas\PPCEME\temp1492105854173\biography_and_diaries\underhill-e1-p2.psd	0/0/300
whole search, hits/tokens/total
		7/7/14367
*/
