/*
PREFACE:  
Copyright 2010 Beth Randall
Date:  Thu Apr 13 18:58:25 BST 2017

command file:     data\searches\queries\PENN\progressive_forms_in_noun_phrases_adjunts.q
output file:      C:\Users\Shoo\Dropbox\workspace\CorpusSearch_Auto\data\output\13-04-2017 18.46.36.333 PPCMBE\progressive_forms_in_noun_phrases_adjunts\fiction_romances_dramacomedies_and_verse\result.out

node:   NP-ADT*|BAG*|HAG*|VAG*|DAG*
query:  (BAG*|HAG*|VAG*|DAG* Dominates  !BAG*|HAG*|VAG*|DAG*) 
  AND  (NP-ADT* Dominates  BAG*|HAG*|VAG*|DAG*) 
*/
/*
HEADER:
source file:  C:\Users\Shoo\Dropbox\workspace\CorpusSearch_Auto\data\corporas\PPCMBE\temp1492106160469\fiction_romances_dramacomedies_and_verse\brougham-1861.psd
*/
/*
FOOTER
  source file, hits/tokens/total
  C:\Users\Shoo\Dropbox\workspace\CorpusSearch_Auto\data\corporas\PPCMBE\temp1492106160469\fiction_romances_dramacomedies_and_verse\brougham-1861.psd	0/0/1202
*/
/*
HEADER:
source file:  C:\Users\Shoo\Dropbox\workspace\CorpusSearch_Auto\data\corporas\PPCMBE\temp1492106160469\fiction_romances_dramacomedies_and_verse\collier-1835.psd
*/
/*
FOOTER
  source file, hits/tokens/total
  C:\Users\Shoo\Dropbox\workspace\CorpusSearch_Auto\data\corporas\PPCMBE\temp1492106160469\fiction_romances_dramacomedies_and_verse\collier-1835.psd	0/0/1122
*/
/*
HEADER:
source file:  C:\Users\Shoo\Dropbox\workspace\CorpusSearch_Auto\data\corporas\PPCMBE\temp1492106160469\fiction_romances_dramacomedies_and_verse\colman-1805.psd
*/
/*
FOOTER
  source file, hits/tokens/total
  C:\Users\Shoo\Dropbox\workspace\CorpusSearch_Auto\data\corporas\PPCMBE\temp1492106160469\fiction_romances_dramacomedies_and_verse\colman-1805.psd	0/0/1185
*/
/*
HEADER:
source file:  C:\Users\Shoo\Dropbox\workspace\CorpusSearch_Auto\data\corporas\PPCMBE\temp1492106160469\fiction_romances_dramacomedies_and_verse\davys-1716.psd
*/
/*
FOOTER
  source file, hits/tokens/total
  C:\Users\Shoo\Dropbox\workspace\CorpusSearch_Auto\data\corporas\PPCMBE\temp1492106160469\fiction_romances_dramacomedies_and_verse\davys-1716.psd	0/0/946
*/
/*
HEADER:
source file:  C:\Users\Shoo\Dropbox\workspace\CorpusSearch_Auto\data\corporas\PPCMBE\temp1492106160469\fiction_romances_dramacomedies_and_verse\defoe-1719.psd
*/
/*
FOOTER
  source file, hits/tokens/total
  C:\Users\Shoo\Dropbox\workspace\CorpusSearch_Auto\data\corporas\PPCMBE\temp1492106160469\fiction_romances_dramacomedies_and_verse\defoe-1719.psd	0/0/495
*/
/*
HEADER:
source file:  C:\Users\Shoo\Dropbox\workspace\CorpusSearch_Auto\data\corporas\PPCMBE\temp1492106160469\fiction_romances_dramacomedies_and_verse\dickens-1837.psd
*/
/*
FOOTER
  source file, hits/tokens/total
  C:\Users\Shoo\Dropbox\workspace\CorpusSearch_Auto\data\corporas\PPCMBE\temp1492106160469\fiction_romances_dramacomedies_and_verse\dickens-1837.psd	0/0/566
*/
/*
HEADER:
source file:  C:\Users\Shoo\Dropbox\workspace\CorpusSearch_Auto\data\corporas\PPCMBE\temp1492106160469\fiction_romances_dramacomedies_and_verse\fielding-1749.psd
*/
/*
FOOTER
  source file, hits/tokens/total
  C:\Users\Shoo\Dropbox\workspace\CorpusSearch_Auto\data\corporas\PPCMBE\temp1492106160469\fiction_romances_dramacomedies_and_verse\fielding-1749.psd	0/0/486
*/
/*
HEADER:
source file:  C:\Users\Shoo\Dropbox\workspace\CorpusSearch_Auto\data\corporas\PPCMBE\temp1492106160469\fiction_romances_dramacomedies_and_verse\godwin-1805.psd
*/
/*
FOOTER
  source file, hits/tokens/total
  C:\Users\Shoo\Dropbox\workspace\CorpusSearch_Auto\data\corporas\PPCMBE\temp1492106160469\fiction_romances_dramacomedies_and_verse\godwin-1805.psd	0/0/593
*/
/*
HEADER:
source file:  C:\Users\Shoo\Dropbox\workspace\CorpusSearch_Auto\data\corporas\PPCMBE\temp1492106160469\fiction_romances_dramacomedies_and_verse\goldsmith-1773.psd
*/
/*
FOOTER
  source file, hits/tokens/total
  C:\Users\Shoo\Dropbox\workspace\CorpusSearch_Auto\data\corporas\PPCMBE\temp1492106160469\fiction_romances_dramacomedies_and_verse\goldsmith-1773.psd	0/0/1065
*/
/*
HEADER:
source file:  C:\Users\Shoo\Dropbox\workspace\CorpusSearch_Auto\data\corporas\PPCMBE\temp1492106160469\fiction_romances_dramacomedies_and_verse\meredith-1895.psd
*/
/*
FOOTER
  source file, hits/tokens/total
  C:\Users\Shoo\Dropbox\workspace\CorpusSearch_Auto\data\corporas\PPCMBE\temp1492106160469\fiction_romances_dramacomedies_and_verse\meredith-1895.psd	0/0/652
*/
/*
HEADER:
source file:  C:\Users\Shoo\Dropbox\workspace\CorpusSearch_Auto\data\corporas\PPCMBE\temp1492106160469\fiction_romances_dramacomedies_and_verse\reeve-1777.psd
*/
/*
FOOTER
  source file, hits/tokens/total
  C:\Users\Shoo\Dropbox\workspace\CorpusSearch_Auto\data\corporas\PPCMBE\temp1492106160469\fiction_romances_dramacomedies_and_verse\reeve-1777.psd	0/0/751
*/
/*
HEADER:
source file:  C:\Users\Shoo\Dropbox\workspace\CorpusSearch_Auto\data\corporas\PPCMBE\temp1492106160469\fiction_romances_dramacomedies_and_verse\stevens-1745.psd
*/
/*
FOOTER
  source file, hits/tokens/total
  C:\Users\Shoo\Dropbox\workspace\CorpusSearch_Auto\data\corporas\PPCMBE\temp1492106160469\fiction_romances_dramacomedies_and_verse\stevens-1745.psd	0/0/1065
*/
/*
HEADER:
source file:  C:\Users\Shoo\Dropbox\workspace\CorpusSearch_Auto\data\corporas\PPCMBE\temp1492106160469\fiction_romances_dramacomedies_and_verse\wilde-1895.psd
*/
/*
FOOTER
  source file, hits/tokens/total
  C:\Users\Shoo\Dropbox\workspace\CorpusSearch_Auto\data\corporas\PPCMBE\temp1492106160469\fiction_romances_dramacomedies_and_verse\wilde-1895.psd	0/0/996
*/
/*
HEADER:
source file:  C:\Users\Shoo\Dropbox\workspace\CorpusSearch_Auto\data\corporas\PPCMBE\temp1492106160469\fiction_romances_dramacomedies_and_verse\yonge-1865.psd
*/
/*
FOOTER
  source file, hits/tokens/total
  C:\Users\Shoo\Dropbox\workspace\CorpusSearch_Auto\data\corporas\PPCMBE\temp1492106160469\fiction_romances_dramacomedies_and_verse\yonge-1865.psd	0/0/629
*/
/*
SUMMARY:  
source files, hits/tokens/total
  C:\Users\Shoo\Dropbox\workspace\CorpusSearch_Auto\data\corporas\PPCMBE\temp1492106160469\fiction_romances_dramacomedies_and_verse\brougham-1861.psd	0/0/1202
  C:\Users\Shoo\Dropbox\workspace\CorpusSearch_Auto\data\corporas\PPCMBE\temp1492106160469\fiction_romances_dramacomedies_and_verse\collier-1835.psd	0/0/1122
  C:\Users\Shoo\Dropbox\workspace\CorpusSearch_Auto\data\corporas\PPCMBE\temp1492106160469\fiction_romances_dramacomedies_and_verse\colman-1805.psd	0/0/1185
  C:\Users\Shoo\Dropbox\workspace\CorpusSearch_Auto\data\corporas\PPCMBE\temp1492106160469\fiction_romances_dramacomedies_and_verse\davys-1716.psd	0/0/946
  C:\Users\Shoo\Dropbox\workspace\CorpusSearch_Auto\data\corporas\PPCMBE\temp1492106160469\fiction_romances_dramacomedies_and_verse\defoe-1719.psd	0/0/495
  C:\Users\Shoo\Dropbox\workspace\CorpusSearch_Auto\data\corporas\PPCMBE\temp1492106160469\fiction_romances_dramacomedies_and_verse\dickens-1837.psd	0/0/566
  C:\Users\Shoo\Dropbox\workspace\CorpusSearch_Auto\data\corporas\PPCMBE\temp1492106160469\fiction_romances_dramacomedies_and_verse\fielding-1749.psd	0/0/486
  C:\Users\Shoo\Dropbox\workspace\CorpusSearch_Auto\data\corporas\PPCMBE\temp1492106160469\fiction_romances_dramacomedies_and_verse\godwin-1805.psd	0/0/593
  C:\Users\Shoo\Dropbox\workspace\CorpusSearch_Auto\data\corporas\PPCMBE\temp1492106160469\fiction_romances_dramacomedies_and_verse\goldsmith-1773.psd	0/0/1065
  C:\Users\Shoo\Dropbox\workspace\CorpusSearch_Auto\data\corporas\PPCMBE\temp1492106160469\fiction_romances_dramacomedies_and_verse\meredith-1895.psd	0/0/652
  C:\Users\Shoo\Dropbox\workspace\CorpusSearch_Auto\data\corporas\PPCMBE\temp1492106160469\fiction_romances_dramacomedies_and_verse\reeve-1777.psd	0/0/751
  C:\Users\Shoo\Dropbox\workspace\CorpusSearch_Auto\data\corporas\PPCMBE\temp1492106160469\fiction_romances_dramacomedies_and_verse\stevens-1745.psd	0/0/1065
  C:\Users\Shoo\Dropbox\workspace\CorpusSearch_Auto\data\corporas\PPCMBE\temp1492106160469\fiction_romances_dramacomedies_and_verse\wilde-1895.psd	0/0/996
  C:\Users\Shoo\Dropbox\workspace\CorpusSearch_Auto\data\corporas\PPCMBE\temp1492106160469\fiction_romances_dramacomedies_and_verse\yonge-1865.psd	0/0/629
whole search, hits/tokens/total
		0/0/11753
*/
