/*
PREFACE:  
Copyright 2010 Beth Randall
Date:  Thu Apr 13 18:58:16 BST 2017

command file:     data\searches\queries\PENN\progressive_forms_in_adjective_phrases_appositive.q
output file:      C:\Users\Shoo\Dropbox\workspace\CorpusSearch_Auto\data\output\13-04-2017 18.46.36.333 PPCMBE\progressive_forms_in_adjective_phrases_appositive\prefaces_epilogues_nonprivate_and_private_letters\result.out

node:   ADJP-PRN*|BAG*|HAG*|VAG*|DAG*
query:  (BAG*|HAG*|VAG*|DAG* Dominates  !BAG*|HAG*|VAG*|DAG*) 
  AND  (ADJP-PRN* Dominates  BAG*|HAG*|VAG*|DAG*) 
*/
/*
HEADER:
source file:  C:\Users\Shoo\Dropbox\workspace\CorpusSearch_Auto\data\corporas\PPCMBE\temp1492106160469\prefaces_epilogues_nonprivate_and_private_letters\austen-180x.psd
*/
/*
FOOTER
  source file, hits/tokens/total
  C:\Users\Shoo\Dropbox\workspace\CorpusSearch_Auto\data\corporas\PPCMBE\temp1492106160469\prefaces_epilogues_nonprivate_and_private_letters\austen-180x.psd	0/0/741
*/
/*
HEADER:
source file:  C:\Users\Shoo\Dropbox\workspace\CorpusSearch_Auto\data\corporas\PPCMBE\temp1492106160469\prefaces_epilogues_nonprivate_and_private_letters\carlyle-1835.psd
*/
/*
FOOTER
  source file, hits/tokens/total
  C:\Users\Shoo\Dropbox\workspace\CorpusSearch_Auto\data\corporas\PPCMBE\temp1492106160469\prefaces_epilogues_nonprivate_and_private_letters\carlyle-1835.psd	0/0/699
*/
/*
HEADER:
source file:  C:\Users\Shoo\Dropbox\workspace\CorpusSearch_Auto\data\corporas\PPCMBE\temp1492106160469\prefaces_epilogues_nonprivate_and_private_letters\george-1763.psd
*/

/~*
his conduct the whole winter has been unaccountable, either silent in the
house or attacking friends and commending foes;
(GEORGE-1763,198.259)
*~/
/*
42 VAG:  42 VAG, 43 attacking, 23 ADJP-PRN
51 VAG:  51 VAG, 52 commending, 23 ADJP-PRN
*/
( (IP-MAT (NP-SBJ (PRO$ his) (N conduct))
	  (NP-MSR (D the) (ADJ whole) (N winter))
	  (HVP has)
	  (BEN been)
	  (ADJP (ADJ unaccountable)
		(, ,)
		(ADJP-PRN (CONJ either)
			  (ADJP (ADJ silent)
				(PP (P in)
				    (NP (D the) (NPR house))))
			  (CONJP (CONJ or)
				 (IP-PPL (IP-PPL (VAG attacking)
						 (NP-OB1 (NS friends)))
					 (CONJP (CONJ and)
						(IP-PPL (VAG commending)
							(NP-OB1 (NS foes))))))))
	  (. ;))
  (ID GEORGE-1763,198.259))
/*
FOOTER
  source file, hits/tokens/total
  C:\Users\Shoo\Dropbox\workspace\CorpusSearch_Auto\data\corporas\PPCMBE\temp1492106160469\prefaces_epilogues_nonprivate_and_private_letters\george-1763.psd	2/1/288
*/
/*
HEADER:
source file:  C:\Users\Shoo\Dropbox\workspace\CorpusSearch_Auto\data\corporas\PPCMBE\temp1492106160469\prefaces_epilogues_nonprivate_and_private_letters\gladstone-1873.psd
*/
/*
FOOTER
  source file, hits/tokens/total
  C:\Users\Shoo\Dropbox\workspace\CorpusSearch_Auto\data\corporas\PPCMBE\temp1492106160469\prefaces_epilogues_nonprivate_and_private_letters\gladstone-1873.psd	0/0/925
*/
/*
HEADER:
source file:  C:\Users\Shoo\Dropbox\workspace\CorpusSearch_Auto\data\corporas\PPCMBE\temp1492106160469\prefaces_epilogues_nonprivate_and_private_letters\holmes-letters-1749.psd
*/
/*
FOOTER
  source file, hits/tokens/total
  C:\Users\Shoo\Dropbox\workspace\CorpusSearch_Auto\data\corporas\PPCMBE\temp1492106160469\prefaces_epilogues_nonprivate_and_private_letters\holmes-letters-1749.psd	0/0/298
*/
/*
HEADER:
source file:  C:\Users\Shoo\Dropbox\workspace\CorpusSearch_Auto\data\corporas\PPCMBE\temp1492106160469\prefaces_epilogues_nonprivate_and_private_letters\johnson-1775.psd
*/
/*
FOOTER
  source file, hits/tokens/total
  C:\Users\Shoo\Dropbox\workspace\CorpusSearch_Auto\data\corporas\PPCMBE\temp1492106160469\prefaces_epilogues_nonprivate_and_private_letters\johnson-1775.psd	0/0/914
*/
/*
HEADER:
source file:  C:\Users\Shoo\Dropbox\workspace\CorpusSearch_Auto\data\corporas\PPCMBE\temp1492106160469\prefaces_epilogues_nonprivate_and_private_letters\montagu-1718.psd
*/

/~*
They repeated over and over to me: "Uzelle, pek Uzelle," which is nothing but,
"Charming, very charming."
(MONTAGU-1718,99.275)
*~/
/*
70 VAG:  70 VAG, 71 charming, 67 ADJP-PRN-ELAB
*/

( (IP-MAT (NP-SBJ (PRO They))
	  (VBD repeated)
	  (RP (RP over) (CONJ and) (RP over))
	  (PP (P to)
	      (NP (PRO me)))
	  (, :)
	  (" ")
	  (QTP (TURKISH (FW Uzelle) (, ,) (FW pek) (FW Uzelle))
	       (, ,)
	       (" ")
	       (CP-REL (WNP-1 (WPRO which))
		       (C 0)
		       (IP-SUB (NP-SBJ *T*-1)
			       (BEP is)
			       (NP-OB1 (Q+N nothing)
				       (PP (P but)
					   (, ,)
					   (" ")
					   (CODE <font>)
					   (QTP (ADJP (VAG Charming)
						      (, ,)
						      (ADJP-PRN-ELAB (ADV very) (VAG charming)))))))))
	  (. .)
	  (CODE <$$font>)
	  (" "))
  (ID MONTAGU-1718,99.275))
/*
FOOTER
  source file, hits/tokens/total
  C:\Users\Shoo\Dropbox\workspace\CorpusSearch_Auto\data\corporas\PPCMBE\temp1492106160469\prefaces_epilogues_nonprivate_and_private_letters\montagu-1718.psd	1/1/492
*/
/*
HEADER:
source file:  C:\Users\Shoo\Dropbox\workspace\CorpusSearch_Auto\data\corporas\PPCMBE\temp1492106160469\prefaces_epilogues_nonprivate_and_private_letters\nightingale-188x.psd
*/
/*
FOOTER
  source file, hits/tokens/total
  C:\Users\Shoo\Dropbox\workspace\CorpusSearch_Auto\data\corporas\PPCMBE\temp1492106160469\prefaces_epilogues_nonprivate_and_private_letters\nightingale-188x.psd	0/0/211
*/
/*
HEADER:
source file:  C:\Users\Shoo\Dropbox\workspace\CorpusSearch_Auto\data\corporas\PPCMBE\temp1492106160469\prefaces_epilogues_nonprivate_and_private_letters\nightingale-189x.psd
*/
/*
FOOTER
  source file, hits/tokens/total
  C:\Users\Shoo\Dropbox\workspace\CorpusSearch_Auto\data\corporas\PPCMBE\temp1492106160469\prefaces_epilogues_nonprivate_and_private_letters\nightingale-189x.psd	0/0/429
*/
/*
HEADER:
source file:  C:\Users\Shoo\Dropbox\workspace\CorpusSearch_Auto\data\corporas\PPCMBE\temp1492106160469\prefaces_epilogues_nonprivate_and_private_letters\victoria-186x.psd
*/
/*
FOOTER
  source file, hits/tokens/total
  C:\Users\Shoo\Dropbox\workspace\CorpusSearch_Auto\data\corporas\PPCMBE\temp1492106160469\prefaces_epilogues_nonprivate_and_private_letters\victoria-186x.psd	0/0/826
*/
/*
HEADER:
source file:  C:\Users\Shoo\Dropbox\workspace\CorpusSearch_Auto\data\corporas\PPCMBE\temp1492106160469\prefaces_epilogues_nonprivate_and_private_letters\walpole-174x.psd
*/
/*
FOOTER
  source file, hits/tokens/total
  C:\Users\Shoo\Dropbox\workspace\CorpusSearch_Auto\data\corporas\PPCMBE\temp1492106160469\prefaces_epilogues_nonprivate_and_private_letters\walpole-174x.psd	0/0/665
*/
/*
HEADER:
source file:  C:\Users\Shoo\Dropbox\workspace\CorpusSearch_Auto\data\corporas\PPCMBE\temp1492106160469\prefaces_epilogues_nonprivate_and_private_letters\wellesley-1815.psd
*/
/*
FOOTER
  source file, hits/tokens/total
  C:\Users\Shoo\Dropbox\workspace\CorpusSearch_Auto\data\corporas\PPCMBE\temp1492106160469\prefaces_epilogues_nonprivate_and_private_letters\wellesley-1815.psd	0/0/543
*/
/*
SUMMARY:  
source files, hits/tokens/total
  C:\Users\Shoo\Dropbox\workspace\CorpusSearch_Auto\data\corporas\PPCMBE\temp1492106160469\prefaces_epilogues_nonprivate_and_private_letters\austen-180x.psd	0/0/741
  C:\Users\Shoo\Dropbox\workspace\CorpusSearch_Auto\data\corporas\PPCMBE\temp1492106160469\prefaces_epilogues_nonprivate_and_private_letters\carlyle-1835.psd	0/0/699
  C:\Users\Shoo\Dropbox\workspace\CorpusSearch_Auto\data\corporas\PPCMBE\temp1492106160469\prefaces_epilogues_nonprivate_and_private_letters\george-1763.psd	2/1/288
  C:\Users\Shoo\Dropbox\workspace\CorpusSearch_Auto\data\corporas\PPCMBE\temp1492106160469\prefaces_epilogues_nonprivate_and_private_letters\gladstone-1873.psd	0/0/925
  C:\Users\Shoo\Dropbox\workspace\CorpusSearch_Auto\data\corporas\PPCMBE\temp1492106160469\prefaces_epilogues_nonprivate_and_private_letters\holmes-letters-1749.psd	0/0/298
  C:\Users\Shoo\Dropbox\workspace\CorpusSearch_Auto\data\corporas\PPCMBE\temp1492106160469\prefaces_epilogues_nonprivate_and_private_letters\johnson-1775.psd	0/0/914
  C:\Users\Shoo\Dropbox\workspace\CorpusSearch_Auto\data\corporas\PPCMBE\temp1492106160469\prefaces_epilogues_nonprivate_and_private_letters\montagu-1718.psd	1/1/492
  C:\Users\Shoo\Dropbox\workspace\CorpusSearch_Auto\data\corporas\PPCMBE\temp1492106160469\prefaces_epilogues_nonprivate_and_private_letters\nightingale-188x.psd	0/0/211
  C:\Users\Shoo\Dropbox\workspace\CorpusSearch_Auto\data\corporas\PPCMBE\temp1492106160469\prefaces_epilogues_nonprivate_and_private_letters\nightingale-189x.psd	0/0/429
  C:\Users\Shoo\Dropbox\workspace\CorpusSearch_Auto\data\corporas\PPCMBE\temp1492106160469\prefaces_epilogues_nonprivate_and_private_letters\victoria-186x.psd	0/0/826
  C:\Users\Shoo\Dropbox\workspace\CorpusSearch_Auto\data\corporas\PPCMBE\temp1492106160469\prefaces_epilogues_nonprivate_and_private_letters\walpole-174x.psd	0/0/665
  C:\Users\Shoo\Dropbox\workspace\CorpusSearch_Auto\data\corporas\PPCMBE\temp1492106160469\prefaces_epilogues_nonprivate_and_private_letters\wellesley-1815.psd	0/0/543
whole search, hits/tokens/total
		3/2/7031
*/
