/*
PREFACE:  
Copyright 2010 Beth Randall
Date:  Thu Apr 13 18:55:12 BST 2017

command file:     data\searches\queries\PENN\stranded_prepositions.q
output file:      C:\Users\Shoo\Dropbox\workspace\CorpusSearch_Auto\data\output\13-04-2017 18.46.36.333 PPCEME\stranded_prepositions\homilies_and_sermons\result.out

node:   *|P
query:  (P Dominates  !P) 
  AND  (* iDomsLast  P) 
*/
/*
HEADER:
source file:  C:\Users\Shoo\Dropbox\workspace\CorpusSearch_Auto\data\corporas\PPCEME\temp1492105854173\homilies_and_sermons\fisher-e1-h.psd
*/

/~*
& ther vnto we shall bynde hym by his owne reason.
(FISHER-E1-H,1,314.9)
*~/
/*
7 P:  7 P, 8 vnto, 4 PP
*/
( (IP-MAT (CONJ &)
	  (PP (ADV ther) (P vnto))
	  (NP-SBJ (PRO we))
	  (MD shall)
	  (VB bynde)
	  (NP-OB1 (PRO hym))
	  (PP (P by)
	      (NP (PRO$ his) (ADJ owne) (N reason)))
	  (. .))
  (ID FISHER-E1-H,1,314.9))

/~*
A mans eye may leade hym from euery part of the tree. tyll euery parte of the
shadowe. & agayne. from euery parte of the shadowe tyll euery parte of the
tree. answerynge ther vnto.
(FISHER-E1-H,1,315.24)
*~/
/*
103 P:  103 P, 104 vnto, 100 PP
*/

( (IP-MAT (IP-MAT-1 (NP-SBJ (NP-POS (D A) (N$ mans))
			    (N eye))
		    (MD may)
		    (VB leade)
		    (NP-OB1 (PRO hym))
		    (PP (P from)
			(NP (Q euery)
			    (N part)
			    (PP (P of)
				(NP (D the) (N tree)))))
		    (, .)
		    (PP (P tyll)
			(NP (Q euery)
			    (N parte)
			    (PP (P of)
				(NP (D the) (N shadowe))))))
	  (, .)
	  (CONJP (CONJ &)
		 (IP-MAT=1 (ADVP (ADV agayne))
			   (, .)
			   (PP (P from)
			       (NP (Q euery)
				   (N parte)
				   (PP (P of)
				       (NP (D the) (N shadowe)))))
			   (PP (P tyll)
			       (NP (Q euery)
				   (N parte)
				   (PP (P of)
				       (NP (D the) (N tree)))
				   (, .)
				   (RRC (VAG answerynge)
					(PP (ADV ther) (P vnto)))))))
	  (. .))
  (ID FISHER-E1-H,1,315.24))

/~*
And therefore when we behold the Image of the Crucifixe in anye place set vp,
we should thynke howe greeuously sinne was punyshed in the body of our sauiour
Christ. And there by learne to dreade the greeuous punishment of sinne.
(FISHER-E1-H,1,398.185)
*~/
/*
101 P:  101 P, 102 by, 98 PP
*/

( (IP-MAT (IP-MAT-1 (CONJ And)
		    (PP (ADV+P therefore))
		    (PP (P when)
			(CP-ADV (C 0)
				(IP-SUB (NP-SBJ (PRO we))
					(VBP behold)
					(NP-OB1 (D the)
						(N Image)
						(PP (P of)
						    (NP (D the)
							(N Crucifixe)
							(RRC (PP (P in)
								 (NP (Q anye) (N place)))
							     (VAN set)
							     (RP vp))))))))
		    (, ,)
		    (NP-SBJ (PRO we))
		    (MD should)
		    (VB thynke)
		    (CP-QUE (WADVP-2 (WADV howe) (ADV greeuously))
			    (C 0)
			    (IP-SUB (ADVP *T*-2)
				    (NP-SBJ (N sinne))
				    (BED was)
				    (VAN punyshed)
				    (PP (P in)
					(NP (D the)
					    (N body)
					    (PP (P of)
						(NP (PRO$ our)
						    (NPR sauiour)
						    (NP-PRN (NPR Christ)))))))))
	  (, .)
	  (CONJP (CONJ And)
		 (IP-MAT=1 (PP (ADV there) (P by))
			   (VB learne)
			   (IP-INF (TO to)
				   (VB dreade)
				   (NP-OB1 (D the)
					   (ADJ greeuous)
					   (N punishment)
					   (PP (P of)
					       (NP (N sinne)))))))
	  (. .))
  (ID FISHER-E1-H,1,398.185))

/~*
Who that deepely considerith this that I haue sayde, and with an earnest study
resorteth often to looke vppon this booke I maruell if he doo not fynde here
in, great cause and earnest matter of dread.
(FISHER-E1-H,1,399.199)
*~/
/*
96 P:  96 P, 97 in, 93 PP
*/

( (IP-MAT (NP-LFD (CP-FRL (WNP-1 (WPRO Who))
			  (C that)
			  (IP-SUB (IP-SUB (NP-SBJ *T*-1)
					  (ADVP (ADV deepely))
					  (VBP considerith)
					  (NP-OB1 (D this)
						  (CP-REL (WNP-2 0)
							  (C that)
							  (IP-SUB (NP-OB1 *T*-2)
								  (NP-SBJ (PRO I))
								  (HVP haue)
								  (VBN sayde)))))
				  (, ,)
				  (CONJP (CONJ and)
					 (IP-SUB (NP-SBJ *T*-1)
						 (PP (P with)
						     (NP (D an) (ADJ earnest) (N study)))
						 (VBP resorteth)
						 (IP-INF (ADVP-TMP (ADV often))
							 (TO to)
							 (VB looke)
							 (PP (P vppon)
							     (NP (D this) (N booke)))))))))
	  (NP-SBJ (PRO I))
	  (VBP maruell)
	  (PP (P if)
	      (CP-ADV (C 0)
		      (IP-SUB (NP-SBJ-RSP (PRO he))
			      (DOP doo)
			      (NEG not)
			      (VB fynde)
			      (PP (ADV here) (P in))
			      (, ,)
			      (NP-OB1 (NP (ADJ great) (N cause))
				      (CONJP (CONJ and)
					     (NP (ADJ earnest) (N matter)))
				      (PP (P of)
					  (NP (N dread)))))))
	  (. .))
  (ID FISHER-E1-H,1,399.199))

/~*
But I shall tell you, where of you ought to be ashamed.
(FISHER-E1-H,1,402.255)
*~/
/*
20 P:  20 P, 21 of, 17 WPP-1
*/

( (IP-MAT (CONJ But)
	  (NP-SBJ (PRO I))
	  (MD shall)
	  (VB tell)
	  (NP-OB2 (PRO you))
	  (, ,)
	  (CP-QUE (WPP-1 (WADV where) (P of))
		  (C 0)
		  (IP-SUB (NP-SBJ (PRO you))
			  (MD ought)
			  (TO to)
			  (BE be)
			  (ADJP (ADJ ashamed)
				(PP *T*-1))))
	  (. .))
  (ID FISHER-E1-H,1,402.255))
/*
FOOTER
  source file, hits/tokens/total
  C:\Users\Shoo\Dropbox\workspace\CorpusSearch_Auto\data\corporas\PPCEME\temp1492105854173\homilies_and_sermons\fisher-e1-h.psd	5/5/262
*/
/*
HEADER:
source file:  C:\Users\Shoo\Dropbox\workspace\CorpusSearch_Auto\data\corporas\PPCEME\temp1492105854173\homilies_and_sermons\fisher-e1-p1.psd
*/

/~*
For as I sayd though the naturall sonne shyne neuer so bryght vpon a tree. yf
this tree haue in it no grenenes nor puttynge forthe of buddes & lefes this
tree is not alyue.
(FISHER-E1-P1,326.76)
*~/
/*
5 P:  5 P, 6 as, 4 PP
*/

( (IP-MAT (CONJ For)
	  (PP (P as))
	  (CP-ADV (C 0)
		  (IP-SUB (NP-SBJ (PRO I))
			  (VBD sayd)))
	  (PP (P though)
	      (CP-ADV (C 0)
		      (IP-SUB (NP-SBJ (D the) (ADJ naturall) (N sonne))
			      (VBP shyne)
			      (ADVP (ADV neuer) (ADVR so) (ADV bryght))
			      (PP (P vpon)
				  (NP (D a) (N tree))))))
	  (, .)
	  (PP (P yf)
	      (CP-ADV (C 0)
		      (IP-SUB (NP-SBJ (D this) (N tree))
			      (HVP haue)
			      (PP (P in)
				  (NP (PRO it)))
			      (NP-OB1 (Q no)
				      (N grenenes)
				      (CONJP (CONJ nor)
					     (NX (N puttynge)
						 (ADVP-DIR (ADV forthe))
						 (PP (P of)
						     (NP (NS buddes) (CONJ &) (NS lefes)))))))))
	  (NP-SBJ (D this) (N tree))
	  (BEP is)
	  (NEG not)
	  (PP (P+N alyue))
	  (. .))
  (ID FISHER-E1-P1,326.76))

/~*
Thus euerie person both ryche and poore, may thinke, not onely in the church
here, but in euery other place, and in hys businesse where about hee goeth.
(FISHER-E1-P1,391.213)
*~/
/*
75 P:  75 P, 76 about, 72 WPP-1
*/

( (IP-MAT (ADVP (ADV Thus))
	  (NP-SBJ (Q euerie)
		  (N person)
		  (ADJP (CONJ both) (ADJ ryche) (CONJ and) (ADJ poore)))
	  (, ,)
	  (MD may)
	  (VB thinke)
	  (, ,)
	  (PP (PP (NEG not)
		  (FP onely)
		  (P in)
		  (NP (D the)
		      (N church)
		      (ADVP-LOC (ADV here))))
	      (, ,)
	      (CONJP (CONJ but)
		     (PP (P in)
			 (NP (Q euery) (OTHER other) (N place))))
	      (, ,)
	      (CONJP (CONJ and)
		     (PP (P in)
			 (NP (PRO$ hys)
			     (N businesse)
			     (CP-REL (WPP-1 (WADV where) (P about))
				     (C 0)
				     (IP-SUB (PP *T*-1)
					     (NP-SBJ (PRO hee))
					     (VBP goeth)))))))
	  (. .))
  (ID FISHER-E1-P1,391.213))

/~*
that is to saye, full of stroakes, and lasshes, where by the skynne was toarne,
and rente in a thousande places.
(FISHER-E1-P1,396.306)
*~/
/*
35 P:  35 P, 36 by, 32 WPP-1
*/

( (IP-MAT (NP-SBJ (D that))
	  (BEP is)
	  (IP-INF (TO to)
		  (VB saye)
		  (, ,)
		  (ADJP (ADJ full)
			(PP (P of)
			    (NP (NS stroakes)
				(, ,)
				(CONJ and)
				(NS lasshes)
				(, ,)
				(CP-REL (WPP-1 (WADV where) (P by))
					(C 0)
					(IP-SUB (PP *T*-1)
						(NP-SBJ (D the) (N skynne))
						(BED was)
						(VAN (VAN toarne) (, ,) (CONJ and) (VAN rente))
						(PP (P in)
						    (NP (NUMP (D a) (NUM thousande))
							(NS places)))))))))
	  (. .))
  (ID FISHER-E1-P1,396.306))
/*
FOOTER
  source file, hits/tokens/total
  C:\Users\Shoo\Dropbox\workspace\CorpusSearch_Auto\data\corporas\PPCEME\temp1492105854173\homilies_and_sermons\fisher-e1-p1.psd	3/3/311
*/
/*
HEADER:
source file:  C:\Users\Shoo\Dropbox\workspace\CorpusSearch_Auto\data\corporas\PPCEME\temp1492105854173\homilies_and_sermons\fisher-e1-p2.psd
*/

/~*
Thyrdly the thyrd persone in the trynyte that is to saye the holy spiryte of
trouth was sent fro the other twayne to abyde with vs for euer. And to be as a
comforter contynuell in christes chirche. whan the stormes & tempestes of
heresyes do aryse. & agaynst al floghteryng doutfulnes to teche vs the veray
certayne trouthe. where vnto we shold rest.
(FISHER-E1-P2,334.31)
*~/
/*
172 P:  172 P, 173 vnto, 169 WPP-1
*/

( (IP-MAT (ADVP (ADV Thyrdly))
	  (NP-SBJ (D the)
		  (ADJ thyrd)
		  (N persone)
		  (PP (P in)
		      (NP (D the) (N trynyte))))
	  (IP-MAT-PRN (NP-SBJ (D that))
		      (BEP is)
		      (IP-INF (TO to)
			      (VB saye)
			      (NP-OB1 (D the)
				      (NPR holy)
				      (NPR spiryte)
				      (PP (P of)
					  (NP (N trouth))))))
	  (BED was)
	  (VAN sent)
	  (PP (P fro)
	      (NP (D the) (OTHER other) (NUM twayne)))
	  (IP-INF-PRP (IP-INF (TO to)
			      (VB abyde)
			      (PP (P with)
				  (NP (PRO vs)))
			      (PP (P for)
				  (ADVP (ADV euer)))
			      (, .)
			      (IP-INF-PRN (CONJ And)
					  (TO to)
					  (BE be)
					  (PP (P as)
					      (NP (D a)
						  (N comforter)
						  (ADJP (ADJ contynuell))))
					  (PP (P in)
					      (NP (NPR$ christes) (NPR chirche))))
			      (, .)
			      (PP (P whan)
				  (CP-ADV (C 0)
					  (IP-SUB (NP-SBJ (D the)
							  (NS stormes)
							  (CONJP (CONJ &)
								 (NX (NS tempestes)))
							  (PP (P of)
							      (NP (NS heresyes))))
						  (DOP do)
						  (VB aryse)))))
		      (, .)
		      (CONJP (CONJ &)
			     (IP-INF (PP (P agaynst)
					 (NP (Q al) (VAG floghteryng) (N doutfulnes)))
				     (TO to)
				     (VB teche)
				     (NP-OB2 (PRO vs))
				     (NP-OB1 (D the)
					     (ADJ veray)
					     (ADJ certayne)
					     (N trouthe)
					     (, .)
					     (CP-REL (WPP-1 (WADV where) (P vnto))
						     (C 0)
						     (IP-SUB (PP *T*-1)
							     (NP-SBJ (PRO we))
							     (MD shold)
							     (VB rest)))))))
	  (. .))
  (ID FISHER-E1-P2,334.31))

/~*
Fyrst that the holy spiryt which is the thyrd persone in the diuynyte was sent
from the holy father almyghty god & from his sone our sauyour christ Iesu. to
be the spyryte of trouthe. resyaunt for euer in the chirch of chryst. & to be
as a comforter fro tyme to tyme agaynst al stormes & tempestes of heresyes.
acertaynynge vs in the tyme of euery doubtfulnes the veray trouthe where vnto
we shal holde & kepe vs.
(FISHER-E1-P2,346.195)
*~/
/*
213 P:  213 P, 214 vnto, 210 WPP-2
*/

( (FRAG (ADVP (ADV Fyrst))
	(CP-THT (C that)
		(IP-SUB (NP-SBJ (D the)
				(NPR holy)
				(NPR spiryt)
				(CP-REL (WNP-1 (WPRO which))
					(C 0)
					(IP-SUB (NP-SBJ *T*-1)
						(BEP is)
						(NP-OB1 (D the)
							(ADJ thyrd)
							(N persone)
							(PP (P in)
							    (NP (D the) (N diuynyte)))))))
			(BED was)
			(VAN sent)
			(PP (PP (P from)
				(NP (D the)
				    (ADJ holy)
				    (NPR father)
				    (NP-PRN (ADJ almyghty) (NPR god))))
			    (CONJP (CONJ &)
				   (PP (P from)
				       (NP (PRO$ his)
					   (NPR sone)
					   (NP-PRN (PRO$ our) (NPR sauyour))
					   (NP-PRN (NPR christ) (NPR Iesu))))))
			(, .)
			(IP-INF-PRP (IP-INF (TO to)
					    (BE be)
					    (NP-OB1 (D the)
						    (N spyryte)
						    (PP (P of)
							(NP (N trouthe)))
						    (, .)
						    (ADJP (ADJ resyaunt)
							  (PP (P for)
							      (ADVP (ADV euer)))
							  (PP (P in)
							      (NP (D the)
								  (NPR chirch)
								  (PP (P of)
								      (NP (NPR chryst))))))))
				    (, .)
				    (CONJP (CONJ &)
					   (IP-INF (TO to)
						   (BE be)
						   (PP (P as)
						       (NP (D a) (N comforter)))
						   (NP-MSR (PP (P fro)
							       (NP (N tyme)))
							   (PP (P to)
							       (NP (N tyme))))
						   (PP (P agaynst)
						       (NP (Q al)
							   (NS stormes)
							   (CONJP (CONJ &)
								  (NX (NS tempestes)))
							   (PP (P of)
							       (NP (NS heresyes)))))
						   (, .)
						   (IP-PPL (VAG acertaynynge)
							   (NP-OB2 (PRO vs))
							   (PP (P in)
							       (NP (D the)
								   (N tyme)
								   (PP (P of)
								       (NP (Q euery) (N doubtfulnes)))))
							   (NP-OB1 (D the)
								   (ADJ veray)
								   (N trouthe)
								   (CP-REL (WPP-2 (WADV where) (P vnto))
									   (C 0)
									   (IP-SUB (PP *T*-2)
										   (NP-SBJ (PRO we))
										   (MD shal)
										   (VB (VB holde) (CONJ &) (VB kepe))
										   (NP-OB1 (PRO vs)))))))))))
	(. .))
  (ID FISHER-E1-P2,346.195))
/*
FOOTER
  source file, hits/tokens/total
  C:\Users\Shoo\Dropbox\workspace\CorpusSearch_Auto\data\corporas\PPCEME\temp1492105854173\homilies_and_sermons\fisher-e1-p2.psd	2/2/208
*/
/*
HEADER:
source file:  C:\Users\Shoo\Dropbox\workspace\CorpusSearch_Auto\data\corporas\PPCEME\temp1492105854173\homilies_and_sermons\hooker-a-e2-h.psd
*/
/*
FOOTER
  source file, hits/tokens/total
  C:\Users\Shoo\Dropbox\workspace\CorpusSearch_Auto\data\corporas\PPCEME\temp1492105854173\homilies_and_sermons\hooker-a-e2-h.psd	0/0/117
*/
/*
HEADER:
source file:  C:\Users\Shoo\Dropbox\workspace\CorpusSearch_Auto\data\corporas\PPCEME\temp1492105854173\homilies_and_sermons\hooker-a-e2-p1.psd
*/

/~*
those things that are not written in the booke of the law, wee ought not so
much as to be acquainted with them.
(HOOKER-A-E2-P1,11.25)
*~/
/*
53 P:  53 P, 54 as, 52 PP
*/

( (IP-MAT (NP-LFD (D those)
		  (NS things)
		  (CP-REL (WNP-1 0)
			  (C that)
			  (IP-SUB (NP-SBJ *T*-1)
				  (BEP are)
				  (NEG not)
				  (VAN written)
				  (PP (P in)
				      (NP (D the)
					  (N booke)
					  (PP (P of)
					      (NP (D the) (N law))))))))
	  (, ,)
	  (NP-SBJ (PRO wee))
	  (MD ought)
	  (NEG not)
	  (NP-MSR (QP (ADVR so) (Q much))
		  (PP (P as)))
	  (TO to)
	  (BE be)
	  (VAN acquainted)
	  (PP (P with)
	      (NP-RSP (PRO them)))
	  (. .))
  (ID HOOKER-A-E2-P1,11.25))

/~*
They are tearmed for their impiety towards God, mockers, and for the impurity
of their life and conversation, walkers after their owne vngodly lusts.
(HOOKER-A-E2-P1,13.53)
*~/
/*
72 P:  72 P, 73 after, 71 PP
*/

( (IP-MAT (IP-MAT (NP-SBJ-1 (PRO They))
		  (BEP are)
		  (VAN tearmed)
		  (PP (P for)
		      (NP (PRO$ their)
			  (N impiety)
			  (PP (P towards)
			      (NP (NPR God)))))
		  (, ,)
		  (IP-SMC (NP-SBJ *-1)
			  (NP-OB1 (CODE <font>) (NS mockers) (CODE <$$font>))))
	  (, ,)
	  (CONJP (CONJ and)
		 (IP-MAT (PP (P for)
			     (NP (D the)
				 (N impurity)
				 (PP (P of)
				     (NP (PRO$ their)
					 (N life)
					 (CONJP (CONJ and)
						(NX (N conversation)))))))
			 (, ,)
			 (CODE <font>)
			 (NP-OB1 (NS walkers)
				 (PP (P after))
				 (NP (PRO$ their) (ADJ owne) (ADJ vngodly) (NS lusts)))))
	  (. .))
  (ID HOOKER-A-E2-P1,13.53))
/*
FOOTER
  source file, hits/tokens/total
  C:\Users\Shoo\Dropbox\workspace\CorpusSearch_Auto\data\corporas\PPCEME\temp1492105854173\homilies_and_sermons\hooker-a-e2-p1.psd	2/2/128
*/
/*
HEADER:
source file:  C:\Users\Shoo\Dropbox\workspace\CorpusSearch_Auto\data\corporas\PPCEME\temp1492105854173\homilies_and_sermons\hooker-a-e2-p2.psd
*/

/~*
If I should follow the comparison, & here vncover the cup of those deadly and
ougly abominations, where with this Ieroboam of whom we speake hath made the
earth so drunke that it hath reeled vnder vs, I know your godly hearts would
loath to see them.
(HOOKER-A-E2-P2,27.96)
*~/
/*
59 P:  59 P, 60 with, 56 WPP-2
*/

( (IP-MAT (PP (P If)
	      (CP-ADV (C 0)
		      (IP-SUB (IP-SUB-1 (NP-SBJ (PRO I))
					(MD should)
					(VB follow)
					(NP-OB1 (D the) (N comparison)))
			      (, ,)
			      (CONJP (CONJ &)
				     (IP-SUB=1 (ADVP-LOC (ADV here))
					       (VB vncover)
					       (NP-OB1 (D the)
						       (N cup)
						       (PP (P of)
							   (NP (D those)
							       (ADJP (ADJ deadly) (CONJ and) (ADJ ougly))
							       (NS abominations)
							       (, ,)
							       (CP-REL (WPP-2 (WADV where) (P with))
								       (C 0)
								       (IP-SUB (PP *T*-2)
									       (NP-SBJ (D this)
										       (CODE <font>)
										       (NPR Ieroboam)
										       (CODE <$$font>)
										       (CP-REL (WPP-3 (P of)
												      (WNP (WPRO whom)))
											       (C 0)
											       (IP-SUB (PP *T*-3)
												       (NP-SBJ (PRO we))
												       (VBP speake)))))
								       (HVP hath)
								       (VBN made)
								       (IP-SMC (NP-SBJ (D the) (N earth))
									       (ADJP (ADVR so)
										     (ADJ drunke)
										     (CP-DEG (C that)
											     (IP-SUB (NP-SBJ (PRO it))
												     (HVP hath)
												     (VBN reeled)
												     (PP (P vnder)
													 (NP (PRO vs))))))))))))))))
	  (, ,)
	  (NP-SBJ (PRO I))
	  (VBP know)
	  (CP-THT (C 0)
		  (IP-SUB (NP-SBJ (PRO$ your) (ADJ godly) (NS hearts))
			  (MD would)
			  (VB loath)
			  (IP-INF (TO to)
				  (VB see)
				  (NP-OB1 (PRO them)))))
	  (. .))
  (ID HOOKER-A-E2-P2,27.96))
/*
FOOTER
  source file, hits/tokens/total
  C:\Users\Shoo\Dropbox\workspace\CorpusSearch_Auto\data\corporas\PPCEME\temp1492105854173\homilies_and_sermons\hooker-a-e2-p2.psd	1/1/111
*/
/*
HEADER:
source file:  C:\Users\Shoo\Dropbox\workspace\CorpusSearch_Auto\data\corporas\PPCEME\temp1492105854173\homilies_and_sermons\hooker-b-e2-h.psd
*/
/*
FOOTER
  source file, hits/tokens/total
  C:\Users\Shoo\Dropbox\workspace\CorpusSearch_Auto\data\corporas\PPCEME\temp1492105854173\homilies_and_sermons\hooker-b-e2-h.psd	0/0/134
*/
/*
HEADER:
source file:  C:\Users\Shoo\Dropbox\workspace\CorpusSearch_Auto\data\corporas\PPCEME\temp1492105854173\homilies_and_sermons\hooker-b-e2-p1.psd
*/

/~*
A strange, and a strong delusion it is where with the man of sinne hath
bewitched the world;
(HOOKER-B-E2-P1,47.119)
*~/
/*
33 P:  33 P, 34 with, 28 WPP-2
*/

( (IP-MAT (NP-OB1 (NP (D A) (ADJ strange))
		  (, ,)
		  (CONJP (CONJ and)
			 (NP (D a) (ADJ strong) (N delusion)))
		  (CP-REL *ICH*-1))
	  (NP-SBJ (PRO it))
	  (BEP is)
	  (CP-REL-1 (WPP-2 (WADV where) (CODE <P_47>) (P with))
		    (C 0)
		    (IP-SUB (PP *T*-2)
			    (NP-SBJ (D the)
				    (CODE <font>)
				    (N man)
				    (PP (P of)
					(NP (N sinne)))
				    (CODE <$$font>))
			    (HVP hath)
			    (VBN bewitched)
			    (NP-OB1 (D the) (N world))))
	  (. ;))
  (ID HOOKER-B-E2-P1,47.119))
/*
FOOTER
  source file, hits/tokens/total
  C:\Users\Shoo\Dropbox\workspace\CorpusSearch_Auto\data\corporas\PPCEME\temp1492105854173\homilies_and_sermons\hooker-b-e2-p1.psd	1/1/175
*/
/*
HEADER:
source file:  C:\Users\Shoo\Dropbox\workspace\CorpusSearch_Auto\data\corporas\PPCEME\temp1492105854173\homilies_and_sermons\hooker-b-e2-p2.psd
*/
/*
FOOTER
  source file, hits/tokens/total
  C:\Users\Shoo\Dropbox\workspace\CorpusSearch_Auto\data\corporas\PPCEME\temp1492105854173\homilies_and_sermons\hooker-b-e2-p2.psd	0/0/115
*/
/*
HEADER:
source file:  C:\Users\Shoo\Dropbox\workspace\CorpusSearch_Auto\data\corporas\PPCEME\temp1492105854173\homilies_and_sermons\jetaylor-e3-h.psd
*/

/~*
Plutarch compares a new Marriage to a Vessel before the hoops are on,
(JETAYLOR-E3-H,14.133)
*~/
/*
41 P:  41 P, 42 on, 40 PP
*/

( (IP-MAT (NP-SBJ (CODE <font>) (NPR Plutarch) (CODE <$$font>))
	  (VBP compares)
	  (NP-OB1 (D a) (ADJ new) (N Marriage))
	  (PP (P to)
	      (NP (D a) (N Vessel)))
	  (PP (P before)
	      (CP-ADV (C 0)
		      (IP-SUB (NP-SBJ (D the) (NS hoops))
			      (BEP are)
			      (PP (P on)))))
	  (. ,))
  (ID JETAYLOR-E3-H,14.133))
/*
FOOTER
  source file, hits/tokens/total
  C:\Users\Shoo\Dropbox\workspace\CorpusSearch_Auto\data\corporas\PPCEME\temp1492105854173\homilies_and_sermons\jetaylor-e3-h.psd	1/1/394
*/
/*
HEADER:
source file:  C:\Users\Shoo\Dropbox\workspace\CorpusSearch_Auto\data\corporas\PPCEME\temp1492105854173\homilies_and_sermons\jetaylor-e3-p1.psd
*/

/~*
For that 's the measure of, in all things;
(JETAYLOR-E3-P1,33.212)
*~/
/*
15 P:  15 P, 16 of, 14 PP
*/

( (IP-MAT (CONJ For)
	  (NP-SBJ (D that))
	  (BEP 's)
	  (NP-OB1 (D the)
		  (N measure)
		  (PP (P of)
		      (CODE {COM:greek_omitted}))
		  (, ,)
		  (PP (CODE <font>)
		      (P in)
		      (NP (Q all) (NS things))
		      (. ;)
		      (CODE <$$font>))))
  (ID JETAYLOR-E3-P1,33.212))
/*
FOOTER
  source file, hits/tokens/total
  C:\Users\Shoo\Dropbox\workspace\CorpusSearch_Auto\data\corporas\PPCEME\temp1492105854173\homilies_and_sermons\jetaylor-e3-p1.psd	1/1/287
*/
/*
HEADER:
source file:  C:\Users\Shoo\Dropbox\workspace\CorpusSearch_Auto\data\corporas\PPCEME\temp1492105854173\homilies_and_sermons\latimer-e1-h.psd
*/

/~*
I knowe many my selfe that professe the gospel, and lyue nothyng there after.
(LATIMER-E1-H,26P.140)
*~/
/*
51 P:  51 P, 52 after, 48 PP
*/

( (IP-MAT (NP-SBJ (PRO I)
		  (NP-PRN *ICH*-1))
	  (VBP knowe)
	  (NP-OB1 (Q many)
		  (CP-REL *ICH*-2))
	  (NP-PRN-1 (PRO$ my) (N selfe))
	  (CP-REL-2 (WNP-3 0)
		    (C that)
		    (IP-SUB (IP-SUB (NP-SBJ *T*-3)
				    (VBP professe)
				    (NP-OB1 (D the) (NPR gospel)))
			    (, ,)
			    (CONJP (CONJ and)
				   (IP-SUB (NP-SBJ *T*-3)
					   (VBP lyue)
					   (NP-MSR (Q+N nothyng))
					   (PP (ADV there) (P after))))))
	  (. .))
  (ID LATIMER-E1-H,26P.140))

/~*
Notwithstandyng, I knowe here after, some wyll come and moue your grace
towardes wantonnes and to the inclinacyon of the fleshe and vayne affections.
(LATIMER-E1-H,35L.301)
*~/
/*
15 P:  15 P, 16 after, 12 PP
*/

( (IP-MAT (ADVP (ADV Notwithstandyng))
	  (, ,)
	  (NP-SBJ (PRO I))
	  (VBP knowe)
	  (PP (ADV here) (P after))
	  (, ,)
	  (CP-THT (C 0)
		  (IP-SUB (IP-SUB-1 (NP-SBJ (Q some))
				    (MD wyll)
				    (VB come))
			  (CONJP (CONJ and)
				 (IP-SUB=1 (VB moue)
					   (NP-OB1 (PRO$ your) (N grace))
					   (PP (PP (P towardes)
						   (NP (N wantonnes)))
					       (CONJP (CONJ and)
						      (PP (P to)
							  (NP (NP (D the)
								  (N inclinacyon)
								  (PP (P of)
								      (NP (D the) (N fleshe))))
							      (CONJP (CONJ and)
								     (NP (ADJ vayne) (NS affections)))))))))))
	  (. .))
  (ID LATIMER-E1-H,35L.301))

/~*
Thys good kyng hering their conclusion would not assent there vnto,
(LATIMER-E1-H,36L.305)
*~/
/*
26 P:  26 P, 27 vnto, 23 PP
*/

( (IP-MAT (NP-SBJ (D Thys) (ADJ good) (N kyng))
	  (IP-PPL (VAG hering)
		  (NP-OB1 (PRO$ their) (N conclusion)))
	  (MD would)
	  (NEG not)
	  (VB assent)
	  (PP (ADV there) (P vnto))
	  (. ,))
  (ID LATIMER-E1-H,36L.305))

/~*
for the lacke there of, it myght cause both it, and all the rest that they
haue shold not long be theirs,
(LATIMER-E1-H,37L.341)
*~/
/*
12 P:  12 P, 13 of, 9 PP
*/

( (IP-MAT (CONJ for)
	  (NP-LFD-1 (D the)
		    (N lacke)
		    (PP (ADV there) (P of)))
	  (, ,)
	  (NP-SBJ-RSP=1 (PRO it))
	  (MD myght)
	  (VB cause)
	  (CP-THT (C 0)
		  (IP-SUB (NP-SBJ (CONJ both)
				  (NP (PRO it))
				  (, ,)
				  (CONJP (CONJ and)
					 (NP (Q all)
					     (D the)
					     (N rest)
					     (CP-REL (WNP-2 0)
						     (C that)
						     (IP-SUB (NP-OB1 *T*-2)
							     (NP-SBJ (PRO they))
							     (HVP haue))))))
			  (MD shold)
			  (NEG not)
			  (NP-MSR (ADJ long))
			  (BE be)
			  (NP-OB1 (PRO$ theirs))))
	  (. ,))
  (ID LATIMER-E1-H,37L.341))
/*
FOOTER
  source file, hits/tokens/total
  C:\Users\Shoo\Dropbox\workspace\CorpusSearch_Auto\data\corporas\PPCEME\temp1492105854173\homilies_and_sermons\latimer-e1-h.psd	4/4/355
*/
/*
HEADER:
source file:  C:\Users\Shoo\Dropbox\workspace\CorpusSearch_Auto\data\corporas\PPCEME\temp1492105854173\homilies_and_sermons\latimer-e1-p1.psd
*/

/~*
Howe be it there is nowe verie good hoope that the Kynges maiestie beinge by
the healpe of good gouernaunce of his mooste honourable counsaylours, he is
trayned and broughte vp in learnynge and knowledge of Goddes word wil shortly
prouide a remedye and set an ordre here in, which thyng that it may so be,
lette vs praye for hym.
(LATIMER-E1-P1,38P.303)
*~/
/*
136 P:  136 P, 137 in, 133 PP
*/

( (IP-MAT (ADVP (ADV (ADV31 Howe) (ADV32 be) (ADV33 it)))
	  (NP-SBJ-1 (EX there))
	  (BEP is)
	  (ADVP-TMP (ADV nowe))
	  (NP-1 (ADJP (ADV verie) (ADJ good))
		(N hoope)
		(CP-THT (C that)
			(IP-SUB (IP-SUB-2 (FRAG (NP-SBJ (NP-POS (D the) (N$ Kynges))
							(N maiestie))
						(BAG beinge)
						(PP (P by)
						    (NP (D the)
							(N healpe)
							(PP (P of)
							    (NP (ADJ good)
								(N gouernaunce)
								(PP (P of)
								    (NP (PRO$ his)
									(ADJP (QS mooste) (ADJ honourable))
									(NS counsaylours))))))))
					  (, ,)
					  (NP-SBJ (PRO he))
					  (BEP is)
					  (VAN trayned)
					  (IP-SUB-PRN=2 (CONJ and) (VAN broughte) (RP vp))
					  (PP (P in)
					      (NP (N learnynge)
						  (CONJ and)
						  (N knowledge)
						  (PP (P of)
						      (NP (NPR$ Goddes) (N word))))))
				(CONJP (IP-SUB (IP-SUB-3 (NP-SBJ *con*)
							 (MD wil)
							 (ADVP-TMP (ADV shortly))
							 (VB prouide)
							 (NP-OB1 (D a) (N remedye)))
					       (CONJP (CONJ and)
						      (IP-SUB=3 (VB set)
								(NP-OB1 (D an)
									(N ordre)
									(PP (ADV here) (P in))))))))))
	  (, ,)
	  (CP-CAR (WNP-3 (WD which) (N thyng))
		  (IP-IMP (CP-THT-4 (C that)
				    (IP-SUB (NP-SBJ-RSP=3 (PRO it))
					    (MD may)
					    (ADVP (ADV so))
					    (BE be)))
			  (, ,)
			  (VBI lette)
			  (IP-INF (CP-THT *ICH*-4)
				  (NP-SBJ (PRO vs))
				  (VB praye)
				  (PP (P for)
				      (NP (PRO hym))))))
	  (. .))
  (ID LATIMER-E1-P1,38P.303))

/~*
In lyke maner, I might seme now in my olde age to sum men, to take this parte
of scripture, because I woulde wade easilye awaye there wyth, and dryue my
matter at my pleasure and not to be bounde vnto a certayne theame.
(LATIMER-E1-P1,22L.313)
*~/
/*
85 P:  85 P, 86 wyth, 81 PP
*/

( (IP-MAT (PP (P In)
	      (NP (ADJ lyke) (N maner)))
	  (, ,)
	  (NP-SBJ (PRO I))
	  (MD might)
	  (VB seme)
	  (ADVP-TMP (ADV now))
	  (PP (P in)
	      (NP (PRO$ my) (ADJ olde) (N age)))
	  (PP (P to)
	      (NP (Q sum) (NS men)))
	  (, ,)
	  (IP-INF (TO to)
		  (VB take)
		  (NP-OB1 (D this)
			  (N parte)
			  (PP (P of)
			      (NP (NPR scripture))))
		  (, ,)
		  (PP (P+N because)
		      (CP-ADV (C 0)
			      (IP-SUB (IP-SUB-1 (NP-SBJ (PRO I))
						(MD woulde)
						(VB wade)
						(ADVP (ADV easilye))
						(ADVP-DIR (ADV awaye))
						(PP (ADVP (ADV there))
						    (P wyth)))
				      (, ,)
				      (CONJP (CONJ and)
					     (IP-SUB=1 (VB dryue)
						       (NP-OB1 (PRO$ my) (N matter))
						       (PP (PP (P at)
							       (NP (PRO$ my) (N pleasure)))
							   (CONJP (CONJ and)
								  (IP-INF (NEG not)
									  (TO to)
									  (BE be)
									  (VAN bounde)
									  (PP (P vnto)
									      (NP (D a) (ADJ certayne) (N theame))))))))))))
	  (. .))
  (ID LATIMER-E1-P1,22L.313))

/~*
The temporall swerde resteth in the handes of kynges, maiestrates, and rulers
vnder hym, where vnto al subiectes, as wel the Cleargy as the laite be subiect,
and punisheable, for anye offence contrarye to the same boke.
(LATIMER-E1-P1,23L.325)
*~/
/*
52 P:  52 P, 53 vnto, 49 WPP-1
*/

( (IP-MAT (NP-SBJ (D The) (ADJ temporall) (N swerde))
	  (VBP resteth)
	  (PP (P in)
	      (NP (D the)
		  (NS handes)
		  (PP (P of)
		      (NP (NP (NS kynges))
			  (, ,)
			  (CONJP (NP (NS maiestrates)))
			  (, ,)
			  (CONJP (CONJ and)
				 (NP (NS rulers)
				     (PP (P vnder)
					 (NP (PRO hym)))))))
		  (, ,)
		  (CP-REL (WPP-1 (WADV where) (P vnto))
			  (C 0)
			  (IP-SUB (NP-SBJ (Q al)
					  (NS subiectes)
					  (, ,)
					  (NP-PRN (ADVP (ADVR as)
							(ADVP (ADV wel))
							(PP *ICH*-2))
						  (NP (D the) (N Cleargy))
						  (PP-2 (P as)
							(NP (D the) (N laite)))))
				  (BEP be)
				  (ADJP (ADJP (ADJ subiect))
					(PP *T*-1)
					(, ,)
					(CONJP (CONJ and)
					       (ADJP (ADJ punisheable)
						     (, ,)
						     (PP (P for)
							 (NP (Q anye)
							     (N offence)
							     (ADJP (ADJ contrarye)
								   (PP (P to)
								       (NP (D the) (ADJ same) (N boke)))))))))))))
	  (. .))
  (ID LATIMER-E1-P1,23L.325))

/~*
The spirituall swerde is in the handes of the ministers and preachers, wher
vnto all Kynges, Maiestrates, Rulers $oughte to be obediente,
(LATIMER-E1-P1,23L.326)
*~/
/*
39 P:  39 P, 40 vnto, 36 WPP-1
*/

( (IP-MAT (NP-SBJ (D The) (ADJ spirituall) (N swerde))
	  (BEP is)
	  (PP (P in)
	      (NP (D the)
		  (NS handes)
		  (PP (P of)
		      (NP (D the)
			  (NS ministers)
			  (CONJP (CONJ and)
				 (NX (NS preachers)))
			  (, ,)
			  (CP-REL (WPP-1 (WADV wher) (P vnto))
				  (C 0)
				  (IP-SUB (NP-SBJ (Q all) (NS Kynges) (, ,) (NS Maiestrates) (, ,) (NS Rulers))
					  (MD $oughte)
					  (TO to)
					  (BE be)
					  (ADJP (ADJ obediente)
						(PP *T*-1))))))))
	  (. ,))
  (ID LATIMER-E1-P1,23L.326))

/~*
But he muste correcte and reproue him wyth the spyrytuall swerde, fearynge no
man, settinge God only before hys eyes, vnder whom he his a minister to
supplante and roote vp all vice and myschyefe by Goddes worde, where vnto all
menne oughte to bee obedyente, as is mencyoned in many places of scripture,
(LATIMER-E1-P1,23L.331)
*~/
/*
120 P:  120 P, 121 vnto, 117 WPP-3
*/

( (IP-MAT (CONJ But)
	  (NP-SBJ (PRO he))
	  (MD muste)
	  (VB (VB correcte) (CONJ and) (VB reproue))
	  (NP-OB1 (PRO him))
	  (PP (P wyth)
	      (NP (D the) (ADJ spyrytuall) (N swerde)))
	  (, ,)
	  (IP-PPL (VAG fearynge)
		  (NP-OB1 (Q no) (N man)))
	  (, ,)
	  (IP-PPL (VAG settinge)
		  (NP-OB1 (NPR God)
			  (FP only)
			  (CP-REL *ICH*-1))
		  (PP (P before)
		      (NP (PRO$ hys) (NS eyes)))
		  (, ,)
		  (CP-REL-1 (WPP-2 (P vnder)
				   (WNP (WPRO whom)))
			    (C 0)
			    (IP-SUB (PP *T*-2)
				    (NP-SBJ (PRO he))
				    (BEP his)
				    (NP-OB1 (D a)
					    (N minister)
					    (IP-INF (TO to)
						    (VB supplante)
						    (IP-SUB-PRN (CONJ and) (VB roote) (RP vp))
						    (NP-OB1 (Q all)
							    (N vice)
							    (CONJP (CONJ and)
								   (NX (N myschyefe))))
						    (PP (P by)
							(NP (NPR$ Goddes)
							    (N worde)
							    (, ,)
							    (CP-REL (WPP-3 (WADV where) (P vnto))
								    (C 0)
								    (IP-SUB (NP-SBJ (Q all) (NS menne))
									    (MD oughte)
									    (TO to)
									    (BE bee)
									    (ADJP (ADJ obedyente)
										  (PP *T*-3))
									    (, ,)
									    (PP (P as)
										(CP-ADV (WNP-4 0)
											(C 0)
											(IP-SUB (NP-SBJ *T*-4)
												(BEP is)
												(VAN mencyoned)
												(PP (P in)
												    (NP (Q many)
													(NS places)
													(PP (P of)
													    (NP (NPR scripture)))))))))))))))))
	  (. ,))
  (ID LATIMER-E1-P1,23L.331))
/*
FOOTER
  source file, hits/tokens/total
  C:\Users\Shoo\Dropbox\workspace\CorpusSearch_Auto\data\corporas\PPCEME\temp1492105854173\homilies_and_sermons\latimer-e1-p1.psd	5/5/336
*/
/*
HEADER:
source file:  C:\Users\Shoo\Dropbox\workspace\CorpusSearch_Auto\data\corporas\PPCEME\temp1492105854173\homilies_and_sermons\latimer-e1-p2.psd
*/

/~*
Therfore to auoyd thys plage, let vs amende oure lyues and put awaye all pryde,
whyche doth drowne men in thys realme at these dayes, all couetousnes where in
the magistrates and ryche men of thys realme are ouerwhelmed, all lechery and
other excessyue vyces, prouokynge gods wrath, were he not mercyful, euen to
take from vs oure naturall kynge and leyge Lorde, yea, and to plage vs wyth a
straunge kynge for oure vnrepentaunte herte. Wherfore yf as ye saye ye loue
the kynge, amende your lyues,
(LATIMER-E1-P2,30L.112)
*~/
/*
94 P:  94 P, 95 in, 91 WPP-2
*/

( (IP-IMP (PP (ADV+P Therfore))
	  (IP-INF-PRP (TO to)
		      (VB auoyd)
		      (NP-OB1 (D thys) (N plage)))
	  (, ,)
	  (VBI let)
	  (IP-INF (IP-INF (NP-SBJ (PRO vs))
			  (VB amende)
			  (NP-OB1 (PRO$ oure) (NS lyues)))
		  (CONJP (CONJ and)
			 (IP-INF (NP-SBJ *con*)
				 (VB put)
				 (ADVP-DIR (ADV awaye))
				 (NP-OB1 (NP (Q all)
					     (N pryde)
					     (, ,)
					     (CP-REL (WNP-1 (WPRO whyche))
						     (C 0)
						     (IP-SUB (NP-SBJ *T*-1)
							     (DOP doth)
							     (VB drowne)
							     (NP-OB1 (NS men))
							     (PP (P in)
								 (NP (D thys) (N realme)))
							     (PP (P at)
								 (NP (D these) (NS dayes))))))
					 (, ,)
					 (CONJP (NP (Q all)
						    (N couetousnes)
						    (CP-REL (WPP-2 (WADV where) (P in))
							    (C 0)
							    (IP-SUB (PP *T*-2)
								    (NP-SBJ (D the)
									    (NS magistrates)
									    (CONJP (CONJ and)
										   (NX (ADJ ryche) (NS men)))
									    (PP (P of)
										(NP (D thys) (N realme))))
								    (BEP are)
								    (VAN ouerwhelmed)))))
					 (, ,)
					 (CONJP (NP (Q all)
						    (N lechery)
						    (CONJP (CONJ and)
							   (NX (OTHER other) (ADJ excessyue) (NS vyces)))
						    (, ,)
						    (RRC (VAG prouokynge)
							 (NP-OB1 (NPR$ gods) (N wrath))
							 (, ,)
							 (CP-ADV (IP-SUB (BED were)
									 (NP-SBJ (PRO he))
									 (NEG not)
									 (ADJP (ADJ mercyful))))
							 (, ,)
							 (IP-INF (IP-INF (FP euen)
									 (TO to)
									 (VB take)
									 (PP (P from)
									     (NP (PRO vs)))
									 (NP-OB1 (PRO$ oure)
										 (ADJ naturall)
										 (N kynge)
										 (CONJP (CONJ and)
											(NX (N leyge) (N Lorde)))))
								 (, ,)
								 (INTJ yea)
								 (, ,)
								 (CONJP (CONJ and)
									(IP-INF (TO to)
										(VB plage)
										(NP-OB1 (PRO vs))
										(PP (P wyth)
										    (NP (D a) (ADJ straunge) (N kynge)))
										(PP (P for)
										    (NP (PRO$ oure) (ADJ vnrepentaunte) (N herte)))))))))))))
	  (, .)
	  (CP-CAR (WPP-3 (WADV+P Wherfore))
		  (IP-IMP (PP *T*-3)
			  (CODE <paren>)
			  (PP-PRN (P yf)
				  (CP-ADV (C 0)
					  (IP-SUB (PP (P as)
						      (CP-ADV (WNP-4 0)
							      (C 0)
							      (IP-SUB (NP-OB1 *T*-4)
								      (NP-SBJ (PRO ye))
								      (VBP saye))))
						  (CODE <$$paren>)
						  (NP-SBJ (PRO ye))
						  (VBP loue)
						  (NP-OB1 (D the) (N kynge)))))
			  (, ,)
			  (VBI amende)
			  (NP-OB1 (PRO$ your) (NS lyues))))
	  (. ,))
  (ID LATIMER-E1-P2,30L.112))

/~*
and here vpon he tilled so much as kepte halfe a dosen men.
(LATIMER-E1-P2,40L.187)
*~/
/*
7 P:  7 P, 8 vpon, 4 PP
*/

( (IP-MAT (CONJ and)
	  (PP (ADV here) (P vpon))
	  (NP-SBJ (PRO he))
	  (VBD tilled)
	  (NP-OB1 (QP (ADVR so) (Q much))
		  (PP (P as)
		      (CP-CMP (WNP-1 0)
			      (C 0)
			      (IP-SUB (NP-SBJ *T*-1)
				      (VBD kepte)
				      (NP-OB1 (NUMP (Q halfe) (D a) (NUM dosen))
					      (NS men))))))
	  (. .))
  (ID LATIMER-E1-P2,40L.187))
/*
FOOTER
  source file, hits/tokens/total
  C:\Users\Shoo\Dropbox\workspace\CorpusSearch_Auto\data\corporas\PPCEME\temp1492105854173\homilies_and_sermons\latimer-e1-p2.psd	2/2/295
*/
/*
HEADER:
source file:  C:\Users\Shoo\Dropbox\workspace\CorpusSearch_Auto\data\corporas\PPCEME\temp1492105854173\homilies_and_sermons\smith-e2-h.psd
*/
/*
FOOTER
  source file, hits/tokens/total
  C:\Users\Shoo\Dropbox\workspace\CorpusSearch_Auto\data\corporas\PPCEME\temp1492105854173\homilies_and_sermons\smith-e2-h.psd	0/0/338
*/
/*
HEADER:
source file:  C:\Users\Shoo\Dropbox\workspace\CorpusSearch_Auto\data\corporas\PPCEME\temp1492105854173\homilies_and_sermons\smith-e2-p1.psd
*/
/*
FOOTER
  source file, hits/tokens/total
  C:\Users\Shoo\Dropbox\workspace\CorpusSearch_Auto\data\corporas\PPCEME\temp1492105854173\homilies_and_sermons\smith-e2-p1.psd	0/0/360
*/
/*
HEADER:
source file:  C:\Users\Shoo\Dropbox\workspace\CorpusSearch_Auto\data\corporas\PPCEME\temp1492105854173\homilies_and_sermons\smith-e2-p2.psd
*/
/*
FOOTER
  source file, hits/tokens/total
  C:\Users\Shoo\Dropbox\workspace\CorpusSearch_Auto\data\corporas\PPCEME\temp1492105854173\homilies_and_sermons\smith-e2-p2.psd	0/0/278
*/
/*
HEADER:
source file:  C:\Users\Shoo\Dropbox\workspace\CorpusSearch_Auto\data\corporas\PPCEME\temp1492105854173\homilies_and_sermons\tillots-a-e3-h.psd
*/

/~*
Since the fathers fell asleep,, which may either be rendred from the time, or
else which seems more agreeable to the atheistical discourse of these men
saving or except that the fathers are fallen asleep, all things continue as
they were;
(TILLOTS-A-E3-H,418.13)
*~/
/*
114 P:  114 P, 115 except, 105 PP
*/

( (FRAG (PP (P Since)
	    (CP-ADV (C 0)
		    (IP-SUB (NP-SBJ (D the) (NPRS fathers))
			    (VBD fell)
			    (PP (P+N asleep)))))
	(CODE <$$font>)
	(, ,)
	(CODE {COM:greek_omitted})
	(, ,)
	(CP-CAR (WNP-1 (WPRO which))
		(C 0)
		(IP-SUB (NP-SBJ *T*-1)
			(MD may)
			(CONJ either)
			(BE be)
			(VAN rendred)
			(CODE <font>)
			(QTP (PP (PP (P from)
				     (NP (D the)
					 (N time)
					 (CODE <$$font>)
					 (, ,)
					 (FRAG (CONJ or)
					       (ELSE else)
					       (CODE <paren>)
					       (CP-CAR (WNP-2 (WPRO which))
						       (C 0)
						       (IP-SUB (NP-SBJ *T*-2)
							       (VBP seems)
							       (ADJP (QR more)
								     (ADJ agreeable)
								     (PP (P to)
									 (NP (D the)
									     (ADJ atheistical)
									     (N discourse)
									     (PP (P of)
										 (NP (D these) (NS men))))))))
					       (CODE <$$paren>)
					       (CODE <font>)
					       (PP (P saving) (CODE <$$font>) (CONJ or) (CODE <font>) (P except)))
					 (CP-REL (WNP-3 0)
						 (C that)
						 (IP-SUB (NP-TMP *T*-3)
							 (NP-SBJ (D the) (NPRS fathers))
							 (BEP are)
							 (VAN fallen)
							 (PP (P+N asleep)))))))
			     (, ,)
			     (NP-SBJ (Q all) (NS things))
			     (VBP continue)
			     (PP (P as)
				 (CP-ADV (WNP-4 0)
					 (C 0)
					 (IP-SUB (NP-OB1 *T*-4)
						 (NP-SBJ (D they))
						 (BED were)
						 (CODE <$$font>)))))))
	(. ;))
  (ID TILLOTS-A-E3-H,418.13))
/*
FOOTER
  source file, hits/tokens/total
  C:\Users\Shoo\Dropbox\workspace\CorpusSearch_Auto\data\corporas\PPCEME\temp1492105854173\homilies_and_sermons\tillots-a-e3-h.psd	1/1/162
*/
/*
HEADER:
source file:  C:\Users\Shoo\Dropbox\workspace\CorpusSearch_Auto\data\corporas\PPCEME\temp1492105854173\homilies_and_sermons\tillots-a-e3-p1.psd
*/

/~*
yet so long as the generality of mankind believes the contrary, it is
certainly a great rudeness, or incivility at least, to deride and scoff at
these things.
(TILLOTS-A-E3-P1,421.37)
*~/
/*
84 P:  84 P, 85 at, 83 PP
*/

( (IP-MAT (ADVP (ADV yet))
	  (NP-MSR (ADJP (ADVR so) (ADJ long))
		  (PP (P as)
		      (CP-CMP (WNP-1 0)
			      (C 0)
			      (IP-SUB (NP-MSR *T*-1)
				      (NP-SBJ (D the)
					      (N generality)
					      (PP (P of)
						  (NP (N+N mankind))))
				      (VBP believes)
				      (NP-OB1 (D the) (N contrary))))))
	  (, ,)
	  (NP-SBJ-2 (PRO it))
	  (BEP is)
	  (ADVP (ADV certainly))
	  (NP-OB1 (D a)
		  (ADJ great)
		  (N rudeness)
		  (, ,)
		  (CONJP (CONJ or)
			 (NX (N incivility)
			     (PP (P at)
				 (QP (QS least))))))
	  (, ,)
	  (IP-INF-2 (TO to)
		    (VB deride)
		    (IP-INF-PRN=2 (CONJ and)
				  (VB scoff)
				  (PP (P at)))
		    (NP-OB1 (D these) (NS things)))
	  (. .))
  (ID TILLOTS-A-E3-P1,421.37))

/~*
But now the Atheist can pretend no obligation of conscience why he should so
much as dispute against the principles of Religion, much less deride them.
(TILLOTS-A-E3-P1,422.47)
*~/
/*
49 P:  49 P, 50 as, 48 PP
*/

( (IP-MAT (CONJ But)
	  (ADVP (ADV now))
	  (NP-SBJ (D the) (N Atheist))
	  (MD can)
	  (VB pretend)
	  (NP-OB1 (Q no)
		  (N obligation)
		  (PP (P of)
		      (NP (N conscience)))
		  (CP-QUE (WADVP-1 (WADV why))
			  (C 0)
			  (IP-SUB (IP-SUB-2 (ADVP *T*-1)
					    (NP-SBJ (PRO he))
					    (MD should)
					    (NP-MSR (QP (ADVR so) (Q much))
						    (PP (P as)))
					    (VB dispute)
					    (PP (P against)
						(NP (D the)
						    (NS principles)
						    (PP (P of)
							(NP (N Religion))))))
				  (, ,)
				  (CONJP (IP-SUB=2 (NP-MSR (QP (Q much) (QR less)))
						   (VB deride)
						   (NP-OB1 (PRO them)))))))
	  (. .))
  (ID TILLOTS-A-E3-P1,422.47))
/*
FOOTER
  source file, hits/tokens/total
  C:\Users\Shoo\Dropbox\workspace\CorpusSearch_Auto\data\corporas\PPCEME\temp1492105854173\homilies_and_sermons\tillots-a-e3-p1.psd	2/2/126
*/
/*
HEADER:
source file:  C:\Users\Shoo\Dropbox\workspace\CorpusSearch_Auto\data\corporas\PPCEME\temp1492105854173\homilies_and_sermons\tillots-b-e3-h.psd
*/
/*
FOOTER
  source file, hits/tokens/total
  C:\Users\Shoo\Dropbox\workspace\CorpusSearch_Auto\data\corporas\PPCEME\temp1492105854173\homilies_and_sermons\tillots-b-e3-h.psd	0/0/138
*/
/*
HEADER:
source file:  C:\Users\Shoo\Dropbox\workspace\CorpusSearch_Auto\data\corporas\PPCEME\temp1492105854173\homilies_and_sermons\tillots-b-e3-p1.psd
*/
/*
FOOTER
  source file, hits/tokens/total
  C:\Users\Shoo\Dropbox\workspace\CorpusSearch_Auto\data\corporas\PPCEME\temp1492105854173\homilies_and_sermons\tillots-b-e3-p1.psd	0/0/197
*/
/*
HEADER:
source file:  C:\Users\Shoo\Dropbox\workspace\CorpusSearch_Auto\data\corporas\PPCEME\temp1492105854173\homilies_and_sermons\tillots-c-e3-p2.psd
*/

/~*
But you bring in a new Religion, never known nor heard of in the World before.
(TILLOTS-C-E3-P2,463.131)
*~/
/*
31 P:  31 P, 32 of, 26 RRC-PRN=1
*/

( (IP-MAT (CONJ But)
	  (NP-SBJ (PRO you))
	  (VBP bring)
	  (RP in)
	  (NP-OB1 (D a)
		  (ADJ new)
		  (N Religion)
		  (, ,)
		  (RRC-1 (ADVP-TMP (ADV never))
			 (VAN known)
			 (RRC-PRN=1 (CONJ nor) (VAN heard) (P of))
			 (PP (P in)
			     (NP (D the) (N World)))
			 (ADVP-TMP (ADV before))))
	  (. .))
  (ID TILLOTS-C-E3-P2,463.131))
/*
FOOTER
  source file, hits/tokens/total
  C:\Users\Shoo\Dropbox\workspace\CorpusSearch_Auto\data\corporas\PPCEME\temp1492105854173\homilies_and_sermons\tillots-c-e3-p2.psd	1/1/235
*/
/*
SUMMARY:  
source files, hits/tokens/total
  C:\Users\Shoo\Dropbox\workspace\CorpusSearch_Auto\data\corporas\PPCEME\temp1492105854173\homilies_and_sermons\fisher-e1-h.psd	5/5/262
  C:\Users\Shoo\Dropbox\workspace\CorpusSearch_Auto\data\corporas\PPCEME\temp1492105854173\homilies_and_sermons\fisher-e1-p1.psd	3/3/311
  C:\Users\Shoo\Dropbox\workspace\CorpusSearch_Auto\data\corporas\PPCEME\temp1492105854173\homilies_and_sermons\fisher-e1-p2.psd	2/2/208
  C:\Users\Shoo\Dropbox\workspace\CorpusSearch_Auto\data\corporas\PPCEME\temp1492105854173\homilies_and_sermons\hooker-a-e2-h.psd	0/0/117
  C:\Users\Shoo\Dropbox\workspace\CorpusSearch_Auto\data\corporas\PPCEME\temp1492105854173\homilies_and_sermons\hooker-a-e2-p1.psd	2/2/128
  C:\Users\Shoo\Dropbox\workspace\CorpusSearch_Auto\data\corporas\PPCEME\temp1492105854173\homilies_and_sermons\hooker-a-e2-p2.psd	1/1/111
  C:\Users\Shoo\Dropbox\workspace\CorpusSearch_Auto\data\corporas\PPCEME\temp1492105854173\homilies_and_sermons\hooker-b-e2-h.psd	0/0/134
  C:\Users\Shoo\Dropbox\workspace\CorpusSearch_Auto\data\corporas\PPCEME\temp1492105854173\homilies_and_sermons\hooker-b-e2-p1.psd	1/1/175
  C:\Users\Shoo\Dropbox\workspace\CorpusSearch_Auto\data\corporas\PPCEME\temp1492105854173\homilies_and_sermons\hooker-b-e2-p2.psd	0/0/115
  C:\Users\Shoo\Dropbox\workspace\CorpusSearch_Auto\data\corporas\PPCEME\temp1492105854173\homilies_and_sermons\jetaylor-e3-h.psd	1/1/394
  C:\Users\Shoo\Dropbox\workspace\CorpusSearch_Auto\data\corporas\PPCEME\temp1492105854173\homilies_and_sermons\jetaylor-e3-p1.psd	1/1/287
  C:\Users\Shoo\Dropbox\workspace\CorpusSearch_Auto\data\corporas\PPCEME\temp1492105854173\homilies_and_sermons\latimer-e1-h.psd	4/4/355
  C:\Users\Shoo\Dropbox\workspace\CorpusSearch_Auto\data\corporas\PPCEME\temp1492105854173\homilies_and_sermons\latimer-e1-p1.psd	5/5/336
  C:\Users\Shoo\Dropbox\workspace\CorpusSearch_Auto\data\corporas\PPCEME\temp1492105854173\homilies_and_sermons\latimer-e1-p2.psd	2/2/295
  C:\Users\Shoo\Dropbox\workspace\CorpusSearch_Auto\data\corporas\PPCEME\temp1492105854173\homilies_and_sermons\smith-e2-h.psd	0/0/338
  C:\Users\Shoo\Dropbox\workspace\CorpusSearch_Auto\data\corporas\PPCEME\temp1492105854173\homilies_and_sermons\smith-e2-p1.psd	0/0/360
  C:\Users\Shoo\Dropbox\workspace\CorpusSearch_Auto\data\corporas\PPCEME\temp1492105854173\homilies_and_sermons\smith-e2-p2.psd	0/0/278
  C:\Users\Shoo\Dropbox\workspace\CorpusSearch_Auto\data\corporas\PPCEME\temp1492105854173\homilies_and_sermons\tillots-a-e3-h.psd	1/1/162
  C:\Users\Shoo\Dropbox\workspace\CorpusSearch_Auto\data\corporas\PPCEME\temp1492105854173\homilies_and_sermons\tillots-a-e3-p1.psd	2/2/126
  C:\Users\Shoo\Dropbox\workspace\CorpusSearch_Auto\data\corporas\PPCEME\temp1492105854173\homilies_and_sermons\tillots-b-e3-h.psd	0/0/138
  C:\Users\Shoo\Dropbox\workspace\CorpusSearch_Auto\data\corporas\PPCEME\temp1492105854173\homilies_and_sermons\tillots-b-e3-p1.psd	0/0/197
  C:\Users\Shoo\Dropbox\workspace\CorpusSearch_Auto\data\corporas\PPCEME\temp1492105854173\homilies_and_sermons\tillots-c-e3-p2.psd	1/1/235
whole search, hits/tokens/total
		31/31/5062
*/
