/*
PREFACE:  
Copyright 2010 Beth Randall
Date:  Thu Apr 13 18:53:03 BST 2017

command file:     data\searches\queries\PENN\progressive_forms_added_to_an_appositive_or_parenthetical_constituent.q
output file:      C:\Users\Shoo\Dropbox\workspace\CorpusSearch_Auto\data\output\13-04-2017 18.46.36.333 PPCEME\progressive_forms_added_to_an_appositive_or_parenthetical_constituent\travelogue\result.out

node:   *PRN*|BAG*|HAG*|VAG*|DAG*
query:  (BAG*|HAG*|VAG*|DAG* Dominates  !BAG*|HAG*|VAG*|DAG*) 
  AND  (*PRN* Dominates  BAG*|HAG*|VAG*|DAG*) 
*/
/*
HEADER:
source file:  C:\Users\Shoo\Dropbox\workspace\CorpusSearch_Auto\data\corporas\PPCEME\temp1492105854173\travelogue\chaplain-e1-p2.psd
*/
/*
FOOTER
  source file, hits/tokens/total
  C:\Users\Shoo\Dropbox\workspace\CorpusSearch_Auto\data\corporas\PPCEME\temp1492105854173\travelogue\chaplain-e1-p2.psd	0/0/321
*/
/*
HEADER:
source file:  C:\Users\Shoo\Dropbox\workspace\CorpusSearch_Auto\data\corporas\PPCEME\temp1492105854173\travelogue\coverte-e2-h.psd
*/
/*
FOOTER
  source file, hits/tokens/total
  C:\Users\Shoo\Dropbox\workspace\CorpusSearch_Auto\data\corporas\PPCEME\temp1492105854173\travelogue\coverte-e2-h.psd	0/0/320
*/
/*
HEADER:
source file:  C:\Users\Shoo\Dropbox\workspace\CorpusSearch_Auto\data\corporas\PPCEME\temp1492105854173\travelogue\coverte-e2-p1.psd
*/
/*
FOOTER
  source file, hits/tokens/total
  C:\Users\Shoo\Dropbox\workspace\CorpusSearch_Auto\data\corporas\PPCEME\temp1492105854173\travelogue\coverte-e2-p1.psd	0/0/326
*/
/*
HEADER:
source file:  C:\Users\Shoo\Dropbox\workspace\CorpusSearch_Auto\data\corporas\PPCEME\temp1492105854173\travelogue\coverte-e2-p2.psd
*/
/*
FOOTER
  source file, hits/tokens/total
  C:\Users\Shoo\Dropbox\workspace\CorpusSearch_Auto\data\corporas\PPCEME\temp1492105854173\travelogue\coverte-e2-p2.psd	0/0/355
*/
/*
HEADER:
source file:  C:\Users\Shoo\Dropbox\workspace\CorpusSearch_Auto\data\corporas\PPCEME\temp1492105854173\travelogue\fiennes-e3-h.psd
*/

/~*
the whole Citty lookes like what it is, a rich thriveing industrious place;
(FIENNES-E3-H,148.192)
*~/
/*
36 VAG:  36 VAG, 37 thriveing, 31 NP-PRN
*/
( (IP-MAT (NP-SBJ (D the) (ADJ whole) (N Citty))
	  (VBP lookes)
	  (ADJP (ADJ like)
		(NP (CP-FRL (WNP-1 (WPRO what))
			    (C 0)
			    (IP-SUB (NP-OB1 *T*-1)
				    (NP-SBJ (PRO it))
				    (BEP is))))
		(, ,)
		(NP-PRN (D a) (ADJ rich) (VAG thriveing) (ADJ industrious) (N place)))
	  (. ;))
  (ID FIENNES-E3-H,148.192))

/~*
it looks well very smooth shineing and black;
(FIENNES-E3-H,149.223)
*~/
/*
18 VAG:  18 VAG, 19 shineing, 10 ADJP-PRN-ELAB
*/

( (IP-MAT (NP-SBJ (PRO it))
	  (VBP looks)
	  (ADVP (ADV well)
		(ADJP-PRN-ELAB (ADJP (ADV very) (ADJ smooth))
			       (CONJP (ADJP (VAG shineing)))
			       (CONJP (CONJ and)
				      (ADJP (ADJ black)))))
	  (. ;))
  (ID FIENNES-E3-H,149.223))
/*
FOOTER
  source file, hits/tokens/total
  C:\Users\Shoo\Dropbox\workspace\CorpusSearch_Auto\data\corporas\PPCEME\temp1492105854173\travelogue\fiennes-e3-h.psd	2/2/347
*/
/*
HEADER:
source file:  C:\Users\Shoo\Dropbox\workspace\CorpusSearch_Auto\data\corporas\PPCEME\temp1492105854173\travelogue\fiennes-e3-p1.psd
*/
/*
FOOTER
  source file, hits/tokens/total
  C:\Users\Shoo\Dropbox\workspace\CorpusSearch_Auto\data\corporas\PPCEME\temp1492105854173\travelogue\fiennes-e3-p1.psd	0/0/367
*/
/*
HEADER:
source file:  C:\Users\Shoo\Dropbox\workspace\CorpusSearch_Auto\data\corporas\PPCEME\temp1492105854173\travelogue\fiennes-e3-p2.psd
*/
/*
FOOTER
  source file, hits/tokens/total
  C:\Users\Shoo\Dropbox\workspace\CorpusSearch_Auto\data\corporas\PPCEME\temp1492105854173\travelogue\fiennes-e3-p2.psd	0/0/361
*/
/*
HEADER:
source file:  C:\Users\Shoo\Dropbox\workspace\CorpusSearch_Auto\data\corporas\PPCEME\temp1492105854173\travelogue\fryer-e3-h.psd
*/

/~*
But this is contradictory to the Story delivered of Alexander, That he sailed
up Indus, and encountred King Porus, of whom some little Remains may be
collected, they speaking of that King by the Name of Por in Cambaia, where
Alexander landed with his Army; and followed the Course of Indus, directly
contrary to this Place, that lying North-East, this South from thence;
(FRYER-E3-H,I,188.67)
*~/
/*
108 VAG:  108 VAG, 109 speaking, 35 CP-THT-PRN
224 VAG:  224 VAG, 225 lying, 35 CP-THT-PRN
*/

( (IP-MAT (CONJ But)
	  (NP-SBJ (D this))
	  (BEP is)
	  (ADJP (ADJ contradictory)
		(PP (P to)
		    (NP (D the)
			(N Story)
			(RRC (VAN delivered)
			     (PP (P of)
				 (CODE <font>)
				 (NP (NPR Alexander))))
			(CODE <$$font>)
			(, ,)
			(CP-THT-PRN (C That)
				    (IP-SUB (IP-SUB (NP-SBJ (PRO he))
						    (VBD sailed)
						    (PP (P up)
							(CODE <font>)
							(NP (NPR Indus))))
					    (CODE <$$font>)
					    (, ,)
					    (CONJP (CONJ and)
						   (IP-SUB (NP-SBJ *con*)
							   (VBD encountred)
							   (CODE <font>)
							   (NP-OB1 (NPR King)
								   (NPR Porus)
								   (CODE <$$font>)
								   (, ,)
								   (CP-REL (WPP-1 (P of)
										  (WNP (WPRO whom)))
									   (C 0)
									   (IP-SUB (NP-SBJ (QP (Q some) (Q little))
											   (NS Remains)
											   (PP *T*-1))
										   (MD may)
										   (BE be)
										   (VAN collected)
										   (, ,)
										   (IP-PPL-ABS (NP-SBJ (PRO they))
											       (VAG speaking)
											       (PP (P of)
												   (NP (D that) (N King)))
											       (PP (P by)
												   (NP (D the)
												       (N Name)
												       (PP (P of)
													   (CODE <font>)
													   (NP (NPR Por)))))
											       (CODE <$$font>)
											       (PP (P in)
												   (NP (CODE <font>)
												       (NPR Cambaia)
												       (CODE <$$font>)
												       (, ,)
												       (CP-REL (WADVP-2 (WADV where))
													       (C 0)
													       (IP-SUB (IP-SUB (ADVP-LOC *T*-2)
															       (NP-SBJ (CODE <font>) (NPR Alexander) (CODE <$$font>))
															       (VBD landed)
															       (PP (P with)
																   (NP (PRO$ his) (N Army))))
														       (, ;)
														       (CONJP (CONJ and)
															      (IP-SUB (ADVP-LOC *T*-2)
																      (NP-SBJ *con*)
																      (VBD followed)
																      (NP-OB1 (D the)
																	      (N Course)
																	      (PP (P of)
																		  (CODE <font>)
																		  (NP (NPR Indus)))
																	      (CODE <$$font>)
																	      (, ,)
																	      (ADJP (ADV directly)
																		    (ADJ contrary)
																		    (PP (P to)
																			(NP (D this) (N Place)))))
																      (, ,)
																      (IP-PPL-ABS (IP-PPL-3 (NP-SBJ (D that))
																			    (VAG lying)
																			    (CODE <font>)
																			    (NP-DIR (N+N North-East)))
																		  (CODE <$$font>)
																		  (, ,)
																		  (CONJP (IP-PPL=3 (NP-SBJ (D this))
																				   (NP-DIR (CODE <font>)
																					   (N South)
																					   (CODE <$$font>)
																					   (PP (P from)
																					       (ADVP (ADV thence))))))))))))))))))))))))
	  (. ;))
  (ID FRYER-E3-H,I,188.67))

/~*
We were conducted through this Furnace by the Divine Protection without being
put to make use of the common Remedy in this Exigency, which is, upon
perceiving of the hot Blasts, to cast our selves flat on the Ground till they
are over, thereby to prevent the Fate attending those who refuse to stoop to
this known Prescription, which is, to fall down dead, never to rise more alive,
till we were mounted where these two Chains are linked to each other,
(FRYER-E3-H,II,188.226)
*~/
/*
33 BAG:  33 BAG, 34 being, 29 PP-PRN
82 VAG:  82 VAG, 83 perceiving, 29 PP-PRN
147 VAG:  147 VAG, 148 attending, 29 PP-PRN
*/

( (IP-MAT (NP-SBJ (PRO We))
	  (BED were)
	  (VAN conducted)
	  (PP (P through)
	      (NP (D this) (N Furnace)))
	  (PP (P by)
	      (NP (D the) (ADJ Divine) (N Protection)))
	  (CODE <paren>)
	  (PP-PRN (P without)
		  (IP-PPL (BAG being)
			  (VAN put)
			  (IP-INF (TO to)
				  (VB make)
				  (NP-OB1 (N use))
				  (PP (P of)
				      (NP (D the)
					  (ADJ common)
					  (N Remedy)
					  (PP (P in)
					      (NP (D this) (N Exigency)))
					  (, ,)
					  (CP-REL (WNP-1 (WPRO which))
						  (C 0)
						  (IP-SUB (NP-SBJ *T*-1)
							  (BEP is)
							  (, ,)
							  (PP (P upon)
							      (IP-PPL (VAG perceiving)
								      (PP (P of)
									  (NP (D the) (ADJ hot) (NS Blasts)))))
							  (, ,)
							  (IP-INF-OB1 (TO to)
								      (VB cast)
								      (NP-OB1 (PRO$ our) (N selves))
								      (ADJP-SPR (ADJ flat))
								      (PP (P on)
									  (NP (D the) (N Ground)))
								      (PP (P till)
									  (CP-ADV (C 0)
										  (IP-SUB (NP-SBJ (PRO they))
											  (BEP are)
											  (RP over))))
								      (, ,)
								      (IP-INF-PRP (PP (ADV+P thereby))
										  (TO to)
										  (VB prevent)
										  (NP-OB1 (D the)
											  (N Fate)
											  (RRC (VAG attending)
											       (NP-OB1 (D those)
												       (CP-REL (WNP-2 (WPRO who))
													       (C 0)
													       (IP-SUB (NP-SBJ *T*-2)
														       (VBP refuse)
														       (IP-INF (TO to)
															       (VB stoop)
															       (PP (P to)
																   (NP (D this) (VAN known) (N Prescription))))))))
											  (, ,)
											  (CP-REL (WNP-3 (WPRO which))
												  (C 0)
												  (IP-SUB (NP-SBJ *T*-3)
													  (BEP is)
													  (, ,)
													  (IP-INF-OB1 (IP-INF (TO to)
															      (VB fall)
															      (RP down)
															      (ADJP (ADJ dead)))
														      (, ,)
														      (CONJP (IP-INF (ADVP-TMP (ADV never))
																     (TO to)
																     (VB rise)
																     (NP-MSR (QR more))
																     (PP (P+N alive)))))))))))))))))
	  (CODE <$$paren>)
	  (, ,)
	  (PP (P till)
	      (CP-ADV (C 0)
		      (IP-SUB (NP-SBJ (PRO we))
			      (BED were)
			      (CODE <P_II,188>)
			      (VAN mounted)
			      (ADVP-LOC (CP-FRL (WADVP-4 (WADV where))
						(C 0)
						(IP-SUB (ADVP-LOC *T*-4)
							(NP-SBJ (D these) (NUM two) (NS Chains))
							(BEP are)
							(VAN linked)
							(PP (P to)
							    (NP (Q each) (OTHER other)))))))))
	  (. ,))
  (ID FRYER-E3-H,II,188.226))
/*
FOOTER
  source file, hits/tokens/total
  C:\Users\Shoo\Dropbox\workspace\CorpusSearch_Auto\data\corporas\PPCEME\temp1492105854173\travelogue\fryer-e3-h.psd	5/2/231
*/
/*
HEADER:
source file:  C:\Users\Shoo\Dropbox\workspace\CorpusSearch_Auto\data\corporas\PPCEME\temp1492105854173\travelogue\fryer-e3-p1.psd
*/

/~*
and the Toddy-Trees ferment their Wine over the Vessels, the Prodromi of the
ensuing Rains; which make their first shew at the first Full Moon in May, and
continue a Fortnight, in which space it is unhealthy; till after a Fortnight's
fair Weather they set in for altogether.
(FRYER-E3-P1,1,195.17)
*~/
/*
45 VAG:  45 VAG, 46 ensuing, 30 NP-PRN
*/

( (IP-MAT (CONJ and)
	  (NP-SBJ (D the) (CODE <font>) (N+NS Toddy-Trees) (CODE <$$font>))
	  (VBP ferment)
	  (NP-OB1 (PRO$ their) (N Wine))
	  (PP (P over)
	      (NP (D the)
		  (NS Vessels)
		  (, ,)
		  (NP-PRN (D the)
			  (CODE <font>)
			  (FW Prodromi)
			  (CODE <$$font>)
			  (PP (P of)
			      (NP (D the)
				  (VAG ensuing)
				  (NS Rains)
				  (, ;)
				  (CP-REL (WNP-1 (WPRO which))
					  (C 0)
					  (IP-SUB (IP-SUB (NP-SBJ *T*-1)
							  (VBP make)
							  (NP-OB1 (PRO$ their) (ADJ first) (N shew))
							  (PP (P at)
							      (NP (D the) (ADJ first) (ADJ Full) (N Moon)))
							  (PP (P in)
							      (NP (CODE <font>) (NPR May) (CODE <$$font>))))
						  (, ,)
						  (CONJP (CONJ and)
							 (IP-SUB (NP-SBJ *T*-1)
								 (VBP continue)
								 (NP-MSR (D a) (N Fortnight))))
						  (, ,)
						  (CP-CAR (WPP-2 (P in)
								 (WNP (WD which) (N space)))
							  (C 0)
							  (IP-SUB (PP *T*-2)
								  (NP-SBJ (PRO it))
								  (BEP is)
								  (ADJP (ADJ unhealthy))
								  (, ;)
								  (PP (P till))
								  (CP-ADV (C 0)
									  (IP-SUB (PP (P after)
										      (NP (NP-POS (D a) (N$ Fortnight's))
											  (ADJ fair)
											  (N Weather)))
										  (NP-SBJ (PRO they))
										  (VBP set)
										  (RP in)
										  (PP (P for)
										      (ADVP (ADV altogether))))))))))))))
	  (. .))
  (ID FRYER-E3-P1,1,195.17))

/~*
For here is a Bird having its Name from the Tree it chuses for its Sanctuary,
the Toddy-Tree that is not only exquisitely curious in the artificial
Composure of its Nest with Hay, but furnished with Devices and Stratagems to
secure its self and young ones from its deadly Enemy the Squirrel; as likewise
from the Injury of the Weather; which being unable to oppose, it eludes with
this Artifice, contriving the Nest like a Steeple-hive, with winding Meanders;
before which hangs a Penthouse for the Rain to pass, tying it by so slender a
Thread to the Bough of the Tree, that the Squirrel dare not venture his Body,
though his Mouth water at the Eggs and Prey within;
(FRYER-E3-P1,1,196.23)
*~/
/*
236 VAG:  236 VAG, 237 contriving, 234 IP-PPL-PRN
257 VAG:  257 VAG, 258 winding, 234 IP-PPL-PRN
300 VAG:  300 VAG, 301 tying, 234 IP-PPL-PRN
*/

( (IP-MAT (CONJ For)
	  (ADVP-LOC (ADV here))
	  (NP-SBJ-1 *exp*)
	  (BEP is)
	  (NP-1 (D a)
		(N Bird)
		(CODE <paren>)
		(RRC (HAG having)
		     (NP-OB1 (PRO$ its) (N Name))
		     (PP (P from)
			 (NP (D the)
			     (N Tree)
			     (CP-REL (WNP-2 0)
				     (C 0)
				     (IP-SUB (NP-OB1 *T*-2)
					     (NP-SBJ (PRO it))
					     (VBP chuses)
					     (PP (P for)
						 (NP (PRO$ its) (N Sanctuary)))))
			     (, ,)
			     (NP-PRN (D the) (CODE <font>) (N+N Toddy-Tree)))))
		(CODE <$$font>)
		(CODE <$$paren>)
		(CP-REL (WNP-3 0)
			(C that)
			(IP-SUB (IP-SUB-4 (NP-SBJ *T*-3)
					  (BEP is)
					  (NEG not)
					  (FP only)
					  (ADJP (ADV exquisitely)
						(ADJ curious)
						(PP (P in)
						    (NP (D the)
							(ADJ artificial)
							(N Composure)
							(PP (P of)
							    (NP (PRO$ its) (N Nest)))
							(PP (P with)
							    (NP (N Hay)))))))
				(, ,)
				(CONJP (CONJ but)
				       (IP-SUB=4 (VAN furnished)
						 (PP (P with)
						     (NP (NS Devices)
							 (CONJ and)
							 (NS Stratagems)
							 (CP-EOP (WNP-5 0)
								 (IP-INF (NP-SBJ *T*-5)
									 (TO to)
									 (VB secure)
									 (NP-OB1 (PRO$ its)
										 (ADJ self)
										 (CONJP (CONJ and)
											(NX (ADJ young) (ONES ones))))
									 (PP (P from)
									     (NP (PRO$ its)
										 (ADJ deadly)
										 (N Enemy)
										 (NP-PRN (D the) (N Squirrel))))
									 (, ;)
									 (PP (P as)
									     (FRAG (NP-ADV (ADJ+N likewise))
										   (PP (P from)
										       (NP (D the)
											   (N Injury)
											   (PP (P of)
											       (NP (D the)
												   (N Weather)
												   (, ;)
												   (CP-REL (WNP-6 (WPRO which))
													   (C 0)
													   (IP-SUB (IP-PPL (BAG being)
															   (ADJP (ADJ unable)
																 (IP-INF (NP-OB1 *T*-6)
																	 (TO to)
																	 (VB oppose))))
														   (, ,)
														   (NP-OB1 *T*-6)
														   (NP-SBJ (PRO it))
														   (VBP eludes)
														   (PP (P with)
														       (NP (D this)
															   (N Artifice)
															   (, ,)
															   (IP-PPL-PRN (IP-PPL (VAG contriving)
																	       (NP-OB1 (D the) (N Nest))
																	       (ADJP-SPR (ADJ like)
																			 (NP (D a) (N+N Steeple-hive)))
																	       (, ,)
																	       (PP (P with)
																		   (NP (VAG winding)
																		       (NS Meanders)
																		       (, ;)
																		       (CP-REL (WPP-7 (P before)
																				      (WNP (WPRO which)))
																			       (C 0)
																			       (IP-SUB (PP *T*-7)
																				       (NP-SBJ-8 *exp*)
																				       (VBP hangs)
																				       (NP-8 (D a)
																					     (N Penthouse)
																					     (IP-INF (FOR for)
																						     (NP-SBJ (D the) (N Rain))
																						     (TO to)
																						     (VB pass))))))))
																       (, ,)
																       (CONJP (IP-PPL (VAG tying)
																		      (NP-OB1 (PRO it))
																		      (PP (P by)
																			  (NP (ADJP (ADVR so)
																				    (ADJ slender)
																				    (CP-DEG *ICH*-9))
																			      (D a)
																			      (N Thread)))
																		      (PP (P to)
																			  (NP (D the)
																			      (N Bough)
																			      (PP (P of)
																				  (NP (D the) (N Tree)))))
																		      (, ,)
																		      (CP-DEG-9 (C that)
																				(IP-SUB (NP-SBJ (D the) (N Squirrel))
																					(MD dare)
																					(NEG not)
																					(VB venture)
																					(NP-OB1 (PRO$ his) (N Body))
																					(, ,)
																					(PP (P though)
																					    (CP-ADV (C 0)
																						    (IP-SUB (NP-SBJ (PRO$ his) (N Mouth))
																							    (VBP water)
																							    (PP (P at)
																								(NP (D the)
																								    (NS Eggs)
																								    (CONJP (CONJ and)
																									   (NX (N Prey)))
																								    (PP (P+P within)))))))))))))))))))))))))))))))
	  (. ;))
  (ID FRYER-E3-P1,1,196.23))

/~*
and the next day about Three in the Afternoon receiving Advice that Seva Gi
was returned to Rairee from Chiblone, departed thence to Upper Choul, a Town
belonging to the Rajah, about two Miles distant from the Portugal City;
(FRYER-E3-P1,1,198.47)
*~/
/*
97 VAG:  97 VAG, 98 belonging, 91 NP-PRN
*/

( (IP-MAT (CONJ and)
	  (NP-SBJ *con*)
	  (NP-TMP (D the) (ADJS next) (N day))
	  (NP-TMP (NUMP (ADV about) (NUM Three))
		  (PP (P in)
		      (NP (D the) (N Afternoon))))
	  (IP-PPL (VAG receiving)
		  (NP-OB1 (N Advice)
			  (CP-THT (C that)
				  (CODE <font>)
				  (IP-SUB (NP-SBJ (NPR Seva) (NPR Gi))
					  (CODE <$$font>)
					  (BED was)
					  (VBN returned)
					  (PP (P to)
					      (CODE <font>)
					      (NP (NPR Rairee)))
					  (CODE <$$font>)
					  (PP (P from)
					      (CODE <font>)
					      (NP (NPR Chiblone)))))))
	  (CODE <$$font>)
	  (, ,)
	  (VBD departed)
	  (ADVP (ADV thence))
	  (PP (P to)
	      (NP (NPR Upper)
		  (CODE <font>)
		  (NPR Choul)
		  (CODE <$$font>)
		  (, ,)
		  (NP-PRN (D a)
			  (N Town)
			  (RRC (VAG belonging)
			       (PP (P to)
				   (NP (D the) (CODE <font>) (N Rajah)))))
		  (CODE <$$font>)
		  (, ,)
		  (ADJP-LOC (NP-MSR (NUMP (ADV about) (NUM two))
				    (NS Miles))
			    (ADJ distant)
			    (PP (P from)
				(NP (D the) (CODE <font>) (ADJ Portugal) (CODE <$$font>) (N City))))))
	  (. ;))
  (ID FRYER-E3-P1,1,198.47))

/~*
to this belonged Three stately Tanks with a deep Well, some an Hundred Fathoms
down to the Bottom, with a Pond, either to Water or Wash the Cattel in, hard
by it; the perfect proof of our being passed the Sands, which hold not digging
such a depth, this being White Marle;
(FRYER-E3-P1,2,198.192)
*~/
/*
117 BAG:  117 BAG, 118 being, 103 NP-PRN
142 VAG:  142 VAG, 143 digging, 103 NP-PRN
157 BAG:  157 BAG, 158 being, 103 NP-PRN
*/

( (IP-MAT (PP (P to)
	      (NP (D this)))
	  (VBD belonged)
	  (NP-SBJ (NUM Three)
		  (ADJ stately)
		  (NS Tanks)
		  (PP (P with)
		      (NP (D a) (ADJ deep) (N Well)))
		  (, ,)
		  (IP-ABS (NP-SBJ (Q some)
				  (NUMP (D an) (NUM Hundred))
				  (NS Fathoms))
			  (PP (RP down)
			      (P to)
			      (NP (D the) (N Bottom))))
		  (, ,)
		  (PP (P with)
		      (NP (D a)
			  (N Pond)
			  (, ,)
			  (CP-EOP (WNP-1 0)
				  (CONJ-2 either)
				  (IP-INF (TO to)
					  (VB (CONJ *ICH*-2)
					      (VB Water)
					      (CODE <P_2,198>)
					      (CONJ or)
					      (VB Wash))
					  (NP-OB1 (D the) (NS Cattel))
					  (PP (P in)
					      (NP *T*-1))))
			  (, ,)
			  (PP (ADV hard)
			      (P by)
			      (NP (PRO it)))))
		  (, ;)
		  (NP-PRN (D the)
			  (ADJ perfect)
			  (N proof)
			  (PP (P of)
			      (NP (PRO$ our)
				  (IP-PPL (BAG being)
					  (VBN passed)
					  (NP-OB1 (D the)
						  (NS Sands)
						  (, ,)
						  (CP-REL (WNP-3 (WPRO which))
							  (C 0)
							  (IP-SUB (NP-SBJ *T*-3)
								  (VBP hold)
								  (NEG not)
								  (IP-PPL-OB1 (VAG digging)
									      (NP-OB1 (SUCH such) (D a) (N depth)))
								  (, ,)
								  (IP-PPL-ABS (NP-SBJ (D this))
									      (BAG being)
									      (NP-OB1 (ADJ White) (N Marle)))))))))))
	  (. ;))
  (ID FRYER-E3-P1,2,198.192))
/*
FOOTER
  source file, hits/tokens/total
  C:\Users\Shoo\Dropbox\workspace\CorpusSearch_Auto\data\corporas\PPCEME\temp1492105854173\travelogue\fryer-e3-p1.psd	8/4/213
*/
/*
HEADER:
source file:  C:\Users\Shoo\Dropbox\workspace\CorpusSearch_Auto\data\corporas\PPCEME\temp1492105854173\travelogue\fryer-e3-p2.psd
*/

/~*
In a Week's time we turned it up, sailing by Bac~ein, Tarapore,
Valentine's-Peak, St. John's, and Daman, the last City Northward on the
Continent, belonging to the Portugueze. As also passing by Balsore the first
Town of the Moors Southward of Surat
(FRYER-E3-P2,1,210.41)
*~/
/*
106 VAG:  106 VAG, 107 belonging, 85 NP-PRN
*/

( (IP-MAT (PP (P In)
	      (NP (NP-MSR (D a) (N$ Week's))
		  (N time)))
	  (NP-SBJ (PRO we))
	  (VBD turned)
	  (NP-OB1 (PRO it))
	  (RP up)
	  (, ,)
	  (IP-PPL (VAG sailing)
		  (PP (P by)
		      (NP (NP (CODE <font>) (NPR Bac~ein) (CODE <$$font>))
			  (, ,)
			  (CONJP (NP (CODE <font>) (NPR Tarapore) (CODE <$$font>)))
			  (, ,)
			  (CONJP (NP (CODE <font>) (NPR Valentine's-Peak) (CODE <$$font>)))
			  (, ,)
			  (CONJP (NP (NPR St.) (CODE <font>) (NPR$ John's) (CODE <$$font>)))
			  (, ,)
			  (CONJP (CONJ and)
				 (NP (CODE <font>)
				     (NPR Daman)
				     (CODE <$$font>)
				     (, ,)
				     (NP-PRN (D the)
					     (ADJ last)
					     (N City)
					     (NP-DIR (N+WARD Northward))
					     (PP (P on)
						 (NP (D the) (N Continent)))
					     (, ,)
					     (RRC (VAG belonging)
						  (PP (P to)
						      (NP (D the) (CODE <font>) (NPRS Portugueze))))))))))
	  (CODE <$$font>)
	  (, .)
	  (PP (P As)
	      (IP-PPL (ALSO also)
		      (VAG passing)
		      (PP (P by)
			  (NP (CODE <font>)
			      (NPR Balsore)
			      (CODE <$$font>)
			      (NP-PRN (CODE <paren>)
				      (D the)
				      (ADJ first)
				      (N Town)
				      (PP (P of)
					  (NP (D the) (CODE <font>) (NPRS Moors)))
				      (CODE <$$font>)
				      (NP-DIR (N+WARD Southward)
					      (PP (P of)
						  (CODE <font>)
						  (NP (NPR Surat)))))))))
	  (CODE <$$font>)
	  (CODE <$$paren>))
  (ID FRYER-E3-P2,1,210.41))

/~*
They are the absolute Map of Sordidness, fareing hardly, and professing fairly,
to entrap the unwary; enduring servily foul Words, Affronts and Injuries, for
a future hope of Gain; expert in all the studied arts of Thriving and
Insinuation; so that, Lying, Dissembling, Cheating, are their Masterpiece:
(FRYER-E3-P2,1,212.57)
*~/
/*
36 VAG:  36 VAG, 37 professing, 33 IP-PPL-PRN
*/

( (IP-MAT (NP-SBJ (PRO They))
	  (BEP are)
	  (NP-OB1 (NP (D the)
		      (ADJ absolute)
		      (N Map)
		      (PP (P of)
			  (NP (N Sordidness))))
		  (CONJP *ICH*-1))
	  (, ,)
	  (IP-PPL (VAG fareing)
		  (ADVP (ADV hardly))
		  (, ,)
		  (IP-PPL-PRN (CONJ and)
			      (VAG professing)
			      (ADVP (ADV fairly)))
		  (, ,)
		  (IP-INF (TO to)
			  (VB entrap)
			  (NP-OB1 (D the) (ADJ unwary))))
	  (, ;)
	  (IP-PPL (VAG enduring)
		  (ADVP (ADV servily))
		  (NP-OB1 (NP (ADJ foul) (NS Words))
			  (, ,)
			  (CONJP (NP (NS Affronts)))
			  (CONJP (CONJ and)
				 (NP (NS Injuries))))
		  (, ,)
		  (PP (P for)
		      (NP (D a)
			  (ADJ future)
			  (N hope)
			  (PP (P of)
			      (NP (N Gain))))))
	  (, ;)
	  (CONJP-1 (ADJP (ADJ expert)
			 (PP (P in)
			     (NP (Q all)
				 (D the)
				 (VAN studied)
				 (NS arts)
				 (PP (P of)
				     (NP (N Thriving) (CONJ and) (N Insinuation)))))))
	  (, ;)
	  (PP (P so)
	      (CP-ADV (C that)
		      (, ,)
		      (IP-SUB (NP-SBJ (N Lying) (, ,) (N Dissembling) (, ,) (N Cheating))
			      (, ,)
			      (BEP are)
			      (NP-OB1 (PRO$ their) (N Masterpiece)))))
	  (. :))
  (ID FRYER-E3-P2,1,212.57))

/~*
Having viewed the Tombs by the Sea-side, and some more conspicuous at the end
of the Plain belonging to the English; others seated behind the Dutch Choultry,
partly English, partly Dutch: Marks set to avoid, as well the Sylla and
Charibdis of Damkin and Mora, two Nurseries for Stews, as to warn them of the
Sands coming into the Hole where the Ships ride at Anchor very securely: We in
the Company's Coaches Travelled to Surat, Ten Mile, brave Champion ground;
(FRYER-E3-P2,1,213.61)
*~/
/*
208 VAG:  208 VAG, 209 coming, 116 NP-PRN
*/

( (IP-MAT (IP-PPL (HAG Having)
		  (VBN viewed)
		  (NP-OB1 (NP (D the)
			      (NS Tombs)
			      (PP (P by)
				  (NP (D the) (N+N Sea-side))))
			  (, ,)
			  (CONJP (CONJ and)
				 (NP (Q some)
				     (ADJP (QR more) (ADJ conspicuous))
				     (PP (P at)
					 (NP (D the)
					     (N end)
					     (PP (P of)
						 (NP (D the)
						     (N Plain)
						     (RRC (VAG belonging)
							  (PP (P to)
							      (NP (D the) (CODE <font>) (ADJ English))))))))))
			  (CODE <$$font>)
			  (, ;)
			  (CONJP (NP (OTHERS others)
				     (RRC (VAN seated)
					  (PP (P behind)
					      (NP (D the) (CODE <font>) (ADJ Dutch) (FW Choultry))))
				     (CODE <$$font>)
				     (, ,)
				     (CODE <P_1,213>)
				     (ADJP (ADJP (ADV partly) (CODE <font>) (ADJ English))
					   (CODE <$$font>)
					   (, ,)
					   (CONJP (ADJP (ADV partly) (CODE <font>) (ADJ Dutch))))))
			  (CODE <$$font>)
			  (, :)
			  (NP-PRN (NS Marks)
				  (RRC (VAN set)
				       (IP-INF-PRP (TO to)
						   (VB avoid)
						   (, ,)
						   (ADVP (ADVR as)
							 (ADV well)
							 (PP *ICH*-1))
						   (NP-OB1 (D the)
							   (CODE <font>)
							   (NPR Sylla)
							   (CODE <$$font>)
							   (CONJP (CONJ and)
								  (CODE <font>)
								  (NX (NPR Charibdis)))
							   (CODE <$$font>)
							   (PP (P of)
							       (CODE <font>)
							       (NP (NPR Damkin)
								   (CODE <$$font>)
								   (CONJ and)
								   (CODE <font>)
								   (NPR Mora)
								   (CODE <$$font>)
								   (, ,)
								   (NP-PRN (NUM two)
									   (NS Nurseries)
									   (PP (P for)
									       (NP (NS Stews)))))))
						   (, ,)
						   (PP-1 (P as)
							 (IP-INF (TO to)
								 (VB warn)
								 (NP-OB1 (PRO them))
								 (PP (P of)
								     (NP (D the)
									 (NS Sands)
									 (RRC (VAG coming)
									      (PP (P into)
										  (NP (D the)
										      (N Hole)
										      (CP-REL (WADVP-2 (WADV where))
											      (C 0)
											      (IP-SUB (ADVP-LOC *T*-2)
												      (NP-SBJ (D the) (NS Ships))
												      (VBP ride)
												      (PP (P at)
													  (NP (N Anchor)))
												      (ADVP (ADV very) (ADV securely))))))))))))))))
	  (, :)
	  (NP-SBJ (PRO We))
	  (PP (P in)
	      (NP (NP-POS (D the) (N$ Company's))
		  (NS Coaches)))
	  (VBD Travelled)
	  (PP (P to)
	      (NP (CODE <font>) (NPR Surat) (CODE <$$font>)))
	  (, ,)
	  (NP-MSR (NUM Ten)
		  (N Mile)
		  (, ,)
		  (NP-PRN (ADJ brave) (ADJ Champion) (N ground)))
	  (. ;))
  (ID FRYER-E3-P2,1,213.61))

/~*
The Coach where the Women were, was covered with Cheeks, a sort of hanging
Curtain, made with Bents variously Coloured with Lacker, and Chequered with
Packthred so artificially, that you may see all without, and your self within
unperceived:
(FRYER-E3-P2,1,214.68)
*~/
/*
52 VAG:  52 VAG, 53 hanging, 43 NP-PRN
*/

( (IP-MAT (NP-SBJ (D The)
		  (N Coach)
		  (CP-REL (WADVP-1 (WADV where))
			  (C 0)
			  (IP-SUB (ADVP-LOC *T*-1)
				  (NP-SBJ (D the) (NS Women))
				  (BED were))))
	  (, ,)
	  (BED was)
	  (VAN covered)
	  (PP (P with)
	      (CODE <P_1,214>)
	      (NP (CODE <font>)
		  (NS Cheeks)
		  (CODE <$$font>)
		  (, ,)
		  (NP-PRN (D a)
			  (N sort)
			  (PP (P of)
			      (NP (VAG hanging)
				  (N Curtain)
				  (, ,)
				  (RRC (VAN made)
				       (PP (P with)
					   (NP (NS Bents)
					       (RRC (RRC (ADVP (ADV variously))
							 (VAN Coloured)
							 (PP (P with)
							     (NP (N Lacker))))
						    (, ,)
						    (CONJP (CONJ and)
							   (RRC (VAN Chequered)
								(PP (P with)
								    (NP (N+N Packthred)))
								(ADVP (ADVR so)
								      (ADV artificially)
								      (, ,)
								      (CP-DEG (C that)
									      (IP-SUB (IP-SUB-2 (NP-SBJ (PRO you))
												(MD may)
												(VB see)
												(NP-OB1 (Q all))
												(ADVP (ADV without)))
										      (, ,)
										      (CONJP (CONJ and)
											     (IP-ABS=2 (NP-PRN (PRO$ your) (N self))
												       (ADVP (ADV within))
												       (ADJP (ADJ unperceived))))))))))))))))))
	  (. :))
  (ID FRYER-E3-P2,1,214.68))

/~*
Here they live in Shipping-time in a continual hurlyburly, the Banyans
presenting themselves from the hour of Ten till Noon; and then Afternoon at
Four till Night, as if it were an Exchange in every Row;
(FRYER-E3-P2,1,215.78)
*~/
/*
16 VAG+N:  16 VAG+N, 17 Shipping-time, 12 PP-PRN
*/

( (IP-MAT (ADVP-LOC (ADV Here))
	  (NP-SBJ (PRO they))
	  (VBP live)
	  (CODE <paren>)
	  (PP-PRN (P in)
		  (NP (VAG+N Shipping-time)))
	  (CODE <$$paren>)
	  (PP (P in)
	      (NP (D a) (ADJ continual) (N hurlyburly)))
	  (, ,)
	  (IP-PPL-ABS (IP-PPL-1 (NP-SBJ (D the) (CODE <font>) (NPRS Banyans))
				(CODE <$$font>)
				(VAG presenting)
				(NP-OB1 (PRO+N themselves))
				(NP-MSR (PP (P from)
					    (NP (D the)
						(N hour)
						(PP (P of)
						    (NP (NUM Ten)))))
					(PP (P till)
					    (NP (N Noon)))))
		      (, ;)
		      (CONJP (CONJ and)
			     (IP-PPL=1 (ADVP-TMP (ADV then))
				       (NP-TMP (N Afternoon)
					       (PP (P at)
						   (NP (NUM Four))))
				       (PP (P till)
					   (NP (N Night))))))
	  (, ,)
	  (PP (P as)
	      (PP (P if)
		  (CP-ADV (C 0)
			  (IP-SUB (NP-SBJ (PRO it))
				  (BED were)
				  (NP-OB1 (D an) (N Exchange))
				  (PP (P in)
				      (NP (Q every) (N Row)))))))
	  (. ;))
  (ID FRYER-E3-P2,1,215.78))

/~*
Chawtalk, by the most valuable Munificence of the Benefactor, yet living to
Oversee this good Deed compleated is a noble new Caravan, an Ample and
Princely Building:
(FRYER-E3-P2,2,201.110)
*~/
/*
40 VAG:  40 VAG, 41 living, 13 PP-PRN
*/

( (IP-MAT (NP-SBJ (CODE <font>) (NPR Chawtalk) (CODE <$$font>))
	  (, ,)
	  (CODE <paren>)
	  (PP-PRN (P by)
		  (NP (D the)
		      (ADJP (QS most) (ADJ valuable))
		      (N Munificence)
		      (PP (P of)
			  (NP (D the)
			      (N Benefactor)
			      (, ,)
			      (RRC (ADVP-TMP (ADV yet))
				   (VAG living)
				   (IP-INF (TO to)
					   (VB Oversee)
					   (IP-SMC (NP-SBJ (D this) (ADJ good) (N Deed))
						   (VAN compleated))))))))
	  (CODE <$$paren>)
	  (BEP is)
	  (NP-OB1 (D a)
		  (ADJ noble)
		  (ADJ new)
		  (CODE <font>)
		  (N Caravan)
		  (CODE <$$font>)
		  (, ,)
		  (NP-PRN (D an)
			  (ADJP (ADJ Ample) (CONJ and) (ADJ Princely))
			  (N Building)))
	  (. :))
  (ID FRYER-E3-P2,2,201.110))
/*
FOOTER
  source file, hits/tokens/total
  C:\Users\Shoo\Dropbox\workspace\CorpusSearch_Auto\data\corporas\PPCEME\temp1492105854173\travelogue\fryer-e3-p2.psd	6/6/202
*/
/*
HEADER:
source file:  C:\Users\Shoo\Dropbox\workspace\CorpusSearch_Auto\data\corporas\PPCEME\temp1492105854173\travelogue\jotaylor-e2-h.psd
*/

/~*
I was at his Maiestis Palace, a stately and Princely seate, wherein I saw a
sumptuous Chappell, most richly adorned with all appurtenances belonging to so
sacred a place, or so Royall an owner.
(JOTAYLOR-E2-H,1,130.C1.71)
*~/
/*
74 VAG:  74 VAG, 75 belonging, 20 NP-PRN
*/

( (IP-MAT (NP-SBJ (PRO I))
	  (BED was)
	  (PP (P at)
	      (NP (NP-POS (PRO$ his) (N$ Maiestis))
		  (N Palace)
		  (, ,)
		  (NP-PRN (D a)
			  (ADJP (ADJ stately) (CONJ and) (ADJ Princely))
			  (N seate)
			  (, ,)
			  (CP-REL (WPP-1 (WADV+P wherein))
				  (C 0)
				  (IP-SUB (PP *T*-1)
					  (NP-SBJ (PRO I))
					  (VBD saw)
					  (NP-OB1 (D a)
						  (ADJ sumptuous)
						  (N Chappell)
						  (, ,)
						  (RRC (ADVP (QS most) (ADV richly))
						       (VAN adorned)
						       (PP (P with)
							   (NP (Q all)
							       (NS appurtenances)
							       (RRC (VAG belonging)
								    (PP (P to)
									(NP (NP (ADJP (ADVR so) (ADJ sacred))
										(D a)
										(N place))
									    (, ,)
									    (CONJP (CONJ or)
										   (NP (ADJP (ADVR so) (ADJ Royall))
										       (D an)
										       (N owner)))))))))))))))
	  (. .))
  (ID JOTAYLOR-E2-H,1,130.C1.71))

/~*
It was built by King Malcolm Canmore for a hunting house who raigned in
Scotland when Edward the Confessor, Harold, and Norman William raigned in
England:
(JOTAYLOR-E2-H,1,135.C2.222)
*~/
/*
33 VAG:  33 VAG, 34 hunting, 27 PP-PRN
*/

( (IP-MAT (NP-SBJ (PRO It))
	  (BED was)
	  (VAN built)
	  (PP (P by)
	      (NP (NPR King)
		  (CODE <font>)
		  (NPR Malcolm)
		  (NPR Canmore)
		  (CODE <$$font>)
		  (CP-REL *ICH*-1)))
	  (CODE <paren>)
	  (PP-PRN (P for)
		  (NP (D a) (VAG hunting) (N house)))
	  (CODE <$$paren>)
	  (CP-REL-1 (WNP-2 (WPRO who))
		    (C 0)
		    (IP-SUB (NP-SBJ *T*-2)
			    (VBD raigned)
			    (PP (P in)
				(CODE <font>)
				(NP (NPR Scotland)))
			    (CODE <$$font>)
			    (PP (P when)
				(CP-ADV (C 0)
					(CODE <font>)
					(IP-SUB (NP-SBJ (NP (NPR Edward)
							    (CODE <$$font>)
							    (NP-PRN (D the) (N Confessor)))
							(, ,)
							(CODE <font>)
							(CONJP (NP (NPR Harold)))
							(CODE <$$font>)
							(, ,)
							(CONJP (CONJ and)
							       (NP (ADJ Norman) (CODE <font>) (NPR William)))
							(CODE <$$font>)
							(VBD raigned)
							(PP (P in)
							    (CODE <font>)
							    (NP (NPR England)))))))))
	  (CODE <$$font>)
	  (. :))
  (ID JOTAYLOR-E2-H,1,135.C2.222))

/~*
and rode on the Sunday to Puckeridge, where Master Holland at the Faulkon,
mine old acquaintance and my louing and ancient Hoste gaue mee, my friend, my
man, and our horses excellent cheere, and welcome,
(JOTAYLOR-E2-H,1,140.C2.341)
*~/
/*
75 VAG:  75 VAG, 76 louing, 58 NP-PRN
*/

( (IP-MAT (CONJ and)
	  (NP-SBJ *con*)
	  (VBD rode)
	  (PP (P on)
	      (NP (D the) (NPR Sunday)))
	  (PP (P to)
	      (NP (CODE <font>)
		  (NPR Puckeridge)
		  (CODE <$$font>)
		  (, ,)
		  (CP-REL (WADVP-1 (WADV where))
			  (C 0)
			  (IP-SUB (ADVP-LOC *T*-1)
				  (NP-SBJ (NPR Master)
					  (CODE <font>)
					  (NPR Holland)
					  (CODE <$$font>)
					  (PP (P at)
					      (NP (D the) (N Faulkon)))
					  (, ,)
					  (CODE <paren>)
					  (NP-PRN (NP (PRO$ mine) (ADJ old) (N acquaintance))
						  (CODE <$$paren>)
						  (CONJP (CONJ and)
							 (NP (PRO$ my)
							     (ADJP (VAG louing) (CONJ and) (ADJ ancient))
							     (N Hoste)))))
				  (VBD gaue)
				  (NP-OB2 (NP (PRO mee))
					  (, ,)
					  (CONJP (NP (PRO$ my) (N friend)))
					  (, ,)
					  (CONJP (NP (PRO$ my) (N man)))
					  (, ,)
					  (CONJP (CONJ and)
						 (NP (PRO$ our) (NS horses))))
				  (NP-OB1 (ADJ excellent)
					  (N cheere)
					  (, ,)
					  (CONJP (CONJ and)
						 (NX (N welcome))))))))
	  (. ,))
  (ID JOTAYLOR-E2-H,1,140.C2.341))
/*
FOOTER
  source file, hits/tokens/total
  C:\Users\Shoo\Dropbox\workspace\CorpusSearch_Auto\data\corporas\PPCEME\temp1492105854173\travelogue\jotaylor-e2-h.psd	3/3/348
*/
/*
HEADER:
source file:  C:\Users\Shoo\Dropbox\workspace\CorpusSearch_Auto\data\corporas\PPCEME\temp1492105854173\travelogue\jotaylor-e2-p1.psd
*/

/~*
wee ariued at a bleake alias, a towne an English mile from Hamburgh, called
Altonagh, which is so called by the Hamburgers because it stands $all $too
$nigh them for their profit, being inhabited with diuers tradesmen which doe
hinder their freedome.
(JOTAYLOR-E2-P1,3,78.C1.21)
*~/
/*
123 BAG:  123 BAG, 124 being, 19 NP-PRN
*/

( (IP-MAT (NP-SBJ (PRO wee))
	  (VBD ariued)
	  (PP (P at)
	      (NP (D a)
		  (ADJ bleake)
		  (FW alias)
		  (, ,)
		  (NP-PRN (D a)
			  (N towne)
			  (ADJP-LOC (NP-MSR (D an) (ADJ English) (N mile))
				    (PP (P from)
					(CODE <font>)
					(NP (NPR Hamburgh))))
			  (CODE <$$font>)
			  (, ,)
			  (RRC (VAN called)
			       (IP-SMC (NP-SBJ *)
				       (CODE <font>)
				       (NP-OB1 (NPR Altonagh))))
			  (CODE <$$font>)
			  (, ,)
			  (CP-REL (WNP-1 (WPRO which))
				  (C 0)
				  (IP-SUB (NP-SBJ *T*-1)
					  (BEP is)
					  (ADVP (ADV so))
					  (VAN called)
					  (PP (P by)
					      (NP (D the) (CODE <font>) (NPRS Hamburgers)))
					  (CODE <$$font>)
					  (PP (P+N because)
					      (CP-ADV (C 0)
						      (IP-SUB (NP-SBJ (PRO it))
							      (VBP stands)
							      (ADJP-LOC (ADVP (Q $all) (ADVR $too))
									(ADJ $nigh)
									(CODE {TEXT:all-too-nigh})
									(NP (PRO them)))
							      (PP (P for)
								  (NP (PRO$ their) (N profit)))
							      (, ,)
							      (IP-PPL (BAG being)
								      (VAN inhabited)
								      (PP (P with)
									  (NP (ADJ diuers)
									      (NS tradesmen)
									      (CP-REL (WNP-2 (WPRO which))
										      (C 0)
										      (IP-SUB (NP-SBJ *T*-2)
											      (DOP doe)
											      (VB hinder)
											      (NP-OB1 (PRO$ their) (N freedome)))))))))))))))
	  (. .))
  (ID JOTAYLOR-E2-P1,3,78.C1.21))

/~*
and his child comming into his house; ye yong whore, quoth he, must ye leaue
my doore open for folkes to looke in upon me?
(JOTAYLOR-E2-P1,3,79.C2.58)
*~/
/*
10 VAG:  10 VAG, 11 comming, 4 IP-PPL-ABS-PRN-SPE
*/

( (CP-QUE-SPE (CONJ and)
	      (IP-PPL-ABS-PRN-SPE (NP-SBJ (PRO$ his) (N child))
				  (VAG comming)
				  (PP (P into)
				      (NP (PRO$ his) (N house))))
	      (, ;)
	      (NP-VOC (PRO ye) (ADJ yong) (N whore))
	      (, ,)
	      (IP-MAT-PRN-SPE (VBD quoth)
			      (NP-SBJ (PRO he)))
	      (, ,)
	      (IP-SUB-SPE (MD must)
			  (NP-SBJ (PRO ye))
			  (VB leaue)
			  (NP-OB1 (PRO$ my) (N doore))
			  (ADJP-SPR (ADJ open))
			  (IP-INF-PRP-SPE (FOR for)
					  (NP-SBJ (NS folkes))
					  (TO to)
					  (VB looke)
					  (RP in)
					  (PP (P upon)
					      (NP (PRO me)))))
	      (. ?))
  (ID JOTAYLOR-E2-P1,3,79.C2.58))
/*
FOOTER
  source file, hits/tokens/total
  C:\Users\Shoo\Dropbox\workspace\CorpusSearch_Auto\data\corporas\PPCEME\temp1492105854173\travelogue\jotaylor-e2-p1.psd	2/2/416
*/
/*
HEADER:
source file:  C:\Users\Shoo\Dropbox\workspace\CorpusSearch_Auto\data\corporas\PPCEME\temp1492105854173\travelogue\jotaylor-e2-p2.psd
*/

/~*
but the house yeelded no more, so that my Guest arose vnsatisfied, and my
selfe discontented in being thrifty and sauing my money against my will.
(JOTAYLOR-E2-P2,1,147.C1.170)
*~/
/*
63 VAG:  63 VAG, 64 sauing, 60 IP-PPL-PRN=2
*/

( (IP-MAT (CONJ but)
	  (NP-SBJ (D the) (N house))
	  (VBD yeelded)
	  (NP-OB1 (QP (Q no) (QR more)))
	  (, ,)
	  (PP (P so)
	      (CP-ADV (C that)
		      (IP-SUB (IP-SUB-1 (NP-SBJ (PRO$ my) (N Guest))
					(VBD arose)
					(ADJP-SPR (ADJ vnsatisfied)))
			      (, ,)
			      (CONJP (CONJ and)
				     (IP-SUB=1 (NP-SBJ (PRO$ my) (N selfe))
					       (ADJP-SPR (ADJ discontented)
							 (PP (P in)
							     (IP-PPL-2 (BAG being)
								       (ADJP (ADJ thrifty))
								       (IP-PPL-PRN=2 (CONJ and)
										     (VAG sauing)
										     (NP-OB1 (PRO$ my) (N money)))
								       (PP (P against)
									   (NP (PRO$ my) (N will)))))))))))
	  (. .))
  (ID JOTAYLOR-E2-P2,1,147.C1.170))

/~*
From Groning wee trauailed to a Towne called Ashers Leauen, to Ashleauen, to
Kinderne, to Hall, and so to Leipzig, which is one of the chiefest townes in
Saxony, being famous for a yearely Mart that is yearely held there, where to
Merchants and other people from the most part of Christendome haue annuall
concourse:
(JOTAYLOR-E2-P2,3,95.C1.253)
*~/
/*
137 BAG:  137 BAG, 138 being, 82 IP-MAT-PRN=1
*/

( (IP-MAT-1 (PP (P From)
		(CODE <font>)
		(NP (NPR Groning)))
	    (CODE <$$font>)
	    (NP-SBJ (PRO wee))
	    (VBD trauailed)
	    (PP (PP (P to)
		    (NP (D a)
			(N Towne)
			(RRC (VAN called)
			     (IP-SMC (NP-SBJ *)
				     (CODE <font>)
				     (NP-OB1 (NPR Ashers) (NPR Leauen))))))
		(CODE <$$font>)
		(, ,)
		(CONJP (PP (P to)
			   (CODE <font>)
			   (NP (NPR Ashleauen))))
		(CODE <$$font>)
		(, ,)
		(CONJP (PP (P to)
			   (CODE <font>)
			   (NP (NPR Kinderne))))
		(CODE <$$font>)
		(, ,)
		(CONJP (PP (P to)
			   (CODE <font>)
			   (NP (NPR Hall))))
		(CODE <$$font>))
	    (, ,)
	    (IP-MAT-PRN=1 (CONJ and)
			  (ADVP (ADV so))
			  (PP (P to)
			      (CODE <font>)
			      (NP (NPR Leipzig)
				  (CODE <$$font>)
				  (, ,)
				  (CP-REL (WNP-2 (WPRO which))
					  (C 0)
					  (IP-SUB (NP-SBJ *T*-2)
						  (BEP is)
						  (NP-OB1 (ONE one)
							  (PP (P of)
							      (NP (D the)
								  (ADJS chiefest)
								  (NS townes)
								  (PP (P in)
								      (CODE <font>)
								      (NP (NPR Saxony)))
								  (CODE <$$font>)
								  (, ,)
								  (RRC (BAG being)
								       (ADJP (ADJ famous)
									     (PP (P for)
										 (NP (D a)
										     (ADJ yearely)
										     (N Mart)
										     (CP-REL (WNP-3 0)
											     (C that)
											     (IP-SUB (NP-SBJ *T*-3)
												     (BEP is)
												     (ADVP (ADV yearely))
												     (VAN held)
												     (ADVP-LOC (ADV there))))
										     (, ,)
										     (CP-REL (WPP-4 (WADV where) (P to))
											     (C 0)
											     (IP-SUB (PP *T*-4)
												     (NP-SBJ (NP (NS Merchants))
													     (CONJP (CONJ and)
														    (NP (OTHER other) (NS people)))
													     (PP (P from)
														 (NP (D the)
														     (QS most)
														     (N part)
														     (PP (P of)
															 (NP (NPR Christendome))))))
												     (HVP haue)
												     (NP-OB1 (ADJ annuall) (N concourse))))))))))))))))
	    (. :))
  (ID JOTAYLOR-E2-P2,3,95.C1.253))
/*
FOOTER
  source file, hits/tokens/total
  C:\Users\Shoo\Dropbox\workspace\CorpusSearch_Auto\data\corporas\PPCEME\temp1492105854173\travelogue\jotaylor-e2-p2.psd	2/2/368
*/
/*
HEADER:
source file:  C:\Users\Shoo\Dropbox\workspace\CorpusSearch_Auto\data\corporas\PPCEME\temp1492105854173\travelogue\leland-e1-h.psd
*/

/~*
A mile a this side Akeland Castelle I cam over a bridg of one great arch on
Gaundelesse a praty ryver rising a vj. miles of by west: and renning by the
south side of Akeland Castelle
(LELAND-E1-H,69.2)
*~/
/*
58 VAG:  58 VAG, 59 rising, 49 NP-PRN
83 VAG:  83 VAG, 84 renning, 49 NP-PRN
*/

( (IP-MAT (PP (NP-MSR (D A) (N mile))
	      (P a)
	      (NP (D this)
		  (N side)
		  (NP-COM (NPR Akeland) (NPR Castelle))))
	  (NP-SBJ (PRO I))
	  (VBD cam)
	  (PP (P over)
	      (NP (D a)
		  (N bridg)
		  (PP (P of)
		      (NP (ONE one) (ADJ great) (N arch)))
		  (PP (P on)
		      (NP (NPR Gaundelesse)
			  (NP-PRN (D a)
				  (ADJ praty)
				  (N ryver)
				  (RRC (RRC (VAG rising)
					    (ADVP-LOC (NP-MSR (NUMP (D a) (NUM vj.))
							      (NS miles))
						      (RP of))
					    (PP (P by)
						(NP (N west))))
				       (, :)
				       (CONJP (CONJ and)
					      (RRC (VAG renning)
						   (PP (P by)
						       (NP (D the)
							   (N south)
							   (N side)
							   (PP (P of)
							       (NP (NPR Akeland) (NPR Castelle))))))))))))))
  (ID LELAND-E1-H,69.2))

/~*
The suburbe over Framagate bridg hath 3. partes. the south streat on the lift
hand, the crosse streate on the midle toward Akeland, and the 3. on the right
hand, bering the name of Framagate, and leding to Chester and to New-Castelle.
(LELAND-E1-H,73.105)
*~/
/*
90 VAG:  90 VAG, 91 bering, 24 NP-PRN
109 VAG:  109 VAG, 110 leding, 24 NP-PRN
*/

( (IP-MAT (NP-SBJ (D The)
		  (N suburbe)
		  (PP (P over)
		      (NP (NPR Framagate) (NPR bridg))))
	  (HVP hath)
	  (NP-OB1 (NUM 3.)
		  (NS partes)
		  (, .)
		  (NP-PRN (NP (D the)
			      (N south)
			      (N streat)
			      (PP (P on)
				  (NP (D the) (ADJ lift) (N hand))))
			  (, ,)
			  (CONJP (NP (D the)
				     (N crosse)
				     (N streate)
				     (PP (P on)
					 (NP (D the)
					     (N midle)
					     (PP (P toward)
						 (NP (NPR Akeland)))))))
			  (, ,)
			  (CONJP (CONJ and)
				 (NP (D the)
				     (NUM 3.)
				     (PP (P on)
					 (NP (D the) (ADJ right) (N hand)))
				     (, ,)
				     (RRC (RRC (VAG bering)
					       (NP-OB1 (D the)
						       (N name)
						       (PP (P of)
							   (NP (NPR Framagate)))))
					  (, ,)
					  (CONJP (CONJ and)
						 (RRC (VAG leding)
						      (PP (PP (P to)
							      (NP (NPR Chester)))
							  (CONJP (CONJ and)
								 (PP (P to)
								     (NP (NPR New-Castelle))))))))))))
	  (. .))
  (ID LELAND-E1-H,73.105))
/*
FOOTER
  source file, hits/tokens/total
  C:\Users\Shoo\Dropbox\workspace\CorpusSearch_Auto\data\corporas\PPCEME\temp1492105854173\travelogue\leland-e1-h.psd	4/2/462
*/
/*
HEADER:
source file:  C:\Users\Shoo\Dropbox\workspace\CorpusSearch_Auto\data\corporas\PPCEME\temp1492105854173\travelogue\leland-e1-p1.psd
*/

/~*
Al the hole towne standith as I cam to it on the hither ripe of Skelle, a
praty ryver cumming out of the west and renning by south on the toune first
under a stone bridge, and then under a bridge of wood, and about a quarter of
a mile lower into Ure, almost in the midle way betwixt North Bridg and Hewwik
Bridge of stone on Ure.
(LELAND-E1-P1,82.95)
*~/
/*
58 VAG:  58 VAG, 59 cumming, 49 NP-PRN
75 VAG:  75 VAG, 76 renning, 49 NP-PRN
*/

( (IP-MAT (NP-SBJ (Q Al) (D the) (ADJ hole) (N towne))
	  (VBP standith)
	  (PP (P as)
	      (CP-ADV (C 0)
		      (IP-SUB (NP-SBJ (PRO I))
			      (VBD cam)
			      (PP (P to)
				  (NP (PRO it)))
			      (PP (P on)
				  (NP (D the)
				      (ADJ hither)
				      (FW ripe)
				      (PP (P of)
					  (NP (NPR Skelle)
					      (, ,)
					      (NP-PRN (D a)
						      (ADJ praty)
						      (N ryver)
						      (RRC (RRC (VAG cumming)
								(PP (RP out)
								    (P of)
								    (NP (D the) (N west))))
							   (CONJP (CONJ and)
								  (RRC (RRC-1 (VAG renning)
									      (PP (P by)
										  (NP (N south)))
									      (PP (P on)
										  (NP (D the) (N toune)))
									      (ADVP-TMP (ADV first))
									      (PP (P under)
										  (NP (D a)
										      (N stone)
										      (NP-PRN (N bridge)))))
								       (, ,)
								       (CONJP (CONJ and)
									      (RRC=1 (ADVP-TMP (ADV then))
										     (PP (P under)
											 (NP (D a)
											     (N bridge)
											     (PP (P of)
												 (NP (N wood)))))))
								       (, ,)
								       (CONJP (CONJ and)
									      (RRC=1 (ADVP-LOC (NP-MSR (ADV about)
												       (D a)
												       (N quarter)
												       (PP (P of)
													   (NP (D a) (N mile))))
											       (ADVR lower))
										     (PP (P into)
											 (NP (NPR Ure)))
										     (, ,)
										     (PP (ADV almost)
											 (P in)
											 (NP (D the)
											     (ADJ midle)
											     (N way)
											     (PP (P betwixt)
												 (NP (NP (NPR North) (NPR Bridg))
												     (CONJP (CONJ and)
													    (NP (NPR Hewwik)
														(NPR Bridge)
														(PP (P of)
														    (NP (N stone)))
														(PP (P on)
														    (NP (NPR Ure))))))))))))))))))))))
	  (. .))
  (ID LELAND-E1-P1,82.95))

/~*
Plumton is now owner of it, a man of fair land: and lately augmentid by
wedding the doughter and heir generale of the Babthorpes.
(LELAND-E1-P1,87.216)
*~/
/*
52 VAG:  52 VAG, 53 wedding, 23 NP-PRN-1
*/

( (IP-MAT (NP-SBJ (NPR Plumton)
		  (NP-PRN *ICH*-1))
	  (BEP is)
	  (ADVP-TMP (ADV now))
	  (NP-OB1 (N owner)
		  (PP (P of)
		      (NP (PRO it))))
	  (, ,)
	  (NP-PRN-1 (D a)
		    (N man)
		    (PP (P of)
			(NP (NP (ADJ fair) (N land))
			    (, :)
			    (CONJP (CONJ and)
				   (NP (ADVP-TMP (ADV lately))
				       (VAN augmentid)
				       (PP (P by)
					   (IP-PPL (VAG wedding)
						   (NP-OB1 (D the)
							   (N doughter)
							   (CONJP (CONJ and)
								  (NX (N heir)
								      (ADJP (ADJ generale))
								      (PP (P of)
									  (NP (D the) (NPRS Babthorpes)))))))))))))
	  (. .))
  (ID LELAND-E1-P1,87.216))
/*
FOOTER
  source file, hits/tokens/total
  C:\Users\Shoo\Dropbox\workspace\CorpusSearch_Auto\data\corporas\PPCEME\temp1492105854173\travelogue\leland-e1-p1.psd	3/2/444
*/
/*
HEADER:
source file:  C:\Users\Shoo\Dropbox\workspace\CorpusSearch_Auto\data\corporas\PPCEME\temp1492105854173\travelogue\leland-e1-p2.psd
*/

/~*
In the paroche on the northe side of it, as in a chapelle, be 2. tumbes of the
Chaynes $lordes of the manor ther, and $the smaul $village bering their name.
(LELAND-E1-P2,105.63)
*~/
/*
86 VAG:  86 VAG, 87 bering, 58 NP-PRN
*/

( (IP-MAT (PP (P In)
	      (NP (D the) (N paroche)))
	  (PP (P on)
	      (NP (D the)
		  (N northe)
		  (N side)
		  (PP (P of)
		      (NP (PRO it)))))
	  (, ,)
	  (PP (P as)
	      (PP (P in)
		  (NP (D a) (N chapelle))))
	  (, ,)
	  (NP-SBJ-1 *exp*)
	  (BEP be)
	  (NP-1 (NUM 2.)
		(NS tumbes)
		(PP (P of)
		    (NP (D the)
			(NPR Chaynes)
			(NP-PRN (NS $lordes)
				(PP (P of)
				    (NP (NP (D the)
					    (N manor)
					    (ADVP-LOC (ADV ther)))
					(, ,)
					(CONJP (CONJ and)
					       (NP (D $the)
						   (ADJ smaul)
						   (N $village)
						   (RRC (VAG bering)
							(NP-OB1 (PRO$ their) (N name)))))))))))
	  (. .))
  (ID LELAND-E1-P2,105.63))

/~*
I think that Ewelme tooke name of a great poole afore the maner place and
elmes grouing about it.
(LELAND-E1-P2,112.192)
*~/
/*
45 VAG:  45 VAG, 46 grouing, 37 NP-PRN
*/

( (IP-MAT (NP-SBJ (PRO I))
	  (VBP think)
	  (CP-THT (C that)
		  (IP-SUB (NP-SBJ (NPR Ewelme))
			  (VBD tooke)
			  (NP-OB1 (N name)
				  (PP (P of)
				      (NP (D a) (ADJ great) (N poole))))
			  (PP (P afore)
			      (NP (D the)
				  (N maner)
				  (NP-PRN (N place)
					  (CONJ and)
					  (NS elmes)
					  (RRC (VAG grouing)
					       (PP (P about)
						   (NP (PRO it)))))))))
	  (. .))
  (ID LELAND-E1-P2,112.192))

/~*
Ewelme paroche chirch a cumly and new peace of work stonding on an hille was
lately made by William Duke of Southfolk and Alice his wife.
(LELAND-E1-P2,112.193)
*~/
/*
28 VAG:  28 VAG, 29 stonding, 9 NP-PRN
*/

( (IP-MAT (NP-SBJ (NPR Ewelme)
		  (N paroche)
		  (N chirch)
		  (NP-PRN (D a)
			  (ADJP (ADJ cumly) (CONJ and) (ADJ new))
			  (N peace)
			  (PP (P of)
			      (NP (N work)))
			  (RRC (VAG stonding)
			       (PP (P on)
				   (NP (D an) (N hille))))))
	  (BED was)
	  (ADVP-TMP (ADV lately))
	  (VAN made)
	  (PP (P by)
	      (NP (NP (NPR William)
		      (NP-PRN (N Duke)
			      (PP (P of)
				  (NP (NPR Southfolk)))))
		  (CONJP (CONJ and)
			 (NP (NPR Alice)
			     (NP-PRN (PRO$ his) (N wife))))))
	  (. .))
  (ID LELAND-E1-P2,112.193))
/*
FOOTER
  source file, hits/tokens/total
  C:\Users\Shoo\Dropbox\workspace\CorpusSearch_Auto\data\corporas\PPCEME\temp1492105854173\travelogue\leland-e1-p2.psd	3/3/428
*/
/*
HEADER:
source file:  C:\Users\Shoo\Dropbox\workspace\CorpusSearch_Auto\data\corporas\PPCEME\temp1492105854173\travelogue\torkingt-e1-h.psd
*/

/~*
And specially ther he toke a buffet of on of the busshopps servaunts, Seying,
Sic respondes Pontifici.
(TORKINGT-E1-H,34.172)
*~/
/*
41 VAG:  41 VAG, 42 Seying, 40 NP-PRN
*/

( (IP-MAT (CONJ And)
	  (ADVP (ADV specially))
	  (ADVP-LOC (ADV ther))
	  (NP-SBJ (PRO he))
	  (VBD toke)
	  (NP-OB1 (D a)
		  (N buffet)
		  (PP (P of)
		      (NP (ONE on)
			  (PP (P of)
			      (NP (NP-POS (D the) (N$ busshopps))
				  (NS servaunts))))))
	  (, ,)
	  (IP-PPL (NP-PRN (VAG Seying)
			  (, ,)
			  (QTP (LATIN (FW Sic) (FW respondes) (FW Pontifici)))))
	  (. .))
  (ID TORKINGT-E1-H,34.172))
/*
FOOTER
  source file, hits/tokens/total
  C:\Users\Shoo\Dropbox\workspace\CorpusSearch_Auto\data\corporas\PPCEME\temp1492105854173\travelogue\torkingt-e1-h.psd	1/1/457
*/
/*
HEADER:
source file:  C:\Users\Shoo\Dropbox\workspace\CorpusSearch_Auto\data\corporas\PPCEME\temp1492105854173\travelogue\torkingt-e1-p1.psd
*/
/*
FOOTER
  source file, hits/tokens/total
  C:\Users\Shoo\Dropbox\workspace\CorpusSearch_Auto\data\corporas\PPCEME\temp1492105854173\travelogue\torkingt-e1-p1.psd	0/0/474
*/
/*
HEADER:
source file:  C:\Users\Shoo\Dropbox\workspace\CorpusSearch_Auto\data\corporas\PPCEME\temp1492105854173\travelogue\torkingt-e1-p2.psd
*/

/~*
In the same Rook with in the sayd Temple, the Jewes kepe the Arke of god, with
the reliques that Titus caryed from Rome, that ys to sey the x commaundments,
Arons rodde, Moyes Roode, A vessell of gold, full of Mauna, Ornamentis for
Sacryfyce, the Tabernacle of Aron, a sqware table of gold with xij precious
Stonys, a box with grene Jaspys with iiij fyngerys, conteynyng the viij names
of ower lorde, vij candylstykkys of golde, and An Auter of fyne gold, upon the
whyche they have a cherybyn of gold xij spane longe, And a Tabernacle of golde
and xij Trumpetts of sylv, A Tabernacle of Sylver and vij barley lovys, And
all the other reliques that war be for the Nativite of Criste.
(TORKINGT-E1-P2,70.136)
*~/
/*
216 VAG:  216 VAG, 217 conteynyng, 76 IP-MAT-PRN
*/

( (IP-MAT (PP (P In)
	      (NP (D the) (ADJ same) (N Rook)))
	  (PP (P (P21 with) (P22 in))
	      (NP (D the) (VAN sayd) (N Temple)))
	  (, ,)
	  (NP-SBJ (D the) (NPRS Jewes))
	  (VBP kepe)
	  (NP-OB1 (D the)
		  (NPR Arke)
		  (PP (P of)
		      (NP (NPR god))))
	  (, ,)
	  (PP (P with)
	      (NP (D the)
		  (NS reliques)
		  (CP-REL (WNP-1 0)
			  (C that)
			  (IP-SUB (NP-OB1 *T*-1)
				  (NP-SBJ (NPR Titus))
				  (VBD caryed)
				  (PP (P from)
				      (NP (NPR Rome)))))))
	  (, ,)
	  (IP-MAT-PRN (NP-SBJ (D that))
		      (BEP ys)
		      (IP-INF (TO to)
			      (VB sey)
			      (NP-OB1 (NP (D the) (NUM x) (NS commaundments))
				      (, ,)
				      (CONJP (NP (NPR$ Arons) (N rodde)))
				      (, ,)
				      (CONJP (NP (NPR$ Moyes) (N Roode)))
				      (, ,)
				      (CONJP (NP (D A)
						 (N vessell)
						 (PP (P of)
						     (NP (N gold)))
						 (, ,)
						 (ADJP (ADJ full)
						       (PP (P of)
							   (NP (N Mauna))))))
				      (, ,)
				      (CONJP (NP (NS Ornamentis)
						 (PP (P for)
						     (NP (N Sacryfyce)))))
				      (, ,)
				      (CONJP (NP (D the)
						 (NPR Tabernacle)
						 (PP (P of)
						     (NP (NPR Aron)))))
				      (, ,)
				      (CONJP (NP (NP (D a)
						     (ADJ sqware)
						     (N table)
						     (PP (P of)
							 (NP (N gold))))
						 (PP (P with)
						     (NP (NUM xij) (ADJ precious) (NS Stonys)))))
				      (, ,)
				      (CONJP (NP (D a)
						 (N box)
						 (PP (P with)
						     (NP (ADJ grene) (NS Jaspys)))
						 (PP (P with)
						     (NP (NUM iiij) (NS fyngerys)))
						 (, ,)
						 (RRC (VAG conteynyng)
						      (NP-OB1 (D the)
							      (NUM viij)
							      (NS names)
							      (PP (P of)
								  (NP (PRO$ ower) (NPR lorde)))))))
				      (, ,)
				      (CONJP (NP (NUM vij)
						 (N+NS candylstykkys)
						 (PP (P of)
						     (NP (N golde)))))
				      (, ,)
				      (CONJP (CONJ and)
					     (NP (D An)
						 (N Auter)
						 (PP (P of)
						     (NP (ADJ fyne)
							 (N gold)
							 (, ,)
							 (CP-REL (WPP-2 (P upon)
									(WNP (D the) (WPRO whyche)))
								 (C 0)
								 (IP-SUB (PP *T*-2)
									 (NP-SBJ (PRO they))
									 (HVP have)
									 (NP-OB1 (D a)
										 (N cherybyn)
										 (PP (P of)
										     (NP (N gold)))
										 (ADJP (NP-MSR (NUM xij) (NS spane))
										       (ADJ longe)))))))))
				      (, ,)
				      (CONJP (CONJ And)
					     (NP (D a)
						 (N Tabernacle)
						 (PP (P of)
						     (NP (N golde)))))
				      (CONJP (CONJ and)
					     (NP (NUM xij)
						 (NS Trumpetts)
						 (PP (P of)
						     (NP (N sylv)))))
				      (, ,)
				      (CONJP (NP (D A)
						 (N Tabernacle)
						 (PP (P of)
						     (NP (N Sylver)))))
				      (CONJP (CONJ and)
					     (NP (NUM vij) (N barley) (NS lovys)))
				      (, ,)
				      (CONJP (CONJ And)
					     (NP (Q all)
						 (D the)
						 (OTHER other)
						 (NS reliques)
						 (CP-REL (WNP-3 0)
							 (C that)
							 (IP-SUB (NP-SBJ *T*-3)
								 (BED war)
								 (PP (P (P21 be) (P22 for))
								     (NP (D the)
									 (NPR Nativite)
									 (PP (P of)
									     (NP (NPR Criste))))))))))))
	  (. .))
  (ID TORKINGT-E1-P2,70.136))
/*
FOOTER
  source file, hits/tokens/total
  C:\Users\Shoo\Dropbox\workspace\CorpusSearch_Auto\data\corporas\PPCEME\temp1492105854173\travelogue\torkingt-e1-p2.psd	1/1/150
*/
/*
SUMMARY:  
source files, hits/tokens/total
  C:\Users\Shoo\Dropbox\workspace\CorpusSearch_Auto\data\corporas\PPCEME\temp1492105854173\travelogue\chaplain-e1-p2.psd	0/0/321
  C:\Users\Shoo\Dropbox\workspace\CorpusSearch_Auto\data\corporas\PPCEME\temp1492105854173\travelogue\coverte-e2-h.psd	0/0/320
  C:\Users\Shoo\Dropbox\workspace\CorpusSearch_Auto\data\corporas\PPCEME\temp1492105854173\travelogue\coverte-e2-p1.psd	0/0/326
  C:\Users\Shoo\Dropbox\workspace\CorpusSearch_Auto\data\corporas\PPCEME\temp1492105854173\travelogue\coverte-e2-p2.psd	0/0/355
  C:\Users\Shoo\Dropbox\workspace\CorpusSearch_Auto\data\corporas\PPCEME\temp1492105854173\travelogue\fiennes-e3-h.psd	2/2/347
  C:\Users\Shoo\Dropbox\workspace\CorpusSearch_Auto\data\corporas\PPCEME\temp1492105854173\travelogue\fiennes-e3-p1.psd	0/0/367
  C:\Users\Shoo\Dropbox\workspace\CorpusSearch_Auto\data\corporas\PPCEME\temp1492105854173\travelogue\fiennes-e3-p2.psd	0/0/361
  C:\Users\Shoo\Dropbox\workspace\CorpusSearch_Auto\data\corporas\PPCEME\temp1492105854173\travelogue\fryer-e3-h.psd	5/2/231
  C:\Users\Shoo\Dropbox\workspace\CorpusSearch_Auto\data\corporas\PPCEME\temp1492105854173\travelogue\fryer-e3-p1.psd	8/4/213
  C:\Users\Shoo\Dropbox\workspace\CorpusSearch_Auto\data\corporas\PPCEME\temp1492105854173\travelogue\fryer-e3-p2.psd	6/6/202
  C:\Users\Shoo\Dropbox\workspace\CorpusSearch_Auto\data\corporas\PPCEME\temp1492105854173\travelogue\jotaylor-e2-h.psd	3/3/348
  C:\Users\Shoo\Dropbox\workspace\CorpusSearch_Auto\data\corporas\PPCEME\temp1492105854173\travelogue\jotaylor-e2-p1.psd	2/2/416
  C:\Users\Shoo\Dropbox\workspace\CorpusSearch_Auto\data\corporas\PPCEME\temp1492105854173\travelogue\jotaylor-e2-p2.psd	2/2/368
  C:\Users\Shoo\Dropbox\workspace\CorpusSearch_Auto\data\corporas\PPCEME\temp1492105854173\travelogue\leland-e1-h.psd	4/2/462
  C:\Users\Shoo\Dropbox\workspace\CorpusSearch_Auto\data\corporas\PPCEME\temp1492105854173\travelogue\leland-e1-p1.psd	3/2/444
  C:\Users\Shoo\Dropbox\workspace\CorpusSearch_Auto\data\corporas\PPCEME\temp1492105854173\travelogue\leland-e1-p2.psd	3/3/428
  C:\Users\Shoo\Dropbox\workspace\CorpusSearch_Auto\data\corporas\PPCEME\temp1492105854173\travelogue\torkingt-e1-h.psd	1/1/457
  C:\Users\Shoo\Dropbox\workspace\CorpusSearch_Auto\data\corporas\PPCEME\temp1492105854173\travelogue\torkingt-e1-p1.psd	0/0/474
  C:\Users\Shoo\Dropbox\workspace\CorpusSearch_Auto\data\corporas\PPCEME\temp1492105854173\travelogue\torkingt-e1-p2.psd	1/1/150
whole search, hits/tokens/total
		40/30/6590
*/
