/*
PREFACE:  
Copyright 2010 Beth Randall
Date:  Thu Apr 13 18:48:06 BST 2017

command file:     data\searches\queries\YCOE\place_adverbials.q
output file:      C:\Users\Shoo\Dropbox\workspace\CorpusSearch_Auto\data\output\13-04-2017 18.46.36.333 YCOE\place_adverbials\science_astronomy_geography\result.out

node:   *ADVP-LOC*|*ADV^L*
query:  (*ADVP-LOC*|*ADV^L* Dominates  !*ADVP-LOC*|*ADV^L*) 
*/
/*
HEADER:
source file:  C:\Users\Shoo\Dropbox\workspace\CorpusSearch_Auto\data\corporas\YCOE\temp1492105600559\science_astronomy_geography\cobyrhtf.o3.psd
*/

/~*
Her ongin+d gerimcr+aft +after Ledenwarum and +after Grecum and Iudeiscum and
Egiptiscum and Engliscum +teodum and ma o+dra.
(cobyrhtf,ByrM_1_[Baker-Lapidge]:1.1.10.9)
*~/
/*
5 ADV^L:  5 ADV^L, 6 Her
*/
( (CODE <T22710000800,1.1.10>)
  (IP-MAT (ADVP-LOC (ADV^L Her))
	  (VBPI ongin+d)
	  (NP-NOM (N^N gerimcr+aft)
		  (PP (PP (P +after)
			  (NP-DAT (NR^D Ledenwarum)))
		      (CONJP (CONJ and)
			     (PP (P +after)
				 (NP-DAT (NP-DAT (NR^D Grecum))
					 (CONJP (CONJ and)
						(NP-DAT (ADJ^D Iudeiscum)))
					 (CONJP (CONJ and)
						(NP-DAT (ADJ^D Egiptiscum)))
					 (CONJP (CONJ and)
						(NP-DAT (ADJ^D Engliscum) (N^D +teodum)))
					 (CONJP (CONJ and)
						(NP (QR ma)
						    (NP-GEN (ADJ^G o+dra)))))))))
	  (. .))
  (ID cobyrhtf,ByrM_1_[Baker-Lapidge]:1.1.10.9))

/~*
+T+ara mon+da naman synd her amearcode.
(cobyrhtf,ByrM_1_[Baker-Lapidge]:1.1.21.15)
*~/
/*
15 ADV^L:  15 ADV^L, 16 her
*/

( (CODE <T22710001400,1.1.21>)
  (IP-MAT (NP-NOM (NP-GEN (D^G +T+ara) (N^G mon+da))
		  (N^N naman))
	  (BEPI synd)
	  (ADVP-LOC (ADV^L her))
	  (VBN^N amearcode)
	  (. .))
  (ID cobyrhtf,ByrM_1_[Baker-Lapidge]:1.1.21.15))

/~*
Nym +ta tyn tida +te +t+ar gyt synt
(cobyrhtf,ByrM_1_[Baker-Lapidge]:1.1.51.33)
*~/
/*
22 ADV^L:  22 ADV^L, 23 +t+ar
*/

( (CODE <T22710002700,1.1.51>)
  (IP-MAT (VBI Nym)
	  (NP-ACC (D^A +ta)
		  (NUM tyn)
		  (N^A tida)
		  (CP-REL (WNP-NOM-1 0)
			  (C +te)
			  (IP-SUB (NP-NOM *T*-1)
				  (ADVP-LOC (ADV^L +t+ar))
				  (ADVP-TMP (ADV^T gyt))
				  (BEPI synt)))))
  (ID cobyrhtf,ByrM_1_[Baker-Lapidge]:1.1.51.33))

/~*
+tonne beo+d +t+ar an hund tida and $twentig tida.
(cobyrhtf,ByrM_1_[Baker-Lapidge]:1.1.51.35)
*~/
/*
8 ADV^L:  8 ADV^L, 9 +t+ar
*/

( (IP-MAT (ADVP-TMP (ADV^T +tonne))
	  (BEPI beo+d)
	  (ADVP-LOC (ADV^L +t+ar))
	  (NP-NOM (NP (NUMP (NUM an) (NUM hund))
		      (NP-GEN (N^G tida)))
		  (CONJP (CONJ and)
			 (NP (NUM $twentig)
			     (NP-GEN (N^G tida)))))
	  (. .))
  (ID cobyrhtf,ByrM_1_[Baker-Lapidge]:1.1.51.35))

/~*
Seo r+ading cwy+d +t+at +t+ar ys gyt on +alcum tacne healf tid.
(cobyrhtf,ByrM_1_[Baker-Lapidge]:1.1.61.46)
*~/
/*
16 ADV^L:  16 ADV^L, 17 +t+ar
*/

( (CODE <T22710003400,1.1.61>)
  (IP-MAT (NP-NOM (D^N Seo) (N^N r+ading))
	  (VBPI cwy+d)
	  (CP-THT (C +t+at)
		  (IP-SUB (ADVP-LOC (ADV^L +t+ar))
			  (BEPI ys)
			  (ADVP-TMP (ADV^T gyt))
			  (PP (P on)
			      (NP-DAT (Q^D +alcum) (N^D tacne)))
			  (NP-NOM-PRD (NUM^N healf) (N^N tid))))
	  (. .))
  (ID cobyrhtf,ByrM_1_[Baker-Lapidge]:1.1.61.46))

/~*
+tonne beo+d +t+ar cyrtenlice gesamnode syx tida.
(cobyrhtf,ByrM_1_[Baker-Lapidge]:1.1.61.49)
*~/
/*
8 ADV^L:  8 ADV^L, 9 +t+ar
*/

( (IP-MAT (ADVP-TMP (ADV^T +tonne))
	  (BEPI beo+d)
	  (ADVP-LOC (ADV^L +t+ar))
	  (ADVP (ADV cyrtenlice))
	  (VBN^N gesamnode)
	  (NP-NOM (NUM syx) (N^N tida))
	  (. .))
  (ID cobyrhtf,ByrM_1_[Baker-Lapidge]:1.1.61.49))

/~*
and ic hine l+are, hlyste gif he wylle, +t+at he hi +ty feor+dan geare ealle
+tas syx tida gesamnige, +t+at +t+ar beon feower si+dun syx tida, +ta +te
gel+arede u+dwitan quadrantes gecigdon on Leden.
(cobyrhtf,ByrM_1_[Baker-Lapidge]:1.1.66.53)
*~/
/*
69 ADV^L:  69 ADV^L, 70 +t+ar
*/

( (IP-MAT (CONJ and)
	  (NP-NOM (PRO^N ic))
	  (NP-ACC (PRO^A hine))
	  (VBP l+are)
	  (, ,)
	  (IP-MAT-PRN-0 (NP-NOM *pro*)
			(VBPS hlyste)
			(CP-ADV (P gif)
				(C 0)
				(IPX-SUB=0 (NP-NOM (PRO^N he))
					   (MDP wylle))))
	  (, ,)
	  (CP-THT (C +t+at)
		  (IP-SUB (NP-NOM (PRO^N he))
			  (NP-ACC (PRO^A hi)
				  (NP-ACC-PRN *ICH*-1))
			  (NP-DAT-TMP (D^I +ty) (ADJ^D feor+dan) (N^D geare))
			  (NP-ACC-PRN-1 (Q^A ealle) (D^A +tas) (NUM syx) (N^A tida))
			  (VBPS gesamnige)
			  (, ,)
			  (CP-ADV (C +t+at)
				  (IP-SUB (ADVP-LOC (ADV^L +t+ar))
					  (BEPS beon)
					  (NP-NOM-PRD (NUMP (NUM feower) (N^D si+dun) (NUM syx))
						      (N^N tida)
						      (, ,)
						      (CP-REL (WNP-ACC-2 (D^A +ta))
							      (C +te)
							      (IP-SUB (NP-NOM (VBN^N gel+arede) (N^N u+dwitan))
								      (IP-SMC (NP-ACC-SBJ *T*-2)
									      (NP-PRD (FW quadrantes)))
								      (VBDI gecigdon)
								      (PP (P on)
									  (NP-ACC (NR^A Leden))))))))))
	  (. .))
  (ID cobyrhtf,ByrM_1_[Baker-Lapidge]:1.1.66.53))

/~*
Nu her ys gemearcod se circul +te ys zodiacus gehaten and +t+ara XII mon+da
naman, nu wille we fur+dor geican +turh Godes mihta.
(cobyrhtf,ByrM_1_[Baker-Lapidge]:1.1.76.57)
*~/
/*
11 ADV^L:  11 ADV^L, 12 her
*/

( (CODE <T22710004100,1.1.76>)
  (IP-MAT (CP-ADV (P Nu)
		  (C 0)
		  (IP-SUB (ADVP-LOC (ADV^L her))
			  (BEPI ys)
			  (VBN gemearcod)
			  (NP-NOM (NP-NOM (D^N se)
					  (N^N circul)
					  (CP-REL (WNP-NOM-1 0)
						  (C +te)
						  (IP-SUB (NP-NOM *T*-1)
							  (BEPI ys)
							  (NP-PRD (FW zodiacus))
							  (VBN gehaten))))
				  (CONJP (CONJ and)
					 (NP-NOM (NP-GEN (D^G +t+ara) (NUM XII) (N^G mon+da))
						 (N^N naman))))))
	  (, ,)
	  (ADVP-TMP (ADV^T nu))
	  (MDP wille)
	  (NP-NOM (PRO^N we))
	  (ADVP (ADVR fur+dor))
	  (VB geican)
	  (PP (P +turh)
	      (NP-ACC (NP-GEN (NR^G Godes))
		      (N^A mihta)))
	  (. .))
  (ID cobyrhtf,ByrM_1_[Baker-Lapidge]:1.1.76.57))

/~*
and we mid a+denedum hr+agle and gesundfullum windum +t+ar gewicedon on +tam
gem+arum +t+are f+agerestan +teode.
(cobyrhtf,ByrM_1_[Baker-Lapidge]:1.1.145.113)
*~/
/*
25 ADV^L:  25 ADV^L, 26 +t+ar
*/

( (IP-MAT (CONJ and)
	  (NP-NOM (PRO^N we))
	  (PP (P mid)
	      (NP-DAT (NP-DAT (VBN^D a+denedum) (N^D hr+agle))
		      (CONJP (CONJ and)
			     (NP-DAT (ADJ^D gesundfullum) (N^D windum)))))
	  (ADVP-LOC (ADV^L +t+ar))
	  (VBDI gewicedon)
	  (PP (P on)
	      (NP-DAT (D^D +tam)
		      (N^D gem+arum)
		      (NP-GEN (D^G +t+are) (ADJS^G f+agerestan) (N^G +teode))))
	  (. .))
  (ID cobyrhtf,ByrM_1_[Baker-Lapidge]:1.1.145.113))

/~*
Hyt cwy+d for+don, +t+ar we gesawon +t+are lilian blosman +t+at ys +t+as
gerimes f+agernyssa, +t+ar we onfengon +t+are rosena sw+ac +t+at ys, +t+at we
ongeton +t+as gerimes deopnyssa.
(cobyrhtf,ByrM_1_[Baker-Lapidge]:1.1.150.116)
*~/
/*
17 ADV^L:  17 ADV^L, 18 +t+ar
22 ADVP-LOC:  22 ADVP-LOC, 23 *T*-1
59 ADV^L:  59 ADV^L, 60 +t+ar
*/

( (CODE <T22710008200,1.1.150>)
  (IP-MAT (NP-NOM (PRO^N Hyt))
	  (VBPI cwy+d)
	  (ADVP (ADV for+don))
	  (, ,)
	  (IP-MAT-SPE (CP-FRL-LOC-SPE (WADVP-LOC-1 (ADV^L +t+ar))
				      (C 0)
				      (IP-SUB-SPE (ADVP-LOC *T*-1)
						  (NP-NOM (PRO^N we))
						  (VBDI gesawon)
						  (NP (NP-GEN (D^G +t+are) (N^G lilian))
						      (N blosman)
						      (CODE <paren>)
						      (-PRN (NP-NOM (D^N +t+at))
							    (BEPI ys)
							    (XP (NP (NP-GEN (D^G +t+as) (N^G gerimes))
								    (N f+agernyssa))))
						      (CODE </paren>))))
		      (, ,)
		      (ADVP-LOC (ADV^L +t+ar))
		      (NP-NOM (PRO^N we))
		      (RP+VBDI onfengon)
		      (NP-ACC (NP-GEN (D^G +t+are) (N^G rosena))
			      (N^A sw+ac)
			      (CODE <paren>)
			      (-PRN (NP-NOM (D^N +t+at))
				    (BEPI ys)
				    (, ,)
				    (XP (CP-THT-SPE (C +t+at))
					(IP-SUB-SPE (NP-NOM (PRO^N we))
						    (VBDI ongeton)
						    (NP-ACC (NP-GEN (D^G +t+as) (N^G gerimes))
							    (N^A deopnyssa)))))
			      (CODE </paren>)))
	  (. .))
  (ID cobyrhtf,ByrM_1_[Baker-Lapidge]:1.1.150.116))

/~*
and +t+ar eft geenda+d.
(cobyrhtf,ByrM_1_[Baker-Lapidge]:1.1.229.157)
*~/
/*
7 ADV^L:  7 ADV^L, 8 +t+ar
*/

( (IP-MAT (CONJ and)
	  (NP-NOM *con*)
	  (ADVP-LOC (ADV^L +t+ar))
	  (ADVP-TMP (ADV^T eft))
	  (VBPI geenda+d)
	  (. .))
  (ID cobyrhtf,ByrM_1_[Baker-Lapidge]:1.1.229.157))

/~*
Gif hig beo+d gesamnode +tonne beo+d +t+ar XXXI.
(cobyrhtf,ByrM_1_[Baker-Lapidge]:1.2.29.175)
*~/
/*
23 ADV^L:  23 ADV^L, 24 +t+ar
*/

( (CODE <T22710013200,1.2.29>)
  (IP-MAT (CP-ADV (P Gif)
		  (C 0)
		  (IP-SUB (NP-NOM (PRO^N hig))
			  (BEPI beo+d)
			  (VBN^N gesamnode)))
	  (ADVP (ADV^T +tonne))
	  (BEPI beo+d)
	  (ADVP-LOC (ADV^L +t+ar))
	  (NP-NOM (NUM XXXI))
	  (. .))
  (ID cobyrhtf,ByrM_1_[Baker-Lapidge]:1.2.29.175))

/~*
$Gif $hig $beo+d $gesamnode $+tonne $beo+d $+t+ar XXXI.
(cobyrhtf,ByrM_1_[Baker-Lapidge]:1.2.32.177)
*~/
/*
23 ADV^L:  23 ADV^L, 24 $+t+ar
*/

( (CODE <T22710013400,1.2.32>)
  (IP-MAT (CP-ADV (P $Gif)
		  (C 0)
		  (IP-SUB (NP-NOM (PRO^N $hig))
			  (BEPI $beo+d)
			  (VBN^N $gesamnode)))
	  (ADVP (ADV^T $+tonne))
	  (BEPI $beo+d)
	  (ADVP-LOC (ADV^L $+t+ar))
	  (NP-NOM (NUM XXXI))
	  (. .))
  (ID cobyrhtf,ByrM_1_[Baker-Lapidge]:1.2.32.177))

/~*
On Englisc her synt +t+ara XII mon+da naman.
(cobyrhtf,ByrM_1_[Baker-Lapidge]:1.2.35.179)
*~/
/*
11 ADV^L:  11 ADV^L, 12 her
*/

( (CODE <T22710013600,1.2.35>)
  (IP-MAT (PP (P On)
	      (NP-ACC (ADJ^A Englisc)))
	  (ADVP-LOC (ADV^L her))
	  (BEPI synt)
	  (NP-NOM (NP-GEN (D^G +t+ara) (NUM XII) (N^G mon+da))
		  (N^N naman))
	  (. .))
  (ID cobyrhtf,ByrM_1_[Baker-Lapidge]:1.2.35.179))

/~*
$Git +t+ar synt fiftene to lafe;
(cobyrhtf,ByrM_1_[Baker-Lapidge]:1.2.131.241)
*~/
/*
8 ADV^L:  8 ADV^L, 9 +t+ar
*/

( (CODE <T22710017400,1.2.131>)
  (IP-MAT (ADVP-TMP (ADV^T $Git))
	  (ADVP-LOC (ADV^L +t+ar))
	  (BEPI synt)
	  (NP-NOM (NUM fiftene))
	  (PP (P to)
	      (NP (N lafe)))
	  (. ;))
  (ID cobyrhtf,ByrM_1_[Baker-Lapidge]:1.2.131.241))

/~*
nu +t+ar ys an to lafe.
(cobyrhtf,ByrM_1_[Baker-Lapidge]:1.2.132.244)
*~/
/*
6 ADV^L:  6 ADV^L, 7 +t+ar
*/

( (IP-MAT (ADVP-TMP (ADV^T nu))
	  (ADVP-LOC (ADV^L +t+ar))
	  (BEPI ys)
	  (NP-NOM (NUM^N an))
	  (PP (P to)
	      (NP (N lafe)))
	  (. .))
  (ID cobyrhtf,ByrM_1_[Baker-Lapidge]:1.2.132.244))

/~*
+tonne beo+d +t+ar gegaderode $CCCLX.
(cobyrhtf,ByrM_1_[Baker-Lapidge]:1.2.175.276)
*~/
/*
8 ADV^L:  8 ADV^L, 9 +t+ar
*/

( (IP-MAT (ADVP-TMP (ADV^T +tonne))
	  (BEPI beo+d)
	  (ADVP-LOC (ADV^L +t+ar))
	  (VBN^N gegaderode)
	  (NP-NOM (NUM $CCCLX))
	  (. .))
  (ID cobyrhtf,ByrM_1_[Baker-Lapidge]:1.2.175.276))

/~*
Nu +t+ar ys an to lafe;
(cobyrhtf,ByrM_1_[Baker-Lapidge]:1.2.185.289)
*~/
/*
8 ADV^L:  8 ADV^L, 9 +t+ar
*/

( (CODE <T22710020900,1.2.185>)
  (IP-MAT (ADVP-TMP (ADV^T Nu))
	  (ADVP-LOC (ADV^L +t+ar))
	  (BEPI ys)
	  (NP-NOM (NUM^N an))
	  (PP (P to)
	      (NP (N lafe)))
	  (. ;))
  (ID cobyrhtf,ByrM_1_[Baker-Lapidge]:1.2.185.289))

/~*
+ar +t+ar w+aron an and +trittig.
(cobyrhtf,ByrM_1_[Baker-Lapidge]:1.2.189.296)
*~/
/*
6 ADV^L:  6 ADV^L, 7 +t+ar
*/

( (IP-MAT (ADVP-TMP (ADV^T +ar))
	  (ADVP-LOC (ADV^L +t+ar))
	  (BEDI w+aron)
	  (NP-NOM (NUMP (NUM an) (CONJ and) (NUM +trittig)))
	  (. .))
  (ID cobyrhtf,ByrM_1_[Baker-Lapidge]:1.2.189.296))

/~*
Nim +ta +treo +te +t+ar synt to lafe
(cobyrhtf,ByrM_1_[Baker-Lapidge]:1.2.190.297)
*~/
/*
20 ADV^L:  20 ADV^L, 21 +t+ar
*/

( (CODE <T22710021400,1.2.190>)
  (IP-MAT (VBI Nim)
	  (NP-ACC (D^A +ta)
		  (NUM^A +treo)
		  (CP-REL (WNP-NOM-1 0)
			  (C +te)
			  (IP-SUB (NP-NOM *T*-1)
				  (ADVP-LOC (ADV^L +t+ar))
				  (BEPI synt)
				  (PP (P to)
				      (NP (N lafe)))))))
  (ID cobyrhtf,ByrM_1_[Baker-Lapidge]:1.2.190.297))

/~*
gif eall +t+at get+al by+d tod+aled +turh seofon and +t+ar nan +ting ne by+d
ofer +ta seofon, +tonne beo+d +t+ar seofon regulares.
(cobyrhtf,ByrM_1_[Baker-Lapidge]:1.2.191.301)
*~/
/*
31 ADV^L:  31 ADV^L, 32 +t+ar
58 ADV^L:  58 ADV^L, 59 +t+ar
*/

( (IP-MAT (CP-ADV (P gif)
		  (C 0)
		  (IP-SUB (IP-SUB (NP-NOM (Q^N eall) (D^N +t+at) (N^N get+al))
				  (BEPI by+d)
				  (RP+VBN tod+aled)
				  (PP (P +turh)
				      (NP (NUM seofon))))
			  (CONJP (CONJ and)
				 (IP-SUB-CON (ADVP-LOC (ADV^L +t+ar))
					     (NP-NOM (NEG+Q^N nan) (N^N +ting))
					     (NEG ne)
					     (BEPI by+d)
					     (PP (P ofer)
						 (NP-ACC (D^A +ta) (NUM seofon)))))))
	  (, ,)
	  (ADVP-TMP (ADV^T +tonne))
	  (BEPI beo+d)
	  (ADVP-LOC (ADV^L +t+ar))
	  (NP-NOM (NUM seofon) (FW regulares))
	  (. .))
  (ID cobyrhtf,ByrM_1_[Baker-Lapidge]:1.2.191.301))

/~*
Gyf +t+ar by+d an ofer +ta seofon o+d+de twa, +treo o+d+de feower, fife o+d+de
syxe, +tonne beo+d +t+ar swa fela $regulares o+d+de rihtinga.
(cobyrhtf,ByrM_1_[Baker-Lapidge]:1.2.193.302)
*~/
/*
11 ADV^L:  11 ADV^L, 12 +t+ar
57 ADV^L:  57 ADV^L, 58 +t+ar
*/

( (CODE <T22710021600,1.2.193>)
  (IP-MAT (CP-ADV (P Gyf)
		  (C 0)
		  (IP-SUB (ADVP-LOC (ADV^L +t+ar))
			  (BEPI by+d)
			  (NP-NOM (NUM^N an)
				  (CONJP *ICH*-1))
			  (PP (P ofer)
			      (NP-ACC (D^A +ta) (NUM seofon)))
			  (CONJP-1 (CONJ o+d+de) (NUM^N twa) (, ,) (NUM^N +treo) (CONJ o+d+de) (NUM^N feower) (, ,) (NUM^N fife) (CONJ o+d+de) (NUM^N syxe))))
	  (, ,)
	  (ADVP-TMP (ADV^T +tonne))
	  (BEPI beo+d)
	  (ADVP-LOC (ADV^L +t+ar))
	  (NP-NOM (QP (ADV swa) (Q fela))
		  (FW $regulares)
		  (CONJP (CONJ o+d+de)
			 (NX-NOM (N^N rihtinga))))
	  (. .))
  (ID cobyrhtf,ByrM_1_[Baker-Lapidge]:1.2.193.302))

/~*
Gif +t+ar beon ma +tonne seofon, do aweg +ta $seofon $+te +t+ar ofer beo+d,
(cobyrhtf,ByrM_1_[Baker-Lapidge]:1.2.213.312)
*~/
/*
11 ADV^L:  11 ADV^L, 12 +t+ar
45 ADV^L:  45 ADV^L, 46 +t+ar
*/

( (CODE <T22710022500,1.2.213>)
  (IP-MAT (CP-ADV (P Gif)
		  (C 0)
		  (IP-SUB (ADVP-LOC (ADV^L +t+ar))
			  (BEPS beon)
			  (NP-NOM (QP (QR ma)
				      (PP (P +tonne)
					  (NP (NUM seofon)))))))
	  (, ,)
	  (VBPH do)
	  (RP aweg)
	  (NP-ACC (D^A +ta)
		  (NUM $seofon)
		  (CP-REL (WNP-NOM-1 0)
			  (C $+te)
			  (IP-SUB (NP-NOM *T*-1)
				  (ADVP-LOC (ADV^L +t+ar))
				  (RP ofer)
				  (BEPI beo+d))))
	  (. ,))
  (ID cobyrhtf,ByrM_1_[Baker-Lapidge]:1.2.213.312))

/~*
and wite mid fullum gesceade, gif +t+ar by+d an ofer +ta seofon, +tonne
tacna+d +t+at +t+at se mon+d g+a+d on Sunnand+ag on tune.
(cobyrhtf,ByrM_1_[Baker-Lapidge]:1.2.213.313)
*~/
/*
27 ADV^L:  27 ADV^L, 28 +t+ar
*/

( (IP-MAT (CONJ and)
	  (VBPH wite)
	  (PP (P mid)
	      (NP-DAT (ADJ^D fullum) (N^D gesceade)))
	  (, ,)
	  (CP-THT (C 0)
		  (IP-SUB (CP-ADV (P gif)
				  (C 0)
				  (IP-SUB (ADVP-LOC (ADV^L +t+ar))
					  (BEPI by+d)
					  (NP-NOM (NUM^N an))
					  (PP (P ofer)
					      (NP-ACC (D^A +ta) (NUM seofon)))))
			  (, ,)
			  (ADVP-TMP (ADV^T +tonne))
			  (VBPI tacna+d)
			  (NP-NOM (D^N +t+at))
			  (CP-THT (C +t+at)
				  (IP-SUB (NP-NOM (D^N se) (N^N mon+d))
					  (VBPI g+a+d)
					  (PP (P on)
					      (NP-ACC (NR^A Sunnand+ag)))
					  (PP (P on)
					      (NP-DAT (N^D tune)))))))
	  (. .))
  (ID cobyrhtf,ByrM_1_[Baker-Lapidge]:1.2.213.313))

/~*
Gif +t+ar beo+d ofer +ta seofon twa o+d+de +treo, feower o+d+de fife o+d+de
syxe, wite +tu to so+de +t+at +ty d+ages cym+d se mon+d to mannum.
(cobyrhtf,ByrM_1_[Baker-Lapidge]:1.2.216.314)
*~/
/*
11 ADV^L:  11 ADV^L, 12 +t+ar
*/

( (CODE <T22710022600,1.2.216>)
  (IP-MAT (CP-ADV (P Gif)
		  (C 0)
		  (IP-SUB (ADVP-LOC (ADV^L +t+ar))
			  (BEPI beo+d)
			  (PP (P ofer)
			      (NP-ACC (D^A +ta) (NUM seofon)))
			  (NP-NOM (NUMP-NOM (NUM^N twa) (CONJ o+d+de) (NUM^N +treo) (, ,) (NUM feower) (CONJ o+d+de) (NUM^N fife) (CONJ o+d+de) (NUM^N syxe)))))
	  (, ,)
	  (VBPH wite)
	  (NP-NOM (PRO^N +tu))
	  (PP (P to)
	      (NP-DAT (N^D so+de)))
	  (CP-THT (C +t+at)
		  (IP-SUB (NP-DAT-ADT (D^I +ty)
				      (NP-GEN (N^G d+ages)))
			  (VBPI cym+d)
			  (NP-NOM (D^N se) (N^N mon+d))
			  (PP (P to)
			      (NP-DAT (N^D mannum)))))
	  (. .))
  (ID cobyrhtf,ByrM_1_[Baker-Lapidge]:1.2.216.314))

/~*
Gif +t+ar beo l+as +tonne seofon, swylc d+ag hyt by+d;
(cobyrhtf,ByrM_1_[Baker-Lapidge]:1.2.223.319)
*~/
/*
11 ADV^L:  11 ADV^L, 12 +t+ar
*/

( (CODE <T22710023100,1.2.223>)
  (IP-MAT (CP-ADV (P Gif)
		  (C 0)
		  (IP-SUB (ADVP-LOC (ADV^L +t+ar))
			  (BEPS beo)
			  (NP-NOM (QP-NOM (QR^N l+as)
					  (PP (P +tonne)
					      (NP (NUM seofon)))))))
	  (, ,)
	  (NP-NOM-PRD (ADJ^N swylc) (N^N d+ag))
	  (NP-NOM (PRO^N hyt))
	  (BEPI by+d)
	  (. ;))
  (ID cobyrhtf,ByrM_1_[Baker-Lapidge]:1.2.223.319))

/~*
gif +t+ar beo+d seofon, +tonne by+d hyt S+aternd+ag, swa +teos r+ading +atyw+d.
(cobyrhtf,ByrM_1_[Baker-Lapidge]:1.2.223.320)
*~/
/*
9 ADV^L:  9 ADV^L, 10 +t+ar
*/

( (IP-MAT (CP-ADV (P gif)
		  (C 0)
		  (IP-SUB (ADVP-LOC (ADV^L +t+ar))
			  (BEPI beo+d)
			  (NP-NOM (NUM seofon))))
	  (, ,)
	  (ADVP-TMP (ADV^T +tonne))
	  (BEPI by+d)
	  (NP-NOM (PRO^N hyt))
	  (NP-NOM-PRD (NR^N S+aternd+ag))
	  (, ,)
	  (PP (P swa)
	      (CPX-CMP (IPX-SUB (NP-NOM (D^N +teos) (N^N r+ading))
				(VBPI +atyw+d))))
	  (. .))
  (ID cobyrhtf,ByrM_1_[Baker-Lapidge]:1.2.223.320))

/~*
+tonne beo+d +t+ar tyn.
(cobyrhtf,ByrM_1_[Baker-Lapidge]:1.2.236.330)
*~/
/*
8 ADV^L:  8 ADV^L, 9 +t+ar
*/

( (IP-MAT (ADVP-TMP (ADV^T +tonne))
	  (BEPI beo+d)
	  (ADVP-LOC (ADV^L +t+ar))
	  (NP-NOM (NUM tyn))
	  (. .))
  (ID cobyrhtf,ByrM_1_[Baker-Lapidge]:1.2.236.330))

/~*
+tonne beo+d +t+ar nigon.
(cobyrhtf,ByrM_1_[Baker-Lapidge]:1.2.237.332)
*~/
/*
8 ADV^L:  8 ADV^L, 9 +t+ar
*/

( (IP-MAT (ADVP-TMP (ADV^T +tonne))
	  (BEPI beo+d)
	  (ADVP-LOC (ADV^L +t+ar))
	  (NP-NOM (NUM nigon))
	  (. .))
  (ID cobyrhtf,ByrM_1_[Baker-Lapidge]:1.2.237.332))

/~*
twa +t+ar synt to lafe, +ta tacnia+d +t+at hyt ys Monand+ag +te ic +tis
gesette.
(cobyrhtf,ByrM_1_[Baker-Lapidge]:1.2.238.335)
*~/
/*
8 ADV^L:  8 ADV^L, 9 +t+ar
*/

( (IP-MAT (NP-NOM (NUM^N twa)
		  (CP-REL *ICH*-1))
	  (ADVP-LOC (ADV^L +t+ar))
	  (BEPI synt)
	  (PP (P to)
	      (NP (N lafe)))
	  (, ,)
	  (CP-REL-1 (WNP-NOM-2 (D^N +ta))
		    (C 0)
		    (IP-SUB (NP-NOM *T*-2)
			    (VBPI tacnia+d)
			    (CP-THT (C +t+at)
				    (IP-SUB (NP-NOM (PRO^N hyt))
					    (BEPI ys)
					    (NP-NOM-PRD (NR^N Monand+ag)
							(CP-REL (WADVP-TMP-3 0)
								(C +te)
								(IP-SUB (ADVP-TMP *T*-3)
									(NP-NOM (PRO^N ic))
									(NP-ACC (D^A +tis))
									(VBP gesette))))))))
	  (. .))
  (ID cobyrhtf,ByrM_1_[Baker-Lapidge]:1.2.238.335))

/~*
+Das +ting we swa hwonlice her hrepia+d on foreweardum worce for+dan we hig
+tencea+d oftor to hrepian and to gemunanne.
(cobyrhtf,ByrM_1_[Baker-Lapidge]:1.2.250.366)
*~/
/*
18 ADV^L:  18 ADV^L, 19 her
*/

( (CODE <T22710026300,1.2.250>)
  (IP-MAT (NP-ACC (D^A +Das) (N^A +ting))
	  (NP-NOM (PRO^N we))
	  (ADVP (ADV swa) (ADV hwonlice))
	  (ADVP-LOC (ADV^L her))
	  (VBPI hrepia+d)
	  (PP (P on)
	      (NP-DAT (ADJ^D foreweardum) (N^D worce)))
	  (CP-ADV (P for+dan)
		  (C 0)
		  (IP-SUB (NP-NOM (PRO^N we))
			  (NP-ACC-1 (PRO^A hig))
			  (VBPI +tencea+d)
			  (IP-INF (IP-INF (NP-ACC *ICH*-1)
					  (ADVP-TMP (ADVR^T oftor))
					  (TO to)
					  (VB^D hrepian))
				  (CONJP (CONJ and)
					 (IP-INF (NP-ACC *ICH*-1)
						 (TO to)
						 (VB^D gemunanne))))))
	  (. .))
  (ID cobyrhtf,ByrM_1_[Baker-Lapidge]:1.2.250.366))

/~*
and gif se mon+d sceal habban XXX nihta ealdne monan, loca hw+at +t+ar ofer sy
gif +tam +aftran mon+de.
(cobyrhtf,ByrM_1_[Baker-Lapidge]:1.2.279.388)
*~/
/*
45 ADV^L:  45 ADV^L, 46 +t+ar
*/

( (IP-MAT (CONJ and)
	  (CP-ADV (P gif)
		  (C 0)
		  (IP-SUB (NP-NOM (D^N se) (N^N mon+d))
			  (MDPI sceal)
			  (HV habban)
			  (NP-ACC (ADJP-ACC (NP-EXT (NUM XXX)
						    (NP-GEN (N^G nihta)))
					    (ADJ^A ealdne))
				  (N^A monan))))
	  (, ,)
	  (CP-FRL (WNP-NOM-1 (ADV loca) (WPRO^N hw+at))
		  (C 0)
		  (IP-SUB (NP-NOM *T*-1)
			  (ADVP-LOC (ADV^L +t+ar))
			  (RP ofer)
			  (BEPS sy)))
	  (VBI gif)
	  (NP-DAT (D^D +tam) (ADJR^D +aftran) (N^D mon+de))
	  (. .))
  (ID cobyrhtf,ByrM_1_[Baker-Lapidge]:1.2.279.388))

/~*
Gif se mon+d ne +tearf habban buton nigon and twentig nihta ealdne monan, loca
hw+at +t+ar ofer beo gif +tam mon+de to rihtingum.
(cobyrhtf,ByrM_1_[Baker-Lapidge]:1.2.282.389)
*~/
/*
54 ADV^L:  54 ADV^L, 55 +t+ar
*/

( (CODE <T22710028300,1.2.282>)
  (IP-MAT (CP-ADV (P Gif)
		  (C 0)
		  (IP-SUB (NP-NOM (D^N se) (N^N mon+d))
			  (NEG ne)
			  (MDPI +tearf)
			  (HV habban)
			  (NP-ACC (FP buton)
				  (ADJP-ACC (NP-EXT (NUMP (NUM nigon) (CONJ and) (NUM twentig))
						    (NP-GEN (N^G nihta)))
					    (ADJ^A ealdne))
				  (N^A monan))))
	  (, ,)
	  (CP-FRL (WNP-NOM-1 (ADV loca) (WPRO^N hw+at))
		  (C 0)
		  (IP-SUB (NP-NOM *T*-1)
			  (ADVP-LOC (ADV^L +t+ar))
			  (RP ofer)
			  (BEPS beo)))
	  (VBI gif)
	  (NP-DAT (D^D +tam) (N^D mon+de))
	  (PP (P to)
	      (NP-DAT (N^D rihtingum)))
	  (. .))
  (ID cobyrhtf,ByrM_1_[Baker-Lapidge]:1.2.282.389))

/~*
+tonne beo+d +t+ar twa and XX.
(cobyrhtf,ByrM_1_[Baker-Lapidge]:1.2.333.437)
*~/
/*
8 ADV^L:  8 ADV^L, 9 +t+ar
*/

( (IP-MAT (ADVP-TMP (ADV^T +tonne))
	  (BEPI beo+d)
	  (ADVP-LOC (ADV^L +t+ar))
	  (NP-NOM (NUMP (NUM twa) (CONJ and) (NUM XX)))
	  (. .))
  (ID cobyrhtf,ByrM_1_[Baker-Lapidge]:1.2.333.437))

/~*
+tonne beo+d +t+ar +treo and XXX.
(cobyrhtf,ByrM_1_[Baker-Lapidge]:1.2.334.439)
*~/
/*
8 ADV^L:  8 ADV^L, 9 +t+ar
*/

( (IP-MAT (ADVP-TMP (ADV^T +tonne))
	  (BEPI beo+d)
	  (ADVP-LOC (ADV^L +t+ar))
	  (NP-NOM (NUMP (NUM +treo) (CONJ and) (NUM XXX)))
	  (. .))
  (ID cobyrhtf,ByrM_1_[Baker-Lapidge]:1.2.334.439))

/~*
+tonne beo+d +t+ar XIIII.
(cobyrhtf,ByrM_1_[Baker-Lapidge]:1.2.336.443)
*~/
/*
8 ADV^L:  8 ADV^L, 9 +t+ar
*/

( (IP-MAT (ADVP-TMP (ADV^T +tonne))
	  (BEPI beo+d)
	  (ADVP-LOC (ADV^L +t+ar))
	  (NP-NOM (NUM XIIII))
	  (. .))
  (ID cobyrhtf,ByrM_1_[Baker-Lapidge]:1.2.336.443))

/~*
+tonne beo+d +t+ar fif and twentig.
(cobyrhtf,ByrM_1_[Baker-Lapidge]:1.2.337.445)
*~/
/*
8 ADV^L:  8 ADV^L, 9 +t+ar
*/

( (IP-MAT (ADVP-TMP (ADV^T +tonne))
	  (BEPI beo+d)
	  (ADVP-LOC (ADV^L +t+ar))
	  (NP-NOM (NUMP (NUM fif) (CONJ and) (NUM twentig)))
	  (. .))
  (ID cobyrhtf,ByrM_1_[Baker-Lapidge]:1.2.337.445))

/~*
+tonne beo+d +t+ar syx and XXX.
(cobyrhtf,ByrM_1_[Baker-Lapidge]:1.2.337.447)
*~/
/*
8 ADV^L:  8 ADV^L, 9 +t+ar
*/

( (IP-MAT (ADVP-TMP (ADV^T +tonne))
	  (BEPI beo+d)
	  (ADVP-LOC (ADV^L +t+ar))
	  (NP-NOM (NUMP (NUM syx) (CONJ and) (NUM XXX)))
	  (. .))
  (ID cobyrhtf,ByrM_1_[Baker-Lapidge]:1.2.337.447))

/~*
Gyf +tu dest twelf +t+arto, +t+at ys to +tam eahtatynum epactum, +tonne beo+d
+t+ar $XXX;
(cobyrhtf,ByrM_1_[Baker-Lapidge]:1.2.342.452)
*~/
/*
48 ADV^L:  48 ADV^L, 49 +t+ar
*/

( (CODE <T22710033000,1.2.342>)
  (IP-MAT (CP-ADV (P Gyf)
		  (C 0)
		  (IP-SUB (NP-NOM (PRO^N +tu))
			  (VBPI dest)
			  (NP (NUM twelf))
			  (PP (ADV+P +t+arto)
			      (, ,)
			      (IP-MAT-PRN (NP-NOM (D^N +t+at))
					  (BEPI ys)
					  (XP (PP (P to)
						  (NP-DAT (D^D +tam) (ADJ^D eahtatynum) (N^D epactum))))))))
	  (, ,)
	  (ADVP-TMP (ADV^T +tonne))
	  (BEPI beo+d)
	  (ADVP-LOC (ADV^L +t+ar))
	  (NP-NOM (NUM $XXX))
	  (. ;))
  (ID cobyrhtf,ByrM_1_[Baker-Lapidge]:1.2.342.452))

/~*
+tonne beo+d +t+ar fif and +trittig.
(cobyrhtf,ByrM_1_[Baker-Lapidge]:1.2.346.458)
*~/
/*
8 ADV^L:  8 ADV^L, 9 +t+ar
*/

( (IP-MAT (ADVP-TMP (ADV^T +tonne))
	  (BEPI beo+d)
	  (ADVP-LOC (ADV^L +t+ar))
	  (NP-NOM (NUMP (NUM fif) (CONJ and) (NUM +trittig)))
	  (. .))
  (ID cobyrhtf,ByrM_1_[Baker-Lapidge]:1.2.346.458))

/~*
+tonne beo+d +t+ar seofon and +trittig.
(cobyrhtf,ByrM_1_[Baker-Lapidge]:1.2.349.464)
*~/
/*
8 ADV^L:  8 ADV^L, 9 +t+ar
*/

( (IP-MAT (ADVP-TMP (ADV^T +tonne))
	  (BEPI beo+d)
	  (ADVP-LOC (ADV^L +t+ar))
	  (NP-NOM (NUMP (NUM seofon) (CONJ and) (NUM +trittig)))
	  (. .))
  (ID cobyrhtf,ByrM_1_[Baker-Lapidge]:1.2.349.464))

/~*
Her we hig wylla+d amearkian, +ta epactas and eac +ta regulares lunares, +t+at
hig openlicre and orpedlice standun beforan +t+as preostes gesyh+de, +t+at he
m+age butan geswynce heora geryna ascrutnian.
(cobyrhtf,ByrM_1_[Baker-Lapidge]:1.2.352.469)
*~/
/*
5 ADV^L:  5 ADV^L, 6 Her
*/

( (CODE <T22710034100,1.2.352>)
  (IP-MAT (ADVP-LOC (ADV^L Her))
	  (NP-NOM (PRO^N we))
	  (NP-ACC (PRO^A hig)
		  (NP-ACC-PRN *ICH*-1))
	  (MDPI wylla+d)
	  (VB amearkian)
	  (, ,)
	  (NP-ACC-PRN-1 (NP-ACC (D^A +ta) (N^A epactas))
			(CONJP (CONJ and)
			       (ADV eac)
			       (NP-ACC (D^A +ta) (FW regulares) (FW lunares))))
	  (, ,)
	  (CP-ADV (C +t+at)
		  (IP-SUB (NP-NOM (PRO^N hig))
			  (ADVP (ADV openlicre) (CONJ and) (ADV orpedlice))
			  (VBPS standun)
			  (PP (P beforan)
			      (NP (NP-GEN (D^G +t+as) (N^G preostes))
				  (N gesyh+de)))
			  (, ,)
			  (CP-ADV (C +t+at)
				  (IP-SUB (NP-NOM (PRO^N he))
					  (MDPS m+age)
					  (PP (P butan)
					      (NP-DAT (N^D geswynce)))
					  (NP-ACC (PRO$ heora) (N^A geryna))
					  (VB ascrutnian)))))
	  (. .))
  (ID cobyrhtf,ByrM_1_[Baker-Lapidge]:1.2.352.469))

/~*
and gyt +t+ar synt fiftyne.
(cobyrhtf,ByrM_1_[Baker-Lapidge]:1.4.20.537)
*~/
/*
8 ADV^L:  8 ADV^L, 9 +t+ar
*/

( (IP-MAT (CONJ and)
	  (ADVP-TMP (ADV^T gyt))
	  (ADVP-LOC (ADV^L +t+ar))
	  (BEPI synt)
	  (NP-NOM (NUM fiftyne))
	  (. .))
  (ID cobyrhtf,ByrM_1_[Baker-Lapidge]:1.4.20.537))

/~*
+T+at an +te +t+ar ys to lafe sete on foreweardum +tam circule +te man nem+d
concurrentium.
(cobyrhtf,ByrM_1_[Baker-Lapidge]:1.4.23.540)
*~/
/*
18 ADV^L:  18 ADV^L, 19 +t+ar
*/

( (CODE <T22710039300,1.4.23>)
  (IP-MAT (NP-ACC (D^A +T+at)
		  (NUM^A an)
		  (CP-REL (WNP-NOM-1 0)
			  (C +te)
			  (IP-SUB (NP-NOM *T*-1)
				  (ADVP-LOC (ADV^L +t+ar))
				  (BEPI ys)
				  (PP (P to)
				      (NP (N lafe))))))
	  (VBI sete)
	  (PP (P on)
	      (NP-DAT (ADJ^D foreweardum)
		      (D^D +tam)
		      (N^D circule)
		      (CP-REL (WNP-2 0)
			      (C +te)
			      (IP-SUB (NP-NOM (MAN^N man))
				      (VBPI nem+d)
				      (IP-SMC (NP-SBJ *T*-2)
					      (NP-PRD (FW concurrentium)))))))
	  (. .))
  (ID cobyrhtf,ByrM_1_[Baker-Lapidge]:1.4.23.540))

/~*
$+tonne $beo+d $+t+ar $syx $and $+trittig.
(cobyrhtf,ByrM_1_[Baker-Lapidge]:1.4.46.566)
*~/
/*
8 ADV^L:  8 ADV^L, 9 $+t+ar
*/

( (IP-MAT (ADVP-TMP (ADV^T $+tonne))
	  (BEPI $beo+d)
	  (ADVP-LOC (ADV^L $+t+ar))
	  (NP-NOM (NUMP (NUM $syx) (CONJ $and) (NUM $+trittig)))
	  (. .))
  (ID cobyrhtf,ByrM_1_[Baker-Lapidge]:1.4.46.566))

/~*
+tonne beo+d +t+ar seofon.
(cobyrhtf,ByrM_1_[Baker-Lapidge]:1.4.48.568)
*~/
/*
8 ADV^L:  8 ADV^L, 9 +t+ar
*/

( (IP-MAT (ADVP-TMP (ADV^T +tonne))
	  (BEPI beo+d)
	  (ADVP-LOC (ADV^L +t+ar))
	  (NP-NOM (NUM seofon))
	  (. .))
  (ID cobyrhtf,ByrM_1_[Baker-Lapidge]:1.4.48.568))

/~*
ac we willa+d his mihta and his trumnysse her geswutelian.
(cobyrhtf,ByrM_1_[Baker-Lapidge]:2.1.60.623)
*~/
/*
24 ADV^L:  24 ADV^L, 25 her
*/

( (IP-MAT (CONJ ac)
	  (NP-NOM (PRO^N we))
	  (MDPI willa+d)
	  (NP-ACC (NP-ACC (PRO$ his) (N^A mihta))
		  (CONJP (CONJ and)
			 (NP-ACC (PRO$ his) (N^A trumnysse))))
	  (ADVP-LOC (ADV^L her))
	  (VB geswutelian)
	  (. .))
  (ID cobyrhtf,ByrM_1_[Baker-Lapidge]:2.1.60.623))

/~*
He s+ade +t+at Iulius se m+anigtywa casere +tisne bissextum gemette o+d+de
aspirode and hine gelagode on +t+are stowe +te we nu hine healda+d, +t+at ys
on VI kalendas Martii.
(cobyrhtf,ByrM_1_[Baker-Lapidge]:2.1.74.634)
*~/
/*
56 WADVP-LOC-1:  56 WADVP-LOC-1, 57 0
61 ADVP-LOC:  61 ADVP-LOC, 62 *T*-1
*/

( (CODE <T22710045700,2.1.74>)
  (IP-MAT (NP-NOM (PRO^N He))
	  (VBD s+ade)
	  (CP-THT (C +t+at)
		  (IP-SUB (IP-SUB (NP-NOM (NR^N Iulius)
					  (NP-NOM-PRN (D^N se) (ADJ^N m+anigtywa) (N^N casere)))
				  (NP-ACC (D^A +tisne) (FW bissextum))
				  (VBD (VBD gemette) (CONJ o+d+de) (VBD aspirode)))
			  (CONJP (CONJ and)
				 (IP-SUB-CON (NP-NOM *con*)
					     (NP-ACC (PRO^A hine))
					     (VBD gelagode)
					     (PP (P on)
						 (NP-DAT (D^D +t+are)
							 (N^D stowe)
							 (CP-REL (WADVP-LOC-1 0)
								 (C +te)
								 (IP-SUB (ADVP-LOC *T*-1)
									 (NP-NOM (PRO^N we))
									 (ADVP-TMP (ADV^T nu))
									 (NP-ACC (PRO^A hine))
									 (VBPI healda+d)))
							 (, ,)
							 (IP-MAT-PRN (NP-NOM (D^N +t+at))
								     (BEPI ys)
								     (XP (PP (P on)
									     (NP (NUM VI)
										 (FW kalendas)
										 (NP-GEN (NR^G Martii))))))))))))
	  (. .))
  (ID cobyrhtf,ByrM_1_[Baker-Lapidge]:2.1.74.634))

/~*
+Ta fif dagas +te +t+ar synd betwux VI kalendas and kalendas Martii, hig synd
genemned on Grecisc interkalares and on Lyden interpolares uel additi, +t+at
synd +ta togeihte dagas o+d+de betwuxgesette,
(cobyrhtf,ByrM_1_[Baker-Lapidge]:2.1.77.635)
*~/
/*
20 ADV^L:  20 ADV^L, 21 +t+ar
*/

( (CODE <T22710045800,2.1.77>)
  (IP-MAT-0 (NP-NOM-LFD (D^N +Ta)
			(NUM fif)
			(N^N dagas)
			(CP-REL (WNP-NOM-1 0)
				(C +te)
				(IP-SUB (NP-NOM *T*-1)
					(ADVP-LOC (ADV^L +t+ar))
					(BEPI synd)
					(PP (P betwux)
					    (NP (NP (NUM VI) (FW kalendas))
						(CONJP (CONJ and)
						       (NP (FW kalendas)
							   (NP-GEN (NR^G Martii)))))))))
	    (, ,)
	    (NP-NOM-RSP (PRO^N hig))
	    (BEPI synd)
	    (VBN genemned)
	    (PP (P on)
		(NP-ACC (ADJ^A Grecisc)))
	    (NP-PRD (FW interkalares)
		    (CP-REL *ICH*-3))
	    (IPX-MAT-PRN=0 (CONJ and)
			   (PP (P on)
			       (NP-ACC (NR^A Lyden)))
			   (NP-PRD (FW interpolares) (FW uel) (FW additi)))
	    (, ,)
	    (CP-REL-3 (WNP-NOM-4 (D^N +t+at))
		      (C 0)
		      (IP-SUB (NP-NOM *T*-4)
			      (BEPI synd)
			      (NP-NOM-PRD (D^N +ta)
					  (PTP-NOM (RP+VBN^N togeihte)
						   (CONJP *ICH*-2))
					  (N^N dagas)
					  (CONJP-2 (CONJ o+d+de) (RP+VBN^N betwuxgesette)))))
	    (. ,))
  (ID cobyrhtf,ByrM_1_[Baker-Lapidge]:2.1.77.635))

/~*
Betwux +tisre spr+ace sceal se rimre ge+tencean +t+at he gedo +t+at Februarius
mon+d +ty geare h+abbe +trittig nihta ealdne monan, beo he +t+ar +t+ar he beo
nigon and twentig nihta eald geendod -- gif he by+d beforan +tam intercalatum
uel interpolatum diem, +t+at ys gif he by+d beforan +tam gesettan d+age,
o+d+de he by+d betwynan +tam gelogodan d+age, +t+at ys bissextus $and
$kalendas $Martii.
(cobyrhtf,ByrM_1_[Baker-Lapidge]:2.1.121.663)
*~/
/*
69 ADV^L:  69 ADV^L, 70 +t+ar
73 ADV^L:  73 ADV^L, 74 +t+ar
78 ADVP-LOC:  78 ADVP-LOC, 79 *T*-1
*/

( (CODE <T22710047300,2.1.121>)
  (IP-MAT (PP (P Betwux)
	      (NP-DAT (D^D +tisre) (N^D spr+ace)))
	  (MDPI sceal)
	  (NP-NOM (D^N se) (N^N rimre))
	  (VB ge+tencean)
	  (CP-THT (C +t+at)
		  (IP-SUB (NP-NOM (PRO^N he))
			  (VBPS gedo)
			  (CP-THT (C +t+at)
				  (IP-SUB (NP-NOM (NP-GEN (NR^G Februarius))
						  (N^N mon+d))
					  (NP-DAT-TMP (D^I +ty) (N^D geare))
					  (HVPS h+abbe)
					  (NP-ACC (ADJP-ACC (NP-EXT (NUM +trittig)
								    (NP-GEN (N^G nihta)))
							    (ADJ^A ealdne))
						  (N^A monan))))))
	  (, ,)
	  (CP-ADV (IP-SUB (BEPS beo)
			  (NP-NOM (PRO^N he))
			  (ADVP-LOC (ADV^L +t+ar)
				    (CP-REL (WADVP-LOC-1 (ADV^L +t+ar))
					    (C 0)
					    (IP-SUB (ADVP-LOC *T*-1)
						    (NP-NOM (PRO^N he))
						    (BEPS beo)
						    (ADJP-NOM (NP-EXT (NUMP (NUM nigon) (CONJ and) (NUM twentig))
								      (NP-GEN (N^G nihta)))
							      (ADJ^N eald))
						    (VBN geendod))))))
	  (, --)
	  (CP-ADV (P gif)
		  (C 0)
		  (IP-SUB (IP-SUB (NP-NOM (PRO^N he))
				  (BEPI by+d)
				  (PP (P beforan)
				      (NP-DAT (D^D +tam)
					      (FW intercalatum)
					      (FW uel)
					      (FW interpolatum)
					      (FW diem)
					      (, ,)
					      (IP-MAT-PRN (NP-NOM (D^N +t+at))
							  (BEPI ys)
							  (XP (CP-ADV (P gif)
								      (C 0)
								      (IP-SUB (NP-NOM (PRO^N he))
									      (BEPI by+d)
									      (PP (P beforan)
										  (NP-DAT (D^D +tam) (VBN^D gesettan) (N^D d+age))))))))))
			  (, ,)
			  (CONJP (CONJ o+d+de)
				 (IP-SUB-CON (NP-NOM (PRO^N he))
					     (BEPI by+d)
					     (PP (P betwynan)
						 (NP-DAT (NP-DAT (D^D +tam)
								 (VBN^D gelogodan)
								 (N^D d+age)
								 (, ,)
								 (IP-MAT-PRN (NP-NOM (D^N +t+at))
									     (BEPI ys)
									     (XP (FW bissextus))))
							 (CONJP (CONJ $and)
								(NP (FW $kalendas)
								    (NP-GEN (NR^G $Martii))))))))))
	  (. .))
  (ID cobyrhtf,ByrM_1_[Baker-Lapidge]:2.1.121.663))

/~*
Gemun +du, la r+adere, +t+at +tu gedo +ty feor+dan geare +t+at Februarius
mon+d h+abbe +trittig nihta ealdne monan, and gedo +t+at Martius h+abbe
eallswa, +ty l+as +te +t+at Easterlice gescead ahwar tealtrige.
(cobyrhtf,ByrM_1_[Baker-Lapidge]:2.1.136.671)
*~/
/*
97 ADV^L:  97 ADV^L, 98 ahwar
*/

( (IP-MAT-SPE (VBI Gemun)
	      (NP-NOM (PRO^N +du))
	      (, ,)
	      (INTJ la)
	      (NP-NOM-VOC (N^N r+adere))
	      (, ,)
	      (CP-THT-SPE (C +t+at)
			  (IP-SUB-SPE (IP-SUB-SPE (NP-NOM (PRO^N +tu))
						  (VBPS gedo)
						  (NP-DAT-TMP (D^I +ty) (ADJ^D feor+dan) (N^D geare))
						  (CP-THT-SPE (C +t+at)
							      (IP-SUB-SPE-0 (NP-NOM (NP-GEN (NR^G Februarius))
										    (N^N mon+d))
									    (HVPS h+abbe)
									    (NP-ACC (ADJP-ACC (NP-EXT (NUM +trittig)
												      (NP-GEN (N^G nihta)))
											      (ADJ^A ealdne))
										    (N^A monan)))))
				      (, ,)
				      (CONJP (CONJ and)
					     (IP-SUB-CON-SPE (NP-NOM *con*)
							     (VBPS gedo)
							     (CP-THT-SPE (C +t+at)
									 (IPX-SUB-SPE=0 (NP-NOM (NR^N Martius))
											(HVPS h+abbe)
											(ADVP (ADV eallswa))
											(, ,)
											(CP-ADV-SPE (D^I +ty)
												    (P l+as)
												    (C +te)
												    (IP-SUB-SPE (NP-NOM (D^N +t+at) (ADJ^N Easterlice) (N^N gescead))
														(ADVP-LOC (ADV^L ahwar))
														(VBPS tealtrige)))))))))
	      (. .))
  (ID cobyrhtf,ByrM_1_[Baker-Lapidge]:2.1.136.671))

/~*
Gif hwylcum cnihte lyste ma +tinga and deopra gesetnyssa be him witan +tonne
we her habba+d gebreued, +tonne r+ade he +t+as eadigan weres getingnyssa Bedan
+t+as +a+delan boceres o+d+de Rabanes, +te wel gehende an asmeadun ymbe +tisum
cr+afte.
(cobyrhtf,ByrM_1_[Baker-Lapidge]:2.1.146.674)
*~/
/*
60 ADV^L:  60 ADV^L, 61 her
*/

( (CODE <T22710048200,2.1.146>)
  (IP-MAT (CP-ADV (P Gif)
		  (C 0)
		  (IP-SUB (NP-NOM-x *exp*)
			  (NP-DAT (Q^D hwylcum) (N^D cnihte))
			  (VBPS lyste)
			  (IP-INF-x (NP (NP (QR ma)
					    (NP-GEN (N^G +tinga)))
					(CONJP (CONJ and)
					       (NP-GEN (ADJ^G deopra) (N^G gesetnyssa)))
					(PP *ICH*-1))
				    (PP (P be)
					(NP-DAT (PRO^D him)))
				    (VB witan)
				    (PP-1 (P +tonne)
					  (CP-CMP (WNP-2 0)
						  (C 0)
						  (IP-SUB (NP *T*-2)
							  (NP-NOM (PRO^N we))
							  (ADVP-LOC (ADV^L her))
							  (HVPI habba+d)
							  (VBN gebreued)))))))
	  (, ,)
	  (ADVP-TMP (ADV^T +tonne))
	  (VBPS r+ade)
	  (NP-NOM (PRO^N he))
	  (NP-ACC (NP-GEN (NP-GEN (D^G +t+as)
				  (ADJ^G eadigan)
				  (N^G weres)
				  (NP-GEN-PRN *ICH*-3)
				  (NP-GEN-PRN *ICH*-4))
			  (CONJP *ICH*-5))
		  (N^A getingnyssa)
		  (NP-GEN-PRN-3 (NR^G Bedan))
		  (NP-GEN-PRN-4 (D^G +t+as) (ADJ^G +a+delan) (N^G boceres))
		  (CONJP-5 (CONJ o+d+de)
			   (NP-GEN (NR^G Rabanes)))
		  (, ,)
		  (CP-REL (WNP-NOM-6 0)
			  (C +te)
			  (IP-SUB (NP-NOM *T*-6)
				  (NUMP-NOM (ADVP (ADV wel) (ADV gehende))
					    (NUM^N an))
				  (VBDI asmeadun)
				  (PP (P ymbe)
				      (NP-DAT (D^D +tisum) (N^D cr+afte))))))
	  (. .))
  (ID cobyrhtf,ByrM_1_[Baker-Lapidge]:2.1.146.674))

/~*
Nu we ealles ymbe +t+as monan ylde spr+ace habba+d and ymbe +t+are sunnan ryne
manega +ting geradlice atrahtnod, us +ting+d wel beheflic +t+at we on +tisre
stowe ymbe +t+ane saltus lune +t+at ys ymbe +t+as monan hlyp wurdliun and hine
gehandlion eallswa boclice weras willa+d habban and healdan, +t+at we beon
wise and w+are +t+at we nahwar ne gan of lage, +te l+as us gesceamige beforan
+t+as cynges dugo+de.
(cobyrhtf,ByrM_1_[Baker-Lapidge]:2.1.152.676)
*~/
/*
174 NEG+ADV^L:  174 NEG+ADV^L, 175 nahwar
*/

( (CODE <T22710048400,2.1.152>)
  (IP-MAT (CP-ADV (P Nu)
		  (C 0)
		  (IP-SUB (IP-SUB-0 (NP-NOM (PRO^N we))
				    (QP-GEN-ADT (Q^G ealles))
				    (PP (P ymbe)
					(NP (NP-GEN (D^G +t+as) (N^G monan))
					    (N ylde)))
				    (NP (N spr+ace))
				    (HVPI habba+d))
			  (CONJP (CONJ and)
				 (IPX-SUB-CON=0 (PP (P ymbe)
						    (NP (NP-GEN (D^G +t+are) (N^G sunnan))
							(N ryne)))
						(NP-ACC (Q^A manega) (N^A +ting))
						(ADVP (ADV geradlice))
						(VBN atrahtnod)))))
	  (, ,)
	  (NP-NOM-x *exp*)
	  (NP-DAT (PRO^D us))
	  (VBPI +ting+d)
	  (ADJP-NOM-PRD (ADV wel) (ADJ^N beheflic))
	  (CP-THT-x (C +t+at)
		    (IP-SUB-00 (NP-NOM (PRO^N we))
			       (PP (P on)
				   (NP-DAT (D^D +tisre) (N^D stowe)))
			       (PP (P ymbe)
				   (NP-ACC (D^A +t+ane)
					   (FW saltus)
					   (FW lune)
					   (CODE <paren>)
					   (IP-MAT-PRN (NP-NOM (D^N +t+at))
						       (BEPI ys)
						       (XP (PP (P ymbe)
							       (NP-ACC (NP-GEN (D^G +t+as) (N^G monan))
								       (N^A hlyp)))))
					   (CODE </paren>)))
			       (VB wurdliun)
			       (IPX-SUB-PRN=00 (CONJ and)
					       (NP-ACC (PRO^A hine))
					       (VB gehandlion)
					       (PP (P eallswa)
						   (CPX-CMP (IPX-SUB (NP-NOM (ADJ^N boclice) (N^N weras))
								     (MDPI willa+d)
								     (VB (HV habban) (CONJ and) (VB healdan))))))
			       (, ,)
			       (CP-ADV (C +t+at)
				       (IP-SUB (NP-NOM (PRO^N we))
					       (BEPS beon)
					       (ADJP-NOM-PRD (ADJ^N wise)
							     (CONJ and)
							     (ADJ^N w+are)
							     (CP-THT (C +t+at)
								     (IP-SUB (NP-NOM (PRO^N we))
									     (ADVP-LOC (NEG+ADV^L nahwar))
									     (NEG ne)
									     (VBPS gan)
									     (PP (P of)
										 (NP-DAT (N^D lage)))
									     (, ,)
									     (CP-ADV (D^I +te)
										     (P l+as)
										     (C 0)
										     (IP-SUB (NP-NOM *exp*)
											     (NP (PRO us))
											     (VBPS gesceamige)
											     (PP (P beforan)
												 (NP (NP-GEN (D^G +t+as) (N^G cynges))
												     (N dugo+de))))))))))))
	  (. .))
  (ID cobyrhtf,ByrM_1_[Baker-Lapidge]:2.1.152.676))

/~*
We l+ata+d +t+at se getiddusta wer her sitte, nu we his gewritu smeaga+d.
(cobyrhtf,ByrM_1_[Baker-Lapidge]:2.1.176.686)
*~/
/*
21 ADV^L:  21 ADV^L, 22 her
*/

( (CODE <T22710049300,2.1.176>)
  (IP-MAT (NP-NOM (PRO^N We))
	  (VBPI l+ata+d)
	  (CP-THT (C +t+at)
		  (IP-SUB (NP-NOM (D^N se) (ADJS^N getiddusta) (N^N wer))
			  (ADVP-LOC (ADV^L her))
			  (VBPS sitte)))
	  (, ,)
	  (CP-ADV (P nu)
		  (C 0)
		  (IP-SUB (NP-NOM (PRO^N we))
			  (NP-ACC (PRO$ his) (N^A gewritu))
			  (VBPI smeaga+d)))
	  (. .))
  (ID cobyrhtf,ByrM_1_[Baker-Lapidge]:2.1.176.686))

/~*
+Tonne we +tas tida tod+ala+d and +alcum geare gyfa+d ane tid on +tam circule
+te yrn+d nigontyne gear, +tonne beo+d +t+ar fif to lafe.
(cobyrhtf,ByrM_1_[Baker-Lapidge]:2.1.196.700)
*~/
/*
70 ADV^L:  70 ADV^L, 71 +t+ar
*/

( (CODE <T22710050400,2.1.196>)
  (IP-MAT (CP-ADV (P +Tonne)
		  (C 0)
		  (IP-SUB (IP-SUB (NP-NOM (PRO^N we))
				  (NP-ACC (D^A +tas) (N^A tida))
				  (RP+VBPI tod+ala+d))
			  (CONJP (CONJ and)
				 (IP-SUB-CON (NP-NOM *con*)
					     (NP-DAT (Q^D +alcum) (N^D geare))
					     (VBPI gyfa+d)
					     (NP-ACC (NUM^A ane) (N^A tid))
					     (PP (P on)
						 (NP-DAT (D^D +tam)
							 (N^D circule)
							 (CP-REL (WNP-NOM-1 0)
								 (C +te)
								 (IP-SUB (NP-NOM *T*-1)
									 (VBPI yrn+d)
									 (NP-ACC-TMP (NUM nigontyne) (N^A gear))))))))))
	  (, ,)
	  (ADVP-TMP (ADV^T +tonne))
	  (BEPI beo+d)
	  (ADVP-LOC (ADV^L +t+ar))
	  (NP-NOM (NUM fif))
	  (PP (P to)
	      (NP (N lafe)))
	  (. .))
  (ID cobyrhtf,ByrM_1_[Baker-Lapidge]:2.1.196.700))

/~*
+tonne gyt +t+ar by+d an to lafe.
(cobyrhtf,ByrM_1_[Baker-Lapidge]:2.1.200.706)
*~/
/*
9 ADV^L:  9 ADV^L, 10 +t+ar
*/

( (IP-MAT (ADVP-TMP (ADV^T +tonne))
	  (ADVP-TMP (ADV^T gyt))
	  (ADVP-LOC (ADV^L +t+ar))
	  (BEPI by+d)
	  (NP-NOM (NUM^N an))
	  (PP (P to)
	      (NP (N lafe)))
	  (. .))
  (ID cobyrhtf,ByrM_1_[Baker-Lapidge]:2.1.200.706))

/~*
Swa near +tam nigonteo+dan geare, swa by+d se niwa mona bradra gesewen.
(cobyrhtf,ByrM_1_[Baker-Lapidge]:2.1.213.716)
*~/
/*
9 ADVP-LOC:  9 ADVP-LOC, 18 geare
*/

( (CODE <T22710051300,2.1.213>)
  (IP-MAT (PP (P Swa)
	      (CPX-CMP (IPX-SUB (ADVP-LOC (ADVR^L near)
					  (NP-DAT (D^D +tam) (ADJ^D nigonteo+dan) (N^D geare))))))
	  (, ,)
	  (ADVP (ADV swa))
	  (BEPI by+d)
	  (NP-NOM (D^N se) (ADJ^N niwa) (N^N mona))
	  (ADJP-NOM-PRD (ADJR^N bradra))
	  (VBN gesewen)
	  (. .))
  (ID cobyrhtf,ByrM_1_[Baker-Lapidge]:2.1.213.716))

/~*
and man hyt m+ag settan to gewitnysse loca hw+ar +tam writere ge+tince.
(cobyrhtf,ByrM_1_[Baker-Lapidge]:2.1.229.729)
*~/
/*
24 WADV^L:  24 WADV^L, 25 hw+ar
29 ADVP-LOC:  29 ADVP-LOC, 30 *T*-1
*/

( (IP-MAT (CONJ and)
	  (NP-NOM (MAN^N man))
	  (NP-ACC (PRO^A hyt))
	  (MDPI m+ag)
	  (VB settan)
	  (PP (P to)
	      (NP (N gewitnysse)))
	  (CP-FRL-LOC (WADVP-LOC-1 (ADV loca) (WADV^L hw+ar))
		      (C 0)
		      (IP-SUB (ADVP-LOC *T*-1)
			      (NP-NOM *exp*)
			      (NP-DAT (D^D +tam) (N^D writere))
			      (VBPS ge+tince)))
	  (. .))
  (ID cobyrhtf,ByrM_1_[Baker-Lapidge]:2.1.229.729))

/~*
and loca swy+de georne hw+ar beo luna prima +t+ar+after,
(cobyrhtf,ByrM_1_[Baker-Lapidge]:2.1.238.737)
*~/
/*
13 WADV^L:  13 WADV^L, 14 hw+ar
18 ADVP-LOC:  18 ADVP-LOC, 19 *T*-1
*/

( (IP-MAT (CONJ and)
	  (VBI loca)
	  (ADVP (ADV swy+de) (ADV georne))
	  (CP-QUE (WADVP-LOC-1 (WADV^L hw+ar))
		  (C 0)
		  (IP-SUB (ADVP-LOC *T*-1)
			  (BEPS beo)
			  (NP-NOM (FW luna) (FW prima))
			  (PP (ADV+P +t+ar+after))))
	  (. ,))
  (ID cobyrhtf,ByrM_1_[Baker-Lapidge]:2.1.238.737))

/~*
and hawa swy+de scearplice hw+ar sy XII kalendas Aprelis,
(cobyrhtf,ByrM_1_[Baker-Lapidge]:2.1.238.739)
*~/
/*
13 WADV^L:  13 WADV^L, 14 hw+ar
18 ADVP-LOC:  18 ADVP-LOC, 19 *T*-1
*/

( (IP-MAT (CONJ and)
	  (VBI hawa)
	  (ADVP (ADV swy+de) (ADV scearplice))
	  (CP-QUE (WADVP-LOC-1 (WADV^L hw+ar))
		  (C 0)
		  (IP-SUB (ADVP-LOC *T*-1)
			  (BEPS sy)
			  (NP-NOM (FW XII) (FW kalendas) (FW Aprelis))))
	  (. ,))
  (ID cobyrhtf,ByrM_1_[Baker-Lapidge]:2.1.238.739))

/~*
$+Dis tacen bi+d gesett +t+ar +ta deopan +ting beo+d unkydde.
(cobyrhtf,ByrM_1_[Baker-Lapidge]:2.1.246.742)
*~/
/*
15 ADV^L:  15 ADV^L, 16 +t+ar
20 ADVP-LOC:  20 ADVP-LOC, 21 *T*-1
*/

( (CODE <T22710052800,2.1.246>)
  (IP-MAT (NP-NOM (D^N $+Dis) (N^N tacen))
	  (BEPI bi+d)
	  (VBN gesett)
	  (CP-FRL-LOC (WADVP-LOC-1 (ADV^L +t+ar))
		      (C 0)
		      (IP-SUB (ADVP-LOC *T*-1)
			      (NP-NOM (D^N +ta) (ADJ^N deopan) (N^N +ting))
			      (BEPI beo+d)
			      (VBN^N unkydde)))
	  (. .))
  (ID cobyrhtf,ByrM_1_[Baker-Lapidge]:2.1.246.742))

/~*
An +t+ara +tinga ys +t+at we sceolon witan mid fullum gesceade hw+ar +t+as
monan niwnys beo on Martio up asprungen, and o+der +t+at we sceolon witan
hw+ar he beo XIIIIma +after +t+are emnihte, and +tridde +t+at we sceolon
healdan +ta Eastertid on +t+are +triddan wucan,
(cobyrhtf,ByrM_1_[Baker-Lapidge]:2.1.295.788)
*~/
/*
36 WADV^L:  36 WADV^L, 37 hw+ar
41 ADVP-LOC:  41 ADVP-LOC, 42 *T*-1
85 WADV^L:  85 WADV^L, 86 hw+ar
90 ADVP-LOC:  90 ADVP-LOC, 91 *T*-2
*/

( (CODE <T22710055400,2.1.295>)
  (IP-MAT (IP-MAT-0 (NP-NOM (NUM^N An)
			    (NP-GEN (D^G +t+ara) (N^G +tinga)))
		    (BEPI ys)
		    (CP-THT (C +t+at)
			    (IP-SUB (NP-NOM (PRO^N we))
				    (MDPI sceolon)
				    (VB witan)
				    (PP (P mid)
					(NP-DAT (ADJ^D fullum) (N^D gesceade)))
				    (CP-QUE (WADVP-LOC-1 (WADV^L hw+ar))
					    (C 0)
					    (IP-SUB (ADVP-LOC *T*-1)
						    (NP-NOM (NP-GEN (D^G +t+as) (N^G monan))
							    (N^N niwnys))
						    (BEPS beo)
						    (PP (P on)
							(NP-DAT (NR^D Martio)))
						    (RP up)
						    (VBN asprungen))))))
	  (, ,)
	  (CONJP (CONJ and)
		 (IPX-MAT=0 (NP-NOM (ADJ^N o+der))
			    (CP-THT (C +t+at)
				    (IP-SUB (NP-NOM (PRO^N we))
					    (MDPI sceolon)
					    (VB witan)
					    (CP-QUE (WADVP-LOC-2 (WADV^L hw+ar))
						    (C 0)
						    (IP-SUB (ADVP-LOC *T*-2)
							    (NP-NOM (PRO^N he))
							    (BEPS beo)
							    (PP (NP-EXT (FW XIIIIma))
								(P +after)
								(NP-DAT (D^D +t+are) (N^D emnihte)))))))))
	  (, ,)
	  (CONJP (CONJ and)
		 (IPX-MAT=0 (NP-NOM (ADJ^N +tridde))
			    (CP-THT (C +t+at)
				    (IP-SUB (NP-NOM (PRO^N we))
					    (MDPI sceolon)
					    (VB healdan)
					    (NP-ACC (D^A +ta) (NR^A Eastertid))
					    (PP (P on)
						(NP-DAT (D^D +t+are) (ADJ^D +triddan) (N^D wucan)))))))
	  (. ,))
  (ID cobyrhtf,ByrM_1_[Baker-Lapidge]:2.1.295.788))

/~*
Ealle +tas +ting we wylla+d her amearkian +t+at se iunga preost m+age beon +te
wisra +te he +tas +ting gesih+d.
(cobyrhtf,ByrM_1_[Baker-Lapidge]:2.1.324.811)
*~/
/*
17 ADV^L:  17 ADV^L, 18 her
*/

( (CODE <T22710056400,2.1.324>)
  (IP-MAT (NP-ACC (Q^A Ealle) (D^A +tas) (N^A +ting))
	  (NP-NOM (PRO^N we))
	  (MDPI wylla+d)
	  (ADVP-LOC (ADV^L her))
	  (VB amearkian)
	  (CP-ADV (C +t+at)
		  (IP-SUB (NP-NOM (D^N se) (ADJ^N iunga) (N^N preost))
			  (MDPS m+age)
			  (BE beon)
			  (ADJP-NOM-PRD (D^I +te) (ADJR^N wisra))
			  (NP-DAT-ADT (D^I +te)
				      (CP-CMP (WNP-1 0)
					      (C 0)
					      (IP-SUB (NP-ADT *T*-1)
						      (NP-NOM (PRO^N he))
						      (NP-ACC (D^A +tas) (N^A +ting))
						      (VBPI gesih+d))))))
	  (. .))
  (ID cobyrhtf,ByrM_1_[Baker-Lapidge]:2.1.324.811))

/~*
Eac her ys geswutelod Godes nama, +t+at ys Deus.
(cobyrhtf,ByrM_1_[Baker-Lapidge]:2.1.325.812)
*~/
/*
8 ADV^L:  8 ADV^L, 9 her
*/

( (CODE <T22710056500,2.1.325>)
  (IP-MAT (ADVP (ADV Eac))
	  (ADVP-LOC (ADV^L her))
	  (BEPI ys)
	  (VBN geswutelod)
	  (NP-NOM (NP-GEN (NR^G Godes))
		  (N^N nama)
		  (, ,)
		  (IP-MAT-PRN (NP-NOM (D^N +t+at))
			      (BEPI ys)
			      (XP (NP (FW Deus)))))
	  (. .))
  (ID cobyrhtf,ByrM_1_[Baker-Lapidge]:2.1.325.812))
/*
FOOTER
  source file, hits/tokens/total
  C:\Users\Shoo\Dropbox\workspace\CorpusSearch_Auto\data\corporas\YCOE\temp1492105600559\science_astronomy_geography\cobyrhtf.o3.psd	79/64/813
*/
/*
HEADER:
source file:  C:\Users\Shoo\Dropbox\workspace\CorpusSearch_Auto\data\corporas\YCOE\temp1492105600559\science_astronomy_geography\comarvel.o23.psd
*/

/~*
+T+ar beo+d we+deras acennede on oxna micelnesse;
(comarvel,Marv:2.1.7)
*~/
/*
5 ADV^L:  5 ADV^L, 6 +T+ar
*/

( (CODE <T23010000500,2.1>)
  (IP-MAT (ADVP-LOC (ADV^L +T+ar))
	  (BEPI beo+d)
	  (NP-NOM (N^N we+deras))
	  (VBN^N acennede)
	  (PP (P on)
	      (NP (NP-GEN (N^G oxna))
		  (N micelnesse)))
	  (. ;))
  (ID comarvel,Marv:2.1.7))

/~*
+T+ar syndan +ta mycclan m+ar+da +t+at syndan +da geweorc +te se miccla
macedonisca Alexander het gewyrcean.
(comarvel,Marv:2.4.12)
*~/
/*
5 ADV^L:  5 ADV^L, 6 +T+ar
*/

( (CODE <T23010000900,2.4>)
  (IP-MAT (ADVP-LOC (ADV^L +T+ar))
	  (BEPI syndan)
	  (NP-NOM (D^N +ta)
		  (Q^N mycclan)
		  (N^N m+ar+da)
		  (CP-REL (WNP-NOM-1 (D^N +t+at))
			  (C 0)
			  (IP-SUB (NP-NOM *T*-1)
				  (BEPI syndan)
				  (NP-NOM-PRD (D^N +da)
					      (N^N geweorc)
					      (CP-REL (WNP-2 0)
						      (C +te)
						      (IP-SUB (NP-NOM (D^N se) (Q^N miccla) (ADJ^N macedonisca) (NR^N Alexander))
							      (VBDI het)
							      (IP-INF (NP *T*-2)
								      (VB gewyrcean))))))))
	  (. .))
  (ID comarvel,Marv:2.4.12))

/~*
Eac swa +d+ar beo+d wildor kennede.
(comarvel,Marv:4.1.18)
*~/
/*
11 ADV^L:  11 ADV^L, 12 +d+ar
*/

( (CODE <T23010001500,4.1>)
  (IP-MAT (ADVP (ADV Eac))
	  (ADVP (ADV swa))
	  (ADVP-LOC (ADV^L +d+ar))
	  (BEPI beo+d)
	  (NP-NOM (N^N wildor))
	  (VBN^N kennede)
	  (. .))
  (ID comarvel,Marv:4.1.18))

/~*
Fram Babilonia o+d Persiam +ta burh +d+ar se pipor weaxet is +t+as l+assan
milget+ales +te stadia hatte eahta hund milia.
(comarvel,Marv:6.8.38)
*~/
/*
23 ADV^L:  23 ADV^L, 24 +d+ar
28 ADVP-LOC:  28 ADVP-LOC, 29 *T*-1
*/

( (CODE <T23010003300,6.8>)
  (IP-MAT (PP (P Fram)
	      (NP (NR Babilonia)))
	  (PP (P o+d)
	      (NP-ACC (NR^A Persiam)
		      (NP-ACC-PRN (D^A +ta) (N^A burh))
		      (CP-REL (WADVP-LOC-1 (ADV^L +d+ar))
			      (C 0)
			      (IP-SUB (ADVP-LOC *T*-1)
				      (NP-NOM (D^N se) (N^N pipor))
				      (VBPI weaxet)))))
	  (BEPI is)
	  (NP-NOM (NP-GEN (D^G +t+as)
			  (QR^G l+assan)
			  (N^G milget+ales)
			  (CP-REL (WNP-NOM-2 0)
				  (C +te)
				  (IP-SUB (NP-NOM *T*-2)
					  (NP-PRD (FW stadia))
					  (VBD hatte))))
		  (NUMP (NUM eahta) (NUM hund))
		  (NP-GEN (N^G milia)))
	  (. .))
  (ID comarvel,Marv:6.8.38))

/~*
Eac swylce +t+ar beo+d cende Healfhundingas +da syndon hatene Conopoenas.
(comarvel,Marv:7.1.41)
*~/
/*
11 ADV^L:  11 ADV^L, 12 +t+ar
*/

( (CODE <T23010003600,7.1>)
  (IP-MAT (ADVP (ADV Eac))
	  (ADVP (ADV swylce))
	  (ADVP-LOC (ADV^L +t+ar))
	  (BEPI beo+d)
	  (VBN^N cende)
	  (NP-NOM (N^N Healfhundingas)
		  (CP-REL (WNP-NOM-1 (D^N +da))
			  (C 0)
			  (IP-SUB (NP-NOM *T*-1)
				  (BEPI syndon)
				  (VBN^N hatene)
				  (NP-PRD (FW Conopoenas)))))
	  (. .))
  (ID comarvel,Marv:7.1.41))

/~*
+Tas land beo+d neah +dam burgum +te beo+d eallum woruldwelum gefylled, +t+at
is $on $+ta su+dhealfe Aegiptna landes.
(comarvel,Marv:7.3.44)
*~/
/*
12 ADV^L:  12 ADV^L, 13 neah
*/

( (CODE <T23010003800,7.3>)
  (IP-MAT (NP-NOM (D^N +Tas) (N^N land))
	  (BEPI beo+d)
	  (ADVP-LOC (ADV^L neah)
		    (NP-DAT (D^D +dam)
			    (N^D burgum)
			    (CP-REL (WNP-NOM-1 0)
				    (C +te)
				    (IP-SUB (NP-NOM *T*-1)
					    (BEPI beo+d)
					    (NP-DAT (Q^D eallum) (N^D woruldwelum))
					    (VBN gefylled))))
		    (, ,)
		    (IP-MAT-PRN (NP-NOM (D^N +t+at))
				(BEPI is)
				(XP (PP (P $on)
					(NP-ACC (D^A $+ta)
						(N^A su+dhealfe)
						(NP-GEN (NP-GEN (NR^G Aegiptna))
							(N^G landes)))))))
	  (. .))
  (ID comarvel,Marv:7.3.44))

/~*
+T+ar beo+d akende +am+attan swa micle swa hundas.
(comarvel,Marv:9.2.51)
*~/
/*
5 ADV^L:  5 ADV^L, 6 +T+ar
*/

( (CODE <T23010004300,9.2>)
  (IP-MAT (ADVP-LOC (ADV^L +T+ar))
	  (BEPI beo+d)
	  (VBN^N akende)
	  (NP-NOM (N^N +am+attan)
		  (QP-NOM (ADV swa)
			  (Q^N micle)
			  (PP (P swa)
			      (CPX-CMP (IPX-SUB (NP-NOM (N^N hundas)))))))
	  (. .))
  (ID comarvel,Marv:9.2.51))

/~*
& +ta stedan +t+ar forl+ata+d.
(comarvel,Marv:9.6.59)
*~/
/*
12 ADV^L:  12 ADV^L, 13 +t+ar
*/

( (IP-MAT (CONJ &)
	  (NP-NOM *con*)
	  (NP-ACC (D^A +ta) (N^A stedan))
	  (ADVP-LOC (ADV^L +t+ar))
	  (VBPI forl+ata+d)
	  (. .))
  (ID comarvel,Marv:9.6.59))

/~*
+D+ar beo+d akende men, +da beo+d fiftyne fota lange & hi habba+d hwit lic &
tu neb on anum heafde, $fet $& $cneowu swi+de read, & lange nosu & sweart feax.
(comarvel,Marv:11.1.67)
*~/
/*
5 ADV^L:  5 ADV^L, 6 +D+ar
*/

( (CODE <T23010005500,11.1>)
  (IP-MAT (ADVP-LOC (ADV^L +D+ar))
	  (BEPI beo+d)
	  (VBN^N akende)
	  (NP-NOM (N^N men)
		  (, ,)
		  (CP-REL (WNP-NOM-1 (NP-NOM (D^N +da)))
			  (C 0)
			  (IP-SUB (IP-SUB (NP-NOM *T*-1)
					  (BEPI beo+d)
					  (ADJP-NOM-PRD (NP-GEN-EXT (NUM fiftyne) (N^G fota))
							(ADJ^N lange)))
				  (CONJP (CONJ &)
					 (IP-SUB-CON (NP-NOM-RSP-1 (PRO^N hi))
						     (HVPI habba+d)
						     (NP-ACC (NP-ACC (NP-ACC (ADJ^A hwit) (N^A lic))
								     (CONJP (CONJ &)
									    (NP-ACC (NUM^A tu)
										    (N^A neb)
										    (PP (P on)
											(NP-DAT (NUM^D anum) (N^D heafde))))))
							     (, ,)
							     (CONJP (NP-ACC (N^A $fet)
									    (CONJ $&)
									    (N^A $cneowu)
									    (ADJP-ACC (ADV swi+de) (ADJ^A read))))
							     (, ,)
							     (CONJP (CONJ &)
								    (NP-ACC (NP-ACC (ADJ^A lange) (N^A nosu))
									    (CONJP (CONJ &)
										   (NP-ACC (ADJ^A sweart) (N^A feax)))))))))))
	  (. .))
  (ID comarvel,Marv:11.1.67))

/~*
& $+t+ar hyra gecynd on weorold bringa+d.
(comarvel,Marv:11.3.69)
*~/
/*
7 ADV^L:  7 ADV^L, 8 $+t+ar
*/

( (IP-MAT (CONJ &)
	  (NP-NOM *con*)
	  (ADVP-LOC (ADV^L $+t+ar))
	  (NP-ACC (PRO$ hyra) (N^A gecynd))
	  (PP (P on)
	      (NP-ACC (N^A weorold)))
	  (VBPI bringa+d)
	  (. .))
  (ID comarvel,Marv:11.3.69))

/~*
$Ciconia in Gallia hatte +t+at land +t+ar beo+d men acenned +treosellices
hiwes, +tara heafda beo+d gemona swa leona heafdo,
(comarvel,Marv:12.1.70)
*~/
/*
22 ADV^L:  22 ADV^L, 23 +t+ar
27 ADVP-LOC:  27 ADVP-LOC, 28 *T*-1
*/

( (CODE <T23010005700,12.1>)
  (IP-MAT (NP-PRD (FW $Ciconia))
	  (PP (P in)
	      (NP (NR Gallia)))
	  (VBD hatte)
	  (NP-NOM (D^N +t+at)
		  (N^N land)
		  (CP-REL (WADVP-LOC-1 (ADV^L +t+ar))
			  (C 0)
			  (IP-SUB (ADVP-LOC *T*-1)
				  (BEPI beo+d)
				  (NP-NOM (N^N men)
					  (CP-REL *ICH*-2))
				  (VBN acenned)
				  (NP-GEN-PRD (ADJ^G +treosellices) (N^G hiwes))
				  (, ,)
				  (CP-REL-2 (WNP-NOM-3 (NP-GEN (D^G +tara))
						       (N^N heafda))
					    (C 0)
					    (IP-SUB-0 (NP-NOM *T*-3)
						      (BEPI beo+d)
						      (ADJP-NOM-PRD (ADJ^N gemona)
								    (PP (P swa)
									(CP-CMP (WADJP-4 0)
										(C 0)
										(IPX-SUB=0 (ADJP-PRD *T*-4)
											   (NP-NOM (NP-GEN (N^G leona))
												   (N^N heafdo)))))))))))
	  (. ,))
  (ID comarvel,Marv:12.1.70))

/~*
Begeondan Brixonte +d+are ea, east +danon, beo+d men acende lange & micle, +ta
habba+d fet & sceancan twelf fota lange, sidan mid breostum seofan fota lange.
(comarvel,Marv:13.1.76)
*~/
/*
18 ADV^L:  18 ADV^L, 19 east
*/

( (CODE <T23010006000,13.1>)
  (IP-MAT (PP (P Begeondan)
	      (NP-DAT (NR Brixonte)
		      (NP-DAT-PRN (D^D +d+are) (N^D ea))))
	  (, ,)
	  (ADVP-LOC (ADV^L east))
	  (ADVP-DIR (ADV^D +danon))
	  (, ,)
	  (BEPI beo+d)
	  (NP-NOM (N^N men)
		  (CP-REL *ICH*-1))
	  (VBN^N acende)
	  (ADJP-NOM (ADJ^N lange) (CONJ &) (Q^N micle))
	  (, ,)
	  (CP-REL-1 (WNP-NOM-2 (D^N +ta))
		    (C 0)
		    (IP-SUB (NP-NOM *T*-2)
			    (HVPI habba+d)
			    (NP-ACC (NP-ACC (N^A fet)
					    (CONJ &)
					    (N^A sceancan)
					    (ADJP-ACC (NP-GEN-EXT (NUM twelf) (N^G fota))
						      (ADJ^A lange)))
				    (, ,)
				    (CONJP (NP-ACC (N^A sidan)
						   (PP (P mid)
						       (NP-DAT (N^D breostum))))
					   (ADJP-ACC (NP-GEN-EXT (NUM seofan) (N^G fota))
						     (ADJ^A lange))))))
	  (. .))
  (ID comarvel,Marv:13.1.76))

/~*
+Donne is o+der ealand su+d fram Brixonte on +tam beo+d menn akende butan
heafdum, +ta habba+t on $heora breostum heora eagan & mu+d.
(comarvel,Marv:15.1.82)
*~/
/*
17 ADV^L:  17 ADV^L, 18 su+d
*/

( (CODE <T23010006500,15.1>)
  (IP-MAT (ADVP-TMP (ADV^T +Donne))
	  (BEPI is)
	  (NP-NOM (ADJ^N o+der)
		  (N^N ealand)
		  (CP-REL *ICH*-1))
	  (ADVP-LOC (ADV^L su+d))
	  (PP (P fram)
	      (NP (NR Brixonte)))
	  (CP-REL-1 (WPP-2 (P on)
			   (NP-DAT (D^D +tam)))
		    (C 0)
		    (IP-SUB (PP *T*-2)
			    (BEPI beo+d)
			    (NP-NOM (N^N menn)
				    (CP-REL *ICH*-3))
			    (VBN^N akende)
			    (PP (P butan)
				(NP-DAT (N^D heafdum)))
			    (, ,)
			    (CP-REL-3 (WNP-NOM-4 (D^N +ta))
				      (C 0)
				      (IP-SUB (NP-NOM *T*-4)
					      (HVPI habba+t)
					      (PP (P on)
						  (NP-DAT (ADJ^D $heora) (N^D breostum)))
					      (NP-ACC (PRO$ heora)
						      (N^A eagan)
						      (CONJP (CONJ &)
							     (NX-ACC (N^A mu+d))))))))
	  (. .))
  (ID comarvel,Marv:15.1.82))

/~*
+D+ar beo+d dracan kende, +da beo+d on lenge hundteontiges fotm+ala and
fiftiges lange, & beo+d greate swa st+anene sweras micle.
(comarvel,Marv:16.1.84)
*~/
/*
5 ADV^L:  5 ADV^L, 6 +D+ar
*/

( (CODE <T23010006700,16.1>)
  (IP-MAT (ADVP-LOC (ADV^L +D+ar))
	  (BEPI beo+d)
	  (NP-NOM (N^N dracan)
		  (CP-REL *ICH*-1))
	  (VBN^N kende)
	  (, ,)
	  (CP-REL-1 (WNP-NOM-2 (D^N +da))
		    (C 0)
		    (IP-SUB (IP-SUB (NP-NOM *T*-2)
				    (BEPI beo+d)
				    (PP (P on)
					(NP (N lenge)))
				    (ADJP-NOM-PRD (NP-GEN-EXT (NUMP-GEN (NUM^G hundteontiges)
									(CONJP *ICH*-3))
							      (NP-GEN (N^G fotm+ala))
							      (CONJP-3 (CONJ and) (NUM^G fiftiges)))
						  (ADJ^N lange)))
			    (, ,)
			    (CONJP (CONJ &)
				   (IP-SUB-CON-0 (NP-NOM *T*-2)
						 (BEPI beo+d)
						 (ADJP-NOM-PRD (ADJ^N greate)
							       (PP (P swa)
								   (CP-CMP (WADJP-4 0)
									   (C 0)
									   (IPX-SUB=0 (ADJP-PRD *T*-4)
										      (NP-NOM (ADJ^N st+anene) (N^N sweras) (Q^N micle))))))))))
	  (. .))
  (ID comarvel,Marv:16.1.84))

/~*
& +t+ar beo+d kende Homodubii +t+at by+d twylice.
(comarvel,Marv:17.3.87)
*~/
/*
7 ADV^L:  7 ADV^L, 8 +t+ar
*/

( (CODE <T23010007000,17.3>)
  (IP-MAT (CONJ &)
	  (ADVP-LOC (ADV^L +t+ar))
	  (BEPI beo+d)
	  (VBN^N kende)
	  (NP-NOM (FW Homodubii)
		  (CP-REL (WNP-NOM-1 (D^N +t+at))
			  (C 0)
			  (IP-SUB (NP-NOM *T*-1)
				  (BEPI by+d)
				  (NP-NOM-PRD (ADJ^N twylice)))))
	  (. .))
  (ID comarvel,Marv:17.3.87))

/~*
+T+ar syndan II sea+das, o+der sunnan & o+der monan.
(comarvel,Marv:18.2.94)
*~/
/*
6 ADV^L:  6 ADV^L, 7 +T+ar
*/

( (CODE <T23010007500,18.2>)
  (IP-MAT (IP-MAT-0 (ADVP-LOC (ADV^L +T+ar))
		    (BEPI syndan)
		    (NP-NOM (NUM II) (N^N sea+das)))
	  (, ,)
	  (IPX-MAT=0 (NP-NOM (ADJ^N o+der))
		     (NP-GEN-PRD (N^G sunnan)))
	  (CONJP (CONJ &)
		 (IPX-MAT=0 (NP-NOM (ADJ^N o+der))
			    (NP-GEN-PRD (N^G monan))))
	  (. .))
  (ID comarvel,Marv:18.2.94))

/~*
+Donne is sum ealand on +d+are Readan S+a, +t+ar is moncynn +t+at is mid us
Donestre genemned, +ta syndon geweaxene swa frihteras fram +dan heafde o+d
+done nafelan,
(comarvel,Marv:20.1.101)
*~/
/*
30 ADV^L:  30 ADV^L, 31 +t+ar
35 ADVP-LOC:  35 ADVP-LOC, 36 *T*-2
*/

( (CODE <T23010008100,20.1>)
  (IP-MAT (ADVP-TMP (ADV^T +Donne))
	  (BEPI is)
	  (NP-NOM (Q^N sum)
		  (N^N ealand)
		  (CP-REL *ICH*-1))
	  (PP (P on)
	      (NP-DAT (D^D +d+are) (ADJ^D Readan) (N^D S+a)))
	  (, ,)
	  (CP-REL-1 (WADVP-LOC-2 (ADV^L +t+ar))
		    (C 0)
		    (IP-SUB (ADVP-LOC *T*-2)
			    (BEPI is)
			    (NP-NOM (N^N moncynn)
				    (CP-REL (WNP-NOM-3 (D^N +t+at))
					    (C 0)
					    (IP-SUB (NP-NOM *T*-3)
						    (BEPI is)
						    (PP (P mid)
							(NP (PRO us)))
						    (NP-PRD (FW Donestre))
						    (VBN genemned)))
				    (, ,)
				    (CP-REL (WNP-NOM-4 (D^N +ta))
					    (C 0)
					    (IP-SUB (NP-NOM *T*-4)
						    (BEPI syndon)
						    (VBN^N geweaxene)
						    (PP (P swa)
							(CPX-CMP (IPX-SUB (NP-NOM (N^N frihteras)))))
						    (PP (P fram)
							(NP-DAT (D^I +dan) (N^D heafde)))
						    (PP (P o+d)
							(NP-ACC (D^A +done) (N^A nafelan))))))))
	  (. ,))
  (ID comarvel,Marv:20.1.101))

/~*
+Danan is east +d+ar beo+d men akenned +ta beo+d aw+astme fiftyne fota lange &
on br+ade tyn fotm+ala.
(comarvel,Marv:21.1.110)
*~/
/*
10 ADV^L:  10 ADV^L, 11 east
14 ADV^L:  14 ADV^L, 15 +d+ar
19 ADVP-LOC:  19 ADVP-LOC, 20 *T*-1
*/

( (CODE <T23010008400,21.1>)
  (IP-MAT (ADVP-DIR (ADV^D +Danan))
	  (BEPI is)
	  (ADVP-LOC (ADV^L east))
	  (CP-FRL-SBJ (WADVP-LOC-1 (ADV^L +d+ar))
		      (C 0)
		      (IP-SUB (ADVP-LOC *T*-1)
			      (BEPI beo+d)
			      (NP-NOM (N^N men)
				      (CP-REL *ICH*-2))
			      (VBN akenned)
			      (CP-REL-2 (WNP-NOM-3 (D^N +ta))
					(C 0)
					(IP-SUB (IP-SUB-0 (NP-NOM *T*-3)
							  (BEPI beo+d)
							  (ADVP (ADV aw+astme))
							  (ADJP-NOM-PRD (NP-GEN-EXT (NUM fiftyne) (N^G fota))
									(ADJ^N lange)))
						(CONJP (CONJ &)
						       (IPX-SUB-CON=0 (PP (P on)
									  (NP (N br+ade)))
								      (NP-PRD (NUM tyn)
									      (NP-GEN (N^G fotm+ala)))))))))
	  (. .))
  (ID comarvel,Marv:21.1.110))

/~*
+T+ar w+as timbred on Beles dagum +t+as cinges & Iobes templ of isernum
geweorcum & of +arenum geworht.
(comarvel,Marv:23.2.120)
*~/
/*
5 ADV^L:  5 ADV^L, 6 +T+ar
*/

( (CODE <T23010009100,23.2>)
  (IP-MAT (ADVP-LOC (ADV^L +T+ar))
	  (BEDI w+as)
	  (VBN timbred)
	  (PP (P on)
	      (NP-DAT (NP-GEN (NP-GEN (NR^G Beles)
				      (NP-GEN-PRN *ICH*-1))
			      (CONJP *ICH*-2))
		      (N^D dagum)
		      (NP-GEN-PRN-1 (D^G +t+as) (N^G cinges))
		      (CONJP-2 (CONJ &)
			       (NP-GEN (NR^G Iobes)))))
	  (NP-NOM (N^N templ)
		  (PTP-NOM (PP (PP (P of)
				   (NP-DAT (ADJ^D isernum) (N^D geweorcum)))
			       (CONJP (CONJ &)
				      (PP (P of)
					  (NP-DAT (ADJ^D +arenum)))))
			   (VBN^N geworht)))
	  (. .))
  (ID comarvel,Marv:23.2.120))

/~*
& on +d+are ylcan stowe is east +danon eac o+ter templ sunnan halig to +tam is
sum ge+tungen & gedefe sacerd to gesett,
(comarvel,Marv:23.4.121)
*~/
/*
19 ADV^L:  19 ADV^L, 20 east
*/

( (CODE <T23010009200,23.4>)
  (IP-MAT (CONJ &)
	  (PP (P on)
	      (NP-DAT (D^D +d+are) (ADJ^D ylcan) (N^D stowe)))
	  (BEPI is)
	  (ADVP-LOC (ADV^L east))
	  (ADVP-DIR (ADV^D +danon))
	  (ADVP (ADV eac))
	  (NP-NOM (ADJ^N o+ter)
		  (N^N templ)
		  (ADJP-NOM (NP (N sunnan))
			    (ADJ^N halig))
		  (CP-REL (WPP-1 (P to)
				 (NP-DAT (D^D +tam)))
			  (C 0)
			  (IP-SUB (PP *T*-1)
				  (BEPI is)
				  (NP-NOM (Q^N sum)
					  (ADJP-NOM (ADJ^N ge+tungen) (CONJ &) (ADJ^N gedefe))
					  (N^N sacerd))
				  (RP to)
				  (VBN gesett))))
	  (. ,))
  (ID comarvel,Marv:23.4.121))

/~*
+Donne is o+der rice on Babilonia landum +t+ar is seo m+aste dun betweoh Media
dune & Armenia.
(comarvel,Marv:25.1.125)
*~/
/*
27 ADV^L:  27 ADV^L, 28 +t+ar
32 ADVP-LOC:  32 ADVP-LOC, 33 *T*-2
*/

( (CODE <T23010009500,25.1>)
  (IP-MAT (ADVP-TMP (ADV^T +Donne))
	  (BEPI is)
	  (NP-NOM (ADJ^N o+der)
		  (N^N rice)
		  (CP-REL *ICH*-1))
	  (PP (P on)
	      (NP-DAT (NP-GEN (NR Babilonia))
		      (N^D landum)))
	  (CP-REL-1 (WADVP-LOC-2 (ADV^L +t+ar))
		    (C 0)
		    (IP-SUB (ADVP-LOC *T*-2)
			    (BEPI is)
			    (NP-NOM (D^N seo) (QS^N m+aste) (N^N dun))
			    (PP (P betweoh)
				(NP (NP (NP-GEN (NR Media))
					(N dune))
				    (CONJP (CONJ &)
					   (NP (NR Armenia)))))))
	  (. .))
  (ID comarvel,Marv:25.1.125))

/~*
+T+ar syndon gedefelice menn +ta habba+d him to kynedome & to anwealde +ta
Readan S+a.
(comarvel,Marv:25.2.127)
*~/
/*
5 ADV^L:  5 ADV^L, 6 +T+ar
*/

( (CODE <T23010009700,25.2>)
  (IP-MAT (ADVP-LOC (ADV^L +T+ar))
	  (BEPI syndon)
	  (NP-NOM (ADJ^N gedefelice)
		  (N^N menn)
		  (CP-REL (WNP-NOM-1 (D^N +ta))
			  (C 0)
			  (IP-SUB (NP-NOM *T*-1)
				  (HVPI habba+d)
				  (NP-DAT-RFL-ADT (PRO^D him))
				  (PP (PP (P to)
					  (NP-DAT (N^D kynedome)))
				      (CONJP (CONJ &)
					     (PP (P to)
						 (NP-DAT (N^D anwealde)))))
				  (NP-ACC (D^A +ta) (ADJ^A Readan) (N^A S+a)))))
	  (. .))
  (ID comarvel,Marv:25.2.127))

/~*
+T+ar beo+d kende +ta deorwor+dan gimmas.
(comarvel,Marv:25.3.128)
*~/
/*
5 ADV^L:  5 ADV^L, 6 +T+ar
*/

( (CODE <T23010009800,25.3>)
  (IP-MAT (ADVP-LOC (ADV^L +T+ar))
	  (BEPI beo+d)
	  (VBN^N kende)
	  (NP-NOM (D^N +ta) (ADJ^N deorwor+dan) (N^N gimmas))
	  (. .))
  (ID comarvel,Marv:25.3.128))

/~*
& +t+ar beo+d $g+astli+tende menn, cyningas +ta habba+d under him m+anigfealde
leodhatan.
(comarvel,Marv:29.1.143)
*~/
/*
5 ADV^L:  5 ADV^L, 6 +t+ar
*/

( (IP-MAT (CONJ &)
	  (ADVP-LOC (ADV^L +t+ar))
	  (BEPI beo+d)
	  (NP-NOM (ADJ^N $g+astli+tende)
		  (N^N menn)
		  (, ,)
		  (NP-NOM-PRN (N^N cyningas)
			      (CP-REL (WNP-NOM-1 (D^N +ta))
				      (C 0)
				      (IP-SUB (NP-NOM *T*-1)
					      (HVPI habba+d)
					      (PP (P under)
						  (NP-DAT-RFL (PRO^D him)))
					      (NP-ACC (ADJ^A m+anigfealde) (N^A leodhatan))))))
	  (. .))
  (ID comarvel,Marv:29.1.143))

/~*
Heora landgem+are $beo+d neah +tam garsecge,
(comarvel,Marv:29.3.144)
*~/
/*
12 ADV^L:  12 ADV^L, 13 neah
*/

( (CODE <T23010011000,29.3>)
  (IP-MAT (NP-NOM (PRO$ Heora) (N^N landgem+are))
	  (BEPI $beo+d)
	  (ADVP-LOC (ADV^L neah)
		    (NP-DAT (D^D +tam) (N^D garsecge)))
	  (. ,))
  (ID comarvel,Marv:29.3.144))

/~*
+D+ar mannkynn is +t+at syndan sweartes hiwes on ansyne, +ta man hate+d
Silhearwan.
(comarvel,Marv:32.1.152)
*~/
/*
5 ADV^L:  5 ADV^L, 6 +D+ar
*/

( (CODE <T23010011500,32.1>)
  (IP-MAT (ADVP-LOC (ADV^L +D+ar))
	  (NP-NOM (N^N mannkynn)
		  (CP-REL *ICH*-1)
		  (CP-REL *ICH*-3))
	  (BEPI is)
	  (CP-REL-1 (WNP-NOM-2 (D^N +t+at))
		    (C 0)
		    (IP-SUB (NP-NOM *T*-2)
			    (BEPI syndan)
			    (NP-GEN-PRD (ADJ^G sweartes) (N^G hiwes))
			    (PP (P on)
				(NP (N ansyne)))))
	  (, ,)
	  (CP-REL-3 (WNP-ACC-4 (D^A +ta))
		    (C 0)
		    (IP-SUB (NP-NOM (MAN^N man))
			    (VBPI hate+d)
			    (IP-SMC (NP-ACC-SBJ *T*-4)
				    (NP-PRD (NR Silhearwan)))))
	  (. .))
  (ID comarvel,Marv:32.1.152))

/~*
+Donne is sum land wingeardas weaxat on swi+dast, +t+ar bi+d rest of elpenda
bane geworht.
(comarvel,Marv:33.1.153)
*~/
/*
37 ADV^L:  37 ADV^L, 38 +t+ar
42 ADVP-LOC:  42 ADVP-LOC, 43 *T*-2
*/

( (CODE <T23010011600,33.1>)
  (IP-MAT (ADVP-TMP (ADV^T +Donne))
	  (BEPI is)
	  (NP-NOM (Q^N sum)
		  (N^N land)
		  (CP-REL (WNP-1 0)
			  (C 0)
			  (IP-SUB (NP-NOM (N^N wingeardas))
				  (VBPI weaxat)
				  (PP (NP *T*-1)
				      (P on))
				  (ADVP (ADVS swi+dast))))
		  (, ,)
		  (CP-REL (WADVP-LOC-2 (ADV^L +t+ar))
			  (C 0)
			  (IP-SUB (ADVP-LOC *T*-2)
				  (BEPI bi+d)
				  (NP-NOM (N^N rest))
				  (PP (P of)
				      (NP-DAT (NP-GEN (N^G elpenda))
					      (N^D bane)))
				  (VBN geworht))))
	  (. .))
  (ID comarvel,Marv:33.1.153))

/~*
+Donne is o+der dun +t+ar syndon swearte menn,
(comarvel,Marv:36.1.162)
*~/
/*
16 ADV^L:  16 ADV^L, 17 +t+ar
21 ADVP-LOC:  21 ADVP-LOC, 22 *T*-1
*/

( (CODE <T23010012400,36.1>)
  (IP-MAT (ADVP-TMP (ADV^T +Donne))
	  (BEPI is)
	  (NP-NOM (ADJ^N o+der)
		  (N^N dun)
		  (CP-REL (WADVP-LOC-1 (ADV^L +t+ar))
			  (C 0)
			  (IP-SUB (ADVP-LOC *T*-1)
				  (BEPI syndon)
				  (NP-NOM (ADJ^N swearte) (N^N menn)))))
	  (. ,))
  (ID comarvel,Marv:36.1.162))
/*
FOOTER
  source file, hits/tokens/total
  C:\Users\Shoo\Dropbox\workspace\CorpusSearch_Auto\data\corporas\YCOE\temp1492105600559\science_astronomy_geography\comarvel.o23.psd	36/28/163
*/
/*
HEADER:
source file:  C:\Users\Shoo\Dropbox\workspace\CorpusSearch_Auto\data\corporas\YCOE\temp1492105600559\science_astronomy_geography\cotempo.o3.psd
*/

/~*
Her +after fylig+d an lytel cwyde be gearlicum tidum. +T+at nis to spelle
geteald ac elles to r+adenne +tam +de hit lica+d.
(cotempo,+ATemp:0.2.3)
*~/
/*
4 ADV^L:  4 ADV^L, 5 Her
*/

( (IP-MAT (PP (ADVP-LOC (ADV^L Her))
	      (P +after))
	  (VBPI fylig+d)
	  (NP-NOM (NUM^N an)
		  (Q^N lytel)
		  (N^N cwyde)
		  (CP-REL *ICH*-1))
	  (PP (P be)
	      (NP-DAT (ADJ^D gearlicum) (N^D tidum)))
	  (, .)
	  (CODE <T03990000200,0.2>)
	  (CP-REL-1 (WNP-NOM-2 (D^N +T+at))
		    (C 0)
		    (IP-SUB-0 (NP-NOM *T*-2)
			      (NEG+BEPI nis)
			      (PP (P to)
				  (NP-DAT (N^D spelle)))
			      (VBN geteald))
		    (IP-SUB (CONJP (CONJ ac)
				   (IPX-SUB-CON=0 (ADVP (ADV elles))
						  (IP-INF (TO to)
							  (VB^D r+adenne)
							  (NP-DAT (D^D +tam)
								  (CP-REL (WNP-3 0)
									  (C +de)
									  (IP-SUB (NP *T*-3)
										  (NP-NOM (PRO^N hit))
										  (VBPI lica+d)))))))))
	  (. .))
  (ID cotempo,+ATemp:0.2.3))

/~*
Eac se apostol Paulus awrat +t+at he w+as gel+ad o+d +ta +driddan heofenan, &
he +d+ar gehyrde +da digelan word +de nan man sprecan ne mot.
(cotempo,+ATemp:1.9.21)
*~/
/*
49 ADV^L:  49 ADV^L, 50 +d+ar
*/

( (CODE <T03990001200,1.9>)
  (IP-MAT (ADVP (ADV Eac))
	  (NP-NOM (D^N se)
		  (N^N apostol)
		  (NP-NOM-PRN (NR^N Paulus)))
	  (VBDI awrat)
	  (CP-THT (C +t+at)
		  (IP-SUB (IP-SUB (NP-NOM (PRO^N he))
				  (BEDI w+as)
				  (VBN gel+ad)
				  (PP (P o+d)
				      (NP-ACC (D^A +ta) (ADJ^A +driddan) (N^A heofenan))))
			  (, ,)
			  (CONJP (CONJ &)
				 (IP-SUB-CON (NP-NOM (PRO^N he))
					     (ADVP-LOC (ADV^L +d+ar))
					     (VBD gehyrde)
					     (NP-ACC (D^A +da)
						     (ADJ^A digelan)
						     (N^A word)
						     (CP-REL (WNP-1 0)
							     (C +de)
							     (IP-SUB (NP *T*-1)
								     (NP-NOM (NEG+Q^N nan) (N^N man))
								     (VB sprecan)
								     (NEG ne)
								     (MDPI mot))))))))
	  (. .))
  (ID cotempo,+ATemp:1.9.21))

/~*
So+dlice seo sunne g+a+d be Godes dihte betwux heofenan & eor+dan, on d+ag
bufon eor+dan & on niht under +dysse eor+dan, eal swa feorr adune on
nihtlicere tide under +t+are eor+dan swa heo on d+ag bufon upastih+d.
(cotempo,+ATemp:1.18.33)
*~/
/*
73 ADV^L:  73 ADV^L, 74 feorr
116 ADV^L:  116 ADV^L, 117 bufon
*/

( (CODE <T03990002100,1.18>)
  (IP-MAT-0 (ADVP (ADV So+dlice))
	    (NP-NOM (D^N seo) (N^N sunne))
	    (VBPI g+a+d)
	    (PP (P be)
		(NP-DAT (NP-GEN (NR^G Godes))
			(N^D dihte)))
	    (PP (P betwux)
		(NP (N heofenan) (CONJ &) (N eor+dan)))
	    (, ,)
	    (IPX-MAT-PRN=0 (PP (P on)
			       (NP-ACC (N^A d+ag)))
			   (PP (P bufon)
			       (NP (N eor+dan))))
	    (IPX-MAT-PRN=0 (CONJ &)
			   (PP (P on)
			       (NP-ACC (N^A niht)))
			   (PP (P under)
			       (NP-DAT (D^D +dysse) (N^D eor+dan))))
	    (, ,)
	    (QP (Q eal))
	    (ADVP-LOC (ADV swa)
		      (ADV^L feorr)
		      (PP *ICH*-1))
	    (RP adune)
	    (PP (P on)
		(NP-DAT (ADJ^D nihtlicere) (N^D tide)))
	    (PP (P under)
		(NP-DAT (D^D +t+are) (N^D eor+dan)))
	    (PP-1 (P swa)
		  (CP-CMP (WADVP-2 0)
			  (C 0)
			  (IP-SUB (ADVP *T*-2)
				  (NP-NOM (PRO^N heo))
				  (PP (P on)
				      (NP-ACC (N^A d+ag)))
				  (ADVP-LOC (ADV^L bufon))
				  (RP+VBPI upastih+d))))
	    (. .))
  (ID cotempo,+ATemp:1.18.33))

/~*
On +da healfe +de heo scin+d +t+ar bi+d d+ag,
(cotempo,+ATemp:1.20.36)
*~/
/*
13 WADVP-LOC-1:  13 WADVP-LOC-1, 14 0
18 ADVP-LOC:  18 ADVP-LOC, 19 *T*-1
26 ADV^L:  26 ADV^L, 27 +t+ar
*/

( (CODE <T03990002300,1.20>)
  (IP-MAT (PP (P On)
	      (NP-ACC (D^A +da)
		      (N^A healfe)
		      (CP-REL (WADVP-LOC-1 0)
			      (C +de)
			      (IP-SUB (ADVP-LOC *T*-1)
				      (NP-NOM (PRO^N heo))
				      (VBPI scin+d)))))
	  (ADVP-LOC (ADV^L +t+ar))
	  (BEPI bi+d)
	  (NP-NOM (N^N d+ag))
	  (. ,))
  (ID cotempo,+ATemp:1.20.36))

/~*
& on +da healfe +de heo ne scin+d +t+ar bi+d niht.
(cotempo,+ATemp:1.20.37)
*~/
/*
13 WADVP-LOC-1:  13 WADVP-LOC-1, 14 0
18 ADVP-LOC:  18 ADVP-LOC, 19 *T*-1
28 ADV^L:  28 ADV^L, 29 +t+ar
*/

( (IP-MAT (CONJ &)
	  (PP (P on)
	      (NP-ACC (D^A +da)
		      (N^A healfe)
		      (CP-REL (WADVP-LOC-1 0)
			      (C +de)
			      (IP-SUB (ADVP-LOC *T*-1)
				      (NP-NOM (PRO^N heo))
				      (NEG ne)
				      (VBPI scin+d)))))
	  (ADVP-LOC (ADV^L +t+ar))
	  (BEPI bi+d)
	  (NP-NOM (N^N niht))
	  (. .))
  (ID cotempo,+ATemp:1.20.37))

/~*
ac swa +deah on bocum is geteald to anum d+age fram +d+are sunnan upgange o+d
+t+at heo eft becume +t+ar heo +ar uppstah,
(cotempo,+ATemp:1.24.44)
*~/
/*
57 ADV^L:  57 ADV^L, 58 +t+ar
62 ADVP-LOC:  62 ADVP-LOC, 63 *T*-1
*/

( (IP-MAT (CONJ ac)
	  (ADVP (ADV swa) (ADV +deah))
	  (PP (P on)
	      (NP-DAT (N^D bocum)))
	  (BEPI is)
	  (VBN geteald)
	  (PP (P to)
	      (NP-DAT (NUM^D anum) (N^D d+age)))
	  (XP-SBJ (PP (P fram)
		      (NP-DAT (NP-GEN (D^G +d+are) (N^G sunnan))
			      (N^D upgange)))
		  (CP-ADV (P o+d)
			  (D^A +t+at)
			  (C 0)
			  (IP-SUB (NP-NOM (PRO^N heo))
				  (ADVP-TMP (ADV^T eft))
				  (VBPS becume)
				  (CP-FRL-LOC (WADVP-LOC-1 (ADV^L +t+ar))
					      (C 0)
					      (IP-SUB (ADVP-LOC *T*-1)
						      (NP-NOM (PRO^N heo))
						      (ADVP-TMP (ADV^T +ar))
						      (RP+VBDI uppstah))))))
	  (. ,))
  (ID cotempo,+ATemp:1.24.44))

/~*
ac heo +dinc+d us swi+de unbrad, for+dan +de heo is swi+de feor fram urum
gesih+dum.
(cotempo,+ATemp:1.25.48)
*~/
/*
33 ADV^L:  33 ADV^L, 34 feor
*/

( (IP-MAT (CONJ ac)
	  (NP-NOM (PRO^N heo))
	  (VBPI +dinc+d)
	  (NP-DAT (PRO^D us))
	  (ADJP-NOM-PRD (ADV swi+de) (ADJ^N unbrad))
	  (, ,)
	  (CP-ADV (P for+dan)
		  (C +de)
		  (IP-SUB (NP-NOM (PRO^N heo))
			  (BEPI is)
			  (ADVP-LOC (ADV swi+de)
				    (ADV^L feor)
				    (PP (P fram)
					(NP-DAT (PRO$^D urum) (N^D gesih+dum))))))
	  (. .))
  (ID cotempo,+ATemp:1.25.48))

/~*
+Alc +ding swa hit +de fyrr bi+d, swa hit +de l+asse +dinc+d.
(cotempo,+ATemp:1.26.49)
*~/
/*
23 ADVP-LOC:  23 ADVP-LOC, 27 fyrr
*/

( (CODE <T03990002900,1.26>)
  (IP-MAT (NP-NOM-LFD (Q^N +Alc) (N^N +ding))
	  (PP (P swa)
	      (CP-CMP (WADVP-1 0)
		      (C 0)
		      (IP-SUB (ADVP *T*-1)
			      (NP-NOM (PRO^N hit))
			      (ADVP-LOC (D^I +de) (ADVR^L fyrr))
			      (BEPI bi+d))))
	  (, ,)
	  (ADVP (ADV swa))
	  (NP-NOM-RSP (PRO^N hit))
	  (QP-NOM-PRD (D^I +de) (QR^N l+asse))
	  (VBPI +dinc+d)
	  (. .))
  (ID cotempo,+ATemp:1.26.49))

/~*
& gesette hi on +arnemerigen on middan eastd+ale, +t+ar $+d+as emnihtes circul
is geteald, +t+at heo +afre ymbe geares ymbrynum +t+ar +done d+ag, & +da niht
geemnytte on gelicere w+agan.
(cotempo,+ATemp:2.2.75)
*~/
/*
29 ADV^L:  29 ADV^L, 30 +t+ar
34 ADVP-LOC:  34 ADVP-LOC, 35 *T*-1
70 ADV^L:  70 ADV^L, 71 +t+ar
*/

( (IP-MAT (CONJ &)
	  (NP-NOM *con*)
	  (VBD gesette)
	  (NP-ACC (PRO^A hi))
	  (PP (P on)
	      (NP-ACC (N^A +arnemerigen)))
	  (PP (P on)
	      (NP-DAT (ADJ^D middan)
		      (N^D eastd+ale)
		      (, ,)
		      (CP-REL (WADVP-LOC-1 (ADV^L +t+ar))
			      (C 0)
			      (IP-SUB (ADVP-LOC *T*-1)
				      (NP-NOM (NP-GEN (D^G $+d+as) (N^G emnihtes))
					      (N^N circul))
				      (BEPI is)
				      (VBN geteald)))))
	  (, ,)
	  (CP-ADV (C +t+at)
		  (IP-SUB (NP-NOM (PRO^N heo))
			  (ADVP-TMP (ADV^T +afre))
			  (PP (P ymbe)
			      (NP-DAT (NP-GEN (N^G geares))
				      (N^D ymbrynum)))
			  (ADVP-LOC (ADV^L +t+ar))
			  (NP-ACC (NP-ACC (D^A +done) (N^A d+ag))
				  (, ,)
				  (CONJP (CONJ &)
					 (NP-ACC (D^A +da) (N^A niht))))
			  (VBD geemnytte)
			  (PP (P on)
			      (NP-DAT (ADJ^D gelicere) (N^D w+agan)))))
	  (. .))
  (ID cotempo,+ATemp:2.2.75))

/~*
ac +d+ar is singal leoht buton +alcum +deostrum.
(cotempo,+ATemp:3.2.85)
*~/
/*
5 ADV^L:  5 ADV^L, 6 +d+ar
*/

( (IP-MAT (CONJ ac)
	  (ADVP-LOC (ADV^L +d+ar))
	  (BEPI is)
	  (NP-NOM (ADJ^N singal) (N^N leoht))
	  (PP (P buton)
	      (NP-DAT (Q^D +alcum) (N^D +deostrum)))
	  (. .))
  (ID cotempo,+ATemp:3.2.85))

/~*
& he g+a+d d+aghwomlice o+t+te to +d+are sunnan o+d+de fram +d+are sunnan swa
fela pricon, na +t+at he becume to +d+are sunnan, for+dan +de seo sunne is
micele ufor +tonne se mona sy.
(cotempo,+ATemp:3.10.99)
*~/
/*
90 WADVP-LOC-1:  90 WADVP-LOC-1, 91 0
95 ADVP-LOC:  95 ADVP-LOC, 96 *T*-1
*/

( (CODE <T03990005900,3.10>)
  (IP-MAT (CONJ &)
	  (NP-NOM (PRO^N he))
	  (VBPI g+a+d)
	  (ADVP-TMP (ADV^T d+aghwomlice))
	  (PP (CONJ o+t+te)
	      (PP (P to)
		  (NP-DAT (D^D +d+are) (N^D sunnan)))
	      (CONJP (CONJ o+d+de)
		     (PP (P fram)
			 (NP-DAT (D^D +d+are) (N^D sunnan)))))
	  (NP-DAT-ADT (QP (ADV swa) (Q fela))
		      (N^D pricon))
	  (, ,)
	  (ADVP (NEG+ADV na))
	  (CP-ADV (C +t+at)
		  (IP-SUB (NP-NOM (PRO^N he))
			  (VBPS becume)
			  (PP (P to)
			      (NP-DAT (D^D +d+are) (N^D sunnan)))
			  (, ,)
			  (CP-ADV (P for+dan)
				  (C +de)
				  (IP-SUB (NP-NOM (D^N seo) (N^N sunne))
					  (BEPI is)
					  (ADVP-LOC (Q^I micele)
						    (ADVR^L ufor)
						    (PP (P +tonne)
							(CP-CMP (WADVP-LOC-1 0)
								(C 0)
								(IP-SUB (ADVP-LOC *T*-1)
									(NP-NOM (D^N se) (N^N mona))
									(BEPS sy)))))))))
	  (. .))
  (ID cotempo,+ATemp:3.10.99))

/~*
Symle he went his hricg to +d+are sunnan, +t+at is se sinewealta ende +te
+t+ar onliht bi+d.
(cotempo,+ATemp:3.12.101)
*~/
/*
52 ADV^L:  52 ADV^L, 53 +t+ar
*/

( (CODE <T03990006100,3.12>)
  (IP-MAT (ADVP-TMP (ADV^T Symle))
	  (NP-NOM (PRO^N he))
	  (VBPI went)
	  (NP-ACC (PRO$ his)
		  (N^A hricg)
		  (IP-MAT-PRN *ICH*-1))
	  (PP (P to)
	      (NP-DAT (D^D +d+are) (N^D sunnan)))
	  (, ,)
	  (IP-MAT-PRN-1 (NP-NOM (D^N +t+at))
			(BEPI is)
			(XP (NP-NOM (D^N se)
				    (ADJ^N sinewealta)
				    (N^N ende)
				    (CP-REL (WNP-NOM-3 0)
					    (C +te)
					    (IP-SUB (NP-NOM *T*-3)
						    (ADVP-LOC (ADV^L +t+ar))
						    (RP+VBN onliht)
						    (BEPI bi+d))))))
	  (. .))
  (ID cotempo,+ATemp:3.12.101))

/~*
We secga+d swa +deah be +d+are halgan eastertide, +t+at swa hw+ar swa bi+d se
mona feowertyne nihta eald, fram duodecima kalendas Aprelis, +t+at on +dam
d+age bi+d seo easterlice gem+aru, +te we hata+d terminus.
(cotempo,+ATemp:3.27.118)
*~/
/*
34 WADV^L:  34 WADV^L, 35 hw+ar
39 ADVP-LOC:  39 ADVP-LOC, 40 *T*-1
*/

( (CODE <T03990007600,3.27>)
  (IP-MAT (NP-NOM (PRO^N We))
	  (VBPI secga+d)
	  (ADVP (ADV swa) (ADV +deah))
	  (PP (P be)
	      (NP-DAT (D^D +d+are) (ADJ^D halgan) (N^D eastertide)))
	  (, ,)
	  (CP-THT (C +t+at)
		  (CP-THT (CP-FRL-LOC-2 (WADVP-LOC-1 (ADV swa) (WADV^L hw+ar))
					(C swa)
					(IP-SUB (ADVP-LOC *T*-1)
						(BEPI bi+d)
						(NP-NOM (D^N se) (N^N mona))
						(ADJP-NOM-PRD (NP-EXT (NUM feowertyne)
								      (NP-GEN (N^G nihta)))
							      (ADJ^N eald))
						(, ,)
						(PP (P fram)
						    (NP (FW duodecima) (FW kalendas) (FW Aprelis)))))
			  (, ,)
			  (C +t+at)
			  (IP-SUB (CP-FRL-LOC *ICH*-2)
				  (PP (P on)
				      (NP-DAT (D^D +dam) (N^D d+age)))
				  (BEPI bi+d)
				  (NP-NOM (D^N seo)
					  (ADJ^N easterlice)
					  (N^N gem+aru)
					  (, ,)
					  (CP-REL (WNP-3 0)
						  (C +te)
						  (IP-SUB (NP-NOM (PRO^N we))
							  (VBPI hata+d)
							  (IP-SMC (NP-SBJ *T*-3)
								  (NP-PRD (FW terminus)))))))))
	  (. .))
  (ID cotempo,+ATemp:3.27.118))

/~*
Gif se terminus bescyt on sumum d+age +t+are wucan, +donne bi+d se Sunnand+ag
+t+ar +after Easterd+ag.
(cotempo,+ATemp:3.29.120)
*~/
/*
44 ADV^L:  44 ADV^L, 45 +t+ar
*/

( (CODE <T03990007800,3.29>)
  (IP-MAT (CP-ADV (P Gif)
		  (C 0)
		  (IP-SUB (NP-NOM (D^N se) (FW terminus))
			  (VBPI bescyt)
			  (PP (P on)
			      (NP-DAT (Q^D sumum)
				      (N^D d+age)
				      (NP-GEN (D^G +t+are) (N^G wucan))))))
	  (, ,)
	  (ADVP-TMP (ADV^T +donne))
	  (BEPI bi+d)
	  (NP-NOM (D^N se)
		  (NR^N Sunnand+ag)
		  (PP (ADVP-LOC (ADV^L +t+ar))
		      (P +after)))
	  (NP-NOM-PRD (NR^N Easterd+ag))
	  (. .))
  (ID cotempo,+ATemp:3.29.120))

/~*
& +t+as monan ryne is nearo, for+dan +te he yrn+d ealra tungla ny+demyst, &
+t+are eor+dan gehendost.
(cotempo,+ATemp:4.25.144)
*~/
/*
44 ADVP-LOC:  44 ADVP-LOC, 51 gehendost
*/

( (IP-MAT (CONJ &)
	  (NP-NOM (NP-GEN (D^G +t+as) (N^G monan))
		  (N^N ryne))
	  (BEPI is)
	  (ADJP-NOM-PRD (ADJ^N nearo))
	  (, ,)
	  (CP-ADV (P for+dan)
		  (C +te)
		  (IP-SUB (NP-NOM (PRO^N he))
			  (VBPI yrn+d)
			  (ADVP (ADVP (NP-GEN (Q^G ealra) (N^G tungla))
				      (ADVS ny+demyst))
				(, ,)
				(CONJP (CONJ &)
				       (ADVP-LOC (NP-DAT (D^D +t+are) (N^D eor+dan))
						 (ADVS^L gehendost))))))
	  (. .))
  (ID cotempo,+ATemp:4.25.144))

/~*
+t+ar is se sumerlica sunstede, for+dan +te heo cyr+d +t+ar ongean eft
su+dweard
(cotempo,+ATemp:4.44.169)
*~/
/*
3 ADV^L:  3 ADV^L, 4 +t+ar
28 ADV^L:  28 ADV^L, 29 +t+ar
*/

( (IP-MAT (ADVP-LOC (ADV^L +t+ar))
	  (BEPI is)
	  (NP-NOM (D^N se) (ADJ^N sumerlica) (N^N sunstede))
	  (, ,)
	  (CP-ADV (P for+dan)
		  (C +te)
		  (IP-SUB (NP-NOM (PRO^N heo))
			  (VBPI cyr+d)
			  (ADVP-LOC (ADV^L +t+ar))
			  (RP ongean)
			  (ADVP-TMP (ADV^T eft))
			  (ADVP-DIR (ADV^D su+dweard)))))
  (ID cotempo,+ATemp:4.44.169))

/~*
& se d+ag +donne sceorta+d, o+d +t+at seo sunne cym+d eft su+d to +dam
winterlicum sunstede, & +t+ar +atstent.
(cotempo,+ATemp:4.44.170)
*~/
/*
36 ADV^L:  36 ADV^L, 37 su+d
57 ADV^L:  57 ADV^L, 58 +t+ar
*/

( (IP-MAT (CONJ &)
	  (NP-NOM (D^N se) (N^N d+ag))
	  (ADVP-TMP (ADV^T +donne))
	  (VBPI sceorta+d)
	  (, ,)
	  (CP-ADV (P o+d)
		  (D^A +t+at)
		  (C 0)
		  (IP-SUB (IP-SUB (NP-NOM (D^N seo) (N^N sunne))
				  (VBPI cym+d)
				  (ADVP-TMP (ADV^T eft))
				  (ADVP-LOC (ADV^L su+d))
				  (PP (P to)
				      (NP-DAT (D^D +dam) (ADJ^D winterlicum) (N^D sunstede))))
			  (, ,)
			  (CONJP (CONJ &)
				 (IP-SUB-CON (NP-NOM *con*)
					     (ADVP-LOC (ADV^L +t+ar))
					     (VBPI +atstent)))))
	  (. .))
  (ID cotempo,+ATemp:4.44.170))

/~*
Swa heo su+dor bi+d swa hit swi+dor winterl+ac+d,
(cotempo,+ATemp:4.47.173)
*~/
/*
18 ADVP-LOC:  18 ADVP-LOC, 20 su+dor
*/

( (CODE <T03990012500,4.47>)
  (IP-MAT (PP (P Swa)
	      (CP-CMP (WADVP-1 0)
		      (C 0)
		      (IP-SUB (ADVP *T*-1)
			      (NP-NOM (PRO^N heo))
			      (ADVP-LOC (ADVR^L su+dor))
			      (BEPI bi+d))))
	  (ADVP (ADV swa))
	  (NP-NOM (PRO^N hit))
	  (ADVP (ADVR swi+dor))
	  (VBPI winterl+ac+d)
	  (. ,))
  (ID cotempo,+ATemp:4.47.173))

/~*
Witodlice se winterlica mona g+a+d nor+dor +tonne seo sunne gange on sumera,
(cotempo,+ATemp:4.50.179)
*~/
/*
23 WADVP-LOC-1:  23 WADVP-LOC-1, 24 0
28 ADVP-LOC:  28 ADVP-LOC, 29 *T*-1
*/

( (CODE <T03990012800,4.50>)
  (IP-MAT (ADVP (ADV Witodlice))
	  (NP-NOM (D^N se) (ADJ^N winterlica) (N^N mona))
	  (VBPI g+a+d)
	  (ADVP-LOC (ADVR^L nor+dor)
		    (PP (P +tonne)
			(CP-CMP (WADVP-LOC-1 0)
				(C 0)
				(IP-SUB (ADVP-LOC *T*-1)
					(NP-NOM (D^N seo) (N^N sunne))
					(VBPS gange)
					(PP (P on)
					    (NP-DAT (N^D sumera)))))))
	  (. ,))
  (ID cotempo,+ATemp:4.50.179))

/~*
& for+di bi+d ny+dor gesewen +donne seo sunne on wintra.
(cotempo,+ATemp:4.51.182)
*~/
/*
11 ADVP-LOC:  11 ADVP-LOC, 15 *ICH*-1
22 WADVP-LOC-2:  22 WADVP-LOC-2, 23 0
27 ADVP-LOC:  27 ADVP-LOC, 28 *T*-2
*/

( (IP-MAT-0 (CONJ &)
	    (NP-NOM *con*)
	    (ADVP (ADV for+di))
	    (BEPI bi+d)
	    (ADVP-LOC (ADVR^L ny+dor)
		      (PP *ICH*-1))
	    (VBN gesewen)
	    (PP-1 (P +donne)
		  (CP-CMP (WADVP-LOC-2 0)
			  (C 0)
			  (IPX-SUB=0 (ADVP-LOC *T*-2)
				     (NP-NOM (D^N seo) (N^N sunne))
				     (PP (P on)
					 (NP-DAT (N^D wintra))))))
	    (. .))
  (ID cotempo,+ATemp:4.51.182))

/~*
& si+d+dan to twelf mon+dum ne cym+d +t+ar nan o+der scur, o+d +t+at seo ea
eft up abrece, swa swa hire gewuna is, +alce geare +ane;
(cotempo,+ATemp:4.54.190)
*~/
/*
20 ADV^L:  20 ADV^L, 21 +t+ar
*/

( (IP-MAT (CONJ &)
	  (ADVP-TMP (ADV^T si+d+dan))
	  (PP (P to)
	      (NP-DAT (NUM twelf) (N^D mon+dum)))
	  (NEG ne)
	  (VBPI cym+d)
	  (ADVP-LOC (ADV^L +t+ar))
	  (NP-NOM (NEG+Q^N nan) (ADJ^N o+der) (N^N scur))
	  (, ,)
	  (CP-ADV (P o+d)
		  (D^A +t+at)
		  (C 0)
		  (IP-SUB (NP-NOM (D^N seo) (N^N ea))
			  (ADVP-TMP (ADV^T eft))
			  (RP up)
			  (VBPS abrece)
			  (, ,)
			  (PP (ADV swa)
			      (P swa)
			      (CPX-CMP (IPX-SUB (NP-NOM (PRO$ hire) (N^N gewuna))
						(BEPI is))))
			  (, ,)
			  (NP-DAT-TMP (Q^I +alce) (N^D geare))
			  (ADVP-TMP (ADV^T +ane))))
	  (. ;))
  (ID cotempo,+ATemp:4.54.190))

/~*
ac +t+ar is ungerim f+ac betwux hire & +d+are eor+dan.
(cotempo,+ATemp:5.4.197)
*~/
/*
5 ADV^L:  5 ADV^L, 6 +t+ar
*/

( (IP-MAT (CONJ ac)
	  (ADVP-LOC (ADV^L +t+ar))
	  (BEPI is)
	  (NP-NOM (ADJ^N ungerim) (N^N f+ac))
	  (PP (P betwux)
	      (NP-DAT (NP-DAT (PRO^D hire))
		      (CONJP (CONJ &)
			     (NP-DAT (D^D +d+are) (N^D eor+dan)))))
	  (. .))
  (ID cotempo,+ATemp:5.4.197))

/~*
Seo eor+de stent on +alemiddan +durh Godes mihte swa gef+astnod, +t+at heo
n+afre ne bih+d, ufor ne neo+dor, +tonne se +almihtiga scyppend, +de ealle
+ding hylt buton geswince, hi gesta+delode.
(cotempo,+ATemp:5.6.200)
*~/
/*
63 WADVP-LOC-2:  63 WADVP-LOC-2, 64 0
68 ADVP-LOC:  68 ADVP-LOC, 69 *T*-2
*/

( (CODE <T03990013900,5.6>)
  (IP-MAT (NP-NOM (D^N Seo) (N^N eor+de))
	  (VBPI stent)
	  (PP (P on)
	      (NP (N +alemiddan)))
	  (PTP-NOM (PP (P +durh)
		       (NP (NP-GEN (NR^G Godes))
			   (N mihte)))
		   (ADVP (ADV swa))
		   (VBN^N gef+astnod)
		   (, ,)
		   (CP-ADV (C +t+at)
			   (IP-SUB (NP-NOM (PRO^N heo))
				   (ADVP-TMP (NEG+ADV^T n+afre))
				   (NEG ne)
				   (VBPI bih+d)
				   (, ,)
				   (ADVP-LOC (ADVR^L ufor)
					     (NEG+CONJ ne)
					     (ADVR^L neo+dor)
					     (, ,)
					     (PP (P +tonne)
						 (CP-CMP (WADVP-LOC-2 0)
							 (C 0)
							 (IP-SUB (ADVP-LOC *T*-2)
								 (NP-NOM (D^N se)
									 (ADJ^N +almihtiga)
									 (N^N scyppend)
									 (, ,)
									 (CP-REL (WNP-NOM-1 0)
										 (C +de)
										 (IP-SUB (NP-NOM *T*-1)
											 (NP-ACC (Q^A ealle) (N^A +ding))
											 (VBPI hylt)
											 (PP (P buton)
											     (NP-DAT (N^D geswince))))))
								 (, ,)
								 (NP-ACC (PRO^A hi))
								 (VBD gesta+delode))))))))
	  (. .))
  (ID cotempo,+ATemp:5.6.200))

/~*
& seo sunne glit onbutan be Godes gesetnysse,
(cotempo,+ATemp:6.9.218)
*~/
/*
12 ADV^L:  12 ADV^L, 13 onbutan
*/

( (IP-MAT (CONJ &)
	  (NP-NOM (D^N seo) (N^N sunne))
	  (VBPI glit)
	  (ADVP-LOC (ADV^L onbutan))
	  (PP (P be)
	      (NP (NP-GEN (NR^G Godes))
		  (N gesetnysse)))
	  (. ,))
  (ID cotempo,+ATemp:6.9.218))

/~*
& on +tone ende +te heo scin+d is d+ag +durh hire lihtinge,
(cotempo,+ATemp:6.9.219)
*~/
/*
13 WADVP-LOC-1:  13 WADVP-LOC-1, 14 0
18 ADVP-LOC:  18 ADVP-LOC, 19 *T*-1
*/

( (IP-MAT (CONJ &)
	  (PP (P on)
	      (NP-ACC (D^A +tone)
		      (N^A ende)
		      (CP-REL (WADVP-LOC-1 0)
			      (C +te)
			      (IP-SUB (ADVP-LOC *T*-1)
				      (NP-NOM (PRO^N heo))
				      (VBPI scin+d)))))
	  (BEPI is)
	  (NP-NOM (N^N d+ag))
	  (PP (P +durh)
	      (NP (PRO$ hire) (N lihtinge)))
	  (. ,))
  (ID cotempo,+ATemp:6.9.219))

/~*
Thile atte an igland benor+dan +tisum iglande, six daga f+ar on s+a, on +dam
ne bi+d nan niht on sumerlicum sunstede six dagum, for+dan +de seo sunne bi+d
+tonne swa feorr nor+d agan, +t+at heo hwonlice underg+a+d +t+are eor+dan
geendunge swilce hit +afnige, & +t+arrihte eft upg+a+d.
(cotempo,+ATemp:6.19.232)
*~/
/*
97 ADV^L:  97 ADV^L, 98 feorr
102 ADV^L:  102 ADV^L, 103 nor+d
*/

( (CODE <T03990016200,6.19>)
  (IP-MAT (NP-NOM-PRD (NR^N Thile))
	  (VBD atte)
	  (NP-NOM (NUM^N an)
		  (N^N igland)
		  (CP-REL *ICH*-2))
	  (PP (P benor+dan)
	      (NP-DAT (D^D +tisum) (N^D iglande)))
	  (, ,)
	  (NP-ACC-ADT (NP-GEN (NUM six) (N^G daga))
		      (N^A f+ar)
		      (PP (P on)
			  (NP (N s+a))))
	  (, ,)
	  (CP-REL-2 (WPP-3 (P on)
			   (NP-DAT (D^D +dam)))
		    (C 0)
		    (IP-SUB (PP *T*-3)
			    (NEG ne)
			    (BEPI bi+d)
			    (NP-NOM (NEG+Q^N nan) (N^N niht))
			    (PP (P on)
				(NP-DAT (ADJ^D sumerlicum) (N^D sunstede)))
			    (NP-DAT-TMP (NUM six) (N^D dagum))
			    (, ,)
			    (CP-ADV (P for+dan)
				    (C +de)
				    (IP-SUB (NP-NOM (D^N seo) (N^N sunne))
					    (BEPI bi+d)
					    (ADVP-TMP (ADV^T +tonne))
					    (ADVP-LOC (ADV swa)
						      (ADV^L feorr)
						      (CP-DEG *ICH*-4))
					    (ADVP-LOC (ADV^L nor+d))
					    (VBN agan)
					    (, ,)
					    (CP-DEG-4 (C +t+at)
						      (IP-SUB (IP-SUB (NP-NOM (PRO^N heo))
								      (ADVP (ADV hwonlice))
								      (RP+VBPI underg+a+d)
								      (NP (NP-GEN (D^G +t+are) (N^G eor+dan))
									  (N geendunge))
								      (PP (P swilce)
									  (CP-CMP (WADVP-5 0)
										  (C 0)
										  (IP-SUB (ADVP *T*-5)
											  (NP-NOM (PRO^N hit))
											  (VBPS +afnige)))))
							      (, ,)
							      (CONJP (CONJ &)
								     (IP-SUB-CON (NP-NOM *con*)
										 (ADVP-TMP (ADV^T +t+arrihte))
										 (ADVP-TMP (ADV^T eft))
										 (RP+VBPI upg+a+d)))))))))
	  (. .))
  (ID cotempo,+ATemp:6.19.232))

/~*
Eft on winterlicum sunstede, ne bi+d nan d+ag on +dam fores+adan iglande,
for+dan +de seo sunne bi+d +tonne swa feorr su+d agan, +t+at hire leoman ne
magon to +dam lande ger+acan for +d+are eor+dan sinewealtnysse.
(cotempo,+ATemp:6.20.233)
*~/
/*
57 ADV^L:  57 ADV^L, 58 feorr
62 ADV^L:  62 ADV^L, 63 su+d
*/

( (CODE <T03990016300,6.20>)
  (IP-MAT (ADVP-TMP (ADV^T Eft))
	  (PP (P on)
	      (NP-DAT (ADJ^D winterlicum) (N^D sunstede)))
	  (, ,)
	  (NEG ne)
	  (BEPI bi+d)
	  (NP-NOM (NEG+Q^N nan) (N^N d+ag))
	  (PP (P on)
	      (NP-DAT (D^D +dam) (RP+VBN^D fores+adan) (N^D iglande)))
	  (, ,)
	  (CP-ADV (P for+dan)
		  (C +de)
		  (IP-SUB (NP-NOM (D^N seo) (N^N sunne))
			  (BEPI bi+d)
			  (ADVP-TMP (ADV^T +tonne))
			  (ADVP-LOC (ADV swa)
				    (ADV^L feorr)
				    (CP-DEG *ICH*-1))
			  (ADVP-LOC (ADV^L su+d))
			  (VBN agan)
			  (, ,)
			  (CP-DEG-1 (C +t+at)
				    (IP-SUB (NP-NOM (PRO$ hire) (N^N leoman))
					    (NEG ne)
					    (MDPI magon)
					    (PP (P to)
						(NP-DAT (D^D +dam) (N^D lande)))
					    (VB ger+acan)
					    (PP (P for)
						(NP (NP-GEN (D^G +d+are) (N^G eor+dan))
						    (N sinewealtnysse)))))))
	  (. .))
  (ID cotempo,+ATemp:6.20.233))

/~*
& he belimp+d +ag+der ge to +d+are sunnan ge to +dam monan, for+dan +te +d+ar
is an d+ag & an niht.
(cotempo,+ATemp:7.8.255)
*~/
/*
42 ADV^L:  42 ADV^L, 43 +d+ar
*/

( (IP-MAT (CONJ &)
	  (NP-NOM (PRO^N he))
	  (VBPI belimp+d)
	  (PP (CONJ +ag+der)
	      (CONJ ge)
	      (PP (P to)
		  (NP-DAT (D^D +d+are) (N^D sunnan)))
	      (CONJP (CONJ ge)
		     (PP (P to)
			 (NP-DAT (D^D +dam) (N^D monan)))))
	  (, ,)
	  (CP-ADV (P for+dan)
		  (C +te)
		  (IP-SUB (ADVP-LOC (ADV^L +d+ar))
			  (BEPI is)
			  (NP-NOM (NP-NOM (NUM^N an) (N^N d+ag))
				  (CONJP (CONJ &)
					 (NP-NOM (NUM^N an) (N^N niht))))))
	  (. .))
  (ID cotempo,+ATemp:7.8.255))

/~*
& swa near +tam nigonteo+dan geare swa bi+d se $niwa mona braddra gesewen.
(cotempo,+ATemp:8.1.260)
*~/
/*
9 ADVP-LOC:  9 ADVP-LOC, 18 geare
*/

( (IP-MAT (CONJ &)
	  (PP (P swa)
	      (CPX-CMP (IPX-SUB (ADVP-LOC (ADVR^L near)
					  (NP-DAT (D^D +tam) (ADJ^D nigonteo+dan) (N^D geare))))))
	  (ADVP (ADV swa))
	  (BEPI bi+d)
	  (NP-NOM (D^N se) (ADJ^N $niwa) (N^N mona))
	  (ADJP-NOM-PRD (ADJR^N braddra))
	  (VBN gesewen)
	  (. .))
  (ID cotempo,+ATemp:8.1.260))

/~*
Swa lengra d+ag swa bi+d se niwa mona ufor gesewen
(cotempo,+ATemp:8.8.270)
*~/
/*
27 ADVP-LOC:  27 ADVP-LOC, 29 ufor
*/

( (CODE <T03990018900,8.8>)
  (IP-MAT (PP (P Swa)
	      (CPX-CMP (IPX-SUB (ADJP-NOM-PRD (ADJR^N lengra))
				(NP-NOM (N^N d+ag)))))
	  (ADVP (ADV swa))
	  (BEPI bi+d)
	  (NP-NOM (D^N se) (ADJ^N niwa) (N^N mona))
	  (ADVP-LOC (ADVR^L ufor))
	  (VBN gesewen))
  (ID cotempo,+ATemp:8.8.270))

/~*
& swa scyrtra d+ag swa bi+d se niwa mona ny+dor gesewen.
(cotempo,+ATemp:8.8.271)
*~/
/*
27 ADVP-LOC:  27 ADVP-LOC, 29 ny+dor
*/

( (IP-MAT (CONJ &)
	  (PP (P swa)
	      (CPX-CMP (IPX-SUB (ADJP-NOM-PRD (ADJR^N scyrtra))
				(NP-NOM (N^N d+ag)))))
	  (ADVP (ADV swa))
	  (BEPI bi+d)
	  (NP-NOM (D^N se) (ADJ^N niwa) (N^N mona))
	  (ADVP-LOC (ADVR^L ny+dor))
	  (VBN gesewen)
	  (. .))
  (ID cotempo,+ATemp:8.8.271))

/~*
Gif seo sunne hine on+al+d ufan, +tonne stupa+d he;
(cotempo,+ATemp:8.9.272)
*~/
/*
21 ADV^L:  21 ADV^L, 22 ufan
*/

( (CODE <T03990019000,8.9>)
  (IP-MAT (CP-ADV (P Gif)
		  (C 0)
		  (IP-SUB (NP-NOM (D^N seo) (N^N sunne))
			  (NP-ACC (PRO^A hine))
			  (RP+VBPI on+al+d)
			  (ADVP-LOC (ADV^L ufan))))
	  (, ,)
	  (ADVP-TMP (ADV^T +tonne))
	  (VBPI stupa+d)
	  (NP-NOM (PRO^N he))
	  (. ;))
  (ID cotempo,+ATemp:8.9.272))

/~*
gif heo hine ontent neo+dan, +tonne capa+d he upp, for+dan +de he went +afre
+done hricg to +d+are sunnan weard.
(cotempo,+ATemp:8.9.274)
*~/
/*
17 ADV^L:  17 ADV^L, 18 neo+dan
*/

( (IP-MAT (CP-ADV (P gif)
		  (C 0)
		  (IP-SUB (NP-NOM (PRO^N heo))
			  (NP-ACC (PRO^A hine))
			  (VBPI ontent)
			  (ADVP-LOC (ADV^L neo+dan))))
	  (, ,)
	  (ADVP-TMP (ADV^T +tonne))
	  (VBPI capa+d)
	  (NP-NOM (PRO^N he))
	  (RP upp)
	  (, ,)
	  (CP-ADV (P for+dan)
		  (C +de)
		  (IP-SUB (NP-NOM (PRO^N he))
			  (VBPI went)
			  (ADVP-TMP (ADV^T +afre))
			  (NP-ACC (D^A +done) (N^A hricg))
			  (PP (P to)
			      (PP (NP-GEN (D^G +d+are) (N^G sunnan))
				  (P weard)))))
	  (. .))
  (ID cotempo,+ATemp:8.9.274))

/~*
Ac hit ne sind na steorran +t+at +d+ar fealla+d,
(cotempo,+ATemp:9.1.286)
*~/
/*
28 ADV^L:  28 ADV^L, 29 +d+ar
*/

( (CODE <T03990019900,9.1>)
  (IP-MAT (CONJ Ac)
	  (NP-NOM (PRO^N hit))
	  (NEG ne)
	  (BEPI sind)
	  (ADVP (NEG+ADV na))
	  (NP-NOM-PRD (N^N steorran))
	  (CP-CLF (WNP-NOM-1 0)
		  (C +t+at)
		  (IP-SUB (NP-NOM *T*-1)
			  (ADVP-LOC (ADV^L +d+ar))
			  (VBPI fealla+d)))
	  (. ,))
  (ID cotempo,+ATemp:9.1.286))

/~*
On winterlicere tide hi beo+d on niht uppe & on d+ag adune.
(cotempo,+ATemp:9.12.305)
*~/
/*
25 ADV^L:  25 ADV^L, 26 uppe
*/

( (CODE <T03990021100,9.12>)
  (IP-MAT (IP-MAT-0 (PP (P On)
			(NP-DAT (ADJ^D winterlicere) (N^D tide)))
		    (NP-NOM (PRO^N hi))
		    (BEPI beo+d)
		    (PP (P on)
			(NP-ACC (N^A niht)))
		    (ADVP-LOC (ADV^L uppe)))
	  (CONJP (CONJ &)
		 (IPX-MAT=0 (PP (P on)
				(NP-ACC (N^A d+ag)))
			    (RP adune)))
	  (. .))
  (ID cotempo,+ATemp:9.12.305))

/~*
His nama is omnipotens, +t+at is +almihtig, for+dan +de he m+ag eal +t+at he
wile, & his miht nawar ne swinc+d.
(cotempo,+ATemp:11.12.367)
*~/
/*
69 NEG+ADV^L:  69 NEG+ADV^L, 70 nawar
*/

( (CODE <T03990025200,11.12>)
  (IP-MAT (NP-NOM (PRO$ His) (N^N nama))
	  (BEPI is)
	  (NP-PRD (FW omnipotens)
		  (, ,)
		  (IP-MAT-PRN (NP-NOM (D^N +t+at))
			      (BEPI is)
			      (XP (ADJP-NOM (ADJ^N +almihtig)))))
	  (, ,)
	  (CP-ADV (P for+dan)
		  (C +de)
		  (IP-SUB (IP-SUB (NP-NOM (PRO^N he))
				  (MDPI m+ag)
				  (NP-ACC (Q^A eal)
					  (CP-REL (WNP-ACC-1 (D^A +t+at))
						  (C 0)
						  (IP-SUB (NP-ACC *T*-1)
							  (NP-NOM (PRO^N he))
							  (MDP wile)))))
			  (, ,)
			  (CONJP (CONJ &)
				 (IP-SUB-CON (NP-NOM (PRO$ his) (N^N miht))
					     (ADVP-LOC (NEG+ADV^L nawar))
					     (NEG ne)
					     (VBPI swinc+d)))))
	  (. .))
  (ID cotempo,+ATemp:11.12.367))

/~*
seo lyft tyh+d +tone w+atan to hire neo+dan, & +da h+atan ufan;
(cotempo,+ATemp:14.1.374)
*~/
/*
22 ADV^L:  22 ADV^L, 23 neo+dan
36 ADV^L:  36 ADV^L, 37 ufan
*/

( (IP-MAT (IP-MAT-0 (NP-NOM (D^N seo) (N^N lyft))
		    (VBPI tyh+d)
		    (NP-ACC (D^A +tone) (N^A w+atan))
		    (PP (P to)
			(NP-DAT-RFL (PRO^D hire)))
		    (ADVP-LOC (ADV^L neo+dan)))
	  (, ,)
	  (CONJP (CONJ &)
		 (IPX-MAT=0 (NP-ACC (D^A +da) (N^A h+atan))
			    (ADVP-LOC (ADV^L ufan))))
	  (. ;))
  (ID cotempo,+ATemp:14.1.374))

/~*
Sy +deos gesetnys +dus her geendod.
(cotempo,+ATemp:14.3.383)
*~/
/*
15 ADV^L:  15 ADV^L, 16 her
*/

( (CODE <T03990026000,14.3>)
  (IP-MAT (BEPS Sy)
	  (NP-NOM (D^N +deos) (N^N gesetnys))
	  (ADVP (ADV +dus))
	  (ADVP-LOC (ADV^L her))
	  (VBN geendod)
	  (. .))
  (ID cotempo,+ATemp:14.3.383))
/*
FOOTER
  source file, hits/tokens/total
  C:\Users\Shoo\Dropbox\workspace\CorpusSearch_Auto\data\corporas\YCOE\temp1492105600559\science_astronomy_geography\cotempo.o3.psd	58/38/384
*/
/*
SUMMARY:  
source files, hits/tokens/total
  C:\Users\Shoo\Dropbox\workspace\CorpusSearch_Auto\data\corporas\YCOE\temp1492105600559\science_astronomy_geography\cobyrhtf.o3.psd	79/64/813
  C:\Users\Shoo\Dropbox\workspace\CorpusSearch_Auto\data\corporas\YCOE\temp1492105600559\science_astronomy_geography\comarvel.o23.psd	36/28/163
  C:\Users\Shoo\Dropbox\workspace\CorpusSearch_Auto\data\corporas\YCOE\temp1492105600559\science_astronomy_geography\cotempo.o3.psd	58/38/384
whole search, hits/tokens/total
		173/130/1360
*/
