/*
PREFACE:  
Copyright 2010 Beth Randall
Date:  Thu Apr 13 18:58:17 BST 2017

command file:     data\searches\queries\PENN\progressive_forms_in_adjective_phrases_appositive.q
output file:      C:\Users\Shoo\Dropbox\workspace\CorpusSearch_Auto\data\output\13-04-2017 18.46.36.333 PPCMBE\progressive_forms_in_adjective_phrases_appositive\fiction_romances_dramacomedies_and_verse\result.out

node:   ADJP-PRN*|BAG*|HAG*|VAG*|DAG*
query:  (BAG*|HAG*|VAG*|DAG* Dominates  !BAG*|HAG*|VAG*|DAG*) 
  AND  (ADJP-PRN* Dominates  BAG*|HAG*|VAG*|DAG*) 
*/
/*
HEADER:
source file:  C:\Users\Shoo\Dropbox\workspace\CorpusSearch_Auto\data\corporas\PPCMBE\temp1492106160469\fiction_romances_dramacomedies_and_verse\brougham-1861.psd
*/
/*
FOOTER
  source file, hits/tokens/total
  C:\Users\Shoo\Dropbox\workspace\CorpusSearch_Auto\data\corporas\PPCMBE\temp1492106160469\fiction_romances_dramacomedies_and_verse\brougham-1861.psd	0/0/1202
*/
/*
HEADER:
source file:  C:\Users\Shoo\Dropbox\workspace\CorpusSearch_Auto\data\corporas\PPCMBE\temp1492106160469\fiction_romances_dramacomedies_and_verse\collier-1835.psd
*/
/*
FOOTER
  source file, hits/tokens/total
  C:\Users\Shoo\Dropbox\workspace\CorpusSearch_Auto\data\corporas\PPCMBE\temp1492106160469\fiction_romances_dramacomedies_and_verse\collier-1835.psd	0/0/1122
*/
/*
HEADER:
source file:  C:\Users\Shoo\Dropbox\workspace\CorpusSearch_Auto\data\corporas\PPCMBE\temp1492106160469\fiction_romances_dramacomedies_and_verse\colman-1805.psd
*/
/*
FOOTER
  source file, hits/tokens/total
  C:\Users\Shoo\Dropbox\workspace\CorpusSearch_Auto\data\corporas\PPCMBE\temp1492106160469\fiction_romances_dramacomedies_and_verse\colman-1805.psd	0/0/1185
*/
/*
HEADER:
source file:  C:\Users\Shoo\Dropbox\workspace\CorpusSearch_Auto\data\corporas\PPCMBE\temp1492106160469\fiction_romances_dramacomedies_and_verse\davys-1716.psd
*/
/*
FOOTER
  source file, hits/tokens/total
  C:\Users\Shoo\Dropbox\workspace\CorpusSearch_Auto\data\corporas\PPCMBE\temp1492106160469\fiction_romances_dramacomedies_and_verse\davys-1716.psd	0/0/946
*/
/*
HEADER:
source file:  C:\Users\Shoo\Dropbox\workspace\CorpusSearch_Auto\data\corporas\PPCMBE\temp1492106160469\fiction_romances_dramacomedies_and_verse\defoe-1719.psd
*/
/*
FOOTER
  source file, hits/tokens/total
  C:\Users\Shoo\Dropbox\workspace\CorpusSearch_Auto\data\corporas\PPCMBE\temp1492106160469\fiction_romances_dramacomedies_and_verse\defoe-1719.psd	0/0/495
*/
/*
HEADER:
source file:  C:\Users\Shoo\Dropbox\workspace\CorpusSearch_Auto\data\corporas\PPCMBE\temp1492106160469\fiction_romances_dramacomedies_and_verse\dickens-1837.psd
*/

/~*
'$It $'s an aggravating thing, just as we got the beds so snug,' said the
chaplain, looking at three dirty mattresses, each rolled up in a blanket,
which occupied one corner of the room during the day, and formed a kind of
slab, on which were placed an old cracked basin, ewer, and soap-dish, of
common yellow earthenware, with a blue flower: 'Very aggravating.'
(DICKENS-1837,562.442)
*~/
/*
223 VAG:  223 VAG, 224 aggravating, 220 ADJP-PRN-ELAB-4
*/
( (IP-MAT (' ')
	  (IP-MAT-SPE (NP-SBJ (PRO $It))
		      (BEP $'s)
		      (CODE {TEXT:It's})
		      (NP-OB1 (D an)
			      (ADJP (VAG aggravating)
				    (ADJP-PRN-ELAB *ICH*-4))
			      (N thing))
		      (, ,)
		      (PP (ADV just)
			  (P as)
			  (CP-ADV-SPE (C 0)
				      (IP-SUB-SPE (NP-SBJ (PRO we))
						  (VBD got)
						  (IP-SMC-SPE (NP-SBJ (D the) (NS beds))
							      (ADJP (ADVR so) (ADJ snug)))))))
	  (, ,)
	  (' ')
	  (VBD said)
	  (NP-SBJ (D the) (N chaplain))
	  (, ,)
	  (IP-PPL-SPE (VAG looking)
		      (PP (P at)
			  (NP (NUM three)
			      (ADJ dirty)
			      (NS mattresses)
			      (, ,)
			      (RRC (Q each)
				   (VAN rolled)
				   (RP up)
				   (PP (P in)
				       (NP (D a) (N blanket))))
			      (, ,)
			      (CP-REL-SPE (WNP-1 (WPRO which))
					  (C 0)
					  (IP-SUB-SPE (IP-SUB-SPE (NP-SBJ *T*-1)
								  (VBD occupied)
								  (NP-OB1 (ONE one)
									  (N corner)
									  (PP (P of)
									      (NP (D the) (N room))))
								  (PP (P during)
								      (NP (D the) (N day))))
						      (, ,)
						      (CONJP (CONJ and)
							     (IP-SUB-SPE (NP-SBJ *T*-1)
									 (VBD formed)
									 (NP-OB1 (D a)
										 (N kind)
										 (PP (P of)
										     (NP (N slab)))
										 (, ,)
										 (CP-REL-SPE (WPP-2 (P on)
												    (WNP (WPRO which)))
											     (C 0)
											     (IP-SUB-SPE (PP *T*-2)
													 (NP-SBJ-3 *exp*)
													 (BED were)
													 (VAN placed)
													 (NP-3 (D an)
													       (ADJP (ADJ old) (VAN cracked))
													       (N basin)
													       (, ,)
													       (CONJP (NX (N ewer)))
													       (, ,)
													       (CONJP (CONJ and)
														      (NX (N+N soap-dish)))
													       (, ,)
													       (PP (P of)
														   (NP (ADJ common) (ADJ yellow) (ADJ+N earthenware))))
													 (, ,)
													 (PP (P with)
													     (NP (D a) (ADJ blue) (N flower)))))))))))))
	  (, :)
	  (' ')
	  (ADJP-PRN-ELAB-4 (ADV Very) (VAG aggravating))
	  (. .)
	  (' '))
  (ID DICKENS-1837,562.442))
/*
FOOTER
  source file, hits/tokens/total
  C:\Users\Shoo\Dropbox\workspace\CorpusSearch_Auto\data\corporas\PPCMBE\temp1492106160469\fiction_romances_dramacomedies_and_verse\dickens-1837.psd	1/1/566
*/
/*
HEADER:
source file:  C:\Users\Shoo\Dropbox\workspace\CorpusSearch_Auto\data\corporas\PPCMBE\temp1492106160469\fiction_romances_dramacomedies_and_verse\fielding-1749.psd
*/
/*
FOOTER
  source file, hits/tokens/total
  C:\Users\Shoo\Dropbox\workspace\CorpusSearch_Auto\data\corporas\PPCMBE\temp1492106160469\fiction_romances_dramacomedies_and_verse\fielding-1749.psd	0/0/486
*/
/*
HEADER:
source file:  C:\Users\Shoo\Dropbox\workspace\CorpusSearch_Auto\data\corporas\PPCMBE\temp1492106160469\fiction_romances_dramacomedies_and_verse\godwin-1805.psd
*/
/*
FOOTER
  source file, hits/tokens/total
  C:\Users\Shoo\Dropbox\workspace\CorpusSearch_Auto\data\corporas\PPCMBE\temp1492106160469\fiction_romances_dramacomedies_and_verse\godwin-1805.psd	0/0/593
*/
/*
HEADER:
source file:  C:\Users\Shoo\Dropbox\workspace\CorpusSearch_Auto\data\corporas\PPCMBE\temp1492106160469\fiction_romances_dramacomedies_and_verse\goldsmith-1773.psd
*/
/*
FOOTER
  source file, hits/tokens/total
  C:\Users\Shoo\Dropbox\workspace\CorpusSearch_Auto\data\corporas\PPCMBE\temp1492106160469\fiction_romances_dramacomedies_and_verse\goldsmith-1773.psd	0/0/1065
*/
/*
HEADER:
source file:  C:\Users\Shoo\Dropbox\workspace\CorpusSearch_Auto\data\corporas\PPCMBE\temp1492106160469\fiction_romances_dramacomedies_and_verse\meredith-1895.psd
*/
/*
FOOTER
  source file, hits/tokens/total
  C:\Users\Shoo\Dropbox\workspace\CorpusSearch_Auto\data\corporas\PPCMBE\temp1492106160469\fiction_romances_dramacomedies_and_verse\meredith-1895.psd	0/0/652
*/
/*
HEADER:
source file:  C:\Users\Shoo\Dropbox\workspace\CorpusSearch_Auto\data\corporas\PPCMBE\temp1492106160469\fiction_romances_dramacomedies_and_verse\reeve-1777.psd
*/
/*
FOOTER
  source file, hits/tokens/total
  C:\Users\Shoo\Dropbox\workspace\CorpusSearch_Auto\data\corporas\PPCMBE\temp1492106160469\fiction_romances_dramacomedies_and_verse\reeve-1777.psd	0/0/751
*/
/*
HEADER:
source file:  C:\Users\Shoo\Dropbox\workspace\CorpusSearch_Auto\data\corporas\PPCMBE\temp1492106160469\fiction_romances_dramacomedies_and_verse\stevens-1745.psd
*/
/*
FOOTER
  source file, hits/tokens/total
  C:\Users\Shoo\Dropbox\workspace\CorpusSearch_Auto\data\corporas\PPCMBE\temp1492106160469\fiction_romances_dramacomedies_and_verse\stevens-1745.psd	0/0/1065
*/
/*
HEADER:
source file:  C:\Users\Shoo\Dropbox\workspace\CorpusSearch_Auto\data\corporas\PPCMBE\temp1492106160469\fiction_romances_dramacomedies_and_verse\wilde-1895.psd
*/
/*
FOOTER
  source file, hits/tokens/total
  C:\Users\Shoo\Dropbox\workspace\CorpusSearch_Auto\data\corporas\PPCMBE\temp1492106160469\fiction_romances_dramacomedies_and_verse\wilde-1895.psd	0/0/996
*/
/*
HEADER:
source file:  C:\Users\Shoo\Dropbox\workspace\CorpusSearch_Auto\data\corporas\PPCMBE\temp1492106160469\fiction_romances_dramacomedies_and_verse\yonge-1865.psd
*/
/*
FOOTER
  source file, hits/tokens/total
  C:\Users\Shoo\Dropbox\workspace\CorpusSearch_Auto\data\corporas\PPCMBE\temp1492106160469\fiction_romances_dramacomedies_and_verse\yonge-1865.psd	0/0/629
*/
/*
SUMMARY:  
source files, hits/tokens/total
  C:\Users\Shoo\Dropbox\workspace\CorpusSearch_Auto\data\corporas\PPCMBE\temp1492106160469\fiction_romances_dramacomedies_and_verse\brougham-1861.psd	0/0/1202
  C:\Users\Shoo\Dropbox\workspace\CorpusSearch_Auto\data\corporas\PPCMBE\temp1492106160469\fiction_romances_dramacomedies_and_verse\collier-1835.psd	0/0/1122
  C:\Users\Shoo\Dropbox\workspace\CorpusSearch_Auto\data\corporas\PPCMBE\temp1492106160469\fiction_romances_dramacomedies_and_verse\colman-1805.psd	0/0/1185
  C:\Users\Shoo\Dropbox\workspace\CorpusSearch_Auto\data\corporas\PPCMBE\temp1492106160469\fiction_romances_dramacomedies_and_verse\davys-1716.psd	0/0/946
  C:\Users\Shoo\Dropbox\workspace\CorpusSearch_Auto\data\corporas\PPCMBE\temp1492106160469\fiction_romances_dramacomedies_and_verse\defoe-1719.psd	0/0/495
  C:\Users\Shoo\Dropbox\workspace\CorpusSearch_Auto\data\corporas\PPCMBE\temp1492106160469\fiction_romances_dramacomedies_and_verse\dickens-1837.psd	1/1/566
  C:\Users\Shoo\Dropbox\workspace\CorpusSearch_Auto\data\corporas\PPCMBE\temp1492106160469\fiction_romances_dramacomedies_and_verse\fielding-1749.psd	0/0/486
  C:\Users\Shoo\Dropbox\workspace\CorpusSearch_Auto\data\corporas\PPCMBE\temp1492106160469\fiction_romances_dramacomedies_and_verse\godwin-1805.psd	0/0/593
  C:\Users\Shoo\Dropbox\workspace\CorpusSearch_Auto\data\corporas\PPCMBE\temp1492106160469\fiction_romances_dramacomedies_and_verse\goldsmith-1773.psd	0/0/1065
  C:\Users\Shoo\Dropbox\workspace\CorpusSearch_Auto\data\corporas\PPCMBE\temp1492106160469\fiction_romances_dramacomedies_and_verse\meredith-1895.psd	0/0/652
  C:\Users\Shoo\Dropbox\workspace\CorpusSearch_Auto\data\corporas\PPCMBE\temp1492106160469\fiction_romances_dramacomedies_and_verse\reeve-1777.psd	0/0/751
  C:\Users\Shoo\Dropbox\workspace\CorpusSearch_Auto\data\corporas\PPCMBE\temp1492106160469\fiction_romances_dramacomedies_and_verse\stevens-1745.psd	0/0/1065
  C:\Users\Shoo\Dropbox\workspace\CorpusSearch_Auto\data\corporas\PPCMBE\temp1492106160469\fiction_romances_dramacomedies_and_verse\wilde-1895.psd	0/0/996
  C:\Users\Shoo\Dropbox\workspace\CorpusSearch_Auto\data\corporas\PPCMBE\temp1492106160469\fiction_romances_dramacomedies_and_verse\yonge-1865.psd	0/0/629
whole search, hits/tokens/total
		1/1/11753
*/
