/*
PREFACE:  
Copyright 2010 Beth Randall
Date:  Thu Apr 13 18:53:01 BST 2017

command file:     data\searches\queries\PENN\progressive_forms_added_to_adjuncts.q
output file:      C:\Users\Shoo\Dropbox\workspace\CorpusSearch_Auto\data\output\13-04-2017 18.46.36.333 PPCEME\progressive_forms_added_to_adjuncts\medicine_handbooks_religious_and_educational_treatises\result.out

node:   *ADT*|BAG*|HAG*|VAG*|DAG*
query:  (BAG*|HAG*|VAG*|DAG* Dominates  !BAG*|HAG*|VAG*|DAG*) 
  AND  (*ADT* Dominates  BAG*|HAG*|VAG*|DAG*) 
*/
/*
HEADER:
source file:  C:\Users\Shoo\Dropbox\workspace\CorpusSearch_Auto\data\corporas\PPCEME\temp1492105854173\medicine_handbooks_religious_and_educational_treatises\asch-e1-h.psd
*/
/*
FOOTER
  source file, hits/tokens/total
  C:\Users\Shoo\Dropbox\workspace\CorpusSearch_Auto\data\corporas\PPCEME\temp1492105854173\medicine_handbooks_religious_and_educational_treatises\asch-e1-h.psd	0/0/186
*/
/*
HEADER:
source file:  C:\Users\Shoo\Dropbox\workspace\CorpusSearch_Auto\data\corporas\PPCEME\temp1492105854173\medicine_handbooks_religious_and_educational_treatises\asch-e1-p1.psd
*/
/*
FOOTER
  source file, hits/tokens/total
  C:\Users\Shoo\Dropbox\workspace\CorpusSearch_Auto\data\corporas\PPCEME\temp1492105854173\medicine_handbooks_religious_and_educational_treatises\asch-e1-p1.psd	0/0/217
*/
/*
HEADER:
source file:  C:\Users\Shoo\Dropbox\workspace\CorpusSearch_Auto\data\corporas\PPCEME\temp1492105854173\medicine_handbooks_religious_and_educational_treatises\asch-e1-p2.psd
*/
/*
FOOTER
  source file, hits/tokens/total
  C:\Users\Shoo\Dropbox\workspace\CorpusSearch_Auto\data\corporas\PPCEME\temp1492105854173\medicine_handbooks_religious_and_educational_treatises\asch-e1-p2.psd	0/0/195
*/
/*
HEADER:
source file:  C:\Users\Shoo\Dropbox\workspace\CorpusSearch_Auto\data\corporas\PPCEME\temp1492105854173\medicine_handbooks_religious_and_educational_treatises\bacon-e2-h.psd
*/
/*
FOOTER
  source file, hits/tokens/total
  C:\Users\Shoo\Dropbox\workspace\CorpusSearch_Auto\data\corporas\PPCEME\temp1492105854173\medicine_handbooks_religious_and_educational_treatises\bacon-e2-h.psd	0/0/172
*/
/*
HEADER:
source file:  C:\Users\Shoo\Dropbox\workspace\CorpusSearch_Auto\data\corporas\PPCEME\temp1492105854173\medicine_handbooks_religious_and_educational_treatises\bacon-e2-p1.psd
*/

/~*
In the former of these, I hope I shal not liue to be wanting, according to my
most humble dutie, and the good pleasure of your Maiesties employments:
(BACON-E2-P1,1,1R.7)
*~/
/*
43 VAG:  43 VAG, 44 wanting, 36 IP-INF-ADT
48 VAG:  48 VAG, 49 according, 36 IP-INF-ADT
*/
( (IP-MAT (PP-1 (P In)
		(NP (D the)
		    (ADJ former)
		    (PP (P of)
			(NP (D these)))))
	  (, ,)
	  (NP-SBJ (PRO I))
	  (VBP hope)
	  (CP-THT (C 0)
		  (IP-SUB (NP-SBJ (PRO I))
			  (MD shal)
			  (NEG not)
			  (VB liue)
			  (IP-INF-ADT (PP *ICH*-1)
				      (TO to)
				      (BE be)
				      (VAG wanting)
				      (, ,)
				      (IP-PPL (VAG according)
					      (PP (P to)
						  (NP (NP (PRO$ my)
							  (ADJP (QS most) (ADJ humble))
							  (N dutie))
						      (, ,)
						      (CONJP (CONJ and)
							     (NP (D the)
								 (ADJ good)
								 (N pleasure)
								 (PP (P of)
								     (NP (NP-POS (PRO$ your) (N$ Maiesties))
									 (NS employments)))))))))))
	  (. :))
  (ID BACON-E2-P1,1,1R.7))
/*
FOOTER
  source file, hits/tokens/total
  C:\Users\Shoo\Dropbox\workspace\CorpusSearch_Auto\data\corporas\PPCEME\temp1492105854173\medicine_handbooks_religious_and_educational_treatises\bacon-e2-p1.psd	2/1/148
*/
/*
HEADER:
source file:  C:\Users\Shoo\Dropbox\workspace\CorpusSearch_Auto\data\corporas\PPCEME\temp1492105854173\medicine_handbooks_religious_and_educational_treatises\bacon-e2-p2.psd
*/
/*
FOOTER
  source file, hits/tokens/total
  C:\Users\Shoo\Dropbox\workspace\CorpusSearch_Auto\data\corporas\PPCEME\temp1492105854173\medicine_handbooks_religious_and_educational_treatises\bacon-e2-p2.psd	0/0/178
*/
/*
HEADER:
source file:  C:\Users\Shoo\Dropbox\workspace\CorpusSearch_Auto\data\corporas\PPCEME\temp1492105854173\medicine_handbooks_religious_and_educational_treatises\brinsley-e2-h.psd
*/
/*
FOOTER
  source file, hits/tokens/total
  C:\Users\Shoo\Dropbox\workspace\CorpusSearch_Auto\data\corporas\PPCEME\temp1492105854173\medicine_handbooks_religious_and_educational_treatises\brinsley-e2-h.psd	0/0/235
*/
/*
HEADER:
source file:  C:\Users\Shoo\Dropbox\workspace\CorpusSearch_Auto\data\corporas\PPCEME\temp1492105854173\medicine_handbooks_religious_and_educational_treatises\brinsley-e2-p1.psd
*/
/*
FOOTER
  source file, hits/tokens/total
  C:\Users\Shoo\Dropbox\workspace\CorpusSearch_Auto\data\corporas\PPCEME\temp1492105854173\medicine_handbooks_religious_and_educational_treatises\brinsley-e2-p1.psd	0/0/239
*/
/*
HEADER:
source file:  C:\Users\Shoo\Dropbox\workspace\CorpusSearch_Auto\data\corporas\PPCEME\temp1492105854173\medicine_handbooks_religious_and_educational_treatises\brinsley-e2-p2.psd
*/
/*
FOOTER
  source file, hits/tokens/total
  C:\Users\Shoo\Dropbox\workspace\CorpusSearch_Auto\data\corporas\PPCEME\temp1492105854173\medicine_handbooks_religious_and_educational_treatises\brinsley-e2-p2.psd	0/0/228
*/
/*
HEADER:
source file:  C:\Users\Shoo\Dropbox\workspace\CorpusSearch_Auto\data\corporas\PPCEME\temp1492105854173\medicine_handbooks_religious_and_educational_treatises\clowes-e2-h.psd
*/
/*
FOOTER
  source file, hits/tokens/total
  C:\Users\Shoo\Dropbox\workspace\CorpusSearch_Auto\data\corporas\PPCEME\temp1492105854173\medicine_handbooks_religious_and_educational_treatises\clowes-e2-h.psd	0/0/347
*/
/*
HEADER:
source file:  C:\Users\Shoo\Dropbox\workspace\CorpusSearch_Auto\data\corporas\PPCEME\temp1492105854173\medicine_handbooks_religious_and_educational_treatises\clowes-e2-p1.psd
*/
/*
FOOTER
  source file, hits/tokens/total
  C:\Users\Shoo\Dropbox\workspace\CorpusSearch_Auto\data\corporas\PPCEME\temp1492105854173\medicine_handbooks_religious_and_educational_treatises\clowes-e2-p1.psd	0/0/359
*/
/*
HEADER:
source file:  C:\Users\Shoo\Dropbox\workspace\CorpusSearch_Auto\data\corporas\PPCEME\temp1492105854173\medicine_handbooks_religious_and_educational_treatises\clowes-e2-p2.psd
*/
/*
FOOTER
  source file, hits/tokens/total
  C:\Users\Shoo\Dropbox\workspace\CorpusSearch_Auto\data\corporas\PPCEME\temp1492105854173\medicine_handbooks_religious_and_educational_treatises\clowes-e2-p2.psd	0/0/260
*/
/*
HEADER:
source file:  C:\Users\Shoo\Dropbox\workspace\CorpusSearch_Auto\data\corporas\PPCEME\temp1492105854173\medicine_handbooks_religious_and_educational_treatises\clowesobs-e2-p2.psd
*/
/*
FOOTER
  source file, hits/tokens/total
  C:\Users\Shoo\Dropbox\workspace\CorpusSearch_Auto\data\corporas\PPCEME\temp1492105854173\medicine_handbooks_religious_and_educational_treatises\clowesobs-e2-p2.psd	0/0/109
*/
/*
HEADER:
source file:  C:\Users\Shoo\Dropbox\workspace\CorpusSearch_Auto\data\corporas\PPCEME\temp1492105854173\medicine_handbooks_religious_and_educational_treatises\elyot-e1-h.psd
*/

/~*
whiche of them it were, it is a good warnyng for gentilmen to be the more
serious, inserching, nat only for the vertues, but also for the vices of them,
unto whose tuition and gouernance they will committe their children.
(ELYOT-E1-H,24.35)
*~/
/*
57 VAG:  57 VAG, 58 inserching, 37 IP-INF-ADT
*/

( (IP-MAT (NP-ADV (CP-FRL (WNP-1 (WPRO whiche)
				 (PP (P of)
				     (NP (PRO them))))
			  (C 0)
			  (IP-SUB (NP-OB1 *T*-1)
				  (NP-SBJ (PRO it))
				  (BED were))))
	  (, ,)
	  (NP-SBJ (PRO it))
	  (BEP is)
	  (NP-OB1 (D a)
		  (ADJ good)
		  (N warnyng)
		  (IP-INF-ADT (FOR for)
			      (NP-SBJ (ADJ+NS gentilmen))
			      (TO to)
			      (BE be)
			      (ADJP (D the) (QR more) (ADJ serious))
			      (, ,)
			      (IP-PPL (VAG inserching)
				      (, ,)
				      (PP (PP (NEG nat)
					      (FP only)
					      (P for)
					      (NP (D the) (NS vertues)))
					  (, ,)
					  (CONJP (CONJ but)
						 (ALSO also)
						 (PP (P for)
						     (NP (D the)
							 (NS vices)
							 (PP (P of)
							     (NP (PRO them)
								 (, ,)
								 (CP-REL (WPP-2 (P unto)
										(WNP (WPRO$ whose)
										     (N tuition)
										     (CONJP (CONJ and)
											    (NX (N gouernance)))))
									 (C 0)
									 (IP-SUB (PP *T*-2)
										 (NP-SBJ (PRO they))
										 (MD will)
										 (VB committe)
										 (NP-OB1 (PRO$ their) (NS children)))))))))))))
	  (. .))
  (ID ELYOT-E1-H,24.35))
/*
FOOTER
  source file, hits/tokens/total
  C:\Users\Shoo\Dropbox\workspace\CorpusSearch_Auto\data\corporas\PPCEME\temp1492105854173\medicine_handbooks_religious_and_educational_treatises\elyot-e1-h.psd	1/1/181
*/
/*
HEADER:
source file:  C:\Users\Shoo\Dropbox\workspace\CorpusSearch_Auto\data\corporas\PPCEME\temp1492105854173\medicine_handbooks_religious_and_educational_treatises\elyot-e1-p1.psd
*/
/*
FOOTER
  source file, hits/tokens/total
  C:\Users\Shoo\Dropbox\workspace\CorpusSearch_Auto\data\corporas\PPCEME\temp1492105854173\medicine_handbooks_religious_and_educational_treatises\elyot-e1-p1.psd	0/0/201
*/
/*
HEADER:
source file:  C:\Users\Shoo\Dropbox\workspace\CorpusSearch_Auto\data\corporas\PPCEME\temp1492105854173\medicine_handbooks_religious_and_educational_treatises\elyot-e1-p2.psd
*/
/*
FOOTER
  source file, hits/tokens/total
  C:\Users\Shoo\Dropbox\workspace\CorpusSearch_Auto\data\corporas\PPCEME\temp1492105854173\medicine_handbooks_religious_and_educational_treatises\elyot-e1-p2.psd	0/0/179
*/
/*
HEADER:
source file:  C:\Users\Shoo\Dropbox\workspace\CorpusSearch_Auto\data\corporas\PPCEME\temp1492105854173\medicine_handbooks_religious_and_educational_treatises\fitzh-e1-h.psd
*/
/*
FOOTER
  source file, hits/tokens/total
  C:\Users\Shoo\Dropbox\workspace\CorpusSearch_Auto\data\corporas\PPCEME\temp1492105854173\medicine_handbooks_religious_and_educational_treatises\fitzh-e1-h.psd	0/0/403
*/
/*
HEADER:
source file:  C:\Users\Shoo\Dropbox\workspace\CorpusSearch_Auto\data\corporas\PPCEME\temp1492105854173\medicine_handbooks_religious_and_educational_treatises\fitzh-e1-p1.psd
*/
/*
FOOTER
  source file, hits/tokens/total
  C:\Users\Shoo\Dropbox\workspace\CorpusSearch_Auto\data\corporas\PPCEME\temp1492105854173\medicine_handbooks_religious_and_educational_treatises\fitzh-e1-p1.psd	0/0/397
*/
/*
HEADER:
source file:  C:\Users\Shoo\Dropbox\workspace\CorpusSearch_Auto\data\corporas\PPCEME\temp1492105854173\medicine_handbooks_religious_and_educational_treatises\fitzh-e1-p2.psd
*/
/*
FOOTER
  source file, hits/tokens/total
  C:\Users\Shoo\Dropbox\workspace\CorpusSearch_Auto\data\corporas\PPCEME\temp1492105854173\medicine_handbooks_religious_and_educational_treatises\fitzh-e1-p2.psd	0/0/400
*/
/*
HEADER:
source file:  C:\Users\Shoo\Dropbox\workspace\CorpusSearch_Auto\data\corporas\PPCEME\temp1492105854173\medicine_handbooks_religious_and_educational_treatises\gifford-e2-h.psd
*/
/*
FOOTER
  source file, hits/tokens/total
  C:\Users\Shoo\Dropbox\workspace\CorpusSearch_Auto\data\corporas\PPCEME\temp1492105854173\medicine_handbooks_religious_and_educational_treatises\gifford-e2-h.psd	0/0/503
*/
/*
HEADER:
source file:  C:\Users\Shoo\Dropbox\workspace\CorpusSearch_Auto\data\corporas\PPCEME\temp1492105854173\medicine_handbooks_religious_and_educational_treatises\gifford-e2-p1.psd
*/
/*
FOOTER
  source file, hits/tokens/total
  C:\Users\Shoo\Dropbox\workspace\CorpusSearch_Auto\data\corporas\PPCEME\temp1492105854173\medicine_handbooks_religious_and_educational_treatises\gifford-e2-p1.psd	0/0/386
*/
/*
HEADER:
source file:  C:\Users\Shoo\Dropbox\workspace\CorpusSearch_Auto\data\corporas\PPCEME\temp1492105854173\medicine_handbooks_religious_and_educational_treatises\gifford-e2-p2.psd
*/
/*
FOOTER
  source file, hits/tokens/total
  C:\Users\Shoo\Dropbox\workspace\CorpusSearch_Auto\data\corporas\PPCEME\temp1492105854173\medicine_handbooks_religious_and_educational_treatises\gifford-e2-p2.psd	0/0/379
*/
/*
HEADER:
source file:  C:\Users\Shoo\Dropbox\workspace\CorpusSearch_Auto\data\corporas\PPCEME\temp1492105854173\medicine_handbooks_religious_and_educational_treatises\hoole-e3-h.psd
*/
/*
FOOTER
  source file, hits/tokens/total
  C:\Users\Shoo\Dropbox\workspace\CorpusSearch_Auto\data\corporas\PPCEME\temp1492105854173\medicine_handbooks_religious_and_educational_treatises\hoole-e3-h.psd	0/0/175
*/
/*
HEADER:
source file:  C:\Users\Shoo\Dropbox\workspace\CorpusSearch_Auto\data\corporas\PPCEME\temp1492105854173\medicine_handbooks_religious_and_educational_treatises\hoole-e3-p1.psd
*/
/*
FOOTER
  source file, hits/tokens/total
  C:\Users\Shoo\Dropbox\workspace\CorpusSearch_Auto\data\corporas\PPCEME\temp1492105854173\medicine_handbooks_religious_and_educational_treatises\hoole-e3-p1.psd	0/0/226
*/
/*
HEADER:
source file:  C:\Users\Shoo\Dropbox\workspace\CorpusSearch_Auto\data\corporas\PPCEME\temp1492105854173\medicine_handbooks_religious_and_educational_treatises\hoole-e3-p2.psd
*/

/~*
One main way to bring Scholars to a loving and awfull respect of their Master,
is for him to shew himselfe at all times pleasing and chearful towards them,
and unwilling to punish them for every error; but withall to carry so close an
eye upon all their behaviour, that he can tell them privately, betwixt himself
and them alone, of many faults they commit, when they think he knowes nothing,
(HOOLE-E3-P2,236.19)
*~/
/*
24 VAG:  24 VAG, 25 loving, 9 IP-INF-ADT
*/

( (IP-MAT (NP-SBJ (ONE One)
		  (ADJ main)
		  (N way)
		  (IP-INF-ADT (TO to)
			      (VB bring)
			      (NP-OB1 (NS Scholars))
			      (PP (P to)
				  (NP (D a)
				      (ADJP (VAG loving) (CONJ and) (ADJ awfull))
				      (N respect)
				      (PP (P of)
					  (NP (PRO$ their) (N Master)))))))
	  (, ,)
	  (BEP is)
	  (IP-INF (IP-INF (FOR for)
			  (NP-SBJ (PRO him))
			  (TO to)
			  (VB shew)
			  (IP-SMC (NP-SBJ (PRO+N himselfe))
				  (PP (P at)
				      (NP (Q all) (NS times)))
				  (ADJP (ADJP (VAG pleasing)
					      (CONJ and)
					      (ADJ chearful)
					      (PP (P towards)
						  (NP (PRO them))))
					(, ,)
					(CONJP (CONJ and)
					       (ADJP (ADJ unwilling)
						     (IP-INF (TO to)
							     (VB punish)
							     (NP-OB1 (PRO them))
							     (PP (P for)
								 (NP (Q every) (N error)))))))))
		  (, ;)
		  (CONJP (CONJ but)
			 (IP-INF (ADVP (ADV withall))
				 (TO to)
				 (VB carry)
				 (NP-OB1 (ADJP (ADVR so)
					       (ADJ close)
					       (CP-DEG *ICH*-1))
					 (D an)
					 (N eye))
				 (PP (P upon)
				     (NP (Q all) (PRO$ their) (N behaviour)))
				 (, ,)
				 (CP-DEG-1 (C that)
					   (IP-SUB (NP-SBJ (PRO he))
						   (MD can)
						   (VB tell)
						   (NP-OB2 (PRO them))
						   (ADVP (ADV privately))
						   (, ,)
						   (PP (P betwixt)
						       (NP (NP (PRO+N himself))
							   (CONJP (CONJ and)
								  (NP (PRO them) (FP alone)))))
						   (, ,)
						   (PP (P of)
						       (NP (Q many)
							   (NS faults)
							   (CP-REL (WNP-2 0)
								   (C 0)
								   (IP-SUB (NP-OB1 *T*-2)
									   (NP-SBJ (PRO they))
									   (VBP commit)))))
						   (, ,)
						   (PP (P when)
						       (CP-ADV (C 0)
							       (IP-SUB (CODE <P_236>)
								       (NP-SBJ (PRO they))
								       (VBP think)
								       (CP-THT (C 0)
									       (IP-SUB (NP-SBJ (PRO he))
										       (VBP knowes)
										       (NP-OB1 (Q+N nothing))))))))))))
	  (. ,))
  (ID HOOLE-E3-P2,236.19))
/*
FOOTER
  source file, hits/tokens/total
  C:\Users\Shoo\Dropbox\workspace\CorpusSearch_Auto\data\corporas\PPCEME\temp1492105854173\medicine_handbooks_religious_and_educational_treatises\hoole-e3-p2.psd	1/1/207
*/
/*
HEADER:
source file:  C:\Users\Shoo\Dropbox\workspace\CorpusSearch_Auto\data\corporas\PPCEME\temp1492105854173\medicine_handbooks_religious_and_educational_treatises\jetaylormeas-e3-p1.psd
*/
/*
FOOTER
  source file, hits/tokens/total
  C:\Users\Shoo\Dropbox\workspace\CorpusSearch_Auto\data\corporas\PPCEME\temp1492105854173\medicine_handbooks_religious_and_educational_treatises\jetaylormeas-e3-p1.psd	0/0/68
*/
/*
HEADER:
source file:  C:\Users\Shoo\Dropbox\workspace\CorpusSearch_Auto\data\corporas\PPCEME\temp1492105854173\medicine_handbooks_religious_and_educational_treatises\jetaylormeas-e3-p2.psd
*/
/*
FOOTER
  source file, hits/tokens/total
  C:\Users\Shoo\Dropbox\workspace\CorpusSearch_Auto\data\corporas\PPCEME\temp1492105854173\medicine_handbooks_religious_and_educational_treatises\jetaylormeas-e3-p2.psd	0/0/352
*/
/*
HEADER:
source file:  C:\Users\Shoo\Dropbox\workspace\CorpusSearch_Auto\data\corporas\PPCEME\temp1492105854173\medicine_handbooks_religious_and_educational_treatises\langf-e3-h.psd
*/
/*
FOOTER
  source file, hits/tokens/total
  C:\Users\Shoo\Dropbox\workspace\CorpusSearch_Auto\data\corporas\PPCEME\temp1492105854173\medicine_handbooks_religious_and_educational_treatises\langf-e3-h.psd	0/0/349
*/
/*
HEADER:
source file:  C:\Users\Shoo\Dropbox\workspace\CorpusSearch_Auto\data\corporas\PPCEME\temp1492105854173\medicine_handbooks_religious_and_educational_treatises\langf-e3-p1.psd
*/
/*
FOOTER
  source file, hits/tokens/total
  C:\Users\Shoo\Dropbox\workspace\CorpusSearch_Auto\data\corporas\PPCEME\temp1492105854173\medicine_handbooks_religious_and_educational_treatises\langf-e3-p1.psd	0/0/305
*/
/*
HEADER:
source file:  C:\Users\Shoo\Dropbox\workspace\CorpusSearch_Auto\data\corporas\PPCEME\temp1492105854173\medicine_handbooks_religious_and_educational_treatises\langf-e3-p2.psd
*/
/*
FOOTER
  source file, hits/tokens/total
  C:\Users\Shoo\Dropbox\workspace\CorpusSearch_Auto\data\corporas\PPCEME\temp1492105854173\medicine_handbooks_religious_and_educational_treatises\langf-e3-p2.psd	0/0/326
*/
/*
HEADER:
source file:  C:\Users\Shoo\Dropbox\workspace\CorpusSearch_Auto\data\corporas\PPCEME\temp1492105854173\medicine_handbooks_religious_and_educational_treatises\locke-e3-h.psd
*/
/*
FOOTER
  source file, hits/tokens/total
  C:\Users\Shoo\Dropbox\workspace\CorpusSearch_Auto\data\corporas\PPCEME\temp1492105854173\medicine_handbooks_religious_and_educational_treatises\locke-e3-h.psd	0/0/245
*/
/*
HEADER:
source file:  C:\Users\Shoo\Dropbox\workspace\CorpusSearch_Auto\data\corporas\PPCEME\temp1492105854173\medicine_handbooks_religious_and_educational_treatises\locke-e3-p1.psd
*/
/*
FOOTER
  source file, hits/tokens/total
  C:\Users\Shoo\Dropbox\workspace\CorpusSearch_Auto\data\corporas\PPCEME\temp1492105854173\medicine_handbooks_religious_and_educational_treatises\locke-e3-p1.psd	0/0/301
*/
/*
HEADER:
source file:  C:\Users\Shoo\Dropbox\workspace\CorpusSearch_Auto\data\corporas\PPCEME\temp1492105854173\medicine_handbooks_religious_and_educational_treatises\locke-e3-p2.psd
*/
/*
FOOTER
  source file, hits/tokens/total
  C:\Users\Shoo\Dropbox\workspace\CorpusSearch_Auto\data\corporas\PPCEME\temp1492105854173\medicine_handbooks_religious_and_educational_treatises\locke-e3-p2.psd	0/0/233
*/
/*
HEADER:
source file:  C:\Users\Shoo\Dropbox\workspace\CorpusSearch_Auto\data\corporas\PPCEME\temp1492105854173\medicine_handbooks_religious_and_educational_treatises\markham-e2-h.psd
*/
/*
FOOTER
  source file, hits/tokens/total
  C:\Users\Shoo\Dropbox\workspace\CorpusSearch_Auto\data\corporas\PPCEME\temp1492105854173\medicine_handbooks_religious_and_educational_treatises\markham-e2-h.psd	0/0/276
*/
/*
HEADER:
source file:  C:\Users\Shoo\Dropbox\workspace\CorpusSearch_Auto\data\corporas\PPCEME\temp1492105854173\medicine_handbooks_religious_and_educational_treatises\markham-e2-p1.psd
*/
/*
FOOTER
  source file, hits/tokens/total
  C:\Users\Shoo\Dropbox\workspace\CorpusSearch_Auto\data\corporas\PPCEME\temp1492105854173\medicine_handbooks_religious_and_educational_treatises\markham-e2-p1.psd	0/0/262
*/
/*
HEADER:
source file:  C:\Users\Shoo\Dropbox\workspace\CorpusSearch_Auto\data\corporas\PPCEME\temp1492105854173\medicine_handbooks_religious_and_educational_treatises\markham-e2-p2.psd
*/
/*
FOOTER
  source file, hits/tokens/total
  C:\Users\Shoo\Dropbox\workspace\CorpusSearch_Auto\data\corporas\PPCEME\temp1492105854173\medicine_handbooks_religious_and_educational_treatises\markham-e2-p2.psd	0/0/306
*/
/*
HEADER:
source file:  C:\Users\Shoo\Dropbox\workspace\CorpusSearch_Auto\data\corporas\PPCEME\temp1492105854173\medicine_handbooks_religious_and_educational_treatises\turner-e1-h.psd
*/
/*
FOOTER
  source file, hits/tokens/total
  C:\Users\Shoo\Dropbox\workspace\CorpusSearch_Auto\data\corporas\PPCEME\temp1492105854173\medicine_handbooks_religious_and_educational_treatises\turner-e1-h.psd	0/0/205
*/
/*
HEADER:
source file:  C:\Users\Shoo\Dropbox\workspace\CorpusSearch_Auto\data\corporas\PPCEME\temp1492105854173\medicine_handbooks_religious_and_educational_treatises\turner-e1-p1.psd
*/
/*
FOOTER
  source file, hits/tokens/total
  C:\Users\Shoo\Dropbox\workspace\CorpusSearch_Auto\data\corporas\PPCEME\temp1492105854173\medicine_handbooks_religious_and_educational_treatises\turner-e1-p1.psd	0/0/248
*/
/*
HEADER:
source file:  C:\Users\Shoo\Dropbox\workspace\CorpusSearch_Auto\data\corporas\PPCEME\temp1492105854173\medicine_handbooks_religious_and_educational_treatises\turner-e1-p2.psd
*/
/*
FOOTER
  source file, hits/tokens/total
  C:\Users\Shoo\Dropbox\workspace\CorpusSearch_Auto\data\corporas\PPCEME\temp1492105854173\medicine_handbooks_religious_and_educational_treatises\turner-e1-p2.psd	0/0/203
*/
/*
HEADER:
source file:  C:\Users\Shoo\Dropbox\workspace\CorpusSearch_Auto\data\corporas\PPCEME\temp1492105854173\medicine_handbooks_religious_and_educational_treatises\turnerherb-e1-p2.psd
*/
/*
FOOTER
  source file, hits/tokens/total
  C:\Users\Shoo\Dropbox\workspace\CorpusSearch_Auto\data\corporas\PPCEME\temp1492105854173\medicine_handbooks_religious_and_educational_treatises\turnerherb-e1-p2.psd	0/0/55
*/
/*
HEADER:
source file:  C:\Users\Shoo\Dropbox\workspace\CorpusSearch_Auto\data\corporas\PPCEME\temp1492105854173\medicine_handbooks_religious_and_educational_treatises\vicary-e1-h.psd
*/
/*
FOOTER
  source file, hits/tokens/total
  C:\Users\Shoo\Dropbox\workspace\CorpusSearch_Auto\data\corporas\PPCEME\temp1492105854173\medicine_handbooks_religious_and_educational_treatises\vicary-e1-h.psd	0/0/363
*/
/*
HEADER:
source file:  C:\Users\Shoo\Dropbox\workspace\CorpusSearch_Auto\data\corporas\PPCEME\temp1492105854173\medicine_handbooks_religious_and_educational_treatises\vicary-e1-p1.psd
*/
/*
FOOTER
  source file, hits/tokens/total
  C:\Users\Shoo\Dropbox\workspace\CorpusSearch_Auto\data\corporas\PPCEME\temp1492105854173\medicine_handbooks_religious_and_educational_treatises\vicary-e1-p1.psd	0/0/378
*/
/*
HEADER:
source file:  C:\Users\Shoo\Dropbox\workspace\CorpusSearch_Auto\data\corporas\PPCEME\temp1492105854173\medicine_handbooks_religious_and_educational_treatises\vicary-e1-p2.psd
*/
/*
FOOTER
  source file, hits/tokens/total
  C:\Users\Shoo\Dropbox\workspace\CorpusSearch_Auto\data\corporas\PPCEME\temp1492105854173\medicine_handbooks_religious_and_educational_treatises\vicary-e1-p2.psd	0/0/358
*/
/*
HEADER:
source file:  C:\Users\Shoo\Dropbox\workspace\CorpusSearch_Auto\data\corporas\PPCEME\temp1492105854173\medicine_handbooks_religious_and_educational_treatises\walton-e3-h.psd
*/
/*
FOOTER
  source file, hits/tokens/total
  C:\Users\Shoo\Dropbox\workspace\CorpusSearch_Auto\data\corporas\PPCEME\temp1492105854173\medicine_handbooks_religious_and_educational_treatises\walton-e3-h.psd	0/0/357
*/
/*
HEADER:
source file:  C:\Users\Shoo\Dropbox\workspace\CorpusSearch_Auto\data\corporas\PPCEME\temp1492105854173\medicine_handbooks_religious_and_educational_treatises\walton-e3-p1.psd
*/
/*
FOOTER
  source file, hits/tokens/total
  C:\Users\Shoo\Dropbox\workspace\CorpusSearch_Auto\data\corporas\PPCEME\temp1492105854173\medicine_handbooks_religious_and_educational_treatises\walton-e3-p1.psd	0/0/340
*/
/*
HEADER:
source file:  C:\Users\Shoo\Dropbox\workspace\CorpusSearch_Auto\data\corporas\PPCEME\temp1492105854173\medicine_handbooks_religious_and_educational_treatises\walton-e3-p2.psd
*/
/*
FOOTER
  source file, hits/tokens/total
  C:\Users\Shoo\Dropbox\workspace\CorpusSearch_Auto\data\corporas\PPCEME\temp1492105854173\medicine_handbooks_religious_and_educational_treatises\walton-e3-p2.psd	0/0/336
*/
/*
SUMMARY:  
source files, hits/tokens/total
  C:\Users\Shoo\Dropbox\workspace\CorpusSearch_Auto\data\corporas\PPCEME\temp1492105854173\medicine_handbooks_religious_and_educational_treatises\asch-e1-h.psd	0/0/186
  C:\Users\Shoo\Dropbox\workspace\CorpusSearch_Auto\data\corporas\PPCEME\temp1492105854173\medicine_handbooks_religious_and_educational_treatises\asch-e1-p1.psd	0/0/217
  C:\Users\Shoo\Dropbox\workspace\CorpusSearch_Auto\data\corporas\PPCEME\temp1492105854173\medicine_handbooks_religious_and_educational_treatises\asch-e1-p2.psd	0/0/195
  C:\Users\Shoo\Dropbox\workspace\CorpusSearch_Auto\data\corporas\PPCEME\temp1492105854173\medicine_handbooks_religious_and_educational_treatises\bacon-e2-h.psd	0/0/172
  C:\Users\Shoo\Dropbox\workspace\CorpusSearch_Auto\data\corporas\PPCEME\temp1492105854173\medicine_handbooks_religious_and_educational_treatises\bacon-e2-p1.psd	2/1/148
  C:\Users\Shoo\Dropbox\workspace\CorpusSearch_Auto\data\corporas\PPCEME\temp1492105854173\medicine_handbooks_religious_and_educational_treatises\bacon-e2-p2.psd	0/0/178
  C:\Users\Shoo\Dropbox\workspace\CorpusSearch_Auto\data\corporas\PPCEME\temp1492105854173\medicine_handbooks_religious_and_educational_treatises\brinsley-e2-h.psd	0/0/235
  C:\Users\Shoo\Dropbox\workspace\CorpusSearch_Auto\data\corporas\PPCEME\temp1492105854173\medicine_handbooks_religious_and_educational_treatises\brinsley-e2-p1.psd	0/0/239
  C:\Users\Shoo\Dropbox\workspace\CorpusSearch_Auto\data\corporas\PPCEME\temp1492105854173\medicine_handbooks_religious_and_educational_treatises\brinsley-e2-p2.psd	0/0/228
  C:\Users\Shoo\Dropbox\workspace\CorpusSearch_Auto\data\corporas\PPCEME\temp1492105854173\medicine_handbooks_religious_and_educational_treatises\clowes-e2-h.psd	0/0/347
  C:\Users\Shoo\Dropbox\workspace\CorpusSearch_Auto\data\corporas\PPCEME\temp1492105854173\medicine_handbooks_religious_and_educational_treatises\clowes-e2-p1.psd	0/0/359
  C:\Users\Shoo\Dropbox\workspace\CorpusSearch_Auto\data\corporas\PPCEME\temp1492105854173\medicine_handbooks_religious_and_educational_treatises\clowes-e2-p2.psd	0/0/260
  C:\Users\Shoo\Dropbox\workspace\CorpusSearch_Auto\data\corporas\PPCEME\temp1492105854173\medicine_handbooks_religious_and_educational_treatises\clowesobs-e2-p2.psd	0/0/109
  C:\Users\Shoo\Dropbox\workspace\CorpusSearch_Auto\data\corporas\PPCEME\temp1492105854173\medicine_handbooks_religious_and_educational_treatises\elyot-e1-h.psd	1/1/181
  C:\Users\Shoo\Dropbox\workspace\CorpusSearch_Auto\data\corporas\PPCEME\temp1492105854173\medicine_handbooks_religious_and_educational_treatises\elyot-e1-p1.psd	0/0/201
  C:\Users\Shoo\Dropbox\workspace\CorpusSearch_Auto\data\corporas\PPCEME\temp1492105854173\medicine_handbooks_religious_and_educational_treatises\elyot-e1-p2.psd	0/0/179
  C:\Users\Shoo\Dropbox\workspace\CorpusSearch_Auto\data\corporas\PPCEME\temp1492105854173\medicine_handbooks_religious_and_educational_treatises\fitzh-e1-h.psd	0/0/403
  C:\Users\Shoo\Dropbox\workspace\CorpusSearch_Auto\data\corporas\PPCEME\temp1492105854173\medicine_handbooks_religious_and_educational_treatises\fitzh-e1-p1.psd	0/0/397
  C:\Users\Shoo\Dropbox\workspace\CorpusSearch_Auto\data\corporas\PPCEME\temp1492105854173\medicine_handbooks_religious_and_educational_treatises\fitzh-e1-p2.psd	0/0/400
  C:\Users\Shoo\Dropbox\workspace\CorpusSearch_Auto\data\corporas\PPCEME\temp1492105854173\medicine_handbooks_religious_and_educational_treatises\gifford-e2-h.psd	0/0/503
  C:\Users\Shoo\Dropbox\workspace\CorpusSearch_Auto\data\corporas\PPCEME\temp1492105854173\medicine_handbooks_religious_and_educational_treatises\gifford-e2-p1.psd	0/0/386
  C:\Users\Shoo\Dropbox\workspace\CorpusSearch_Auto\data\corporas\PPCEME\temp1492105854173\medicine_handbooks_religious_and_educational_treatises\gifford-e2-p2.psd	0/0/379
  C:\Users\Shoo\Dropbox\workspace\CorpusSearch_Auto\data\corporas\PPCEME\temp1492105854173\medicine_handbooks_religious_and_educational_treatises\hoole-e3-h.psd	0/0/175
  C:\Users\Shoo\Dropbox\workspace\CorpusSearch_Auto\data\corporas\PPCEME\temp1492105854173\medicine_handbooks_religious_and_educational_treatises\hoole-e3-p1.psd	0/0/226
  C:\Users\Shoo\Dropbox\workspace\CorpusSearch_Auto\data\corporas\PPCEME\temp1492105854173\medicine_handbooks_religious_and_educational_treatises\hoole-e3-p2.psd	1/1/207
  C:\Users\Shoo\Dropbox\workspace\CorpusSearch_Auto\data\corporas\PPCEME\temp1492105854173\medicine_handbooks_religious_and_educational_treatises\jetaylormeas-e3-p1.psd	0/0/68
  C:\Users\Shoo\Dropbox\workspace\CorpusSearch_Auto\data\corporas\PPCEME\temp1492105854173\medicine_handbooks_religious_and_educational_treatises\jetaylormeas-e3-p2.psd	0/0/352
  C:\Users\Shoo\Dropbox\workspace\CorpusSearch_Auto\data\corporas\PPCEME\temp1492105854173\medicine_handbooks_religious_and_educational_treatises\langf-e3-h.psd	0/0/349
  C:\Users\Shoo\Dropbox\workspace\CorpusSearch_Auto\data\corporas\PPCEME\temp1492105854173\medicine_handbooks_religious_and_educational_treatises\langf-e3-p1.psd	0/0/305
  C:\Users\Shoo\Dropbox\workspace\CorpusSearch_Auto\data\corporas\PPCEME\temp1492105854173\medicine_handbooks_religious_and_educational_treatises\langf-e3-p2.psd	0/0/326
  C:\Users\Shoo\Dropbox\workspace\CorpusSearch_Auto\data\corporas\PPCEME\temp1492105854173\medicine_handbooks_religious_and_educational_treatises\locke-e3-h.psd	0/0/245
  C:\Users\Shoo\Dropbox\workspace\CorpusSearch_Auto\data\corporas\PPCEME\temp1492105854173\medicine_handbooks_religious_and_educational_treatises\locke-e3-p1.psd	0/0/301
  C:\Users\Shoo\Dropbox\workspace\CorpusSearch_Auto\data\corporas\PPCEME\temp1492105854173\medicine_handbooks_religious_and_educational_treatises\locke-e3-p2.psd	0/0/233
  C:\Users\Shoo\Dropbox\workspace\CorpusSearch_Auto\data\corporas\PPCEME\temp1492105854173\medicine_handbooks_religious_and_educational_treatises\markham-e2-h.psd	0/0/276
  C:\Users\Shoo\Dropbox\workspace\CorpusSearch_Auto\data\corporas\PPCEME\temp1492105854173\medicine_handbooks_religious_and_educational_treatises\markham-e2-p1.psd	0/0/262
  C:\Users\Shoo\Dropbox\workspace\CorpusSearch_Auto\data\corporas\PPCEME\temp1492105854173\medicine_handbooks_religious_and_educational_treatises\markham-e2-p2.psd	0/0/306
  C:\Users\Shoo\Dropbox\workspace\CorpusSearch_Auto\data\corporas\PPCEME\temp1492105854173\medicine_handbooks_religious_and_educational_treatises\turner-e1-h.psd	0/0/205
  C:\Users\Shoo\Dropbox\workspace\CorpusSearch_Auto\data\corporas\PPCEME\temp1492105854173\medicine_handbooks_religious_and_educational_treatises\turner-e1-p1.psd	0/0/248
  C:\Users\Shoo\Dropbox\workspace\CorpusSearch_Auto\data\corporas\PPCEME\temp1492105854173\medicine_handbooks_religious_and_educational_treatises\turner-e1-p2.psd	0/0/203
  C:\Users\Shoo\Dropbox\workspace\CorpusSearch_Auto\data\corporas\PPCEME\temp1492105854173\medicine_handbooks_religious_and_educational_treatises\turnerherb-e1-p2.psd	0/0/55
  C:\Users\Shoo\Dropbox\workspace\CorpusSearch_Auto\data\corporas\PPCEME\temp1492105854173\medicine_handbooks_religious_and_educational_treatises\vicary-e1-h.psd	0/0/363
  C:\Users\Shoo\Dropbox\workspace\CorpusSearch_Auto\data\corporas\PPCEME\temp1492105854173\medicine_handbooks_religious_and_educational_treatises\vicary-e1-p1.psd	0/0/378
  C:\Users\Shoo\Dropbox\workspace\CorpusSearch_Auto\data\corporas\PPCEME\temp1492105854173\medicine_handbooks_religious_and_educational_treatises\vicary-e1-p2.psd	0/0/358
  C:\Users\Shoo\Dropbox\workspace\CorpusSearch_Auto\data\corporas\PPCEME\temp1492105854173\medicine_handbooks_religious_and_educational_treatises\walton-e3-h.psd	0/0/357
  C:\Users\Shoo\Dropbox\workspace\CorpusSearch_Auto\data\corporas\PPCEME\temp1492105854173\medicine_handbooks_religious_and_educational_treatises\walton-e3-p1.psd	0/0/340
  C:\Users\Shoo\Dropbox\workspace\CorpusSearch_Auto\data\corporas\PPCEME\temp1492105854173\medicine_handbooks_religious_and_educational_treatises\walton-e3-p2.psd	0/0/336
whole search, hits/tokens/total
		4/3/12376
*/
