/*
PREFACE:  
Copyright 2010 Beth Randall
Date:  Thu Apr 13 18:47:39 BST 2017

command file:     data\searches\queries\YCOE\nouns.q
output file:      C:\Users\Shoo\Dropbox\workspace\CorpusSearch_Auto\data\output\13-04-2017 18.46.36.333 YCOE\nouns\travelogue\result.out

node:   N|NR|NX
query:  (N|NR|NX Dominates  !N|NR|NX) 
*/
/*
HEADER:
source file:  C:\Users\Shoo\Dropbox\workspace\CorpusSearch_Auto\data\corporas\YCOE\temp1492105600559\travelogue\coalex.o23.psd
*/

/~*
Her is seo $gesetenis Alexandres epistoles +t+as miclan kyninges & +t+as
m+aran Macedoniscan, +tone he wrat & sende to Aristotile his magistre be
gesetenisse Indie +t+are miclan +teode, & be +t+are widgalnisse his si+dfato &
his fora, +te he geond middangeard ferde.
(coalex,Alex:1.1.2)
*~/
/*
77 N:  77 N, 78 gesetenisse
80 NR:  80 NR, 81 Indie
*/
( (CODE <T23000000100,1.1>)
  (IP-MAT (ADVP-LOC (ADV^L Her))
	  (BEPI is)
	  (NP-NOM (D^N seo)
		  (N^N $gesetenis)
		  (NP-GEN (NP-GEN (NR^G Alexandres)
				  (NP-GEN-PRN *ICH*-1))
			  (N^G epistoles)
			  (NP-GEN-PRN-1 (NP-GEN (D^G +t+as) (Q^G miclan) (N^G kyninges))
					(CONJP (CONJ &)
					       (NP-GEN (D^G +t+as) (ADJ^G m+aran) (ADJ^G Macedoniscan))))
			  (, ,)
			  (CP-REL (WNP-ACC-2 (D^A +tone))
				  (C 0)
				  (IP-SUB (NP-ACC *T*-2)
					  (NP-NOM (PRO^N he))
					  (VBDI (VBDI wrat) (CONJ &) (VBD sende))
					  (PP (P to)
					      (NP-DAT (NR^D Aristotile)
						      (NP-DAT-PRN (PRO$ his) (N^D magistre))))
					  (PP (PP (P be)
						  (NP (N gesetenisse)
						      (NP-GEN (NR Indie)
							      (NP-GEN-PRN (D^G +t+are) (Q^G miclan) (N^G +teode)))))
					      (, ,)
					      (CONJP (CONJ &)
						     (PP (P be)
							 (NP-DAT (D^D +t+are)
								 (N^D widgalnisse)
								 (NP-GEN (NP-GEN (PRO$ his) (N^G si+dfato))
									 (CONJP (CONJ &)
										(NP-GEN (PRO$ his) (N^G fora)))
									 (, ,)
									 (CP-REL (WNP-3 0)
										 (C +te)
										 (IP-SUB (NP *T*-3)
											 (NP-NOM (PRO^N he))
											 (PP (P geond)
											     (NP-ACC (N^A middangeard)))
											 (VBD ferde))))))))))))
	  (. .))
  (ID coalex,Alex:1.1.2))

/~*
Cw+a+t he +tus sona +arest in fruman +t+as epistoles.
(coalex,Alex:1.4.3)
*~/
/*
22 N:  22 N, 23 fruman
*/

( (CODE <T23000000200,1.4>)
  (IP-MAT (VBDI Cw+a+t)
	  (NP-NOM (PRO^N he))
	  (ADVP (ADV +tus))
	  (ADVP-TMP (ADV^T sona))
	  (ADVP-TMP (ADVS^T +arest))
	  (PP (P in)
	      (NP (N fruman)
		  (NP-GEN (D^G +t+as) (N^G epistoles))))
	  (. .))
  (ID coalex,Alex:1.4.3))

/~*
Simle ic beo gemindig $+tin, ge efne betweoh tweondan $frecennisse ura
gefeohta, +tu min se leofesta lareow
(coalex,Alex:2.1.4)
*~/
/*
34 N:  34 N, 35 $frecennisse
*/

( (CODE <T23000000300,2.1>)
  (IP-MAT-SPE (ADVP-TMP (ADVP-TMP (ADV^T Simle))
			(CONJP *ICH*-1))
	      (NP-NOM (PRO^N ic))
	      (BEP beo)
	      (ADJP-NOM-PRD (ADJ^N gemindig)
			    (NP-GEN (PRO^G $+tin)))
	      (, ,)
	      (CONJP-1 (CONJ ge)
		       (ADV efne)
		       (PP (P betweoh)
			   (NP (VAG tweondan)
			       (N $frecennisse)
			       (NP-GEN (PRO$^G ura) (N^G gefeohta)))))
	      (, ,)
	      (NP-NOM-VOC (PRO^N +tu)
			  (NP-NOM-PRN (PRO$^N min) (D^N se) (ADJS^N leofesta) (N^N lareow))))
  (ID coalex,Alex:2.1.4))

/~*
Ond for +ton +te ic +te wiste wel getydne in wisdome, +ta ge+tohte ic for +ton
to +te to writanne be +t+am +teodlonde Indie & be heofenes gesetenissum & be
+t+am unarimdum cynnum n+adrena & monna & wildeora, to +ton +t+at hw+athwygo
to +t+are ongietenisse +tissa $niura +tinga +tin gelis & $gleawnis $to
ge+teode.
(coalex,Alex:2.3.6)
*~/
/*
73 NR:  73 NR, 74 Indie
*/

( (CODE <T23000000400,2.3>)
  (IP-MAT-SPE (CONJ Ond)
	      (CP-ADV-SPE (P for)
			  (D^I +ton)
			  (C +te)
			  (IP-SUB-SPE (NP-NOM (PRO^N ic))
				      (NP-ACC-1 (PRO^A +te))
				      (VBD wiste)
				      (IP-SMC-SPE (NP-ACC-SBJ *ICH*-1)
						  (ADJP-ACC-PRD (ADV wel) (ADJ^A getydne))
						  (PP (P in)
						      (NP-DAT (N^D wisdome))))))
	      (, ,)
	      (ADVP-TMP (ADV^T +ta))
	      (VBD ge+tohte)
	      (NP-NOM (PRO^N ic))
	      (PP (P for)
		  (NP-DAT (D^I +ton)))
	      (IP-INF-SPE (PP (P to)
			      (NP (PRO +te)))
			  (TO to)
			  (VB^D writanne)
			  (PP (PP (P be)
				  (NP-DAT (D^D +t+am)
					  (N^D +teodlonde)
					  (NP-PRN (NR Indie))))
			      (CONJP (CONJ &)
				     (PP (P be)
					 (NP-DAT (NP-GEN (N^G heofenes))
						 (N^D gesetenissum))))
			      (CONJP (CONJ &)
				     (PP (P be)
					 (NP-DAT (D^D +t+am)
						 (ADJ^D unarimdum)
						 (N^D cynnum)
						 (NP-GEN (N^G n+adrena) (CONJ &) (N^G monna) (CONJ &) (N^G wildeora)))))))
	      (, ,)
	      (CP-ADV-SPE (P to)
			  (D^I +ton)
			  (C +t+at)
			  (IP-SUB-SPE (QP-ADT (Q hw+athwygo))
				      (PP (P to)
					  (NP-DAT (D^D +t+are)
						  (N^D ongietenisse)
						  (NP-GEN (D^G +tissa) (ADJ^G $niura) (N^G +tinga))))
				      (NP-NOM (PRO$^N +tin)
					      (N^N gelis)
					      (CONJP (CONJ &)
						     (NX-NOM (N^N $gleawnis))))
				      (RP $to)
				      (VBD ge+teode)))
	      (. .))
  (ID coalex,Alex:2.3.6))

/~*
+Teoh to +te seo gefylde gleawnis & snyttro $& naniges fultumes $ab+ade+d sio
lar +t+as rihtes hw+a+tere ic wolde +t+at +tu mine d+ade ongeate, +ta +tu
lufast & +ta +ting +te ungesewene mid +te siond, +ta ic in Indie geseah +turh
monigfeald gewin & +turh micle frecennisse mid Greca herige.
(coalex,Alex:2.6.7)
*~/
/*
138 NR:  138 NR, 139 Indie
*/

( (CODE <T23000000500,2.6>)
  (IP-MAT-SPE (CP-ADV-SPE (P +Teoh)
			  (C 0)
			  (IP-SUB-SPE (IP-SUB-SPE (PP (P to)
						      (NP (PRO +te)))
						  (BEPS seo)
						  (VBN^N gefylde)
						  (NP-NOM (N^N gleawnis) (CONJ &) (N^N snyttro)))
				      (CONJP (CONJ $&)
					     (IP-SUB-CON-SPE (NP-GEN (NEG+Q^G naniges) (N^G fultumes))
							     (VBPI $ab+ade+d)
							     (NP-NOM (D^N sio)
								     (N^N lar)
								     (NP-GEN (D^G +t+as) (N^G rihtes)))))))
	      (ADVP (ADV hw+a+tere))
	      (NP-NOM (PRO^N ic))
	      (MDD wolde)
	      (CP-THT-SPE (C +t+at)
			  (IP-SUB-SPE (NP-NOM (PRO^N +tu))
				      (NP-ACC (NP-ACC (PRO$^A mine)
						      (N^A d+ade)
						      (CP-REL-SPE *ICH*-1))
					      (CONJP *ICH*-3))
				      (VBD ongeate)
				      (, ,)
				      (CP-REL-SPE-1 (WNP-ACC-2 (NP-ACC (D^A +ta)))
						    (C 0)
						    (IP-SUB-SPE (NP-ACC *T*-2)
								(NP-NOM (PRO^N +tu))
								(VBPI lufast)))
				      (CONJP-3 (CONJ &)
					       (NP-ACC (D^A +ta)
						       (N^A +ting)
						       (CP-REL-SPE (WNP-NOM-4 0)
								   (C +te)
								   (IP-SUB-SPE (NP-NOM *T*-4)
									       (ADJP-NOM-PRD (ADJ^N ungesewene))
									       (PP (P mid)
										   (NP (PRO +te)))
									       (BEPI siond)))
						       (, ,)
						       (CP-REL-SPE (WNP-ACC-5 (D^A +ta))
								   (C 0)
								   (IP-SUB-SPE (NP-ACC *T*-5)
									       (NP-NOM (PRO^N ic))
									       (PP (P in)
										   (NP (NR Indie)))
									       (VBDI geseah)
									       (PP (PP (P +turh)
										       (NP-ACC (ADJ^A monigfeald) (N^A gewin)))
										   (CONJP (CONJ &)
											  (PP (P +turh)
											      (NP-ACC (Q^A micle) (N^A frecennisse)))))
									       (PP (P mid)
										   (NP-DAT (NP-GEN (NR^G Greca))
											   (N^D herige)))))))))
	      (. .))
  (ID coalex,Alex:2.6.7))

/~*
Ac +ta +ding +te me nu in gemynd cuma+d +arest +ta ic +te write, +ty l+as on
me m+age idel spellung o+t+te scondlic leasung beon gest+aled.
(coalex,Alex:4.1.14)
*~/
/*
9 N:  9 N, 10 +ding
*/

( (CODE <T23000001000,4.1>)
  (IP-MAT-SPE (CONJ Ac)
	      (NP-LFD (D +ta)
		      (N +ding)
		      (CP-REL-SPE (WNP-NOM-1 0)
				  (C +te)
				  (IP-SUB-SPE (NP-NOM *T*-1)
					      (NP (PRO me))
					      (ADVP-TMP (ADV^T nu))
					      (PP (P in)
						  (NP-ACC (N^A gemynd)))
					      (VBPI cuma+d))))
	      (ADVP-TMP (ADVS^T +arest))
	      (NP-ACC-RSP (D^A +ta))
	      (NP-NOM (PRO^N ic))
	      (NP (PRO +te))
	      (VBP write)
	      (, ,)
	      (CP-ADV-SPE (D^I +ty)
			  (P l+as)
			  (C 0)
			  (IP-SUB-SPE (PP (P on)
					  (NP (PRO me)))
				      (MDPS m+age)
				      (NP-NOM (NP-NOM (ADJ^N idel) (N^N spellung))
					      (CONJP (CONJ o+t+te)
						     (NP-NOM (ADJ^N scondlic) (N^N leasung))))
				      (BE beon)
				      (VBN gest+aled)))
	      (. .))
  (ID coalex,Alex:4.1.14))

/~*
Ic +d+as +toncunge do Greca herige & swy+dost +t+am m+agene +t+are iugu+te &
+t+am unforswy+tdum urum weorode, for +ton on ie+tum +tingum hie me mid w+aron
& on +t+am earfe+dum no from bugon.
(coalex,Alex:5.1.19)
*~/
/*
11 N:  11 N, 12 +toncunge
*/

( (CODE <T23000001500,5.1>)
  (IP-MAT-SPE-0 (NP-NOM (PRO^N Ic))
		(NP (NP-GEN (D^G +d+as))
		    (N +toncunge))
		(VBP do)
		(NP-DAT (NP-GEN (NR^G Greca))
			(N^D herige))
		(IPX-MAT-PRN-SPE=0 (CONJ &)
				   (ADVP (ADVS swy+dost))
				   (NP-DAT (NP-DAT (D^D +t+am)
						   (N^D m+agene)
						   (NP-GEN (D^G +t+are) (N^G iugu+te)))
					   (CONJP (CONJ &)
						  (NP-DAT (D^D +t+am) (ADJ^D unforswy+tdum) (PRO$^D urum) (N^D weorode)))))
		(, ,)
		(CP-ADV-SPE (P for)
			    (D^I +ton)
			    (C 0)
			    (IP-SUB-SPE (IP-SUB-SPE (PP (P on)
							(NP-DAT (ADJ^D ie+tum) (N^D +tingum)))
						    (NP-NOM (PRO^N hie))
						    (PP (NP (PRO me))
							(P mid))
						    (BEDI w+aron))
					(CONJP (CONJ &)
					       (IP-SUB-CON-SPE (NP-NOM *con*)
							       (PP (P on)
								   (NP-DAT (D^D +t+am) (N^D earfe+dum)))
							       (ADVP (NEG+ADV no))
							       (RPX from)
							       (VBDI bugon)))))
		(. .))
  (ID coalex,Alex:5.1.19))

/~*
Ond nu +tas niwan spel ic +te ealle in cartan awrite.
(coalex,Alex:6.4.26)
*~/
/*
29 N:  29 N, 30 cartan
*/

( (CODE <T23000002200,6.4>)
  (IP-MAT-SPE (CONJ Ond)
	      (ADVP-TMP (ADV^T nu))
	      (NP-ACC (D^A +tas) (ADJ^A niwan) (N^A spel))
	      (NP-NOM (PRO^N ic))
	      (NP (PRO +te))
	      (QP-ACC (Q^A ealle))
	      (PP (P in)
		  (NP (N cartan)))
	      (VBP awrite)
	      (. .))
  (ID coalex,Alex:6.4.26))

/~*
On Maius +t+am mon+te Persea se kyning Dariun +at Gande +t+are ea we hine
oforcwomon & oferswy+ddon
(coalex,Alex:7.1.28)
*~/
/*
30 NR:  30 NR, 31 Gande
*/

( (CODE <T23000002400,7.1>)
  (IP-MAT-SPE (PP (P On)
		  (NP-DAT (NP-GEN (NR^G Maius))
			  (D^D +t+am)
			  (N^D mon+te)))
	      (NP-NOM-LFD (NP-GEN (NR^G Persea))
			  (D^N se)
			  (N^N kyning)
			  (NP-NOM-PRN (NR^N Dariun)))
	      (PP (P +at)
		  (NP-DAT (NR Gande)
			  (NP-DAT-PRN (D^D +t+are) (N^D ea))))
	      (NP-NOM (PRO^N we))
	      (NP-ACC-RSP (PRO^A hine))
	      (VBDI (RP+VBDI oforcwomon) (CONJ &) (RP+VBDI oferswy+ddon)))
  (ID coalex,Alex:7.1.28))

/~*
Ond we +t+ar settan & geendebyrdedon ure gerefan +t+am east+teodum
(coalex,Alex:7.2.30)
*~/
/*
22 N:  22 N, 23 gerefan
*/

( (CODE <T23000002500,7.2>)
  (IP-MAT-SPE (CONJ Ond)
	      (NP-NOM (PRO^N we))
	      (ADVP-LOC (ADV^L +t+ar))
	      (VBDI (VBDI settan) (CONJ &) (VBDI geendebyrdedon))
	      (NP (PRO$ ure) (N gerefan))
	      (NP-DAT (D^D +t+am) (N^D east+teodum)))
  (ID coalex,Alex:7.2.30))

/~*
On Iulius mon+de on +t+am ytemestum dagum +t+as mon+des we cwomon in Indie
lond in Fasiacen +ta stowe.
(coalex,Alex:8.1.34)
*~/
/*
38 NR:  38 NR, 39 Indie
46 NR:  46 NR, 47 Fasiacen
*/

( (CODE <T23000002700,8.1>)
  (IP-MAT-SPE (PP (P On)
		  (NP-DAT (NP-GEN (NR^G Iulius))
			  (N^D mon+de)))
	      (PP (P on)
		  (NP-DAT (D^D +t+am)
			  (ADJS^D ytemestum)
			  (N^D dagum)
			  (NP-GEN (D^G +t+as) (N^G mon+des))))
	      (NP-NOM (PRO^N we))
	      (VBDI cwomon)
	      (PP (P in)
		  (NP-ACC (NP-GEN (NR Indie))
			  (N^A lond)))
	      (PP (P in)
		  (NP-ACC (NR Fasiacen)
			  (NP-ACC-PRN (D^A +ta) (N^A stowe))))
	      (. .))
  (ID coalex,Alex:8.1.34))

/~*
Si+d+tan ic +ta me h+afde +tas +ting eall be gewealdum, +ta wilnode ic Indeum
innanwearde to geseonne.
(coalex,Alex:9.1.61)
*~/
/*
47 NR:  47 NR, 48 Indeum
*/

( (CODE <T23000004400,9.1>)
  (IP-MAT-SPE (CP-ADV-SPE (P Si+d+tan)
			  (C 0)
			  (IP-SUB-SPE (NP-NOM (PRO^N ic))
				      (ADVP-TMP (ADV^T +ta))
				      (NP-RFL-ADT (PRO me))
				      (HVD h+afde)
				      (NP-ACC (D^A +tas) (N^A +ting))
				      (QP (Q eall))
				      (PP (P be)
					  (NP-DAT (N^D gewealdum)))))
	      (, ,)
	      (ADVP-TMP (ADV^T +ta))
	      (VBD wilnode)
	      (NP-NOM (PRO^N ic))
	      (IP-INF-SPE (NP-ACC (NR Indeum) (ADJ^A innanwearde))
			  (TO to)
			  (VB^D geseonne))
	      (. .))
  (ID coalex,Alex:9.1.61))

/~*
+Da becwom ic on Caspiam +t+at lond mid ealle mine herige.
(coalex,Alex:9.2.62)
*~/
/*
16 NR:  16 NR, 17 Caspiam
*/

( (CODE <T23000004500,9.2>)
  (IP-MAT-SPE (ADVP-TMP (ADV^T +Da))
	      (VBDI becwom)
	      (NP-NOM (PRO^N ic))
	      (PP (P on)
		  (NP-ACC (NR Caspiam)
			  (NP-ACC-PRN (D^A +t+at) (N^A lond))))
	      (PP (P mid)
		  (NP-DAT (Q^I ealle) (PRO$^I mine) (N^D herige)))
	      (. .))
  (ID coalex,Alex:9.2.62))

/~*
& ic mede gehet +t+am us cu+tlice gel+addon +turh +ta uncu+dan land Indie &
mec wolde mid mine herige onsund gel+adon in Patriacen +t+at lond.
(coalex,Alex:10.3.72)
*~/
/*
10 N:  10 N, 11 mede
45 NR:  45 NR, 46 Indie
75 NR:  75 NR, 76 Patriacen
*/

( (CODE <T23000005300,10.3>)
  (IP-MAT-SPE (CONJ &)
	      (NP-NOM (PRO^N ic))
	      (NP (N mede))
	      (VBDI gehet)
	      (NP-DAT (D^D +t+am)
		      (CP-REL-SPE (WNP-NOM-1 0)
				  (C 0)
				  (IP-SUB-SPE (IP-SUB-SPE (NP-NOM *T*-1)
							  (NP (PRO us))
							  (ADVP (ADV cu+tlice))
							  (VBDI gel+addon)
							  (PP (P +turh)
							      (NP-ACC (D^A +ta)
								      (ADJ^A uncu+dan)
								      (N^A land)
								      (NP-PRN (NR Indie)))))
					      (CONJP (CONJ &)
						     (IP-SUB-CON-SPE (NP-NOM *T*-1)
								     (NP-ACC (PRO^A mec))
								     (MDD wolde)
								     (PP (P mid)
									 (NP-DAT (PRO$^I mine) (N^D herige)))
								     (ADJP-ACC (ADJ^A onsund))
								     (VB gel+adon)
								     (PP (P in)
									 (NP-ACC (NR Patriacen)
										 (NP-ACC-PRN (D^A +t+at) (N^A lond)))))))))
	      (. .))
  (ID coalex,Alex:10.3.72))

/~*
& swi+dast ic wilnade +t+at hie me gel+addon to +t+am dioglum godwebwyrhtum,
+da +tonne wunderlice of $sumum treowcynne & of his leafum & of his flyse,
+t+as treowes spunnon & swa eac to godewebbe w+afon & worhtan.
(coalex,Alex:10.5.73)
*~/
/*
86 N:  86 N, 87 flyse
*/

( (CODE <T23000005400,10.5>)
  (IP-MAT-SPE (CONJ &)
	      (ADVP (ADVS swi+dast))
	      (NP-NOM (PRO^N ic))
	      (VBD wilnade)
	      (CP-THT-SPE (C +t+at)
			  (IP-SUB-SPE (NP-NOM (PRO^N hie))
				      (NP (PRO me))
				      (VBDI gel+addon)
				      (PP (P to)
					  (NP-DAT (D^D +t+am)
						  (ADJ^D dioglum)
						  (N^D godwebwyrhtum)
						  (, ,)
						  (CP-REL-SPE (WNP-NOM-1 (D^N +da))
							      (C 0)
							      (IP-SUB-SPE (IP-SUB-SPE (NP-NOM *T*-1)
										      (ADVP-TMP (ADV^T +tonne))
										      (ADVP (ADV wunderlice))
										      (PP (PP (P of)
											      (NP-DAT (Q^D $sumum) (N^D treowcynne)))
											  (CONJP (CONJ &)
												 (PP (P of)
												     (NP-DAT (PRO$ his) (N^D leafum))))
											  (CONJP (CONJ &)
												 (PP (P of)
												     (NP (NP-GEN (PRO^G his)
														 (NP-GEN-PRN *ICH*-2))
													 (N flyse)
													 (, ,)
													 (NP-GEN-PRN-2 (D^G +t+as) (N^G treowes))))))
										      (VBDI spunnon))
									  (CONJP (CONJ &)
										 (IP-SUB-CON-SPE (NP-NOM *T*-1)
												 (ADVP (ADV swa))
												 (ADVP (ADV eac))
												 (PP (P to)
												     (NP-DAT (N^D godewebbe)))
												 (VBDI (VBDI w+afon) (CONJ &) (VBDI worhtan))))))))))
	      (. .))
  (ID coalex,Alex:10.5.73))

/~*
Ac hie +ta londliode tiolodon ma ussa feonda willan to gefremmanne +tonne urne,
for +ton +te hie us gel+addon +turh +ta lond +te +ta unarefnedlican cyn
n+adrena & hrifra wildeora in w+aron.
(coalex,Alex:10.7.74)
*~/
/*
28 N:  28 N, 29 willan
*/

( (CODE <T23000005500,10.7>)
  (IP-MAT-SPE (CONJ Ac)
	      (NP-NOM (PRO^N hie)
		      (NP-NOM-PRN (D^N +ta) (N^N londliode)))
	      (VBDI tiolodon)
	      (QP-ADT (QR ma)
		      (PP *ICH*-1))
	      (IP-INF-SPE (NP (NP-GEN (PRO$^G ussa) (N^G feonda))
			      (N willan))
			  (TO to)
			  (VB^D gefremmanne))
	      (PP-1 (P +tonne)
		    (CPX-CMP-SPE (IPX-SUB-SPE (NP-ACC (PRO$^A urne)))))
	      (, ,)
	      (CP-ADV-SPE (P for)
			  (D^I +ton)
			  (C +te)
			  (IP-SUB-SPE (NP-NOM (PRO^N hie))
				      (NP (PRO us))
				      (VBDI gel+addon)
				      (PP (P +turh)
					  (NP-ACC (D^A +ta)
						  (N^A lond)
						  (CP-REL-SPE (WNP-2 0)
							      (C +te)
							      (IP-SUB-SPE (NP-NOM (D^N +ta)
										  (ADJ^N unarefnedlican)
										  (N^N cyn)
										  (NP-GEN (NP-GEN (N^G n+adrena))
											  (CONJP (CONJ &)
												 (NP-GEN (ADJ^G hrifra) (N^G wildeora)))))
									  (PP (NP *T*-2)
									      (P in))
									  (BEDI w+aron)))))))
	      (. .))
  (ID coalex,Alex:10.7.74))

/~*
Swelce eac heora w+apena noht lytel byr+den w+as for +ton eal heora w+apenu
+t+ara minra +tegna & ealles mines weoredes & heriges ic $het hie mid gyldenum
+telum bewyrcean.
(coalex,Alex:11.2.81)
*~/
/*
44 N:  44 N, 45 w+apenu
*/

( (CODE <T23000006200,11.2>)
  (IP-MAT-SPE (ADVP (ADV Swelce))
	      (ADVP (ADV eac))
	      (NP-GEN-3 (PRO$ heora) (N^G w+apena))
	      (QP-ADT (NEG+Q noht))
	      (QP-NOM-PRD (Q^N lytel))
	      (NP-NOM (NP-GEN *ICH*-3)
		      (N^N byr+den))
	      (BEDI w+as)
	      (CP-ADV-SPE (P for)
			  (D^I +ton)
			  (C 0)
			  (IP-SUB-SPE (NP-LFD-1 (Q eal)
						(NP-GEN (PRO^G heora)
							(NP-GEN-PRN *ICH*-2))
						(N w+apenu)
						(NP-GEN-PRN-2 (NP-GEN (D^G +t+ara) (PRO$^G minra) (N^G +tegna))
							      (CONJP (CONJ &)
								     (NP-GEN (Q^G ealles)
									     (PRO$^G mines)
									     (N^G weoredes)
									     (CONJP (CONJ &)
										    (NX-GEN (N^G heriges)))))))
				      (NP-NOM (PRO^N ic))
				      (VBDI $het)
				      (IP-INF-SPE (NP-LFD *ICH*-1)
						  (NP-ACC-RSP (PRO^A hie))
						  (PP (P mid)
						      (NP-DAT (ADJ^D gyldenum) (ADJ^D +telum)))
						  (VB bewyrcean))))
	      (. .))
  (ID coalex,Alex:11.2.81))

/~*
Ond swa micel wundor & w+afersien w+as +t+as mines weoredes on f+agernisse
ofer ealle o+tre +teodkyningas +te in middangearde w+aron.
(coalex,Alex:11.7.85)
*~/
/*
35 N:  35 N, 36 f+agernisse
*/

( (CODE <T23000006500,11.7>)
  (IP-MAT-SPE (CONJ Ond)
	      (NP-NOM (QP-NOM (ADV swa) (Q^N micel))
		      (N^N wundor)
		      (CONJP (CONJ &)
			     (NX-NOM (N^N w+afersien)))
		      (NP-GEN *ICH*-2))
	      (BEDI w+as)
	      (NP-GEN-2 (D^G +t+as) (PRO$^G mines) (N^G weoredes))
	      (PP (P on)
		  (NP (N f+agernisse)))
	      (PP (P ofer)
		  (NP-ACC (Q^A ealle)
			  (ADJ^A o+tre)
			  (N^A +teodkyningas)
			  (CP-REL-SPE (WNP-NOM-1 0)
				      (C +te)
				      (IP-SUB-SPE (NP-NOM *T*-1)
						  (PP (P in)
						      (NP-DAT (N^D middangearde)))
						  (BEDI w+aron)))))
	      (. .))
  (ID coalex,Alex:11.7.85))

/~*
+ta w+as ic hw+athwugo in gefean in minum mode ahafen.
(coalex,Alex:11.8.87)
*~/
/*
17 N:  17 N, 18 gefean
*/

( (IP-MAT-SPE (ADVP-TMP (ADV^T +ta))
	      (BEDI w+as)
	      (NP-NOM (PRO^N ic))
	      (QP-ADT (Q hw+athwugo))
	      (PP (P in)
		  (NP (N gefean)))
	      (PP (P in)
		  (NP-DAT (PRO$^D minum) (N^D mode)))
	      (VBN ahafen)
	      (. .))
  (ID coalex,Alex:11.8.87))

/~*
& hit +ta beforan heora ealra onsyne ni+der ageat, +ty l+as ic drunce & +tone
minne +tegn +tyrste & minne here & ealne +te mid me w+as.
(coalex,Alex:12.6.97)
*~/
/*
21 N:  21 N, 22 onsyne
*/

( (IP-MAT-SPE (CONJ &)
	      (NP-NOM *con*)
	      (NP-ACC (PRO^A hit))
	      (ADVP-TMP (ADV^T +ta))
	      (PP (P beforan)
		  (NP (NP-GEN (PRO^G heora) (Q^G ealra))
		      (N onsyne)))
	      (RP ni+der)
	      (VBDI ageat)
	      (, ,)
	      (CP-ADV-SPE (D^I +ty)
			  (P l+as)
			  (C 0)
			  (IP-SUB-SPE (IP-SUB-SPE (NP-NOM (PRO^N ic))
						  (VBDS drunce))
				      (CONJP (CONJ &)
					     (IP-SUB-CON-SPE (NP-NOM *exp*)
							     (NP-ACC (NP-ACC (D^A +tone)
									     (PRO$^A minne)
									     (N^A +tegn)
									     (CONJP *ICH*-1))
								     (CONJP *ICH*-3))
							     (VBD +tyrste)
							     (CONJP-1 (CONJ &)
								      (NX-ACC (NP-ACC (PRO$^A minne) (N^A here))))
							     (CONJP-3 (CONJ &)
								      (NP-ACC (Q^A ealne)
									      (CP-REL-SPE (WNP-NOM-2 0)
											  (C +te)
											  (IP-SUB-SPE (NP-NOM *T*-2)
												      (PP (P mid)
													  (NP (PRO me)))
												      (BEDI w+as)))))))))
	      (. .))
  (ID coalex,Alex:12.6.97))

/~*
Ond ic +ta beforan him eallum herede Seferes d+ade +t+as mines +tegnes,
(coalex,Alex:12.9.98)
*~/
/*
28 N:  28 N, 29 d+ade
*/

( (CODE <T23000007100,12.9>)
  (IP-MAT-SPE (CONJ Ond)
	      (NP-NOM (PRO^N ic))
	      (ADVP-TMP (ADV^T +ta))
	      (PP (P beforan)
		  (NP-DAT (PRO^D him) (Q^D eallum)))
	      (VBD herede)
	      (NP (NP-GEN (NR^G Seferes)
			  (NP-GEN-PRN *ICH*-1))
		  (N d+ade)
		  (NP-GEN-PRN-1 (D^G +t+as) (PRO$^G mines) (N^G +tegnes)))
	      (. ,))
  (ID coalex,Alex:12.9.98))

/~*
& hine beforan hiora ealra onsione mid deorweor+dum gyfum gegeafede for +d+are
d+ade.
(coalex,Alex:12.9.99)
*~/
/*
18 N:  18 N, 19 onsione
*/

( (IP-MAT-SPE (CONJ &)
	      (NP-NOM *con*)
	      (NP-ACC (PRO^A hine))
	      (PP (P beforan)
		  (NP (NP-GEN (PRO^G hiora) (Q^G ealra))
		      (N onsione)))
	      (PP (P mid)
		  (NP-DAT (ADJ^D deorweor+dum) (ADJ^D gyfum)))
	      (VBD gegeafede)
	      (PP (P for)
		  (NP-DAT (D^D +d+are) (N^D d+ade)))
	      (. .))
  (ID coalex,Alex:12.9.99))

/~*
+Tonne w+as +tridde healf +tusend mula +de +ta seamas w+agon, & XXX +tusenda
ealfarena & oxna +ta +de hw+ate b+aron, twa +tusenda olfenda, fif hund hry+dra
+tara +te mon d+aghwamlice to mete dyde.
(coalex,Alex:13.10.111)
*~/
/*
65 N:  65 N, 66 hw+ate
114 N:  114 N, 115 mete
*/

( (CODE <T23000008000,13.10>)
  (IP-MAT-SPE (ADVP-TMP (ADV^T +Tonne))
	      (BEDI w+as)
	      (NP-NOM (NP-NOM (NP-NOM (NUMP-NOM (ADJ^N +tridde) (NUM^N healf) (NUM +tusend))
				      (NP-GEN (N^G mula))
				      (CP-REL-SPE (WNP-NOM-1 0)
						  (C +de)
						  (IP-SUB-SPE (NP-NOM *T*-1)
							      (NP-ACC (D^A +ta) (N^A seamas))
							      (VBDI w+agon))))
			      (, ,)
			      (CONJP (CONJ &)
				     (NP-NOM (NUMP-NOM (NUM XXX) (NUM^N +tusenda))
					     (NP-GEN (N^G ealfarena) (CONJ &) (N^G oxna))
					     (CP-REL-SPE (WNP-NOM-2 (D^N +ta))
							 (C +de)
							 (IP-SUB-SPE (NP-NOM *T*-2)
								     (NP (N hw+ate))
								     (VBDI b+aron))))))
		      (, ,)
		      (CONJP (NP-NOM (NUMP-NOM (NUM twa) (NUM^N +tusenda))
				     (NP-GEN (N^G olfenda))))
		      (, ,)
		      (CONJP (NP-NOM (NUMP (NUM fif) (NUM hund))
				     (NP-GEN (N^G hry+dra)
					     (NP-GEN-PRN (D^G +tara)
							 (CP-REL-SPE (WNP-3 0)
								     (C +te)
								     (IP-SUB-SPE (NP *T*-3)
										 (NP-NOM (MAN^N mon))
										 (ADVP-TMP (ADV^T d+aghwamlice))
										 (PP (P to)
										     (NP (N mete)))
										 (VBD dyde))))))))
	      (. .))
  (ID coalex,Alex:13.10.111))

/~*
hwilum hie ele byrgdon
(coalex,Alex:13.15.116)
*~/
/*
9 N:  9 N, 10 ele
*/

( (IP-MAT-SPE (ADVP-TMP (ADV^T hwilum))
	      (NP-NOM (PRO^N hie))
	      (NP (N ele))
	      (VBDI byrgdon))
  (ID coalex,Alex:13.15.116))

/~*
Sume men +donne of hiora scome +ta w+atan for +t+am nyde +tigdon.
(coalex,Alex:13.16.118)
*~/
/*
18 N:  18 N, 19 scome
*/

( (CODE <T23000008400,13.16>)
  (IP-MAT-SPE (NP-NOM (Q^N Sume) (N^N men))
	      (ADVP-TMP (ADV^T +donne))
	      (PP (P of)
		  (NP (PRO$ hiora) (N scome)))
	      (NP-ACC (D^A +ta) (N^A w+atan))
	      (PP (P for)
		  (NP-DAT (D^D +t+am) (N^D nyde)))
	      (VBDI +tigdon)
	      (. .))
  (ID coalex,Alex:13.16.118))

/~*
& +t+at eac f+astlice bebead +d+at se mon se ne w+are mid his w+apnum +after
fyrdwison gegered, +t+at hine mon scolde mid w+apnum acwellan.
(coalex,Alex:14.2.121)
*~/
/*
53 N:  53 N, 54 fyrdwison
*/

( (IP-MAT-SPE (CONJ &)
	      (NP-NOM *con*)
	      (NP-ACC (D^A +t+at)
		      (CP-THT-PRN-SPE *ICH*-1))
	      (ADVP (ADV eac))
	      (ADVP (ADV f+astlice))
	      (VBDI bebead)
	      (CP-THT-PRN-SPE-1 (C +d+at)
				(CP-THT-SPE (NP-NOM-LFD-3 (D^N se)
							  (N^N mon)
							  (CP-REL-SPE (WNP-NOM-2 (D^N se))
								      (C 0)
								      (IP-SUB-SPE (NP-NOM *T*-2)
										  (NEG ne)
										  (BEDS w+are)
										  (PP (P mid)
										      (NP-DAT (PRO$ his) (N^D w+apnum)))
										  (PP (P +after)
										      (NP (N fyrdwison)))
										  (VBN gegered))))
					    (, ,)
					    (C +t+at)
					    (IP-SUB-SPE (NP-NOM-LFD *ICH*-3)
							(NP-ACC-RSP (PRO^A hine))
							(NP-NOM (MAN^N mon))
							(MDD scolde)
							(PP (P mid)
							    (NP-DAT (N^D w+apnum)))
							(VB acwellan))))
	      (. .))
  (ID coalex,Alex:14.2.121))

/~*
+da wilnade ic +tara monna onsyne to geseonne, +t+at hie us fersc w+ater &
swete get+ahton.
(coalex,Alex:15.5.132)
*~/
/*
17 N:  17 N, 18 onsyne
*/

( (IP-MAT-SPE (ADVP-TMP (ADV^T +da))
	      (VBD wilnade)
	      (NP-NOM (PRO^N ic))
	      (IP-INF-SPE (NP (NP-GEN (D^G +tara) (N^G monna))
			      (N onsyne))
			  (TO to)
			  (VB^D geseonne))
	      (, ,)
	      (CP-ADV-SPE (C +t+at)
			  (IP-SUB-SPE (NP-NOM (PRO^N hie))
				      (NP (PRO us))
				      (NP-ACC (ADJP-ACC (ADJ^A fersc)
							(CONJP *ICH*-1))
					      (N^A w+ater)
					      (CONJP-1 (CONJ &) (ADJ^A swete)))
				      (VBDI get+ahton)))
	      (. .))
  (ID coalex,Alex:15.5.132))

/~*
+T+at w+as +tonne nicra mengeo on onsione maran & unhyrlicran +tonne +da
elpendas
(coalex,Alex:15.13.140)
*~/
/*
24 N:  24 N, 25 onsione
*/

( (CODE <T23000009900,15.13>)
  (IP-MAT-SPE (NP-NOM (D^N +T+at))
	      (BEDI w+as)
	      (ADVP-TMP (ADV^T +tonne))
	      (NP-NOM-PRD (NP-GEN (N^G nicra))
			  (N^N mengeo)
			  (ADJP-NOM (QP-NOM (PP (P on)
						(NP (N onsione)))
					    (QR^N maran))
				    (CONJP (CONJ &)
					   (ADJP-NOM (ADJR^N unhyrlicran)))
				    (PP (P +tonne)
					(CP-CMP-SPE (WADJP-1 0)
						    (C 0)
						    (IPX-SUB-SPE=0 (ADJP-PRD *T*-1)
								   (NP-NOM (D^N +da) (N^N elpendas))))))))
  (ID coalex,Alex:15.13.140))

/~*
& s+adon hw+ar we hit findan mehton in hiora gereorde
(coalex,Alex:16.3.154)
*~/
/*
33 N:  33 N, 34 gereorde
*/

( (IP-MAT-SPE (CONJ &)
	      (NP-NOM *con*)
	      (VBDI s+adon)
	      (CP-QUE-SPE (WADVP-LOC-1 (WADV^L hw+ar))
			  (C 0)
			  (IP-SUB-SPE (ADVP-LOC *T*-1)
				      (NP-NOM (PRO^N we))
				      (NP-ACC (PRO^A hit))
				      (VB findan)
				      (MDDI mehton)))
	      (PP (P in)
		  (NP (PRO$ hiora) (N gereorde))))
  (ID coalex,Alex:16.3.154))

/~*
+Ta w+as he eall mid wudu beweaxen mile br+ado,
(coalex,Alex:16.11.160)
*~/
/*
19 N:  19 N, 20 wudu
24 N:  24 N, 25 mile
27 N:  27 N, 28 br+ado
*/

( (CODE <T23000010900,16.11>)
  (IP-MAT-SPE (ADVP-TMP (ADV^T +Ta))
	      (BEDI w+as)
	      (NP-NOM (PRO^N he))
	      (QP (Q eall))
	      (PP (P mid)
		  (NP (N wudu)))
	      (VBN beweaxen)
	      (NP-ADT (N mile)
		      (NP (N br+ado)))
	      (. ,))
  (ID coalex,Alex:16.11.160))

/~*
W+as seo wicstow +da on lengo XXes furlonga long, & swa eac in br+ado.
(coalex,Alex:16.15.167)
*~/
/*
19 N:  19 N, 20 lengo
46 N:  46 N, 47 br+ado
*/

( (CODE <T23000011100,16.15>)
  (IP-MAT-SPE (IP-MAT-SPE-0 (BEDI W+as)
			    (NP-NOM (D^N seo) (N^N wicstow))
			    (ADVP-TMP (ADV^T +da))
			    (PP (P on)
				(NP (N lengo)))
			    (ADJP-NOM-PRD (NP-GEN-EXT (NUM^G XXes)
						      (NP-GEN (N^G furlonga)))
					  (ADJ^N long)))
	      (, ,)
	      (CONJP (CONJ &)
		     (IPX-MAT-SPE=0 (ADVP (ADV swa))
				    (ADVP (ADV eac))
				    (PP (P in)
					(NP (N br+ado)))))
	      (. .))
  (ID coalex,Alex:16.15.167))

/~*
& hie het gebringan on middum +t+am urum wicum, & betwih +t+am geteldum, +ty
l+as hiora +anig to lore wurde, for +ton us w+as uncu+d hw+at us on nihtlicum
fyrste ges+alde.
(coalex,Alex:16.18.170)
*~/
/*
62 N:  62 N, 63 lore
*/

( (IP-MAT-SPE (CONJ &)
	      (NP-NOM *con*)
	      (NP-ACC-1 (PRO^A hie))
	      (VBDI het)
	      (IP-INF-SPE (NP-ACC *ICH*-1)
			  (VB gebringan)
			  (PP (PP (P on)
				  (NP-DAT (ADJ^D middum) (D^D +t+am) (PRO$^D urum) (N^D wicum)))
			      (, ,)
			      (CONJP (CONJ &)
				     (PP (P betwih)
					 (NP-DAT (D^D +t+am) (N^D geteldum))))))
	      (, ,)
	      (CP-ADV-SPE (D^I +ty)
			  (P l+as)
			  (C 0)
			  (IP-SUB-SPE (NP-NOM (NP-GEN (PRO^G hiora))
					      (Q^N +anig))
				      (PP (P to)
					  (NP (N lore)))
				      (BEDS wurde)))
	      (, ,)
	      (CP-ADV-SPE (P for)
			  (D^I +ton)
			  (C 0)
			  (IP-SUB-SPE (NP-NOM-x *exp*)
				      (NP-DAT (PRO^D us))
				      (BEDI w+as)
				      (ADJP-NOM-PRD (ADJ^N uncu+d))
				      (CP-QUE-SPE-x (WNP-NOM-2 (WPRO^N hw+at))
						    (C 0)
						    (IP-SUB-SPE (NP-NOM *T*-2)
								(NP (PRO us))
								(PP (P on)
								    (NP-DAT (ADJ^D nihtlicum) (N^D fyrste)))
								(VBD ges+alde)))))
	      (. .))
  (ID coalex,Alex:16.18.170))

/~*
& ic mete +tigde
(coalex,Alex:17.1.176)
*~/
/*
8 N:  8 N, 9 mete
*/

( (IP-MAT-SPE (CONJ &)
	      (NP-NOM (PRO^N ic))
	      (NP (N mete))
	      (VBD +tigde))
  (ID coalex,Alex:17.1.176))

/~*
Eall +t+at lond hleo+drade for +tara wyrma hwistlunge,
(coalex,Alex:17.9.188)
*~/
/*
22 N:  22 N, 23 hwistlunge
*/

( (CODE <T23000012300,17.9>)
  (IP-MAT-SPE (NP-NOM (Q^N Eall) (D^N +t+at) (N^N lond))
	      (VBD hleo+drade)
	      (PP (P for)
		  (NP (NP-GEN (D^G +tara) (N^G wyrma))
		      (N hwistlunge)))
	      (. ,))
  (ID coalex,Alex:17.9.188))

/~*
ac +ta cwoman +t+ar hwite leon in fearra gelicnisse swa micle
(coalex,Alex:19.2.216)
*~/
/*
24 N:  24 N, 25 gelicnisse
*/

( (IP-MAT-SPE (CONJ ac)
	      (ADVP-TMP (ADV^T +ta))
	      (VBDI cwoman)
	      (ADVP-LOC (ADV^L +t+ar))
	      (NP-NOM (ADJ^N hwite) (N^N leon))
	      (PP (P in)
		  (NP (NP-GEN (N^G fearra))
		      (N gelicnisse)))
	      (QP-NOM (ADV swa) (Q^N micle)))
  (ID coalex,Alex:19.2.216))

/~*
Swelce +t+ar eac cwoman hrea+temys +ta w+aron in culefrena gelicnesse swa
micle,
(coalex,Alex:19.8.223)
*~/
/*
36 N:  36 N, 37 gelicnesse
*/

( (CODE <T23000013800,19.8>)
  (IP-MAT-SPE (ADVP (ADV Swelce))
	      (ADVP-LOC (ADV^L +t+ar))
	      (ADVP (ADV eac))
	      (VBDI cwoman)
	      (NP-NOM (N^N hrea+temys)
		      (CP-REL-SPE (WNP-NOM-1 (D^N +ta))
				  (C 0)
				  (IP-SUB-SPE (NP-NOM *T*-1)
					      (BEDI w+aron)
					      (PP (P in)
						  (NP (NP-GEN (N^G culefrena))
						      (N gelicnesse)))
					      (QP-NOM (ADV swa) (Q^N micle)))))
	      (. ,))
  (ID coalex,Alex:19.8.223))

/~*
& +ta on ure ondwlitan sperdon
(coalex,Alex:19.8.224)
*~/
/*
13 N:  13 N, 14 ondwlitan
*/

( (IP-MAT-SPE (CONJ &)
	      (NP-NOM (D^N +ta))
	      (PP (P on)
		  (NP (PRO$ ure) (N ondwlitan)))
	      (VBDI sperdon))
  (ID coalex,Alex:19.8.224))

/~*
H+afdon hie eac +ta hrea+temys te+d in monna gelicnisse,
(coalex,Alex:19.10.226)
*~/
/*
29 N:  29 N, 30 gelicnisse
*/

( (CODE <T23000013900,19.10>)
  (IP-MAT-SPE (HVDI H+afdon)
	      (NP-NOM (PRO^N hie)
		      (NP-NOM-PRN *ICH*-1))
	      (ADVP (ADV eac))
	      (NP-NOM-PRN-1 (D^N +ta) (N^N hrea+temys))
	      (NP-ACC (N^A te+d))
	      (PP (P in)
		  (NP (NP-GEN (N^G monna))
		      (N gelicnisse)))
	      (. ,))
  (ID coalex,Alex:19.10.226))

/~*
& +ta semninga on us & on ure wicstowe r+asde.
(coalex,Alex:20.5.235)
*~/
/*
28 N:  28 N, 29 wicstowe
*/

( (IP-MAT-SPE (CONJ &)
	      (NP-NOM *con*)
	      (ADVP-TMP (ADV^T +ta))
	      (ADVP (ADV semninga))
	      (PP (PP (P on)
		      (NP (PRO us)))
		  (CONJP (CONJ &)
			 (PP (P on)
			     (NP (PRO$ ure) (N wicstowe)))))
	      (VBD r+asde)
	      (. .))
  (ID coalex,Alex:20.5.235))

/~*
& hie to loman gerenode +t+at hie mec n+anigre note nytte beon meahton.
(coalex,Alex:20.7.240)
*~/
/*
13 N:  13 N, 14 loman
*/

( (IP-MAT-SPE (CONJ &)
	      (NP-NOM *con*)
	      (NP-ACC (PRO^A hie))
	      (PP (P to)
		  (NP (N loman)))
	      (VBD gerenode)
	      (CP-ADV-SPE (C +t+at)
			  (IP-SUB-SPE (NP-NOM (PRO^N hie))
				      (NP-DAT (PRO^D mec))
				      (NP-DAT-ADT (NEG+Q^D n+anigre) (N^D note))
				      (ADJP-NOM-PRD (ADJ^N nytte))
				      (BE beon)
				      (MDDI meahton)))
	      (. .))
  (ID coalex,Alex:20.7.240))

/~*
+Ta +d+ar cwoman eac Indisce mys in +ta fyrd in foxa gelicnisse and in heora
micle.
(coalex,Alex:21.3.246)
*~/
/*
36 N:  36 N, 37 gelicnisse
*/

( (CODE <T23000014900,21.3>)
  (IP-MAT-SPE (ADVP-TMP (ADV^T +Ta))
	      (ADVP-LOC (ADV^L +d+ar))
	      (VBDI cwoman)
	      (ADVP (ADV eac))
	      (NP-NOM (ADJ^N Indisce) (N^N mys))
	      (PP (P in)
		  (NP-ACC (D^A +ta) (N^A fyrd)))
	      (PP (PP (P in)
		      (NP (NP-GEN (N^G foxa))
			  (N gelicnisse)))
		  (CONJP (CONJ and)
			 (PP (P in)
			     (NP (NP-GEN (PRO^G heora))
				 (Q micle)))))
	      (. .))
  (ID coalex,Alex:21.3.246))

/~*
w+aron in wealhhafoces gelicnesse,
(coalex,Alex:21.6.251)
*~/
/*
13 N:  13 N, 14 gelicnesse
*/

( (IP-MAT-SPE (NP-NOM *con*)
	      (BEDI w+aron)
	      (PP (P in)
		  (NP (NP-GEN (N^G wealhhafoces))
		      (N gelicnesse)))
	      (. ,))
  (ID coalex,Alex:21.6.251))

/~*
+Da fuglas +ta we hie ne onweg flegdon
(coalex,Alex:21.11.258)
*~/
/*
7 N:  7 N, 8 fuglas
*/

( (CODE <T23000015400,21.11>)
  (IP-MAT-SPE (NP-LFD (D +Da) (N fuglas))
	      (ADVP-TMP (ADV^T +ta))
	      (NP-NOM (PRO^N we))
	      (NP-ACC-RSP (PRO^A hie))
	      (NEG ne)
	      (RP onweg)
	      (VBDI flegdon))
  (ID coalex,Alex:21.11.258))

/~*
& ic him het eac +ta honda of aheawan, +t+at hie be gewyrhtum +tes wites wite
drugon, +te hie +ar hiora +tonces us on gel+addon & gebrohton.
(coalex,Alex:22.3.262)
*~/
/*
51 N:  51 N, 52 wite
*/

( (CODE <T23000015700,22.3>)
  (IP-MAT-SPE (CONJ &)
	      (NP-NOM (PRO^N ic))
	      (NP-DAT-1 (PRO^D him))
	      (VBDI het)
	      (ADVP (ADV eac))
	      (IP-INF-SPE (NP-ACC (D^A +ta) (N^A honda))
			  (PP (NP-DAT *ICH*-1)
			      (P of))
			  (VB aheawan))
	      (, ,)
	      (CP-ADV-SPE (C +t+at)
			  (IP-SUB-SPE (NP-NOM (PRO^N hie))
				      (PP (P be)
					  (NP-DAT (N^D gewyrhtum)
						  (NP-GEN (D^G +tes) (N^G wites))))
				      (NP (N wite)
					  (CP-REL-SPE *ICH*-2))
				      (VBDI drugon)
				      (, ,)
				      (CP-REL-SPE-2 (WNP-3 0)
						    (C +te)
						    (IP-SUB-SPE (NP *T*-3)
								(NP-NOM (PRO^N hie))
								(ADVP-TMP (ADV^T +ar))
								(NP-GEN-ADT (PRO$ hiora) (N^G +tonces))
								(PP (NP (PRO us))
								    (P on))
								(VBDI (VBDI gel+addon) (CONJ &) (VBDI gebrohton))))))
	      (. .))
  (ID coalex,Alex:22.3.262))

/~*
Ond swa mid mine werode onsunde in Patriacen +t+at lond we becwoman mid golde
& o+trum weolum swi+de gewelgode,
(coalex,Alex:23.5.269)
*~/
/*
24 NR:  24 NR, 25 Patriacen
*/

( (CODE <T23000016300,23.5>)
  (IP-MAT-SPE (CONJ Ond)
	      (ADVP (ADV swa))
	      (PP (P mid)
		  (NP-DAT (PRO$^I mine) (N^D werode)))
	      (ADJP-NOM (ADJ^N onsunde))
	      (PP (P in)
		  (NP-ACC (NR Patriacen)
			  (NP-ACC-PRN (D^A +t+at) (N^A lond))))
	      (NP-NOM (PRO^N we))
	      (VBDI becwoman)
	      (PTP-NOM (PP (P mid)
			   (NP-DAT (NP-DAT (N^D golde))
				   (CONJP (CONJ &)
					  (NP-DAT (ADJ^D o+trum) (N^D weolum)))))
		       (ADVP (ADV swi+de))
		       (VBN^N gewelgode))
	      (. ,))
  (ID coalex,Alex:23.5.269))

/~*
Mid +ty we +ta eft of +t+am londe foron of Patriacen, +da becwoman we on +ta
londgem+aro Medo & Persa,
(coalex,Alex:23.7.271)
*~/
/*
35 NR:  35 NR, 36 Patriacen
*/

( (CODE <T23000016400,23.7>)
  (IP-MAT-SPE (CP-ADV-SPE (P Mid)
			  (D^I +ty)
			  (C 0)
			  (IP-SUB-SPE (NP-NOM (PRO^N we))
				      (ADVP-TMP (ADV^T +ta))
				      (ADVP-TMP (ADV^T eft))
				      (PP (P of)
					  (NP-DAT (D^D +t+am) (N^D londe)))
				      (VBDI foron)
				      (PP (P of)
					  (NP (NR Patriacen)))))
	      (, ,)
	      (ADVP-TMP (ADV^T +da))
	      (VBDI becwoman)
	      (NP-NOM (PRO^N we))
	      (PP (P on)
		  (NP-ACC (D^A +ta)
			  (N^A londgem+aro)
			  (NP-GEN (NR^G Medo) (CONJ &) (NR^G Persa))))
	      (. ,))
  (ID coalex,Alex:23.7.271))

/~*
Sio+d+tan we +ta +tonon ferdon +ta w+as hit on seofon nihta f+ace, +t+at we to
+t+am londe & to +t+are stowe becwoman +t+ar Porrus se cyning mid his fyrde
wicode.
(coalex,Alex:24.1.274)
*~/
/*
100 N:  100 N, 101 fyrde
*/

( (CODE <T23000016600,24.1>)
  (IP-MAT-SPE (CP-ADV-SPE (P Sio+d+tan)
			  (C 0)
			  (IP-SUB-SPE (NP-NOM (PRO^N we))
				      (ADVP-TMP (ADV^T +ta))
				      (ADVP-DIR (ADV^D +tonon))
				      (VBDI ferdon)))
	      (ADVP-TMP (ADV^T +ta))
	      (BEDI w+as)
	      (NP-NOM (PRO^N hit))
	      (PP (P on)
		  (NP-DAT (NP-GEN (NUM seofon) (N^G nihta))
			  (N^D f+ace)))
	      (, ,)
	      (CP-CLF-SPE (WADVP-TMP-3 0)
			  (C +t+at)
			  (IP-SUB-SPE (ADVP-TMP *T*-3)
				      (NP-NOM (PRO^N we))
				      (PP (PP (P to)
					      (NP-DAT (D^D +t+am) (N^D londe)))
					  (CONJP (CONJ &)
						 (PP (P to)
						     (NP-DAT (D^D +t+are) (N^D stowe))))
					  (CP-REL-SPE *ICH*-1))
				      (VBDI becwoman)
				      (CP-REL-SPE-1 (WADVP-LOC-2 (ADV^L +t+ar))
						    (C 0)
						    (IP-SUB-SPE (ADVP-LOC *T*-2)
								(NP-NOM (NR^N Porrus)
									(NP-NOM-PRN (D^N se) (N^N cyning)))
								(PP (P mid)
								    (NP (PRO$ his) (N fyrde)))
								(VBD wicode)))))
	      (. .))
  (ID coalex,Alex:24.1.274))

/~*
& me eac mede gehet gif ic hit him agyfan wolde
(coalex,Alex:24.19.290)
*~/
/*
13 N:  13 N, 14 mede
*/

( (IP-MAT-SPE (CONJ &)
	      (NP-NOM *con*)
	      (NP (PRO me))
	      (ADVP (ADV eac))
	      (NP (N mede))
	      (VBDI gehet)
	      (CP-ADV-SPE (P gif)
			  (C 0)
			  (IP-SUB-SPE (NP-NOM (PRO^N ic))
				      (NP-ACC (PRO^A hit))
				      (NP-DAT (PRO^D him))
				      (VB agyfan)
				      (MDD wolde))))
  (ID coalex,Alex:24.19.290))

/~*
H+afde ic +ta +t+as kyninges wic & his f+astenu gesceawod +te he mid his fyrde
in gefaren h+afde.
(coalex,Alex:25.1.294)
*~/
/*
48 N:  48 N, 49 fyrde
*/

( (CODE <T23000017900,25.1>)
  (IP-MAT-SPE (HVD H+afde)
	      (NP-NOM (PRO^N ic))
	      (ADVP-TMP (ADV^T +ta))
	      (NP-ACC (NP-ACC (NP-GEN (D^G +t+as) (N^G kyninges))
			      (N^A wic))
		      (CONJP (CONJ &)
			     (NP-ACC (PRO$ his) (N^A f+astenu)))
		      (CP-REL-SPE *ICH*-1))
	      (VBN gesceawod)
	      (CP-REL-SPE-1 (WNP-2 0)
			    (C +te)
			    (IP-SUB-SPE (NP-NOM (PRO^N he))
					(PP (P mid)
					    (NP (PRO$ his) (N fyrde)))
					(PP (NP *T*-2)
					    (P in))
					(VBN gefaren)
					(HVD h+afde)))
	      (. .))
  (ID coalex,Alex:25.1.294))

/~*
& ic him +da eft his rice ageaf
(coalex,Alex:25.5.297)
*~/
/*
21 N:  21 N, 22 rice
*/

( (CODE <T23000018200,25.5>)
  (IP-MAT-SPE (CONJ &)
	      (NP-NOM (PRO^N ic))
	      (NP-DAT (PRO^D him))
	      (ADVP-TMP (ADV^T +da))
	      (ADVP-TMP (ADV^T eft))
	      (NP (PRO$ his) (N rice))
	      (VBDI ageaf))
  (ID coalex,Alex:25.5.297))

/~*
& het +ta +d+am godum b+am ons+agdnisse on secgan.
(coalex,Alex:25.10.306)
*~/
/*
20 N:  20 N, 21 ons+agdnisse
*/

( (IP-MAT-SPE (CONJ &)
	      (NP-NOM *con*)
	      (VBDI het)
	      (ADVP-TMP (ADV^T +ta))
	      (IP-INF-SPE (NP-DAT-1 (D^D +d+am) (N^D godum) (Q^D b+am))
			  (NP (N ons+agdnisse))
			  (PP (NP-DAT *ICH*-1)
			      (P on))
			  (VB secgan))
	      (. .))
  (ID coalex,Alex:25.10.306))

/~*
On ic +ta +da wynstran d+alas Indie wolde geondferan +ty l+as me owiht in
+t+am londe beholen $o+d+de bedegled w+are.
(coalex,Alex:26.7.312)
*~/
/*
20 NR:  20 NR, 21 Indie
*/

( (CODE <T23000019000,26.7>)
  (IP-MAT-SPE (CONJ On)
	      (NP-NOM (PRO^N ic))
	      (ADVP-TMP (ADV^T +ta))
	      (NP-ACC (D^A +da)
		      (ADJR^A wynstran)
		      (N^A d+alas)
		      (NP-GEN (NR Indie)))
	      (MDD wolde)
	      (RP+VB geondferan)
	      (CP-ADV-SPE (D^I +ty)
			  (P l+as)
			  (C 0)
			  (IP-SUB-SPE (NP (PRO me))
				      (NP-NOM (Q^N owiht))
				      (PP (P in)
					  (NP-DAT (D^D +t+am) (N^D londe)))
				      (VBN (VBN beholen) (CONJ $o+d+de) (VBN bedegled))
				      (BEDS w+are)))
	      (. .))
  (ID coalex,Alex:26.7.312))

/~*
Ond we +ta +t+at deor now+ter ne mid spere gewundigan ne meahte ne mid n+anig
w+apne,
(coalex,Alex:27.6.322)
*~/
/*
26 N:  26 N, 27 spere
*/

( (CODE <T23000019400,27.6>)
  (IP-MAT-SPE (CONJ Ond)
	      (NP-NOM (PRO^N we))
	      (ADVP-TMP (ADV^T +ta))
	      (NP-ACC (D^A +t+at) (N^A deor))
	      (PP (NEG+CONJ now+ter)
		  (NEG+CONJ ne)
		  (PP (P mid)
		      (NP (N spere)))
		  (CONJP *ICH*-1))
	      (VB gewundigan)
	      (NEG ne)
	      (MDD meahte)
	      (CONJP-1 (NEG+CONJ ne)
		       (PP (P mid)
			   (NP-DAT (NEG+Q^I n+anig) (N^D w+apne))))
	      (. ,))
  (ID coalex,Alex:27.6.322))

/~*
+Da becwoman we sy+d+tan to +t+am wudum Indie & to +t+am ytemestum gem+arum
+t+as londes
(coalex,Alex:28.1.325)
*~/
/*
25 NR:  25 NR, 26 Indie
*/

( (CODE <T23000019500,28.1>)
  (IP-MAT-SPE (ADVP-TMP (ADV^T +Da))
	      (VBDI becwoman)
	      (NP-NOM (PRO^N we))
	      (ADVP-TMP (ADV^T sy+d+tan))
	      (PP (PP (P to)
		      (NP-DAT (D^D +t+am)
			      (N^D wudum)
			      (NP-GEN (NR Indie))))
		  (CONJP (CONJ &)
			 (PP (P to)
			     (NP-DAT (D^D +t+am)
				     (ADJS^D ytemestum)
				     (N^D gem+arum)
				     (NP-GEN (D^G +t+as) (N^G londes)))))))
  (ID coalex,Alex:28.1.325))

/~*
& ic +ta het +ta fyrd +t+ar wician be +t+are ea +te Biswicmon hatte.
(coalex,Alex:28.1.326)
*~/
/*
40 NR:  40 NR, 41 Biswicmon
*/

( (IP-MAT-SPE (CONJ &)
	      (NP-NOM (PRO^N ic))
	      (ADVP-TMP (ADV^T +ta))
	      (VBDI het)
	      (IP-INF-SPE (NP-ACC-SBJ (D^A +ta) (N^A fyrd))
			  (ADVP-LOC (ADV^L +t+ar))
			  (VB wician)
			  (PP (P be)
			      (NP-DAT (D^D +t+are)
				      (N^D ea)
				      (CP-REL-SPE (WNP-NOM-1 0)
						  (C +te)
						  (IP-SUB-SPE (NP-NOM *T*-1)
							      (NP-PRD (NR Biswicmon))
							      (VBD hatte))))))
	      (. .))
  (ID coalex,Alex:28.1.326))

/~*
W+aron +ta wic on lengo L furlanga long & swa eac in br+ado.
(coalex,Alex:28.3.327)
*~/
/*
16 N:  16 N, 17 lengo
41 N:  41 N, 42 br+ado
*/

( (CODE <T23000019600,28.3>)
  (IP-MAT-SPE (IP-MAT-SPE-0 (BEDI W+aron)
			    (NP-NOM (D^N +ta) (N^N wic))
			    (PP (P on)
				(NP (N lengo)))
			    (ADJP-NOM-PRD (NP-EXT (NUM L)
						  (NP-GEN (N^G furlanga)))
					  (ADJ^N long)))
	      (CONJP (CONJ &)
		     (IPX-MAT-SPE=0 (ADVP (ADV swa))
				    (ADVP (ADV eac))
				    (PP (P in)
					(NP (N br+ado)))))
	      (. .))
  (ID coalex,Alex:28.3.327))

/~*
+Da hit +ta on morgen d+ag w+as, +ta ferdon we on o+ter +teodlond India,
(coalex,Alex:29.1.342)
*~/
/*
46 NR:  46 NR, 47 India
*/

( (CODE <T23000020400,29.1>)
  (IP-MAT-SPE (CP-ADV-SPE (P +Da)
			  (C 0)
			  (IP-SUB-SPE (NP-NOM (PRO^N hit))
				      (ADVP-TMP (ADV^T +ta))
				      (PP (P on)
					  (NP-ACC (N^A morgen)))
				      (NP-NOM-PRD (N^N d+ag))
				      (BEDI w+as)))
	      (, ,)
	      (ADVP-TMP (ADV^T +ta))
	      (VBDI ferdon)
	      (NP-NOM (PRO^N we))
	      (PP (P on)
		  (NP-ACC (ADJ^A o+ter)
			  (N^A +teodlond)
			  (NP-GEN (NR India))))
	      (. ,))
  (ID coalex,Alex:29.1.342))

/~*
+Da $gesawon we +t+ar ruge wifmen, & w+apned men
(coalex,Alex:29.2.344)
*~/
/*
26 N:  26 N, 27 w+apned
*/

( (CODE <T23000020500,29.2>)
  (IP-MAT-SPE (ADVP-TMP (ADV^T +Da))
	      (VBDI $gesawon)
	      (NP-NOM (PRO^N we))
	      (ADVP-LOC (ADV^L +t+ar))
	      (NP-ACC (ADJ^A ruge)
		      (N^A wifmen)
		      (, ,)
		      (CONJP (CONJ &)
			     (NX-ACC (N w+apned) (N^A men)))))
  (ID coalex,Alex:29.2.344))

/~*
+da hie eft on +tone wudu gewiton. +Ta $sy+d+dan geferdon we in +ta westenn
India
(coalex,Alex:29.10.359)
*~/
/*
48 NR:  48 NR, 49 India
*/

( (IP-MAT-SPE (CP-ADV-SPE (P +da)
			  (C 0)
			  (IP-SUB-SPE (NP-NOM (PRO^N hie))
				      (ADVP-TMP (ADV^T eft))
				      (PP (P on)
					  (NP-ACC (D^A +tone) (N^A wudu)))
				      (VBDI gewiton)))
	      (, .)
	      (CODE <T23000021100,29.10>)
	      (ADVP-TMP (ADV^T +Ta))
	      (ADVP-TMP (ADV^T $sy+d+dan))
	      (VBDI geferdon)
	      (NP-NOM (PRO^N we))
	      (PP (P in)
		  (NP-ACC (D^A +ta)
			  (N^A westenn)
			  (NP-GEN (NR India)))))
  (ID coalex,Alex:29.10.359))

/~*
Ond we +ta eft in Fasiacen +t+at lond becwoman +tanan we +ar ferdon
(coalex,Alex:30.1.361)
*~/
/*
19 NR:  19 NR, 20 Fasiacen
*/

( (CODE <T23000021200,30.1>)
  (IP-MAT-SPE (CONJ Ond)
	      (NP-NOM (PRO^N we))
	      (ADVP-TMP (ADV^T +ta))
	      (ADVP-TMP (ADV^T eft))
	      (PP (P in)
		  (NP-ACC (NR Fasiacen)
			  (NP-ACC-PRN (D^A +t+at) (N^A lond))
			  (CP-REL-SPE *ICH*-1)))
	      (VBDI becwoman)
	      (CP-REL-SPE-1 (WADVP-DIR-2 (ADV^D +tanan))
			    (C 0)
			    (IP-SUB-SPE (ADVP-DIR *T*-2)
					(NP-NOM (PRO^N we))
					(ADVP-TMP (ADV^T +ar))
					(VBDI ferdon))))
  (ID coalex,Alex:30.1.361))

/~*
Ond +da on gehliuran dene & on wearmran we gewicodan.
(coalex,Alex:30.7.370)
*~/
/*
16 N:  16 N, 17 dene
*/

( (CODE <T23000021500,30.7>)
  (IP-MAT-SPE (CONJ Ond)
	      (ADVP-TMP (ADV^T +da))
	      (PP (PP (P on)
		      (NP (ADJR gehliuran) (N dene)))
		  (CONJP (CONJ &)
			 (PP (P on)
			     (NP (ADJR wearmran)))))
	      (NP-NOM (PRO^N we))
	      (VBDI gewicodan)
	      (. .))
  (ID coalex,Alex:30.7.370))

/~*
Mid +ty we gewicod h+afdon & ure +ting eall gearo, +ta het ic eallne +tone
here +t+at he to sw+asendum s+ate & mete +tigde,
(coalex,Alex:30.8.371)
*~/
/*
76 N:  76 N, 77 mete
*/

( (CODE <T23000021600,30.8>)
  (IP-MAT-SPE (CP-ADV-SPE (P Mid)
			  (D^I +ty)
			  (C 0)
			  (IP-SUB-SPE (IP-SUB-SPE-0 (NP-NOM (PRO^N we))
						    (VBN gewicod)
						    (HVDI h+afdon))
				      (CONJP (CONJ &)
					     (IPX-SUB-CON-SPE=0 (IP-SMC-SPE (NP-ACC-SBJ (PRO$^A ure) (N^A +ting))
									    (QP (Q eall))
									    (ADJP-ACC-PRD (ADJ^A gearo)))))))
	      (, ,)
	      (ADVP-TMP (ADV^T +ta))
	      (VBDI het)
	      (NP-NOM (PRO^N ic))
	      (NP-ACC (Q^A eallne) (D^A +tone) (N^A here))
	      (CP-THT-SPE (C +t+at)
			  (IP-SUB-SPE (IP-SUB-SPE (NP-NOM (PRO^N he))
						  (PP (P to)
						      (NP-DAT (N^D sw+asendum)))
						  (VBDS s+ate))
				      (CONJP (CONJ &)
					     (IP-SUB-CON-SPE (NP-NOM *con*)
							     (NP (N mete))
							     (VBD +tigde)))))
	      (. ,))
  (ID coalex,Alex:30.8.371))

/~*
& for +t+as fyres bryne eall se feld born.
(coalex,Alex:30.17.384)
*~/
/*
13 N:  13 N, 14 bryne
*/

( (IP-MAT-SPE (CONJ &)
	      (PP (P for)
		  (NP (NP-GEN (D^G +t+as) (N^G fyres))
		      (N bryne)))
	      (NP-NOM (Q^N eall) (D^N se) (N^N feld))
	      (VBDI born)
	      (. .))
  (ID coalex,Alex:30.17.384))

/~*
& we +da sio+d+tan butan orenum +tingum mete +tigdon
(coalex,Alex:31.1.388)
*~/
/*
24 N:  24 N, 25 mete
*/

( (CODE <T23000022700,31.1>)
  (IP-MAT-SPE (CONJ &)
	      (NP-NOM (PRO^N we))
	      (ADVP-TMP (ADV^T +da))
	      (ADVP-TMP (ADV^T sio+d+tan))
	      (PP (P butan)
		  (NP-DAT (ADJ^D orenum) (N^D +tingum)))
	      (NP (N mete))
	      (VBDI +tigdon))
  (ID coalex,Alex:31.1.388))

/~*
& +t+ar +da hean hos & dene & garsecg +done +Athiopia we gesawon.
(coalex,Alex:31.3.393)
*~/
/*
30 NR:  30 NR, 31 +Athiopia
*/

( (IP-MAT-SPE (CONJ &)
	      (ADVP-LOC (ADV^L +t+ar))
	      (NP-ACC (NP-ACC (D^A +da)
			      (ADJ^A hean)
			      (N^A hos)
			      (CONJP (CONJ &)
				     (NX-ACC (N^A dene))))
		      (CONJP (CONJ &)
			     (NP-ACC (N^A garsecg) (D^A +done)))
		      (NP-GEN (NR +Athiopia)))
	      (NP-NOM (PRO^N we))
	      (VBDI gesawon)
	      (. .))
  (ID coalex,Alex:31.3.393))

/~*
Swelce eac +ta miclan & +ta m+aron dune we gesawon +ta mon hate+d Enesios &
+t+at scr+af Libri +t+as godes.
(coalex,Alex:31.5.394)
*~/
/*
51 NR:  51 NR, 52 Enesios
*/

( (CODE <T23000022900,31.5>)
  (IP-MAT-SPE (ADVP (ADV Swelce))
	      (ADVP (ADV eac))
	      (NP-ACC (NP-ACC (D^A +ta) (Q^A miclan))
		      (CONJP (CONJ &)
			     (NP-ACC (D^A +ta) (ADJ^A m+aron) (N^A dune)))
		      (CP-REL-SPE *ICH*-1)
		      (CONJP *ICH*-3))
	      (NP-NOM (PRO^N we))
	      (VBDI gesawon)
	      (CP-REL-SPE-1 (WNP-ACC-2 (D^A +ta))
			    (C 0)
			    (IP-SUB-SPE (NP-NOM (MAN^N mon))
					(VBPI hate+d)
					(IP-SMC-SPE (NP-ACC-SBJ *T*-2)
						    (NP-PRD (NR Enesios)))))
	      (CONJP-3 (CONJ &)
		       (NP-ACC (D^A +t+at)
			       (N^A scr+af)
			       (NP-GEN (NR^G Libri)
				       (NP-GEN-PRN (D^G +t+as) (N^G godes)))))
	      (. .))
  (ID coalex,Alex:31.5.394))

/~*
Ond ic ea+tmodlice & geornlice b+ad +ta godm+agen +t+at hie mec ealles
middangeardes kyning & hlaford mid hean sigum geweor+teden, ond in Macedoniam
ic eft gel+aded w+are to Olimphiade minre meder & to minum geswustrum &
gesibbum.
(coalex,Alex:31.11.397)
*~/
/*
68 NR:  68 NR, 69 Macedoniam
*/

( (CODE <T23000023200,31.11>)
  (IP-MAT-SPE (CONJ Ond)
	      (NP-NOM (PRO^N ic))
	      (ADVP (ADV ea+tmodlice) (CONJ &) (ADV geornlice))
	      (VBDI b+ad)
	      (NP-ACC (D^A +ta) (N^A godm+agen))
	      (CP-THT-SPE (C +t+at)
			  (IP-SUB-SPE (IP-SUB-SPE (NP-NOM (PRO^N hie))
						  (NP-ACC (PRO^A mec)
							  (NP-ACC-PRN (NP-GEN (Q^G ealles) (N^G middangeardes))
								      (N^A kyning)
								      (CONJP (CONJ &)
									     (NX-ACC (N^A hlaford)))))
						  (PP (P mid)
						      (NP-DAT (ADJ^D hean) (N^D sigum)))
						  (VBDS geweor+teden))
				      (, ,)
				      (CONJP (CONJ ond)
					     (IP-SUB-CON-SPE (PP (P in)
								 (NP (NR Macedoniam)))
							     (NP-NOM (PRO^N ic))
							     (ADVP-TMP (ADV^T eft))
							     (VBN gel+aded)
							     (BEDS w+are)
							     (PP (PP (P to)
								     (NP-DAT (NR^D Olimphiade)
									     (NP-DAT-PRN (PRO$^D minre) (N^D meder))))
								 (CONJP (CONJ &)
									(PP (P to)
									    (NP-DAT (PRO$^D minum)
										    (N^D geswustrum)
										    (CONJP (CONJ &)
											   (NX-DAT (N^D gesibbum)))))))))))
	      (. .))
  (ID coalex,Alex:31.11.397))

/~*
+Da wolde ic eft in Fasiacen +t+at lond feran,
(coalex,Alex:32.1.398)
*~/
/*
19 NR:  19 NR, 20 Fasiacen
*/

( (CODE <T23000023300,32.1>)
  (IP-MAT-SPE (ADVP-TMP (ADV^T +Da))
	      (MDD wolde)
	      (NP-NOM (PRO^N ic))
	      (ADVP-TMP (ADV^T eft))
	      (PP (P in)
		  (NP-ACC (NR Fasiacen)
			  (NP-ACC-PRN (D^A +t+at) (N^A lond))))
	      (VB feran)
	      (. ,))
  (ID coalex,Alex:32.1.398))

/~*
ac wende +t+at hi mec on hyscte & on bismer s+agdon.
(coalex,Alex:33.1.414)
*~/
/*
23 N:  23 N, 24 hyscte
*/

( (IP-MAT-SPE (CONJ ac)
	      (NP-NOM *con*)
	      (VBD wende)
	      (CP-THT-SPE (C +t+at)
			  (IP-SUB-SPE (NP-NOM (PRO^N hi))
				      (NP (PRO mec))
				      (PP (PP (P on)
					      (NP (N hyscte)))
					  (CONJP (CONJ &)
						 (PP (P on)
						     (NP-ACC (N^A bismer)))))
				      (VBDI s+agdon)))
	      (. .))
  (ID coalex,Alex:33.1.414))

/~*
& forlet mine fyrd elcor in Fasiacen under Pore +t+am kyninge & under minum
gerefum +d+ar abidon.
(coalex,Alex:33.7.422)
*~/
/*
21 NR:  21 NR, 22 Fasiacen
*/

( (IP-MAT-SPE (CONJ &)
	      (NP-NOM *con*)
	      (VBDI forlet)
	      (IP-INF-SPE (NP-ACC-SBJ (PRO$^A mine) (N^A fyrd))
			  (ADVP (ADV elcor))
			  (PP (P in)
			      (NP (NR Fasiacen)))
			  (PP (PP (P under)
				  (NP-DAT (NR^D Pore)
					  (NP-DAT-PRN (D^D +t+am) (N^D kyninge))))
			      (CONJP (CONJ &)
				     (PP (P under)
					 (NP-DAT (PRO$^D minum) (N^D gerefum)))))
			  (ADVP-LOC (ADV^L +d+ar))
			  (VB abidon))
	      (. .))
  (ID coalex,Alex:33.7.422))

/~*
& s+agdon on hiora ge+teode +t+at hie w+aran Indos.
(coalex,Alex:34.3.427)
*~/
/*
14 N:  14 N, 15 ge+teode
*/

( (IP-MAT-SPE (CONJ &)
	      (NP-NOM *con*)
	      (VBDI s+agdon)
	      (PP (P on)
		  (NP (PRO$ hiora) (N ge+teode)))
	      (CP-THT-SPE (C +t+at)
			  (IP-SUB-SPE (NP-NOM (PRO^N hie))
				      (BEDI w+aran)
				      (NP-NOM-PRD (NR^N Indos))))
	      (. .))
  (ID coalex,Alex:34.3.427))

/~*
& +t+at eac of +t+ara treowa telgan weol
(coalex,Alex:34.4.430)
*~/
/*
19 N:  19 N, 20 telgan
*/

( (IP-MAT-SPE (CONJ &)
	      (NP-NOM (D^N +t+at))
	      (ADVP (ADV eac))
	      (PP (P of)
		  (NP (NP-GEN (D^G +t+ara) (N^G treowa))
		      (N telgan)))
	      (VBDI weol))
  (ID coalex,Alex:34.4.430))

/~*
+Da ondswarode he: gif +tine geferan beo+d cl+ane from wifgehrine, +tonne
moton hie gongan in +tone godcundan bearo.
(coalex,Alex:35.7.443)
*~/
/*
35 N:  35 N, 36 wifgehrine
*/

( (CODE <T23000025800,35.7>)
  (IP-MAT-SPE (ADVP-TMP (ADV^T +Da))
	      (VBD ondswarode)
	      (NP-NOM (PRO^N he))
	      (, :)
	      (IP-MAT-SPE (CP-ADV-SPE (P gif)
				      (C 0)
				      (IP-SUB-SPE (NP-NOM (PRO$^N +tine) (N^N geferan))
						  (BEPI beo+d)
						  (ADJP-NOM-PRD (ADJ^N cl+ane))
						  (PP (P from)
						      (NP (N wifgehrine)))))
			  (, ,)
			  (ADVP-TMP (ADV^T +tonne))
			  (MDPI moton)
			  (NP-NOM (PRO^N hie))
			  (VB gongan)
			  (PP (P in)
			      (NP-ACC (D^A +tone) (ADJ^A godcundan) (N^A bearo))))
	      (. .))
  (ID coalex,Alex:35.7.443))

/~*
+Da bad se socerd sunnan $setlgonges for +ton sunnan trio agefe+d ondsware +at
+t+am upgonge & eft +at setlgonge, & +t+at monan triow gelice swa on niht dyde.
(coalex,Alex:35.11.448)
*~/
/*
38 N:  38 N, 39 ondsware
*/

( (CODE <T23000026300,35.11>)
  (IP-MAT-SPE (ADVP-TMP (ADV^T +Da))
	      (VBDI bad)
	      (NP-NOM (D^N se) (N^N socerd))
	      (NP-GEN (NP-GEN (N^G sunnan))
		      (N^G $setlgonges))
	      (CP-ADV-SPE (P for)
			  (D^I +ton)
			  (C 0)
			  (IP-SUB-SPE (IP-SUB-SPE (NP-NOM (NP-GEN (N^G sunnan))
							  (N^N trio))
						  (VBPI agefe+d)
						  (NP (N ondsware))
						  (PP (PP (P +at)
							  (NP-DAT (D^D +t+am) (N^D upgonge)))
						      (CONJP (CONJ &)
							     (ADV^T eft)
							     (PP (P +at)
								 (NP-DAT (N^D setlgonge))))))
				      (, ,)
				      (CONJP (CONJ &)
					     (IP-SUB-CON-SPE (NP-NOM (D^N +t+at)
								     (NP-GEN (N^G monan))
								     (N^N triow))
							     (ADVP (ADV gelice))
							     (ADVP (ADV swa))
							     (PP (P on)
								 (NP-ACC (N^A niht)))
							     (VBD dyde)))))
	      (. .))
  (ID coalex,Alex:35.11.448))

/~*
& eac +t+ar w+aron o+tre treow wunderlicre heanisse +da hata+d Indeos Bebronas.
(coalex,Alex:36.4.454)
*~/
/*
38 N:  38 N, 39 Bebronas
*/

( (IP-MAT-SPE (CONJ &)
	      (ADVP (ADV eac))
	      (ADVP-LOC (ADV^L +t+ar))
	      (BEDI w+aron)
	      (NP-NOM (ADJ^N o+tre)
		      (N^N treow)
		      (NP-GEN (ADJ^G wunderlicre) (N^G heanisse))
		      (CP-REL-SPE (WNP-ACC-2 (D^A +da))
				  (C 0)
				  (IP-SUB-SPE (VBPI hata+d)
					      (NP-NOM (NR^N Indeos))
					      (IP-SMC-SPE (NP-ACC-SBJ *T*-2)
							  (NP-PRD (N Bebronas))))))
	      (. .))
  (ID coalex,Alex:36.4.454))

/~*
+Tara triowa heannisse ic wundrade,
(coalex,Alex:36.6.455)
*~/
/*
10 N:  10 N, 11 heannisse
*/

( (CODE <T23000026700,36.6>)
  (IP-MAT-SPE (NP (NP-GEN (D^G +Tara) (N^G triowa))
		  (N heannisse))
	      (NP-NOM (PRO^N ic))
	      (VBD wundrade)
	      (. ,))
  (ID coalex,Alex:36.6.455))

/~*
+Da +tohte $ic +t+at ic wolde ons+agdnisse +t+ar onsecgan,
(coalex,Alex:36.13.459)
*~/
/*
22 N:  22 N, 23 ons+agdnisse
*/

( (CODE <T23000027000,36.13>)
  (IP-MAT-SPE (ADVP-TMP (ADV^T +Da))
	      (VBD +tohte)
	      (NP-NOM (PRO^N $ic))
	      (CP-THT-SPE (C +t+at)
			  (IP-SUB-SPE (NP-NOM (PRO^N ic))
				      (MDD wolde)
				      (NP (N ons+agdnisse))
				      (ADVP-LOC (ADV^L +t+ar))
				      (RP+VB onsecgan)))
	      (. ,))
  (ID coalex,Alex:36.13.459))

/~*
& s+agde +t+at +d+at n+are alyfed +anigum men +t+at he +t+ar +anig nyten
cwealde o+t+te blodgyte worhte,
(coalex,Alex:36.13.461)
*~/
/*
51 N:  51 N, 52 blodgyte
*/

( (IP-MAT-SPE (CONJ &)
	      (NP-NOM *con*)
	      (VBD s+agde)
	      (CP-THT-SPE (C +t+at)
			  (IP-SUB-SPE (NP-NOM (D^N +d+at)
					      (CP-THT-PRN-SPE *ICH*-1))
				      (NEG+BEDS n+are)
				      (VBN alyfed)
				      (NP-DAT (Q^D +anigum) (N^D men))
				      (CP-THT-PRN-SPE-1 (C +t+at)
							(IP-SUB-SPE (IP-SUB-SPE (NP-NOM (PRO^N he))
										(ADVP-LOC (ADV^L +t+ar))
										(NP-ACC (Q^A +anig) (N^A nyten))
										(VBD cwealde))
								    (CONJP (CONJ o+t+te)
									   (IP-SUB-CON-SPE (NP-NOM *con*)
											   (NP (N blodgyte))
											   (VBD worhte)))))))
	      (. ,))
  (ID coalex,Alex:36.13.461))

/~*
ac mec het +t+at ic me to +tara triowa fotum geb+ade, +t+at sunna & mone me
so+tre ondsware geondwyrdum +tara +tinga +de ic frune $sio+d+dan +tas +ting
+tus gedon w+aron.
(coalex,Alex:36.13.462)
*~/
/*
53 N:  53 N, 54 ondsware
*/

( (IP-MAT-SPE (CONJ ac)
	      (NP-NOM *con*)
	      (NP (PRO mec))
	      (VBDI het)
	      (CP-THT-SPE (C +t+at)
			  (IP-SUB-SPE (NP-NOM (PRO^N ic))
				      (NP-RFL (PRO me))
				      (PP (P to)
					  (NP-DAT (NP-GEN (D^G +tara) (N^G triowa))
						  (N^D fotum)))
				      (VBDS geb+ade)
				      (, ,)
				      (CP-THT-SPE (C +t+at)
						  (IP-SUB-SPE (NP-NOM (N^N sunna) (CONJ &) (N^N mone))
							      (NP (PRO me))
							      (NP (ADJ so+tre)
								  (N ondsware)
								  (NP-GEN *ICH*-1))
							      (VBDI geondwyrdum)
							      (NP-GEN-1 (D^G +tara)
									(N^G +tinga)
									(CP-REL-SPE (WNP-2 0)
										    (C +de)
										    (IP-SUB-SPE (NP *T*-2)
												(NP-NOM (PRO^N ic))
												(VBDS frune))))
							      (CP-ADV-SPE (P $sio+d+dan)
									  (C 0)
									  (IP-SUB-SPE (NP-NOM (D^N +tas) (N^N +ting))
										      (ADVP (ADV +tus))
										      (VBN gedon)
										      (BEDI w+aron)))))))
	      (. .))
  (ID coalex,Alex:36.13.462))

/~*
& be swa hwylcum +tingum swa ge willon frinan, +tence on his heortan
deagollice,
(coalex,Alex:36.19.466)
*~/
/*
39 N:  39 N, 40 heortan
*/

( (IP-MAT-SPE (CONJ &)
	      (CP-FRL-SPE (WPP-1 (P be)
				 (WNP-DAT (ADV swa) (Q^D hwylcum) (N^D +tingum)))
			  (C swa)
			  (IP-SUB-SPE (PP *T*-1)
				      (NP-NOM (PRO^N ge))
				      (MDPS willon)
				      (VB frinan)))
	      (, ,)
	      (NP-NOM *pro*)
	      (VBPS +tence)
	      (PP (P on)
		  (NP (PRO$ his) (N heortan)))
	      (ADVP (ADV deagollice))
	      (. ,))
  (ID coalex,Alex:36.19.466))

/~*
Mid +ty we +ta wel neah stodan +tam bearwum & +t+am godsprecum, +ta +dohte ic
on minum mode hw+a+ter ic meahte ealne middangeard me on onweald geslean, &
+tonne sio+t+tan mid +t+am siogorum geweor+tad, ic eft meahte becuman in
Macedoniam to Olimphiade minre meder, & minum geswustrum.
(coalex,Alex:37.1.468)
*~/
/*
126 NR:  126 NR, 127 Macedoniam
*/

( (CODE <T23000027300,37.1>)
  (IP-MAT-SPE (CP-ADV-SPE (P Mid)
			  (D^I +ty)
			  (C 0)
			  (IP-SUB-SPE (NP-NOM (PRO^N we))
				      (ADVP-TMP (ADV^T +ta))
				      (ADVP-LOC (ADV wel)
						(ADV^L neah)
						(NP-DAT *ICH*-1))
				      (VBDI stodan)
				      (NP-DAT-1 (NP-DAT (D^D +tam) (N^D bearwum))
						(CONJP (CONJ &)
						       (NP-DAT (D^D +t+am) (N^D godsprecum))))))
	      (, ,)
	      (ADVP-TMP (ADV^T +ta))
	      (VBD +dohte)
	      (NP-NOM (PRO^N ic))
	      (PP (P on)
		  (NP-DAT (PRO$^D minum) (N^D mode)))
	      (CP-QUE-SPE (WQ hw+a+ter)
			  (C 0)
			  (IP-SUB-SPE (IP-SUB-SPE (NP-NOM (PRO^N ic))
						  (MDD meahte)
						  (NP-ACC (Q^A ealne) (N^A middangeard))
						  (NP-RFL-ADT (PRO me))
						  (PP (P on)
						      (NP-ACC (N^A onweald)))
						  (VB geslean))
				      (, ,)
				      (CONJP (CONJ &)
					     (IP-SUB-CON-SPE (ADVP-TMP (ADV^T +tonne))
							     (PTP-NOM (ADVP-TMP (ADV^T sio+t+tan))
								      (PP (P mid)
									  (NP-DAT (D^D +t+am) (N^D siogorum)))
								      (VBN^N geweor+tad))
							     (, ,)
							     (NP-NOM (PRO^N ic))
							     (ADVP-TMP (ADV^T eft))
							     (MDD meahte)
							     (VB becuman)
							     (PP (P in)
								 (NP (NR Macedoniam)))
							     (PP (P to)
								 (NP-DAT (NP-DAT (NR^D Olimphiade)
										 (NP-DAT-PRN (PRO$^D minre) (N^D meder)))
									 (, ,)
									 (CONJP (CONJ &)
										(NP-DAT (PRO$^D minum) (N^D geswustrum)))))))))
	      (. .))
  (ID coalex,Alex:37.1.468))

/~*
& ic eac in mid mec gel+adde mine +trie +da getreowestan frynd, +da w+aron
mine syndrige treowge+toftan, +t+at w+as +arest Perticam, & Clitomum, &
Pilotan, for +ton ic me ne ondred +t+at me +t+ara +anig beswice, for +ton
+t+ar n+as riht on +t+are stowe +anigne to acwellanne for +t+are stowe
weor+tunge.
(coalex,Alex:37.13.479)
*~/
/*
160 N:  160 N, 161 weor+tunge
*/

( (CODE <T23000027900,37.13>)
  (IP-MAT-SPE (CONJ &)
	      (NP-NOM (PRO^N ic))
	      (ADVP (ADV eac))
	      (RP in)
	      (PP (P mid)
		  (NP-RFL (PRO mec)))
	      (VBD gel+adde)
	      (NP-ACC (PRO$^A mine)
		      (NUM^A +trie)
		      (D^A +da)
		      (ADJS^A getreowestan)
		      (N^A frynd)
		      (, ,)
		      (CP-REL-SPE (WNP-NOM-1 (D^N +da))
				  (C 0)
				  (IP-SUB-SPE (NP-NOM *T*-1)
					      (BEDI w+aron)
					      (NP-NOM-PRD (PRO$^N mine) (ADJ^N syndrige) (N^N treowge+toftan))))
		      (, ,)
		      (-PRN (NP-NOM (D^N +t+at))
			    (BEDI w+as)
			    (ADVP-TMP (ADVS^T +arest))
			    (XP (NP-ACC (NR^A Perticam) (, ,) (CONJ &) (NR^A Clitomum) (, ,) (CONJ &) (NR^A Pilotan)))))
	      (, ,)
	      (CP-ADV-SPE (P for)
			  (D^I +ton)
			  (C 0)
			  (IP-SUB-SPE (NP-NOM (PRO^N ic))
				      (NP-RFL (PRO me))
				      (NEG ne)
				      (VBDI ondred)
				      (CP-THT-SPE (C +t+at)
						  (IP-SUB-SPE (NP (PRO me))
							      (NP-NOM (NP-GEN (D^G +t+ara))
								      (Q^N +anig))
							      (VBDS beswice)
							      (, ,)
							      (CP-ADV-SPE (P for)
									  (D^I +ton)
									  (C 0)
									  (IP-SUB-SPE (NP-NOM-x *exp*)
										      (ADVP-LOC (ADV^L +t+ar))
										      (NEG+BEDI n+as)
										      (ADJP-NOM-PRD (ADJ^N riht))
										      (IP-INF-SPE-x (PP (P on)
													(NP-DAT (D^D +t+are) (N^D stowe)))
												    (NP-ACC (Q^A +anigne))
												    (TO to)
												    (VB^D acwellanne))
										      (PP (P for)
											  (NP (NP-GEN (D^G +t+are) (N^G stowe))
											      (N weor+tunge)))))))))
	      (. .))
  (ID coalex,Alex:37.13.479))

/~*
Mid +ty +da +arest se mona upeode +ta gehran he mid his sciman +t+am triowum
ufeweardum
(coalex,Alex:38.2.481)
*~/
/*
39 N:  39 N, 40 sciman
*/

( (CODE <T23000028100,38.2>)
  (IP-MAT-SPE (CP-ADV-SPE (P Mid)
			  (D^I +ty)
			  (C 0)
			  (IP-SUB-SPE (ADVP-TMP (ADV^T +da))
				      (ADVP-TMP (ADVS^T +arest))
				      (NP-NOM (D^N se) (N^N mona))
				      (RP+VBD upeode)))
	      (ADVP-TMP (ADV^T +ta))
	      (VBDI gehran)
	      (NP-NOM (PRO^N he))
	      (PP (P mid)
		  (NP (PRO$ his) (N sciman)))
	      (NP-DAT (D^D +t+am) (N^D triowum) (ADJ^D ufeweardum)))
  (ID coalex,Alex:38.2.481))

/~*
ac +tys +aftran geare +tu swyltst on Babilone on Maius mon+de
(coalex,Alex:38.2.485)
*~/
/*
20 NR:  20 NR, 21 Babilone
*/

( (IP-MAT-SPE (CONJ ac)
	      (NP-DAT-TMP (D^I +tys) (ADJR^D +aftran) (N^D geare))
	      (NP-NOM (PRO^N +tu))
	      (VBPI swyltst)
	      (PP (P on)
		  (NP (NR Babilone)))
	      (PP (P on)
		  (NP-DAT (NP-GEN (NR^G Maius))
			  (N^D mon+de))))
  (ID coalex,Alex:38.2.485))

/~*
+Tigde +da tela $medmicelne mete wi+d mines modes willan,
(coalex,Alex:38.10.493)
*~/
/*
28 N:  28 N, 29 willan
*/

( (CODE <T23000028600,38.10>)
  (IP-MAT-SPE (NP-NOM *pro*)
	      (VBD +Tigde)
	      (ADVP-TMP (ADV^T +da))
	      (NP-ACC (ADJP-ACC (ADV tela) (ADJ^A $medmicelne))
		      (N^A mete))
	      (PP (P wi+d)
		  (NP (NP-GEN (PRO$^G mines) (N^G modes))
		      (N willan)))
	      (. ,))
  (ID coalex,Alex:38.10.493))

/~*
H+afde se bisceop +treo hund wintra on yldo.
(coalex,Alex:39.8.508)
*~/
/*
24 N:  24 N, 25 yldo
*/

( (CODE <T23000029300,39.8>)
  (IP-MAT-SPE (HVD H+afde)
	      (NP-NOM (D^N se) (N^N bisceop))
	      (NP (NUMP (NUM +treo) (NUM hund))
		  (NP-GEN (N^G wintra)))
	      (PP (P on)
		  (NP (N yldo)))
	      (. .))
  (ID coalex,Alex:39.8.508))

/~*
Ac so+d ic +te secge +t+at yb anes geares fyrst & eahta mona+d +tu swyltst in
Babilone, nalles mid iserne acweald swa +du wenst ac mid atre.
(coalex,Alex:40.5.515)
*~/
/*
52 NR:  52 NR, 53 Babilone
*/

( (CODE <T23000029600,40.5>)
  (IP-MAT-SPE (CONJ Ac)
	      (NP-ACC (N^A so+d)
		      (CP-THT-PRN-SPE *ICH*-1))
	      (NP-NOM (PRO^N ic))
	      (NP (PRO +te))
	      (VBP secge)
	      (CP-THT-PRN-SPE-1 (C +t+at)
				(IP-SUB-SPE (PP (P yb)
						(NP-ACC (NP-ACC (NP-GEN (NUM^G anes) (N^G geares))
								(N^A fyrst))
							(CONJP (CONJ &)
							       (NP-ACC (NUM eahta) (N^A mona+d)))))
					    (NP-NOM (PRO^N +tu))
					    (VBPI swyltst)
					    (PP (P in)
						(NP (NR Babilone)))
					    (, ,)
					    (PTP-NOM (PP (NEG+Q nalles)
							 (PP (P mid)
							     (NP-DAT (N^D iserne)))
							 (CONJP *ICH*-2))
						     (VBN^N acweald)
						     (PP (P swa)
							 (CPX-CMP-SPE (IPX-SUB-SPE (NP-NOM (PRO^N +du))
										   (VBPI wenst))))
						     (CONJP-2 (CONJ ac)
							      (PP (P mid)
								  (NP-DAT (N^D atre)))))))
	      (. .))
  (ID coalex,Alex:40.5.515))

/~*
+Din modor gewite+d of weorulde +turh scondlicne dea+d & unarlicne,
(coalex,Alex:40.7.516)
*~/
/*
15 N:  15 N, 16 weorulde
*/

( (CODE <T23000029700,40.7>)
  (IP-MAT-SPE (NP-NOM (PRO$^N +Din) (N^N modor))
	      (VBPI gewite+d)
	      (PP (P of)
		  (NP (N weorulde)))
	      (PP (P +turh)
		  (NP-ACC (ADJP-ACC (ADJ^A scondlicne)
				    (CONJP *ICH*-1))
			  (N^A dea+d)
			  (CONJP-1 (CONJ &) (ADJ^A unarlicne))))
	      (. ,))
  (ID coalex,Alex:40.7.516))

/~*
& heo lige+d unbebyrged in wege fuglum to mete & wildeorum.
(coalex,Alex:40.7.517)
*~/
/*
27 N:  27 N, 28 mete
*/

( (IP-MAT-SPE (CONJ &)
	      (NP-NOM (PRO^N heo))
	      (VBPI lige+d)
	      (ADJP-NOM (ADJ^N unbebyrged))
	      (PP (P in)
		  (NP-DAT (N^D wege)))
	      (NP-DAT-ADT (N^D fuglum)
			  (CONJP *ICH*-1))
	      (PP (P to)
		  (NP (N mete)))
	      (CONJP-1 (CONJ &) (N^D wildeorum))
	      (. .))
  (ID coalex,Alex:40.7.517))

/~*
ac to Fasiacen & Porre +t+am cyninge eft gehworf +tu.
(coalex,Alex:40.10.521)
*~/
/*
9 NR:  9 NR, 10 Fasiacen
*/

( (IP-MAT-SPE (CONJ ac)
	      (PP (P to)
		  (NP-DAT (NP (NR Fasiacen))
			  (CONJP (CONJ &)
				 (NP-DAT (NR^D Porre)
					 (NP-DAT-PRN (D^D +t+am) (N^D cyninge))))))
	      (ADVP-TMP (ADV^T eft))
	      (VBI gehworf)
	      (NP-NOM (PRO^N +tu))
	      (. .))
  (ID coalex,Alex:40.10.521))

/~*
ond hit n+anig mon ut cy+tan ne moste +ty l+as +ta elreordegan kyningas +de ic
+ar mid nede to hyrsumnesse gedyde, +t+at hie on +t+at f+agon +t+at ic swa
lytle hwile lifgean moste.
(coalex,Alex:41.1.525)
*~/
/*
53 N:  53 N, 54 nede
59 N:  59 N, 60 hyrsumnesse
*/

( (IP-MAT-SPE (CONJ ond)
	      (NP-ACC (PRO^A hit))
	      (NP-NOM (NEG+Q^N n+anig) (N^N mon))
	      (RP ut)
	      (VB cy+tan)
	      (NEG ne)
	      (MDD moste)
	      (CP-ADV-SPE (D^I +ty)
			  (P l+as)
			  (C 0)
			  (CP-ADV-SPE (NP-NOM-LFD-2 (D^N +ta)
						    (ADJ^N elreordegan)
						    (N^N kyningas)
						    (CP-REL-SPE (WNP-1 0)
								(C +de)
								(IP-SUB-SPE (NP *T*-1)
									    (NP-NOM (PRO^N ic))
									    (ADVP-TMP (ADV^T +ar))
									    (PP (P mid)
										(NP (N nede)))
									    (PP (P to)
										(NP (N hyrsumnesse)))
									    (VBD gedyde))))
				      (, ,)
				      (C +t+at)
				      (IP-SUB-SPE (NP-NOM-LFD *ICH*-2)
						  (NP-NOM-RSP (PRO^N hie))
						  (PP (P on)
						      (NP-ACC (D^A +t+at)
							      (CP-THT-PRN-SPE *ICH*-3)))
						  (VBDI f+agon)
						  (CP-THT-PRN-SPE-3 (C +t+at)
								    (IP-SUB-SPE (NP-NOM (PRO^N ic))
										(NP-ACC-TMP (QP-ACC (ADV swa) (Q^A lytle))
											    (N^A hwile))
										(VB lifgean)
										(MDD moste))))))
	      (. .))
  (ID coalex,Alex:41.1.525))

/~*
Ne hit eac +anig mon +t+are ferde +don ma ut m+aran moste +ty l+as hie for
+don ormode w+aron & +ty s+anran mines willan & weor+dmyndo, +d+as hie mid mec
to fromscipe geferan scoldon.
(coalex,Alex:41.4.526)
*~/
/*
103 N:  103 N, 104 fromscipe
*/

( (CODE <T23000030400,41.4>)
  (IP-MAT-SPE (NEG+CONJ Ne)
	      (NP-ACC (PRO^A hit))
	      (ADVP (ADV eac))
	      (NP-NOM (Q^N +anig)
		      (N^N mon)
		      (NP-GEN (D^G +t+are) (N^G ferde)))
	      (QP-ADT (D^I +don) (QR ma))
	      (RP ut)
	      (VB m+aran)
	      (MDD moste)
	      (CP-ADV-SPE (D^I +ty)
			  (P l+as)
			  (C 0)
			  (IP-SUB-SPE (NP-NOM (PRO^N hie))
				      (PP (P for)
					  (NP-DAT (D^I +don)))
				      (ADJP-NOM-PRD (ADJP-NOM (ADJ^N ormode))
						    (CONJP *ICH*-1))
				      (BEDI w+aron)
				      (CONJP-1 (CONJ &)
					       (ADJP-NOM (D^I +ty)
							 (ADJR^N s+anran)
							 (NP-GEN (PRO$^G mines)
								 (N^G willan)
								 (CONJP (CONJ &)
									(NX-GEN (N^G weor+dmyndo)))
								 (, ,)
								 (NP-GEN-PRN (D^G +d+as)
									     (CP-REL-SPE (WNP-2 0)
											 (C 0)
											 (IP-SUB-SPE (NP *T*-2)
												     (NP-NOM (PRO^N hie))
												     (PP (P mid)
													 (NP (PRO mec)))
												     (PP (P to)
													 (NP (N fromscipe)))
												     (VB geferan)
												     (MDDI scoldon)))))))))
	      (. .))
  (ID coalex,Alex:41.4.526))

/~*
& $hleouige o+drum eor+dcyningum to bysne, +d+at hie witen +ty gearwor +t+at
min +trym & min weor+dmynd maran w+aron, +tonne ealra o+tra kyninga +te in
middangearde +afre w+aron.
(coalex,Alex:41.9.530)
*~/
/*
17 N:  17 N, 18 bysne
*/

( (IP-MAT-SPE (CONJ &)
	      (NP-NOM *con*)
	      (VBPS $hleouige)
	      (NP-DAT-ADT (ADJ^D o+drum) (N^D eor+dcyningum))
	      (PP (P to)
		  (NP (N bysne)))
	      (, ,)
	      (CP-ADV-SPE (C +d+at)
			  (IP-SUB-SPE (NP-NOM (PRO^N hie))
				      (VBPS witen)
				      (ADVP (D^I +ty) (ADVR gearwor))
				      (CP-THT-SPE (C +t+at)
						  (IP-SUB-SPE-0 (NP-NOM (NP-NOM (PRO$^N min) (N^N +trym))
									(CONJP (CONJ &)
									       (NP-NOM (PRO$^N min) (N^N weor+dmynd))))
								(QP-NOM-PRD (QR^N maran)
									    (PP *ICH*-1))
								(BEDI w+aron)
								(, ,)
								(PP-1 (P +tonne)
								      (CP-CMP-SPE (WQP-2 0)
										  (C 0)
										  (IPX-SUB-SPE=0 (QP-PRD *T*-2)
												 (NP-GEN (Q^G ealra)
													 (ADJ^G o+tra)
													 (N^G kyninga)
													 (CP-REL-SPE (WNP-NOM-3 0)
														     (C +te)
														     (IP-SUB-SPE (NP-NOM *T*-3)
																 (PP (P in)
																     (NP-DAT (N^D middangearde)))
																 (ADVP-TMP (ADV^T +afre))
																 (BEDI w+aron)))))))))))
	      (. .))
  (ID coalex,Alex:41.9.530))
/*
FOOTER
  source file, hits/tokens/total
  C:\Users\Shoo\Dropbox\workspace\CorpusSearch_Auto\data\corporas\YCOE\temp1492105600559\travelogue\coalex.o23.psd	103/93/531
*/
/*
SUMMARY:  
source files, hits/tokens/total
  C:\Users\Shoo\Dropbox\workspace\CorpusSearch_Auto\data\corporas\YCOE\temp1492105600559\travelogue\coalex.o23.psd	103/93/531
whole search, hits/tokens/total
		103/93/531
*/
