/*
PREFACE:  
Copyright 2010 Beth Randall
Date:  Thu Apr 13 18:47:36 BST 2017

command file:     data\searches\queries\YCOE\negation.q
output file:      C:\Users\Shoo\Dropbox\workspace\CorpusSearch_Auto\data\output\13-04-2017 18.46.36.333 YCOE\negation\prefaces_epilogues_nonprivate_and_private_letters\result.out

node:   NEG*
query:  (NEG* Dominates  !NEG*) 
*/
/*
HEADER:
source file:  C:\Users\Shoo\Dropbox\workspace\CorpusSearch_Auto\data\corporas\YCOE\temp1492105600559\prefaces_epilogues_nonprivate_and_private_letters\coepigen.o3.psd
*/

/~*
Nelle we secgan na swi+dor be +tisum, buton +t+at se Israhel, +te we embe
spr+acon, mislice ferde, o+d +t+at hi fengon to ciningum, swa swa on Cininga
Bocum ys full cu+d be +dam.
(coepigen,+AGenEp:12.11)
*~/
/*
4 NEG+MDP:  4 NEG+MDP, 5 Nelle
12 NEG+ADV:  12 NEG+ADV, 13 na
*/
( (CODE <T06300000400,12>)
  (IP-MAT (NEG+MDP Nelle)
	  (NP-NOM (PRO^N we))
	  (VB secgan)
	  (ADVP (NEG+ADV na))
	  (ADVP (ADVR swi+dor))
	  (PP (P be)
	      (NP-DAT (D^D +tisum)))
	  (, ,)
	  (CP-ADV (P buton)
		  (C +t+at)
		  (IP-SUB (NP-NOM (D^N se)
				  (NR^N Israhel)
				  (, ,)
				  (CP-REL (WNP-1 0)
					  (C +te)
					  (IP-SUB (NP-NOM (PRO^N we))
						  (PP (NP *T*-1)
						      (P embe))
						  (VBDI spr+acon))))
			  (, ,)
			  (ADVP (ADV mislice))
			  (VBD ferde)
			  (, ,)
			  (CP-ADV (P o+d)
				  (D^A +t+at)
				  (C 0)
				  (IP-SUB (NP-NOM (PRO^N hi))
					  (VBDI fengon)
					  (PP (P to)
					      (NP-DAT (N^D ciningum)))))
			  (, ,)
			  (PP (ADV swa)
			      (P swa)
			      (CPX-CMP (IPX-SUB (PP (P on)
						    (NP-DAT (NP-GEN (N^G Cininga))
							    (N^D Bocum)))
						(BEPI ys)
						(ADJP-NOM-PRD (ADV full) (ADJ^N cu+d))
						(PP (P be)
						    (NP-DAT (D^D +dam))))))))
	  (. .))
  (ID coepigen,+AGenEp:12.11))

/~*
& hi gemetton +t+arrihte Godes engel him togeanes gangende mid him, se him
t+ahte +tone weg, +te hi sylfe ne cu+don, ofer anum bradum fenne, +d+ar nan
f+ar +ar n+as, & ofer +tam w+atere mid wundorlicum f+arelde drium fotum ealle,
swa swa Moyses dyde mid +dam ealdan Israhel ofer +ta Readan S+a, o+d +t+at hi
becomon +t+ar +d+ar he geh+aft w+as,
(coepigen,+AGenEp:49.35)
*~/
/*
73 NEG:  73 NEG, 74 ne
101 NEG+Q^N:  101 NEG+Q^N, 102 nan
108 NEG+BEDI:  108 NEG+BEDI, 109 n+as
*/

( (IP-MAT (CONJ &)
	  (NP-NOM (PRO^N hi))
	  (VBDI gemetton)
	  (ADVP-TMP (ADV^T +t+arrihte))
	  (IP-SMC (NP-ACC-SBJ (NP-GEN (NR^G Godes))
			      (N^A engel)
			      (CP-REL *ICH*-4))
		  (PP (NP-DAT (PRO^D him))
		      (P togeanes))
		  (VAG gangende)
		  (PP (P mid)
		      (NP-DAT (PRO^D him)))
		  (, ,)
		  (CP-REL-4 (WNP-NOM-1 (D^N se))
			    (C 0)
			    (IP-SUB (IP-SUB-0 (NP-NOM *T*-1)
					      (NP-DAT (PRO^D him))
					      (VBD t+ahte)
					      (NP-ACC (D^A +tone)
						      (N^A weg)
						      (, ,)
						      (CP-REL (WNP-2 0)
							      (C +te)
							      (IP-SUB (NP *T*-2)
								      (NP-NOM (PRO^N hi)
									      (ADJP-NOM (ADJ^N sylfe)))
								      (NEG ne)
								      (MDDI cu+don))))
					      (, ,)
					      (PP (P ofer)
						  (NP-DAT (NUM^D anum)
							  (ADJ^D bradum)
							  (N^D fenne)
							  (, ,)
							  (CP-REL (WADVP-LOC-3 (ADV^L +d+ar))
								  (C 0)
								  (IP-SUB (ADVP-LOC *T*-3)
									  (NP-NOM (NEG+Q^N nan) (N^N f+ar))
									  (ADVP-TMP (ADV^T +ar))
									  (NEG+BEDI n+as))))))
				    (, ,)
				    (CONJP (CONJ &)
					   (IPX-SUB-CON=0 (PP (P ofer)
							      (NP-DAT (D^D +tam) (N^D w+atere)))
							  (PP (P mid)
							      (NP-DAT (ADJ^D wundorlicum) (N^D f+arelde)))
							  (NP-DAT-ADT (ADJ^D drium) (N^D fotum))
							  (QP-NOM (Q^N ealle))
							  (, ,)
							  (PP (ADV swa)
							      (P swa)
							      (CP-CMP (WADVP-1 0)
								      (C 0)
								      (IP-SUB (ADVP *T*-1)
									      (NP-NOM (NR^N Moyses))
									      (VBD dyde)
									      (PP (P mid)
										  (NP-DAT (D^D +dam) (ADJ^D ealdan) (NR^D Israhel)))
									      (PP (P ofer)
										  (NP-ACC (D^A +ta) (ADJ^A Readan) (N^A S+a)))
									      (, ,)
									      (CP-ADV (P o+d)
										      (D^A +t+at)
										      (C 0)
										      (IP-SUB (NP-NOM (PRO^N hi))
											      (VBDI becomon)
											      (ADVP-LOC (ADV^L +t+ar)
													(CP-REL (WADVP-LOC-5 (ADV^L +d+ar))
														(C 0)
														(IP-SUB (ADVP-LOC *T*-5)
															(NP-NOM (PRO^N he))
															(VBN geh+aft)
															(BEDI w+as))))))))))))))
	  (. ,))
  (ID coepigen,+AGenEp:49.35))

/~*
+da ne moste he abugan for his manna unr+ade.
(coepigen,+AGenEp:56.43)
*~/
/*
5 NEG:  5 NEG, 6 ne
*/

( (IP-MAT (ADVP-TMP (ADV^T +da))
	  (NEG ne)
	  (MDD moste)
	  (NP-NOM (PRO^N he))
	  (VB abugan)
	  (PP (P for)
	      (NP-DAT (NP-GEN (PRO$ his) (N^G manna))
		      (N^D unr+ade)))
	  (. .))
  (ID coepigen,+AGenEp:56.43))

/~*
& forb+arnde +ta $herelafe, +d+at +t+ar nan ne belaf,
(coepigen,+AGenEp:71.58)
*~/
/*
23 NEG+Q^N:  23 NEG+Q^N, 24 nan
25 NEG:  25 NEG, 26 ne
*/

( (IP-MAT (CONJ &)
	  (NP-NOM *con*)
	  (VBD forb+arnde)
	  (NP-ACC (D^A +ta) (N^A $herelafe))
	  (, ,)
	  (CP-ADV (C +d+at)
		  (IP-SUB (ADVP-LOC (ADV^L +t+ar))
			  (NP-NOM (NEG+Q^N nan))
			  (NEG ne)
			  (VBDI belaf)))
	  (. ,))
  (ID coepigen,+AGenEp:71.58))
/*
FOOTER
  source file, hits/tokens/total
  C:\Users\Shoo\Dropbox\workspace\CorpusSearch_Auto\data\corporas\YCOE\temp1492105600559\prefaces_epilogues_nonprivate_and_private_letters\coepigen.o3.psd	8/4/68
*/
/*
HEADER:
source file:  C:\Users\Shoo\Dropbox\workspace\CorpusSearch_Auto\data\corporas\YCOE\temp1492105600559\prefaces_epilogues_nonprivate_and_private_letters\coprefcath1.o3.psd
*/

/~*
+Ta bearn me on mode ic truwige +durh Godes gife. +t+at ic +das boc of ledenum
gereorde to engliscre spr+ace awende. na +turh gebylde micelre lare. ac for
+dan +de ic geseah & gehyrde mycel gedwyld on manegum engliscum bocum. +de
ungel+arede menn +durh heora bilewitnysse to micclum wisdome tealdon.
(coprefcath1,+ACHom_I_[Pref]:174.48.5)
*~/
/*
71 NEG+ADV:  71 NEG+ADV, 72 na
*/

( (CODE <T02040000200,174.48>)
  (IP-MAT (NP-NOM-x *exp*)
	  (ADVP-TMP (ADV^T +Ta))
	  (VBDI bearn)
	  (NP (PRO me))
	  (PP (P on)
	      (NP-DAT (N^D mode)))
	  (IP-MAT-PRN (NP-NOM (PRO^N ic))
		      (VBP truwige)
		      (PP (P +durh)
			  (NP (NP-GEN (NR^G Godes))
			      (N gife))))
	  (, .)
	  (CP-THT-x (C +t+at)
		    (IP-SUB (NP-NOM (PRO^N ic))
			    (NP-ACC (D^A +das) (N^A boc))
			    (PP (P of)
				(NP-DAT (ADJ^D ledenum) (N^D gereorde)))
			    (PP (P to)
				(NP-DAT (ADJ^D engliscre) (N^D spr+ace)))
			    (VBD awende)
			    (, .)
			    (PP (PP (NEG+ADV na)
				    (P +turh)
				    (NP (N gebylde)
					(NP-GEN (Q^G micelre) (N^G lare))))
				(, .)
				(CONJP (CONJ ac)
				       (CP-ADV (P for)
					       (D^I +dan)
					       (C +de)
					       (IP-SUB (NP-NOM (PRO^N ic))
						       (VBDI (VBDI geseah) (CONJ &) (VBD gehyrde))
						       (NP-ACC (Q^A mycel) (N^A gedwyld))
						       (PP (P on)
							   (NP-DAT (Q^D manegum)
								   (ADJ^D engliscum)
								   (N^D bocum)
								   (, .)
								   (CP-REL (WNP-1 0)
									   (C +de)
									   (IP-SUB (NP *T*-1)
										   (NP-NOM (ADJ^N ungel+arede) (N^N menn))
										   (PP (P +durh)
										       (NP (PRO$ heora) (N bilewitnysse)))
										   (PP (P to)
										       (NP-DAT (Q^D micclum) (N^D wisdome)))
										   (VBDI tealdon)))))))))))
	  (. .))
  (ID coprefcath1,+ACHom_I_[Pref]:174.48.5))

/~*
& me ofhreow +t+at hi ne cu+don ne n+afdon +da godspellican lare on heora
gewritum. buton +dam mannum anum +de +t+at Leden cu+don. & buton +tam bocum
+de +Alfred cyning snoterlice awende of Ledene on englisc. +da synd to
h+abbene.
(coprefcath1,+ACHom_I_[Pref]:174.48.6)
*~/
/*
18 NEG:  18 NEG, 19 ne
23 NEG+CONJ:  23 NEG+CONJ, 24 ne
25 NEG+HVDI:  25 NEG+HVDI, 26 n+afdon
*/

( (IP-MAT (CONJ &)
	  (NP-NOM-x *exp*)
	  (NP (PRO me))
	  (RP+VBDI ofhreow)
	  (CP-THT-x (C +t+at)
		    (IP-SUB (NP-NOM (PRO^N hi))
			    (NEG ne)
			    (MDDI (MDDI cu+don) (NEG+CONJ ne) (NEG+HVDI n+afdon))
			    (NP-ACC (D^A +da) (ADJ^A godspellican) (N^A lare))
			    (PP (P on)
				(NP-DAT (PRO$ heora) (N^D gewritum)))
			    (, .)
			    (PP (PP (P buton)
				    (NP-DAT (D^D +dam)
					    (N^D mannum)
					    (NUM^D anum)
					    (CP-REL (WNP-NOM-2 0)
						    (C +de)
						    (IP-SUB (NP-NOM *T*-2)
							    (NP-ACC (D^A +t+at) (NR^A Leden))
							    (MDDI cu+don)))))
				(, .)
				(CONJP (CONJ &)
				       (PP (P buton)
					   (NP-DAT (D^D +tam)
						   (N^D bocum)
						   (CP-REL (WNP-3 0)
							   (C +de)
							   (IP-SUB (NP *T*-3)
								   (NP-NOM (NR^N +Alfred) (N^N cyning))
								   (ADVP (ADV snoterlice))
								   (VBD awende)
								   (PP (P of)
								       (NP-DAT (NR^D Ledene)))
								   (PP (P on)
								       (NP-ACC (ADJ^A englisc)))))
						   (, .)
						   (CP-REL (WNP-NOM-4 (D^N +da))
							   (C 0)
							   (IP-SUB (NP-NOM-5 *T*-4)
								   (BEPI synd)
								   (IP-INF (NP *-5)
									   (TO to)
									   (HV^D h+abbene))))))))))
	  (. .))
  (ID coprefcath1,+ACHom_I_[Pref]:174.48.6))

/~*
+Tonne beo+d swilce gedreccednyssa swilce n+aron n+afre +ar fram frym+de
middangeardes.
(coprefcath1,+ACHom_I_[Pref]:174.61.8)
*~/
/*
25 NEG+BEDI:  25 NEG+BEDI, 26 n+aron
28 NEG+ADV^T:  28 NEG+ADV^T, 29 n+afre
*/

( (CODE <T02040000400,174.61>)
  (IP-MAT-SPE (ADVP-TMP (ADV^T +Tonne))
	      (BEPI beo+d)
	      (NP-NOM (ADJ^N swilce)
		      (N^N gedreccednyssa)
		      (PP (P swilce)
			  (CP-CMP-SPE (WNP-NOM-1 0)
				      (C 0)
				      (IP-SUB-SPE (NP-NOM *T*-1)
						  (NEG+BEDI n+aron)
						  (ADVP-TMP (NEG+ADV^T n+afre))
						  (ADVP-TMP (ADV^T +ar))
						  (PP (P fram)
						      (NP (N frym+de)
							  (NP-GEN (N^G middangeardes))))))))
	      (. .))
  (ID coprefcath1,+ACHom_I_[Pref]:174.61.8))

/~*
ac his tima ne bi+d na langsum. for +dan +de Godes grama hine forde+d. & +deos
weoruld bi+d si+d+dan geendod.
(coprefcath1,+ACHom_I_[Pref]:175.74.20)
*~/
/*
9 NEG:  9 NEG, 10 ne
14 NEG+ADV:  14 NEG+ADV, 15 na
*/

( (IP-MAT (CONJ ac)
	  (NP-NOM (PRO$ his) (N^N tima))
	  (NEG ne)
	  (BEPI bi+d)
	  (ADVP (NEG+ADV na))
	  (ADJP-NOM-PRD (ADJ^N langsum))
	  (, .)
	  (CP-ADV (P for)
		  (D^I +dan)
		  (C +de)
		  (IP-SUB (IP-SUB (NP-NOM (NP-GEN (NR^G Godes))
					  (N^N grama))
				  (NP-ACC (PRO^A hine))
				  (VBPI forde+d))
			  (, .)
			  (CONJP (CONJ &)
				 (IP-SUB-CON (NP-NOM (D^N +deos) (N^N weoruld))
					     (BEPI bi+d)
					     (ADVP-TMP (ADV^T si+d+dan))
					     (VBN geendod)))))
	  (. .))
  (ID coprefcath1,+ACHom_I_[Pref]:175.74.20))

/~*
& n+anne ne geh+al+d fram untrumnyssum. buton +tam anum +te he sylf +ar awyrde.
(coprefcath1,+ACHom_I_[Pref]:175.78.23)
*~/
/*
7 NEG+Q^A:  7 NEG+Q^A, 8 n+anne
9 NEG:  9 NEG, 10 ne
*/

( (IP-MAT (CONJ &)
	  (NP-NOM *con*)
	  (NP-ACC (NEG+Q^A n+anne))
	  (NEG ne)
	  (VBPI geh+al+d)
	  (PP (P fram)
	      (NP-DAT (N^D untrumnyssum)))
	  (, .)
	  (PP (P buton)
	      (NP-DAT (D^D +tam)
		      (NUM^D anum)
		      (CP-REL (WNP-1 0)
			      (C +te)
			      (IP-SUB (NP *T*-1)
				      (NP-NOM (PRO^N he)
					      (ADJP-NOM (ADJ^N sylf)))
				      (ADVP-TMP (ADV^T +ar))
				      (VBD awyrde)))))
	  (. .))
  (ID coprefcath1,+ACHom_I_[Pref]:175.78.23))

/~*
ac he ne m+ag n+anne geh+alan. +te God sylf +ar geuntrumode.
(coprefcath1,+ACHom_I_[Pref]:175.81.26)
*~/
/*
7 NEG:  7 NEG, 8 ne
12 NEG+Q^A:  12 NEG+Q^A, 13 n+anne
*/

( (IP-MAT (CONJ ac)
	  (NP-NOM (PRO^N he))
	  (NEG ne)
	  (MDPI m+ag)
	  (NP-ACC (NEG+Q^A n+anne)
		  (CP-REL *ICH*-1))
	  (VB geh+alan)
	  (, .)
	  (CP-REL-1 (WNP-2 0)
		    (C +te)
		    (IP-SUB (NP *T*-2)
			    (NP-NOM (NR^N God) (ADJ^N sylf))
			    (ADVP-TMP (ADV^T +ar))
			    (VBD geuntrumode)))
	  (. .))
  (ID coprefcath1,+ACHom_I_[Pref]:175.81.26))

/~*
Ne sende se deofol +da fyr of heofenum. +teah +de hit ufan come. for +dan +de
he sylf n+as on heofonum. sy+d+dan he for his modignysse of aworpen w+as.
(coprefcath1,+ACHom_I_[Pref]:176.102.37)
*~/
/*
4 NEG:  4 NEG, 5 Ne
57 NEG+BEDI:  57 NEG+BEDI, 58 n+as
*/

( (CODE <T02040002000,176.102>)
  (IP-MAT (NEG Ne)
	  (VBD sende)
	  (NP-NOM (D^N se) (N^N deofol))
	  (ADVP-TMP (ADV^T +da))
	  (NP-ACC (N^A fyr))
	  (PP (P of)
	      (NP-DAT (N^D heofenum)))
	  (, .)
	  (CP-ADV (P +teah)
		  (C +de)
		  (IP-SUB (NP-NOM (PRO^N hit))
			  (ADVP-LOC (ADV^L ufan))
			  (VBDS come)))
	  (, .)
	  (CP-ADV (P for)
		  (D^I +dan)
		  (C +de)
		  (IP-SUB (NP-NOM (PRO^N he)
				  (ADJP-NOM (ADJ^N sylf)))
			  (NEG+BEDI n+as)
			  (PP (P on)
			      (NP-DAT (N^D heofonum)))
			  (, .)
			  (CP-ADV (P sy+d+dan)
				  (C 0)
				  (IP-SUB (NP-NOM (PRO^N he))
					  (PP (P for)
					      (NP (PRO$ his) (N modignysse)))
					  (RPX of)
					  (VBN aworpen)
					  (BEDI w+as)))))
	  (. .))
  (ID coprefcath1,+ACHom_I_[Pref]:176.102.37))

/~*
Ne eac se w+alhreowa antecrist n+af+d +ta mihte +t+at he heofenlic fyr asendan
m+age. +deah +de he +turh deofles cr+aft hit swa gehiwige.
(coprefcath1,+ACHom_I_[Pref]:176.104.38)
*~/
/*
4 NEG+CONJ:  4 NEG+CONJ, 5 Ne
16 NEG+HVPI:  16 NEG+HVPI, 17 n+af+d
*/

( (CODE <T02040002100,176.104>)
  (IP-MAT (NEG+CONJ Ne)
	  (ADVP (ADV eac))
	  (NP-NOM (D^N se) (ADJ^N w+alhreowa) (N^N antecrist))
	  (NEG+HVPI n+af+d)
	  (NP-ACC (D^A +ta)
		  (N^A mihte)
		  (CP-THT (C +t+at)
			  (IP-SUB (NP-NOM (PRO^N he))
				  (NP-ACC (ADJ^A heofenlic) (N^A fyr))
				  (VB asendan)
				  (MDPS m+age))))
	  (, .)
	  (CP-ADV (P +deah)
		  (C +de)
		  (IP-SUB (NP-NOM (PRO^N he))
			  (PP (P +turh)
			      (NP-ACC (NP-GEN (N^G deofles))
				      (N^A cr+aft)))
			  (NP-ACC (PRO^A hit))
			  (ADVP (ADV swa))
			  (VBPS gehiwige)))
	  (. .))
  (ID coprefcath1,+ACHom_I_[Pref]:176.104.38))

/~*
Se ylca Drihten clypode +turh his witegan Ezechiel. Gif +du ne gestentst +tone
unrihtwisan & hine ne manast +t+at he fram his arleasnysse gecyrre. & lybbe.
+tonne swelt se arleasa on his unrihtwisnysse.
(coprefcath1,+ACHom_I_[Pref]:176.110.42)
*~/
/*
39 NEG:  39 NEG, 40 ne
57 NEG:  57 NEG, 58 ne
*/

( (CODE <T02040002400,176.110>)
  (IP-MAT (NP-NOM (D^N Se) (ADJ^N ylca) (NR^N Drihten))
	  (VBD clypode)
	  (PP (P +turh)
	      (NP-ACC (PRO$ his)
		      (N^A witegan)
		      (NP-ACC-PRN (NR^A Ezechiel))))
	  (, .)
	  (CODE <T02040002500,176.111>)
	  (IP-MAT-SPE (CP-ADV-SPE (P Gif)
				  (C 0)
				  (IP-SUB-SPE (IP-SUB-SPE (NP-NOM (PRO^N +du))
							  (NEG ne)
							  (VBPI gestentst)
							  (NP-ACC (D^A +tone) (ADJ^A unrihtwisan)))
					      (CONJP (CONJ &)
						     (IP-SUB-CON-SPE (NP-NOM *con*)
								     (NP-ACC (PRO^A hine))
								     (NEG ne)
								     (VBPI manast)
								     (CP-THT-SPE (C +t+at)
										 (IP-SUB-SPE (IP-SUB-SPE (NP-NOM (PRO^N he))
													 (PP (P fram)
													     (NP (PRO$ his) (N arleasnysse)))
													 (VBPS gecyrre))
											     (, .)
											     (CONJP (CONJ &)
												    (IP-SUB-CON-SPE (NP-NOM *con*)
														    (VBPS lybbe)))))))))
		      (, .)
		      (ADVP-TMP (ADV^T +tonne))
		      (VBPI swelt)
		      (NP-NOM (D^N se) (ADJ^N arleasa))
		      (PP (P on)
			  (NP (PRO$ his) (N unrihtwisnysse))))
	  (. .))
  (ID coprefcath1,+ACHom_I_[Pref]:176.110.42))

/~*
Gif +du +donne +tone arleasan gewarnast. & he nele fram his arleasnysse
gecyrran. +tu alysdest +tine sawla mid +t+are mynegunge.
(coprefcath1,+ACHom_I_[Pref]:176.114.44)
*~/
/*
33 NEG+MDP:  33 NEG+MDP, 34 nele
*/

( (CODE <T02040002600,176.114>)
  (IP-MAT-SPE (CP-ADV-SPE (P Gif)
			  (C 0)
			  (IP-SUB-SPE (IP-SUB-SPE (NP-NOM (PRO^N +du))
						  (ADVP-TMP (ADV^T +donne))
						  (NP-ACC (D^A +tone) (ADJ^A arleasan))
						  (VBPI gewarnast))
				      (, .)
				      (CONJP (CONJ &)
					     (IP-SUB-CON-SPE (NP-NOM (PRO^N he))
							     (NEG+MDP nele)
							     (PP (P fram)
								 (NP (PRO$ his) (N arleasnysse)))
							     (VB gecyrran)))))
	      (, .)
	      (NP-NOM (PRO^N +tu))
	      (VBDI alysdest)
	      (NP-ACC (PRO$^A +tine) (N^A sawla))
	      (PP (P mid)
		  (NP-DAT (D^D +t+are) (N^D mynegunge)))
	      (. .))
  (ID coprefcath1,+ACHom_I_[Pref]:176.114.44))

/~*
& ne geswic +du.
(coprefcath1,+ACHom_I_[Pref]:176.116.47)
*~/
/*
4 NEG:  4 NEG, 5 ne
*/

( (IP-MAT-SPE (CONJ &)
	      (NEG ne)
	      (VBI geswic)
	      (NP-NOM (PRO^N +du))
	      (. .))
  (ID coprefcath1,+ACHom_I_[Pref]:176.116.47))

/~*
For swylcum bebodum wear+d me ge+duht +t+at ic n+are unscyldig wi+d God. gif
ic nolde o+drum mannum cy+dan o+t+te +turh gewritu +da godspellican
so+df+astnysse +te he sylf gecw+a+d. & eft halgum lareowum onwreah.
(coprefcath1,+ACHom_I_[Pref]:176.119.50)
*~/
/*
28 NEG+BEDS:  28 NEG+BEDS, 29 n+are
50 NEG+MDD:  50 NEG+MDD, 51 nolde
*/

( (CODE <T02040002900,176.119>)
  (IP-MAT (NP-NOM-x *exp*)
	  (PP (P For)
	      (NP-DAT (ADJ^D swylcum) (N^D bebodum)))
	  (BEDI wear+d)
	  (NP (PRO me))
	  (VBN ge+duht)
	  (CP-THT-x (C +t+at)
		    (IP-SUB (NP-NOM (PRO^N ic))
			    (NEG+BEDS n+are)
			    (ADJP-NOM-PRD (ADJ^N unscyldig))
			    (PP (P wi+d)
				(NP-ACC (NR^A God)))
			    (, .)
			    (CP-ADV (P gif)
				    (C 0)
				    (IP-SUB (NP-NOM (PRO^N ic))
					    (NEG+MDD nolde)
					    (NP-DAT (ADJ^D o+drum) (N^D mannum))
					    (VB cy+dan)
					    (CONJ o+t+te)
					    (PP (P +turh)
						(NP-ACC (N^A gewritu)))
					    (NP-ACC (D^A +da)
						    (ADJ^A godspellican)
						    (N^A so+df+astnysse)
						    (CP-REL (WNP-1 0)
							    (C +te)
							    (IP-SUB (IP-SUB (NP *T*-1)
									    (NP-NOM (PRO^N he)
										    (ADJP-NOM (ADJ^N sylf)))
									    (VBDI gecw+a+d))
								    (, .)
								    (CONJP (CONJ &)
									   (IP-SUB-CON (NP *T*-1)
										       (NP-NOM *con*)
										       (ADVP-TMP (ADV^T eft))
										       (NP-DAT (ADJ^D halgum) (N^D lareowum))
										       (RP+VBDI onwreah))))))))))
	  (. .))
  (ID coprefcath1,+ACHom_I_[Pref]:176.119.50))

/~*
He wyrc+d his weorc +turh his gecorenan. na swylce he behofige ures fultumes.
ac +t+at we geearnion +t+at ece lif +turh his weorces fremminge.
(coprefcath1,+ACHom_I_[Pref]:177.125.53)
*~/
/*
26 NEG+ADV:  26 NEG+ADV, 27 na
*/

( (CODE <T02040003100,177.125>)
  (IP-MAT (NP-NOM (PRO^N He))
	  (VBPI wyrc+d)
	  (NP-ACC (PRO$ his) (N^A weorc))
	  (PP (P +turh)
	      (NP (PRO$ his) (VBN gecorenan)))
	  (, .)
	  (PP (PP (NEG+ADV na)
		  (P swylce)
		  (CP-CMP (WADVP-1 0)
			  (C 0)
			  (IP-SUB (ADVP *T*-1)
				  (NP-NOM (PRO^N he))
				  (VBPS behofige)
				  (NP-GEN (PRO$^G ures) (N^G fultumes)))))
	      (, .)
	      (CONJP (CONJ ac)
		     (CP-ADV (C +t+at)
			     (IP-SUB (NP-NOM (PRO^N we))
				     (VBPS geearnion)
				     (NP-ACC (D^A +t+at) (ADJ^A ece) (N^A lif))
				     (PP (P +turh)
					 (NP (NP-GEN (PRO$ his) (N^G weorces))
					     (N fremminge)))))))
	  (. .))
  (ID coprefcath1,+ACHom_I_[Pref]:177.125.53))

/~*
& swa +deah ne do we nan +ding to gode. buton Godes fultume.
(coprefcath1,+ACHom_I_[Pref]:177.127.55)
*~/
/*
9 NEG:  9 NEG, 10 ne
17 NEG+Q^A:  17 NEG+Q^A, 18 nan
*/

( (IP-MAT-SPE (CONJ &)
	      (ADVP (ADV swa) (ADV +deah))
	      (NEG ne)
	      (VBP do)
	      (NP-NOM (PRO^N we))
	      (NP-ACC (NEG+Q^A nan) (N^A +ding))
	      (PP (P to)
		  (NP-DAT (N^D gode)))
	      (, .)
	      (PP (P buton)
		  (NP-DAT (NP-GEN (NR^G Godes))
			  (N^D fultume)))
	      (. .))
  (ID coprefcath1,+ACHom_I_[Pref]:177.127.55))
/*
FOOTER
  source file, hits/tokens/total
  C:\Users\Shoo\Dropbox\workspace\CorpusSearch_Auto\data\corporas\YCOE\temp1492105600559\prefaces_epilogues_nonprivate_and_private_letters\coprefcath1.o3.psd	25/14/58
*/
/*
HEADER:
source file:  C:\Users\Shoo\Dropbox\workspace\CorpusSearch_Auto\data\corporas\YCOE\temp1492105600559\prefaces_epilogues_nonprivate_and_private_letters\coprefcath2.o3.psd
*/

/~*
Ic +Alfric munuc awende +tas boc of ledenum bocum to engliscum gereorde +tam
mannum to r+adenne +te +t+at leden ne cunnon;
(coprefcath2,+ACHom_II_[Pref]:.4)
*~/
/*
65 NEG:  65 NEG, 66 ne
*/

( (IP-MAT-SPE (NP-NOM (PRO^N Ic)
		      (NP-NOM-PRN (NR^N +Alfric) (N^N munuc)))
	      (VBD awende)
	      (NP-ACC (D^A +tas)
		      (N^A boc)
		      (CP-EOP-SPE *ICH*-3))
	      (PP (P of)
		  (NP-DAT (ADJ^D ledenum) (N^D bocum)))
	      (PP (P to)
		  (NP-DAT (ADJ^D engliscum) (N^D gereorde)))
	      (NP-DAT-ADT (D^D +tam)
			  (N^D mannum)
			  (CP-REL-SPE *ICH*-1))
	      (CP-EOP-SPE-3 (WNP-4 0)
			    (IP-INF-NCO-SPE (NP *T*-4)
					    (TO to)
					    (VB^D r+adenne)))
	      (CP-REL-SPE-1 (WNP-NOM-2 0)
			    (C +te)
			    (IP-SUB-SPE (NP-NOM *T*-2)
					(NP-ACC (D^A +t+at) (NR^A leden))
					(NEG ne)
					(MDPI cunnon)))
	      (. ;))
  (ID coprefcath2,+ACHom_II_[Pref]:.4))

/~*
ac hi ne sind na ealle of godspellum genumene.
(coprefcath2,+ACHom_II_[Pref]:2.37.11)
*~/
/*
7 NEG:  7 NEG, 8 ne
12 NEG+ADV:  12 NEG+ADV, 13 na
*/

( (IP-MAT-SPE (CONJ ac)
	      (NP-NOM (PRO^N hi))
	      (NEG ne)
	      (BEPI sind)
	      (ADVP (NEG+ADV na))
	      (QP-NOM (Q^N ealle))
	      (PP (P of)
		  (NP-DAT (N^D godspellum)))
	      (VBN^N genumene)
	      (. .))
  (ID coprefcath2,+ACHom_II_[Pref]:2.37.11))
/*
FOOTER
  source file, hits/tokens/total
  C:\Users\Shoo\Dropbox\workspace\CorpusSearch_Auto\data\corporas\YCOE\temp1492105600559\prefaces_epilogues_nonprivate_and_private_letters\coprefcath2.o3.psd	3/2/17
*/
/*
HEADER:
source file:  C:\Users\Shoo\Dropbox\workspace\CorpusSearch_Auto\data\corporas\YCOE\temp1492105600559\prefaces_epilogues_nonprivate_and_private_letters\coprefcura.o2.psd
*/

/~*
& ic wene +d+atte noht monige begiondan Humbre n+aren.
(coprefcura,CPLetW+arf:16.6)
*~/
/*
16 NEG+Q:  16 NEG+Q, 17 noht
27 NEG+BEDS:  27 NEG+BEDS, 28 n+aren
*/

( (CODE <T06540001100,16>)
  (IP-MAT (CONJ &)
	  (NP-NOM (PRO^N ic))
	  (VBP wene)
	  (CP-THT (C +d+atte)
		  (IP-SUB (QP-ADT (NEG+Q noht))
			  (NP-NOM (Q^N monige))
			  (PP (P begiondan)
			      (NP (NR Humbre)))
			  (NEG+BEDS n+aren)))
	  (. .))
  (ID coprefcura,CPLetW+arf:16.6))

/~*
Sw+a feawa hiora w+aron +d+at ic fur+dum anne anlepne ne m+ag ge+dencean
besu+dan Temese +da +da ic +arest to rice feng.
(coprefcura,CPLetW+arf:17.7)
*~/
/*
31 NEG:  31 NEG, 32 ne
*/

( (CODE <T06540001200,17>)
  (IP-MAT (NP-NOM (QP-NOM (ADV Sw+a)
			  (Q^N feawa)
			  (CP-DEG *ICH*-1))
		  (NP-GEN (PRO^G hiora)))
	  (BEDI w+aron)
	  (CP-DEG-1 (C +d+at)
		    (IP-SUB (NP-NOM (PRO^N ic))
			    (FP fur+dum)
			    (NP-ACC (NUM^A anne) (ADJ^A anlepne))
			    (NEG ne)
			    (MDPI m+ag)
			    (VB ge+dencean)
			    (PP (P besu+dan)
				(NP (NR Temese)))
			    (CP-ADV (ADV^T +da)
				    (P +da)
				    (C 0)
				    (IP-SUB (NP-NOM (PRO^N ic))
					    (ADVP-TMP (ADVS^T +arest))
					    (PP (P to)
						(NP (N rice)))
					    (VBDI feng)))))
	  (. .))
  (ID coprefcura,CPLetW+arf:17.7))

/~*
Ge+denc hwelc witu us +da becomon for +disse worulde, +da +da we hit
nohw+a+der ne selfe ne lufodon ne eac o+drum monnum ne lefdon:
(coprefcura,CPLetW+arf:23.10)
*~/
/*
50 NEG+CONJ:  50 NEG+CONJ, 51 nohw+a+der
52 NEG+CONJ:  52 NEG+CONJ, 53 ne
57 NEG:  57 NEG, 58 ne
62 NEG+CONJ:  62 NEG+CONJ, 63 ne
75 NEG:  75 NEG, 76 ne
*/

( (CODE <T06540001500,23>)
  (IP-MAT (VBI Ge+denc)
	  (CP-FRL (WNP-NOM-1 (WADJ^N hwelc) (N^N witu))
		  (C 0)
		  (IP-SUB (NP-NOM *T*-1)
			  (NP (PRO us))
			  (ADVP-TMP (ADV^T +da))
			  (VBDI becomon)
			  (PP (P for)
			      (NP-DAT (D^D +disse) (N^D worulde)))
			  (, ,)
			  (CP-ADV (ADV^T +da)
				  (P +da)
				  (C 0)
				  (IP-SUB (IP-SUB (NP-NOM (PRO^N we))
						  (NP-ACC (PRO^A hit))
						  (NEG+CONJ nohw+a+der)
						  (NEG+CONJ ne)
						  (ADJP-NOM (ADJ^N selfe))
						  (NEG ne)
						  (VBDI lufodon))
					  (CONJP (NEG+CONJ ne)
						 (IP-SUB-CON (NP-NOM *con*)
							     (ADVP (ADV eac))
							     (NP-DAT (ADJ^D o+drum) (N^D monnum))
							     (NEG ne)
							     (VBDI lefdon)))))))
	  (. :))
  (ID coprefcura,CPLetW+arf:23.10))

/~*
& +da swi+de lytle fiorme +dara boca wiston, $for+d+am $+de hie hiora nan wuht
ongiotan ne meahton
(coprefcura,CPLetW+arf:26.13)
*~/
/*
39 NEG+Q^A:  39 NEG+Q^A, 40 nan
45 NEG:  45 NEG, 46 ne
*/

( (IP-MAT (CONJ &)
	  (NP-NOM (D^N +da))
	  (NP-ACC (QP-ACC (ADV swi+de) (Q^A lytle))
		  (N^A fiorme)
		  (NP-GEN (D^G +dara) (N^G boca)))
	  (VBDI wiston)
	  (, ,)
	  (CP-ADV (P $for+d+am)
		  (C $+de)
		  (CODE <TEXT:for+d+am+de>)
		  (IP-SUB (NP-NOM (PRO^N hie))
			  (NP-ACC (NP-GEN (PRO^G hiora))
				  (NEG+Q^A nan)
				  (N^A wuht))
			  (VB ongiotan)
			  (NEG ne)
			  (MDDI meahton))))
  (ID coprefcura,CPLetW+arf:26.13))

/~*
ond +t+at w+as $for+d+am $+de hie n+aron on hiora agen ge+diode awritene.
Swelce hie cw+aden: Ure ieldran, +da +de +das stowa +ar hioldon, hie lufodon
wisdom
(coprefcura,CPLetW+arf:31.14)
*~/
/*
20 NEG+BEDI:  20 NEG+BEDI, 21 n+aron
*/

( (IP-MAT (CONJ ond)
	  (NP-NOM (D^N +t+at))
	  (BEDI w+as)
	  (CP-ADV (P $for+d+am)
		  (C $+de)
		  (CODE <TEXT:for+d+am+de>)
		  (IP-SUB (NP-NOM (PRO^N hie))
			  (NEG+BEDI n+aron)
			  (PP (P on)
			      (NP-ACC (PRO$ hiora) (ADJ^A agen) (N^A ge+diode)))
			  (VBN^N awritene)))
	  (, .)
	  (CODE <T06540001700,31>)
	  (PP (P Swelce)
	      (CP-CMP (WADVP-1 0)
		      (C 0)
		      (IP-SUB (ADVP *T*-1)
			      (NP-NOM (PRO^N hie))
			      (VBDS cw+aden)
			      (, :)
			      (IP-MAT-SPE (NP-NOM-LFD (PRO$^N Ure)
						      (N^N ieldran)
						      (, ,)
						      (CP-REL-SPE (WNP-NOM-2 (D^N +da))
								  (C +de)
								  (IP-SUB-SPE (NP-NOM *T*-2)
									      (NP-ACC (D^A +das) (N^A stowa))
									      (ADVP-TMP (ADV^T +ar))
									      (VBDI hioldon))))
					  (, ,)
					  (NP-NOM-RSP (PRO^N hie))
					  (VBDI lufodon)
					  (NP-ACC (N^A wisdom)))))))
  (ID coprefcura,CPLetW+arf:31.14))

/~*
ac we him ne cunnon +afterspyrigean,
(coprefcura,CPLetW+arf:33.18)
*~/
/*
10 NEG:  10 NEG, 11 ne
*/

( (IP-MAT (CONJ ac)
	  (NP-NOM (PRO^N we))
	  (NP-DAT (PRO^D him))
	  (NEG ne)
	  (MDPI cunnon)
	  (RP+VB +afterspyrigean)
	  (. ,))
  (ID coprefcura,CPLetW+arf:33.18))

/~*
& for+d+am we habba+d nu +ag+der forl+aten ge +done welan ge +done wisdom,
$for+d+am $+de we noldon to +d+am spore mid ure mode onlutan.
(coprefcura,CPLetW+arf:33.19)
*~/
/*
48 NEG+MDDI:  48 NEG+MDDI, 49 noldon
*/

( (IP-MAT (CONJ &)
	  (ADVP (ADV for+d+am))
	  (NP-NOM (PRO^N we))
	  (HVPI habba+d)
	  (ADVP-TMP (ADV^T nu))
	  (CONJ +ag+der)
	  (VBN forl+aten)
	  (NP-ACC (CONJ ge)
		  (NP-ACC (D^A +done) (N^A welan))
		  (CONJP (CONJ ge)
			 (NP-ACC (D^A +done) (N^A wisdom))))
	  (, ,)
	  (CP-ADV (P $for+d+am)
		  (C $+de)
		  (CODE <TEXT:for+d+am+de>)
		  (IP-SUB (NP-NOM (PRO^N we))
			  (NEG+MDDI noldon)
			  (PP (P to)
			      (NP-DAT (D^D +d+am) (N^D spore)))
			  (PP (P mid)
			      (NP-DAT (PRO$ ure) (N^D mode)))
			  (RP+VB onlutan)))
	  (. .))
  (ID coprefcura,CPLetW+arf:33.19))

/~*
+Da ic +da +dis eall gemunde, +da wundrade ic swi+de swi+de +dara godena
wiotona +de giu w+aron giond Angelcynn, & +da bec eall+a befullan geliornod
h+afdon, +d+at hie hiora +da n+anne d+al noldon on hiora agen ge+diode wendan.
(coprefcura,CPLetW+arf:36.20)
*~/
/*
107 NEG+Q^A:  107 NEG+Q^A, 108 n+anne
111 NEG+MDDI:  111 NEG+MDDI, 112 noldon
*/

( (CODE <T06540001900,36>)
  (IP-MAT (CP-ADV (P +Da)
		  (C 0)
		  (IP-SUB (NP-NOM (PRO^N ic))
			  (ADVP-TMP (ADV^T +da))
			  (NP-ACC (D^A +dis) (Q^A eall))
			  (VBD gemunde)))
	  (, ,)
	  (ADVP-TMP (ADV^T +da))
	  (VBD wundrade)
	  (NP-NOM (PRO^N ic))
	  (ADVP (ADV swi+de) (ADV swi+de))
	  (NP-GEN (D^G +dara)
		  (ADJ^G godena)
		  (N^G wiotona)
		  (CP-REL (WNP-NOM-1 0)
			  (C +de)
			  (IP-SUB (IP-SUB (NP-NOM *T*-1)
					  (ADVP-TMP (ADV^T giu))
					  (BEDI w+aron)
					  (PP (P giond)
					      (NP-ACC (NR^A Angelcynn))))
				  (, ,)
				  (CONJP (CONJ &)
					 (IP-SUB-CON (NP-NOM *T*-1)
						     (NP-ACC (D^A +da) (N^A bec) (Q^A eall+a))
						     (ADVP (ADV befullan))
						     (VBN geliornod)
						     (HVDI h+afdon)))))
		  (CP-THT-PRN *ICH*-3))
	  (, ,)
	  (CP-THT-3 (C +d+at)
		    (IP-SUB (NP-NOM (PRO^N hie))
			    (NP-GEN-2 (PRO^G hiora))
			    (ADVP-TMP (ADV^T +da))
			    (NP-ACC (NP-GEN *ICH*-2)
				    (NEG+Q^A n+anne)
				    (N^A d+al))
			    (NEG+MDDI noldon)
			    (PP (P on)
				(NP-ACC (PRO$ hiora) (ADJ^A agen) (N^A ge+diode)))
			    (VB wendan)))
	  (. .))
  (ID coprefcura,CPLetW+arf:36.20))

/~*
& cw+a+d: Hie ne wendon $+d+atte +afre menn sceolden sw+a recclease weor+dan &
sio lar sw+a o+dfeallan;
(coprefcura,CPLetW+arf:39.22)
*~/
/*
14 NEG:  14 NEG, 15 ne
*/

( (IP-MAT (CONJ &)
	  (NP-NOM *con*)
	  (VBDI cw+a+d)
	  (, :)
	  (IP-MAT-SPE (NP-NOM (PRO^N Hie))
		      (NEG ne)
		      (VBDI wendon)
		      (CP-THT-SPE (C $+d+atte)
				  (IP-SUB-SPE (IP-SUB-SPE-0 (ADVP-TMP (ADV^T +afre))
							    (NP-NOM (N^N menn))
							    (MDDS sceolden)
							    (ADJP-NOM-PRD (ADV sw+a) (ADJ^N recclease))
							    (BE weor+dan))
					      (CONJP (CONJ &)
						     (IPX-SUB-CON-SPE=0 (NP-NOM (D^N sio) (N^N lar))
									(ADVP (ADV sw+a))
									(VB o+dfeallan)))))
		      (. ;)))
  (ID coprefcura,CPLetW+arf:39.22))

/~*
For+dy me +dync+d betre, gif iow sw+a +dync+d, +d+at we eac sum+a bec, +da +de
niedbe+dearfosta sien eallum monnum to wiotonne, +d+at we +da on +d+at
ge+diode wenden +de we ealle gecnawan m+agen, & gedon sw+a we swi+de ea+de
magon mid Godes fultume, gif we +da stilnesse habba+d, +d+at eall sio giogu+d
+de nu is on Angelcynne friora monna, +dara +de +da speda h+abben +d+at hie
+d+am befeolan m+agen, sien to liornunga o+df+aste, +da hwile +de hie to nanre
o+derre note ne m+agen, o+d +done first +de hie wel cunnen Englisc gewrit
ar+adan:
(coprefcura,CPLetW+arf:49.29)
*~/
/*
281 NEG+Q^D:  281 NEG+Q^D, 282 nanre
287 NEG:  287 NEG, 288 ne
*/

( (CODE <T06540002500,49>)
  (IP-MAT (NP-NOM-x *exp*)
	  (ADVP (ADV For+dy))
	  (NP-DAT (PRO^D me))
	  (VBPI +dync+d)
	  (ADJP-NOM-PRD (ADJR^N betre))
	  (, ,)
	  (CP-ADV (P gif)
		  (C 0)
		  (IP-SUB (NP-NOM *exp*)
			  (NP (PRO iow))
			  (ADVP (ADV sw+a))
			  (VBPI +dync+d)))
	  (, ,)
	  (CP-THT-x (C +d+at)
		    (IP-SUB (IP-SUB-0 (NP-NOM (PRO^N we))
				      (ADVP (ADV eac))
				      (NP-ACC (Q^A sum+a)
					      (N^A bec)
					      (, ,)
					      (CP-REL (WNP-NOM-1 (D^N +da))
						      (C +de)
						      (IP-SUB (NP-NOM-2 *T*-1)
							      (ADJP-NOM-PRD (ADJS^N niedbe+dearfosta)
									    (IP-INF *ICH*-3))
							      (BEPS sien)
							      (NP-DAT (Q^D eallum) (N^D monnum))
							      (IP-INF-3 (NP *-2)
									(TO to)
									(VB^D wiotonne)))))
				      (, ,)
				      (CP-THT-PRN (C +d+at)
						  (IPX-SUB=0 (NP-NOM (PRO^N we))
							     (NP-ACC (D^A +da))))
				      (PP (P on)
					  (NP-ACC (D^A +d+at)
						  (N^A ge+diode)
						  (CP-REL *ICH*-5)))
				      (VBPS wenden)
				      (CP-REL-5 (WNP-4 0)
						(C +de)
						(IP-SUB (NP *T*-4)
							(NP-NOM (PRO^N we) (Q^N ealle))
							(VB gecnawan)
							(MDPS m+agen))))
			    (, ,)
			    (CONJP (CONJ &)
				   (IP-SUB-CON (NP-NOM *con*)
					       (VBPS gedon)
					       (PP (P sw+a)
						   (CPX-CMP (IPX-SUB (NP-NOM (PRO^N we))
								     (ADVP (ADV swi+de) (ADV ea+de))
								     (MDPI magon)
								     (PP (P mid)
									 (NP-DAT (NP-GEN (NR^G Godes))
										 (N^D fultume))))))
					       (, ,)
					       (CP-ADV (P gif)
						       (C 0)
						       (IP-SUB (NP-NOM (PRO^N we))
							       (NP-ACC (D^A +da) (N^A stilnesse))
							       (HVPI habba+d)))
					       (, ,)
					       (CP-THT (C +d+at)
						       (IP-SUB (NP-NOM (Q^N eall)
								       (D^N sio)
								       (N^N giogu+d)
								       (CP-REL (WNP-NOM-6 0)
									       (C +de)
									       (IP-SUB (NP-NOM *T*-6)
										       (ADVP-TMP (ADV^T nu))
										       (BEPI is)
										       (PP (P on)
											   (NP-DAT (NR^D Angelcynne)))
										       (NP-GEN-PRD (ADJ^G friora)
												   (N^G monna)
												   (, ,)
												   (NP-GEN-PRN (D^G +dara)
													       (CP-REL (WNP-NOM-7 0)
														       (C +de)
														       (IP-SUB (NP-NOM *T*-7)
															       (NP-ACC (D^A +da) (N^A speda))
															       (HVPS h+abben)
															       (CP-ADV (C +d+at)
																       (IP-SUB (NP-NOM (PRO^N hie))
																	       (NP-DAT (D^D +d+am))
																	       (VB befeolan)
																	       (MDPS m+agen))))))))))
							       (, ,)
							       (BEPS sien)
							       (PP (P to)
								   (NP (N liornunga)))
							       (VBN^N o+df+aste)
							       (, ,)
							       (NP-ACC-TMP (D^A +da)
									   (N^A hwile)
									   (CP-REL (WADVP-TMP-9 0)
										   (C +de)
										   (IP-SUB (ADVP-TMP *T*-9)
											   (NP-NOM (PRO^N hie))
											   (PP (P to)
											       (NP-DAT (NEG+Q^D nanre) (ADJ^D o+derre) (N^D note)))
											   (NEG ne)
											   (MDPS m+agen))))
							       (, ,)
							       (PP (P o+d)
								   (NP-ACC (D^A +done)
									   (N^A first)
									   (CP-REL (WADVP-TMP-10 0)
										   (C +de)
										   (IP-SUB (ADVP-TMP *T*-10)
											   (NP-NOM (PRO^N hie))
											   (ADVP (ADV wel))
											   (MDPS cunnen)
											   (NP-ACC (ADJ^A Englisc) (N^A gewrit))
											   (VB ar+adan)))))))))))
	  (. :))
  (ID coprefcura,CPLetW+arf:49.29))

/~*
Ond ic bebiode on Godes naman +d+at nan mon +done +astel from +d+are bec ne do,
ne +da boc from +d+am mynstre:
(coprefcura,CPLetW+arf:70.35)
*~/
/*
26 NEG+Q^N:  26 NEG+Q^N, 27 nan
43 NEG:  43 NEG, 44 ne
50 NEG+CONJ:  50 NEG+CONJ, 51 ne
*/

( (CODE <T06540002900,70>)
  (IP-MAT (CONJ Ond)
	  (NP-NOM (PRO^N ic))
	  (VBP bebiode)
	  (PP (P on)
	      (NP (NP-GEN (NR^G Godes))
		  (N naman)))
	  (CP-THT (C +d+at)
		  (IP-SUB (IP-SUB-0 (NP-NOM (NEG+Q^N nan) (N^N mon))
				    (NP-ACC (D^A +done) (N^A +astel))
				    (PP (P from)
					(NP-DAT (D^D +d+are) (N^D bec)))
				    (NEG ne)
				    (VBPS do))
			  (, ,)
			  (CONJP (NEG+CONJ ne)
				 (IPX-SUB-CON=0 (NP-ACC (D^A +da) (N^A boc))
						(PP (P from)
						    (NP-DAT (D^D +d+am) (N^D mynstre)))))))
	  (. :))
  (ID coprefcura,CPLetW+arf:70.35))
/*
FOOTER
  source file, hits/tokens/total
  C:\Users\Shoo\Dropbox\workspace\CorpusSearch_Auto\data\corporas\YCOE\temp1492105600559\prefaces_epilogues_nonprivate_and_private_letters\coprefcura.o2.psd	21/11/37
*/
/*
HEADER:
source file:  C:\Users\Shoo\Dropbox\workspace\CorpusSearch_Auto\data\corporas\YCOE\temp1492105600559\prefaces_epilogues_nonprivate_and_private_letters\coprefgen.o3.psd
*/

/~*
& +tu cw+ade +ta +t+at ic ne +torfte na mare awendan +t+are bec buton to
Isaace, Abrahames suna, for +tam +te sum o+der man +te h+afde awend fram
Isaace +ta boc o+t ende.
(coprefgen,+AGenPref:1.6)
*~/
/*
19 NEG:  19 NEG, 20 ne
24 NEG+ADV:  24 NEG+ADV, 25 na
*/

( (IP-MAT (CONJ &)
	  (NP-NOM (PRO^N +tu))
	  (VBD cw+ade)
	  (ADVP-TMP (ADV^T +ta))
	  (CP-THT (C +t+at)
		  (IP-SUB-0 (NP-NOM (PRO^N ic))
			    (NEG ne)
			    (MDD +torfte)
			    (ADVP (NEG+ADV na))
			    (NP-ACC (QR^A mare)
				    (NP-GEN *ICH*-1))
			    (VB awendan)
			    (NP-GEN-1 (D^G +t+are) (N^G bec))
			    (CP-ADV (P buton)
				    (C 0)
				    (IPX-SUB=0 (PP (P to)
						   (NP-DAT (NR^D Isaace)
							   (, ,)
							   (NP-DAT-PRN (NP-GEN (NR^G Abrahames))
								       (N^D suna))))))
			    (, ,)
			    (CP-ADV (P for)
				    (D^D +tam)
				    (C +te)
				    (IP-SUB (NP-NOM (Q^N sum) (ADJ^N o+der) (N^N man))
					    (NP-ADT (PRO +te))
					    (HVD h+afde)
					    (VBN awend)
					    (PP (P fram)
						(NP-DAT (NR^D Isaace)))
					    (NP-ACC (D^A +ta) (N^A boc))
					    (PP (P o+t)
						(NP (N ende)))))))
	  (. .))
  (ID coprefgen,+AGenPref:1.6))

/~*
ac he nyste, ne ic +ta git, hu micel todal ys betweohx +t+are ealdan +a &
+t+are niwan.
(coprefgen,+AGenPref:15.11)
*~/
/*
7 NEG+VBD:  7 NEG+VBD, 8 nyste
12 NEG+CONJ:  12 NEG+CONJ, 13 ne
*/

( (IP-MAT-0 (CONJ ac)
	    (NP-NOM (PRO^N he))
	    (NEG+VBD nyste)
	    (, ,)
	    (IPX-MAT-PRN=0 (NEG+CONJ ne)
			   (NP-NOM (PRO^N ic))
			   (ADVP-TMP (ADV^T +ta))
			   (ADVP-TMP (ADV^T git)))
	    (, ,)
	    (CP-QUE (WNP-NOM-1 (WQP-NOM (WADV hu) (Q^N micel))
			       (N^N todal))
		    (C 0)
		    (IP-SUB (NP-NOM *T*-1)
			    (BEPI ys)
			    (PP (P betweohx)
				(NP-DAT (NP-DAT (D^D +t+are) (ADJ^D ealdan) (N^D +a))
					(CONJP (CONJ &)
					       (NP-DAT (D^D +t+are) (ADJ^D niwan)))))))
	    (. .))
  (ID coprefgen,+AGenPref:15.11))

/~*
& man ne mihte +ta +at fruman wifian buton on his siblingum.
(coprefgen,+AGenPref:17.15)
*~/
/*
7 NEG:  7 NEG, 8 ne
*/

( (IP-MAT-0 (CONJ &)
	    (NP-NOM (MAN^N man))
	    (NEG ne)
	    (MDD mihte)
	    (ADVP-TMP (ADV^T +ta))
	    (PP (P +at)
		(NP (N fruman)))
	    (VB wifian)
	    (CP-ADV (P buton)
		    (C 0)
		    (IPX-SUB=0 (PP (P on)
				   (NP-DAT (PRO$ his) (N^D siblingum)))))
	    (. .))
  (ID coprefgen,+AGenPref:17.15))

/~*
Gyf hwa wyle nu swa lybban +after Cristes tocyme, swa swa men leofodon +ar
Moises +a o+t+te under Moises +a, ne by+d se man na cristen
(coprefgen,+AGenPref:20.16)
*~/
/*
76 NEG:  76 NEG, 77 ne
86 NEG+ADV:  86 NEG+ADV, 87 na
*/

( (CODE <T06280000800,20>)
  (IP-MAT (CP-ADV (P Gyf)
		  (C 0)
		  (IP-SUB (NP-NOM (Q^N hwa))
			  (MDP wyle)
			  (ADVP-TMP (ADV^T nu))
			  (ADVP (ADV swa))
			  (VB lybban)
			  (PP (P +after)
			      (NP (NP-GEN (NR^G Cristes))
				  (N tocyme)))
			  (, ,)
			  (PP (ADV swa)
			      (P swa)
			      (CP-CMP (WADVP-1 0)
				      (C 0)
				      (IP-SUB (ADVP *T*-1)
					      (NP-NOM (N^N men))
					      (VBDI leofodon)
					      (PP (PP (P +ar)
						      (NP (NP-GEN (NR^G Moises))
							  (N +a)))
						  (CONJP (CONJ o+t+te)
							 (PP (P under)
							     (NP (NP-GEN (NR^G Moises))
								 (N +a))))))))))
	  (, ,)
	  (NEG ne)
	  (BEPI by+d)
	  (NP-NOM (D^N se) (N^N man))
	  (ADVP (NEG+ADV na))
	  (ADJP-NOM-PRD (ADJ^N cristen)))
  (ID coprefgen,+AGenPref:20.16))

/~*
ne he fur+ton wyr+de ne by+d +t+at him +anig cristen man mid ete.
(coprefgen,+AGenPref:20.17)
*~/
/*
2 NEG+CONJ:  2 NEG+CONJ, 3 ne
14 NEG:  14 NEG, 15 ne
*/

( (IP-MAT (NEG+CONJ ne)
	  (NP-NOM (PRO^N he))
	  (FP fur+ton)
	  (ADJP-NOM-PRD (ADJ^N wyr+de)
			(CP-THT *ICH*-1))
	  (NEG ne)
	  (BEPI by+d)
	  (CP-THT-1 (C +t+at)
		    (IP-SUB (NP-DAT-2 (PRO^D him))
			    (NP-NOM (Q^N +anig) (ADJ^N cristen) (N^N man))
			    (PP (NP-DAT *ICH*-2)
				(P mid))
			    (VBPS ete)))
	  (. .))
  (ID coprefgen,+AGenPref:20.17))

/~*
ac hi ne cunnon swa +teah +t+at gastlice andgit +t+arto, & hu seo ealde +a
w+as getacnung toweardra +tinga o+t+te hu seo niwe gecy+tnis +after Cristes
menniscnisse w+as gefillednys ealra +t+ara +tinga, +te seo ealde gecy+dnis
getacnode towearde be Criste & be hys gecorenum.
(coprefgen,+AGenPref:23.19)
*~/
/*
7 NEG:  7 NEG, 8 ne
*/

( (IP-MAT (CONJ ac)
	  (NP-NOM (PRO^N hi))
	  (NEG ne)
	  (MDPI cunnon)
	  (ADVP (ADV swa) (ADV +teah))
	  (NP-ACC (NP-ACC (D^A +t+at) (ADJ^A gastlice) (N^A andgit))
		  (CONJP *ICH*-1))
	  (PP (ADV+P +t+arto))
	  (, ,)
	  (CONJP-1 (CONJ &)
		   (CP-QUE (CP-QUE (WADVP-2 (WADV hu))
				   (C 0)
				   (IP-SUB (ADVP *T*-2)
					   (NP-NOM (D^N seo) (ADJ^N ealde) (N^N +a))
					   (BEDI w+as)
					   (NP-NOM-PRD (N^N getacnung)
						       (NP-GEN (ADJ^G toweardra) (N^G +tinga)))))
			   (CONJP (CONJ o+t+te)
				  (CP-QUE (WADVP-3 (WADV hu))
					  (C 0)
					  (IP-SUB (ADVP *T*-3)
						  (NP-NOM (D^N seo) (ADJ^N niwe) (N^N gecy+tnis))
						  (PP (P +after)
						      (NP (NP-GEN (NR^G Cristes))
							  (N menniscnisse)))
						  (BEDI w+as)
						  (NP-NOM-PRD (N^N gefillednys)
							      (NP-GEN (Q^G ealra)
								      (D^G +t+ara)
								      (N^G +tinga)
								      (, ,)
								      (CP-REL (WNP-4 0)
									      (C +te)
									      (IP-SUB (NP-NOM (D^N seo) (ADJ^N ealde) (N^N gecy+dnis))
										      (VBD getacnode)
										      (IP-SMC (NP-SBJ *T*-4)
											      (ADJP-ACC-PRD (ADJ^A towearde)
													    (PP (PP (P be)
														    (NP-DAT (NR^D Criste)))
														(CONJP (CONJ &)
														       (PP (P be)
															   (NP-DAT (PRO$ hys) (VBN^D gecorenum))))))))))))))))
	  (. .))
  (ID coprefgen,+AGenPref:23.19))

/~*
Hi cwe+ta+t eac oft be Paul, hwi hi ne moton habban wif, swa swa Petrus se
apostol h+afde,
(coprefgen,+AGenPref:29.20)
*~/
/*
35 NEG:  35 NEG, 36 ne
*/

( (CODE <T06280001000,29>)
  (IP-MAT (NP-NOM (PRO^N Hi))
	  (VBPI cwe+ta+t)
	  (ADVP (ADV eac))
	  (ADVP-TMP (ADV^T oft))
	  (PP (P be)
	      (NP (NR Paul)))
	  (, ,)
	  (CP-QUE (WADVP-1 (WADV hwi))
		  (C 0)
		  (IP-SUB (ADVP *T*-1)
			  (NP-NOM (PRO^N hi))
			  (NEG ne)
			  (MDPI moton)
			  (HV habban)
			  (NP-ACC (N^A wif))
			  (, ,)
			  (PP (ADV swa)
			      (P swa)
			      (CPX-CMP (IPX-SUB (NP-NOM (NR^N Petrus)
							(NP-NOM-PRN (D^N se) (N^N apostol)))
						(HVD h+afde))))))
	  (. ,))
  (ID coprefgen,+AGenPref:29.20))

/~*
& hi nella+d gehiran ne witan, +t+at se eadiga Petrus leofede +after Moises +a,
o+t +t+at Crist, +te on +tam timan to mannum com & began to bodienne his
halige godspel & geceas Petrum +arest him to geferan:
(coprefgen,+AGenPref:29.21)
*~/
/*
7 NEG+MDPI:  7 NEG+MDPI, 8 nella+d
12 NEG+CONJ:  12 NEG+CONJ, 13 ne
*/

( (IP-MAT (CONJ &)
	  (NP-NOM (PRO^N hi))
	  (NEG+MDPI nella+d)
	  (VB (VB gehiran) (NEG+CONJ ne) (VB witan))
	  (, ,)
	  (CP-THT (C +t+at)
		  (IP-SUB (NP-NOM (D^N se) (ADJ^N eadiga) (NR^N Petrus))
			  (VBD leofede)
			  (PP (P +after)
			      (NP (NP-GEN (NR^G Moises))
				  (N +a)))
			  (, ,)
			  (CP-ADV (P o+t)
				  (D^A +t+at)
				  (C 0)
				  (IP-SUB (NP-NOM (NR^N Crist)
						  (, ,)
						  (CP-REL (WNP-NOM-1 0)
							  (C +te)
							  (IP-SUB (IP-SUB (NP-NOM *T*-1)
									  (PP (P on)
									      (NP-DAT (D^D +tam) (N^D timan)))
									  (PP (P to)
									      (NP-DAT (N^D mannum)))
									  (VBDI com))
								  (CONJP (CONJ &)
									 (IP-SUB-CON (NP-NOM *T*-1)
										     (VBDI began)
										     (IP-INF (TO to)
											     (VB^D bodienne)
											     (NP-ACC (PRO$ his) (ADJ^A halige) (N^A godspel))))))))
					  (CONJ &)
					  (VBDI geceas)
					  (NP-ACC (NR^A Petrum))
					  (ADVP-TMP (ADVS^T +arest))
					  (NP-RFL-ADT (PRO^D him))
					  (PP (P to)
					      (NP (N geferan)))))))
	  (. :))
  (ID coprefgen,+AGenPref:29.21))

/~*
& we ne writa+t na mare buton +ta nacedan gerecednisse.
(coprefgen,+AGenPref:41.28)
*~/
/*
7 NEG:  7 NEG, 8 ne
12 NEG+ADV:  12 NEG+ADV, 13 na
*/

( (IP-MAT-0 (CONJ &)
	    (NP-NOM (PRO^N we))
	    (NEG ne)
	    (VBPI writa+t)
	    (ADVP (NEG+ADV na))
	    (NP-ACC (QR^A mare))
	    (CP-ADV (P buton)
		    (C 0)
		    (IPX-SUB=0 (NP-ACC (D^A +ta) (ADJ^A nacedan) (N^A gerecednisse))))
	    (. .))
  (ID coprefgen,+AGenPref:41.28))

/~*
ac heo ne spric+d na be +t+ara engla gesceapenisse.
(coprefgen,+AGenPref:45.32)
*~/
/*
7 NEG:  7 NEG, 8 ne
12 NEG+ADV:  12 NEG+ADV, 13 na
*/

( (IP-MAT (CONJ ac)
	  (NP-NOM (PRO^N heo))
	  (NEG ne)
	  (VBPI spric+d)
	  (ADVP (NEG+ADV na))
	  (PP (P be)
	      (NP (NP-GEN (D^G +t+ara) (N^G engla))
		  (N gesceapenisse)))
	  (. .))
  (ID coprefgen,+AGenPref:45.32))

/~*
He ne cw+a+d na menigfealdlice: to urum anlicnyssum, ac anfealdlice: to ure
anlicnysse.
(coprefgen,+AGenPref:68.47)
*~/
/*
8 NEG:  8 NEG, 9 ne
13 NEG+ADV:  13 NEG+ADV, 14 na
*/

( (CODE <T06280002300,68>)
  (IP-MAT (IP-MAT-0 (NP-NOM (PRO^N He))
		    (NEG ne)
		    (VBDI cw+a+d)
		    (ADVP (NEG+ADV na))
		    (ADVP (ADV menigfealdlice))
		    (, :)
		    (QTP (PP (P to)
			     (NP-DAT (PRO$^D urum) (N^D anlicnyssum)))))
	  (, ,)
	  (CONJP (CONJ ac)
		 (IPX-MAT-SPE=0 (ADVP (ADV anfealdlice))
				(, :)
				(QTP (PP (P to)
					 (NP (PRO$ ure) (N anlicnysse))))))
	  (. .))
  (ID coprefgen,+AGenPref:68.47))

/~*
& we ne durron na mare awritan on Englisc +tonne +d+at Leden h+af+d, ne +da
endebyrdnysse awendan, buton +dam anum, +d+at +d+at Leden & +d+at Englisc
nabba+d na ane wisan on +d+are spr+ace fandunge:
(coprefgen,+AGenPref:93.66)
*~/
/*
8 NEG:  8 NEG, 9 ne
13 NEG+ADV:  13 NEG+ADV, 14 na
49 NEG+CONJ:  49 NEG+CONJ, 50 ne
89 NEG+HVPI:  89 NEG+HVPI, 90 nabba+d
92 NEG+ADV:  92 NEG+ADV, 93 na
*/

( (IP-MAT (IP-MAT-0 (CONJ &)
		    (NP-NOM (PRO^N we))
		    (NEG ne)
		    (MDPI durron)
		    (ADVP (NEG+ADV na))
		    (NP-ACC (QR^A mare)
			    (PP *ICH*-1))
		    (VB awritan)
		    (PP (P on)
			(NP-ACC (ADJ^A Englisc)))
		    (PP-1 (P +tonne)
			  (CP-CMP (WNP-2 0)
				  (C 0)
				  (IP-SUB (NP *T*-2)
					  (NP-NOM (D^N +d+at) (NR^N Leden))
					  (HVPI h+af+d)))))
	  (, ,)
	  (CONJP (NEG+CONJ ne)
		 (IPX-MAT=0 (NP-ACC (D^A +da) (N^A endebyrdnysse))
			    (VB awendan)
			    (, ,)
			    (PP (P buton)
				(NP-DAT (D^D +dam)
					(NUM^D anum)
					(, ,)
					(CP-THT-PRN (C +d+at)
						    (IP-SUB (NP-NOM (NP-NOM (D^N +d+at) (NR^N Leden))
								    (CONJP (CONJ &)
									   (NP-NOM (D^N +d+at) (ADJ^N Englisc))))
							    (NEG+HVPI nabba+d)
							    (ADVP (NEG+ADV na))
							    (NP-ACC (NUM^A ane) (N^A wisan))
							    (PP (P on)
								(NP (NP-GEN (D^G +d+are) (N^G spr+ace))
								    (N fandunge)))))))))
	  (. :))
  (ID coprefgen,+AGenPref:93.66))

/~*
elles hit bi+d swy+de gedwolsum to r+adenne +dam +de +d+as Ledenes wise ne can.
(coprefgen,+AGenPref:93.68)
*~/
/*
41 NEG:  41 NEG, 42 ne
*/

( (IP-MAT (ADVP (ADV elles))
	  (NP-NOM-1 (PRO^N hit))
	  (BEPI bi+d)
	  (ADJP-NOM-PRD (ADV swy+de)
			(ADJ^N gedwolsum)
			(IP-INF (NP *-1)
				(TO to)
				(VB^D r+adenne)))
	  (NP-DAT (D^D +dam)
		  (CP-REL (WNP-NOM-2 0)
			  (C +de)
			  (IP-SUB (NP-NOM *T*-2)
				  (NP (NP-GEN (D^G +d+as) (NR^G Ledenes))
				      (N wise))
				  (NEG ne)
				  (MDPI can))))
	  (. .))
  (ID coprefgen,+AGenPref:93.68))

/~*
& he wolde eac habban twa gecy+dnyssa on +disre worulde gesett, +da ealdan &
+da niwan; for +dan +de he de+d swa swa hine sylfne gewyr+d, & he n+anne
r+adboran n+af+d, ne nan man ne +dearf him cwe+dan to, Hwi dest +du swa?
(coprefgen,+AGenPref:105.72)
*~/
/*
96 NEG+Q^A:  96 NEG+Q^A, 97 n+anne
100 NEG+HVPI:  100 NEG+HVPI, 101 n+af+d
105 NEG+CONJ:  105 NEG+CONJ, 106 ne
109 NEG+Q^N:  109 NEG+Q^N, 110 nan
113 NEG:  113 NEG, 114 ne
*/

( (IP-MAT (CONJ &)
	  (NP-NOM (PRO^N he))
	  (MDD wolde)
	  (ADVP (ADV eac))
	  (HV habban)
	  (NP-ACC (NUM^A twa)
		  (N^A gecy+dnyssa)
		  (NP-ACC-PRN *ICH*-1))
	  (PP (P on)
	      (NP-DAT (D^D +disre) (N^D worulde)))
	  (VBN gesett)
	  (, ,)
	  (NP-ACC-PRN-1 (NP-ACC (D^A +da) (ADJ^A ealdan))
			(CONJP (CONJ &)
			       (NP-ACC (D^A +da) (ADJ^A niwan))))
	  (, ;)
	  (CP-ADV (P for)
		  (D^I +dan)
		  (C +de)
		  (IP-SUB (IP-SUB (NP-NOM (PRO^N he))
				  (VBPI de+d)
				  (PP (ADV swa)
				      (P swa)
				      (CP-CMP (WADVP-2 0)
					      (C 0)
					      (IP-SUB (ADVP *T*-2)
						      (NP-NOM-x *exp*)
						      (NP-ACC-RFL (PRO^A hine)
								  (ADJP-ACC (ADJ^A sylfne)))
						      (BEPI gewyr+d)))))
			  (, ,)
			  (CONJP (CONJ &)
				 (IP-SUB-CON (NP-NOM (PRO^N he))
					     (NP-ACC (NEG+Q^A n+anne) (N^A r+adboran))
					     (NEG+HVPI n+af+d)))
			  (, ,)
			  (CONJP (NEG+CONJ ne)
				 (IP-SUB-CON (NP-NOM (NEG+Q^N nan) (N^N man))
					     (NEG ne)
					     (MDPI +dearf)
					     (NP-DAT-3 (PRO^D him))
					     (VB cwe+dan)
					     (PP (NP-DAT *ICH*-3)
						 (P to))
					     (, ,)
					     (CP-QUE-SPE (WADVP-4 (WADV Hwi))
							 (IP-SUB-SPE (ADVP *T*-4)
								     (VBPI dest)
								     (NP-NOM (PRO^N +du))
								     (ADVP (ADV swa))))))))
	  (. ?))
  (ID coprefgen,+AGenPref:105.72))

/~*
& we ne magon gebigean his gesetnyssa on urum lustum.
(coprefgen,+AGenPref:110.74)
*~/
/*
7 NEG:  7 NEG, 8 ne
*/

( (IP-MAT (CONJ &)
	  (NP-NOM (PRO^N we))
	  (NEG ne)
	  (MDPI magon)
	  (VB gebigean)
	  (NP-ACC (PRO$ his) (N^A gesetnyssa))
	  (PP (P on)
	      (NP-DAT (PRO$^D urum) (N^D lustum)))
	  (. .))
  (ID coprefgen,+AGenPref:110.74))

/~*
Ic cwe+de nu +d+at ic ne dearr ne ic nelle nane boc +after +disre of Ledene on
Englisc awendan;
(coprefgen,+AGenPref:113.75)
*~/
/*
19 NEG:  19 NEG, 20 ne
24 NEG+CONJ:  24 NEG+CONJ, 25 ne
29 NEG+MDP:  29 NEG+MDP, 30 nelle
32 NEG+Q^A:  32 NEG+Q^A, 33 nane
*/

( (CODE <T06280003600,113>)
  (IP-MAT (NP-NOM (PRO^N Ic))
	  (VBP cwe+de)
	  (ADVP-TMP (ADV^T nu))
	  (CP-THT (C +d+at)
		  (IP-SUB-0 (NP-NOM (PRO^N ic))
			    (NEG ne)
			    (MDPI dearr)
			    (IPX-SUB-PRN=0 (NEG+CONJ ne)
					   (NP-NOM (PRO^N ic))
					   (NEG+MDP nelle))
			    (NP-ACC (NEG+Q^A nane) (N^A boc))
			    (PP (P +after)
				(NP-DAT (D^D +disre)))
			    (PP (P of)
				(NP-DAT (NR^D Ledene)))
			    (PP (P on)
				(NP-ACC (ADJ^A Englisc)))
			    (VB awendan)))
	  (. ;))
  (ID coprefgen,+AGenPref:113.75))

/~*
& ic bidde +de, leof ealdormann, +d+at +du me +d+as na leng ne bidde, +di l+as
+de ic beo +de ungehyrsum, o+d+de leas gyf ic do.
(coprefgen,+AGenPref:113.76)
*~/
/*
35 NEG+ADV:  35 NEG+ADV, 36 na
40 NEG:  40 NEG, 41 ne
*/

( (IP-MAT (CONJ &)
	  (NP-NOM (PRO^N ic))
	  (VBP bidde)
	  (NP (PRO +de))
	  (, ,)
	  (NP-NOM-VOC (ADJ^N leof) (N^N ealdormann))
	  (, ,)
	  (CP-THT (C +d+at)
		  (IP-SUB (NP-NOM (PRO^N +du))
			  (NP (PRO me))
			  (NP-GEN (D^G +d+as))
			  (ADVP (NEG+ADV na))
			  (ADVP-TMP (ADVR^T leng))
			  (NEG ne)
			  (VBPS bidde)
			  (, ,)
			  (CP-ADV (D^I +di)
				  (P l+as)
				  (C +de)
				  (IP-SUB (NP-NOM (PRO^N ic))
					  (BEP beo)
					  (ADJP-NOM-PRD (ADJP-NOM (NP-DAT (PRO^D +de))
								  (ADJ^N ungehyrsum))
							(, ,)
							(CONJP (CONJ o+d+de)
							       (ADJP-NOM (ADJ^N leas))))
					  (CP-ADV (P gyf)
						  (C 0)
						  (IP-SUB (NP-NOM (PRO^N ic))
							  (VBP do)))))))
	  (. .))
  (ID coprefgen,+AGenPref:113.76))

/~*
Ic bidde nu on Godes naman, gyf hwa +das boc awritan wille, +d+at he hi
gerihte wel be +d+are bysne, for +dan +de ic nah geweald, +deah +de hi hwa $to
woge gebringe +durh lease writeras, & hit bi+d +donne his pleoh na min:
(coprefgen,+AGenPref:117.78)
*~/
/*
81 NEG+VBPI:  81 NEG+VBPI, 82 nah
138 NEG+ADV:  138 NEG+ADV, 139 na
*/

( (CODE <T06280003800,117>)
  (IP-MAT (NP-NOM (PRO^N Ic))
	  (VBP bidde)
	  (ADVP-TMP (ADV^T nu))
	  (PP (P on)
	      (NP (NP-GEN (NR^G Godes))
		  (N naman)))
	  (, ,)
	  (CP-THT (CP-ADV-1 (P gyf)
			    (C 0)
			    (IP-SUB (NP-NOM (Q^N hwa))
				    (NP-ACC (D^A +das) (N^A boc))
				    (VB awritan)
				    (MDP wille)))
		  (, ,)
		  (C +d+at)
		  (IP-SUB (CP-ADV *ICH*-1)
			  (NP-NOM (PRO^N he))
			  (NP-ACC (PRO^A hi))
			  (VBPS gerihte)
			  (ADVP (ADV wel))
			  (PP (P be)
			      (NP-DAT (D^D +d+are) (N^D bysne)))
			  (, ,)
			  (CP-ADV (P for)
				  (D^I +dan)
				  (C +de)
				  (IP-SUB (NP-NOM (PRO^N ic))
					  (NEG+VBPI nah)
					  (NP-ACC (N^A geweald))
					  (, ,)
					  (CP-ADV (P +deah)
						  (C +de)
						  (IP-SUB (IP-SUB (NP-ACC (PRO^A hi))
								  (NP-NOM (Q^N hwa))
								  (PP (P $to)
								      (NP-DAT (N^D woge)))
								  (VBPS gebringe)
								  (PP (P +durh)
								      (NP-ACC (ADJ^A lease) (N^A writeras))))
							  (, ,)
							  (CONJP (CONJ &)
								 (IP-SUB-CON-0 (NP-NOM (PRO^N hit))
									       (BEPI bi+d)
									       (ADVP-TMP (ADV^T +donne))
									       (NP-NOM-PRD (PRO$ his) (N^N pleoh)))
								 (IPX-SUB=0 (ADVP (NEG+ADV na))
									    (NP-NOM-PRD (PRO$^N min))))))))))
	  (. :))
  (ID coprefgen,+AGenPref:117.78))

/~*
micel yfel de+d se unwritere, gyf he nele his gewrit gerihtan.
(coprefgen,+AGenPref:117.79)
*~/
/*
25 NEG+MDP:  25 NEG+MDP, 26 nele
*/

( (IP-MAT (NP-ACC (Q^A micel) (N^A yfel))
	  (VBPI de+d)
	  (NP-NOM (D^N se) (N^N unwritere))
	  (, ,)
	  (CP-ADV (P gyf)
		  (C 0)
		  (IP-SUB (NP-NOM (PRO^N he))
			  (NEG+MDP nele)
			  (NP-ACC (PRO$ his) (N^A gewrit))
			  (VB gerihtan)))
	  (. .))
  (ID coprefgen,+AGenPref:117.79))
/*
FOOTER
  source file, hits/tokens/total
  C:\Users\Shoo\Dropbox\workspace\CorpusSearch_Auto\data\corporas\YCOE\temp1492105600559\prefaces_epilogues_nonprivate_and_private_letters\coprefgen.o3.psd	40/19/79
*/
/*
HEADER:
source file:  C:\Users\Shoo\Dropbox\workspace\CorpusSearch_Auto\data\corporas\YCOE\temp1492105600559\prefaces_epilogues_nonprivate_and_private_letters\copreflives.o3.psd
*/

/~*
and ic secge +te leof, +t+at ic h+abbe nu gegaderod on +tyssere bec +t+ara
halgena +trowunga +te me to onhagode on englisc to awendene, for +tan +te +du
leof swi+dost and +A+delm+ar swylcera gewrita me b+adon, and of handum
gel+ahton eowerne geleafan to getrymmenne, mid +t+are gerecednysse, +te ge on
eowrum gereorde n+afdon +ar.
(copreflives,+ALS_[Pref]:1.3)
*~/
/*
172 NEG+HVDI:  172 NEG+HVDI, 173 n+afdon
*/

( (IP-MAT (CONJ and)
	  (NP-NOM (PRO^N ic))
	  (VBP secge)
	  (NP (PRO +te))
	  (NP-NOM-VOC (ADJ^N leof))
	  (, ,)
	  (CP-THT (C +t+at)
		  (IP-SUB (NP-NOM (PRO^N ic))
			  (HVP h+abbe)
			  (ADVP-TMP (ADV^T nu))
			  (VBN gegaderod)
			  (PP (P on)
			      (NP-DAT (D^D +tyssere) (N^D bec)))
			  (NP (NP-GEN (D^G +t+ara) (N^G halgena))
			      (N +trowunga)
			      (CP-REL (WNP-1 0)
				      (C +te)
				      (IP-SUB (NP-NOM-x *exp*)
					      (PP (NP (PRO me))
						  (P to))
					      (VBD onhagode)
					      (IP-INF-x (NP *T*-1)
							(PP (P on)
							    (NP-ACC (ADJ^A englisc)))
							(TO to)
							(VB^D awendene)))))
			  (, ,)
			  (CP-ADV (P for)
				  (D^I +tan)
				  (C +te)
				  (IP-SUB (IP-SUB (NP-NOM (NP-NOM (PRO^N +du))
							  (CONJP *ICH*-2))
						  (NP-NOM-VOC (ADJ^N leof))
						  (ADVP (ADVS swi+dost))
						  (CONJP-2 (CONJ and)
							   (NP-NOM (NR^N +A+delm+ar)))
						  (NP-GEN (ADJ^G swylcera) (N^G gewrita))
						  (NP (PRO me))
						  (VBDI b+adon))
					  (, ,)
					  (CONJP (CONJ and)
						 (IP-SUB-CON (NP-NOM *con*)
							     (PP (P of)
								 (NP-DAT (N^D handum)))
							     (VBDI gel+ahton)
							     (IP-INF-NCO (NP-ACC (PRO$^A eowerne) (N^A geleafan))
									 (TO to)
									 (VB^D getrymmenne)
									 (, ,)
									 (PP (P mid)
									     (NP-DAT (D^D +t+are)
										     (N^D gerecednysse)
										     (, ,)
										     (CP-REL (WNP-3 0)
											     (C +te)
											     (IP-SUB (NP *T*-3)
												     (NP-NOM (PRO^N ge))
												     (PP (P on)
													 (NP-DAT (PRO$^D eowrum) (N^D gereorde)))
												     (NEG+HVDI n+afdon)
												     (ADVP-TMP (ADV^T +ar)))))))))))))
	  (. .))
  (ID copreflives,+ALS_[Pref]:1.3))

/~*
Ne secge we nan +tincg niwes on +tissere gesetnysse, for+tan +de hit stod
gefyrn awriten on ledenbocum +teah +te +ta l+awedan men +t+at nyston.
(copreflives,+ALS_[Pref]:12.6)
*~/
/*
4 NEG:  4 NEG, 5 Ne
12 NEG+Q^A:  12 NEG+Q^A, 13 nan
68 NEG+VBDI:  68 NEG+VBDI, 69 nyston
*/

( (CODE <T03010000400,12>)
  (IP-MAT (NEG Ne)
	  (VBP secge)
	  (NP-NOM (PRO^N we))
	  (NP-ACC (NEG+Q^A nan)
		  (N^A +tincg)
		  (ADJP-GEN (ADJ^G niwes)))
	  (PP (P on)
	      (NP-DAT (D^D +tissere) (N^D gesetnysse)))
	  (, ,)
	  (CP-ADV (P for+tan)
		  (C +de)
		  (IP-SUB (NP-NOM (PRO^N hit))
			  (VBDI stod)
			  (ADVP-TMP (ADV^T gefyrn))
			  (PTP-NOM (VBN^N awriten)
				   (PP (P on)
				       (NP-DAT (N^D ledenbocum))))
			  (CP-ADV (P +teah)
				  (C +te)
				  (IP-SUB (NP-NOM (D^N +ta) (ADJ^N l+awedan) (N^N men))
					  (NP-ACC (D^A +t+at))
					  (NEG+VBDI nyston)))))
	  (. .))
  (ID copreflives,+ALS_[Pref]:12.6))

/~*
Nelle we eac mid leasungum +tyllic liccetan, for+tan +te geleaffulle f+aderas
and halige lareowas hit awriton on ledenspr+ace, to langum gemynde, and to
trymmincge +tam towerdum mannum.
(copreflives,+ALS_[Pref]:15.7)
*~/
/*
4 NEG+MDP:  4 NEG+MDP, 5 Nelle
*/

( (CODE <T03010000500,15>)
  (IP-MAT (NEG+MDP Nelle)
	  (NP-NOM (PRO^N we))
	  (ADVP (ADV eac))
	  (PP (P mid)
	      (NP-DAT (N^D leasungum)))
	  (NP-ACC (ADJ^A +tyllic))
	  (VB liccetan)
	  (, ,)
	  (CP-ADV (P for+tan)
		  (C +te)
		  (IP-SUB (NP-NOM (NP-NOM (ADJ^N geleaffulle) (N^N f+aderas))
				  (CONJP (CONJ and)
					 (NP-NOM (ADJ^N halige) (N^N lareowas))))
			  (NP-ACC (PRO^A hit))
			  (VBDI awriton)
			  (PP (P on)
			      (NP-DAT (N^D ledenspr+ace)))
			  (, ,)
			  (PP (PP (P to)
				  (NP-DAT (ADJ^D langum) (N^D gemynde)))
			      (, ,)
			      (CONJP (CONJ and)
				     (PP (P to)
					 (NP (N trymmincge)))))
			  (NP-DAT-ADT (D^D +tam) (ADJ^D towerdum) (N^D mannum))))
	  (. .))
  (ID copreflives,+ALS_[Pref]:15.7))

/~*
he ne m+ag beon wur+dful cynincg buton he h+abbe +ta ge+tinc+de +te him
gebyria+d, and swylce +teningmen, +te +teawf+astnysse him gebeodon.
(copreflives,+ALS_[Pref]:25.15)
*~/
/*
5 NEG:  5 NEG, 6 ne
*/

( (IP-MAT (NP-NOM (PRO^N he))
	  (NEG ne)
	  (MDPI m+ag)
	  (BE beon)
	  (NP-NOM-PRD (ADJ^N wur+dful) (N^N cynincg))
	  (CP-ADV (P buton)
		  (C 0)
		  (IP-SUB (NP-NOM (PRO^N he))
			  (HVPS h+abbe)
			  (NP-ACC (NP-ACC (D^A +ta)
					  (N^A ge+tinc+de)
					  (CP-REL (WNP-NOM-1 0)
						  (C +te)
						  (IP-SUB (NP-NOM *T*-1)
							  (NP-DAT (PRO^D him))
							  (VBPI gebyria+d))))
				  (, ,)
				  (CONJP (CONJ and)
					 (NP-ACC (ADJ^A swylce)
						 (N^A +teningmen)
						 (, ,)
						 (CP-REL (WNP-NOM-2 0)
							 (C +te)
							 (IP-SUB (NP-NOM *T*-2)
								 (NP (N +teawf+astnysse))
								 (NP-DAT (PRO^D him))
								 (VBDI gebeodon))))))))
	  (. .))
  (ID copreflives,+ALS_[Pref]:25.15))

/~*
and +t+ara is fela on mannum anum +te he of middanearde geceas, +t+at nan
bocere ne m+ag +teah he mycel cunne, heora naman awriten, for+tan +te hi nat
nan man.
(copreflives,+ALS_[Pref]:29.18)
*~/
/*
48 NEG+Q^N:  48 NEG+Q^N, 49 nan
52 NEG:  52 NEG, 53 ne
90 NEG+VBPI:  90 NEG+VBPI, 91 nat
93 NEG+Q^N:  93 NEG+Q^N, 94 nan
*/

( (IP-MAT (CONJ and)
	  (NP-GEN-1 (D^G +t+ara))
	  (BEPI is)
	  (NP-NOM (NP-GEN *ICH*-1)
		  (Q fela))
	  (PP (P on)
	      (NP-DAT (N^D mannum)
		      (NUM^D anum)
		      (CP-REL (WNP-2 0)
			      (C +te)
			      (IP-SUB (NP *T*-2)
				      (NP-NOM (PRO^N he))
				      (PP (P of)
					  (NP-DAT (N^D middanearde)))
				      (VBDI geceas)))))
	  (, ,)
	  (CP-ADV (C +t+at)
		  (IP-SUB (NP-NOM (NEG+Q^N nan) (N^N bocere))
			  (NEG ne)
			  (MDPI m+ag)
			  (CP-ADV (P +teah)
				  (C 0)
				  (IP-SUB (NP-NOM (PRO^N he))
					  (NP-ACC (Q^A mycel))
					  (MDPS cunne)))
			  (, ,)
			  (NP (PRO$ heora) (N naman))
			  (VB awriten)
			  (, ,)
			  (CP-ADV (P for+tan)
				  (C +te)
				  (IP-SUB (NP-ACC (PRO^A hi))
					  (NEG+VBPI nat)
					  (NP-NOM (NEG+Q^N nan) (N^N man))))))
	  (. .))
  (ID copreflives,+ALS_[Pref]:29.18))

/~*
Ic bidde nu on Godes naman gif hwa +tas boc awritan wille, +t+at he hi wel
gerihte be +t+are bysne, and +t+ar namare betwux ne sette +tonne we awendon.
(copreflives,+ALS_[Pref]:40.21)
*~/
/*
79 NEG+Q+Q^A:  79 NEG+Q+Q^A, 80 namare
88 NEG:  88 NEG, 89 ne
*/

( (CODE <T03010001100,40>)
  (IP-MAT (NP-NOM (PRO^N Ic))
	  (VBP bidde)
	  (ADVP-TMP (ADV^T nu))
	  (PP (P on)
	      (NP (NP-GEN (NR^G Godes))
		  (N naman)))
	  (CP-THT (CP-ADV-1 (P gif)
			    (C 0)
			    (IP-SUB (NP-NOM (Q^N hwa))
				    (NP-ACC (D^A +tas) (N^A boc))
				    (VB awritan)
				    (MDP wille)))
		  (, ,)
		  (C +t+at)
		  (IP-SUB (IP-SUB (CP-ADV *ICH*-1)
				  (NP-NOM (PRO^N he))
				  (NP-ACC (PRO^A hi))
				  (ADVP (ADV wel))
				  (VBPS gerihte)
				  (PP (P be)
				      (NP-DAT (D^D +t+are) (N^D bysne))))
			  (, ,)
			  (CONJP (CONJ and)
				 (IP-SUB-CON (NP-NOM *con*)
					     (ADVP-LOC-4 (ADV^L +t+ar))
					     (NP-ACC (NEG+Q+Q^A namare)
						     (PP *ICH*-2))
					     (PP (ADVP-LOC *ICH*-4)
						 (P betwux))
					     (NEG ne)
					     (VBD sette)
					     (PP-2 (P +tonne)
						   (CP-CMP (WNP-3 0)
							   (C 0)
							   (IP-SUB (NP *T*-3)
								   (NP-NOM (PRO^N we))
								   (VBDI awendon))))))))
	  (. .))
  (ID copreflives,+ALS_[Pref]:40.21))
/*
FOOTER
  source file, hits/tokens/total
  C:\Users\Shoo\Dropbox\workspace\CorpusSearch_Auto\data\corporas\YCOE\temp1492105600559\prefaces_epilogues_nonprivate_and_private_letters\copreflives.o3.psd	12/6/22
*/
/*
HEADER:
source file:  C:\Users\Shoo\Dropbox\workspace\CorpusSearch_Auto\data\corporas\YCOE\temp1492105600559\prefaces_epilogues_nonprivate_and_private_letters\coprefsolilo.psd
*/

/~*
Ne com ic na+ter mid anre byr+dene ham +te me ne lyste ealne +tane wude ham
brengan, gif ic hyne ealne aberan meihte.
(coprefsolilo,SolilPref:1.5.3)
*~/
/*
4 NEG:  4 NEG, 5 Ne
11 NEG+CONJ:  11 NEG+CONJ, 12 na+ter
33 NEG:  33 NEG, 34 ne
*/

( (CODE <T06670000200,1.5>)
  (IP-MAT (NEG Ne)
	  (VBDI com)
	  (NP-NOM (PRO^N ic))
	  (NEG+CONJ na+ter)
	  (PP (P mid)
	      (NP-DAT (NUM^D anre) (N^D byr+dene)))
	  (ADVP-DIR (ADV^D ham))
	  (CP-ADV (C +te)
		  (IP-SUB (NP-NOM-x *exp*)
			  (NP (PRO me))
			  (NEG ne)
			  (VBD lyste)
			  (IP-INF-x (NP-ACC (Q^A ealne) (D^A +tane) (N^A wude))
				    (ADVP-DIR (ADV^D ham))
				    (VB brengan))
			  (, ,)
			  (CP-ADV (P gif)
				  (C 0)
				  (IP-SUB (NP-NOM (PRO^N ic))
					  (NP-ACC (PRO^A hyne) (Q^A ealne))
					  (VB aberan)
					  (MDD meihte)))))
	  (. .))
  (ID coprefsolilo,SolilPref:1.5.3))

/~*
For+tam ic l+are +alcne +dara +te maga si and $manigne w+an h+abbe, +t+at he
menige to +tam ilcan wuda +tar ic +das stu+dansceaftas cearf, fetige hym +tar
ma, and gefe+drige hys w+anas mid fegrum gerdum, +tat he mage windan manigne
smicerne wah, and manig +anlic hus settan, and fegerne tun timbrian, and
$+t+ar murge and softe mid m+age on eardian +ag+der ge wintras ge sumeras, swa
swa ic nu ne gyt ne dyde.
(coprefsolilo,SolilPref:1.8.5)
*~/
/*
237 NEG+ADV:  237 NEG+ADV, 238 ne
242 NEG:  242 NEG, 243 ne
*/

( (CODE <T06670000400,1.8>)
  (IP-MAT (ADVP (ADV For+tam))
	  (NP-NOM (PRO^N ic))
	  (VBP l+are)
	  (NP-ACC (Q^A +alcne)
		  (NP-GEN (D^G +dara))
		  (CP-REL (WNP-NOM-1 0)
			  (C +te)
			  (IP-SUB (IP-SUB (NP-NOM *T*-1)
					  (ADJP-NOM-PRD (ADJ^N maga))
					  (BEPS si))
				  (CONJP (CONJ and)
					 (IP-SUB-CON (NP-NOM *T*-1)
						     (NP-ACC (Q^A $manigne) (N^A w+an))
						     (HVPS h+abbe))))))
	  (, ,)
	  (CP-THT (C +t+at)
		  (IP-SUB (IP-SUB (NP-NOM (PRO^N he))
				  (VBPS menige)
				  (PP (P to)
				      (NP-DAT (D^D +tam)
					      (ADJ^D ilcan)
					      (N^D wuda)
					      (CP-REL (WADVP-LOC-4 (ADV^L +tar))
						      (C 0)
						      (IP-SUB (ADVP-LOC *T*-4)
							      (NP-NOM (PRO^N ic))
							      (NP-ACC (D^A +das) (ADJ^A stu+dansceaftas))
							      (VBDI cearf))))))
			  (, ,)
			  (CONJP (IP-SUB-CON (NP-NOM *con*)
					     (VBPS fetige)
					     (NP-DAT-RFL-ADT (PRO^D hym))
					     (ADVP-LOC (ADV^L +tar))
					     (NP (QR ma))))
			  (, ,)
			  (CONJP (CONJ and)
				 (IP-SUB-CON (NP-NOM *con*)
					     (VBPS gefe+drige)
					     (NP-ACC (PRO$ hys) (N^A w+anas))
					     (PP (P mid)
						 (NP-DAT (ADJ^D fegrum) (N^D gerdum)))
					     (, ,)
					     (CP-ADV (C +tat)
						     (IP-SUB (IP-SUB-0 (NP-NOM (PRO^N he))
								       (MDPS mage)
								       (VB windan)
								       (NP-ACC (Q^A manigne) (ADJ^A smicerne) (N^A wah)))
							     (, ,)
							     (CONJP (CONJ and)
								    (IPX-SUB-CON=0 (NP-ACC (Q^A manig) (ADJ^A +anlic) (N^A hus))
										   (VB settan)))
							     (, ,)
							     (CONJP (CONJ and)
								    (IPX-SUB-CON=0 (NP-ACC (ADJ^A fegerne) (N^A tun))
										   (VB timbrian)))
							     (, ,)
							     (CONJP (CONJ and)
								    (IPX-SUB-CON=0 (ADVP-LOC-2 (ADV^L $+t+ar))
										   (ADVP (ADV murge) (CONJ and) (ADV softe))
										   (PP (P mid)
										       (NP-DAT (N^D m+age)))
										   (PP (ADVP-LOC *ICH*-2)
										       (P on))
										   (VB eardian)
										   (NP-ACC-TMP (CONJ +ag+der) (CONJ ge) (N^A wintras) (CONJ ge) (N^A sumeras))
										   (, ,)
										   (PP (ADV swa)
										       (P swa)
										       (CP-CMP (WADVP-3 0)
											       (C 0)
											       (IP-SUB (ADVP *T*-3)
												       (NP-NOM (PRO^N ic))
												       (ADVP-TMP (ADV^T nu))
												       (ADVP (NEG+ADV ne))
												       (ADVP-TMP (ADV^T gyt))
												       (NEG ne)
												       (VBD dyde))))))))))))
	  (. .))
  (ID coprefsolilo,SolilPref:1.8.5))

/~*
Nis hit nan wundor +teah $man $swilc ontimber gewirce, and eac on $+tare lade
and eac on +t+are bytlinge;
(coprefsolilo,SolilPref:2.1.9)
*~/
/*
4 NEG+BEPI:  4 NEG+BEPI, 5 Nis
10 NEG+Q^N:  10 NEG+Q^N, 11 nan
*/

( (CODE <T06670000700,2.1>)
  (IP-MAT (NEG+BEPI Nis)
	  (NP-NOM (PRO^N hit))
	  (NP-NOM-PRD (NEG+Q^N nan) (N^N wundor))
	  (CP-ADV (P +teah)
		  (C 0)
		  (IP-SUB (NP-NOM (MAN^N $man))
			  (NP-ACC (ADJ^A $swilc) (N^A ontimber))
			  (VBPS gewirce)
			  (, ,)
			  (PP (CONJ and)
			      (ADV eac)
			      (PP (P on)
				  (NP-DAT (D^D $+tare) (N^D lade)))
			      (CONJP (CONJ and)
				     (ADV eac)
				     (PP (P on)
					 (NP-DAT (D^D +t+are) (N^D bytlinge)))))))
	  (. ;))
  (ID coprefsolilo,SolilPref:2.1.9))

/~*
+ta bec sint gehatene Soliloquiorum, +tat is, be hys modis smeaunge and
tweounga, hu hys gesceadwisnes answarode hys mode +tonne +t+at mod ymbe hw+at
tweonode, o+d+te hit hw+as wilnode to witanne, +t+as +te hit +ar for sweotole
ongytan ne meahte.
(coprefsolilo,SolilPref:2.13.14)
*~/
/*
132 NEG:  132 NEG, 133 ne
*/

( (IP-MAT (NP-NOM (D^N +ta) (N^N bec))
	  (BEPI sint)
	  (VBN^N gehatene)
	  (XP-PRD (FW Soliloquiorum)
		  (, ,)
		  (IP-MAT (NP-NOM (D^N +tat))
			  (BEPI is)
			  (, ,)
			  (XP (PP (P be)
				  (NP-DAT (NP-GEN (PRO$ hys) (N^G modis))
					  (N^D smeaunge)
					  (CONJP (CONJ and)
						 (NX-DAT (N^D tweounga)))
					  (, ,)
					  (CP-QUE-PRN (WADVP-1 (WADV hu))
						      (C 0)
						      (IP-SUB (ADVP *T*-1)
							      (NP-NOM (PRO$ hys) (N^N gesceadwisnes))
							      (VBD answarode)
							      (NP-DAT (PRO$ hys) (N^D mode))
							      (CP-ADV (P +tonne)
								      (C 0)
								      (IP-SUB (IP-SUB (NP-NOM (D^N +t+at) (N^N mod))
										      (PP (P ymbe)
											  (NP-ACC (Q^A hw+at)))
										      (VBD tweonode))
									      (, ,)
									      (CONJP (CONJ o+d+te)
										     (IP-SUB-CON (NP-NOM (PRO^N hit))
												 (NP-GEN-2 (Q^G hw+as)
													   (CP-REL *ICH*-4))
												 (VBD wilnode)
												 (IP-INF (NP-GEN *ICH*-2)
													 (TO to)
													 (VB^D witanne))
												 (, ,)
												 (CP-REL-4 (WNP-GEN-3 (D^G +t+as))
													   (C +te)
													   (IP-SUB (NP-GEN *T*-3)
														   (NP-NOM (PRO^N hit))
														   (ADVP-TMP (ADV^T +ar))
														   (ADVP (ADV for) (ADV sweotole))
														   (VB ongytan)
														   (NEG ne)
														   (MDD meahte))))))))))))))
	  (. .))
  (ID coprefsolilo,SolilPref:2.13.14))
/*
FOOTER
  source file, hits/tokens/total
  C:\Users\Shoo\Dropbox\workspace\CorpusSearch_Auto\data\corporas\YCOE\temp1492105600559\prefaces_epilogues_nonprivate_and_private_letters\coprefsolilo.psd	8/4/14
*/
/*
SUMMARY:  
source files, hits/tokens/total
  C:\Users\Shoo\Dropbox\workspace\CorpusSearch_Auto\data\corporas\YCOE\temp1492105600559\prefaces_epilogues_nonprivate_and_private_letters\coepigen.o3.psd	8/4/68
  C:\Users\Shoo\Dropbox\workspace\CorpusSearch_Auto\data\corporas\YCOE\temp1492105600559\prefaces_epilogues_nonprivate_and_private_letters\coprefcath1.o3.psd	25/14/58
  C:\Users\Shoo\Dropbox\workspace\CorpusSearch_Auto\data\corporas\YCOE\temp1492105600559\prefaces_epilogues_nonprivate_and_private_letters\coprefcath2.o3.psd	3/2/17
  C:\Users\Shoo\Dropbox\workspace\CorpusSearch_Auto\data\corporas\YCOE\temp1492105600559\prefaces_epilogues_nonprivate_and_private_letters\coprefcura.o2.psd	21/11/37
  C:\Users\Shoo\Dropbox\workspace\CorpusSearch_Auto\data\corporas\YCOE\temp1492105600559\prefaces_epilogues_nonprivate_and_private_letters\coprefgen.o3.psd	40/19/79
  C:\Users\Shoo\Dropbox\workspace\CorpusSearch_Auto\data\corporas\YCOE\temp1492105600559\prefaces_epilogues_nonprivate_and_private_letters\copreflives.o3.psd	12/6/22
  C:\Users\Shoo\Dropbox\workspace\CorpusSearch_Auto\data\corporas\YCOE\temp1492105600559\prefaces_epilogues_nonprivate_and_private_letters\coprefsolilo.psd	8/4/14
whole search, hits/tokens/total
		117/60/295
*/
