/*
PREFACE:  
Copyright 2010 Beth Randall
Date:  Thu Apr 13 18:59:23 BST 2017

command file:     data\searches\queries\PENN\stranded_prepositions.q
output file:      C:\Users\Shoo\Dropbox\workspace\CorpusSearch_Auto\data\output\13-04-2017 18.46.36.333 PPCMBE\stranded_prepositions\science_astronomy_geography\result.out

node:   *|P
query:  (P Dominates  !P) 
  AND  (* iDomsLast  P) 
*/
/*
HEADER:
source file:  C:\Users\Shoo\Dropbox\workspace\CorpusSearch_Auto\data\corporas\PPCMBE\temp1492106160469\science_astronomy_geography\albin-1736.psd
*/
/*
FOOTER
  source file, hits/tokens/total
  C:\Users\Shoo\Dropbox\workspace\CorpusSearch_Auto\data\corporas\PPCMBE\temp1492106160469\science_astronomy_geography\albin-1736.psd	0/0/843
*/
/*
HEADER:
source file:  C:\Users\Shoo\Dropbox\workspace\CorpusSearch_Auto\data\corporas\PPCMBE\temp1492106160469\science_astronomy_geography\faraday-1859.psd
*/
/*
FOOTER
  source file, hits/tokens/total
  C:\Users\Shoo\Dropbox\workspace\CorpusSearch_Auto\data\corporas\PPCMBE\temp1492106160469\science_astronomy_geography\faraday-1859.psd	0/0/484
*/
/*
HEADER:
source file:  C:\Users\Shoo\Dropbox\workspace\CorpusSearch_Auto\data\corporas\PPCMBE\temp1492106160469\science_astronomy_geography\herschel-1797.psd
*/

/~*
Three very small stars O P Q, are in the path of the planet;
(HERSCHEL-1797,14.317)
*~/
/*
17 P:  17 P, 16 N
*/
( (IP-MAT (NP-SBJ (NUM Three)
		  (ADJP (ADV very) (ADJ small))
		  (NS stars)
		  (NP-PRN (N O)
			  (CONJP (N P))
			  (CONJP (N Q))))
	  (, ,)
	  (BEP are)
	  (PP (P in)
	      (NP (D the)
		  (N path)
		  (PP (P of)
		      (NP (D the) (N planet)))))
	  (. ;))
  (ID HERSCHEL-1797,14.317))

/~*
From X towards the triangle O P Q of March 23d, is an exceeding small star Y,
about four times the distance of the 2d satellite, and nearly in the line of
the greatest elongation.
(HERSCHEL-1797,14.328)
*~/
/*
22 P:  22 P, 21 N
*/

( (IP-MAT (NP-MSR (PP (P From)
		      (NP (N X)))
		  (PP (P towards)
		      (NP (D the)
			  (N triangle)
			  (NP-PRN (N O)
				  (CONJP (N P))
				  (CONJP (N Q)))
			  (PP (P of)
			      (NP (NPR March) (ADJ 23d))))))
	  (, ,)
	  (BEP is)
	  (NP-SBJ (D an)
		  (ADJP (ADV exceeding) (ADJ small))
		  (N star)
		  (NP-PRN (N Y)))
	  (, ,)
	  (ADVP-LOC (ADVP (NP-MSR (NUMP (ADV about) (NUM four))
				  (NS times))
			  (D the)
			  (N distance)
			  (PP (P of)
			      (NP (D the) (ADJ 2d) (N satellite))))
		    (, ,)
		    (CONJP (CONJ and)
			   (PP (ADV nearly)
			       (P in)
			       (NP (D the)
				   (N line)
				   (PP (P of)
				       (NP (D the) (ADJS greatest) (N elongation)))))))
	  (. .))
  (ID HERSCHEL-1797,14.328))
/*
FOOTER
  source file, hits/tokens/total
  C:\Users\Shoo\Dropbox\workspace\CorpusSearch_Auto\data\corporas\PPCMBE\temp1492106160469\science_astronomy_geography\herschel-1797.psd	2/2/731
*/
/*
HEADER:
source file:  C:\Users\Shoo\Dropbox\workspace\CorpusSearch_Auto\data\corporas\PPCMBE\temp1492106160469\science_astronomy_geography\lyell-1830.psd
*/

/~*
and when at length they approximated, or entirely came round to an opposite
opinion, it was always with the feeling, that they conceded what they were
justified a` priori in deeming improbable.
(LYELL-1830,1,86.162)
*~/
/*
36 P:  36 P, 37 to, 35 PP
*/

( (IP-MAT (CONJ and)
	  (PP (P when)
	      (CP-ADV (C 0)
		      (IP-SUB-1 (PP (P at)
				    (NP (N length)))
				(NP-SBJ (PRO they))
				(VBD approximated)
				(, ,)
				(IP-SUB-PRN=1 (CONJ or)
					      (ADVP (ADV entirely))
					      (VBD came)
					      (ADVP (ADV round)
						    (PP (P to))))
				(NP-OB1 (D an) (ADJ opposite) (N opinion)))))
	  (, ,)
	  (NP-SBJ (PRO it))
	  (BED was)
	  (ADVP-TMP (ADV always))
	  (PP (P with)
	      (NP (D the)
		  (N feeling)
		  (, ,)
		  (CP-THT (C that)
			  (IP-SUB (NP-SBJ (PRO they))
				  (VBD conceded)
				  (NP-OB1 (CP-FRL (WNP-2 (WPRO what))
						  (C 0)
						  (IP-SUB (NP-SBJ (PRO they))
							  (BED were)
							  (VAN justified)
							  (CODE <font>)
							  (LATIN (FW a`) (FW priori))
							  (CODE <$$font>)
							  (PP (P in)
							      (IP-PPL (VAG deeming)
								      (IP-SMC (NP-SBJ *T*-2)
									      (ADJP (ADJ improbable))))))))))))
	  (. .))
  (ID LYELL-1830,1,86.162))
/*
FOOTER
  source file, hits/tokens/total
  C:\Users\Shoo\Dropbox\workspace\CorpusSearch_Auto\data\corporas\PPCMBE\temp1492106160469\science_astronomy_geography\lyell-1830.psd	1/1/303
*/
/*
HEADER:
source file:  C:\Users\Shoo\Dropbox\workspace\CorpusSearch_Auto\data\corporas\PPCMBE\temp1492106160469\science_astronomy_geography\priestley-1769.psd
*/

/~*
He was also an eye witness of two clouds lying one over the other, approaching,
and flashing into one another.
(PRIESTLEY-1769,175.244)
*~/
/*
51 P:  51 P, 52 into, 50 PP
*/

( (IP-MAT (NP-SBJ (PRO He))
	  (BED was)
	  (ALSO also)
	  (NP-OB1 (D an)
		  (N eye)
		  (N witness)
		  (PP (P of)
		      (IP-PPL-1 (NP-SBJ (NUM two)
					(NS clouds)
					(RRC (VAG lying)
					     (NP-OB1 (ONE one))
					     (PP (P over)
						 (NP (D the) (OTHER other)))))
				(, ,)
				(VAG approaching)
				(, ,)
				(IP-PPL=1 (CONJ and)
					  (VAG flashing)
					  (PP (P into)))
				(NP-OB1 (ONE one) (D+OTHER another)))))
	  (. .))
  (ID PRIESTLEY-1769,175.244))
/*
FOOTER
  source file, hits/tokens/total
  C:\Users\Shoo\Dropbox\workspace\CorpusSearch_Auto\data\corporas\PPCMBE\temp1492106160469\science_astronomy_geography\priestley-1769.psd	1/1/318
*/
/*
HEADER:
source file:  C:\Users\Shoo\Dropbox\workspace\CorpusSearch_Auto\data\corporas\PPCMBE\temp1492106160469\science_astronomy_geography\strutt-1890.psd
*/

/~*
A class of vibrations is also possible which are symmetrical about the axis,
the motion at any point being either in or perpendicular to the meridional
plane.
(STRUTT-1890,3,318.17)
*~/
/*
74 P:  74 P, 75 to, 73 PP
*/

( (IP-MAT (NP-SBJ (D A)
		  (N class)
		  (PP (P of)
		      (NP (NS vibrations)))
		  (CP-REL *ICH*-1))
	  (BEP is)
	  (ALSO also)
	  (ADJP (ADJ possible))
	  (CP-REL-1 (WNP-2 (WPRO which))
		    (C 0)
		    (IP-SUB (NP-SBJ *T*-2)
			    (BEP are)
			    (ADJP (ADJ symmetrical)
				  (PP (P about)
				      (NP (D the) (N axis))))
			    (, ,)
			    (IP-PPL-ABS-3 (NP-SBJ (D the) (N motion))
					  (PP (P at)
					      (NP (Q any) (N point)))
					  (BAG being)
					  (CONJ either)
					  (PP (P in)
					      (IP-PPL-PRN=3 (CONJ or)
							    (ADJP (ADJ perpendicular)
								  (PP (P to))))
					      (NP (D the) (ADJ meridional) (N plane))))))
	  (. .))
  (ID STRUTT-1890,3,318.17))
/*
FOOTER
  source file, hits/tokens/total
  C:\Users\Shoo\Dropbox\workspace\CorpusSearch_Auto\data\corporas\PPCMBE\temp1492106160469\science_astronomy_geography\strutt-1890.psd	1/1/468
*/
/*
SUMMARY:  
source files, hits/tokens/total
  C:\Users\Shoo\Dropbox\workspace\CorpusSearch_Auto\data\corporas\PPCMBE\temp1492106160469\science_astronomy_geography\albin-1736.psd	0/0/843
  C:\Users\Shoo\Dropbox\workspace\CorpusSearch_Auto\data\corporas\PPCMBE\temp1492106160469\science_astronomy_geography\faraday-1859.psd	0/0/484
  C:\Users\Shoo\Dropbox\workspace\CorpusSearch_Auto\data\corporas\PPCMBE\temp1492106160469\science_astronomy_geography\herschel-1797.psd	2/2/731
  C:\Users\Shoo\Dropbox\workspace\CorpusSearch_Auto\data\corporas\PPCMBE\temp1492106160469\science_astronomy_geography\lyell-1830.psd	1/1/303
  C:\Users\Shoo\Dropbox\workspace\CorpusSearch_Auto\data\corporas\PPCMBE\temp1492106160469\science_astronomy_geography\priestley-1769.psd	1/1/318
  C:\Users\Shoo\Dropbox\workspace\CorpusSearch_Auto\data\corporas\PPCMBE\temp1492106160469\science_astronomy_geography\strutt-1890.psd	1/1/468
whole search, hits/tokens/total
		5/5/3147
*/
