/*
PREFACE:  
Copyright 2010 Beth Randall
Date:  Thu Apr 13 18:59:48 BST 2017

command file:     data\searches\queries\PENN\wh-questions.q
output file:      C:\Users\Shoo\Dropbox\workspace\CorpusSearch_Auto\data\output\13-04-2017 18.46.36.333 PPCMBE\whquestions\prefaces_epilogues_nonprivate_and_private_letters\result.out

node:   CP-QUE|CP-QUE-SBJ|WADV*|WCP*|WIP*|WNP*|WQP*
query:  (WADV*|WCP*|WIP*|WNP*|WQP* Dominates  !WADV*|WCP*|WIP*|WNP*|WQP*) 
  AND  (CP-QUE|CP-QUE-SBJ iDominates  WADV*|WCP*|WIP*|WNP*|WQP*) 
*/
/*
HEADER:
source file:  C:\Users\Shoo\Dropbox\workspace\CorpusSearch_Auto\data\corporas\PPCMBE\temp1492106160469\prefaces_epilogues_nonprivate_and_private_letters\austen-180x.psd
*/

/~*
& tells what theirs told before as to his present situation;
(AUSTEN-180X,162.52)
*~/
/*
9 WNP-1:  9 WNP-1, 11 what, 8 CP-QUE
*/
( (IP-MAT (CONJ &)
	  (NP-SBJ *con*)
	  (VBP tells)
	  (CP-QUE (WNP-1 (WPRO what))
		  (C 0)
		  (IP-SUB (NP-OB1 *T*-1)
			  (NP-SBJ (PRO$ theirs))
			  (VBD told)
			  (ADVP-TMP (ADV before))
			  (PP (P as)
			      (PP (P to)
				  (NP (PRO$ his) (ADJ present) (N situation))))))
	  (. ;))
  (ID AUSTEN-180X,162.52))

/~*
He gives us all the most cordial invitation to his house in the country,
saying just what the Williams ought to say to make us welcome.
(AUSTEN-180X,172.259)
*~/
/*
47 WNP-1:  47 WNP-1, 49 what, 46 CP-QUE
*/

( (IP-MAT (NP-SBJ (PRO He))
	  (VBP gives)
	  (NP-OB2 (PRO us))
	  (Q all)
	  (NP-OB1 (D the)
		  (ADJP (QS most) (ADJ cordial))
		  (N invitation)
		  (PP (P to)
		      (NP (PRO$ his)
			  (N house)
			  (PP (P in)
			      (NP (D the) (N country))))))
	  (, ,)
	  (IP-PPL (VAG saying)
		  (ADVP (ADV just))
		  (CP-QUE (WNP-1 (WPRO what))
			  (C 0)
			  (IP-SUB (NP-OB1 *T*-1)
				  (NP-SBJ (D the) (NPRS Williams))
				  (MD ought)
				  (TO to)
				  (VB say)
				  (IP-INF-PRP (TO to)
					      (VB make)
					      (IP-SMC (NP-SBJ (PRO us))
						      (ADJP (ADJ welcome)))))))
	  (. .))
  (ID AUSTEN-180X,172.259))

/~*
- What is become of all the Shyness in the World?
(AUSTEN-180X,179.407)
*~/
/*
4 WNP-1:  4 WNP-1, 6 What, 1 CP-QUE
*/

( (CP-QUE (, -)
	  (WNP-1 (WPRO What))
	  (IP-SUB (NP-SBJ *T*-1)
		  (BEP is)
		  (VBN become)
		  (PP (P of)
		      (NP (Q all)
			  (D the)
			  (N Shyness)
			  (PP (P in)
			      (CODE <P_179>)
			      (NP (D the) (N World))))))
	  (. ?))
  (ID AUSTEN-180X,179.407))

/~*
The negociation between them & Adlestrop so happily over indeed, what can have
power to vex her materially?
(AUSTEN-180X,182.507)
*~/
/*
30 WNP-1:  30 WNP-1, 32 what, 1 CP-QUE
*/

( (CP-QUE (IP-ABS (NP-SBJ (D The)
			  (N negociation)
			  (PP (P between)
			      (NP (PRO them) (CONJ &) (NPR Adlestrop))))
		  (ADVP (ADVR so) (ADV happily))
		  (RP over)
		  (PP (P+N indeed)))
	  (, ,)
	  (WNP-1 (WPRO what))
	  (IP-SUB (NP-SBJ *T*-1)
		  (MD can)
		  (HV have)
		  (NP-OB1 (N power)
			  (IP-INF (TO to)
				  (VB vex)
				  (NP-OB1 (PRO her))
				  (ADVP (ADV materially)))))
	  (. ?))
  (ID AUSTEN-180X,182.507))

/~*
- what they are about, nor how many volumes they form I do not know, having
never heard of them but from Miss Irvine, who speaks of them as a new & much
admired work, & as one which has pleased her highly.
(AUSTEN-180X,185.548)
*~/
/*
6 WNP-1:  6 WNP-1, 8 what, 5 CP-QUE
*/

( (IP-MAT (, -)
	  (CP-QUE (CP-QUE (WNP-1 (WPRO what))
			  (C 0)
			  (IP-SUB (NP-SBJ (PRO they))
				  (BEP are)
				  (PP (P about)
				      (NP *T*-1))))
		  (, ,)
		  (CONJP (CONJ nor)
			 (CP-QUE (WNP-2 (WQP (WADV how) (Q many))
					(NS volumes))
				 (C 0)
				 (IP-SUB (NP-OB1 *T*-2)
					 (NP-SBJ (PRO they))
					 (VBP form)))))
	  (NP-SBJ (PRO I))
	  (DOP do)
	  (NEG not)
	  (VB know)
	  (, ,)
	  (IP-PPL (HAG having)
		  (ADVP-TMP (ADV never))
		  (VBN heard)
		  (PP (P of)
		      (NP (PRO them)))
		  (PP (P but)
		      (PP (P from)
			  (NP (NPR Miss)
			      (NPR Irvine)
			      (, ,)
			      (CP-REL (WNP-3 (WPRO who))
				      (C 0)
				      (IP-SUB (NP-SBJ *T*-3)
					      (VBP speaks)
					      (PP (P of)
						  (NP (PRO them)))
					      (PP (PP (P as)
						      (NP (D a)
							  (ADJP (ADJP (ADJ new))
								(CONJP (CONJ &)
								       (ADJP (Q much) (VAN admired))))
							  (N work)))
						  (, ,)
						  (CONJP (CONJ &)
							 (PP (P as)
							     (NP (ONE one)
								 (CP-REL (WNP-4 (WPRO which))
									 (C 0)
									 (IP-SUB (NP-SBJ *T*-4)
										 (HVP has)
										 (CODE <P_185>)
										 (VBN pleased)
										 (NP-OB2 (PRO her))
										 (ADVP (ADV highly))))))))))))))
	  (. .))
  (ID AUSTEN-180X,185.548))

/~*
I shall have to tell you how she likes the House & what she thinks of Mary.
(AUSTEN-180X,186.575)
*~/
/*
41 WNP-2:  41 WNP-2, 43 what, 40 CP-QUE
*/

( (IP-MAT (NP-SBJ (PRO I))
	  (MD shall)
	  (HV have)
	  (IP-INF (TO to)
		  (VB tell)
		  (NP-OB2 (PRO you))
		  (CP-QUE (CP-QUE (WADVP-1 (WADV how))
				  (C 0)
				  (IP-SUB (ADVP *T*-1)
					  (NP-SBJ (PRO she))
					  (VBP likes)
					  (NP-OB1 (D the) (N House))))
			  (CONJP (CONJ &)
				 (CP-QUE (WNP-2 (WPRO what))
					 (C 0)
					 (IP-SUB (NP-OB1 *T*-2)
						 (NP-SBJ (PRO she))
						 (VBP thinks)
						 (PP (P of)
						     (NP (NPR Mary))))))))
	  (. .))
  (ID AUSTEN-180X,186.575))

/~*
Which of all my important nothings shall I tell you first?
(AUSTEN-180X,186.587)
*~/
/*
2 WNP-1:  2 WNP-1, 16 nothings, 1 CP-QUE
*/

( (CP-QUE (WNP-1 (WPRO Which)
		 (PP (P of)
		     (NP (Q all) (PRO$ my) (ADJ important) (Q+NS nothings))))
	  (IP-SUB (NP-OB1 *T*-1)
		  (MD shall)
		  (NP-SBJ (PRO I))
		  (VB tell)
		  (NP-OB2 (PRO you))
		  (ADVP-TMP (ADV first)))
	  (. ?))
  (ID AUSTEN-180X,186.587))
/*
FOOTER
  source file, hits/tokens/total
  C:\Users\Shoo\Dropbox\workspace\CorpusSearch_Auto\data\corporas\PPCMBE\temp1492106160469\prefaces_epilogues_nonprivate_and_private_letters\austen-180x.psd	7/7/741
*/
/*
HEADER:
source file:  C:\Users\Shoo\Dropbox\workspace\CorpusSearch_Auto\data\corporas\PPCMBE\temp1492106160469\prefaces_epilogues_nonprivate_and_private_letters\carlyle-1835.psd
*/

/~*
When I look over the world, and see what Mothers and Fathers the average have,
I feel thankful for mine.
(CARLYLE-1835,2,259.85)
*~/
/*
34 WNP-1:  34 WNP-1, 44 Fathers, 33 CP-QUE
*/

( (IP-MAT (PP (P When)
	      (CP-ADV (C 0)
		      (IP-SUB (IP-SUB (NP-SBJ (PRO I))
				      (VBP look)
				      (PP (P over)
					  (NP (D the) (N world))))
			      (, ,)
			      (CONJP (CONJ and)
				     (IP-SUB (NP-SBJ *con*)
					     (VBP see)
					     (CP-QUE (WNP-1 (WD what)
							    (NS Mothers)
							    (CONJP (CONJ and)
								   (NX (NS Fathers))))
						     (C 0)
						     (IP-SUB (NP-OB1 *T*-1)
							     (NP-SBJ (D the) (ADJ average))
							     (HVP have))))))))
	  (, ,)
	  (NP-SBJ (PRO I))
	  (VBP feel)
	  (ADJP (ADJ thankful)
		(PP (P for)
		    (NP (PRO$ mine))))
	  (. .))
  (ID CARLYLE-1835,2,259.85))

/~*
You will judge what a dry soil we have by my delving at this season.
(CARLYLE-1835,2,271.252)
*~/
/*
10 WNP-1:  10 WNP-1, 20 soil, 9 CP-QUE
*/

( (IP-MAT (NP-SBJ (PRO You))
	  (MD will)
	  (VB judge)
	  (CP-QUE (WNP-1 (WD what) (D a) (CODE <P_2,271>) (ADJ dry) (N soil))
		  (C 0)
		  (IP-SUB (NP-OB1 *T*-1)
			  (NP-SBJ (PRO we))
			  (HVP have)))
	  (PP (P by)
	      (NP (PRO$ my)
		  (IP-PPL (VAG delving)
			  (PP (P at)
			      (NP (D this) (N season))))))
	  (. .))
  (ID CARLYLE-1835,2,271.252))

/~*
I long to know all about you, how you are, what you are doing.
(CARLYLE-1835,2,276.342)
*~/
/*
42 WNP-2:  42 WNP-2, 44 what, 41 CP-QUE
*/

( (IP-MAT (NP-SBJ (PRO I))
	  (VBP long)
	  (IP-INF (TO to)
		  (VB know)
		  (NP-OB1 (NP (Q all)
			      (PP (P about)
				  (NP (PRO you))))
			  (, ,)
			  (CP-QUE (WADVP-1 (WADV how))
				  (C 0)
				  (IP-SUB (ADVP *T*-1)
					  (NP-SBJ (PRO you))
					  (BEP are)))
			  (, ,)
			  (CONJP (CP-QUE (WNP-2 (WPRO what))
					 (C 0)
					 (IP-SUB (NP-OB1 *T*-2)
						 (NP-SBJ (PRO you))
						 (BEP are)
						 (DAG doing))))))
	  (. .))
  (ID CARLYLE-1835,2,276.342))

/~*
I wish I knew what were really wisest for you.
(CARLYLE-1835,2,278.365)
*~/
/*
19 WNP-1:  19 WNP-1, 21 what, 18 CP-QUE
*/

( (IP-MAT (NP-SBJ (PRO I))
	  (VBP wish)
	  (CP-THT (C 0)
		  (IP-SUB (NP-SBJ (PRO I))
			  (VBD knew)
			  (CODE <P_2,278>)
			  (CP-QUE (WNP-1 (WPRO what))
				  (C 0)
				  (IP-SUB (NP-SBJ *T*-1)
					  (BED were)
					  (ADVP (ADV really))
					  (ADJP (ADJS wisest)
						(PP (P for)
						    (NP (PRO you))))))))
	  (. .))
  (ID CARLYLE-1835,2,278.365))

/~*
What degree of reward it is at present, I know not at all,
(CARLYLE-1835,2,279.386)
*~/
/*
3 WNP-1:  3 WNP-1, 13 reward, 2 CP-QUE
*/

( (IP-MAT (CP-QUE (WNP-1 (WD What)
			 (N degree)
			 (PP (P of)
			     (NP (N reward))))
		  (C 0)
		  (IP-SUB (NP-OB1 *T*-1)
			  (NP-SBJ (PRO it))
			  (BEP is)
			  (PP (P at)
			      (ADJP (ADJ present)))))
	  (, ,)
	  (NP-SBJ (PRO I))
	  (VBP know)
	  (NEG not)
	  (PP (P at)
	      (NP (Q all)))
	  (. ,))
  (ID CARLYLE-1835,2,279.386))

/~*
- Think therefore what you might earn by trading in say corn and meal, no
farther than you already see and understand such trade.
(CARLYLE-1835,2,281.403)
*~/
/*
10 WNP-1:  10 WNP-1, 12 what, 9 CP-QUE
*/

( (IP-IMP (, -)
	  (VBI Think)
	  (PP (ADV+P therefore))
	  (CP-QUE (WNP-1 (WPRO what))
		  (C 0)
		  (IP-SUB (NP-OB1 *T*-1)
			  (NP-SBJ (PRO you))
			  (MD might)
			  (VB earn)
			  (PP (P by)
			      (IP-PPL (VAG trading)
				      (PP (P in)
					  (CODE <paren>)
					  (IP-IMP-PRN (VBI say))
					  (CODE <$$paren>)
					  (NP (N corn) (CONJ and) (N meal)))
				      (, ,)
				      (NP-MSR (Q no)
					      (ADJR farther)
					      (PP (P than)
						  (CP-CMP (WNP-2 0)
							  (C 0)
							  (IP-SUB (NP-MSR *T*-2)
								  (NP-SBJ (PRO you))
								  (ADVP-TMP (ADV already))
								  (VBP (VBP see) (CONJ and) (VBP understand))
								  (NP-OB1 (SUCH such) (N trade))))))))))
	  (. .))
  (ID CARLYLE-1835,2,281.403))

/~*
What could I do but sorrowing go and try to obey.
(CARLYLE-1835,2,288.507)
*~/
/*
2 WNP-1:  2 WNP-1, 4 What, 1 CP-QUE
*/

( (CP-QUE (WNP-1 (WPRO What))
	  (IP-SUB (NP-OB1 *T*-1)
		  (MD could)
		  (NP-SBJ (PRO I))
		  (DO do)
		  (PP (P but)
		      (IP-INF (IP-INF (IP-PPL (VAG sorrowing))
				      (TO *)
				      (VB go))
			      (CONJP (CONJ and)
				     (IP-INF (TO *)
					     (VB try)
					     (IP-INF (TO to) (VB obey)))))))
	  (. .))
  (ID CARLYLE-1835,2,288.507))
/*
FOOTER
  source file, hits/tokens/total
  C:\Users\Shoo\Dropbox\workspace\CorpusSearch_Auto\data\corporas\PPCMBE\temp1492106160469\prefaces_epilogues_nonprivate_and_private_letters\carlyle-1835.psd	7/7/699
*/
/*
HEADER:
source file:  C:\Users\Shoo\Dropbox\workspace\CorpusSearch_Auto\data\corporas\PPCMBE\temp1492106160469\prefaces_epilogues_nonprivate_and_private_letters\george-1763.psd
*/

/~*
what pass'd he has wrote to the D. of B. that there may be no jealousy in that
quarter of things being said to Nivernois that he is not entrusted with;
(GEORGE-1763,183.49)
*~/
/*
3 WNP-1:  3 WNP-1, 5 what, 2 CP-QUE
*/

( (IP-MAT (CP-QUE (WNP-1 (WPRO what))
		  (C 0)
		  (IP-SUB (NP-SBJ *T*-1)
			  (VBD pass'd)))
	  (NP-SBJ (PRO he))
	  (HVP has)
	  (VBN wrote)
	  (PP (P to)
	      (NP (D the)
		  (N D.)
		  (PP (P of)
		      (NP (NPR B.)))))
	  (CP-ADV (C that)
		  (IP-SUB (NP-SBJ-2 (EX there))
			  (MD may)
			  (BE be)
			  (NP-2 (Q no)
				(N jealousy)
				(PP *ICH*-3))
			  (PP (P in)
			      (NP (D that) (N quarter)))
			  (PP-3 (P of)
				(NP (NS things)
				    (RRC (BAG being)
					 (VAN said)
					 (PP (P to)
					     (NP (NPR Nivernois))))
				    (CP-REL (WNP-4 0)
					    (C that)
					    (IP-SUB (NP-SBJ (PRO he))
						    (BEP is)
						    (NEG not)
						    (VAN entrusted)
						    (PP (P with)
							(NP *T*-4))))))))
	  (. ;))
  (ID GEORGE-1763,183.49))

/~*
what the French mean by saying none of the troops have yet left the Combined
Army;
(GEORGE-1763,183.53)
*~/
/*
2 WNP-1:  2 WNP-1, 4 what, 1 CP-QUE
*/

( (CP-QUE (WNP-1 (WPRO what))
	  (IP-SUB (NP-OB1 *T*-1)
		  (DOP *)
		  (NP-SBJ (D the) (ADJ French))
		  (VB mean)
		  (PP (P by)
		      (IP-PPL (VAG saying)
			      (CP-THT (C 0)
				      (IP-SUB (NP-SBJ (Q none)
						      (PP (P of)
							  (NP (D the) (NS troops))))
					      (HVP have)
					      (ADVP-TMP (ADV yet))
					      (VBN left)
					      (NP-OB1 (D the) (VAN Combined) (N Army)))))))
	  (. ;))
  (ID GEORGE-1763,183.53))

/~*
I will send my dearest Friend tomorrow an exact list what regiments will be
broken.
(GEORGE-1763,184.65)
*~/
/*
27 WNP-1:  27 WNP-1, 31 regiments, 26 CP-QUE
*/

( (IP-MAT (NP-SBJ (PRO I))
	  (MD will)
	  (VB send)
	  (NP-OB2 (PRO$ my) (ADJS dearest) (N Friend))
	  (NP-TMP (N tomorrow))
	  (NP-OB1 (D an)
		  (ADJ exact)
		  (N list)
		  (CP-QUE (WNP-1 (WD what) (NS regiments))
			  (C 0)
			  (IP-SUB (NP-SBJ *T*-1)
				  (MD will)
				  (BE be)
				  (VAN broken))))
	  (. .))
  (ID GEORGE-1763,184.65))

/~*
but his sense and good heart will make him see what steps are necessary to
ruin the Newcastle faction, and those that would be only ruining individuals
who are not attach'd to that party;
(GEORGE-1763,187.99)
*~/
/*
29 WNP-1:  29 WNP-1, 33 steps, 28 CP-QUE
*/

( (IP-MAT (CONJ but)
	  (NP-SBJ (PRO$ his)
		  (N sense)
		  (CONJP (CONJ and)
			 (NX (ADJ good) (N heart))))
	  (MD will)
	  (VB make)
	  (IP-INF (NP-SBJ (PRO him))
		  (VB see)
		  (CP-QUE (CP-QUE (WNP-1 (WD what) (NS steps))
				  (C 0)
				  (IP-SUB (NP-SBJ *T*-1)
					  (BEP are)
					  (ADJP (ADJ necessary))
					  (IP-INF-PRP (TO to)
						      (VB ruin)
						      (NP-OB1 (D the) (NPR Newcastle) (N faction)))))
			  (, ,)
			  (CONJP (CONJ and)
				 (NP (D those)
				     (CP-REL (WNP-2 0)
					     (C that)
					     (IP-SUB (NP-SBJ *T*-2)
						     (MD would)
						     (BE be)
						     (FP only)
						     (VAG ruining)
						     (NP-OB1 (NS individuals)
							     (CP-REL (WNP-3 (WPRO who))
								     (C 0)
								     (IP-SUB (NP-SBJ *T*-3)
									     (BEP are)
									     (NEG not)
									     (VAN attach'd)
									     (PP (P to)
										 (NP (D that) (N party))))))))))))
	  (. ;))
  (ID GEORGE-1763,187.99))

/~*
when I see my D. Friend this evening I hope to hear what the answer has been,
(GEORGE-1763,188.116)
*~/
/*
37 WNP-1:  37 WNP-1, 39 what, 36 CP-QUE
*/

( (IP-MAT (PP (P when)
	      (CP-ADV (C 0)
		      (IP-SUB (NP-SBJ (PRO I))
			      (VBP see)
			      (NP-OB1 (PRO$ my) (ADJ D.) (N Friend))
			      (NP-TMP (D this) (N evening)))))
	  (NP-SBJ (PRO I))
	  (VBP hope)
	  (IP-INF (TO to)
		  (VB hear)
		  (CP-QUE (WNP-1 (WPRO what))
			  (C 0)
			  (IP-SUB (NP-OB1 *T*-1)
				  (NP-SBJ (D the) (N answer))
				  (HVP has)
				  (BEN been))))
	  (. ,))
  (ID GEORGE-1763,188.116))

/~*
the question I have now to ask my D. Friend is whether he shall have leave to
exchange on the 10th and what answer must be given to his desire of coming
home;
(GEORGE-1763,194.193)
*~/
/*
76 WNP-3:  76 WNP-3, 80 answer, 75 CP-QUE
*/

( (IP-MAT (NP-SBJ (D the)
		  (N question)
		  (CP-REL (WNP-1 0)
			  (C 0)
			  (IP-SUB (NP-OB1 *T*-1)
				  (NP-SBJ (PRO I))
				  (HVP have)
				  (ADVP-TMP (ADV now))))
		  (CP-EOP (WNP-2 0)
			  (IP-INF (NP-OB1 *T*-2)
				  (TO to)
				  (VB ask)
				  (NP-OB2 (PRO$ my) (ADJ D.) (N Friend)))))
	  (BEP is)
	  (CP-QUE-OB1 (CP-QUE (WQ whether)
			      (C 0)
			      (IP-SUB (NP-SBJ (PRO he))
				      (MD shall)
				      (HV have)
				      (NP-OB1 (N leave))
				      (IP-INF (TO to)
					      (VB exchange)
					      (PP (P on)
						  (NP (D the) (ADJ 10th))))))
		      (CONJP (CONJ and)
			     (CP-QUE (WNP-3 (WD what) (N answer))
				     (C 0)
				     (IP-SUB (NP-SBJ *T*-3)
					     (MD must)
					     (BE be)
					     (VAN given)
					     (PP (P to)
						 (NP (PRO$ his)
						     (N desire)
						     (PP (P of)
							 (IP-PPL (VAG coming)
								 (NP-DIR (N home))))))))))
	  (. ;))
  (ID GEORGE-1763,194.193))

/~*
what right has Mr. Fox to complain,
(GEORGE-1763,197.235)
*~/
/*
2 WNP-1:  2 WNP-1, 8 *ICH*-2, 1 CP-QUE
*/

( (CP-QUE (WNP-1 (WD what)
		 (N right)
		 (IP-INF *ICH*-2))
	  (IP-SUB (NP-OB1 *T*-1)
		  (HVP has)
		  (NP-SBJ (NPR Mr.) (NPR Fox))
		  (IP-INF-2 (TO to) (VB complain)))
	  (. ,))
  (ID GEORGE-1763,197.235))
/*
FOOTER
  source file, hits/tokens/total
  C:\Users\Shoo\Dropbox\workspace\CorpusSearch_Auto\data\corporas\PPCMBE\temp1492106160469\prefaces_epilogues_nonprivate_and_private_letters\george-1763.psd	7/7/288
*/
/*
HEADER:
source file:  C:\Users\Shoo\Dropbox\workspace\CorpusSearch_Auto\data\corporas\PPCMBE\temp1492106160469\prefaces_epilogues_nonprivate_and_private_letters\gladstone-1873.psd
*/

/~*
I had asked him, in view of probable discussions on the Alabama business, to
let us know generally what line he would suggest our taking about himself.
(GLADSTONE-1873,2,369.31)
*~/
/*
55 WNP-1:  55 WNP-1, 59 line, 54 CP-QUE
*/

( (IP-MAT (NP-SBJ (PRO I))
	  (HVD had)
	  (VBN asked)
	  (NP-OB2 (PRO him))
	  (, ,)
	  (PP (P in)
	      (NP (N view)
		  (PP (P of)
		      (NP (ADJ probable)
			  (NS discussions)
			  (PP (P on)
			      (NP (D the) (NPR Alabama) (N business)))))))
	  (, ,)
	  (IP-INF (TO to)
		  (VB let)
		  (IP-INF (NP-SBJ (PRO us))
			  (VB know)
			  (ADVP (ADV generally))
			  (CP-QUE (WNP-1 (WD what) (N line))
				  (C 0)
				  (IP-SUB (NP-SBJ (PRO he))
					  (MD would)
					  (VB suggest)
					  (NP-OB1 (PRO$ our)
						  (IP-PPL (NP-OB1 *T*-1)
							  (VAG taking)
							  (PP (P about)
							      (NP (PRO+N himself)))))))))
	  (. .))
  (ID GLADSTONE-1873,2,369.31))

/~*
This surely will bear at least the lapse of time sufficient to let us know
what is to be pressed for, & why.
(GLADSTONE-1873,2,370.53)
*~/
/*
45 WNP-1:  45 WNP-1, 47 what, 44 CP-QUE
*/

( (IP-MAT (NP-SBJ (D This))
	  (ADVP (ADV surely))
	  (MD will)
	  (VB bear)
	  (PP (P at)
	      (NP (QS least)))
	  (NP-OB1 (D the)
		  (N lapse)
		  (PP (P of)
		      (NP (N time)))
		  (ADJP (ADJ sufficient)
			(IP-INF (TO to)
				(VB let)
				(IP-INF (NP-SBJ (PRO us))
					(VB know)
					(CP-QUE (CP-QUE (WNP-1 (WPRO what))
							(C 0)
							(IP-SUB (NP-SBJ *T*-1)
								(BEP is)
								(IP-INF (TO to)
									(BE be)
									(VAN pressed)
									(PP (P for)
									    (NP *T*-1)))))
						(, ,)
						(CONJP (CONJ &)
						       (CP-QUE (WADVP (WADV why)))))))))
	  (. .))
  (ID GLADSTONE-1873,2,370.53))

/~*
Again what can be more left-handed than to provide that the emancipation shall
take place at a certain time after an event of which they may not be masters
viz. publication in the Island Gazette.
(GLADSTONE-1873,2,372.71)
*~/
/*
5 WNP-1:  5 WNP-1, 7 what, 1 CP-QUE
*/

( (CP-QUE (ADVP-TMP (ADV Again))
	  (WNP-1 (WPRO what))
	  (IP-SUB (NP-SBJ *T*-1)
		  (MD can)
		  (BE be)
		  (ADJP (QR more)
			(ADJ+ADJ left-handed)
			(PP (P than)
			    (IP-INF (TO to)
				    (VB provide)
				    (CP-THT (C that)
					    (IP-SUB (NP-SBJ (D the) (N emancipation))
						    (MD shall)
						    (VB take)
						    (NP-OB1 (N place))
						    (PP (P at)
							(NP (D a)
							    (ADJ certain)
							    (N time)
							    (CODE <font>)
							    (PP (P after)
								(CODE <$$font>)
								(NP (D an)
								    (N event)
								    (CP-REL (WPP-2 (P of)
										   (WNP (WPRO which)))
									    (C 0)
									    (IP-SUB (NP-SBJ (PRO they))
										    (MD may)
										    (NEG not)
										    (BE be)
										    (NP-OB1 (NS masters)
											    (PP *T*-2))))
								    (NP-PRN (FW viz.)
									    (N publication)
									    (PP (P in)
										(NP (D the) (N Island) (N Gazette))))))))))))))
	  (. .))
  (ID GLADSTONE-1873,2,372.71))

/~*
I do not very well know what to suggest -
(GLADSTONE-1873,2,378.130)
*~/
/*
17 WNP-1:  17 WNP-1, 19 what, 16 CP-QUE
*/

( (IP-MAT (NP-SBJ (PRO I))
	  (DOP do)
	  (NEG not)
	  (ADVP (ADV very) (ADV well))
	  (VB know)
	  (CP-QUE (WNP-1 (WPRO what))
		  (IP-INF (NP-OB1 *T*-1)
			  (TO to)
			  (VB suggest)))
	  (. -))
  (ID GLADSTONE-1873,2,378.130))

/~*
and told me plainly what shows that the artful dodger did say if it came back
to him again at this juncture he would not be bound by his present refusal.
(GLADSTONE-1873,2,379.155)
*~/
/*
15 WNP-1:  15 WNP-1, 17 what, 14 CP-QUE
*/

( (IP-MAT (CONJ and)
	  (NP-SBJ *con*)
	  (VBD told)
	  (NP-OB2 (PRO me))
	  (ADVP (ADV plainly))
	  (CP-QUE (WNP-1 (WPRO what))
		  (C 0)
		  (IP-SUB (NP-SBJ *T*-1)
			  (VBP shows)
			  (CP-THT (C that)
				  (IP-SUB (NP-SBJ (D the) (ADJ artful) (N dodger))
					  (CODE <font>)
					  (DOD did)
					  (CODE <$$font>)
					  (VB say)
					  (CP-THT (C 0)
						  (IP-SUB (PP (P if)
							      (CP-ADV (C 0)
								      (IP-SUB (NP-SBJ (PRO it))
									      (VBD came)
									      (PP (ADV back)
										  (P to)
										  (NP (PRO him)))
									      (ADVP (ADV again))
									      (PP (P at)
										  (NP (D this) (N juncture))))))
							  (NP-SBJ (PRO he))
							  (MD would)
							  (NEG not)
							  (BE be)
							  (VAN bound)
							  (PP (P by)
							      (NP (PRO$ his) (ADJ present) (N refusal)))))))))
	  (. .))
  (ID GLADSTONE-1873,2,379.155))

/~*
2. What does Sir B. Frere propose to do with regard to ships suspected of
carrying slaves but carrying the flags of countries which have not conceded to
us the right of search?
(GLADSTONE-1873,2,382.208)
*~/
/*
7 WNP-1:  7 WNP-1, 9 What, 1 CP-QUE
*/

( (CP-QUE (LS (NUM 2))
	  (, .)
	  (WNP-1 (WPRO What))
	  (IP-SUB (DOP does)
		  (NP-SBJ (NPR Sir) (NPR B.) (NPR Frere))
		  (VB propose)
		  (IP-INF (NP-OB1 *T*-1)
			  (TO to)
			  (DO do)
			  (PP (P with)
			      (NP (N regard)
				  (PP (P to)
				      (NP (NS ships)
					  (RRC (RRC (VAN suspected)
						    (PP (P of)
							(IP-PPL (VAG carrying)
								(NP-OB1 (NS slaves)))))
					       (CONJP (CONJ but)
						      (RRC (VAG carrying)
							   (NP-OB1 (D the)
								   (NS flags)
								   (PP (P of)
								       (NP (NS countries)
									   (CP-REL (WNP-2 (WPRO which))
										   (C 0)
										   (IP-SUB (NP-SBJ *T*-2)
											   (HVP have)
											   (NEG not)
											   (VBN conceded)
											   (PP (P to)
											       (NP (PRO us)))
											   (NP-OB1 (D the)
												   (N right)
												   (PP (P of)
												       (NP (N search))))))))))))))))))
	  (. ?))
  (ID GLADSTONE-1873,2,382.208))

/~*
I am not sure what ground we should have for objecting to the election of a
Pope in Malta particularly:
(GLADSTONE-1873,2,383.229)
*~/
/*
13 WNP-1:  13 WNP-1, 17 ground, 12 CP-QUE
*/

( (IP-MAT (NP-SBJ (PRO I))
	  (BEP am)
	  (NEG not)
	  (ADJP (ADJ sure)
		(CP-QUE (WNP-1 (WD what) (N ground))
			(C 0)
			(IP-SUB (NP-OB1 *T*-1)
				(NP-SBJ (PRO we))
				(MD should)
				(HV have)
				(PP (P for)
				    (IP-PPL (VAG objecting)
					    (PP (P to)
						(NP (D the)
						    (N election)
						    (PP (P of)
							(NP (D a) (N Pope)))
						    (PP (P in)
							(NP (NPR Malta)))))))
				(ADVP (ADV particularly)))))
	  (. :))
  (ID GLADSTONE-1873,2,383.229))

/~*
I do not see what you could have said more or better than you have said.
(GLADSTONE-1873,2,399.470)
*~/
/*
12 WNP-1:  12 WNP-1, 14 what, 11 CP-QUE
*/

( (IP-MAT (NP-SBJ (PRO I))
	  (DOP do)
	  (NEG not)
	  (VB see)
	  (CP-QUE (WNP-1 (WPRO what))
		  (C 0)
		  (IP-SUB (NP-OB1 *T*-1)
			  (NP-SBJ (PRO you))
			  (MD could)
			  (HV have)
			  (VBN said)
			  (NP-MSR (NP (QR more))
				  (CONJP (CONJ or)
					 (ADVP (ADVR better)))
				  (PP (P than)
				      (CP-CMP (WNP-2 0)
					      (C 0)
					      (IP-SUB (NP-MSR *T*-2)
						      (NP-SBJ (PRO you))
						      (HVP have)
						      (VBN said)))))))
	  (. .))
  (ID GLADSTONE-1873,2,399.470))

/~*
What a strange Mem. of P. about Bismarck.
(GLADSTONE-1873,2,400.485)
*~/
/*
2 WNP:  2 WNP, 22 Bismarck, 1 CP-QUE
*/

( (CP-QUE (WNP (WD What)
	       (D a)
	       (ADJ strange)
	       (N Mem.)
	       (PP (P of)
		   (NP (N P.)))
	       (PP (P about)
		   (NP (NPR Bismarck))))
	  (. .))
  (ID GLADSTONE-1873,2,400.485))

/~*
but will hear what the $Attorney $General has to say.
(GLADSTONE-1873,2,402.518)
*~/
/*
11 WNP-1:  11 WNP-1, 15 *ICH*-2, 10 CP-QUE
*/

( (IP-MAT (CONJ but)
	  (NP-SBJ *con*)
	  (MD will)
	  (VB hear)
	  (CP-QUE (WNP-1 (WPRO what)
			 (CP-EOP *ICH*-2))
		  (C 0)
		  (IP-SUB (NP-OB1 *T*-1)
			  (NP-SBJ (D the)
				  (N $Attorney)
				  (ADJP (ADJ $General)))
			  (HVP has)
			  (CP-EOP-2 (WNP-3 0)
				    (IP-INF (NP-OB1 *T*-3)
					    (TO to)
					    (VB say)))))
	  (. .))
  (ID GLADSTONE-1873,2,402.518))

/~*
But what has become of the intense anxiety of the Austrians to be in all
things one with us?
(GLADSTONE-1873,2,402.541)
*~/
/*
4 WNP-1:  4 WNP-1, 6 what, 1 CP-QUE
*/

( (CP-QUE (CONJ But)
	  (WNP-1 (WPRO what))
	  (IP-SUB (NP-SBJ *T*-1)
		  (HVP has)
		  (VBN become)
		  (PP (P of)
		      (NP (D the)
			  (ADJ intense)
			  (N anxiety)
			  (PP (P of)
			      (NP (D the) (NPRS Austrians)))
			  (IP-INF (TO to)
				  (BE be)
				  (PP (P in)
				      (NP (Q all) (NS things)))
				  (NP-OB1 (ONE one)
					  (PP (P with)
					      (NP (PRO us))))))))
	  (. ?))
  (ID GLADSTONE-1873,2,402.541))

/~*
for I know what it has been to have had cast upon my shoulders the most
important & most offensive duty of the Finance Minister.
(GLADSTONE-1873,2,407.631)
*~/
/*
10 WNP-1:  10 WNP-1, 12 what, 9 CP-QUE
*/

( (IP-MAT (CONJ for)
	  (NP-SBJ (PRO I))
	  (VBP know)
	  (CP-QUE (WNP-1 (WPRO what))
		  (C 0)
		  (IP-SUB (NP-OB1 *T*-1)
			  (NP-SBJ-2 (PRO it))
			  (HVP has)
			  (BEN been)
			  (IP-INF-2 (TO to)
				    (HV have)
				    (HVN had)
				    (IP-SMC (VAN cast)
					    (PP (P upon)
						(NP (PRO$ my) (NS shoulders)))
					    (NP-SBJ (D the)
						    (ADJP (ADJP (QS most) (ADJ important))
							  (CONJP (CONJ &)
								 (ADJP (QS most) (ADJ offensive))))
						    (N duty)
						    (PP (P of)
							(NP (D the) (N Finance) (N Minister))))))))
	  (. .))
  (ID GLADSTONE-1873,2,407.631))

/~*
1. What do you think now as to the Maharajah.
(GLADSTONE-1873,2,414.763)
*~/
/*
7 WNP-1:  7 WNP-1, 9 What, 1 CP-QUE
*/

( (CP-QUE (LS (NUM 1))
	  (, .)
	  (WNP-1 (WPRO What))
	  (IP-SUB (NP-OB1 *T*-1)
		  (DOP do)
		  (NP-SBJ (PRO you))
		  (VB think)
		  (ADVP-TMP (ADV now))
		  (PP (P as)
		      (PP (P to)
			  (NP (D the) (N Maharajah)))))
	  (. .)
	  (CODE {COM:sic}))
  (ID GLADSTONE-1873,2,414.763))

/~*
2. And what do you recommend as to Cowper's Ofice?
(GLADSTONE-1873,2,414.765)
*~/
/*
9 WNP-1:  9 WNP-1, 11 what, 1 CP-QUE
*/

( (CP-QUE (LS (NUM 2))
	  (, .)
	  (CONJ And)
	  (WNP-1 (WPRO what))
	  (IP-SUB (NP-OB1 *T*-1)
		  (DOP do)
		  (NP-SBJ (PRO you))
		  (VB recommend)
		  (PP (P as)
		      (PP (P to)
			  (NP (NPR$ Cowper's) (N Ofice)))))
	  (. ?))
  (ID GLADSTONE-1873,2,414.765))

/~*
& think I can see pretty well what our programme should be.
(GLADSTONE-1873,2,416.796)
*~/
/*
25 WNP-1:  25 WNP-1, 27 what, 24 CP-QUE
*/

( (IP-MAT (CONJ &)
	  (NP-SBJ *con*)
	  (VBP think)
	  (CP-THT (C 0)
		  (IP-SUB (NP-SBJ (PRO I))
			  (MD can)
			  (VB see)
			  (ADVP (ADV pretty) (ADV well))
			  (CP-QUE (WNP-1 (WPRO what))
				  (C 0)
				  (IP-SUB (NP-OB1 *T*-1)
					  (NP-SBJ (PRO$ our) (N programme))
					  (MD should)
					  (BE be)))))
	  (. .))
  (ID GLADSTONE-1873,2,416.796))

/~*
but what can we do better?
(GLADSTONE-1873,2,416.814)
*~/
/*
4 WNP-1:  4 WNP-1, 8 *ICH*-2, 1 CP-QUE
*/

( (CP-QUE (CONJ but)
	  (WNP-1 (WPRO what)
		 (ADJP *ICH*-2))
	  (IP-SUB (NP-OB1 *T*-1)
		  (MD can)
		  (NP-SBJ (PRO we))
		  (DO do)
		  (ADJP-2 (ADJR better)))
	  (. ?))
  (ID GLADSTONE-1873,2,416.814))
/*
FOOTER
  source file, hits/tokens/total
  C:\Users\Shoo\Dropbox\workspace\CorpusSearch_Auto\data\corporas\PPCMBE\temp1492106160469\prefaces_epilogues_nonprivate_and_private_letters\gladstone-1873.psd	16/16/925
*/
/*
HEADER:
source file:  C:\Users\Shoo\Dropbox\workspace\CorpusSearch_Auto\data\corporas\PPCMBE\temp1492106160469\prefaces_epilogues_nonprivate_and_private_letters\holmes-letters-1749.psd
*/

/~*
And the other Gentleman, Captain Moore, a Person of approved Character, both
as an Officer and a Seaman, could have turned this Part of my Case much more
to my Advantage, if he were present to declare what he knows.
(HOLMES-LETTERS-1749,35.30)
*~/
/*
117 WNP-2:  117 WNP-2, 119 what, 116 CP-QUE
*/

( (IP-MAT (CONJ And)
	  (NP-SBJ (D the)
		  (OTHER other)
		  (ADJ+N Gentleman)
		  (, ,)
		  (NP-PRN (NPR Captain) (CODE <font>) (NPR Moore))
		  (CODE <$$font>)
		  (, ,)
		  (NP-PRN (D a)
			  (N Person)
			  (PP (P of)
			      (NP (VAN approved)
				  (N Character)
				  (, ,)
				  (CONJ-1 both)
				  (PP (P as)
				      (NP (CONJ *ICH*-1)
					  (NP (D an) (N Officer))
					  (CONJP (CONJ and)
						 (NP (D a) (N+N Seaman)))))))))
	  (, ,)
	  (MD could)
	  (HV have)
	  (VBN turned)
	  (NP-OB1 (D this)
		  (N Part)
		  (PP (P of)
		      (NP (PRO$ my) (N Case))))
	  (PP (QP (Q much) (QR more))
	      (P to)
	      (NP (PRO$ my) (N Advantage)))
	  (, ,)
	  (PP (P if)
	      (CP-ADV (C 0)
		      (IP-SUB (NP-SBJ (PRO he))
			      (BED were)
			      (ADJP (ADJ present))
			      (IP-INF-PRP (TO to)
					  (VB declare)
					  (CP-QUE (WNP-2 (WPRO what))
						  (C 0)
						  (IP-SUB (NP-OB1 *T*-2)
							  (NP-SBJ (PRO he))
							  (VBP knows)))))))
	  (. .))
  (ID HOLMES-LETTERS-1749,35.30))

/~*
and on my discovering what they were I made the Signal for the Convoy to make
the best of their way;
(HOLMES-LETTERS-1749,103.173)
*~/
/*
16 WNP-1:  16 WNP-1, 18 what, 15 CP-QUE
*/

( (IP-MAT (CODE <paren>)
	  (CONJ and)
	  (PP (P on)
	      (NP (PRO$ my)
		  (IP-PPL (VAG discovering)
			  (CP-QUE (WNP-1 (WPRO what))
				  (C 0)
				  (IP-SUB (NP-OB1 *T*-1)
					  (NP-SBJ (PRO they))
					  (BED were))))))
	  (CODE <$$paren>)
	  (NP-SBJ (PRO I))
	  (VBD made)
	  (NP-OB1 (D the)
		  (N Signal)
		  (IP-INF (FOR for)
			  (NP-SBJ (D the) (N Convoy))
			  (TO to)
			  (VB make)
			  (NP-OB1 (D the)
				  (ADJS best)
				  (PP (P of)
				      (NP (PRO$ their) (N way))))))
	  (. ;))
  (ID HOLMES-LETTERS-1749,103.173))
/*
FOOTER
  source file, hits/tokens/total
  C:\Users\Shoo\Dropbox\workspace\CorpusSearch_Auto\data\corporas\PPCMBE\temp1492106160469\prefaces_epilogues_nonprivate_and_private_letters\holmes-letters-1749.psd	2/2/298
*/
/*
HEADER:
source file:  C:\Users\Shoo\Dropbox\workspace\CorpusSearch_Auto\data\corporas\PPCMBE\temp1492106160469\prefaces_epilogues_nonprivate_and_private_letters\johnson-1775.psd
*/

/~*
What shall I retract?
(JOHNSON-1775,2,3.51)
*~/
/*
2 WNP-1:  2 WNP-1, 4 What, 1 CP-QUE
*/

( (CP-QUE (WNP-1 (WPRO What))
	  (IP-SUB (NP-OB1 *T*-1)
		  (MD shall)
		  (NP-SBJ (PRO I))
		  (VB retract))
	  (. ?))
  (ID JOHNSON-1775,2,3.51))

/~*
Pray let me know what I owed you when I left you, that I may send it to you.
(JOHNSON-1775,2,4.72)
*~/
/*
16 WNP-1:  16 WNP-1, 18 what, 15 CP-QUE
*/

( (IP-IMP (IP-MAT-PRN (NP-SBJ *pro*)
		      (VBP Pray))
	  (VBI let)
	  (IP-INF (NP-SBJ (PRO me))
		  (VB know)
		  (CP-QUE (WNP-1 (WPRO what))
			  (C 0)
			  (IP-SUB (NP-OB1 *T*-1)
				  (NP-SBJ (PRO I))
				  (VBD owed)
				  (NP-OB2 (PRO you))
				  (PP (P when)
				      (CP-ADV (C 0)
					      (IP-SUB (NP-SBJ (PRO I))
						      (VBD left)
						      (NP-OB1 (PRO you))))))))
	  (, ,)
	  (CP-ADV (C that)
		  (IP-SUB (NP-SBJ (PRO I))
			  (MD may)
			  (VB send)
			  (NP-OB1 (PRO it))
			  (PP (P to)
			      (NP (PRO you)))))
	  (. .))
  (ID JOHNSON-1775,2,4.72))

/~*
I shall long to know what Lord Hailes says of it.
(JOHNSON-1775,2,5.107)
*~/
/*
15 WNP-1:  15 WNP-1, 17 what, 14 CP-QUE
*/

( (IP-MAT (NP-SBJ (PRO I))
	  (MD shall)
	  (VB long)
	  (IP-INF (TO to)
		  (VB know)
		  (CP-QUE (WNP-1 (WPRO what))
			  (C 0)
			  (IP-SUB (NP-OB1 *T*-1)
				  (NP-SBJ (NPR Lord) (NPR Hailes))
				  (VBP says)
				  (PP (P of)
				      (NP (PRO it))))))
	  (. .))
  (ID JOHNSON-1775,2,5.107))

/~*
So tell me what I shall do.
(JOHNSON-1775,2,23.418)
*~/
/*
11 WNP-1:  11 WNP-1, 13 what, 10 CP-QUE
*/

( (IP-IMP (ADVP (ADV So))
	  (VBI tell)
	  (NP-OB2 (PRO me))
	  (CP-QUE (WNP-1 (WPRO what))
		  (C 0)
		  (IP-SUB (NP-OB1 *T*-1)
			  (NP-SBJ (PRO I))
			  (MD shall)
			  (DO do)))
	  (. .))
  (ID JOHNSON-1775,2,23.418))

/~*
I only designed to express what I thought generally admitted, - that the house
of Rasay allowed the superiority of the house of Dunvegan.
(JOHNSON-1775,2,26.491)
*~/
/*
15 WNP-1:  15 WNP-1, 17 what, 14 CP-QUE
*/

( (IP-MAT (NP-SBJ (PRO I))
	  (FP only)
	  (VBD designed)
	  (IP-INF (TO to)
		  (VB express)
		  (CP-QUE (WNP-1 (WPRO what))
			  (C 0)
			  (IP-SUB (NP-SBJ (PRO I))
				  (VBD thought)
				  (IP-SMC (NP-SBJ *T*-1)
					  (ADVP (ADV generally))
					  (VAN admitted))))
		  (, ,)
		  (, -)
		  (CP-THT-PRN (C that)
			      (IP-SUB (NP-SBJ (D the)
					      (N house)
					      (PP (P of)
						  (NP (NPR Rasay))))
				      (VBD allowed)
				      (NP-OB1 (D the)
					      (N superiority)
					      (PP (P of)
						  (NP (D the)
						      (N house)
						      (PP (P of)
							  (NP (NPR Dunvegan)))))))))
	  (. .))
  (ID JOHNSON-1775,2,26.491))

/~*
and I know not who else would have considered my presence as profit.
(JOHNSON-1775,2,28.526)
*~/
/*
12 WNP-1:  12 WNP-1, 17 else, 11 CP-QUE
*/

( (IP-MAT (CONJ and)
	  (NP-SBJ (PRO I))
	  (VBP know)
	  (NEG not)
	  (CP-QUE (WNP-1 (WPRO who)
			 (ADJP (ADJ else)))
		  (C 0)
		  (IP-SUB (NP-SBJ *T*-1)
			  (MD would)
			  (HV have)
			  (VBN considered)
			  (NP-OB1 (PRO$ my) (N presence))
			  (PP (P as)
			      (NP (N profit)))))
	  (. .))
  (ID JOHNSON-1775,2,28.526))

/~*
Which day shall I come next week.
(JOHNSON-1775,2,29.552)
*~/
/*
2 WNP-1:  2 WNP-1, 6 day, 1 CP-QUE
*/

( (CP-QUE (WNP-1 (WD Which) (N day))
	  (IP-SUB (NP-TMP *T*-1)
		  (MD shall)
		  (NP-SBJ (PRO I))
		  (VB come)
		  (NP-TMP (ADJS next) (N week)))
	  (. .))
  (ID JOHNSON-1775,2,29.552))

/~*
I have given what I think I can give, and begged till I $can $not tell where
to beg again.
(JOHNSON-1775,2,31.581)
*~/
/*
11 WNP-2:  11 WNP-2, 13 what, 10 CP-QUE
*/

( (IP-MAT (IP-MAT-1 (NP-SBJ (PRO I))
		    (HVP have)
		    (VBN given)
		    (CP-QUE (WNP-2 (WPRO what))
			    (C 0)
			    (IP-SUB (NP-SBJ (PRO I))
				    (VBP think)
				    (CP-THT (C 0)
					    (IP-SUB (NP-OB1 *T*-2)
						    (NP-SBJ (PRO I))
						    (MD can)
						    (VB give))))))
	  (, ,)
	  (CONJP (CONJ and)
		 (IP-MAT=1 (VBN begged)
			   (PP (P till)
			       (CP-ADV (C 0)
				       (IP-SUB (NP-SBJ (PRO I))
					       (MD $can)
					       (NEG $not)
					       (CODE {TEXT:cannot})
					       (VB tell)
					       (CP-QUE (WADVP-3 (WADV where))
						       (IP-INF (ADVP-LOC *T*-3)
							       (TO to)
							       (VB beg)
							       (ADVP (ADV again)))))))))
	  (. .))
  (ID JOHNSON-1775,2,31.581))

/~*
I shall try at Oxford what can be done for Mr Carter;
(JOHNSON-1775,2,32.601)
*~/
/*
16 WNP-1:  16 WNP-1, 18 what, 15 CP-QUE
*/

( (IP-MAT (NP-SBJ (PRO I))
	  (MD shall)
	  (VB try)
	  (PP (P at)
	      (NP (NPR Oxford)))
	  (CP-QUE (WNP-1 (WPRO what))
		  (C 0)
		  (IP-SUB (NP-SBJ *T*-1)
			  (MD can)
			  (BE be)
			  (DAN done)
			  (PP (P for)
			      (NP (NPR Mr) (NPR Carter)))))
	  (. ;))
  (ID JOHNSON-1775,2,32.601))

/~*
but time and opportunity must tell what,
(JOHNSON-1775,2,33.643)
*~/
/*
16 WNP:  16 WNP, 18 what, 15 CP-QUE
*/

( (IP-MAT (CONJ but)
	  (NP-SBJ (N time) (CONJ and) (N opportunity))
	  (MD must)
	  (VB tell)
	  (CP-QUE (WNP (WPRO what)))
	  (. ,))
  (ID JOHNSON-1775,2,33.643))

/~*
Dear Madam I know well enough what you think,
(JOHNSON-1775,2,36.720)
*~/
/*
19 WNP-1:  19 WNP-1, 21 what, 18 CP-QUE
*/

( (IP-MAT (NP-VOC (ADJ Dear) (N Madam))
	  (NP-SBJ (PRO I))
	  (VBP know)
	  (ADVP (ADV well)
		(ADVP (ADVR enough)))
	  (CP-QUE (WNP-1 (WPRO what))
		  (C 0)
		  (IP-SUB (NP-OB1 *T*-1)
			  (NP-SBJ (PRO you))
			  (VBP think)))
	  (. ,))
  (ID JOHNSON-1775,2,36.720))

/~*
Tell me what you would be most willing to spare.
(JOHNSON-1775,2,36.727)
*~/
/*
8 WNP-1:  8 WNP-1, 10 what, 7 CP-QUE
*/

( (IP-IMP (VBI Tell)
	  (NP-OB2 (PRO me))
	  (CP-QUE (WNP-1 (WPRO what))
		  (C 0)
		  (IP-SUB (NP-SBJ (PRO you))
			  (MD would)
			  (BE be)
			  (ADJP (QS most)
				(ADJ willing)
				(IP-INF (NP-OB1 *T*-1)
					(TO to)
					(VB spare)))))
	  (. .))
  (ID JOHNSON-1775,2,36.727))

/~*
What the Vice Chancellor says respecting Mr. Carter, if he says any thing, you
shall know to-morrow,
(JOHNSON-1775,2,38.768)
*~/
/*
3 WNP-1:  3 WNP-1, 5 What, 2 CP-QUE
*/

( (IP-MAT (CP-QUE (WNP-1 (WPRO What))
		  (C 0)
		  (IP-SUB (NP-OB1 *T*-1)
			  (NP-SBJ (D the) (N Vice) (N Chancellor))
			  (VBP says)
			  (IP-PPL (VAG respecting)
				  (NP-OB1 (NPR Mr.) (NPR Carter)))
			  (, ,)
			  (PP (P if)
			      (CP-ADV (C 0)
				      (IP-SUB (NP-SBJ (PRO he))
					      (VBP says)
					      (NP-OB1 (Q any) (N thing)))))))
	  (, ,)
	  (NP-SBJ (PRO you))
	  (MD shall)
	  (VB know)
	  (NP-TMP (N to-morrow))
	  (. ,))
  (ID JOHNSON-1775,2,38.768))

/~*
Dearest Madam What can be the reason that I hear nothing from you or from your
house?
(JOHNSON-1775,2,39.781)
*~/
/*
7 WNP-1:  7 WNP-1, 9 What, 1 CP-QUE
*/

( (CP-QUE (NP-VOC (ADJS Dearest) (N Madam))
	  (WNP-1 (WPRO What))
	  (IP-SUB (NP-SBJ *T*-1)
		  (MD can)
		  (BE be)
		  (NP-OB1 (D the)
			  (N reason)
			  (CP-THT (C that)
				  (IP-SUB (NP-SBJ (PRO I))
					  (VBP hear)
					  (NP-OB1 (Q+N nothing))
					  (PP (PP (P from)
						  (NP (PRO you)))
					      (CONJP (CONJ or)
						     (CODE <P_2,39>)
						     (PP (P from)
							 (NP (PRO$ your) (N house)))))))))
	  (. ?))
  (ID JOHNSON-1775,2,39.781))

/~*
Unusual compliments, to which there is no stated and prescriptive answer,
embarrass the feeble, who know not what to say,
(JOHNSON-1775,2,42.864)
*~/
/*
63 WNP-4:  63 WNP-4, 65 what, 62 CP-QUE
*/

( (IP-MAT (NP-SBJ (ADJ Unusual)
		  (NS compliments)
		  (, ,)
		  (CP-REL (WPP-1 (P to)
				 (WNP (WPRO which)))
			  (C 0)
			  (IP-SUB (NP-SBJ-2 (EX there))
				  (BEP is)
				  (NP-2 (Q no)
					(ADJP (VAN stated) (CONJ and) (ADJ prescriptive))
					(N answer)
					(PP *T*-1)))))
	  (, ,)
	  (VBP embarrass)
	  (NP-OB1 (D the)
		  (ADJ feeble)
		  (, ,)
		  (CP-REL (WNP-3 (WPRO who))
			  (C 0)
			  (IP-SUB (NP-SBJ *T*-3)
				  (VBP know)
				  (NEG not)
				  (CP-QUE (WNP-4 (WPRO what))
					  (IP-INF (NP-OB1 *T*-4)
						  (TO to)
						  (VB say))))))
	  (. ,))
  (ID JOHNSON-1775,2,42.864))

/~*
I knew not what might have happened.
(JOHNSON-1775,2,42.871)
*~/
/*
10 WNP-1:  10 WNP-1, 12 what, 9 CP-QUE
*/

( (IP-MAT (NP-SBJ (PRO I))
	  (VBD knew)
	  (NEG not)
	  (CP-QUE (WNP-1 (WPRO what))
		  (C 0)
		  (IP-SUB (NP-SBJ *T*-1)
			  (MD might)
			  (HV have)
			  (VBN happened)))
	  (. .))
  (ID JOHNSON-1775,2,42.871))

/~*
and tell what part you can best spare.
(JOHNSON-1775,2,42.873)
*~/
/*
7 WNP-1:  7 WNP-1, 11 part, 6 CP-QUE
*/

( (IP-IMP (CONJ and)
	  (VBI tell)
	  (CP-QUE (WNP-1 (WD what) (N part))
		  (C 0)
		  (IP-SUB (NP-OB1 *T*-1)
			  (NP-SBJ (PRO you))
			  (MD can)
			  (ADVP (ADVS best))
			  (VB spare)))
	  (. .))
  (ID JOHNSON-1775,2,42.873))

/~*
and since it is too long, may choose what we shall take away.
(JOHNSON-1775,2,43.877)
*~/
/*
30 WNP-1:  30 WNP-1, 32 what, 29 CP-QUE
*/

( (IP-MAT (CONJ and)
	  (NP-SBJ *con*)
	  (PP (P since)
	      (CP-ADV (C 0)
		      (IP-SUB (NP-SBJ (PRO it))
			      (BEP is)
			      (ADJP (ADVR too) (ADJ long)))))
	  (, ,)
	  (MD may)
	  (VB choose)
	  (CP-QUE (WNP-1 (WPRO what))
		  (C 0)
		  (IP-SUB (NP-OB1 *T*-1)
			  (NP-SBJ (PRO we))
			  (MD shall)
			  (VB take)
			  (ADVP-DIR (ADV away))))
	  (. .))
  (ID JOHNSON-1775,2,43.877))
/*
FOOTER
  source file, hits/tokens/total
  C:\Users\Shoo\Dropbox\workspace\CorpusSearch_Auto\data\corporas\PPCMBE\temp1492106160469\prefaces_epilogues_nonprivate_and_private_letters\johnson-1775.psd	18/18/914
*/
/*
HEADER:
source file:  C:\Users\Shoo\Dropbox\workspace\CorpusSearch_Auto\data\corporas\PPCMBE\temp1492106160469\prefaces_epilogues_nonprivate_and_private_letters\montagu-1718.psd
*/

/~*
These people living between Christians and Mahometans, and not being skilled
in controversy, declare, that they are utterly unable to judge which religion
is best;
(MONTAGU-1718,108.365)
*~/
/*
65 WNP-1:  65 WNP-1, 69 religion, 64 CP-QUE
*/

( (IP-MAT (NP-SBJ (D These)
		  (NS people)
		  (RRC (RRC (VAG living)
			    (PP (P between)
				(NP (NPRS Christians) (CONJ and) (NPRS Mahometans))))
		       (, ,)
		       (CONJP (CONJ and)
			      (RRC (NEG not)
				   (BAG being)
				   (VAN skilled)
				   (PP (P in)
				       (NP (N controversy)))))))
	  (, ,)
	  (VBP declare)
	  (, ,)
	  (CP-THT (C that)
		  (IP-SUB (NP-SBJ (PRO they))
			  (BEP are)
			  (ADJP (ADV utterly)
				(ADJ unable)
				(IP-INF (TO to)
					(VB judge)
					(CP-QUE (WNP-1 (WD which) (N religion))
						(C 0)
						(IP-SUB (NP-SBJ *T*-1)
							(BEP is)
							(ADJP (ADJS best))))))))
	  (. ;))
  (ID MONTAGU-1718,108.365))

/~*
As I can never forget the smallest of your ladyship's commands, my first
business here, has been to enquire after the stuffs, you ordered me to look
for, without being able to find what you would like.
(MONTAGU-1718,111.399)
*~/
/*
109 WNP-2:  109 WNP-2, 111 what, 108 CP-QUE
*/

( (IP-MAT (PP (P As)
	      (CP-ADV (C 0)
		      (IP-SUB (NP-SBJ (PRO I))
			      (MD can)
			      (ADVP-TMP (ADV never))
			      (VB forget)
			      (NP-OB1 (D the)
				      (ADJS smallest)
				      (PP (P of)
					  (NP (NP-POS (PRO$ your) (N$ ladyship's))
					      (NS commands)))))))
	  (, ,)
	  (NP-SBJ (PRO$ my) (ADJ first) (N business))
	  (ADVP-LOC (ADV here))
	  (, ,)
	  (HVP has)
	  (BEN been)
	  (IP-INF (TO to)
		  (VB enquire)
		  (PP (P after)
		      (NP (D the)
			  (NS stuffs)
			  (, ,)
			  (CP-REL (WNP-1 0)
				  (C 0)
				  (IP-SUB (NP-SBJ (PRO you))
					  (VBD ordered)
					  (NP-OB1 (PRO me))
					  (IP-INF (TO to)
						  (VB look)
						  (PP (P for)
						      (NP *T*-1)))))))
		  (, ,)
		  (PP (P without)
		      (IP-PPL (BAG being)
			      (ADJP (ADJ able)
				    (IP-INF (TO to)
					    (VB find)
					    (CP-QUE (WNP-2 (WPRO what))
						    (C 0)
						    (IP-SUB (NP-OB1 *T*-2)
							    (NP-SBJ (PRO you))
							    (MD would)
							    (VB like))))))))
	  (. .))
  (ID MONTAGU-1718,111.399))

/~*
and I suppose being told who we were looked upon us very attentively, so that
we had full leisure to consider him.
(MONTAGU-1718,114.439)
*~/
/*
20 WNP-1:  20 WNP-1, 22 who, 19 CP-QUE
*/

( (IP-MAT (CONJ and)
	  (CODE <paren>)
	  (NP-SBJ *con*)
	  (IP-MAT-PRN (NP-SBJ (PRO I))
		      (VBP suppose))
	  (IP-PPL (BAG being)
		  (VAN told)
		  (CP-QUE (WNP-1 (WPRO who))
			  (C 0)
			  (IP-SUB (NP-OB1 *T*-1)
				  (NP-SBJ (PRO we))
				  (BED were))))
	  (CODE <$$paren>)
	  (VBD looked)
	  (PP (P upon)
	      (NP (PRO us)))
	  (ADVP (ADV very) (ADV attentively))
	  (, ,)
	  (PP (P so)
	      (CP-ADV (C that)
		      (IP-SUB (NP-SBJ (PRO we))
			      (HVD had)
			      (NP-OB1 (ADJ full)
				      (N leisure)
				      (IP-INF (TO to)
					      (VB consider)
					      (NP-OB1 (PRO him)))))))
	  (. .))
  (ID MONTAGU-1718,114.439))

/~*
I went with her the other day all round the town, in an open gilt chariot,
with our joint train of attendants, preceded by our guards, who might have
summoned the people to see what they had never seen, or ever perhaps would see
again, two young Christian Ambassadresses at the same time.
(MONTAGU-1718,115.447)
*~/
/*
105 WNP-2:  105 WNP-2, 107 what, 104 CP-QUE
*/

( (IP-MAT (NP-SBJ (PRO I))
	  (VBD went)
	  (PP (P with)
	      (NP (PRO her)))
	  (NP-TMP (D the) (OTHER other) (N day))
	  (PP (NP-MSR (Q all))
	      (P round)
	      (NP (D the) (N town)))
	  (, ,)
	  (PP (P in)
	      (NP (D an)
		  (ADJP (ADJ open) (VAN gilt))
		  (N chariot)))
	  (, ,)
	  (PP (P with)
	      (NP (PRO$ our)
		  (ADJ joint)
		  (N train)
		  (PP (P of)
		      (NP (NS attendants)))))
	  (, ,)
	  (IP-PPL (VAN preceded)
		  (PP (P by)
		      (NP (PRO$ our)
			  (NS guards)
			  (, ,)
			  (CP-REL (WNP-1 (WPRO who))
				  (C 0)
				  (IP-SUB (NP-SBJ *T*-1)
					  (MD might)
					  (HV have)
					  (VBN summoned)
					  (NP-OB1 (D the) (NS people))
					  (IP-INF-PRP (TO to)
						      (VB see)
						      (CP-QUE (WNP-2 (WPRO what))
							      (C 0)
							      (IP-SUB (IP-SUB (NP-OB1 *T*-2)
									      (NP-SBJ (PRO they))
									      (HVD had)
									      (ADVP-TMP (ADV never))
									      (VBN seen))
								      (, ,)
								      (CONJP (CONJ or)
									     (IP-SUB (NP-OB1 *T*-2)
										     (NP-SBJ *con*)
										     (ADVP-TMP (ADV ever))
										     (ADVP (ADV perhaps))
										     (MD would)
										     (VB see)
										     (ADVP (ADV again)))))
							      (, ,)
							      (NP-PRN (NUM two)
								      (ADJP (ADJ young) (ADJ Christian))
								      (NS Ambassadresses)
								      (PP (P at)
									  (NP (D the) (ADJ same) (N time)))))))))))
	  (. .))
  (ID MONTAGU-1718,115.447))

/~*
Accordingly he came very gravely to me, to ask what should be done to him;
adding, by way of compliment, that if I pleased, he would bring me his head.
(MONTAGU-1718,116.458)
*~/
/*
29 WNP-1:  29 WNP-1, 31 what, 28 CP-QUE
*/

( (IP-MAT (ADVP (ADV Accordingly))
	  (NP-SBJ (PRO he))
	  (VBD came)
	  (ADVP (ADV very) (ADV gravely))
	  (PP (P to)
	      (NP (PRO me)))
	  (, ,)
	  (IP-INF-PRP (TO to)
		      (VB ask)
		      (CP-QUE (WNP-1 (WPRO what))
			      (C 0)
			      (IP-SUB (NP-SBJ *T*-1)
				      (MD should)
				      (BE be)
				      (DAN done)
				      (PP (P to)
					  (NP (PRO him))))))
	  (, ;)
	  (IP-PPL (VAG adding)
		  (, ,)
		  (PP (P by)
		      (NP (N way)
			  (PP (P of)
			      (NP (N compliment)))))
		  (, ,)
		  (CP-THT (C that)
			  (IP-SUB (PP (P if)
				      (CP-ADV (C 0)
					      (IP-SUB (NP-SBJ (PRO I))
						      (VBD pleased))))
				  (, ,)
				  (NP-SBJ (PRO he))
				  (MD would)
				  (VB bring)
				  (NP-OB2 (PRO me))
				  (NP-OB1 (PRO$ his) (N head)))))
	  (. .))
  (ID MONTAGU-1718,116.458))

/~*
I wish to God, dear sister, that you were as regular in letting me know what
passes on your side of the globe, as I am careful in endeavouring to amuse you
by the account of all I see here, that I think worth your notice.
(MONTAGU-1718,118.469)
*~/
/*
51 WNP-1:  51 WNP-1, 53 what, 50 CP-QUE
*/

( (IP-MAT (NP-SBJ (PRO I))
	  (VBP wish)
	  (PP (P to)
	      (NP (NPR God)))
	  (, ,)
	  (NP-VOC (ADJ dear) (N sister))
	  (, ,)
	  (CP-THT (C that)
		  (IP-SUB (NP-SBJ (PRO you))
			  (BED were)
			  (ADJP (ADVR as)
				(ADJ regular)
				(PP *ICH*-2))
			  (PP (P in)
			      (IP-PPL (VAG letting)
				      (IP-INF (NP-SBJ (PRO me))
					      (VB know)
					      (CP-QUE (WNP-1 (WPRO what))
						      (C 0)
						      (IP-SUB (NP-SBJ *T*-1)
							      (VBP passes)
							      (PP (P on)
								  (NP (PRO$ your)
								      (N side)
								      (PP (P of)
									  (NP (D the) (N globe))))))))))
			  (, ,)
			  (PP-2 (P as)
				(CP-CMP (WNP-3 0)
					(C 0)
					(IP-SUB (NP-MSR *T*-3)
						(NP-SBJ (PRO I))
						(BEP am)
						(ADJP (ADJ careful)
						      (PP (P in)
							  (IP-PPL (VAG endeavouring)
								  (IP-INF (TO to)
									  (VB amuse)
									  (NP-OB1 (PRO you))
									  (PP (P by)
									      (NP (D the)
										  (N account)
										  (PP (P of)
										      (NP (Q all)
											  (CP-REL (WNP-4 0)
												  (C 0)
												  (IP-SUB (NP-OB1 *T*-4)
													  (NP-SBJ (PRO I))
													  (VBP see)
													  (ADVP-LOC (ADV here))))
											  (, ,)
											  (CP-REL (WNP-5 0)
												  (C that)
												  (IP-SUB (NP-SBJ (PRO I))
													  (VBP think)
													  (IP-SMC (NP-SBJ *T*-5)
														  (ADJP (ADJ worth)
															(NP (PRO$ your) (N notice)))))))))))))))))))
	  (. .))
  (ID MONTAGU-1718,118.469))
/*
FOOTER
  source file, hits/tokens/total
  C:\Users\Shoo\Dropbox\workspace\CorpusSearch_Auto\data\corporas\PPCMBE\temp1492106160469\prefaces_epilogues_nonprivate_and_private_letters\montagu-1718.psd	6/6/492
*/
/*
HEADER:
source file:  C:\Users\Shoo\Dropbox\workspace\CorpusSearch_Auto\data\corporas\PPCMBE\temp1492106160469\prefaces_epilogues_nonprivate_and_private_letters\nightingale-188x.psd
*/

/~*
But first let me say what I am sure you will believe without asseveration or
explanation on my part or wonder what expression in my letter could have given
rise to it. that my thoughts about Claydon &c were simply & wholly about your
health, & that the ghost of an idea about 'madness' was about as far from my
mind as murder or the North Pole - i.e It could not go further.
(NIGHTINGALE-188X,411.49)
*~/
/*
70 WNP-2:  70 WNP-2, 82 letter, 69 CP-QUE
*/

( (IP-IMP (CONJ But)
	  (ADVP-TMP (ADV first))
	  (VBI let)
	  (IP-INF (NP-SBJ (PRO me))
		  (VB say)
		  (NP-OB1 (CP-FRL (WNP-1 (WPRO what))
				  (C 0)
				  (IP-SUB (NP-SBJ (PRO I))
					  (BEP am)
					  (ADJP (ADJ sure)
						(CP-THT (C 0)
							(IP-SUB (NP-OB1 *T*-1)
								(NP-SBJ (PRO you))
								(MD will)
								(VB believe)
								(PP (P without)
								    (NP (NP (N asseveration)
									    (CONJ or)
									    (N explanation)
									    (PP (P on)
										(NP (PRO$ my) (N part))))
									(CONJP (CONJ or)
									       (NP (N wonder)
										   (CP-QUE (WNP-2 (WD what)
												  (N expression)
												  (PP (P in)
												      (NP (PRO$ my) (N letter))))
											   (CODE <font>)
											   (C 0)
											   (IP-SUB (NP-SBJ *T*-2)
												   (MD could)
												   (CODE <$$font>)
												   (HV have)
												   (VBN given)
												   (NP-OB1 (N rise))
												   (PP (P to)
												       (NP (PRO it))))))))))))))
			  (, .)
			  (CP-THT-PRN (CP-THT (C that)
					      (IP-SUB (NP-SBJ (PRO$ my)
							      (NS thoughts)
							      (PP (P about)
								  (NP (NPR Claydon) (FW &c))))
						      (BED were)
						      (ADVP (ADV simply) (CONJ &) (ADV wholly))
						      (PP (P about)
							  (NP (PRO$ your) (N health)))))
				      (, ,)
				      (CONJP (CONJ &)
					     (CP-THT (C that)
						     (IP-SUB (NP-SBJ (D the)
								     (N ghost)
								     (PP (P of)
									 (NP (D an)
									     (N idea)
									     (PP (P about)
										 (' ')
										 (NP (N madness))))))
							     (' ')
							     (BED was)
							     (ADJP-LOC (ADV about)
								       (ADVR as)
								       (ADJ far)
								       (PP (P from)
									   (NP (PRO$ my) (N mind)))
								       (PP (P as)
									   (NP (NP (N murder))
									       (CONJP (CONJ or)
										      (NP (D the) (NPR North) (NPR Pole))))))
							     (, -)
							     (IP-MAT-PRN (FW i.e)
									 (CODE {COM:no_period})
									 (NP-SBJ (PRO It))
									 (MD could)
									 (NEG not)
									 (VB go)
									 (NP-MSR (ADJR further)))))))))
	  (. .))
  (ID NIGHTINGALE-188X,411.49))

/~*
And I was very much pleased to see what you did not tell me that you had
kindly offered prizes at the Village Horticultural Show for the best
Collection of Leaves from Trees, with the names appended, by the
schoolchildren.
(NIGHTINGALE-188X,413.93)
*~/
/*
25 WNP-1:  25 WNP-1, 27 what, 24 CP-QUE
*/

( (IP-MAT (CONJ And)
	  (NP-SBJ (PRO I))
	  (BED was)
	  (ADJP (QP (ADV very) (Q much))
		(VAN pleased)
		(IP-INF (TO to)
			(VB see)
			(CODE <paren>)
			(CP-QUE (WNP-1 (WPRO what))
				(C 0)
				(IP-SUB (NP-OB1 *T*-1)
					(NP-SBJ (PRO you))
					(DOD did)
					(NEG not)
					(VB tell)
					(NP-OB2 (PRO me))
					(CODE <$$paren>))
				(CP-THT-PRN (C that)
					    (IP-SUB (NP-SBJ (PRO you))
						    (HVD had)
						    (ADVP (ADV kindly))
						    (VBN offered)
						    (NP-OB1 (NS prizes)
							    (PP *ICH*-2))
						    (PP (P at)
							(NP (D the) (N Village) (ADJ Horticultural) (N Show)))
						    (PP (P for)
							(NP (D the)
							    (ADJS best)
							    (N Collection)
							    (PP (P of)
								(NP (NS Leaves)
								    (PP (P from)
									(NP (NS Trees)))))
							    (PP *ICH*-3)))
						    (, ,)
						    (PP-2 (P with)
							  (IP-SMC (NP-SBJ (D the) (NS names))
								  (VAN appended)))
						    (, ,)
						    (PP-3 (P by)
							  (NP (D the) (N+NS schoolchildren))))))))
	  (. .))
  (ID NIGHTINGALE-188X,413.93))

/~*
I told him that it would be most important for Civilians as well as for the
Army that we should have this information, because it tells us really what are
the results of elementary education.
(NIGHTINGALE-188X,414.110)
*~/
/*
85 WNP-2:  85 WNP-2, 87 what, 84 CP-QUE
*/

( (IP-MAT (NP-SBJ (PRO I))
	  (VBD told)
	  (NP-OB2 (PRO him))
	  (CP-THT (C that)
		  (IP-SUB (NP-SBJ-1 (PRO it))
			  (MD would)
			  (BE be)
			  (ADJP (QS most) (ADJ important))
			  (PP (P for)
			      (NP (NS Civilians))
			      (ADVP (ADVR as)
				    (ADV well)
				    (PP (P as)
					(PP (P for)
					    (NP (D the) (N Army))))))
			  (CP-THT-1 (C that)
				    (IP-SUB (NP-SBJ (PRO we))
					    (MD should)
					    (HV have)
					    (NP-OB1 (D this) (N information))))
			  (, ,)
			  (PP (P+N because)
			      (CP-ADV (C 0)
				      (IP-SUB (NP-SBJ (PRO it))
					      (VBP tells)
					      (NP-OB2 (PRO us))
					      (ADVP (ADV really))
					      (CP-QUE (WNP-2 (WPRO what))
						      (C 0)
						      (IP-SUB (NP-SBJ *T*-2)
							      (BEP are)
							      (NP-OB1 (D the)
								      (NS results)
								      (PP (P of)
									  (NP (ADJ elementary) (N education)))))))))))
	  (. .))
  (ID NIGHTINGALE-188X,414.110))

/~*
I should like to send her some little present, such as a book, if you would
kindly tell me what.
(NIGHTINGALE-188X,416.164)
*~/
/*
60 WNP:  60 WNP, 62 what, 59 CP-QUE
*/

( (IP-MAT (NP-SBJ (PRO I))
	  (MD should)
	  (VB like)
	  (IP-INF (TO to)
		  (VB send)
		  (NP-OB2 (PRO her))
		  (NP-OB1 (Q some)
			  (ADJ little)
			  (N present)
			  (, ,)
			  (ADJP (SUCH such)
				(PP (P as)
				    (NP (D a) (N book))))))
	  (, ,)
	  (PP (P if)
	      (CP-ADV (C 0)
		      (IP-SUB (NP-SBJ (PRO you))
			      (MD would)
			      (ADVP (ADV kindly))
			      (VB tell)
			      (NP-OB2 (PRO me))
			      (CP-QUE (WNP (WPRO what))))))
	  (. .))
  (ID NIGHTINGALE-188X,416.164))

/~*
Will you consider the points of, if Cornish is to do the Indian, who is to do
the Home business - & other points for that interview?
(NIGHTINGALE-188X,418.194)
*~/
/*
46 WNP-1:  46 WNP-1, 48 who, 21 CP-QUE
*/

( (CP-QUE (IP-SUB (MD Will)
		  (NP-SBJ (PRO you))
		  (VB consider)
		  (NP-OB1 (D the)
			  (NS points)
			  (PP (P of)
			      (, ,)
			      (CP-QUE (CP-QUE (PP (P if)
						  (CP-ADV (C 0)
							  (IP-SUB (NP-SBJ (NPR Cornish))
								  (BEP is)
								  (IP-INF (TO to)
									  (DO do)
									  (NP-OB1 (D the) (ADJ Indian))))))
					      (, ,)
					      (WNP-1 (WPRO who))
					      (IP-SUB (NP-SBJ *T*-1)
						      (BEP is)
						      (IP-INF (TO to)
							      (DO do)
							      (NP-OB1 (D the) (N Home) (N business)))))
				      (, -)
				      (CONJP (CONJ &)
					     (NP (OTHER other)
						 (NS points)
						 (PP (P for)
						     (NP (D that) (N interview)))))))))
	  (. ?))
  (ID NIGHTINGALE-188X,418.194))

/~*
Therefore, I can only tell you by word of mouth what you would know.
(NIGHTINGALE-188X,418.201)
*~/
/*
32 WNP-1:  32 WNP-1, 34 what, 31 CP-QUE
*/

( (IP-MAT (PP (ADV+P Therefore))
	  (, ,)
	  (NP-SBJ (PRO I))
	  (MD can)
	  (FP only)
	  (VB tell)
	  (NP-OB2 (PRO you))
	  (PP (P by)
	      (NP (N word)
		  (PP (P of)
		      (NP (N mouth)))))
	  (CP-QUE (WNP-1 (WPRO what))
		  (C 0)
		  (IP-SUB (NP-OB1 *T*-1)
			  (NP-SBJ (PRO you))
			  (MD would)
			  (VB know)))
	  (. .))
  (ID NIGHTINGALE-188X,418.201))
/*
FOOTER
  source file, hits/tokens/total
  C:\Users\Shoo\Dropbox\workspace\CorpusSearch_Auto\data\corporas\PPCMBE\temp1492106160469\prefaces_epilogues_nonprivate_and_private_letters\nightingale-188x.psd	6/6/211
*/
/*
HEADER:
source file:  C:\Users\Shoo\Dropbox\workspace\CorpusSearch_Auto\data\corporas\PPCMBE\temp1492106160469\prefaces_epilogues_nonprivate_and_private_letters\nightingale-189x.psd
*/

/~*
I was longing to know what your plans were - whether the Riviera or Edinburgh
- & how you were.
(NIGHTINGALE-189X,421.44)
*~/
/*
16 WNP-1:  16 WNP-1, 18 what, 15 CP-QUE
*/

( (IP-MAT (NP-SBJ (PRO I))
	  (BED was)
	  (VAG longing)
	  (IP-INF (TO to)
		  (VB know)
		  (CP-QUE (CP-QUE (WNP-1 (WPRO what))
				  (C 0)
				  (IP-SUB (NP-OB1 *T*-1)
					  (NP-SBJ (PRO$ your) (NS plans))
					  (BED were)
					  (, -)
					  (CP-QUE-PRN (WQ whether)
						      (NP (NP (D the) (NPR Riviera))
							  (CONJP (CONJ or)
								 (NP (NPR Edinburgh)))))))
			  (, -)
			  (CONJP (CONJ &)
				 (CP-QUE (WADVP-2 (WADV how))
					 (C 0)
					 (IP-SUB (ADVP *T*-2)
						 (NP-SBJ (PRO you))
						 (BED were))))))
	  (. .))
  (ID NIGHTINGALE-189X,421.44))

/~*
I refer back to a letter of mine, dated April 23 $$ 85, telling Capt. Symonds,
without of course giving your name, when you arrived from Souakim what you
told me, viz. that to make the Cocoatina acceptable, it should be combined
with milk & that the only Cocoa they the men liked was the cocoa & milk -
supplied in small quantities by the N. A. Soc'y.
(NIGHTINGALE-189X,422.48)
*~/
/*
90 WNP-1:  90 WNP-1, 92 what, 71 CP-QUE
*/

( (IP-MAT (NP-SBJ (PRO I))
	  (VBP refer)
	  (ADVP-DIR (ADV back))
	  (PP (P to)
	      (NP (D a)
		  (N letter)
		  (PP (P of)
		      (NP (PRO$ mine)))
		  (, ,)
		  (RRC (VAN dated)
		       (NP-SPR (NPR April)
			       (NUM 23)
			       (, $$)
			       (CODE {COM:slash_in_original})
			       (NUM 85)))
		  (, ,)
		  (RRC (VAG telling)
		       (NP-OB2 (NPR Capt.) (NPR Symonds))
		       (, ,)
		       (PP-PRN (P without)
			       (IP-PPL (PP (P of)
					   (NP (N course)))
				       (VAG giving)
				       (NP-OB1 (PRO$ your) (N name))))
		       (, ,)
		       (CP-QUE (PP (P when)
				   (CP-ADV (C 0)
					   (IP-SUB (NP-SBJ (PRO you))
						   (VBD arrived)
						   (PP (P from)
						       (NP (NPR Souakim))))))
			       (WNP-1 (WPRO what))
			       (C 0)
			       (IP-SUB (NP-OB1 *T*-1)
				       (NP-SBJ (PRO you))
				       (VBD told)
				       (NP-OB2 (PRO me))
				       (, ,)
				       (CP-THT-PRN (CP-THT (FW viz.)
							   (C that)
							   (IP-SUB (IP-INF-PRP (TO to)
									       (VB make)
									       (IP-SMC (NP-SBJ (D the) (N Cocoatina))
										       (ADJP (ADJ acceptable))))
								   (, ,)
								   (NP-SBJ (PRO it))
								   (MD should)
								   (BE be)
								   (VAN combined)
								   (PP (P with)
								       (CODE <font>)
								       (NP (N milk)))))
						   (CODE <$$font>)
						   (CONJP (CONJ &)
							  (CP-THT (C that)
								  (IP-SUB (NP-SBJ (D the)
										  (ADJ only)
										  (N Cocoa)
										  (CP-REL (WNP-2 0)
											  (C 0)
											  (IP-SUB (NP-OB1 *T*-2)
												  (NP-SBJ (PRO they)
													  (CODE <paren>)
													  (NP-PRN (D the) (NS men)))
												  (CODE <$$paren>)
												  (VBD liked))))
									  (BED was)
									  (NP-OB1 (D the)
										  (N cocoa)
										  (CODE <font>)
										  (CONJP (CONJ &)
											 (NX (N milk)))
										  (, -)
										  (CODE <$$font>)
										  (RRC (VAN supplied)
										       (PP (P in)
											   (NP (ADJ small) (NS quantities)))
										       (PP (P by)
											   (NP (D the) (N N.) (N A.) (N Soc'y))))))))))))))
	  (. .))
  (ID NIGHTINGALE-189X,422.48))

/~*
I am greatly puzzled what to do.
(NIGHTINGALE-189X,422.53)
*~/
/*
13 WNP-1:  13 WNP-1, 15 what, 12 CP-QUE
*/

( (IP-MAT (NP-SBJ (PRO I))
	  (BEP am)
	  (ADVP (ADV greatly))
	  (VAN puzzled)
	  (CP-QUE (WNP-1 (WPRO what))
		  (IP-INF (NP-OB1 *T*-1)
			  (TO to)
			  (DO do)))
	  (. .))
  (ID NIGHTINGALE-189X,422.53))

/~*
Might I ask what your impression is now of your kindness of the good or
no-good his Capt. Symonds Cocoatina did in that War?
(NIGHTINGALE-189X,422.57)
*~/
/*
13 WNP-1:  13 WNP-1, 15 what, 12 CP-QUE
*/

( (CP-QUE (IP-SUB (MD Might)
		  (NP-SBJ (PRO I))
		  (VB ask)
		  (CODE <font>)
		  (CP-QUE (WNP-1 (WPRO what))
			  (C 0)
			  (IP-SUB (NP-OB1 *T*-1)
				  (NP-SBJ (PRO$ your)
					  (N impression)
					  (PP *ICH*-2))
				  (BEP is)
				  (ADVP-TMP (ADV now))))
		  (CODE <$$font>)
		  (PP (P of)
		      (NP (PRO$ your) (N kindness)))
		  (PP-2 (P of)
			(NP (D the)
			    (CODE <font>)
			    (N good)
			    (CODE <$$font>)
			    (CONJP (CONJ or)
				   (CODE <font>)
				   (NX (Q+N no-good)))
			    (CODE <$$font>)
			    (CP-REL (WNP-3 0)
				    (C 0)
				    (IP-SUB (NP-OB1 *T*-3)
					    (NP-SBJ (NP-POS (PRO$ his)
							    (CODE <paren>)
							    (NP-PRN (NPR Capt.) (NPR$ Symonds)))
						    (CODE <$$paren>)
						    (N Cocoatina))
					    (DOD did)
					    (PP (P in)
						(NP (D that) (N War))))))))
	  (. ?))
  (ID NIGHTINGALE-189X,422.57))

/~*
This does not at all say what my heart is full of, dearest child.
(NIGHTINGALE-189X,423.82)
*~/
/*
18 WNP-1:  18 WNP-1, 20 what, 17 CP-QUE
*/

( (IP-MAT (NP-SBJ (D This))
	  (DOP does)
	  (NEG not)
	  (PP (P at)
	      (NP (Q all)))
	  (VB say)
	  (CP-QUE (WNP-1 (WPRO what))
		  (C 0)
		  (IP-SUB (NP-SBJ (PRO$ my) (N heart))
			  (BEP is)
			  (ADJP (ADJ full)
				(PP (P of)
				    (NP *T*-1)))))
	  (, ,)
	  (NP-VOC (ADJS dearest) (N child))
	  (. .))
  (ID NIGHTINGALE-189X,423.82))

/~*
But I hope soon to hear from yourself what your heart is full of that is, when
your nursing of dear mother & father is finished.
(NIGHTINGALE-189X,423.83)
*~/
/*
24 WNP-1:  24 WNP-1, 26 what, 23 CP-QUE
*/

( (IP-MAT (CONJ But)
	  (NP-SBJ (PRO I))
	  (VBP hope)
	  (IP-INF (ADVP-TMP (ADV soon))
		  (TO to)
		  (VB hear)
		  (PP (P from)
		      (NP (PRO$+N yourself)))
		  (CP-QUE (WNP-1 (WPRO what))
			  (C 0)
			  (IP-SUB (NP-SBJ (PRO$ your) (N heart))
				  (BEP is)
				  (ADJP (ADJ full)
					(PP (P of)
					    (NP *T*-1)))))
		  (IP-MAT-PRN (NP-SBJ (D that))
			      (BEP is)
			      (, ,)
			      (PP (P when)
				  (CP-ADV (C 0)
					  (IP-SUB (NP-SBJ (PRO$ your)
							  (N nursing)
							  (PP (P of)
							      (NP (ADJ dear)
								  (N mother)
								  (CONJP (CONJ &)
									 (NX (N father))))))
						  (BEP is)
						  (VAN finished))))))
	  (. .))
  (ID NIGHTINGALE-189X,423.83))

/~*
Just as the District Nurse goes into the cottage to nurse & to teach the
Patient by the family with her own head & hands - so would the Health Nurse
Missioner teach what to do in the cottage for health with her own head & hands.
(NIGHTINGALE-189X,425.107)
*~/
/*
96 WNP-3:  96 WNP-3, 98 what, 95 CP-QUE
*/

( (IP-MAT (PP-LFD (ADV Just)
		  (P as)
		  (CP-ADV (WADVP-1 0)
			  (C 0)
			  (IP-SUB (ADVP *T*-1)
				  (NP-SBJ (D the) (N District) (N Nurse))
				  (VBP goes)
				  (PP (P into)
				      (NP (D the) (N cottage)))
				  (IP-INF-PRP-2 (TO to)
						(VB nurse)
						(IP-INF-PRN=2 (CONJ &) (TO to) (VB teach))
						(NP-OB1 (D the) (N Patient))
						(PP (P by)
						    (NP (D the) (N family)))
						(PP (P with)
						    (NP (PRO$ her)
							(ADJ own)
							(N head)
							(CONJP (CONJ &)
							       (NX (NS hands)))))))))
	  (, -)
	  (ADVP-RSP (ADV so))
	  (MD would)
	  (NP-SBJ (D the) (N Health) (N Nurse) (CODE <paren>) (N Missioner))
	  (CODE <$$paren>)
	  (VB teach)
	  (CP-QUE (WNP-3 (WPRO what))
		  (IP-INF (NP-OB1 *T*-3)
			  (TO to)
			  (DO do)
			  (PP (P in)
			      (NP (D the) (N cottage)))
			  (PP (P for)
			      (NP (N health)))))
	  (PP (P with)
	      (NP (PRO$ her)
		  (ADJ own)
		  (N head)
		  (CONJP (CONJ &)
			 (NX (NS hands)))))
	  (. .))
  (ID NIGHTINGALE-189X,425.107))

/~*
And 2. what is the moral & technical discipline which she will receive when
armed with her certificate, of which the public does not know the value, she
leaves her Inf'y or Hosp'l.
(NIGHTINGALE-189X,426.121)
*~/
/*
9 WNP-1:  9 WNP-1, 11 what, 1 CP-QUE
*/

( (CP-QUE (CONJ And)
	  (LS (NUM 2))
	  (, .)
	  (WNP-1 (WPRO what))
	  (IP-SUB (NP-SBJ *T*-1)
		  (BEP is)
		  (NP-OB1 (D the)
			  (ADJP (ADJ moral) (CONJ &) (ADJ technical))
			  (N discipline)
			  (CP-REL (WNP-2 (WPRO which))
				  (C 0)
				  (IP-SUB (NP-OB1 *T*-2)
					  (NP-SBJ (PRO she))
					  (MD will)
					  (VB receive)
					  (PP (P when)
					      (CP-ADV (C 0)
						      (IP-SUB (IP-PPL (VAN armed)
								      (PP (P with)
									  (NP (PRO$ her)
									      (N certificate)
									      (, ,)
									      (CP-REL (WPP-3 (P of)
											     (WNP (WPRO which)))
										      (C 0)
										      (IP-SUB (NP-SBJ (D the) (N public))
											      (DOP does)
											      (NEG not)
											      (VB know)
											      (NP-OB1 (D the)
												      (N value)
												      (PP *T*-3)))))))
							      (, ,)
							      (NP-SBJ (PRO she))
							      (VBP leaves)
							      (NP-OB1 (PRO$ her)
								      (N Inf'y)
								      (CONJP (CONJ or)
									     (NX (N Hosp'l)))))))))))
	  (. .))
  (ID NIGHTINGALE-189X,426.121))

/~*
People little know what the conversation of these Nurses is
(NIGHTINGALE-189X,426.128)
*~/
/*
13 WNP-1:  13 WNP-1, 15 what, 12 CP-QUE
*/

( (IP-MAT (CODE <bracket>)
	  (NP-SBJ (NS People))
	  (NP-MSR (Q little))
	  (VBP know)
	  (CP-QUE (WNP-1 (WPRO what))
		  (C 0)
		  (IP-SUB (NP-OB1 *T*-1)
			  (NP-SBJ (D the)
				  (N conversation)
				  (PP (P of)
				      (NP (D these) (NS Nurses))))
			  (BEP is)))
	  (CODE <$$bracket>))
  (ID NIGHTINGALE-189X,426.128))

/~*
What do you propose instead of examination?
(NIGHTINGALE-189X,429.190)
*~/
/*
2 WNP-1:  2 WNP-1, 4 What, 1 CP-QUE
*/

( (CP-QUE (WNP-1 (WPRO What))
	  (IP-SUB (NP-OB1 *T*-1)
		  (DOP do)
		  (NP-SBJ (PRO you))
		  (VB propose)
		  (PP (P+N instead)
		      (PP (P of)
			  (NP (N examination)))))
	  (. ?))
  (ID NIGHTINGALE-189X,429.190))

/~*
What should be the substitute?
(NIGHTINGALE-189X,429.192)
*~/
/*
2 WNP-1:  2 WNP-1, 4 What, 1 CP-QUE
*/

( (CP-QUE (WNP-1 (WPRO What))
	  (IP-SUB (NP-SBJ *T*-1)
		  (MD should)
		  (BE be)
		  (NP-OB1 (D the) (N substitute)))
	  (. ?))
  (ID NIGHTINGALE-189X,429.192))

/~*
Dear Madam You $can $not think what pleasure your 'Letter to" the W. I. Nurses
"' about the dear heroic Saint, Agnes Jones, gave me.
(NIGHTINGALE-189X,433.285)
*~/
/*
19 WNP-1:  19 WNP-1, 23 pleasure, 18 CP-QUE
*/

( (IP-MAT (NP-VOC (ADJ Dear) (N Madam))
	  (NP-SBJ (PRO You))
	  (MD $can)
	  (NEG $not)
	  (CODE {TEXT:cannot})
	  (VB think)
	  (CP-QUE (WNP-1 (WD what) (N pleasure))
		  (C 0)
		  (IP-SUB (NP-OB1 *T*-1)
			  (NP-SBJ (PRO$ your)
				  (' ')
				  (N Letter)
				  (PP (P to)
				      (" ")
				      (NP (D the) (NPR W.) (N I.) (NS Nurses)))
				  (" ")
				  (' ')
				  (PP (P about)
				      (NP (D the)
					  (ADJ dear)
					  (ADJ heroic)
					  (N Saint)
					  (, ,)
					  (NP-PRN (NPR Agnes) (NPR Jones)))))
			  (, ,)
			  (VBD gave)
			  (NP-OB2 (PRO me))))
	  (. .))
  (ID NIGHTINGALE-189X,433.285))

/~*
I do not know who told Lady Wantage of this bust -
(NIGHTINGALE-189X,437.400)
*~/
/*
12 WNP-1:  12 WNP-1, 14 who, 11 CP-QUE
*/

( (IP-MAT (NP-SBJ (PRO I))
	  (DOP do)
	  (NEG not)
	  (VB know)
	  (CP-QUE (WNP-1 (WPRO who))
		  (C 0)
		  (IP-SUB (NP-SBJ *T*-1)
			  (VBD told)
			  (NP-OB2 (NPR Lady) (NPR Wantage))
			  (PP (P of)
			      (NP (D this) (N bust)))))
	  (. -))
  (ID NIGHTINGALE-189X,437.400))
/*
FOOTER
  source file, hits/tokens/total
  C:\Users\Shoo\Dropbox\workspace\CorpusSearch_Auto\data\corporas\PPCMBE\temp1492106160469\prefaces_epilogues_nonprivate_and_private_letters\nightingale-189x.psd	13/13/429
*/
/*
HEADER:
source file:  C:\Users\Shoo\Dropbox\workspace\CorpusSearch_Auto\data\corporas\PPCMBE\temp1492106160469\prefaces_epilogues_nonprivate_and_private_letters\victoria-186x.psd
*/

/~*
What is your opinion?
(VICTORIA-186X,1,65.43)
*~/
/*
2 WNP-1:  2 WNP-1, 4 What, 1 CP-QUE
*/

( (CP-QUE (WNP-1 (WPRO What))
	  (IP-SUB (NP-OB1 *T*-1)
		  (BEP is)
		  (CODE <font>)
		  (NP-SBJ (PRO$ your) (CODE <$$font>) (N opinion)))
	  (. ?))
  (ID VICTORIA-186X,1,65.43))

/~*
but since Dr. Jenner wrote to you in my name, I have been so unwell, the
result of over-exertion this last week, that I can hardly hold my pen for
shaking, and hardly know what I am about.
(VICTORIA-186X,1,91.178)
*~/
/*
110 WNP-2:  110 WNP-2, 112 what, 109 CP-QUE
*/

( (IP-MAT (CONJ but)
	  (PP (P since)
	      (CP-ADV (C 0)
		      (IP-SUB (NP-SBJ (NPR Dr.) (NPR Jenner))
			      (VBD wrote)
			      (PP (P to)
				  (NP (PRO you)))
			      (PP (P in)
				  (NP (PRO$ my) (N name))))))
	  (, ,)
	  (NP-SBJ (PRO I))
	  (HVP have)
	  (BEN been)
	  (ADJP (ADVR so)
		(ADJ unwell)
		(CP-DEG *ICH*-1))
	  (, ,)
	  (NP-CAR (D the)
		  (N result)
		  (PP (P of)
		      (NP (N over-exertion)))
		  (NP-TMP (D this) (ADJ last) (N week)))
	  (, ,)
	  (CP-DEG-1 (C that)
		    (IP-SUB (IP-SUB (NP-SBJ (PRO I))
				    (MD can)
				    (ADVP (ADV hardly))
				    (VB hold)
				    (NP-OB1 (PRO$ my) (N pen))
				    (PP (P for)
					(NP (N shaking))))
			    (, ,)
			    (CONJP (CONJ and)
				   (IP-SUB (NP-SBJ *con*)
					   (ADVP (ADV hardly))
					   (VBP know)
					   (CP-QUE (WNP-2 (WPRO what))
						   (C 0)
						   (IP-SUB (NP-SBJ (PRO I))
							   (BEP am)
							   (PP (P about)
							       (NP *T*-2))))))))
	  (. .))
  (ID VICTORIA-186X,1,91.178))

/~*
If you will ask Jenner and Clark, they will tell you and my poor handwriting
will also what a state of nervousness I am in, and how very important it is
that I should have no excitement, no agitation, if I am to live on!
(VICTORIA-186X,1,92.189)
*~/
/*
55 WNP-2:  55 WNP-2, 67 nervousness, 54 CP-QUE
*/

( (IP-MAT-1 (PP (P If)
		(CP-ADV (C 0)
			(IP-SUB (NP-SBJ (PRO you))
				(MD will)
				(VB ask)
				(NP-OB2 (NPR Jenner) (CONJ and) (NPR Clark)))))
	    (, ,)
	    (NP-SBJ (PRO they))
	    (MD will)
	    (VB tell)
	    (NP-OB2 (PRO you))
	    (CODE <paren>)
	    (IP-MAT-PRN=1 (CONJ and)
			  (NP-SBJ (PRO$ my) (ADJ poor) (N+N handwriting))
			  (MD will)
			  (ALSO also))
	    (CODE <$$paren>)
	    (CP-QUE (CP-QUE (WNP-2 (WD what)
				   (D a)
				   (N state)
				   (PP (P of)
				       (NP (N nervousness))))
			    (C 0)
			    (IP-SUB (NP-SBJ (PRO I))
				    (BEP am)
				    (PP (P in)
					(NP *T*-2))))
		    (, ,)
		    (CONJP (CONJ and)
			   (CODE <font>)
			   (CP-QUE (WADJP-3 (WADVP (WADV how) (ADV very))
					    (CODE <$$font>)
					    (ADJ important))
				   (C 0)
				   (IP-SUB (ADJP *T*-3)
					   (NP-SBJ-4 (PRO it))
					   (BEP is)
					   (CP-THT-4 (C that)
						     (IP-SUB (NP-SBJ (PRO I))
							     (MD should)
							     (HV have)
							     (CODE <font>)
							     (NP-OB1 (NP (Q no) (CODE <$$font>) (N excitement))
								     (, ,)
								     (CODE <font>)
								     (CONJP (NP (Q no) (CODE <$$font>) (N agitation))))))
					   (, ,)
					   (PP (P if)
					       (CODE {COM:previous_word_emphasized_in_original})
					       (CP-ADV (C 0)
						       (IP-SUB (NP-SBJ (PRO I))
							       (BEP am)
							       (IP-INF (TO to) (VB live) (RP on)))))))))
	    (. !))
  (ID VICTORIA-186X,1,92.189))

/~*
I $can $not tell you sufficiently what a support and comfort good excellent
General Grey is to me;
(VICTORIA-186X,1,92.192)
*~/
/*
26 WNP-1:  26 WNP-1, 40 comfort, 25 CP-QUE
*/

( (IP-MAT (NP-SBJ (PRO I))
	  (CODE <font>)
	  (MD $can)
	  (NEG $not)
	  (CODE {TEXT:cannot})
	  (CODE <$$font>)
	  (VB tell)
	  (NP-OB2 (PRO you))
	  (ADVP (ADV sufficiently))
	  (CODE <font>)
	  (CP-QUE (WNP-1 (WD what)
			 (CODE <$$font>)
			 (D a)
			 (N support)
			 (CONJP (CONJ and)
				(NX (N comfort))))
		  (C 0)
		  (IP-SUB (NP-OB1 *T*-1)
			  (NP-SBJ (ADJP (ADJ good) (ADJ excellent))
				  (NPR General)
				  (NPR Grey))
			  (BEP is)
			  (PP (P to)
			      (NP (PRO me)))))
	  (. ;))
  (ID VICTORIA-186X,1,92.192))

/~*
and I $can $n't at all realise what this loss will be, or at all believe it.
(VICTORIA-186X,1,100.220)
*~/
/*
31 WNP-2:  31 WNP-2, 33 what, 30 CP-QUE
*/

( (IP-MAT (IP-MAT-1 (CONJ and)
		    (NP-SBJ (PRO I))
		    (MD $can)
		    (NEG $n't)
		    (CODE {TEXT:can't})
		    (CODE <font>)
		    (PP (P at)
			(NP (Q all)))
		    (CODE <$$font>)
		    (VB realise)
		    (CODE {COM:previous_word_emphasized_in_original})
		    (CODE <font>)
		    (CP-QUE (WNP-2 (WPRO what))
			    (CODE <$$font>)
			    (C 0)
			    (IP-SUB (NP-OB1 *T*-2)
				    (NP-SBJ (D this) (N loss))
				    (MD will)
				    (BE be))))
	  (, ,)
	  (CONJP (CONJ or)
		 (IP-MAT=1 (PP (P at)
			       (CODE <font>)
			       (NP (Q all)))
			   (VB believe)
			   (CODE <$$font>)
			   (NP-OB1 (PRO it))))
	  (. .))
  (ID VICTORIA-186X,1,100.220))

/~*
What can be done?
(VICTORIA-186X,1,116.309)
*~/
/*
2 WNP-1:  2 WNP-1, 4 What, 1 CP-QUE
*/

( (CP-QUE (WNP-1 (WPRO What))
	  (CODE <font>)
	  (IP-SUB (NP-SBJ *T*-1)
		  (MD can)
		  (CODE <$$font>)
		  (BE be)
		  (DAN done))
	  (. ?))
  (ID VICTORIA-186X,1,116.309))

/~*
I know what heartburnings these sponsorships cause,
(VICTORIA-186X,1,152.399)
*~/
/*
8 WNP-1:  8 WNP-1, 12 heartburnings, 7 CP-QUE
*/

( (IP-MAT (NP-SBJ (PRO I))
	  (VBP know)
	  (CP-QUE (WNP-1 (WD what) (NS heartburnings))
		  (C 0)
		  (IP-SUB (NP-OB1 *T*-1)
			  (NP-SBJ (D these) (NS sponsorships))
			  (VBP cause)))
	  (. ,))
  (ID VICTORIA-186X,1,152.399))

/~*
for else God Almighty knows what may not happen!
(VICTORIA-186X,1,207.484)
*~/
/*
16 WNP-1:  16 WNP-1, 18 what, 15 CP-QUE
*/

( (IP-MAT (CONJ for)
	  (ADVP (ADV else))
	  (NP-SBJ (NPR God)
		  (ADJP (ADJ Almighty)))
	  (VBP knows)
	  (CP-QUE (WNP-1 (WPRO what))
		  (C 0)
		  (IP-SUB (NP-SBJ *T*-1)
			  (MD may)
			  (NEG not)
			  (VB happen)))
	  (. !))
  (ID VICTORIA-186X,1,207.484))

/~*
Beloved Uncle, - Only imagine that Johnny had again stated to me what he
proposed most dangerously - without the slightest authorisation from the
Cabinet!!! And this for the third time!
(VICTORIA-186X,1,220.496)
*~/
/*
40 WNP-1:  40 WNP-1, 42 what, 39 CP-QUE
*/

( (IP-IMP (NP-VOC (ADJ Beloved) (N Uncle))
	  (, ,)
	  (, -)
	  (CODE {ED:...})
	  (FP Only)
	  (VBI imagine)
	  (CP-THT (C that)
		  (IP-SUB (NP-SBJ (NPR Johnny))
			  (HVD had)
			  (ADVP (ADV again))
			  (VBN stated)
			  (PP (P to)
			      (NP (PRO me)))
			  (CODE <font>)
			  (CP-QUE (WNP-1 (WPRO what))
				  (CODE <$$font>)
				  (C 0)
				  (IP-SUB (IP-SUB (NP-OB1 *T*-1)
						  (NP-SBJ (PRO he))
						  (VBD proposed)
						  (ADVP (QS most) (ADV dangerously))
						  (, -)
						  (CODE <font>)
						  (PP (P without)
						      (CODE <$$font>)
						      (NP (D the)
							  (ADJS slightest)
							  (N authorisation)
							  (PP (P from)
							      (NP (D the) (N Cabinet))))))
					  (, !)
					  (, !)
					  (, !)
					  (CONJP (CONJ And)
						 (FRAG (NP (D this))
						       (PP (P for)
							   (NP (D the) (CODE <font>) (ADJ third) (CODE <$$font>) (N time)))))))))
	  (. !))
  (ID VICTORIA-186X,1,220.496))
/*
FOOTER
  source file, hits/tokens/total
  C:\Users\Shoo\Dropbox\workspace\CorpusSearch_Auto\data\corporas\PPCMBE\temp1492106160469\prefaces_epilogues_nonprivate_and_private_letters\victoria-186x.psd	9/9/826
*/
/*
HEADER:
source file:  C:\Users\Shoo\Dropbox\workspace\CorpusSearch_Auto\data\corporas\PPCMBE\temp1492106160469\prefaces_epilogues_nonprivate_and_private_letters\walpole-174x.psd
*/

/~*
Harry, my dear, one would tell you what a monster you are, if one were not
sure your conscience tells you so every time you think of me.
(WALPOLE-174X,5,3.5)
*~/
/*
25 WNP-1:  25 WNP-1, 31 monster, 24 CP-QUE
*/

( (IP-MAT (NP-VOC (NPR Harry)
		  (, ,)
		  (NP-PRN (PRO$ my) (ADJ dear)))
	  (, ,)
	  (NP-SBJ (ONE one))
	  (MD would)
	  (VB tell)
	  (NP-OB2 (PRO you))
	  (CP-QUE (WNP-1 (WD what) (D a) (N monster))
		  (C 0)
		  (IP-SUB (NP-OB1 *T*-1)
			  (NP-SBJ (PRO you))
			  (BEP are)))
	  (, ,)
	  (PP (P if)
	      (CP-ADV (C 0)
		      (IP-SUB (NP-SBJ (ONE one))
			      (BED were)
			      (NEG not)
			      (ADJP (ADJ sure)
				    (CP-THT (C 0)
					    (IP-SUB (NP-SBJ (PRO$ your) (N conscience))
						    (VBP tells)
						    (NP-OB2 (PRO you))
						    (ADVP (ADV so))
						    (NP-TMP (Q every)
							    (N time)
							    (CP-REL (WADVP-2 0)
								    (C 0)
								    (IP-SUB (ADVP-TMP *T*-2)
									    (NP-SBJ (PRO you))
									    (VBP think)
									    (PP (P of)
										(NP (PRO me))))))))))))
	  (. .))
  (ID WALPOLE-174X,5,3.5))

/~*
He asked him what they had determined about the vessel that the Spaniards took
under the cannon of Civita Vecchia, whether they had restored it to the
English?
(WALPOLE-174X,5,5.65)
*~/
/*
12 WNP-1:  12 WNP-1, 14 what, 11 CP-QUE
*/

( (IP-MAT (NP-SBJ (PRO He))
	  (VBD asked)
	  (NP-OB2 (PRO him))
	  (CP-QUE (CP-QUE (WNP-1 (WPRO what))
			  (C 0)
			  (IP-SUB (NP-OB1 *T*-1)
				  (NP-SBJ (PRO they))
				  (HVD had)
				  (VBN determined)
				  (PP (P about)
				      (NP (D the)
					  (N vessel)
					  (CP-REL (WNP-2 0)
						  (C that)
						  (IP-SUB (NP-OB1 *T*-2)
							  (NP-SBJ (D the) (NPRS Spaniards))
							  (VBD took)
							  (PP (P under)
							      (NP (D the)
								  (N cannon)
								  (PP (P of)
								      (NP (NPR Civita) (NPR Vecchia)))))))))))
		  (, ,)
		  (CONJP (CP-QUE (WQ whether)
				 (C 0)
				 (IP-SUB (NP-SBJ (PRO they))
					 (HVD had)
					 (VBN restored)
					 (NP-OB1 (PRO it))
					 (PP (P to)
					     (NP (D the) (ADJ English)))))))
	  (. ?))
  (ID WALPOLE-174X,5,5.65))

/~*
But as I find the whole town have had the same sentiments about him, though I
am sure few so strong as myself I will not repeat what you have heard so much.
(WALPOLE-174X,5,6.117)
*~/
/*
90 WNP-1:  90 WNP-1, 92 what, 89 CP-QUE
*/

( (IP-MAT (CONJ But)
	  (PP (P as)
	      (CP-ADV (C 0)
		      (IP-SUB (NP-SBJ (PRO I))
			      (VBP find)
			      (CP-THT (C 0)
				      (IP-SUB (NP-SBJ (D the) (ADJ whole) (N town))
					      (HVP have)
					      (HVN had)
					      (NP-OB1 (D the) (ADJ same) (NS sentiments))
					      (PP (P about)
						  (NP (PRO him)))
					      (, ,)
					      (CODE <paren>)
					      (PP (P though)
						  (CP-ADV (C 0)
							  (IP-SUB (NP-SBJ (PRO I))
								  (BEP am)
								  (ADJP (ADJ sure)
									(FRAG (NP (Q few))
									      (ADJP (ADVR so)
										    (ADJ strong)
										    (PP (P as)
											(NP (PRO$+N myself))))))))))))))
	  (CODE <$$paren>)
	  (NP-SBJ (PRO I))
	  (MD will)
	  (NEG not)
	  (VB repeat)
	  (CP-QUE (WNP-1 (WPRO what))
		  (C 0)
		  (IP-SUB (NP-OB1 *T*-1)
			  (NP-SBJ (PRO you))
			  (HVP have)
			  (VBN heard)
			  (NP-MSR (QP (ADVR so) (Q much)))))
	  (. .))
  (ID WALPOLE-174X,5,6.117))

/~*
Tell me, dear now, who made the design, and who took the likenesses;
(WALPOLE-174X,5,7.123)
*~/
/*
19 WNP-1:  19 WNP-1, 21 who, 18 CP-QUE
40 WNP-2:  40 WNP-2, 42 who, 39 CP-QUE
*/

( (IP-IMP (VBI Tell)
	  (NP-OB2 (PRO me))
	  (, ,)
	  (NP-VOC (ADJ dear))
	  (ADVP (ADV now))
	  (, ,)
	  (CP-QUE (CP-QUE (WNP-1 (WPRO who))
			  (C 0)
			  (IP-SUB (NP-SBJ *T*-1)
				  (VBD made)
				  (NP-OB1 (D the) (N design))))
		  (, ,)
		  (CONJP (CONJ and)
			 (CP-QUE (WNP-2 (WPRO who))
				 (C 0)
				 (IP-SUB (NP-SBJ *T*-2)
					 (VBD took)
					 (NP-OB1 (D the) (NS likenesses))))))
	  (. ;))
  (ID WALPOLE-174X,5,7.123))

/~*
what do you think I write with?
(WALPOLE-174X,5,8.178)
*~/
/*
2 WNP-1:  2 WNP-1, 4 what, 1 CP-QUE
*/

( (CP-QUE (WNP-1 (WPRO what))
	  (IP-SUB (DOP do)
		  (NP-SBJ (PRO you))
		  (VB think)
		  (CP-THT (C 0)
			  (IP-SUB (NP-SBJ (PRO I))
				  (VBP write)
				  (PP (P with)
				      (NP *T*-1)))))
	  (. ?))
  (ID WALPOLE-174X,5,8.178))

/~*
who $d $'ye think is here?
(WALPOLE-174X,5,12.277)
*~/
/*
2 WNP-1:  2 WNP-1, 4 who, 1 CP-QUE
*/

( (CP-QUE (WNP-1 (WPRO who))
	  (IP-SUB (DOP $d)
		  (NP-SBJ (PRO $'ye))
		  (CODE {TEXT:d'ye})
		  (VB think)
		  (CODE <P_5,12>)
		  (CP-THT (C 0)
			  (IP-SUB (NP-SBJ *T*-1)
				  (BEP is)
				  (ADVP-LOC (ADV here)))))
	  (. ?))
  (ID WALPOLE-174X,5,12.277))

/~*
or else here is a charming opportunity for saying what I think of you.
(WALPOLE-174X,5,13.303)
*~/
/*
27 WNP-2:  27 WNP-2, 29 what, 26 CP-QUE
*/

( (IP-MAT (CONJ or)
	  (ELSE else)
	  (ADVP-LOC (ADV here))
	  (NP-SBJ-1 *exp*)
	  (BEP is)
	  (NP-1 (D a)
		(ADJ charming)
		(N opportunity)
		(PP (P for)
		    (IP-PPL (VAG saying)
			    (CP-QUE (WNP-2 (WPRO what))
				    (C 0)
				    (IP-SUB (NP-OB1 *T*-2)
					    (NP-SBJ (PRO I))
					    (VBP think)
					    (PP (P of)
						(NP (PRO you))))))))
	  (. .))
  (ID WALPOLE-174X,5,13.303))

/~*
What inward alterations may have happened to me, you will discover best;
(WALPOLE-174X,5,15.350)
*~/
/*
3 WNP-1:  3 WNP-1, 9 alterations, 2 CP-QUE
*/

( (IP-MAT (CP-QUE (WNP-1 (WD What) (ADJ inward) (NS alterations))
		  (C 0)
		  (IP-SUB (NP-SBJ *T*-1)
			  (MD may)
			  (HV have)
			  (VBN happened)
			  (PP (P to)
			      (NP (PRO me)))))
	  (, ,)
	  (NP-SBJ (PRO you))
	  (MD will)
	  (VB discover)
	  (ADVP (ADVS best))
	  (. ;))
  (ID WALPOLE-174X,5,15.350))

/~*
$I $'ll tell you what,
(WALPOLE-174X,5,18.433)
*~/
/*
15 WNP:  15 WNP, 17 what, 14 CP-QUE
*/

( (IP-MAT (NP-SBJ (PRO $I))
	  (MD $'ll)
	  (CODE {TEXT:I'll})
	  (VB tell)
	  (NP-OB2 (PRO you))
	  (CP-QUE (WNP (WPRO what)))
	  (. ,))
  (ID WALPOLE-174X,5,18.433))

/~*
for your two last were in so diminutive a character, that we were forced to
employ all Mrs. Leneve's spectacles, besides an ancient family reading-glass
with which my grandfather used to begin the psalm, to discover what you said
to us.
(WALPOLE-174X,5,18.435)
*~/
/*
107 WNP-3:  107 WNP-3, 109 what, 106 CP-QUE
*/

( (IP-MAT (CONJ for)
	  (NP-SBJ (PRO$ your) (NUM two) (ADJ last))
	  (BED were)
	  (PP (P in)
	      (NP (ADJP (ADVR so)
			(ADJ diminutive)
			(CP-DEG *ICH*-1))
		  (D a)
		  (N character)
		  (, ,)
		  (CP-DEG-1 (C that)
			    (IP-SUB (NP-SBJ (PRO we))
				    (BED were)
				    (VAN forced)
				    (IP-INF (TO to)
					    (VB employ)
					    (NP-OB1 (Q all)
						    (NP-POS (NPR Mrs.) (NPR$ Leneve's))
						    (NS spectacles))
					    (, ,)
					    (PP (P besides)
						(NP (D an)
						    (ADJ ancient)
						    (N family)
						    (N+NS reading-glass)
						    (CP-REL (WPP-2 (P with)
								   (WNP (WPRO which)))
							    (C 0)
							    (IP-SUB (NP-SBJ (PRO$ my) (ADJ+N grandfather))
								    (VBD used)
								    (IP-INF (PP *T*-2)
									    (TO to)
									    (VB begin)
									    (NP-OB1 (D the) (NPR psalm)))))))
					    (, ,)
					    (IP-INF-PRP (TO to)
							(VB discover)
							(CP-QUE (WNP-3 (WPRO what))
								(C 0)
								(IP-SUB (NP-OB1 *T*-3)
									(NP-SBJ (PRO you))
									(VBD said)
									(PP (P to)
									    (NP (PRO us)))))))))))
	  (. .))
  (ID WALPOLE-174X,5,18.435))

/~*
and who will give him their daughter, unless he breaks off that affair, which
I believe he will now very willingly make a marriage article?
(WALPOLE-174X,5,22.514)
*~/
/*
4 WNP-1:  4 WNP-1, 6 who, 1 CP-QUE
*/

( (CP-QUE (CONJ and)
	  (WNP-1 (WPRO who))
	  (IP-SUB (NP-SBJ *T*-1)
		  (MD will)
		  (VB give)
		  (NP-OB2 (PRO him))
		  (NP-OB1 (PRO$ their) (N daughter))
		  (, ,)
		  (PP (P unless)
		      (CP-ADV (C 0)
			      (IP-SUB (NP-SBJ (PRO he))
				      (VBP breaks)
				      (RP off)
				      (NP-OB1 (D that)
					      (N affair)
					      (, ,)
					      (CP-REL (WNP-2 (WPRO which))
						      (C 0)
						      (IP-SUB (NP-SBJ (PRO I))
							      (VBP believe)
							      (CP-THT (C 0)
								      (IP-SUB (NP-SBJ (PRO he))
									      (MD will)
									      (ADVP-TMP (ADV now))
									      (ADVP (ADV very) (ADV willingly))
									      (VB make)
									      (IP-SMC (NP-SBJ *T*-2)
										      (NP-OB1 (D a) (N marriage) (N article))))))))))))
	  (. ?))
  (ID WALPOLE-174X,5,22.514))
/*
FOOTER
  source file, hits/tokens/total
  C:\Users\Shoo\Dropbox\workspace\CorpusSearch_Auto\data\corporas\PPCMBE\temp1492106160469\prefaces_epilogues_nonprivate_and_private_letters\walpole-174x.psd	12/11/665
*/
/*
HEADER:
source file:  C:\Users\Shoo\Dropbox\workspace\CorpusSearch_Auto\data\corporas\PPCMBE\temp1492106160469\prefaces_epilogues_nonprivate_and_private_letters\wellesley-1815.psd
*/

/~*
Your Lordship will then judge what chance there is of maintaining the peace if
Buonaparte should be entirely successful, considering his disposition for war,
adverting to the opinions he has delivered and entertains upon the peace, and
to the necessity under which he labors to cultivate his popularity with the
army, and to endeavor, at least, to flatter the vanity of the nation by
military success.
(WELLESLEY-1815,837.103)
*~/
/*
15 WNP-1:  15 WNP-1, 19 chance, 14 CP-QUE
*/

( (IP-MAT (NP-SBJ (PRO$ Your) (N Lordship))
	  (MD will)
	  (ADVP-TMP (ADV then))
	  (VB judge)
	  (CP-QUE (WNP-1 (WD what) (N chance))
		  (C 0)
		  (IP-SUB (NP-2 *T*-1)
			  (NP-SBJ-2 (EX there))
			  (BEP is)
			  (PP (P of)
			      (IP-PPL (VAG maintaining)
				      (NP-OB1 (D the) (N peace))))
			  (PP (P if)
			      (CP-ADV (C 0)
				      (IP-SUB (NP-SBJ (NPR Buonaparte))
					      (MD should)
					      (BE be)
					      (ADJP (ADV entirely) (ADJ successful)))))
			  (, ,)
			  (IP-PPL (VAG considering)
				  (NP-OB1 (PRO$ his)
					  (N disposition)
					  (PP (P for)
					      (NP (N war)))))
			  (, ,)
			  (IP-PPL (VAG adverting)
				  (PP (PP (P to)
					  (NP (D the)
					      (NS opinions)
					      (CP-REL (WNP-3 0)
						      (C 0)
						      (IP-SUB (IP-SUB (NP-OB1 *T*-3)
								      (NP-SBJ (PRO he))
								      (HVP has)
								      (VBN delivered))
							      (CONJP (CONJ and)
								     (IP-SUB (NP-OB1 *T*-3)
									     (NP-SBJ *con*)
									     (VBP entertains)
									     (PP (P upon)
										 (NP (D the) (N peace)))))))))
				      (, ,)
				      (CONJP (CONJ and)
					     (PP (P to)
						 (NP (D the)
						     (N necessity)
						     (CP-REL (WPP-4 (P under)
								    (WNP (WPRO which)))
							     (C 0)
							     (IP-SUB (PP *T*-4)
								     (NP-SBJ (PRO he))
								     (VBP labors)
								     (IP-INF-PRP (IP-INF (TO to)
											 (VB cultivate)
											 (NP-OB1 (PRO$ his) (N popularity))
											 (PP (P with)
											     (NP (D the) (N army))))
										 (, ,)
										 (CONJP (CONJ and)
											(IP-INF (TO to)
												(VB endeavor)
												(, ,)
												(PP (P at)
												    (NP (QS least)))
												(, ,)
												(IP-INF (TO to)
													(VB flatter)
													(NP-OB1 (D the)
														(N vanity)
														(PP (P of)
														    (NP (D the) (N nation))))
													(PP (P by)
													    (NP (ADJ military) (N success))))))))))))))))
	  (. .))
  (ID WELLESLEY-1815,837.103))

/~*
Now, then, this being the case, what ought to be the conduct of the King?
(WELLESLEY-1815,851.308)
*~/
/*
25 WNP-1:  25 WNP-1, 27 what, 1 CP-QUE
*/

( (CP-QUE (ADVP (ADV Now)
		(, ,)
		(ADVP (ADV then)))
	  (, ,)
	  (IP-PPL-ABS (NP-SBJ (D this))
		      (BAG being)
		      (NP-OB1 (D the) (N case)))
	  (, ,)
	  (WNP-1 (WPRO what))
	  (IP-SUB (NP-SBJ *T*-1)
		  (MD ought)
		  (TO to)
		  (BE be)
		  (NP-OB1 (D the)
			  (N conduct)
			  (PP (P of)
			      (NP (D the) (N King)))))
	  (. ?))
  (ID WELLESLEY-1815,851.308))

/~*
Your brother had a black horse, given to him, I believe, by Lord Ashburnham,
which I will keep till I hear from you what you wish should be done with it.
(WELLESLEY-1815,864.486)
*~/
/*
82 WNP-2:  82 WNP-2, 84 what, 81 CP-QUE
*/

( (IP-MAT (NP-SBJ (PRO$ Your) (N brother))
	  (HVD had)
	  (NP-OB1 (D a)
		  (ADJ black)
		  (N horse)
		  (, ,)
		  (RRC (VAN given)
		       (PP (P to)
			   (NP (PRO him)))
		       (, ,)
		       (IP-MAT-PRN (NP-SBJ (PRO I))
				   (VBP believe))
		       (, ,)
		       (PP (P by)
			   (NP (NPR Lord) (NPR Ashburnham))))
		  (, ,)
		  (CP-REL (WNP-1 (WPRO which))
			  (C 0)
			  (IP-SUB (NP-OB1 *T*-1)
				  (NP-SBJ (PRO I))
				  (MD will)
				  (VB keep)
				  (PP (P till)
				      (CP-ADV (C 0)
					      (IP-SUB (NP-SBJ (PRO I))
						      (VBP hear)
						      (PP (P from)
							  (NP (PRO you)))
						      (CP-QUE (WNP-2 (WPRO what))
							      (C 0)
							      (IP-SUB (NP-SBJ (PRO you))
								      (VBP wish)
								      (CP-THT (C 0)
									      (IP-SUB (NP-SBJ *T*-2)
										      (MD should)
										      (BE be)
										      (DAN done)
										      (PP (P with)
											  (NP (PRO it)))))))))))))
	  (. .))
  (ID WELLESLEY-1815,864.486))

/~*
You are aware how useful he has always been to me; and how much I shall feel
the want of his assistance, and what a regard and affection I feel for him;
(WELLESLEY-1815,864.493)
*~/
/*
81 WNP-3:  81 WNP-3, 93 affection, 80 CP-QUE
*/

( (IP-MAT (NP-SBJ (PRO You))
	  (BEP are)
	  (ADJP (ADJ aware)
		(CP-QUE (CP-QUE (WADJP-1 (WADV how) (ADJ useful))
				(C 0)
				(IP-SUB (ADJP *T*-1)
					(NP-SBJ (PRO he))
					(HVP has)
					(ADVP-TMP (ADV always))
					(BEN been)
					(PP (P to)
					    (NP (PRO me)))))
			(, ;)
			(CONJP (CONJ and)
			       (CP-QUE (WNP-2 (WQP (WADV how) (Q much)))
				       (C 0)
				       (IP-SUB (NP-MSR *T*-2)
					       (NP-SBJ (PRO I))
					       (MD shall)
					       (VB feel)
					       (NP-OB1 (D the)
						       (N want)
						       (PP (P of)
							   (NP (PRO$ his) (N assistance)))))))
			(, ,)
			(CONJP (CONJ and)
			       (CP-QUE (WNP-3 (WD what)
					      (D a)
					      (N regard)
					      (CONJP (CONJ and)
						     (NX (N affection))))
				       (C 0)
				       (IP-SUB (NP-OB1 *T*-3)
					       (NP-SBJ (PRO I))
					       (VBP feel)
					       (PP (P for)
						   (NP (PRO him))))))))
	  (. ;))
  (ID WELLESLEY-1815,864.493))

/~*
and I enclose you copies of letters just received from Prince Frederick of
Orange, who is before Valenciennes, in which you will see that Buonaparte has
determined in consequence to abdicate the government in favor of his son, and
what persons are appointed to the provisional government of France.
(WELLESLEY-1815,868.542)
*~/
/*
129 WNP-3:  129 WNP-3, 133 persons, 128 CP-QUE
*/

( (IP-MAT (CONJ and)
	  (NP-SBJ (PRO I))
	  (VBP enclose)
	  (NP-OB2 (PRO you))
	  (NP-OB1 (NS copies)
		  (PP (P of)
		      (NP (NS letters)
			  (RRC (ADVP-TMP (ADV just))
			       (VAN received))
			  (PP (P from)
			      (NP (NPR Prince)
				  (NPR Frederick)
				  (PP (P of)
				      (NP (NPR Orange)))
				  (, ,)
				  (CP-REL (WNP-1 (WPRO who))
					  (C 0)
					  (IP-SUB (NP-SBJ *T*-1)
						  (BEP is)
						  (PP (P before)
						      (NP (NPR Valenciennes)))))))
			  (, ,)
			  (CP-REL (WPP-2 (P in)
					 (WNP (WPRO which)))
				  (C 0)
				  (IP-SUB (PP *T*-2)
					  (NP-SBJ (PRO you))
					  (MD will)
					  (VB see)
					  (CP-THT (CP-THT (C that)
							  (IP-SUB (NP-SBJ (NPR Buonaparte))
								  (HVP has)
								  (VBN determined)
								  (PP (P in)
								      (NP (N consequence)))
								  (IP-INF (TO to)
									  (VB abdicate)
									  (NP-OB1 (D the) (N government))
									  (PP (P in)
									      (NP (N favor)
										  (PP (P of)
										      (NP (PRO$ his) (N son))))))))
						  (, ,)
						  (CONJP (CONJ and)
							 (CP-QUE (WNP-3 (WD what) (NS persons))
								 (C 0)
								 (IP-SUB (NP-SBJ *T*-3)
									 (BEP are)
									 (VAN appointed)
									 (PP (P to)
									     (NP (D the)
										 (ADJ provisional)
										 (N government)
										 (PP (P of)
										     (NP (NPR France))))))))))))))
	  (. .))
  (ID WELLESLEY-1815,868.542))
/*
FOOTER
  source file, hits/tokens/total
  C:\Users\Shoo\Dropbox\workspace\CorpusSearch_Auto\data\corporas\PPCMBE\temp1492106160469\prefaces_epilogues_nonprivate_and_private_letters\wellesley-1815.psd	5/5/543
*/
/*
SUMMARY:  
source files, hits/tokens/total
  C:\Users\Shoo\Dropbox\workspace\CorpusSearch_Auto\data\corporas\PPCMBE\temp1492106160469\prefaces_epilogues_nonprivate_and_private_letters\austen-180x.psd	7/7/741
  C:\Users\Shoo\Dropbox\workspace\CorpusSearch_Auto\data\corporas\PPCMBE\temp1492106160469\prefaces_epilogues_nonprivate_and_private_letters\carlyle-1835.psd	7/7/699
  C:\Users\Shoo\Dropbox\workspace\CorpusSearch_Auto\data\corporas\PPCMBE\temp1492106160469\prefaces_epilogues_nonprivate_and_private_letters\george-1763.psd	7/7/288
  C:\Users\Shoo\Dropbox\workspace\CorpusSearch_Auto\data\corporas\PPCMBE\temp1492106160469\prefaces_epilogues_nonprivate_and_private_letters\gladstone-1873.psd	16/16/925
  C:\Users\Shoo\Dropbox\workspace\CorpusSearch_Auto\data\corporas\PPCMBE\temp1492106160469\prefaces_epilogues_nonprivate_and_private_letters\holmes-letters-1749.psd	2/2/298
  C:\Users\Shoo\Dropbox\workspace\CorpusSearch_Auto\data\corporas\PPCMBE\temp1492106160469\prefaces_epilogues_nonprivate_and_private_letters\johnson-1775.psd	18/18/914
  C:\Users\Shoo\Dropbox\workspace\CorpusSearch_Auto\data\corporas\PPCMBE\temp1492106160469\prefaces_epilogues_nonprivate_and_private_letters\montagu-1718.psd	6/6/492
  C:\Users\Shoo\Dropbox\workspace\CorpusSearch_Auto\data\corporas\PPCMBE\temp1492106160469\prefaces_epilogues_nonprivate_and_private_letters\nightingale-188x.psd	6/6/211
  C:\Users\Shoo\Dropbox\workspace\CorpusSearch_Auto\data\corporas\PPCMBE\temp1492106160469\prefaces_epilogues_nonprivate_and_private_letters\nightingale-189x.psd	13/13/429
  C:\Users\Shoo\Dropbox\workspace\CorpusSearch_Auto\data\corporas\PPCMBE\temp1492106160469\prefaces_epilogues_nonprivate_and_private_letters\victoria-186x.psd	9/9/826
  C:\Users\Shoo\Dropbox\workspace\CorpusSearch_Auto\data\corporas\PPCMBE\temp1492106160469\prefaces_epilogues_nonprivate_and_private_letters\walpole-174x.psd	12/11/665
  C:\Users\Shoo\Dropbox\workspace\CorpusSearch_Auto\data\corporas\PPCMBE\temp1492106160469\prefaces_epilogues_nonprivate_and_private_letters\wellesley-1815.psd	5/5/543
whole search, hits/tokens/total
		108/107/7031
*/
