/*
PREFACE:  
Copyright 2010 Beth Randall
Date:  Thu Apr 13 18:49:19 BST 2017

command file:     data\searches\queries\YCOE\progressive_forms_in_noun_phrases_predicate.q
output file:      C:\Users\Shoo\Dropbox\workspace\CorpusSearch_Auto\data\output\13-04-2017 18.46.36.333 YCOE\progressive_forms_in_noun_phrases_predicate\science_astronomy_geography\result.out

node:   NP-*PRD*|AXG*|BAG*|HAG*|VAG*
query:  (AXG*|BAG*|HAG*|VAG* Dominates  !AXG*|BAG*|HAG*|VAG*) 
  AND  (NP-*PRD* Dominates  AXG*|BAG*|HAG*|VAG*) 
*/
/*
HEADER:
source file:  C:\Users\Shoo\Dropbox\workspace\CorpusSearch_Auto\data\corporas\YCOE\temp1492105600559\science_astronomy_geography\cobyrhtf.o3.psd
*/

/~*
+Tas fif dagas beo+d +ta rihtinga +te we gyfa+d Martio, +tus cwe+dende:
(cobyrhtf,ByrM_1_[Baker-Lapidge]:2.1.81.637)
*~/
/*
40 VAG^N:  40 VAG^N, 41 cwe+dende, 13 NP-NOM-PRD
*/
( (CODE <T22710045900,2.1.81>)
  (IP-MAT (NP-NOM (D^N +Tas) (NUM fif) (N^N dagas))
	  (BEPI beo+d)
	  (NP-NOM-PRD (D^N +ta)
		      (N^N rihtinga)
		      (CP-REL (WNP-1 0)
			      (C +te)
			      (IP-SUB (NP *T*-1)
				      (NP-NOM (PRO^N we))
				      (VBPI gyfa+d)
				      (NP-DAT (NR^D Martio))
				      (, ,)
				      (PTP-NOM (ADVP (ADV +tus))
					       (VAG^N cwe+dende)))))
	  (. :))
  (ID cobyrhtf,ByrM_1_[Baker-Lapidge]:2.1.81.637))
/*
FOOTER
  source file, hits/tokens/total
  C:\Users\Shoo\Dropbox\workspace\CorpusSearch_Auto\data\corporas\YCOE\temp1492105600559\science_astronomy_geography\cobyrhtf.o3.psd	1/1/813
*/
/*
HEADER:
source file:  C:\Users\Shoo\Dropbox\workspace\CorpusSearch_Auto\data\corporas\YCOE\temp1492105600559\science_astronomy_geography\comarvel.o23.psd
*/
/*
FOOTER
  source file, hits/tokens/total
  C:\Users\Shoo\Dropbox\workspace\CorpusSearch_Auto\data\corporas\YCOE\temp1492105600559\science_astronomy_geography\comarvel.o23.psd	0/0/163
*/
/*
HEADER:
source file:  C:\Users\Shoo\Dropbox\workspace\CorpusSearch_Auto\data\corporas\YCOE\temp1492105600559\science_astronomy_geography\cotempo.o3.psd
*/
/*
FOOTER
  source file, hits/tokens/total
  C:\Users\Shoo\Dropbox\workspace\CorpusSearch_Auto\data\corporas\YCOE\temp1492105600559\science_astronomy_geography\cotempo.o3.psd	0/0/384
*/
/*
SUMMARY:  
source files, hits/tokens/total
  C:\Users\Shoo\Dropbox\workspace\CorpusSearch_Auto\data\corporas\YCOE\temp1492105600559\science_astronomy_geography\cobyrhtf.o3.psd	1/1/813
  C:\Users\Shoo\Dropbox\workspace\CorpusSearch_Auto\data\corporas\YCOE\temp1492105600559\science_astronomy_geography\comarvel.o23.psd	0/0/163
  C:\Users\Shoo\Dropbox\workspace\CorpusSearch_Auto\data\corporas\YCOE\temp1492105600559\science_astronomy_geography\cotempo.o3.psd	0/0/384
whole search, hits/tokens/total
		1/1/1360
*/
