/*
PREFACE:  
Copyright 2010 Beth Randall
Date:  Thu Apr 13 19:03:17 BST 2017

command file:     data\searches\queries\PENN\wh-relatives.q
output file:      C:\Users\Shoo\Dropbox\workspace\CorpusSearch_Auto\data\output\13-04-2017 18.46.36.333 PPCME2\whrelatives\fiction_romances_dramacomedies_and_verse\result.out

node:   CP-REL*|WADJP|WADVP|WIP|WNP|WPP|WQP
query:  (WADJP|WADVP|WIP|WNP|WPP|WQP Dominates  !WADJP|WADVP|WIP|WNP|WPP|WQP) 
  AND  (CP-REL* Dominates  WADJP|WADVP|WIP|WNP|WPP|WQP) 
*/
/*
HEADER:
source file:  C:\Users\Shoo\Dropbox\workspace\CorpusSearch_Auto\data\corporas\PPCME2\temp1492106398658\fiction_romances_dramacomedies_and_verse\cmctmeli.m3.psd
*/

/~*
His wyf and eek his doghter hath he left inwith his hous, of which the dores
weren faste yshette.
(CMCTMELI,217.C1b.7)
*~/
/*
39 WNP:  39 WNP, 41 which, 35 CP-REL
*/
( (IP-MAT (NP-OB1 (NP (PRO$ His) (N wyf))
		  (CONJP (CONJ and)
			 (ALSO eek)
			 (NP (PRO$ his) (N doghter))))
	  (HVP hath)
	  (NP-SBJ (PRO he))
	  (VBN left)
	  (PP (P inwith)
	      (NP (PRO$ his)
		  (N hous)
		  (, ,)
		  (CP-REL (WPP-1 (P of)
				 (WNP (WPRO which)))
			  (C 0)
			  (IP-SUB (NP-SBJ (D the)
					  (NS dores)
					  (PP *T*-1))
				  (BED weren)
				  (ADVP (ADV faste))
				  (VAN yshette)))))
	  (. .))
  (ID CMCTMELI,217.C1b.7))

/~*
and seide: "Lordynges, the nede for which we been assembled in this place is a
ful hevy thyng and an heigh matiere, by cause of the wrong and of the
wikkednesse that hath be doon, and eek by resoun of the grete damages that in
tyme comynge been possible to fallen for this same cause, and eek by resoun of
the grete richesse and power of the parties bothe, for the whiche resouns it
were a ful greet peril to erren in this matiere. Wherfore, Melibeus, this is
oure sentence:
(CMCTMELI,219.C1.67)
*~/
/*
27 WNP:  27 WNP, 29 which, 23 CP-REL-SPE
*/

( (IP-MAT (CONJ and)
	  (NP-SBJ *con*)
	  (VBD seide)
	  (, :)
	  (" ")
	  (IP-MAT-SPE (NP-VOC (NS Lordynges))
		      (, ,)
		      (NP-SBJ (D the)
			      (N nede)
			      (CP-REL-SPE (WPP-1 (P for)
						 (WNP (WPRO which)))
					  (C 0)
					  (IP-SUB-SPE (PP *T*-1)
						      (NP-SBJ (PRO we))
						      (BEP been)
						      (VAN assembled)
						      (PP (P in)
							  (NP (D this) (N place))))))
		      (BEP is)
		      (NP-OB1 (NP (D a)
				  (ADJP (ADV ful) (ADJ hevy))
				  (N thyng))
			      (CONJP (CONJ and)
				     (NP (D an) (ADJ heigh) (N matiere))))
		      (, ,)
		      (PP (PP (P by)
			      (NP (N cause)
				  (PP (PP (P of)
					  (NP (D the) (N wrong)))
				      (CONJP (CONJ and)
					     (PP (P of)
						 (NP (D the) (N wikkednesse))))
				      (CP-REL-SPE (WNP-2 0)
						  (C that)
						  (IP-SUB-SPE (NP-SBJ *T*-2)
							      (HVP hath)
							      (BEN be)
							      (DAN doon))))))
			  (, ,)
			  (CONJP (CONJ and)
				 (ALSO eek)
				 (PP (P by)
				     (NP (N resoun)
					 (PP (P of)
					     (NP (D the)
						 (ADJ grete)
						 (NS damages)
						 (CP-REL-SPE (WNP-3 0)
							     (C that)
							     (IP-SUB-SPE (NP-SBJ *T*-3)
									 (PP (P in)
									     (NP (N tyme)
										 (RRC (VAG comynge))))
									 (BEP been)
									 (ADJP (ADJ possible)
									       (IP-INF-SPE (TO to)
											   (VB fallen)
											   (PP (P for)
											       (NP (D this) (ADJ same) (N cause))))))))))))
			  (, ,)
			  (CONJP (CONJ and)
				 (ALSO eek)
				 (PP (P by)
				     (NP (N resoun)
					 (PP (P of)
					     (NP (D the)
						 (ADJ grete)
						 (N richesse)
						 (CONJP (CONJ and)
							(NX (N power)))
						 (PP (P of)
						     (NP (D the)
							 (NS parties)
							 (QP (Q bothe)))))))))))
	  (, ,)
	  (CP-CAR-SPE (WPP-4 (P for)
			     (WNP (D the) (WD whiche) (NS resouns)))
		      (C 0)
		      (IP-SUB-SPE (PP *T*-4)
				  (NP-SBJ-5 (PRO it))
				  (BED were)
				  (NP-OB1 (D a)
					  (CODE <P_219.C1>)
					  (ADJP (ADV ful) (ADJ greet))
					  (N peril))
				  (IP-INF-SPE-5 (TO to)
						(VB erren)
						(PP (P in)
						    (NP (D this) (N matiere))))))
	  (, .)
	  (CP-CAR-SPE (WPP-6 (WADV+P Wherfore))
		      (C 0)
		      (, ,)
		      (IP-SUB-SPE (PP *T*-6)
				  (NP-VOC (NPR Melibeus))
				  (, ,)
				  (NP-SBJ (D this))
				  (BEP is)
				  (NP-OB1 (PRO$ oure) (N sentence))))
	  (. :))
  (ID CMCTMELI,219.C1.67))

/~*
this is to seyn: as muche availleth to speken bifore folk to which his speche
anoyeth as it is to synge biforn hym that wepeth.
(CMCTMELI,219.C2.94)
*~/
/*
42 WNP:  42 WNP, 44 which, 38 CP-REL
*/

( (IP-MAT (NP-SBJ (D this))
	  (BEP is)
	  (IP-INF (TO to)
		  (VB seyn)
		  (, :)
		  (IP-MAT (NP-SBJ-1 *exp*)
			  (NP-MSR (QP (ADVR as) (Q muche))
				  (PP *ICH*-3))
			  (VBP availleth)
			  (IP-INF-1 (TO to)
				    (VB speken)
				    (PP (P bifore)
					(NP (N folk)
					    (CP-REL (WPP-2 (P to)
							   (WNP (WPRO which)))
						    (C 0)
						    (IP-SUB (PP *T*-2)
							    (NP-SBJ (PRO$ his) (N speche))
							    (VBP anoyeth))))))
			  (PP-3 (P as)
				(CP-CMP (WNP-4 0)
					(C 0)
					(IP-SUB (NP-MSR *T*-4)
						(NP-SBJ (PRO it))
						(BEP is)
						(IP-INF (TO to)
							(VB synge)
							(PP (P biforn)
							    (NP (PRO hym)
								(CP-REL (WNP-5 0)
									(C that)
									(IP-SUB (NP-SBJ *T*-5)
										(VBP wepeth)))))))))))
	  (. .))
  (ID CMCTMELI,219.C2.94))

/~*
Judith by hire good conseil delivered the citee of Bethulie, in which she
dwelled, out of the handes of Olofernus, that hadde it biseged and wolde have
al destroyed it.
(CMCTMELI,221.C2.159)
*~/
/*
34 WNP:  34 WNP, 36 which, 30 CP-REL-SPE
*/

( (IP-MAT-SPE (NP-SBJ (NPR Judith))
	      (PP (P by)
		  (NP (PRO$ hire) (ADJ good) (N conseil)))
	      (VBD delivered)
	      (NP-OB1 (D the)
		      (N citee)
		      (PP (P of)
			  (NP (NPR Bethulie)))
		      (, ,)
		      (CP-REL-SPE (WPP-1 (P in)
					 (WNP (WPRO which)))
				  (C 0)
				  (IP-SUB-SPE (PP *T*-1)
					      (NP-SBJ (PRO she))
					      (VBD dwelled))))
	      (, ,)
	      (PP (RP out)
		  (P of)
		  (NP (D the)
		      (NS handes)
		      (PP (P of)
			  (NP (NPR Olofernus)
			      (, ,)
			      (CP-REL-SPE (WNP-2 0)
					  (C that)
					  (IP-SUB-SPE (IP-SUB-SPE (NP-SBJ *T*-2)
								  (HVD hadde)
								  (NP-OB1 (PRO it))
								  (VBN biseged))
						      (CONJP (CONJ and)
							     (IP-SUB-SPE (NP-SBJ *T*-2)
									 (MD wolde)
									 (HV have)
									 (ADVP (Q al))
									 (VBN destroyed)
									 (NP-OB1 (PRO it))))))))))
	      (. .))
  (ID CMCTMELI,221.C2.159))

/~*
and therfore yow is bettre to hyde youre conseil in youre herte than praye him
to whom ye han biwreyed youre conseil that he wole kepen it cloos and stille.
(CMCTMELI,222.C2.216)
*~/
/*
50 WNP:  50 WNP, 52 whom, 46 CP-REL-SPE
*/

( (IP-MAT-SPE (CONJ and)
	      (NP-SBJ-1 *exp*)
	      (PP (ADV+P therfore))
	      (NP-OB2 (PRO yow))
	      (BEP is)
	      (ADJP (ADJR bettre)
		    (PP *ICH*-2))
	      (IP-INF-SPE-1 (TO to)
			    (VB hyde)
			    (NP-OB1 (PRO$ youre) (N conseil))
			    (PP (P in)
				(NP (PRO$ youre) (N herte))))
	      (PP-2 (P than)
		    (IP-INF-SPE (VB praye)
				(NP-OB2 (PRO him)
					(CP-REL-SPE (WPP-3 (P to)
							   (WNP (WPRO whom)))
						    (C 0)
						    (IP-SUB-SPE (PP *T*-3)
								(NP-SBJ (PRO ye))
								(HVP han)
								(VBN biwreyed)
								(NP-OB1 (PRO$ youre) (N conseil)))))
				(CP-THT-SPE (C that)
					    (IP-SUB-SPE (NP-SBJ (PRO he))
							(MD wole)
							(VB kepen)
							(IP-SMC-SPE (NP-SBJ (PRO it))
								    (ADJP (ADJ cloos) (CONJ and) (ADJ stille)))))))
	      (. .))
  (ID CMCTMELI,222.C2.216))

/~*
and Isope seith, 'Ne trust nat to hem to whiche thou hast had som tyme werre
or enemytee,
(CMCTMELI,223.C2.266)
*~/
/*
30 WNP:  30 WNP, 32 whiche, 26 CP-REL-SPE
*/

( (IP-MAT-SPE (CONJ and)
	      (NP-SBJ (NPR Isope))
	      (VBP seith)
	      (, ,)
	      (' ')
	      (IP-IMP-SPE (CONJ Ne)
			  (VBI trust)
			  (NEG nat)
			  (PP (P to)
			      (NP (PRO hem)
				  (CP-REL-SPE (WPP-1 (P to)
						     (WNP (WPRO whiche)))
					      (C 0)
					      (IP-SUB-SPE (PP *T*-1)
							  (NP-SBJ (PRO thou))
							  (HVP hast)
							  (HVN had)
							  (NP-TMP (Q som) (N tyme))
							  (NP-OB1 (N werre) (CONJ or) (N enemytee)))))))
	      (. ,))
  (ID CMCTMELI,223.C2.266))

/~*
For he that seith fals may nat wel be conseilled in that cas of which he lieth.
(CMCTMELI,224.C1.293)
*~/
/*
43 WNP:  43 WNP, 45 which, 39 CP-REL-SPE
*/

( (IP-MAT-SPE (CONJ For)
	      (NP-SBJ (PRO he)
		      (CP-REL-SPE (WNP-1 0)
				  (C that)
				  (IP-SUB-SPE (NP-SBJ *T*-1)
					      (VBP seith)
					      (ADVP (ADV fals)))))
	      (MD may)
	      (NEG nat)
	      (ADVP (ADV wel))
	      (BE be)
	      (VAN conseilled)
	      (PP (P in)
		  (NP (D that)
		      (N cas)
		      (CP-REL-SPE (WPP-2 (P of)
					 (WNP (WPRO which)))
				  (C 0)
				  (IP-SUB-SPE (PP *T*-2)
					      (NP-SBJ (PRO he))
					      (VBP lieth)))))
	      (. .))
  (ID CMCTMELI,224.C1.293))

/~*
And Piers Alphonce seith, 'If thou hast myght to doon a thyng of which thou
most repente, it is bettre" nay "than" ye. "' this is to seyn, that thee is
bettre holde thy tonge stille than for to speke.
(CMCTMELI,224.C2.305)
*~/
/*
45 WNP:  45 WNP, 47 which, 41 CP-REL-SPE
*/

( (IP-MAT-SPE (CONJ And)
	      (NP-SBJ (NPR Piers) (NPR Alphonce))
	      (VBP seith)
	      (, ,)
	      (' ')
	      (IP-MAT-SPE (PP (P If)
			      (CP-ADV-SPE (C 0)
					  (IP-SUB-SPE (NP-SBJ (PRO thou))
						      (HVP hast)
						      (NP-OB1 (N myght))
						      (IP-INF-PRP-SPE (TO to)
								      (DO doon)
								      (NP-OB1 (D a)
									      (N thyng)
									      (CP-REL-SPE (WPP-1 (P of)
												 (WNP (WPRO which)))
											  (C 0)
											  (IP-SUB-SPE (PP *T*-1)
												      (NP-SBJ (PRO thou))
												      (MD most)
												      (VB repente))))))))
			  (, ,)
			  (NP-SBJ-2 (PRO it))
			  (BEP is)
			  (ADJP (ADJR bettre)
				(PP *ICH*-3))
			  (" ")
			  (QTP-2 (INTJ nay))
			  (" ")
			  (PP-3 (P than)
				(" ")
				(QTP (INTJ ye)))
			  (, .)
			  (" ")
			  (' ')
			  (IP-MAT-PRN-SPE (NP-SBJ (D this))
					  (BEP is)
					  (IP-INF-SPE (TO to)
						      (VB seyn)
						      (, ,)
						      (CP-THT-SPE (C that)
								  (IP-SUB-SPE (NP-SBJ-4 *exp*)
									      (NP-OB2 (PRO thee))
									      (BEP is)
									      (ADJP (ADJR bettre)
										    (PP *ICH*-5))
									      (IP-INF-SPE-4 (VB holde)
											    (IP-SMC-SPE (NP-SBJ (PRO$ thy) (N tonge))
													(ADJP (ADJ stille))))
									      (PP-5 (P than)
										    (IP-INF-SPE (FOR for) (TO to) (VB speke))))))))
	      (. .))
  (ID CMCTMELI,224.C2.305))

/~*
Thanne may ye understonde by strenger resons that if thou hast power to
parfourne a werk of which thou shalt repente, thanne is it bettre that thou
suffre than bigynne.
(CMCTMELI,224.C2.306)
*~/
/*
53 WNP:  53 WNP, 55 which, 49 CP-REL-SPE
*/

( (IP-MAT-SPE (ADVP-TMP (ADV Thanne))
	      (MD may)
	      (NP-SBJ (PRO ye))
	      (VB understonde)
	      (PP (P by)
		  (NP (ADJR strenger) (NS resons)))
	      (CP-THT-SPE (C that)
			  (IP-SUB-SPE (PP (P if)
					  (CP-ADV-SPE (C 0)
						      (IP-SUB-SPE (NP-SBJ (PRO thou))
								  (HVP hast)
								  (NP-OB1 (N power))
								  (IP-INF-PRP-SPE (TO to)
										  (VB parfourne)
										  (NP-OB1 (D a)
											  (N werk)
											  (CP-REL-SPE (WPP-1 (P of)
													     (WNP (WPRO which)))
												      (C 0)
												      (IP-SUB-SPE (PP *T*-1)
														  (NP-SBJ (PRO thou))
														  (MD shalt)
														  (VB repente))))))))
				      (, ,)
				      (ADVP-TMP (ADV thanne))
				      (BEP is)
				      (NP-SBJ (PRO it))
				      (ADJP (ADJR bettre)
					    (PP *ICH*-2))
				      (CP-THT-SPE (C that)
						  (IP-SUB-SPE (NP-SBJ (PRO thou))
							      (VBP suffre)))
				      (PP-2 (P than)
					    (CP-CMP-SPE (WADJP-3 0)
							(C 0)
							(IP-SUB-SPE (ADJP *T*-3)
								    (CODE {it_is})
								    (CP-THT-SPE (C 0)
										(IP-SUB-SPE (NP-SBJ *)
											    (VBP bigynne))))))))
	      (. .))
  (ID CMCTMELI,224.C2.306))

/~*
Wel seyn they that defenden every wight to assaye a thyng of which he is in
doute wheither he may parfourne it or noon.
(CMCTMELI,224.C2.307)
*~/
/*
39 WNP:  39 WNP, 41 which, 35 CP-REL-SPE
39 WNP:  39 WNP, 41 which, 10 CP-REL-SPE
*/

( (IP-MAT-SPE (ADVP (ADV Wel))
	      (VBP seyn)
	      (NP-SBJ (PRO they)
		      (CP-REL-SPE (WNP-1 0)
				  (C that)
				  (IP-SUB-SPE (NP-SBJ *T*-1)
					      (VBP defenden)
					      (NP-OB1 (Q every) (N wight))
					      (IP-INF-SPE (TO to)
							  (VB assaye)
							  (NP-OB1 (D a)
								  (N thyng)
								  (CP-REL-SPE (WPP-2 (P of)
										     (WNP (WPRO which)))
									      (C 0)
									      (IP-SUB-SPE (NP-SBJ (PRO he))
											  (BEP is)
											  (PP (P in)
											      (NP (N doute)
												  (PP *T*-2)))
											  (CP-REL-SPE (WQ wheither)
												      (C 0)
												      (IP-SUB-SPE (IP-SUB-SPE-3 (NP-SBJ (PRO he))
																(MD may)
																(VB parfourne)
																(NP-OB1 (PRO it)))
														  (CONJP (CONJ or)
															 (IP-SUB-SPE=3 (NEG noon))))))))))))
	      (. .))
  (ID CMCTMELI,224.C2.307))

/~*
"Now is it resoun and tyme that I shewe yow whanne and wherfore that ye may
chaunge youre conseillours withouten youre repreve.
(CMCTMELI,224.C2.309)
*~/
/*
40 WADVP:  40 WADVP, 42 whanne, 22 CP-REL-SPE
46 WPP:  46 WPP, 48 wherfore, 22 CP-REL-SPE
*/

( (IP-MAT-SPE (" ")
	      (ADVP-TMP (ADV Now))
	      (BEP is)
	      (NP-SBJ (PRO it))
	      (NP-OB1 (NP (N resoun))
		      (CONJP (CONJ and)
			     (NP (N tyme)
				 (CP-REL-SPE (WADVP-1 0)
					     (C that)
					     (IP-SUB-SPE (ADVP-TMP *T*-1)
							 (NP-SBJ (PRO I))
							 (VBP shewe)
							 (NP-OB2 (PRO yow))
							 (CP-QUE-SPE (WADVP-2 (WADVP (WADV whanne))
									      (CONJP (CONJ and)
										     (WPP (WADV+P wherfore))))
								     (C that)
								     (IP-SUB-SPE (ADVP *T*-2)
										 (NP-SBJ (PRO ye))
										 (MD may)
										 (VB chaunge)
										 (NP-OB1 (PRO$ youre) (NS conseillours))
										 (PP (P withouten)
										     (NP (PRO$ youre) (N repreve))))))))))
	      (. .))
  (ID CMCTMELI,224.C2.309))

/~*
and therof folweth another vengeaunce, peril, and werre, and othere damages
withoute nombre, of whiche we be nat war, as at this tyme.
(CMCTMELI,228.C2.457)
*~/
/*
49 WNP:  49 WNP, 51 whiche, 45 CP-REL-SPE
*/

( (IP-MAT-SPE (CONJ and)
	      (PP (ADV+P therof))
	      (VBP folweth)
	      (NP-SBJ (NP (D+OTHER another) (N vengeaunce))
		      (, ,)
		      (CONJP (NP (N peril) (, ,) (CONJ and) (N werre)))
		      (, ,)
		      (CONJP (CONJ and)
			     (NP (OTHER othere)
				 (NS damages)
				 (PP (P withoute)
				     (NP (N nombre)))
				 (, ,)
				 (CP-REL-SPE (WPP-1 (P of)
						    (WNP (WPRO whiche)))
					     (C 0)
					     (IP-SUB-SPE (NP-SBJ (PRO we))
							 (BEP be)
							 (NEG nat)
							 (ADJP (PP *T*-1)
							       (ADJ war))
							 (, ,)
							 (PP (P as)
							     (PP (P at)
								 (NP (D this) (N tyme)))))))))
	      (. .))
  (ID CMCTMELI,228.C2.457))

/~*
But yet ne folweth it nat therof that every persone to whom men doon vileynye
take of it vengeance,
(CMCTMELI,230.C2.525)
*~/
/*
32 WNP:  32 WNP, 34 whom, 28 CP-REL-SPE
*/

( (IP-MAT-SPE (CONJ But)
	      (ADVP (ADV yet))
	      (NEG ne)
	      (VBP folweth)
	      (NP-SBJ (PRO it))
	      (NEG nat)
	      (PP (ADV+P therof))
	      (CP-THT-SPE (C that)
			  (IP-SUB-SPE (NP-SBJ (Q every)
					      (N persone)
					      (CP-REL-SPE (WPP-1 (P to)
								 (WNP (WPRO whom)))
							  (C 0)
							  (IP-SUB-SPE (PP *T*-1)
								      (NP-SBJ (MAN men))
								      (DOP doon)
								      (NP-OB1 (N vileynye)))))
				      (VBP take)
				      (PP (P of)
					  (NP (PRO it)))
				      (NP-OB1 (N vengeance))))
	      (. ,))
  (ID CMCTMELI,230.C2.525))

/~*
And th'Apostle seith that 'ther nys thyng in this world of which we sholden
have so greet joye as whan oure conscience bereth us good witnesse.'
(CMCTMELI,234.C2.669)
*~/
/*
37 WNP:  37 WNP, 39 which, 33 CP-REL-SPE-2
*/

( (IP-MAT-SPE (CONJ And)
	      (NP-SBJ (D+N th'Apostle))
	      (VBP seith)
	      (CP-THT-SPE (C that)
			  (' ')
			  (IP-SUB-SPE (NP-SBJ-1 (EX ther))
				      (NEG+BEP nys)
				      (NP-1 (N thyng)
					    (CP-REL-SPE *ICH*-2))
				      (PP (P in)
					  (NP (D this) (N world)))
				      (CP-REL-SPE-2 (WPP-3 (P of)
							   (WNP (WPRO which)))
						    (C 0)
						    (IP-SUB-SPE (PP *T*-3)
								(NP-SBJ (PRO we))
								(MD sholden)
								(HV have)
								(NP-OB1 (ADJP (ADVR so) (ADJ greet))
									(N joye)
									(PP (P as)
									    (CP-CMP-SPE (WNP-4 0)
											(C 0)
											(IP-SUB-SPE (NP-OB1 *T*-4)
												    (CODE {we_should_have})
												    (PP (P whan)
													(CP-ADV-SPE (C 0)
														    (IP-SUB-SPE (NP-SBJ (PRO$ oure) (N conscience))
																(VBP bereth)
																(NP-OB2 (PRO us))
																(NP-OB1 (ADJ good) (N witnesse)))))))))))))
	      (. .)
	      (' '))
  (ID CMCTMELI,234.C2.669))

/~*
but he shal also enforcen hym alwey to do somthyng by which he may renovelle
his good name.
(CMCTMELI,239.C1.837)
*~/
/*
33 WNP:  33 WNP, 35 which, 27 CP-REL-SPE
*/

( (IP-MAT-SPE (CONJ but)
	      (NP-SBJ (PRO he))
	      (MD shal)
	      (ALSO also)
	      (VB enforcen)
	      (NP-OB1 (PRO hym))
	      (ADVP-TMP (ADV alwey))
	      (IP-INF-SPE (TO to)
			  (DO do)
			  (NP-OB1 (Q+N somthyng)
				  (CP-REL-SPE (WPP-1 (P by)
						     (CODE <P_239.C1>)
						     (WNP (WPRO which)))
					      (C 0)
					      (IP-SUB-SPE (PP *T*-1)
							  (NP-SBJ (PRO he))
							  (MD may)
							  (VB renovelle)
							  (NP-OB1 (PRO$ his) (ADJ good) (N name))))))
	      (. .))
  (ID CMCTMELI,239.C1.837))

/~*
and thonked God, of whom procedeth al vertu and alle goodnesse, that hym sente
a wyf of so greet discrecioun.
(CMCTMELI,239.C2.855)
*~/
/*
17 WNP:  17 WNP, 19 whom, 13 CP-REL
*/

( (IP-MAT (CONJ and)
	  (NP-SBJ *con*)
	  (VBD thonked)
	  (NP-OB2 (NPR God)
		  (, ,)
		  (CP-REL (WPP-1 (P of)
				 (WNP (WPRO whom)))
			  (C 0)
			  (IP-SUB (PP *T*-1)
				  (NP-SBJ-2 *exp*)
				  (VBP procedeth)
				  (NP-2 (NP (Q al) (N vertu))
					(CONJP (CONJ and)
					       (NP (Q alle) (N goodnesse))))))
		  (, ,)
		  (CP-REL (WNP-3 0)
			  (C that)
			  (IP-SUB (NP-SBJ *T*-3)
				  (NP-OB2 (PRO hym))
				  (VBD sente)
				  (NP-OB1 (D a)
					  (N wyf)
					  (PP (P of)
					      (NP (ADJP (ADVR so) (ADJ greet))
						  (N discrecioun)))))))
	  (. .))
  (ID CMCTMELI,239.C2.855))
/*
FOOTER
  source file, hits/tokens/total
  C:\Users\Shoo\Dropbox\workspace\CorpusSearch_Auto\data\corporas\PPCME2\temp1492106398658\fiction_romances_dramacomedies_and_verse\cmctmeli.m3.psd	17/16/860
*/
/*
HEADER:
source file:  C:\Users\Shoo\Dropbox\workspace\CorpusSearch_Auto\data\corporas\PPCME2\temp1492106398658\fiction_romances_dramacomedies_and_verse\cmmalory.m4.psd
*/

/~*
and furnysshed and garnysshed two stronge castels of his, of the whiche the
one hyght Tyntagil and the other castel hyght Terrabyl.
(CMMALORY,2.34)
*~/
/*
32 WNP:  32 WNP, 36 whiche, 28 CP-REL
*/

( (IP-MAT (CONJ and)
	  (NP-SBJ *con*)
	  (VBD (VBD furnysshed) (CONJ and) (VBD garnysshed))
	  (NP-OB1 (NUM two)
		  (ADJ stronge)
		  (NS castels)
		  (PP (P of)
		      (NP (PRO$ his)))
		  (, ,)
		  (CP-REL (WPP-1 (P of)
				 (WNP (D the) (WPRO whiche)))
			  (C 0)
			  (IP-SUB (IP-SUB (PP *T*-1)
					  (NP-SBJ (D the) (ONE one))
					  (VBD hyght)
					  (NP-OB1 (NPR Tyntagil)))
				  (CONJP (CONJ and)
					 (IP-SUB (PP *T*-1)
						 (NP-SBJ (D the) (OTHER other) (N castel))
						 (VBD hyght)
						 (NP-OB1 (NPR Terrabyl)))))))
	  (. .))
  (ID CMMALORY,2.34))

/~*
and than was she gurde with a noble swerde whereof the kynge had mervayle and
seyde, 'Damesel, for what cause ar ye gurte with that swerde?
(CMMALORY,45.1492)
*~/
/*
65 WNP:  65 WNP, 69 cause, 24 CP-REL
*/

( (IP-MAT (CONJ and)
	  (ADVP-TMP (ADV than))
	  (BED was)
	  (NP-SBJ (PRO she))
	  (VAN gurde)
	  (PP (P with)
	      (NP (D a) (ADJ noble) (N swerde)))
	  (CP-REL (WPP-1 (WADV+P whereof))
		  (C 0)
		  (IP-SUB (IP-SUB (PP *T*-1)
				  (NP-SBJ (D the) (N kynge))
				  (HVD had)
				  (NP-OB1 (N mervayle)))
			  (CONJP (CONJ and)
				 (IP-SUB (NP-SBJ *con*)
					 (VBD seyde)
					 (, ,)
					 (' ')
					 (CP-QUE-SPE (NP-VOC (N Damesel))
						     (, ,)
						     (WPP-2 (P for)
							    (WNP (WD what) (N cause)))
						     (IP-SUB-SPE (PP *T*-2)
								 (BEP ar)
								 (NP-SBJ (PRO ye))
								 (VAN gurte)
								 (PP (P with)
								     (NP (D that) (N swerde)))))))))
	  (. ?))
  (ID CMMALORY,45.1492))

/~*
And that knyght that hath encheved the swerde shall be destroyed thorow the
swerde; for the which woll be grete damage,
(CMMALORY,50.1676)
*~/
/*
46 WNP:  46 WNP, 50 which, 42 CP-REL-SPE
*/

( (IP-MAT-SPE (CONJ And)
	      (NP-SBJ (D that)
		      (N knyght)
		      (CP-REL-SPE (WNP-1 0)
				  (C that)
				  (IP-SUB-SPE (NP-SBJ *T*-1)
					      (HVP hath)
					      (VBN encheved)
					      (NP-OB1 (D the) (N swerde)))))
	      (MD shall)
	      (BE be)
	      (VAN destroyed)
	      (PP (P thorow)
		  (NP (D the)
		      (N swerde)
		      (, ;)
		      (CP-REL-SPE (WPP-1 (P for)
					 (WNP (D the) (WPRO which)))
				  (C 0)
				  (IP-SUB-SPE (PP *T*-1)
					      (NP-SBJ-2 *exp*)
					      (MD woll)
					      (BE be)
					      (NP-2 (ADJ grete) (N damage))))))
	      (. ,))
  (ID CMMALORY,50.1676))

/~*
and seyde, 'Ys there nat a knyght in thys courte which his name ys $Garlon?'
(CMMALORY,63.2109)
*~/
/*
37 WNP:  37 WNP, 39 which, 36 CP-REL-SPE-2
*/

( (IP-MAT (CONJ and)
	  (NP-SBJ *con*)
	  (VBD seyde)
	  (, ,)
	  (' ')
	  (CP-QUE-SPE (IP-SUB-SPE (BEP Ys)
				  (NP-SBJ-1 (EX there))
				  (NEG nat)
				  (NP-1 (D a)
					(N knyght)
					(CP-REL-SPE *ICH*-2))
				  (PP (P in)
				      (NP (D thys) (N courte)))
				  (CP-REL-SPE-2 (WNP (WPRO which))
						(C 0)
						(IP-SUB-SPE (NP-SBJ-RSP (PRO$ his) (N name))
							    (BEP ys)
							    (NP-OB1 (NPR $Garlon))))))
	  (. ?)
	  (' '))
  (ID CMMALORY,63.2109))

/~*
Than sir Launcelot made his complaynte unto the kynge, how he was betrayed;
and how he was brother unto sir Lyonell, whyche was departed frome hym he
wyste not where, and how his doughter had delyverde hym oute of preson.
(CMMALORY,187.2676)
*~/
/*
106 WADVP:  106 WADVP, 108 where, 78 CP-REL
*/

( (IP-MAT (ADVP-TMP (ADV Than))
	  (NP-SBJ (NPR sir) (NPR Launcelot))
	  (VBD made)
	  (NP-OB1 (PRO$ his)
		  (N complaynte)
		  (CP-QUE *ICH*-1))
	  (PP (P unto)
	      (NP (D the) (N kynge)))
	  (, ,)
	  (CP-QUE-1 (CP-QUE (WADVP-2 (WADV how))
			    (C 0)
			    (IP-SUB (ADVP *T*-2)
				    (NP-SBJ (PRO he))
				    (BED was)
				    (VAN betrayed)))
		    (, ;)
		    (CONJP (CONJ and)
			   (CP-QUE (WADVP-3 (WADV how))
				   (C 0)
				   (IP-SUB (ADVP *T*-3)
					   (NP-SBJ (PRO he))
					   (BED was)
					   (NP-OB1 (N brother))
					   (PP (P unto)
					       (NP (NPR sir)
						   (NPR Lyonell)
						   (, ,)
						   (CP-REL (WNP-4 (WPRO whyche))
							   (C 0)
							   (IP-SUB (NP-SBJ *T*-4)
								   (BED was)
								   (VBN departed)
								   (PP (P frome)
								       (NP (PRO hym)))
								   (IP-MAT-PRN (NP-SBJ (PRO he))
									       (VBD wyste)
									       (NEG not)
									       (CP-QUE (WADVP (WADV where)))))))))))
		    (, ,)
		    (CONJP (CONJ and)
			   (CP-QUE (WADVP-5 (WADV how))
				   (C 0)
				   (IP-SUB (ADVP *T*-5)
					   (NP-SBJ (PRO$ his) (N doughter))
					   (HVD had)
					   (VBN delyverde)
					   (NP-OB1 (PRO hym))
					   (PP (RP oute)
					       (P of)
					       (NP (N preson)))))))
	  (. .))
  (ID CMMALORY,187.2676))

/~*
and as I suppose thou haste slayne my two bretherne, for the whyche rysyth my
herte sore agaynste the.
(CMMALORY,199.3128)
*~/
/*
40 WNP:  40 WNP, 44 whyche, 36 CP-REL-SPE
*/

( (IP-MAT-SPE (CONJ and)
	      (PP-PRN (P as)
		      (CP-ADV-SPE (WNP-1 0)
				  (C 0)
				  (IP-SUB-SPE (NP-OB1 *T*-1)
					      (NP-SBJ (PRO I))
					      (VBP suppose))))
	      (NP-SBJ (PRO thou))
	      (HVP haste)
	      (VBN slayne)
	      (NP-OB1 (PRO$ my) (NUM two) (NS bretherne))
	      (, ,)
	      (CP-REL-SPE (WPP-1 (P for)
				 (WNP (D the) (WPRO whyche)))
			  (C 0)
			  (IP-SUB-SPE (PP *T*-1)
				      (VBP rysyth)
				      (NP-SBJ (PRO$ my) (N herte))
				      (ADVP (ADV sore))
				      (PP (P agaynste)
					  (NP (PRO the)))))
	      (. .))
  (ID CMMALORY,199.3128))

/~*
So in the meanewhyle that they thus talked togydir, there com in twelve nunnes
that brought with hem Galahad, the whych was passynge fayre and welle made,
that unneth in the worlde men myght nat fynde hys macche.
(CMMALORY,627.3551)
*~/
/*
97 WNP:  97 WNP, 98 0, 96 CP-REL
97 WNP:  97 WNP, 98 0, 46 CP-REL
*/

( (IP-MAT (ADVP (ADV So))
	  (PP (P in)
	      (NP (D the)
		  (ADJ+N meanewhyle)
		  (CP-REL (WNP-1 0)
			  (C that)
			  (IP-SUB (NP-MSR *T*-1)
				  (NP-SBJ (PRO they))
				  (ADVP (ADV thus))
				  (VBD talked)
				  (ADVP (ADV togydir))))))
	  (, ,)
	  (NP-SBJ-2 (EX there))
	  (VBD com)
	  (RP in)
	  (NP-2 (NUM twelve)
		(NS nunnes)
		(CP-REL (WNP-3 0)
			(C that)
			(IP-SUB (NP-SBJ *T*-3)
				(VBD brought)
				(PP (P with)
				    (NP (PRO hem)))
				(NP-OB1 (NPR Galahad)
					(, ,)
					(CP-REL (WNP-4 (D the) (WPRO whych))
						(C 0)
						(IP-SUB (NP-SBJ *T*-4)
							(BED was)
							(ADJP (ADJP (ADV passynge) (ADJ fayre))
							      (CONJP (CONJ and)
								     (ADJP (ADV welle) (VAN made))))))
					(, ,)
					(CP-REL (WNP 0)
						(C that)
						(IP-SUB (ADVP (ADV unneth))
							(PP (P in)
							    (NP (D the) (N worlde)))
							(NP-SBJ (MAN men))
							(MD myght)
							(NEG nat)
							(VB fynde)
							(NP-OB1-RSP (PRO$ hys) (N macche))))))))
	  (. .))
  (ID CMMALORY,627.3551))

/~*
Than the barownes redde the lettirs whych seyde in thys wyse: 'NEVER SHALL MAN
TAKE ME HENSE BUT ONLY HE BY WHOS SYDE I OUGHT TO HONGE
(CMMALORY,629.3596)
*~/
/*
69 WNP:  69 WNP, 73 SYDE, 65 CP-REL-SPE
69 WNP:  69 WNP, 73 SYDE, 17 CP-REL
*/

( (IP-MAT (ADVP-TMP (ADV Than))
	  (NP-SBJ (D the) (NS barownes))
	  (VBD redde)
	  (NP-OB1 (D the)
		  (NS lettirs)
		  (CP-REL (WNP-1 (WPRO whych))
			  (C 0)
			  (IP-SUB (NP-SBJ *T*-1)
				  (VBD seyde)
				  (PP (P in)
				      (NP (D thys) (N wyse)))
				  (, :)
				  (' ')
				  (IP-MAT-SPE (ADVP-TMP (ADV NEVER))
					      (MD SHALL)
					      (NP-SBJ (N MAN))
					      (VB TAKE)
					      (NP-OB1 (PRO ME))
					      (ADVP-DIR (ADV HENSE))
					      (PP (P BUT)
						  (NP (FP ONLY)
						      (PRO HE)
						      (CP-REL-SPE (WPP-2 (P BY)
									 (WNP (WPRO$ WHOS) (N SYDE)))
								  (C 0)
								  (IP-SUB-SPE (PP *T*-2)
									      (NP-SBJ (PRO I))
									      (MD OUGHT)
									      (TO TO)
									      (VB HONGE))))))))))
  (ID CMMALORY,629.3596))

/~*
and there was no knyght knew from whens he com.
(CMMALORY,630.3635)
*~/
/*
28 WADVP:  28 WADVP, 30 whens, 14 CP-REL
*/

( (IP-MAT (CONJ and)
	  (NP-SBJ-1 (EX there))
	  (BED was)
	  (NP-1 (Q no)
		(N knyght)
		(CP-REL (WNP-2 0)
			(C 0)
			(IP-SUB (NP-SBJ *T*-2)
				(VBD knew)
				(CP-QUE (WPP-3 (P from)
					       (WADVP (WADV whens)))
					(C 0)
					(IP-SUB (PP *T*-3)
						(NP-SBJ (PRO he))
						(VBD com))))))
	  (. .))
  (ID CMMALORY,630.3635))

/~*
And anone he lad hym to the Syege Perelous where besyde sate sir Launcelot,
(CMMALORY,630.3648)
*~/
/*
27 WADVP:  27 WADVP, 29 where, 25 CP-REL
*/

( (IP-MAT (CONJ And)
	  (ADVP-TMP (ADV anone))
	  (NP-SBJ (PRO he))
	  (VBD lad)
	  (NP-OB1 (PRO hym))
	  (PP (P to)
	      (NP (D the)
		  (NPR Syege)
		  (NPR Perelous)
		  (CP-REL (WPP-1 (WADVP (WADV where))
				 (P besyde))
			  (C 0)
			  (IP-SUB (PP *T*-1)
				  (VBD sate)
				  (NP-SBJ (NPR sir) (NPR Launcelot))))))
	  (. ,))
  (ID CMMALORY,630.3648))

/~*
All they seyde, 'Thys ys he by whom the Sankgreall shall be encheved,
(CMMALORY,631.3664)
*~/
/*
26 WNP:  26 WNP, 28 whom, 22 CP-REL-SPE
*/

( (IP-MAT (NP-SBJ (Q All) (PRO they))
	  (VBD seyde)
	  (, ,)
	  (' ')
	  (IP-MAT-SPE (NP-SBJ (D Thys))
		      (BEP ys)
		      (NP-OB1 (PRO he)
			      (CP-REL-SPE (WPP-1 (P by)
						 (WNP (WPRO whom)))
					  (C 0)
					  (IP-SUB-SPE (PP *T*-1)
						      (NP-SBJ (D the) (NPR Sankgreall))
						      (MD shall)
						      (BE be)
						      (VAN encheved)))))
	  (. ,))
  (ID CMMALORY,631.3664))

/~*
'Sir,' they seyde, 'hit ys tolde us that in thys place ys a shylde that no man
may bere hit aboute his necke but he be myscheved other dede within three
dayes, other maymed for ever.
(CMMALORY,638.3895)
*~/
/*
53 WNP:  53 WNP, 54 0, 52 CP-REL-SPE
*/

( (IP-MAT-SPE (' ')
	      (NP-VOC (N Sir))
	      (, ,)
	      (' ')
	      (IP-MAT-PRN-SPE (NP-SBJ (PRO they))
			      (VBD seyde))
	      (, ,)
	      (' ')
	      (NP-SBJ (PRO hit))
	      (BEP ys)
	      (VAN tolde)
	      (NP-OB2 (PRO us))
	      (CP-THT-SPE (C that)
			  (IP-SUB-SPE (PP (P in)
					  (NP (D thys) (N place)))
				      (NP-SBJ-1 *exp*)
				      (BEP ys)
				      (NP-1 (D a)
					    (N shylde)
					    (CP-REL-SPE (WNP 0)
							(C that)
							(IP-SUB-SPE (NP-SBJ (Q no) (N man))
								    (MD may)
								    (VB bere)
								    (NP-OB1-RSP (PRO hit))
								    (PP (P aboute)
									(NP (PRO$ his) (N necke)))
								    (PP (P but)
									(CP-ADV-SPE (C 0)
										    (IP-SUB-SPE (IP-SUB-SPE-2 (NP-SBJ (PRO he))
													      (BEP be)
													      (ADJP (VAN myscheved)
														    (CONJ other)
														    (ADJP (ADJ dede)))
													      (PP (P within)
														  (NP (NUM three) (NS dayes))))
												(, ,)
												(CONJP (CONJ other)
												       (IP-SUB-SPE=2 (VAN maymed)
														     (PP (P for)
															 (ADVP (ADV ever)))))))))))))
	      (. .))
  (ID CMMALORY,638.3895))

/~*
And anone he shewed hym the ryght beleve of the Holy Trynyte`, for the whyche
he agreed unto with all hys herte.
(CMMALORY,640.3966)
*~/
/*
38 WNP:  38 WNP, 42 whyche, 34 CP-REL-SPE
*/

( (IP-MAT-SPE (CONJ And)
	      (ADVP-TMP (ADV anone))
	      (NP-SBJ (PRO he))
	      (VBD shewed)
	      (NP-OB2 (PRO hym))
	      (NP-OB1 (D the)
		      (ADJ ryght)
		      (N beleve)
		      (PP (P of)
			  (NP (D the) (ADJ Holy) (NPR Trynyte`)))
		      (, ,)
		      (CP-REL-SPE (WPP-1 (P for)
					 (WNP (D the) (WPRO whyche)))
				  (C 0)
				  (IP-SUB-SPE (NP-SBJ (PRO he))
					      (VBD agreed)
					      (PP (P unto)
						  (PP *T*-1))
					      (PP (P with)
						  (NP (Q all) (PRO$ hys) (N herte))))))
	      (. .))
  (ID CMMALORY,640.3966))

/~*
'" Well," seyde the seven knyghtes, "sytthyn ye sey so, there shall never lady
nother knyght passe thys castell but they shall abyde magre their hedys other
dye therefore tyll that knyght be com by whom we shall lose thys castell."
(CMMALORY,649.4250)
*~/
/*
120 WNP:  120 WNP, 122 whom, 116 CP-REL-3
*/

( (IP-MAT (' ')
	  (" ")
	  (ADVP (ADV Well))
	  (, ,)
	  (" ")
	  (IP-MAT-PRN (VBD seyde)
		      (NP-SBJ (D the) (NUM seven) (NS knyghtes)))
	  (, ,)
	  (" ")
	  (PP (P sytthyn)
	      (CP-ADV (C 0)
		      (IP-SUB (NP-SBJ (PRO ye))
			      (VBP sey)
			      (ADVP (ADV so)))))
	  (, ,)
	  (NP-SBJ-1 (EX there))
	  (MD shall)
	  (ADVP-TMP (ADV never))
	  (NP-1 (N lady) (CONJ nother) (N knyght))
	  (VB passe)
	  (NP-OB1 (D thys) (N castell))
	  (PP (P but)
	      (CP-ADV (C 0)
		      (IP-SUB (IP-SUB-2 (NP-SBJ (PRO they))
					(MD shall)
					(VB abyde)
					(PP (P magre)
					    (NP (PRO$ their) (NS hedys))))
			      (CONJP (CONJ other)
				     (IP-SUB=2 (VB dye)
					       (PP (ADV+P therefore)))))))
	  (PP (P tyll)
	      (CP-ADV (C 0)
		      (IP-SUB (NP-SBJ (D that)
				      (N knyght)
				      (CP-REL *ICH*-3))
			      (BEP be)
			      (VBN com)
			      (CP-REL-3 (WPP-4 (P by)
					       (WNP (WPRO whom)))
					(C 0)
					(IP-SUB (PP *T*-4)
						(NP-SBJ (PRO we))
						(MD shall)
						(VB lose)
						(NP-OB1 (D thys) (N castell)))))))
	  (. .)
	  (" "))
  (ID CMMALORY,649.4250))

/~*
'Now,' seyde sir Galahad, 'ys she here for whom thys castell was loste?'
(CMMALORY,649.4253)
*~/
/*
38 WNP:  38 WNP, 40 whom, 34 CP-REL-SPE-1
*/

( (CP-QUE-SPE (' ')
	      (ADVP-TMP (ADV Now))
	      (, ,)
	      (' ')
	      (IP-MAT-PRN-SPE (VBD seyde)
			      (NP-SBJ (NPR sir) (NPR Galahad)))
	      (, ,)
	      (' ')
	      (IP-SUB-SPE (BEP ys)
			  (NP-SBJ (PRO she)
				  (CP-REL-SPE *ICH*-1))
			  (ADVP-LOC (ADV here))
			  (CP-REL-SPE-1 (WPP-2 (P for)
					       (WNP (WPRO whom)))
					(C 0)
					(IP-SUB-SPE (PP *T*-2)
						    (NP-SBJ (D thys) (N castell))
						    (BED was)
						    (VAN loste))))
	      (. ?)
	      (' '))
  (ID CMMALORY,649.4253))

/~*
in all the worlde men shall nat fynde one knyght to whom oure Lorde hath yevyn
so much of grace as He hath lente the,
(CMMALORY,656.4505)
*~/
/*
30 WNP:  30 WNP, 32 whom, 26 CP-REL-SPE
*/

( (IP-MAT-SPE (PP (P in)
		  (NP (Q all) (D the) (N worlde)))
	      (NP-SBJ (MAN men))
	      (MD shall)
	      (NEG nat)
	      (VB fynde)
	      (NP-OB1 (ONE one)
		      (N knyght)
		      (CP-REL-SPE (WPP-1 (P to)
					 (WNP (WPRO whom)))
				  (C 0)
				  (IP-SUB-SPE (PP *T*-1)
					      (NP-SBJ (PRO$ oure) (N Lorde))
					      (HVP hath)
					      (VBN yevyn)
					      (NP-OB1 (QP (ADVR so) (Q much))
						      (PP (P of)
							  (NP (N grace)))
						      (PP (P as)
							  (CP-CMP-SPE (WNP-2 0)
								      (C 0)
								      (IP-SUB-SPE (NP-OB1 *T*-2)
										  (NP-SBJ (PRO He))
										  (HVP hath)
										  (VBN lente)
										  (NP-OB2 (PRO the)))))))))
	      (. ,))
  (ID CMMALORY,656.4505))

/~*
and than he made the Syge Perelous in the whych Galahad sate at hys mete on
Whyttsonday last past. '
(CMMALORY,659.4596)
*~/
/*
26 WNP:  26 WNP, 32 whych, 22 CP-REL-SPE
*/

( (IP-MAT-SPE (CONJ and)
	      (ADVP-TMP (ADV than))
	      (NP-SBJ (PRO he))
	      (VBD made)
	      (NP-OB1 (D the)
		      (N Syge)
		      (NP-PRN (NPR Perelous))
		      (CODE <em>)
		      (CP-REL-SPE (WPP-1 (P in)
					 (WNP (D the) (CODE <$$em>) (WPRO whych)))
				  (C 0)
				  (IP-SUB-SPE (PP *T*-1)
					      (NP-SBJ (NPR Galahad))
					      (VBD sate)
					      (PP (P at)
						  (NP (PRO$ hys) (N mete)))
					      (PP (P on)
						  (NP (NPR Whyttsonday)
						      (RRC (ADVP-TMP (ADV last))
							   (VBN past)))))))
	      (. .)
	      (' '))
  (ID CMMALORY,659.4596))
/*
FOOTER
  source file, hits/tokens/total
  C:\Users\Shoo\Dropbox\workspace\CorpusSearch_Auto\data\corporas\PPCME2\temp1492106398658\fiction_romances_dramacomedies_and_verse\cmmalory.m4.psd	17/17/4999
*/
/*
HEADER:
source file:  C:\Users\Shoo\Dropbox\workspace\CorpusSearch_Auto\data\corporas\PPCME2\temp1492106398658\fiction_romances_dramacomedies_and_verse\cmreynar.m4.psd
*/

/~*
and brought on a biere a deed henne of whom reynart had byten the heed of
<slash>
(CMREYNAR,10.134)
*~/
/*
27 WNP:  27 WNP, 29 whom, 23 CP-REL
*/

( (IP-MAT (CONJ and)
	  (NP-SBJ *con*)
	  (VBD brought)
	  (PP (P on)
	      (NP (D a) (N biere)))
	  (NP-OB1 (D a)
		  (ADJ deed)
		  (N henne)
		  (CP-REL (WPP-1 (P of)
				 (WNP (WPRO whom)))
			  (C 0)
			  (IP-SUB (PP *T*-1)
				  (NP-SBJ (NPR reynart))
				  (HVD had)
				  (VBN byten)
				  (NP-OB1 (D the) (N heed))
				  (RP of))))
	  (. <slash>))
  (ID CMREYNAR,10.134))

/~*
and wente in a yerde whiche was walled round aboute <slash> In whiche was a
shadde where in were six grete dogges whiche had to tore and plucked many a
beestis skyn in suche wyse as my chyldren were not aferd <slash> On whom
Reynart the theef had grete enuye by cause they were so sure that he cowde
none gete of them <slash>
(CMREYNAR,11.154)
*~/
/*
40 WNP:  40 WNP, 42 whiche, 36 CP-REL-SPE
59 WADVP:  59 WADVP, 61 where, 57 CP-REL-SPE
59 WADVP:  59 WADVP, 61 where, 36 CP-REL-SPE
149 WNP:  149 WNP, 151 whom, 145 CP-REL-SPE-8
*/

( (IP-MAT-SPE (CONJ and)
	      (NP-SBJ *con*)
	      (VBD wente)
	      (PP (P in)
		  (NP (D a)
		      (N yerde)
		      (CP-REL-SPE (WNP-1 (WPRO whiche))
				  (C 0)
				  (IP-SUB-SPE (NP-SBJ *T*-1)
					      (BED was)
					      (VAN walled)
					      (ADVP (ADV round) (RP aboute))))
		      (, <slash>)
		      (CP-REL-SPE (WPP-2 (P In)
					 (WNP (WPRO whiche)))
				  (C 0)
				  (IP-SUB-SPE (PP *T*-2)
					      (NP-SBJ-3 *exp*)
					      (BED was)
					      (NP-3 (D a)
						    (N shadde)
						    (CP-REL-SPE (WPP-4 (WADVP (WADV where))
								       (P in))
								(C 0)
								(IP-SUB-SPE (PP *T*-4)
									    (NP-SBJ-5 *exp*)
									    (BED were)
									    (NP-5 (NUM six)
										  (ADJ grete)
										  (NS dogges)
										  (CP-REL-SPE (WNP-6 (WPRO whiche))
											      (C 0)
											      (IP-SUB-SPE (NP-SBJ *T*-6)
													  (HVD had)
													  (VBN (VBN (VBN21 to) (VBN22 tore))
													       (CONJ and)
													       (VBN plucked))
													  (NP-OB1 (NP-POS (Q many) (D a) (N$ beestis))
														  (N skyn))))))))))
		      (PP (P in)
			  (NP (ADJP (SUCH suche)
				    (PP *ICH*-7))
			      (N wyse)
			      (PP-7 (P as)
				    (CP-DEG-SPE (C 0)
						(IP-SUB-SPE (NP-SBJ (PRO$ my)
								    (NS chyldren)
								    (CP-REL-SPE *ICH*-8))
							    (BED were)
							    (NEG not)
							    (ADJP (ADJ aferd))
							    (, <slash>)
							    (CP-REL-SPE-8 (WPP-9 (P On)
										 (WNP (WPRO whom)))
									  (C 0)
									  (IP-SUB-SPE (PP *T*-9)
										      (NP-SBJ (NPR Reynart)
											      (NP-PRN (D the) (N theef)))
										      (HVD had)
										      (NP-OB1 (ADJ grete) (N enuye))
										      (PP (P by)
											  (NP (N cause)
											      (CP-THT-SPE (C 0)
													  (IP-SUB-SPE (NP-SBJ (PRO they))
														      (BED were)
														      (ADJP (ADVR so)
															    (ADJ sure)
															    (CP-DEG-SPE (C that)
																	(IP-SUB-SPE (NP-SBJ (PRO he))
																		    (MD cowde)
																		    (NP-OB1 (Q none))
																		    (VB gete)
																		    (PP (P of)
																			(NP (PRO them)))))))))))))))))))
	      (. <slash>))
  (ID CMREYNAR,11.154))

/~*
and brought to me a lettre for to rede sealed wyth the kynges seal <slash> in
whiche stode wreton that the kynge had made pees oueral in his royame <slash>
and that alle maner beestis and fowlles shold doo none harme ner scathe to ony
other <slash>
(CMREYNAR,11.163)
*~/
/*
55 WNP:  55 WNP, 57 whiche, 51 CP-REL-SPE-3
*/

( (IP-MAT-SPE (CONJ and)
	      (NP-SBJ *con*)
	      (VBD brought)
	      (PP (P to)
		  (NP (PRO me)))
	      (NP-OB1 (D a)
		      (N lettre)
		      (RRC *ICH*-2)
		      (CP-REL-SPE *ICH*-3)
		      (CP-EOP-SPE (WNP-1 0)
				  (IP-INF-SPE (NP-OB1 *T*-1)
					      (FOR for)
					      (TO to)
					      (VB rede))))
	      (RRC-2 (VAN sealed)
		     (PP (P wyth)
			 (NP (NP-POS (D the) (N$ kynges))
			     (N seal))))
	      (, <slash>)
	      (CP-REL-SPE-3 (WPP-4 (P in)
				   (WNP (WPRO whiche)))
			    (C 0)
			    (IP-SUB-SPE (PP *T*-4)
					(NP-SBJ-5 *exp*)
					(VBD stode)
					(IP-PPL-SPE (VAN wreton))
					(CP-THT-SPE-5 (CP-THT-SPE (C that)
								  (IP-SUB-SPE (NP-SBJ (D the) (N kynge))
									      (HVD had)
									      (VBN made)
									      (NP-OB1 (N pees))
									      (PP (P+Q oueral))
									      (PP (P in)
										  (NP (PRO$ his) (N royame)))))
						      (, <slash>)
						      (CONJP (CONJ and)
							     (CP-THT-SPE (C that)
									 (IP-SUB-SPE (NP-SBJ (Q alle)
											     (N maner)
											     (NP-COM (NS beestis) (CONJ and) (NS fowlles)))
										     (MD shold)
										     (DO doo)
										     (NP-OB1 (Q none)
											     (N harme)
											     (CONJP (CONJ ner)
												    (NX (N scathe))))
										     (PP (P to)
											 (NP (Q ony) (OTHER other)))))))))
	      (. <slash>))
  (ID CMREYNAR,11.163))

/~*
I am not the fyrst that haue ben deceyued by wymmens counseyl by whiche many a
grete hurte hath byfallen <slash>
(CMREYNAR,53.369)
*~/
/*
40 WNP:  40 WNP, 42 whiche, 36 CP-REL-SPE
40 WNP:  40 WNP, 42 whiche, 14 CP-REL-SPE
*/

( (IP-MAT-SPE (NP-SBJ (PRO I))
	      (BEP am)
	      (NEG not)
	      (NP-OB1 (D the)
		      (ADJS fyrst)
		      (CP-REL-SPE (WNP-1 0)
				  (C that)
				  (IP-SUB-SPE (NP-SBJ *T*-1)
					      (HVP haue)
					      (BEN ben)
					      (VAN deceyued)
					      (PP (P by)
						  (NP (NS$ wymmens)
						      (N counseyl)
						      (CP-REL-SPE (WPP-2 (P by)
									 (WNP (WPRO whiche)))
								  (C 0)
								  (IP-SUB-SPE (PP *T*-2)
									      (NP-SBJ (Q many) (D a) (ADJ grete) (N hurte))
									      (HVP hath)
									      (VBN byfallen))))))))
	      (. <slash>))
  (ID CMREYNAR,53.369))

/~*
also I tolde to the kynge that ther was grete tresour in hulsterlo of whiche
he was neuer the better ne richer <slash>
(CMREYNAR,58.557)
*~/
/*
43 WNP:  43 WNP, 45 whiche, 39 CP-REL-SPE-2
*/

( (IP-MAT-SPE (ALSO also)
	      (NP-SBJ (PRO I))
	      (VBD tolde)
	      (PP (P to)
		  (NP (D the) (N kynge)))
	      (CP-THT-SPE (C that)
			  (IP-SUB-SPE (NP-SBJ-1 (EX ther))
				      (BED was)
				      (NP-1 (ADJ grete)
					    (N tresour)
					    (CP-REL-SPE *ICH*-2))
				      (PP (P in)
					  (NP (NPR hulsterlo)))
				      (CP-REL-SPE-2 (WPP-3 (P of)
							   (WNP (WPRO whiche)))
						    (C 0)
						    (IP-SUB-SPE (IP-SUB-SPE (PP *T*-3)
									    (NP-SBJ (PRO he))
									    (BED was)
									    (ADVP-TMP (ADV neuer))
									    (ADJP (D the)
										  (ADJR better)
										  (CONJP (CONJ ne)
											 (ADJX (ADJR richer)))))))))
	      (. <slash>))
  (ID CMREYNAR,58.557))
/*
FOOTER
  source file, hits/tokens/total
  C:\Users\Shoo\Dropbox\workspace\CorpusSearch_Auto\data\corporas\PPCME2\temp1492106398658\fiction_romances_dramacomedies_and_verse\cmreynar.m4.psd	7/5/740
*/
/*
HEADER:
source file:  C:\Users\Shoo\Dropbox\workspace\CorpusSearch_Auto\data\corporas\PPCME2\temp1492106398658\fiction_romances_dramacomedies_and_verse\cmsiege.m4.psd
*/
/*
FOOTER
  source file, hits/tokens/total
  C:\Users\Shoo\Dropbox\workspace\CorpusSearch_Auto\data\corporas\PPCME2\temp1492106398658\fiction_romances_dramacomedies_and_verse\cmsiege.m4.psd	0/0/732
*/
/*
SUMMARY:  
source files, hits/tokens/total
  C:\Users\Shoo\Dropbox\workspace\CorpusSearch_Auto\data\corporas\PPCME2\temp1492106398658\fiction_romances_dramacomedies_and_verse\cmctmeli.m3.psd	17/16/860
  C:\Users\Shoo\Dropbox\workspace\CorpusSearch_Auto\data\corporas\PPCME2\temp1492106398658\fiction_romances_dramacomedies_and_verse\cmmalory.m4.psd	17/17/4999
  C:\Users\Shoo\Dropbox\workspace\CorpusSearch_Auto\data\corporas\PPCME2\temp1492106398658\fiction_romances_dramacomedies_and_verse\cmreynar.m4.psd	7/5/740
  C:\Users\Shoo\Dropbox\workspace\CorpusSearch_Auto\data\corporas\PPCME2\temp1492106398658\fiction_romances_dramacomedies_and_verse\cmsiege.m4.psd	0/0/732
whole search, hits/tokens/total
		41/38/7331
*/
