/*
PREFACE:  
Copyright 2010 Beth Randall
Date:  Thu Apr 13 18:53:11 BST 2017

command file:     data\searches\queries\PENN\progressive_forms_added_to_non-verbal_predicates.q
output file:      C:\Users\Shoo\Dropbox\workspace\CorpusSearch_Auto\data\output\13-04-2017 18.46.36.333 PPCEME\progressive_forms_added_to_nonverbal_predicates\rules_charters_wills_laws_ecclesiastical_laws_and_proceedingstrials\result.out

node:   *SPR*|BAG*|HAG*|VAG*|DAG*
query:  (BAG*|HAG*|VAG*|DAG* Dominates  !BAG*|HAG*|VAG*|DAG*) 
  AND  (*SPR* Dominates  BAG*|HAG*|VAG*|DAG*) 
*/
/*
HEADER:
source file:  C:\Users\Shoo\Dropbox\workspace\CorpusSearch_Auto\data\corporas\PPCEME\temp1492105854173\rules_charters_wills_laws_ecclesiastical_laws_and_proceedingstrials\essex-e2-h.psd
*/
/*
FOOTER
  source file, hits/tokens/total
  C:\Users\Shoo\Dropbox\workspace\CorpusSearch_Auto\data\corporas\PPCEME\temp1492105854173\rules_charters_wills_laws_ecclesiastical_laws_and_proceedingstrials\essex-e2-h.psd	0/0/313
*/
/*
HEADER:
source file:  C:\Users\Shoo\Dropbox\workspace\CorpusSearch_Auto\data\corporas\PPCEME\temp1492105854173\rules_charters_wills_laws_ecclesiastical_laws_and_proceedingstrials\essex-e2-p1.psd
*/
/*
FOOTER
  source file, hits/tokens/total
  C:\Users\Shoo\Dropbox\workspace\CorpusSearch_Auto\data\corporas\PPCEME\temp1492105854173\rules_charters_wills_laws_ecclesiastical_laws_and_proceedingstrials\essex-e2-p1.psd	0/0/179
*/
/*
HEADER:
source file:  C:\Users\Shoo\Dropbox\workspace\CorpusSearch_Auto\data\corporas\PPCEME\temp1492105854173\rules_charters_wills_laws_ecclesiastical_laws_and_proceedingstrials\essexstate-e2-p1.psd
*/
/*
FOOTER
  source file, hits/tokens/total
  C:\Users\Shoo\Dropbox\workspace\CorpusSearch_Auto\data\corporas\PPCEME\temp1492105854173\rules_charters_wills_laws_ecclesiastical_laws_and_proceedingstrials\essexstate-e2-p1.psd	0/0/162
*/
/*
HEADER:
source file:  C:\Users\Shoo\Dropbox\workspace\CorpusSearch_Auto\data\corporas\PPCEME\temp1492105854173\rules_charters_wills_laws_ecclesiastical_laws_and_proceedingstrials\essexstate-e2-p2.psd
*/
/*
FOOTER
  source file, hits/tokens/total
  C:\Users\Shoo\Dropbox\workspace\CorpusSearch_Auto\data\corporas\PPCEME\temp1492105854173\rules_charters_wills_laws_ecclesiastical_laws_and_proceedingstrials\essexstate-e2-p2.psd	0/0/327
*/
/*
HEADER:
source file:  C:\Users\Shoo\Dropbox\workspace\CorpusSearch_Auto\data\corporas\PPCEME\temp1492105854173\rules_charters_wills_laws_ecclesiastical_laws_and_proceedingstrials\judall-e2-p2.psd
*/
/*
FOOTER
  source file, hits/tokens/total
  C:\Users\Shoo\Dropbox\workspace\CorpusSearch_Auto\data\corporas\PPCEME\temp1492105854173\rules_charters_wills_laws_ecclesiastical_laws_and_proceedingstrials\judall-e2-p2.psd	0/0/476
*/
/*
HEADER:
source file:  C:\Users\Shoo\Dropbox\workspace\CorpusSearch_Auto\data\corporas\PPCEME\temp1492105854173\rules_charters_wills_laws_ecclesiastical_laws_and_proceedingstrials\lisle-e3-h.psd
*/
/*
FOOTER
  source file, hits/tokens/total
  C:\Users\Shoo\Dropbox\workspace\CorpusSearch_Auto\data\corporas\PPCEME\temp1492105854173\rules_charters_wills_laws_ecclesiastical_laws_and_proceedingstrials\lisle-e3-h.psd	0/0/536
*/
/*
HEADER:
source file:  C:\Users\Shoo\Dropbox\workspace\CorpusSearch_Auto\data\corporas\PPCEME\temp1492105854173\rules_charters_wills_laws_ecclesiastical_laws_and_proceedingstrials\lisle-e3-p1.psd
*/
/*
FOOTER
  source file, hits/tokens/total
  C:\Users\Shoo\Dropbox\workspace\CorpusSearch_Auto\data\corporas\PPCEME\temp1492105854173\rules_charters_wills_laws_ecclesiastical_laws_and_proceedingstrials\lisle-e3-p1.psd	0/0/581
*/
/*
HEADER:
source file:  C:\Users\Shoo\Dropbox\workspace\CorpusSearch_Auto\data\corporas\PPCEME\temp1492105854173\rules_charters_wills_laws_ecclesiastical_laws_and_proceedingstrials\lisle-e3-p2.psd
*/
/*
FOOTER
  source file, hits/tokens/total
  C:\Users\Shoo\Dropbox\workspace\CorpusSearch_Auto\data\corporas\PPCEME\temp1492105854173\rules_charters_wills_laws_ecclesiastical_laws_and_proceedingstrials\lisle-e3-p2.psd	0/0/487
*/
/*
HEADER:
source file:  C:\Users\Shoo\Dropbox\workspace\CorpusSearch_Auto\data\corporas\PPCEME\temp1492105854173\rules_charters_wills_laws_ecclesiastical_laws_and_proceedingstrials\oates-e3-h.psd
*/
/*
FOOTER
  source file, hits/tokens/total
  C:\Users\Shoo\Dropbox\workspace\CorpusSearch_Auto\data\corporas\PPCEME\temp1492105854173\rules_charters_wills_laws_ecclesiastical_laws_and_proceedingstrials\oates-e3-h.psd	0/0/711
*/
/*
HEADER:
source file:  C:\Users\Shoo\Dropbox\workspace\CorpusSearch_Auto\data\corporas\PPCEME\temp1492105854173\rules_charters_wills_laws_ecclesiastical_laws_and_proceedingstrials\oates-e3-p1.psd
*/
/*
FOOTER
  source file, hits/tokens/total
  C:\Users\Shoo\Dropbox\workspace\CorpusSearch_Auto\data\corporas\PPCEME\temp1492105854173\rules_charters_wills_laws_ecclesiastical_laws_and_proceedingstrials\oates-e3-p1.psd	0/0/706
*/
/*
HEADER:
source file:  C:\Users\Shoo\Dropbox\workspace\CorpusSearch_Auto\data\corporas\PPCEME\temp1492105854173\rules_charters_wills_laws_ecclesiastical_laws_and_proceedingstrials\oates-e3-p2.psd
*/
/*
FOOTER
  source file, hits/tokens/total
  C:\Users\Shoo\Dropbox\workspace\CorpusSearch_Auto\data\corporas\PPCEME\temp1492105854173\rules_charters_wills_laws_ecclesiastical_laws_and_proceedingstrials\oates-e3-p2.psd	0/0/678
*/
/*
HEADER:
source file:  C:\Users\Shoo\Dropbox\workspace\CorpusSearch_Auto\data\corporas\PPCEME\temp1492105854173\rules_charters_wills_laws_ecclesiastical_laws_and_proceedingstrials\raleigh-e2-h.psd
*/
/*
FOOTER
  source file, hits/tokens/total
  C:\Users\Shoo\Dropbox\workspace\CorpusSearch_Auto\data\corporas\PPCEME\temp1492105854173\rules_charters_wills_laws_ecclesiastical_laws_and_proceedingstrials\raleigh-e2-h.psd	0/0/664
*/
/*
HEADER:
source file:  C:\Users\Shoo\Dropbox\workspace\CorpusSearch_Auto\data\corporas\PPCEME\temp1492105854173\rules_charters_wills_laws_ecclesiastical_laws_and_proceedingstrials\raleigh-e2-p1.psd
*/
/*
FOOTER
  source file, hits/tokens/total
  C:\Users\Shoo\Dropbox\workspace\CorpusSearch_Auto\data\corporas\PPCEME\temp1492105854173\rules_charters_wills_laws_ecclesiastical_laws_and_proceedingstrials\raleigh-e2-p1.psd	0/0/517
*/
/*
HEADER:
source file:  C:\Users\Shoo\Dropbox\workspace\CorpusSearch_Auto\data\corporas\PPCEME\temp1492105854173\rules_charters_wills_laws_ecclesiastical_laws_and_proceedingstrials\stat-1500-e1-h.psd
*/
/*
FOOTER
  source file, hits/tokens/total
  C:\Users\Shoo\Dropbox\workspace\CorpusSearch_Auto\data\corporas\PPCEME\temp1492105854173\rules_charters_wills_laws_ecclesiastical_laws_and_proceedingstrials\stat-1500-e1-h.psd	0/0/144
*/
/*
HEADER:
source file:  C:\Users\Shoo\Dropbox\workspace\CorpusSearch_Auto\data\corporas\PPCEME\temp1492105854173\rules_charters_wills_laws_ecclesiastical_laws_and_proceedingstrials\stat-1510-e1-p2.psd
*/
/*
FOOTER
  source file, hits/tokens/total
  C:\Users\Shoo\Dropbox\workspace\CorpusSearch_Auto\data\corporas\PPCEME\temp1492105854173\rules_charters_wills_laws_ecclesiastical_laws_and_proceedingstrials\stat-1510-e1-p2.psd	0/0/53
*/
/*
HEADER:
source file:  C:\Users\Shoo\Dropbox\workspace\CorpusSearch_Auto\data\corporas\PPCEME\temp1492105854173\rules_charters_wills_laws_ecclesiastical_laws_and_proceedingstrials\stat-1530-e1-p1.psd
*/
/*
FOOTER
  source file, hits/tokens/total
  C:\Users\Shoo\Dropbox\workspace\CorpusSearch_Auto\data\corporas\PPCEME\temp1492105854173\rules_charters_wills_laws_ecclesiastical_laws_and_proceedingstrials\stat-1530-e1-p1.psd	0/0/113
*/
/*
HEADER:
source file:  C:\Users\Shoo\Dropbox\workspace\CorpusSearch_Auto\data\corporas\PPCEME\temp1492105854173\rules_charters_wills_laws_ecclesiastical_laws_and_proceedingstrials\stat-1540-e1-h.psd
*/
/*
FOOTER
  source file, hits/tokens/total
  C:\Users\Shoo\Dropbox\workspace\CorpusSearch_Auto\data\corporas\PPCEME\temp1492105854173\rules_charters_wills_laws_ecclesiastical_laws_and_proceedingstrials\stat-1540-e1-h.psd	0/0/54
*/
/*
HEADER:
source file:  C:\Users\Shoo\Dropbox\workspace\CorpusSearch_Auto\data\corporas\PPCEME\temp1492105854173\rules_charters_wills_laws_ecclesiastical_laws_and_proceedingstrials\stat-1540-e1-p1.psd
*/
/*
FOOTER
  source file, hits/tokens/total
  C:\Users\Shoo\Dropbox\workspace\CorpusSearch_Auto\data\corporas\PPCEME\temp1492105854173\rules_charters_wills_laws_ecclesiastical_laws_and_proceedingstrials\stat-1540-e1-p1.psd	0/0/35
*/
/*
HEADER:
source file:  C:\Users\Shoo\Dropbox\workspace\CorpusSearch_Auto\data\corporas\PPCEME\temp1492105854173\rules_charters_wills_laws_ecclesiastical_laws_and_proceedingstrials\stat-1550-e1-p2.psd
*/
/*
FOOTER
  source file, hits/tokens/total
  C:\Users\Shoo\Dropbox\workspace\CorpusSearch_Auto\data\corporas\PPCEME\temp1492105854173\rules_charters_wills_laws_ecclesiastical_laws_and_proceedingstrials\stat-1550-e1-p2.psd	0/0/71
*/
/*
HEADER:
source file:  C:\Users\Shoo\Dropbox\workspace\CorpusSearch_Auto\data\corporas\PPCEME\temp1492105854173\rules_charters_wills_laws_ecclesiastical_laws_and_proceedingstrials\stat-1560-e1-p2.psd
*/
/*
FOOTER
  source file, hits/tokens/total
  C:\Users\Shoo\Dropbox\workspace\CorpusSearch_Auto\data\corporas\PPCEME\temp1492105854173\rules_charters_wills_laws_ecclesiastical_laws_and_proceedingstrials\stat-1560-e1-p2.psd	0/0/37
*/
/*
HEADER:
source file:  C:\Users\Shoo\Dropbox\workspace\CorpusSearch_Auto\data\corporas\PPCEME\temp1492105854173\rules_charters_wills_laws_ecclesiastical_laws_and_proceedingstrials\stat-1570-e2-p1.psd
*/
/*
FOOTER
  source file, hits/tokens/total
  C:\Users\Shoo\Dropbox\workspace\CorpusSearch_Auto\data\corporas\PPCEME\temp1492105854173\rules_charters_wills_laws_ecclesiastical_laws_and_proceedingstrials\stat-1570-e2-p1.psd	0/0/33
*/
/*
HEADER:
source file:  C:\Users\Shoo\Dropbox\workspace\CorpusSearch_Auto\data\corporas\PPCEME\temp1492105854173\rules_charters_wills_laws_ecclesiastical_laws_and_proceedingstrials\stat-1570-e2-p2.psd
*/
/*
FOOTER
  source file, hits/tokens/total
  C:\Users\Shoo\Dropbox\workspace\CorpusSearch_Auto\data\corporas\PPCEME\temp1492105854173\rules_charters_wills_laws_ecclesiastical_laws_and_proceedingstrials\stat-1570-e2-p2.psd	0/0/19
*/
/*
HEADER:
source file:  C:\Users\Shoo\Dropbox\workspace\CorpusSearch_Auto\data\corporas\PPCEME\temp1492105854173\rules_charters_wills_laws_ecclesiastical_laws_and_proceedingstrials\stat-1580-e2-h.psd
*/
/*
FOOTER
  source file, hits/tokens/total
  C:\Users\Shoo\Dropbox\workspace\CorpusSearch_Auto\data\corporas\PPCEME\temp1492105854173\rules_charters_wills_laws_ecclesiastical_laws_and_proceedingstrials\stat-1580-e2-h.psd	0/0/16
*/
/*
HEADER:
source file:  C:\Users\Shoo\Dropbox\workspace\CorpusSearch_Auto\data\corporas\PPCEME\temp1492105854173\rules_charters_wills_laws_ecclesiastical_laws_and_proceedingstrials\stat-1580-e2-p2.psd
*/
/*
FOOTER
  source file, hits/tokens/total
  C:\Users\Shoo\Dropbox\workspace\CorpusSearch_Auto\data\corporas\PPCEME\temp1492105854173\rules_charters_wills_laws_ecclesiastical_laws_and_proceedingstrials\stat-1580-e2-p2.psd	0/0/86
*/
/*
HEADER:
source file:  C:\Users\Shoo\Dropbox\workspace\CorpusSearch_Auto\data\corporas\PPCEME\temp1492105854173\rules_charters_wills_laws_ecclesiastical_laws_and_proceedingstrials\stat-1590-e2-h.psd
*/

/~*
Whereas in the Parliament holden at Westm~ in the fyfte and sixt yeres of the
Raigne of our late Soveraigne Lorde Kinge Edwarde the Sixte, one Statute was
made, intituled An Acte for the true makinge of Wollen Clothe, wherebie amonge
other thing~ it was inacted, That all broade Plunckett~ Azures Blewes and
other coloured Clothe w=ch= after the Feast of S=t= Michaell the Archaungell
then next ensuynge shoulde be made within the Shires of Wiltshire Glowcester
or Som~sett, or elswhere of like makinge, shoulde conteyne in lenghe, beinge
thoroughe wett, betwixte fyve and twentye and eight and twentye yardes, yearde
and ynche of the Rule, and shoulde be seaven quarters within the List~ at the
leaste, and lysted accordinge to the auncient Custome, and beinge well scowred
thicked mylled and fullie dried, shoulde weighte threscore and eight pounde
the peece at the least, as by the saide Acte amonge div~se Clauses Articles
and P~visions conteyned in the same more playnelie is exp~ssed; sithence the
makinge of w=ch= saide Statute, althoughe the makers of the said coloured
Clothes have endevoured themselves accordinge to their best skill and
industrie to p~forme and fulfill the saide recited Statute in everie of their
Clothes asmuche as in them did lye, as touchinge the bredthe of Clothes, and
to thend & purpose have allowed and doe allowe so muche Yearne and Stuffe to
ev~y suche Clothe as myght sufficientlie serve to make all the saide coloured
Clothes full out in lenghe bredthe and weight accordinge to the saide Statute
made in the fyfte and sixt yeres of Kinge Edwarde the Sixt; Yet
notwithstandinge manye tymes by reason of the div~se natures in the Woolles,
and by the greate div~sities in the spynnynge cardinge and myllinge, manye of
the saide coloured Clothes made within the saide Countie of Som~sett, and
elswhere of like makinge, doe not conteyne full seaven quarters in bredthe,
accordinge to the saide Statute made in the fifte and sixt yeres of Kinge
Edwarde the Sixte, and yet noe defaulte touchinge the saide bredthe can
justlie be imputed to the maker therof, for that the saide Clothmakers, as
Experience daylie sheweth, $can $not observe the saide former Statute in all
the saide Clothes, as touchinge the bredthe, althoughe they indevor themselves
never so muche thereunto; w=ch= Clothes not conteyninge their full Assize in
bredthe as is aforesaid, are many tymes taken & seised by the serchers of
London when they come to their Markett at Blackwell Hall, to the great losse
and damage of the saide Clothemakers, and to the great hindraunce of Clothe
makinge within the saide Countye: In Considerac~on whereof, albeyt it is not
hereby intended to repeale or make voide the saide former recited Statute
otherwise then ys hereafter exp~ssed, yet nevertheles be it enacted by the
Quenes most Excellent Majestie withe Thassent of the Lordes Sp~uall and
Temporall and the Co~mons of this p~sent Parliament assembled, and by the
Authoritie of the same, That noe p~son or p~sons $shall $be hereafter chardged
for any suche defaulte w=ch= hereafter $shall $be in any of the saide broade
Plunkett~ Azures Blewes or other coloured Clothes, for want of bredthe of
seaven quarters, so that the same Clothe doe conteyne in bredthe, beinge
throughlie wett, sixe quarters and an halfe at the least within the List~
unwrought and lysted accordinge to the auncient Custome; Any Thinge in the
saide former recited Statute mencioned to the cont=a=rie in anye wise
notwithstandinge.
(STAT-1590-E2-H,4,858.34)
*~/
/*
1704 VAG:  1704 VAG, 1705 accordinge, 1693 ADJP-SPR
*/
( (IP-MAT (PP (WADV+P Whereas)
	      (CP-ADV (C 0)
		      (IP-SUB (PP (P in)
				  (NP (D the)
				      (NPR Parliament)
				      (RRC (VAN holden)
					   (PP (P at)
					       (NP (NPR Westm~)))
					   (PP (P in)
					       (NP (D the)
						   (ADJP (ADJ fyfte) (CONJ and) (ADJ sixt))
						   (NS yeres)
						   (PP (P of)
						       (NP (D the)
							   (N Raigne)
							   (PP (P of)
							       (NP (PRO$ our)
								   (ADJ late)
								   (ADJ Soveraigne)
								   (N Lorde)
								   (NP-PRN (NPR Kinge)
									   (NPR Edwarde)
									   (NP-PRN (D the) (ADJ Sixte))))))))))))
			      (, ,)
			      (NP-SBJ (ONE one)
				      (N Statute)
				      (RRC *ICH*-1))
			      (BED was)
			      (VAN made)
			      (, ,)
			      (RRC-1 (VAN intituled)
				     (IP-SMC (NP-SBJ *)
					     (NP-OB1 (D An)
						     (N Acte)
						     (PP (P for)
							 (NP (D the)
							     (ADJ true)
							     (N makinge)
							     (PP (P of)
								 (NP (ADJ Wollen) (N Clothe)))))
						     (, ,)
						     (CP-REL (WPP-2 (WADV+P wherebie))
							     (C 0)
							     (IP-SUB (PP *T*-2)
								     (PP (P amonge)
									 (NP (OTHER other) (NS thing~)))
								     (NP-SBJ-3 (PRO it))
								     (BED was)
								     (VAN inacted)
								     (, ,)
								     (CP-THT-3 (C That)
									       (IP-SUB (IP-SUB-4 (NP-SBJ (Q all)
													 (ADJ broade)
													 (NS Plunckett~)
													 (CONJP (NX (NS Azures)))
													 (CONJP (NX (NS Blewes)))
													 (CONJP (CONJ and)
														(NX (OTHER other) (VAN coloured) (N Clothe)))
													 (CP-REL (WNP-5 (WPRO w=ch=))
														 (C 0)
														 (IP-SUB-6 (NP-SBJ *T*-5)
															   (PP (P after)
															       (NP (D the)
																   (N Feast)
																   (PP (P of)
																       (NP (NPR S=t=)
																	   (NPR Michaell)
																	   (NP-PRN (D the) (N Archaungell))))
																   (RRC (ADVP-TMP (ADV then))
																	(ADVP-TMP (ADVS next))
																	(VAG ensuynge))))
															   (MD shoulde)
															   (BE be)
															   (VAN made)
															   (PP (P within)
															       (NP (D the)
																   (NS Shires)
																   (PP (P of)
																       (NP (NPR Wiltshire) (NPR Glowcester) (CONJ or) (NPR Som~sett)))))
															   (, ,)
															   (IP-SUB-PRN=6 (CONJ or)
																	 (ADVP-LOC (ADV+WADV elswhere))
																	 (PP (P of)
																	     (NP (ADJ like) (N makinge)))))))
												 (, ,)
												 (MD shoulde)
												 (VB conteyne)
												 (PP (P in)
												     (NP (N lenghe)))
												 (, ,)
												 (IP-PPL (BAG beinge)
													 (ADJP (ADV thoroughe) (ADJ wett)))
												 (, ,)
												 (NP-OB1 (NUMP (PP (P betwixte)
														   (NUMP (NUMP (NUM fyve) (CONJ and) (NUM twentye))
															 (CONJP (CONJ and)
																(NUMP (NUM eight) (CONJ and) (NUM twentye))))))
													 (NS yardes)
													 (, ,)
													 (NP-PRN (N yearde)
														 (CONJ and)
														 (N ynche)
														 (PP (P of)
														     (NP (D the) (N Rule))))))
										       (, ,)
										       (CONJP (CONJ and)
											      (IP-SUB (NP-SBJ *T*)
												      (MD shoulde)
												      (BE be)
												      (PP (NP-MSR (NUMP (NUM seaven)
															(PP *ICH*-7))
														  (NS quarters))
													  (P within)
													  (NP (D the) (NS List~))
													  (PP-7 (P at)
														(QP (D the) (QS leaste))))))
										       (, ,)
										       (CONJP (IP-SUB=4 (CONJ and)
													(VAN lysted)
													(IP-PPL (VAG accordinge)
														(PP (P to)
														    (NP (D the) (ADJ auncient) (N Custome))))))
										       (, ,)
										       (CONJP (CONJ and)
											      (IP-SUB (NP-SBJ *con*)
												      (IP-PPL (IP-PPL (BAG beinge)
														      (ADJP (ADV well))
														      (VAN (VAN scowred) (VAN thicked) (VAN mylled)))
													      (CONJP (CONJ and)
														     (IP-PPL (ADVP (ADV fullie))
															     (VAN dried))))
												      (, ,)
												      (MD shoulde)
												      (VB weighte)
												      (NP-OB1 (NUMP (NUM+N threscore)
														    (CONJ and)
														    (NUM eight)
														    (PP *ICH*-8))
													      (N pounde)
													      (NP-MSR (D the) (N peece))
													      (PP-8 (P at)
														    (NP (D the) (QS least))))))
										       (, ,)
										       (PP (P as)
											   (CP-ADV (WNP-9 0)
												   (C 0)
												   (IP-SUB (NP-SBJ *T*-9)
													   (PP (P by)
													       (NP (D the) (VAN saide) (N Acte)))
													   (PP (P amonge)
													       (NP (ADJ div~se)
														   (NS Clauses)
														   (CONJP (NX (NS Articles)))
														   (CONJP (CONJ and)
															  (NX (NS P~visions)))
														   (RRC (VAN conteyned)
															(PP (P in)
															    (NP (D the) (ADJ same))))))
													   (ADVP (QR more) (ADV playnelie))
													   (BEP is)
													   (VAN exp~ssed))))))))))))))
	  (, ;)
	  (CP-CAR (WPP-10 (P sithence)
			  (WNP (D the)
			       (N makinge)
			       (WPP (P of)
				    (WNP (WD w=ch=) (VAN saide) (N Statute)))))
		  (C 0)
		  (, ,)
		  (IP-SUB (IP-SUB (PP *T*-10)
				  (PP-LFD (P althoughe)
					  (CP-ADV (C 0)
						  (IP-SUB (IP-SUB (NP-SBJ (D the)
									  (NS makers)
									  (PP (P of)
									      (NP (D the) (VAN said) (VAN coloured) (NS Clothes))))
								  (HVP have)
								  (VBN endevoured)
								  (NP-RFL (PRO+N themselves))
								  (IP-PPL (VAG accordinge)
									  (PP (P to)
									      (NP (PRO$ their)
										  (ADJS best)
										  (N skill)
										  (CONJP (CONJ and)
											 (NX (N industrie))))))
								  (IP-INF (TO to)
									  (VB (VB p~forme) (CONJ and) (VB fulfill))
									  (NP-OB1 (D the) (VAN saide) (VAN recited) (N Statute))
									  (PP (P in)
									      (NP (Q everie)
										  (PP (P of)
										      (NP (PRO$ their) (NS Clothes)))))
									  (ADVP (ADVR+ADV asmuche)
										(PP (P as)
										    (CP-CMP (WNP-11 0)
											    (C 0)
											    (IP-SUB (NP-SBJ *T*-11)
												    (PP (P in)
													(NP (PRO them)))
												    (DOD did)
												    (VB lye)))))
									  (, ,)
									  (PP (P as)
									      (IP-PPL (VAG touchinge)
										      (NP-OB1 (D the)
											      (N bredthe)
											      (PP (P of)
												  (NP (NS Clothes))))))))
							  (, ,)
							  (CONJP (CONJ and)
								 (IP-SUB-12 (NP-SBJ *con*)
									    (PP (P to)
										(NP (D+N thend)
										    (CONJP (CONJ &)
											   (NX (N purpose)))))
									    (HVP have)
									    (VBN allowed)
									    (IP-SUB-PRN=12 (CONJ and) (DOP doe) (VB allowe))
									    (NP-OB1 (QP (ADVR so) (Q muche))
										    (N Yearne)
										    (CONJP (CONJ and)
											   (NX (N Stuffe)))
										    (PP *ICH*-13))
									    (PP (P to)
										(NP (Q ev~y) (SUCH suche) (N Clothe)))
									    (PP-13 (P as)
										   (CP-CMP (WNP-14 0)
											   (C 0)
											   (IP-SUB (NP-SBJ *T*-14)
												   (MD myght)
												   (ADVP (ADV sufficientlie))
												   (VB serve)
												   (IP-INF (TO to)
													   (VB make)
													   (IP-INF (NP-SBJ (Q all) (D the) (VAN saide) (VAN coloured) (NS Clothes))
														   (VB full)
														   (RP out)
														   (PP (P in)
														       (NP (ADJ lenghe)
															   (N bredthe)
															   (CONJP (CONJ and)
																  (NX (N weight)))))
														   (IP-PPL (VAG accordinge)
															   (PP (P to)
															       (NP (D the)
																   (VAN saide)
																   (N Statute)
																   (RRC (VAN made)
																	(PP (P in)
																	    (NP (D the)
																		(ADJP (ADJ fyfte) (CONJ and) (ADJ sixt))
																		(NS yeres)
																		(PP (P of)
																		    (NP (NPR Kinge)
																			(NPR Edwarde)
																			(NP-PRN (D the) (ADJ Sixt))))))))))))))))))))
				  (, ;)
				  (ADVP-RSP (ADV Yet))
				  (ADVP (ADV notwithstandinge))
				  (NP-TMP (Q manye) (NS tymes))
				  (PP (PP (P by)
					  (NP (N reason)
					      (PP (P of)
						  (NP (D the)
						      (ADJ div~se)
						      (NS natures)
						      (PP (P in)
							  (NP (D the) (NS Woolles)))))))
				      (, ,)
				      (CONJP (CONJ and)
					     (PP (P by)
						 (NP (D the)
						     (ADJ greate)
						     (NS div~sities)
						     (PP (P in)
							 (NP (D the)
							     (N spynnynge)
							     (CONJP (NX (N cardinge)))
							     (CONJP (CONJ and)
								    (NX (N myllinge)))))))))
				  (, ,)
				  (NP-SBJ (Q manye)
					  (PP (P of)
					      (NP (D the) (VAN saide) (VAN coloured) (NS Clothes)))
					  (RRC (RRC (VAN made)
						    (PP (P within)
							(NP (D the)
							    (VAN saide)
							    (N Countie)
							    (PP (P of)
								(NP (NPR Som~sett))))))
					       (, ,)
					       (CONJP (CONJ and)
						      (RRC (ADVP-LOC (ADV+WADV elswhere))
							   (PP (P of)
							       (NP (ADJ like) (N makinge)))))))
				  (, ,)
				  (DOP doe)
				  (NEG not)
				  (VB conteyne)
				  (NP-OB1 (ADJ full)
					  (NUM seaven)
					  (NS quarters)
					  (PP (P in)
					      (NP (N bredthe))))
				  (, ,)
				  (IP-PPL (VAG accordinge)
					  (PP (P to)
					      (NP (D the)
						  (VAN saide)
						  (N Statute)
						  (RRC (VAN made)
						       (PP (P in)
							   (NP (D the)
							       (ADJP (ADJ fifte) (CONJ and) (ADJ sixt))
							       (NS yeres)
							       (PP (P of)
								   (NP (NPR Kinge)
								       (NPR Edwarde)
								       (NP-PRN (D the) (ADJ Sixte)))))))))))
			  (, ,)
			  (CONJP (CONJ and)
				 (IP-SUB (ADVP-RSP (ADV yet))
					 (NP-SBJ (Q noe)
						 (N defaulte)
						 (RRC (VAG touchinge)
						      (NP-OB1 (D the) (VAN saide) (N bredthe))))
					 (MD can)
					 (ADVP (ADV justlie))
					 (BE be)
					 (VAN imputed)
					 (PP (P to)
					     (NP (D the)
						 (N maker)
						 (PP (ADV+P therof))))
					 (, ,)
					 (PP (P for)
					     (CP-ADV (C that)
						     (IP-SUB (NP-SBJ (D the) (VAN saide) (N+NS Clothmakers))
							     (, ,)
							     (CODE <paren>)
							     (PP-PRN (P as)
								     (CP-ADV (WNP-15 0)
									     (C 0)
									     (IP-SUB (NP-OB1 *T*-15)
										     (NP-SBJ (N Experience))
										     (ADVP-TMP (ADV daylie))
										     (VBP sheweth))))
							     (, ,)
							     (CODE <$$paren>)
							     (MD $can)
							     (NEG $not)
							     (CODE {TEXT:cannot})
							     (VB observe)
							     (NP-OB1 (D the) (VAN saide) (ADJ former) (N Statute))
							     (PP (P in)
								 (NP (Q all) (D the) (VAN saide) (NS Clothes)))
							     (, ,)
							     (PP (P as)
								 (IP-PPL (VAG touchinge)
									 (NP-OB1 (D the) (N bredthe))))
							     (, ,)
							     (PP (P althoughe)
								 (CP-ADV (C 0)
									 (IP-SUB (NP-SBJ (PRO they))
										 (VBP indevor)
										 (NP-OB1 (PRO+N themselves))
										 (NP-MSR (QP (ADV never) (ADVR so) (Q muche)))
										 (PP (ADV+P thereunto))))))))))))
	  (, ;)
	  (CP-CAR (WNP-16 (WD w=ch=) (NS Clothes))
		  (C 0)
		  (IP-SUB (NP-SBJ *T*-16)
			  (IP-PPL (NEG not)
				  (VAG conteyninge)
				  (NP-OB1 (PRO$ their)
					  (ADJ full)
					  (N Assize)
					  (PP (P in)
					      (NP (N bredthe)))))
			  (PP (P as)
			      (CP-ADV (WNP-17 0)
				      (C 0)
				      (IP-SUB (NP-SBJ *T*-17)
					      (BEP is)
					      (ADV+VAN aforesaid))))
			  (, ,)
			  (BEP are)
			  (NP-TMP (Q many) (NS tymes))
			  (VAN (VAN taken) (CONJ &) (VAN seised))
			  (PP (P by)
			      (NP (D the)
				  (NS serchers)
				  (PP (P of)
				      (NP (NPR London)))))
			  (PP (P when)
			      (CP-ADV (C 0)
				      (IP-SUB (NP-SBJ (PRO they))
					      (VBP come)
					      (PP (P to)
						  (NP (PRO$ their) (N Markett)))
					      (PP (P at)
						  (NP (NPR Blackwell) (NPR Hall)))
					      (, ,)
					      (PP (PP (P to)
						      (NP (D the)
							  (ADJ great)
							  (N losse)
							  (CONJP (CONJ and)
								 (NX (N damage)))
							  (PP (P of)
							      (NP (D the) (VAN saide) (N+NS Clothemakers)))))
						  (, ,)
						  (CONJP (CONJ and)
							 (PP (P to)
							     (NP (D the)
								 (ADJ great)
								 (N hindraunce)
								 (PP (P of)
								     (NP (N Clothe) (N makinge)))
								 (PP (P within)
								     (NP (D the) (VAN saide) (N Countye))))))))))))
	  (. :)
	  (CP-CAR (WPP-18 (P In)
			  (WNP (N Considerac~on) (WADV+P whereof)))
		  (C 0)
		  (, ,)
		  (IP-SUB (PP *T*-18)
			  (PP-LFD (P albeyt)
				  (CP-ADV (C 0)
					  (IP-SUB (NP-SBJ-19 (PRO it))
						  (BEP is)
						  (NEG not)
						  (PP (ADV+P hereby))
						  (VAN intended)
						  (IP-INF-19 (TO to)
							     (VB repeale)
							     (IP-INF-PRN (CONJ or)
									 (VB make)
									 (IP-SMC (NP-SBJ *)
										 (ADJP (ADJ voide))))
							     (NP-OB1 (D the)
								     (VAN saide)
								     (ADJP (ADV former) (VAN recited))
								     (N Statute))
							     (NP-ADV (OTHER+N otherwise)
								     (PP (P then)
									 (CP-CMP (WNP-20 0)
										 (C 0)
										 (IP-SUB (NP-SBJ *T*-20)
											 (BEP ys)
											 (PP (ADV+P hereafter))
											 (VAN exp~ssed)))))))))
			  (, ,)
			  (ADVP-RSP (ADV yet))
			  (ADVP (ADV nevertheles))
			  (BEP be)
			  (NP-SBJ-21 (PRO it))
			  (VAN enacted)
			  (PP (PP (P by)
				  (NP (NP-POS (D the) (N$ Quenes))
				      (ADJP (QS most) (ADJ Excellent))
				      (N Majestie)))
			      (CONJP *ICH*-22))
			  (PP (P withe)
			      (NP (D+N Thassent)
				  (PP (P of)
				      (NP (NP (D the)
					      (NS Lordes)
					      (ADJP (ADJ Sp~uall) (CONJ and) (ADJ Temporall)))
					  (CONJP (CONJ and)
						 (NP (D the) (NS Co~mons)))
					  (RRC (PP (P of)
						   (NP (D this) (ADJ p~sent) (NPR Parliament)))
					       (VAN assembled))))))
			  (, ,)
			  (CONJP-22 (CONJ and)
				    (PP (P by)
					(NP (D the)
					    (N Authoritie)
					    (PP (P of)
						(NP (D the) (ADJ same))))))
			  (, ,)
			  (CP-THT-21 (C That)
				     (IP-SUB (NP-SBJ (Q noe)
						     (N p~son)
						     (CONJP (CONJ or)
							    (NX (NS p~sons))))
					     (MD $shall)
					     (BE $be)
					     (CODE {TEXT:shalbe})
					     (PP (ADV+P hereafter))
					     (VAN chardged)
					     (PP (P for)
						 (NP (Q any)
						     (SUCH suche)
						     (N defaulte)
						     (CP-REL (WNP-23 (WPRO w=ch=))
							     (C 0)
							     (IP-SUB (NP-SBJ *T*-23)
								     (PP (ADV+P hereafter))
								     (MD $shall)
								     (BE $be)
								     (CODE {TEXT:shalbe})
								     (PP (P in)
									 (NP (Q any)
									     (PP (P of)
										 (NP (D the)
										     (VAN saide)
										     (CODE <P_4,858>)
										     (ADJ broade)
										     (NS Plunkett~)
										     (CONJP (NX (NS Azures)))
										     (CONJP (NX (NS Blewes)))
										     (CONJP (CONJ or)
											    (NX (OTHER other) (VAN coloured) (NS Clothes))))))))))
						 (, ,)
						 (PP (P for)
						     (NP (N want)
							 (PP (P of)
							     (NP (N bredthe)
								 (PP (P of)
								     (NP (NUM seaven) (NS quarters)))))))
						 (, ,)
						 (PP (P so)
						     (CP-ADV (C that)
							     (IP-SUB (NP-SBJ (D the) (ADJ same) (N Clothe))
								     (DOP doe)
								     (VB conteyne)
								     (PP (P in)
									 (NP (N bredthe)))
								     (, ,)
								     (IP-PPL (BAG beinge)
									     (ADJP (ADV throughlie) (ADJ wett)))
								     (, ,)
								     (NP-OB1 (NP (NUM sixe) (NS quarters))
									     (CONJP (CONJ and)
										    (NP (D an) (N halfe)))
									     (PP (P at)
										 (QP (D the) (QS least))))
								     (PP (P within)
									 (NP (D the) (N$ List~)))
								     (ADJP-SPR (ADJP (ADJ unwrought))
									       (CONJP (CONJ and)
										      (ADJP (VAN lysted)
											    (IP-PPL (VAG accordinge)
												    (PP (P to)
													(NP (D the) (ADJ auncient) (N Custome)))))))))))))))
	  (, ;)
	  (IP-ABS (NP-SBJ (Q Any)
			  (N Thinge)
			  (PP (P in)
			      (NP (D the)
				  (VAN saide)
				  (ADJP (ADV former) (VAN recited))
				  (N Statute)))
			  (RRC (VAN mencioned)
			       (PP (P to)
				   (NP (D the) (ADJ cont=a=rie)))
			       (PP (P in)
				   (NP (Q anye) (N wise)))))
		  (ADVP (ADV notwithstandinge)))
	  (. .))
  (ID STAT-1590-E2-H,4,858.34))
/*
FOOTER
  source file, hits/tokens/total
  C:\Users\Shoo\Dropbox\workspace\CorpusSearch_Auto\data\corporas\PPCEME\temp1492105854173\rules_charters_wills_laws_ecclesiastical_laws_and_proceedingstrials\stat-1590-e2-h.psd	1/1/56
*/
/*
HEADER:
source file:  C:\Users\Shoo\Dropbox\workspace\CorpusSearch_Auto\data\corporas\PPCEME\temp1492105854173\rules_charters_wills_laws_ecclesiastical_laws_and_proceedingstrials\stat-1600-e2-h.psd
*/
/*
FOOTER
  source file, hits/tokens/total
  C:\Users\Shoo\Dropbox\workspace\CorpusSearch_Auto\data\corporas\PPCEME\temp1492105854173\rules_charters_wills_laws_ecclesiastical_laws_and_proceedingstrials\stat-1600-e2-h.psd	0/0/72
*/
/*
HEADER:
source file:  C:\Users\Shoo\Dropbox\workspace\CorpusSearch_Auto\data\corporas\PPCEME\temp1492105854173\rules_charters_wills_laws_ecclesiastical_laws_and_proceedingstrials\stat-1600-e2-p2.psd
*/
/*
FOOTER
  source file, hits/tokens/total
  C:\Users\Shoo\Dropbox\workspace\CorpusSearch_Auto\data\corporas\PPCEME\temp1492105854173\rules_charters_wills_laws_ecclesiastical_laws_and_proceedingstrials\stat-1600-e2-p2.psd	0/0/23
*/
/*
HEADER:
source file:  C:\Users\Shoo\Dropbox\workspace\CorpusSearch_Auto\data\corporas\PPCEME\temp1492105854173\rules_charters_wills_laws_ecclesiastical_laws_and_proceedingstrials\stat-1620-e2-p2.psd
*/
/*
FOOTER
  source file, hits/tokens/total
  C:\Users\Shoo\Dropbox\workspace\CorpusSearch_Auto\data\corporas\PPCEME\temp1492105854173\rules_charters_wills_laws_ecclesiastical_laws_and_proceedingstrials\stat-1620-e2-p2.psd	0/0/53
*/
/*
HEADER:
source file:  C:\Users\Shoo\Dropbox\workspace\CorpusSearch_Auto\data\corporas\PPCEME\temp1492105854173\rules_charters_wills_laws_ecclesiastical_laws_and_proceedingstrials\stat-1640-e2-p2.psd
*/
/*
FOOTER
  source file, hits/tokens/total
  C:\Users\Shoo\Dropbox\workspace\CorpusSearch_Auto\data\corporas\PPCEME\temp1492105854173\rules_charters_wills_laws_ecclesiastical_laws_and_proceedingstrials\stat-1640-e2-p2.psd	0/0/71
*/
/*
HEADER:
source file:  C:\Users\Shoo\Dropbox\workspace\CorpusSearch_Auto\data\corporas\PPCEME\temp1492105854173\rules_charters_wills_laws_ecclesiastical_laws_and_proceedingstrials\stat-1660-e3-p2.psd
*/
/*
FOOTER
  source file, hits/tokens/total
  C:\Users\Shoo\Dropbox\workspace\CorpusSearch_Auto\data\corporas\PPCEME\temp1492105854173\rules_charters_wills_laws_ecclesiastical_laws_and_proceedingstrials\stat-1660-e3-p2.psd	0/0/108
*/
/*
HEADER:
source file:  C:\Users\Shoo\Dropbox\workspace\CorpusSearch_Auto\data\corporas\PPCEME\temp1492105854173\rules_charters_wills_laws_ecclesiastical_laws_and_proceedingstrials\stat-1670-e3-p2.psd
*/
/*
FOOTER
  source file, hits/tokens/total
  C:\Users\Shoo\Dropbox\workspace\CorpusSearch_Auto\data\corporas\PPCEME\temp1492105854173\rules_charters_wills_laws_ecclesiastical_laws_and_proceedingstrials\stat-1670-e3-p2.psd	0/0/39
*/
/*
HEADER:
source file:  C:\Users\Shoo\Dropbox\workspace\CorpusSearch_Auto\data\corporas\PPCEME\temp1492105854173\rules_charters_wills_laws_ecclesiastical_laws_and_proceedingstrials\stat-1690-e3-h.psd
*/
/*
FOOTER
  source file, hits/tokens/total
  C:\Users\Shoo\Dropbox\workspace\CorpusSearch_Auto\data\corporas\PPCEME\temp1492105854173\rules_charters_wills_laws_ecclesiastical_laws_and_proceedingstrials\stat-1690-e3-h.psd	0/0/149
*/
/*
HEADER:
source file:  C:\Users\Shoo\Dropbox\workspace\CorpusSearch_Auto\data\corporas\PPCEME\temp1492105854173\rules_charters_wills_laws_ecclesiastical_laws_and_proceedingstrials\stat-1690-e3-p1.psd
*/
/*
FOOTER
  source file, hits/tokens/total
  C:\Users\Shoo\Dropbox\workspace\CorpusSearch_Auto\data\corporas\PPCEME\temp1492105854173\rules_charters_wills_laws_ecclesiastical_laws_and_proceedingstrials\stat-1690-e3-p1.psd	0/0/143
*/
/*
HEADER:
source file:  C:\Users\Shoo\Dropbox\workspace\CorpusSearch_Auto\data\corporas\PPCEME\temp1492105854173\rules_charters_wills_laws_ecclesiastical_laws_and_proceedingstrials\thoward2-e2-p1.psd
*/
/*
FOOTER
  source file, hits/tokens/total
  C:\Users\Shoo\Dropbox\workspace\CorpusSearch_Auto\data\corporas\PPCEME\temp1492105854173\rules_charters_wills_laws_ecclesiastical_laws_and_proceedingstrials\thoward2-e2-p1.psd	0/0/749
*/
/*
HEADER:
source file:  C:\Users\Shoo\Dropbox\workspace\CorpusSearch_Auto\data\corporas\PPCEME\temp1492105854173\rules_charters_wills_laws_ecclesiastical_laws_and_proceedingstrials\thoward2-e2-p2.psd
*/
/*
FOOTER
  source file, hits/tokens/total
  C:\Users\Shoo\Dropbox\workspace\CorpusSearch_Auto\data\corporas\PPCEME\temp1492105854173\rules_charters_wills_laws_ecclesiastical_laws_and_proceedingstrials\thoward2-e2-p2.psd	0/0/1078
*/
/*
HEADER:
source file:  C:\Users\Shoo\Dropbox\workspace\CorpusSearch_Auto\data\corporas\PPCEME\temp1492105854173\rules_charters_wills_laws_ecclesiastical_laws_and_proceedingstrials\throckm-e1-h.psd
*/

/~*
and thither I might haue gone and conueyed my selfe with him, vnsuspected for
my departing homewards.
(THROCKM-E1-H,I,76.C1.684)
*~/
/*
44 VAG:  44 VAG, 45 departing, 34 ADJP-SPR
*/

( (IP-MAT-SPE-1 (CONJ and)
		(ADVP-DIR (ADV thither))
		(NP-SBJ (PRO I))
		(MD might)
		(HV haue)
		(VBN gone)
		(IP-MAT-PRN-SPE=1 (CONJ and)
				  (VBN conueyed)
				  (NP-OB1 (PRO$ my) (N selfe))
				  (PP (P with)
				      (NP (PRO him))))
		(, ,)
		(ADJP-SPR (ADJ vnsuspected)
			  (PP (P for)
			      (NP (PRO$ my)
				  (IP-PPL-SPE (VAG departing)
					      (NP-DIR (N+WARD homewards))))))
		(. .))
  (ID THROCKM-E1-H,I,76.C1.684))
/*
FOOTER
  source file, hits/tokens/total
  C:\Users\Shoo\Dropbox\workspace\CorpusSearch_Auto\data\corporas\PPCEME\temp1492105854173\rules_charters_wills_laws_ecclesiastical_laws_and_proceedingstrials\throckm-e1-h.psd	1/1/802
*/
/*
SUMMARY:  
source files, hits/tokens/total
  C:\Users\Shoo\Dropbox\workspace\CorpusSearch_Auto\data\corporas\PPCEME\temp1492105854173\rules_charters_wills_laws_ecclesiastical_laws_and_proceedingstrials\essex-e2-h.psd	0/0/313
  C:\Users\Shoo\Dropbox\workspace\CorpusSearch_Auto\data\corporas\PPCEME\temp1492105854173\rules_charters_wills_laws_ecclesiastical_laws_and_proceedingstrials\essex-e2-p1.psd	0/0/179
  C:\Users\Shoo\Dropbox\workspace\CorpusSearch_Auto\data\corporas\PPCEME\temp1492105854173\rules_charters_wills_laws_ecclesiastical_laws_and_proceedingstrials\essexstate-e2-p1.psd	0/0/162
  C:\Users\Shoo\Dropbox\workspace\CorpusSearch_Auto\data\corporas\PPCEME\temp1492105854173\rules_charters_wills_laws_ecclesiastical_laws_and_proceedingstrials\essexstate-e2-p2.psd	0/0/327
  C:\Users\Shoo\Dropbox\workspace\CorpusSearch_Auto\data\corporas\PPCEME\temp1492105854173\rules_charters_wills_laws_ecclesiastical_laws_and_proceedingstrials\judall-e2-p2.psd	0/0/476
  C:\Users\Shoo\Dropbox\workspace\CorpusSearch_Auto\data\corporas\PPCEME\temp1492105854173\rules_charters_wills_laws_ecclesiastical_laws_and_proceedingstrials\lisle-e3-h.psd	0/0/536
  C:\Users\Shoo\Dropbox\workspace\CorpusSearch_Auto\data\corporas\PPCEME\temp1492105854173\rules_charters_wills_laws_ecclesiastical_laws_and_proceedingstrials\lisle-e3-p1.psd	0/0/581
  C:\Users\Shoo\Dropbox\workspace\CorpusSearch_Auto\data\corporas\PPCEME\temp1492105854173\rules_charters_wills_laws_ecclesiastical_laws_and_proceedingstrials\lisle-e3-p2.psd	0/0/487
  C:\Users\Shoo\Dropbox\workspace\CorpusSearch_Auto\data\corporas\PPCEME\temp1492105854173\rules_charters_wills_laws_ecclesiastical_laws_and_proceedingstrials\oates-e3-h.psd	0/0/711
  C:\Users\Shoo\Dropbox\workspace\CorpusSearch_Auto\data\corporas\PPCEME\temp1492105854173\rules_charters_wills_laws_ecclesiastical_laws_and_proceedingstrials\oates-e3-p1.psd	0/0/706
  C:\Users\Shoo\Dropbox\workspace\CorpusSearch_Auto\data\corporas\PPCEME\temp1492105854173\rules_charters_wills_laws_ecclesiastical_laws_and_proceedingstrials\oates-e3-p2.psd	0/0/678
  C:\Users\Shoo\Dropbox\workspace\CorpusSearch_Auto\data\corporas\PPCEME\temp1492105854173\rules_charters_wills_laws_ecclesiastical_laws_and_proceedingstrials\raleigh-e2-h.psd	0/0/664
  C:\Users\Shoo\Dropbox\workspace\CorpusSearch_Auto\data\corporas\PPCEME\temp1492105854173\rules_charters_wills_laws_ecclesiastical_laws_and_proceedingstrials\raleigh-e2-p1.psd	0/0/517
  C:\Users\Shoo\Dropbox\workspace\CorpusSearch_Auto\data\corporas\PPCEME\temp1492105854173\rules_charters_wills_laws_ecclesiastical_laws_and_proceedingstrials\stat-1500-e1-h.psd	0/0/144
  C:\Users\Shoo\Dropbox\workspace\CorpusSearch_Auto\data\corporas\PPCEME\temp1492105854173\rules_charters_wills_laws_ecclesiastical_laws_and_proceedingstrials\stat-1510-e1-p2.psd	0/0/53
  C:\Users\Shoo\Dropbox\workspace\CorpusSearch_Auto\data\corporas\PPCEME\temp1492105854173\rules_charters_wills_laws_ecclesiastical_laws_and_proceedingstrials\stat-1530-e1-p1.psd	0/0/113
  C:\Users\Shoo\Dropbox\workspace\CorpusSearch_Auto\data\corporas\PPCEME\temp1492105854173\rules_charters_wills_laws_ecclesiastical_laws_and_proceedingstrials\stat-1540-e1-h.psd	0/0/54
  C:\Users\Shoo\Dropbox\workspace\CorpusSearch_Auto\data\corporas\PPCEME\temp1492105854173\rules_charters_wills_laws_ecclesiastical_laws_and_proceedingstrials\stat-1540-e1-p1.psd	0/0/35
  C:\Users\Shoo\Dropbox\workspace\CorpusSearch_Auto\data\corporas\PPCEME\temp1492105854173\rules_charters_wills_laws_ecclesiastical_laws_and_proceedingstrials\stat-1550-e1-p2.psd	0/0/71
  C:\Users\Shoo\Dropbox\workspace\CorpusSearch_Auto\data\corporas\PPCEME\temp1492105854173\rules_charters_wills_laws_ecclesiastical_laws_and_proceedingstrials\stat-1560-e1-p2.psd	0/0/37
  C:\Users\Shoo\Dropbox\workspace\CorpusSearch_Auto\data\corporas\PPCEME\temp1492105854173\rules_charters_wills_laws_ecclesiastical_laws_and_proceedingstrials\stat-1570-e2-p1.psd	0/0/33
  C:\Users\Shoo\Dropbox\workspace\CorpusSearch_Auto\data\corporas\PPCEME\temp1492105854173\rules_charters_wills_laws_ecclesiastical_laws_and_proceedingstrials\stat-1570-e2-p2.psd	0/0/19
  C:\Users\Shoo\Dropbox\workspace\CorpusSearch_Auto\data\corporas\PPCEME\temp1492105854173\rules_charters_wills_laws_ecclesiastical_laws_and_proceedingstrials\stat-1580-e2-h.psd	0/0/16
  C:\Users\Shoo\Dropbox\workspace\CorpusSearch_Auto\data\corporas\PPCEME\temp1492105854173\rules_charters_wills_laws_ecclesiastical_laws_and_proceedingstrials\stat-1580-e2-p2.psd	0/0/86
  C:\Users\Shoo\Dropbox\workspace\CorpusSearch_Auto\data\corporas\PPCEME\temp1492105854173\rules_charters_wills_laws_ecclesiastical_laws_and_proceedingstrials\stat-1590-e2-h.psd	1/1/56
  C:\Users\Shoo\Dropbox\workspace\CorpusSearch_Auto\data\corporas\PPCEME\temp1492105854173\rules_charters_wills_laws_ecclesiastical_laws_and_proceedingstrials\stat-1600-e2-h.psd	0/0/72
  C:\Users\Shoo\Dropbox\workspace\CorpusSearch_Auto\data\corporas\PPCEME\temp1492105854173\rules_charters_wills_laws_ecclesiastical_laws_and_proceedingstrials\stat-1600-e2-p2.psd	0/0/23
  C:\Users\Shoo\Dropbox\workspace\CorpusSearch_Auto\data\corporas\PPCEME\temp1492105854173\rules_charters_wills_laws_ecclesiastical_laws_and_proceedingstrials\stat-1620-e2-p2.psd	0/0/53
  C:\Users\Shoo\Dropbox\workspace\CorpusSearch_Auto\data\corporas\PPCEME\temp1492105854173\rules_charters_wills_laws_ecclesiastical_laws_and_proceedingstrials\stat-1640-e2-p2.psd	0/0/71
  C:\Users\Shoo\Dropbox\workspace\CorpusSearch_Auto\data\corporas\PPCEME\temp1492105854173\rules_charters_wills_laws_ecclesiastical_laws_and_proceedingstrials\stat-1660-e3-p2.psd	0/0/108
  C:\Users\Shoo\Dropbox\workspace\CorpusSearch_Auto\data\corporas\PPCEME\temp1492105854173\rules_charters_wills_laws_ecclesiastical_laws_and_proceedingstrials\stat-1670-e3-p2.psd	0/0/39
  C:\Users\Shoo\Dropbox\workspace\CorpusSearch_Auto\data\corporas\PPCEME\temp1492105854173\rules_charters_wills_laws_ecclesiastical_laws_and_proceedingstrials\stat-1690-e3-h.psd	0/0/149
  C:\Users\Shoo\Dropbox\workspace\CorpusSearch_Auto\data\corporas\PPCEME\temp1492105854173\rules_charters_wills_laws_ecclesiastical_laws_and_proceedingstrials\stat-1690-e3-p1.psd	0/0/143
  C:\Users\Shoo\Dropbox\workspace\CorpusSearch_Auto\data\corporas\PPCEME\temp1492105854173\rules_charters_wills_laws_ecclesiastical_laws_and_proceedingstrials\thoward2-e2-p1.psd	0/0/749
  C:\Users\Shoo\Dropbox\workspace\CorpusSearch_Auto\data\corporas\PPCEME\temp1492105854173\rules_charters_wills_laws_ecclesiastical_laws_and_proceedingstrials\thoward2-e2-p2.psd	0/0/1078
  C:\Users\Shoo\Dropbox\workspace\CorpusSearch_Auto\data\corporas\PPCEME\temp1492105854173\rules_charters_wills_laws_ecclesiastical_laws_and_proceedingstrials\throckm-e1-h.psd	1/1/802
whole search, hits/tokens/total
		2/2/10341
*/
