/*
PREFACE:  
Copyright 2010 Beth Randall
Date:  Thu Apr 13 18:49:18 BST 2017

command file:     data\searches\queries\YCOE\progressive_forms_in_noun_phrases_predicate.q
output file:      C:\Users\Shoo\Dropbox\workspace\CorpusSearch_Auto\data\output\13-04-2017 18.46.36.333 YCOE\progressive_forms_in_noun_phrases_predicate\bible_and_apocrypha\result.out

node:   NP-*PRD*|AXG*|BAG*|HAG*|VAG*
query:  (AXG*|BAG*|HAG*|VAG* Dominates  !AXG*|BAG*|HAG*|VAG*) 
  AND  (NP-*PRD* Dominates  AXG*|BAG*|HAG*|VAG*) 
*/
/*
HEADER:
source file:  C:\Users\Shoo\Dropbox\workspace\CorpusSearch_Auto\data\corporas\YCOE\temp1492105600559\bible_and_apocrypha\coexodusP.psd
*/
/*
FOOTER
  source file, hits/tokens/total
  C:\Users\Shoo\Dropbox\workspace\CorpusSearch_Auto\data\corporas\YCOE\temp1492105600559\bible_and_apocrypha\coexodusP.psd	0/0/135
*/
/*
HEADER:
source file:  C:\Users\Shoo\Dropbox\workspace\CorpusSearch_Auto\data\corporas\YCOE\temp1492105600559\bible_and_apocrypha\cogenesiC.psd
*/
/*
FOOTER
  source file, hits/tokens/total
  C:\Users\Shoo\Dropbox\workspace\CorpusSearch_Auto\data\corporas\YCOE\temp1492105600559\bible_and_apocrypha\cogenesiC.psd	0/0/537
*/
/*
HEADER:
source file:  C:\Users\Shoo\Dropbox\workspace\CorpusSearch_Auto\data\corporas\YCOE\temp1492105600559\bible_and_apocrypha\conicodA.psd
*/

/~*
Hw+at ne eart +tu se +de lage dead on byrgene and eart lyfigende hyder to us
cumen and, on +tynum dea+de, ealle eor+dan gesceafta and ealle tungla syndon
astyrode?
(conicodA,Nic_[A]:22.1.10.515)
*~/
/*
47 VAG^N:  47 VAG^N, 48 lyfigende, 15 NP-NOM-PRD
*/
( (CODE <T06470023800,22.1.10>)
  (CP-QUE-SPE (IP-SUB-SPE (INTJP (WPRO Hw+at))
			  (NEG ne)
			  (BEPI eart)
			  (NP-NOM (PRO^N +tu))
			  (NP-NOM-PRD (D^N se)
				      (CP-REL-SPE (WNP-NOM-1 0)
						  (C +de)
						  (IP-SUB-SPE (IP-SUB-SPE (NP-NOM *T*-1)
									  (VBD lage)
									  (ADJP-NOM (ADJ^N dead))
									  (PP (P on)
									      (NP (N byrgene))))
							      (CONJP (CONJ and)
								     (IP-SUB-CON-SPE (NP-NOM *T*-1)
										     (BEPI eart)
										     (PTP-NOM (VAG^N lyfigende))
										     (ADVP-DIR (ADV^D hyder))
										     (PP (P to)
											 (NP (PRO us)))
										     (VBN cumen)))
							      (CONJP (CONJ and)
								     (, ,)
								     (IP-SUB-CON-SPE (PP (P on)
											 (NP-DAT-RSP-1 (PRO$^D +tynum) (N^D dea+de)))
										     (, ,)
										     (NP-NOM (NP-NOM (Q^N ealle)
												     (NP-GEN (N^G eor+dan))
												     (N^N gesceafta))
											     (CONJP (CONJ and)
												    (NP-NOM (Q^N ealle) (N^N tungla))))
										     (BEPI syndon)
										     (VBN^N astyrode)))))))
	      (. ?))
  (ID conicodA,Nic_[A]:22.1.10.515))
/*
FOOTER
  source file, hits/tokens/total
  C:\Users\Shoo\Dropbox\workspace\CorpusSearch_Auto\data\corporas\YCOE\temp1492105600559\bible_and_apocrypha\conicodA.psd	1/1/635
*/
/*
HEADER:
source file:  C:\Users\Shoo\Dropbox\workspace\CorpusSearch_Auto\data\corporas\YCOE\temp1492105600559\bible_and_apocrypha\conicodC.psd
*/
/*
FOOTER
  source file, hits/tokens/total
  C:\Users\Shoo\Dropbox\workspace\CorpusSearch_Auto\data\corporas\YCOE\temp1492105600559\bible_and_apocrypha\conicodC.psd	0/0/383
*/
/*
HEADER:
source file:  C:\Users\Shoo\Dropbox\workspace\CorpusSearch_Auto\data\corporas\YCOE\temp1492105600559\bible_and_apocrypha\conicodD.psd
*/
/*
FOOTER
  source file, hits/tokens/total
  C:\Users\Shoo\Dropbox\workspace\CorpusSearch_Auto\data\corporas\YCOE\temp1492105600559\bible_and_apocrypha\conicodD.psd	0/0/154
*/
/*
HEADER:
source file:  C:\Users\Shoo\Dropbox\workspace\CorpusSearch_Auto\data\corporas\YCOE\temp1492105600559\bible_and_apocrypha\conicodE.psd
*/
/*
FOOTER
  source file, hits/tokens/total
  C:\Users\Shoo\Dropbox\workspace\CorpusSearch_Auto\data\corporas\YCOE\temp1492105600559\bible_and_apocrypha\conicodE.psd	0/0/120
*/
/*
HEADER:
source file:  C:\Users\Shoo\Dropbox\workspace\CorpusSearch_Auto\data\corporas\YCOE\temp1492105600559\bible_and_apocrypha\cootest.o3.psd
*/

/~*
+Da gesceop Adam naman his wife, Eua, +d+at is lif, for +dan +de heo is ealra
libbendra modor.
(cootest,Gen:3.20.162)
*~/
/*
58 VAG^G:  58 VAG^G, 59 libbendra, 54 NP-NOM-PRD
*/

( (CODE <T06210007700,3.20>)
  (IP-MAT (ADVP-TMP (ADV^T +Da))
	  (VBDI gesceop)
	  (NP-NOM (NR^N Adam))
	  (NP (N naman)
	      (NP-PRN *ICH*-1))
	  (NP-DAT-ADT (PRO$ his) (N^D wife))
	  (, ,)
	  (NP-PRN-1 (NR Eua)
		    (, ,)
		    (IP-MAT-PRN (NP-NOM (D^N +d+at))
				(BEPI is)
				(XP (NP (N lif)))))
	  (, ,)
	  (CP-ADV (P for)
		  (D^I +dan)
		  (C +de)
		  (IP-SUB (NP-NOM (PRO^N heo))
			  (BEPI is)
			  (NP-NOM-PRD (NP-GEN (Q^G ealra) (VAG^G libbendra))
				      (N^N modor))))
	  (. .))
  (ID cootest,Gen:3.20.162))

/~*
+Dis bi+d +d+at tacn mines weddes +d+at ic do betwux me & eow & eallum
libbendum nytenum on ecum m+ag+dum.
(cootest,Gen:9.12.387)
*~/
/*
52 VAG^D:  52 VAG^D, 53 libbendum, 9 NP-NOM-PRD
*/

( (CODE <T06210020800,9.12>)
  (IP-MAT-SPE (NP-NOM (D^N +Dis))
	      (BEPI bi+d)
	      (NP-NOM-PRD (D^N +d+at)
			  (N^N tacn)
			  (NP-GEN (PRO$^G mines)
				  (N^G weddes)
				  (CP-REL-SPE (WNP-ACC-1 (D^A +d+at))
					      (C 0)
					      (IP-SUB-SPE (NP-ACC *T*-1)
							  (NP-NOM (PRO^N ic))
							  (VBP do)
							  (PP (P betwux)
							      (NP-DAT (NP-DAT-RFL (PRO^D me))
								      (CONJP (CONJ &)
									     (NP-DAT (PRO^D eow)))
								      (CONJP (CONJ &)
									     (NP-DAT (Q^D eallum) (VAG^D libbendum) (N^D nytenum)))))
							  (PP (P on)
							      (NP-DAT (ADJ^D ecum) (N^D m+ag+dum)))))))
	      (. .))
  (ID cootest,Gen:9.12.387))

/~*
On +d+are tide +de se esne hi hamweard l+adde to hys hlaforde. Eode Isaac on
+tam wege +te scyt to +tam pytte +de ys genemned Puteus Viuentis, et Videntis,
+t+at ys Lybbendes Pytt & Geseondes;
(cootest,Gen:24.61.996)
*~/
/*
110 VAG^G:  110 VAG^G, 111 Lybbendes, 88 NP-PRD
119 VAG^G:  119 VAG^G, 120 Geseondes, 88 NP-PRD
*/

( (CODE <T06210052000,24.61>)
  (IP-MAT (PP (P On)
	      (NP-DAT (D^D +d+are)
		      (N^D tide)
		      (CP-REL (WADVP-TMP-1 0)
			      (C +de)
			      (IP-SUB (ADVP-TMP *T*-1)
				      (NP-NOM (D^N se) (N^N esne))
				      (NP-ACC (PRO^A hi))
				      (ADVP-DIR (ADV^D hamweard))
				      (VBD l+adde)
				      (PP (P to)
					  (NP-DAT (PRO$ hys) (N^D hlaforde)))))))
	  (, .)
	  (CODE <T06210052100,24.62>)
	  (VBD Eode)
	  (NP-NOM (NR^N Isaac))
	  (PP (P on)
	      (NP-DAT (D^D +tam)
		      (N^D wege)
		      (CP-REL (WNP-NOM-2 0)
			      (C +te)
			      (IP-SUB (NP-NOM *T*-2)
				      (VBPI scyt)
				      (PP (P to)
					  (NP-DAT (D^D +tam)
						  (N^D pytte)
						  (CP-REL (WNP-NOM-3 0)
							  (C +de)
							  (IP-SUB (NP-NOM *T*-3)
								  (BEPI ys)
								  (VBN genemned)
								  (NP-PRD (FW Puteus)
									  (FW Viuentis)
									  (, ,)
									  (FW et)
									  (FW Videntis)
									  (, ,)
									  (IP-MAT-PRN (NP-NOM (D^N +t+at))
										      (BEPI ys)
										      (XP (NP (NP-GEN (VAG^G Lybbendes)
												      (CONJP *ICH*-5))
											      (N Pytt)
											      (CONJP-5 (CONJ &) (VAG^G Geseondes))))))))))))))
	  (. ;))
  (ID cootest,Gen:24.61.996))

/~*
+Dis is seo +a +de Moyses foresette beforan Israhela folce, & laga & domas,
+dus cwe+dende.
(cootest,Deut:4.44.4565)
*~/
/*
53 VAG^N:  53 VAG^N, 54 cwe+dende, 9 NP-NOM-PRD
*/

( (CODE <T06250005700,4.44>)
  (IP-MAT-SPE (NP-NOM (D^N +Dis))
	      (BEPI is)
	      (NP-NOM-PRD (D^N seo)
			  (N^N +a)
			  (CP-REL-SPE (WNP-1 0)
				      (C +de)
				      (IP-SUB-SPE (NP *T*-1)
						  (NP-NOM (NR^N Moyses))
						  (RP+VBD foresette)
						  (PP (P beforan)
						      (NP-DAT (NP-GEN (NR^G Israhela))
							      (N^D folce)))
						  (, ,)
						  (NP-ACC-PRN (CONJ &) (N^A laga) (CONJ &) (N^A domas))
						  (, ,)
						  (PTP-NOM (ADVP (ADV +dus))
							   (VAG^N cwe+dende)))))
	      (. .))
  (ID cootest,Deut:4.44.4565))

/~*
Drihten cw+a+d +da to him: +dis is +d+at land +de ic behet Abrahame & Isaace &
Iacobe, +dus cwe+dende:
(cootest,Deut:34.4.5146)
*~/
/*
61 VAG^N:  61 VAG^N, 62 cwe+dende, 26 NP-NOM-PRD
*/

( (CODE <T06250034000,34.4>)
  (IP-MAT (NP-NOM (NR^N Drihten))
	  (VBDI cw+a+d)
	  (ADVP-TMP (ADV^T +da))
	  (PP (P to)
	      (NP-DAT (PRO^D him)))
	  (, :)
	  (IP-MAT-SPE (NP-NOM (D^N +dis))
		      (BEPI is)
		      (NP-NOM-PRD (D^N +d+at)
				  (N^N land)
				  (CP-REL-SPE (WNP-1 0)
					      (C +de)
					      (IP-SUB-SPE (NP *T*-1)
							  (NP-NOM (PRO^N ic))
							  (VBDI behet)
							  (NP-DAT (NR^D Abrahame) (CONJ &) (NR^D Isaace) (CONJ &) (NR^D Iacobe))
							  (, ,)
							  (PTP-NOM (ADVP (ADV +dus))
								   (VAG^N cwe+dende))))))
	  (. :))
  (ID cootest,Deut:34.4.5146))

/~*
Hw+at sind Godes fynd buton +ta fulan h+a+denan & +ta leasan Cristenan, +te
hlyda+d ongean God & mid unrihtwisnisse +ta earman ofsitta+d & Godes lima
drecca+d, Gode to forsewennysse, ahebbende heora heafda on healicre modignesse?
(cootest,Judg:5.8.5665)
*~/
/*
108 VAG^N:  108 VAG^N, 109 ahebbende, 24 NP-NOM-PRD
*/

( (CODE <T06290003600,5.8>)
  (CP-QUE (WNP-NOM-1 (WPRO^N Hw+at))
	  (IP-SUB-0 (NP-NOM-PRD *T*-1)
		    (BEPI sind)
		    (NP-NOM (NP-GEN (NR^G Godes))
			    (N^N fynd))
		    (CP-ADV (P buton)
			    (C 0)
			    (IPX-SUB=0 (NP-NOM-PRD (NP-NOM (D^N +ta) (ADJ^N fulan) (N^N h+a+denan))
						   (CONJP (CONJ &)
							  (NP-NOM (D^N +ta) (ADJ^N leasan) (N^N Cristenan)))
						   (, ,)
						   (CP-REL (WNP-NOM-3 0)
							   (C +te)
							   (IP-SUB (IP-SUB (NP-NOM *T*-3)
									   (VBPI hlyda+d)
									   (PP (P ongean)
									       (NP-ACC (NR^A God))))
								   (CONJP (CONJ &)
									  (IP-SUB-CON (NP-NOM *T*-3)
										      (PP (P mid)
											  (NP (N unrihtwisnisse)))
										      (NP-ACC (D^A +ta) (ADJ^A earman))
										      (RP+VBPI ofsitta+d)))
								   (CONJP (CONJ &)
									  (IP-SUB-CON (NP-NOM *T*-3)
										      (NP-ACC (NP-GEN (NR^G Godes))
											      (N^A lima))
										      (VBPI drecca+d)
										      (, ,)
										      (NP-DAT-ADT (NR^D Gode))
										      (PP (P to)
											  (NP (N forsewennysse)))
										      (, ,)
										      (PTP-NOM (VAG^N ahebbende)
											       (NP-ACC (PRO$ heora) (N^A heafda))
											       (PP (P on)
												   (NP-DAT (ADJ^D healicre) (N^D modignesse))))))))))))
	  (. ?))
  (ID cootest,Judg:5.8.5665))
/*
FOOTER
  source file, hits/tokens/total
  C:\Users\Shoo\Dropbox\workspace\CorpusSearch_Auto\data\corporas\YCOE\temp1492105600559\bible_and_apocrypha\cootest.o3.psd	7/6/5812
*/
/*
HEADER:
source file:  C:\Users\Shoo\Dropbox\workspace\CorpusSearch_Auto\data\corporas\YCOE\temp1492105600559\bible_and_apocrypha\covinsal.psd
*/

/~*
and ic +afre gelyfde +t+at he ys se lyfigenda God a on ecnysse.
(covinsal,VSal_1_[Cross]:22.1.183)
*~/
/*
24 VAG^N:  24 VAG^N, 25 lyfigenda, 21 NP-NOM-PRD
*/

( (IP-MAT-SPE (CONJ and)
	      (NP-NOM (PRO^N ic))
	      (ADVP-TMP (ADV^T +afre))
	      (VBD gelyfde)
	      (CP-THT-SPE (C +t+at)
			  (IP-SUB-SPE (NP-NOM (PRO^N he))
				      (BEPI ys)
				      (NP-NOM-PRD (D^N se) (VAG^N lyfigenda) (NR^N God))
				      (ADVP-TMP (ADV^T a))
				      (PP (P on)
					  (NP (N ecnysse)))))
	      (. .))
  (ID covinsal,VSal_1_[Cross]:22.1.183))
/*
FOOTER
  source file, hits/tokens/total
  C:\Users\Shoo\Dropbox\workspace\CorpusSearch_Auto\data\corporas\YCOE\temp1492105600559\bible_and_apocrypha\covinsal.psd	1/1/277
*/
/*
HEADER:
source file:  C:\Users\Shoo\Dropbox\workspace\CorpusSearch_Auto\data\corporas\YCOE\temp1492105600559\bible_and_apocrypha\cowsgosp.o3.psd
*/

/~*
ac hig beo+d innane reafigende wulfas.
(cowsgosp,Mt_[WSCp]:7.15.381)
*~/
/*
13 VAG^N:  13 VAG^N, 14 reafigende, 12 NP-NOM-PRD
*/

( (IP-MAT-SPE (CONJ ac)
	      (NP-NOM (PRO^N hig))
	      (BEPI beo+d)
	      (ADVP-LOC (ADV^L innane))
	      (NP-NOM-PRD (VAG^N reafigende) (N^N wulfas))
	      (. .))
  (ID cowsgosp,Mt_[WSCp]:7.15.381))

/~*
+Da andswarode him Petrus, +du eart +t+as lyfigendes Godes sunu.
(cowsgosp,Mt_[WSCp]:16.16.1095)
*~/
/*
27 VAG^G:  27 VAG^G, 28 lyfigendes, 23 NP-NOM-PRD
*/

( (CODE <T06410055500,16.16>)
  (IP-MAT (ADVP-TMP (ADV^T +Da))
	  (VBD andswarode)
	  (NP-DAT (PRO^D him))
	  (NP-NOM (NR^N Petrus))
	  (, ,)
	  (IP-MAT-SPE (NP-NOM (PRO^N +du))
		      (BEPI eart)
		      (NP-NOM-PRD (NP-GEN (D^G +t+as) (VAG^G lyfigendes) (NR^G Godes))
				  (N^N sunu))
		      (. .)))
  (ID cowsgosp,Mt_[WSCp]:16.16.1095))

/~*
So+dlice fif +tusend manna +tara etendra w+aron.
(cowsgosp,Mk_[WSCp]:6.44.2644)
*~/
/*
19 VAG^G:  19 VAG^G, 20 etendra, 16 NP-GEN-PRD
*/

( (CODE <T06420023300,6.44>)
  (IP-MAT (ADVP (ADV So+dlice))
	  (NP-NOM (NUMP (NUM fif) (NUM +tusend))
		  (NP-GEN (N^G manna)))
	  (NP-GEN-PRD (D^G +tara) (VAG^G etendra))
	  (BEDI w+aron)
	  (. .))
  (ID cowsgosp,Mk_[WSCp]:6.44.2644))

/~*
ac he hys lybbendra;
(cowsgosp,Mk_[WSCp]:12.27.3164)
*~/
/*
10 VAG^G:  10 VAG^G, 11 lybbendra, 9 NP-GEN-PRD
*/

( (IP-MAT-SPE (CONJ ac)
	      (NP-NOM (PRO^N he))
	      (BEPI hys)
	      (NP-GEN-PRD (VAG^G lybbendra))
	      (. ;))
  (ID cowsgosp,Mk_[WSCp]:12.27.3164))

/~*
Ic ne eom an man under anwealde gesett; cempan under me h+abbende.
(cowsgosp,Lk_[WSCp]:7.8.4104)
*~/
/*
37 HAG^N:  37 HAG^N, 38 h+abbende, 11 NP-NOM-PRD
*/

( (CODE <T06430025200,7.8>)
  (IP-MAT-SPE (NP-NOM (PRO^N Ic))
	      (NEG ne)
	      (BEPI eom)
	      (NP-NOM-PRD (NUM^N an)
			  (N^N man)
			  (PTP-NOM (PP (P under)
				       (NP-DAT (N^D anwealde)))
				   (VBN^N gesett))
			  (, ;)
			  (PTP-NOM (NP-ACC (N^A cempan))
				   (PP (P under)
				       (NP (PRO me)))
				   (HAG^N h+abbende)))
	      (. .))
  (ID cowsgosp,Lk_[WSCp]:7.8.4104))

/~*
& ge cwe+ta+d +tes man is swelgend & win dringcende, manfullra and synfulra
freond;
(cowsgosp,Lk_[WSCp]:7.34.4165)
*~/
/*
29 VAG^N:  29 VAG^N, 30 dringcende, 17 NP-NOM-PRD
*/

( (IP-MAT-SPE (CONJ &)
	      (NP-NOM (PRO^N ge))
	      (VBPI cwe+ta+d)
	      (IP-MAT-SPE (NP-NOM (D^N +tes) (N^N man))
			  (BEPI is)
			  (NP-NOM-PRD (NP-NOM (NP-NOM (N^N swelgend))
					      (CONJP (CONJ &)
						     (PTP-NOM (NP-ACC (N^A win))
							      (VAG^N dringcende))))
				      (, ,)
				      (CONJP (NP-NOM (NP-GEN (ADJP-GEN (ADJ^G manfullra) (CONJ and) (ADJ^G synfulra)))
						     (N^N freond)))))
	      (. ;))
  (ID cowsgosp,Lk_[WSCp]:7.34.4165))

/~*
+T+at feoll on +da godan eor+dan, +t+at synt +ta +de on godre & on selestre
heortan gehyrende +t+at word healda+d & w+astm on ge+tylde bringa+d.
(cowsgosp,Lk_[WSCp]:8.15.4225)
*~/
/*
63 VAG^N:  63 VAG^N, 64 gehyrende, 32 NP-NOM-PRD
*/

( (CODE <T06430030600,8.15>)
  (IP-MAT-SPE (CP-FRL-LFD-SPE (WNP-NOM-1 (D^N +T+at))
			      (C 0)
			      (IP-SUB-SPE (NP-NOM *T*-1)
					  (VBDI feoll)
					  (PP (P on)
					      (NP-ACC (D^A +da) (ADJ^A godan) (N^A eor+dan)))))
	      (, ,)
	      (NP-NOM-RSP (D^N +t+at))
	      (BEPI synt)
	      (NP-NOM-PRD (D^N +ta)
			  (CP-REL-SPE (WNP-NOM-2 0)
				      (C +de)
				      (IP-SUB-SPE (IP-SUB-SPE (NP-NOM *T*-2)
							      (PTP-NOM (PP (PP (P on)
									       (NP-DAT (ADJ^D godre)))
									   (CONJP (CONJ &)
										  (PP (P on)
										      (NP-DAT (ADJS^D selestre) (N^D heortan)))))
								       (VAG^N gehyrende))
							      (NP-ACC (D^A +t+at) (N^A word))
							      (VBPI healda+d))
						  (CONJP (CONJ &)
							 (IP-SUB-CON-SPE (NP-NOM *T*-2)
									 (NP-ACC (N^A w+astm))
									 (PP (P on)
									     (NP (N ge+tylde)))
									 (VBPI bringa+d))))))
	      (. .))
  (ID cowsgosp,Lk_[WSCp]:8.15.4225))

/~*
& Moyses +atywde wi+d anne beigbeam swa he cw+a+d, Drihten, Abrahammes God, &
Isaaces God, & Iacobes God, nys God deadra ac lybbendra,
(cowsgosp,Lk_[WSCp]:20.37.5335)
*~/
/*
82 VAG^G:  82 VAG^G, 83 lybbendra, 71 NP-NOM-PRD
*/

( (CODE <T06430085700,20.37>)
  (IP-MAT-SPE (CONJ &)
	      (NP-NOM (NR^N Moyses))
	      (VBD +atywde)
	      (PP (P wi+d)
		  (NP-ACC (NUM^A anne) (N^A beigbeam)))
	      (CP-ADV-SPE (P swa)
			  (C 0)
			  (IP-SUB-SPE (NP-NOM (PRO^N he))
				      (VBDI cw+a+d)
				      (, ,)
				      (IP-MAT-SPE (NP-NOM (NR^N Drihten)
							  (, ,)
							  (NP-NOM-PRN (NP-NOM (NP-GEN (NR^G Abrahammes))
									      (NR^N God))
								      (, ,)
								      (CONJP (CONJ &)
									     (NP-NOM (NP-GEN (NR^G Isaaces))
										     (NR^N God)))
								      (, ,)
								      (CONJP (CONJ &)
									     (NP-NOM (NP-GEN (NR^G Iacobes))
										     (NR^N God)))))
						  (, ,)
						  (NEG+BEPI nys)
						  (NP-NOM-PRD (NR^N God)
							      (NP-GEN-PRN (NP-GEN (ADJ^G deadra))
									  (CONJP (CONJ ac)
										 (NP-GEN (VAG^G lybbendra))))))))
	      (. ,))
  (ID cowsgosp,Lk_[WSCp]:20.37.5335))

/~*
He cw+a+d, ic eom clypiendes stefn on westene, gerihta+d Drihtnes weg, swa se
witega Isaias cw+a+d.
(cowsgosp,Jn_[WSCp]:1.23.5779)
*~/
/*
19 VAG^G:  19 VAG^G, 20 clypiendes, 17 NP-NOM-PRD
*/

( (CODE <T06440002300,1.23>)
  (IP-MAT (NP-NOM (PRO^N He))
	  (VBDI cw+a+d)
	  (, ,)
	  (IP-MAT-SPE (NP-NOM (PRO^N ic))
		      (BEPI eom)
		      (NP-NOM-PRD (NP-GEN (VAG^G clypiendes)
					  (PP *ICH*-1))
				  (N^N stefn)
				  (PP-1 (P on)
					(NP-DAT (N^D westene)))
				  (, ,)
				  (IP-MAT-SPE (VBI gerihta+d)
					      (NP-ACC (NP-GEN (NR^G Drihtnes))
						      (N^A weg))
					      (, ,)
					      (PP (P swa)
						  (CPX-CMP-SPE (IPX-SUB-SPE (NP-NOM (D^N se)
										    (N^N witega)
										    (NP-NOM-PRN (NR^N Isaias)))
									    (VBDI cw+a+d)))))))
	  (. .))
  (ID cowsgosp,Jn_[WSCp]:1.23.5779))

/~*
He w+as byrnende leohtf+at & lyhtende.
(cowsgosp,Jn_[WSCp]:5.35.6120)
*~/
/*
11 VAG^N:  11 VAG^N, 12 byrnende, 9 NP-NOM-PRD
20 VAG^N:  20 VAG^N, 21 lyhtende, 9 NP-NOM-PRD
*/

( (CODE <T06440020300,5.35>)
  (IP-MAT-SPE (NP-NOM (PRO^N He))
	      (BEDI w+as)
	      (NP-NOM-PRD (VAG^N (VAG^N byrnende)
				 (CONJP *ICH*-1))
			  (N^N leohtf+at)
			  (CONJP-1 (CONJ &) (VAG^N lyhtende)))
	      (. .))
  (ID cowsgosp,Jn_[WSCp]:5.35.6120))

/~*
Ic eom lybbende hlaf +te of heofonum com.
(cowsgosp,Jn_[WSCp]:6.51.6218)
*~/
/*
10 VAG^N:  10 VAG^N, 11 lybbende, 9 NP-NOM-PRD
*/

( (CODE <T06440027200,6.51>)
  (IP-MAT-SPE (NP-NOM (PRO^N Ic))
	      (BEPI eom)
	      (NP-NOM-PRD (VAG^N lybbende)
			  (N^N hlaf)
			  (CP-REL-SPE (WNP-NOM-1 0)
				      (C +te)
				      (IP-SUB-SPE (NP-NOM *T*-1)
						  (PP (P of)
						      (NP-DAT (N^D heofonum)))
						  (VBDI com))))
	      (. .))
  (ID cowsgosp,Jn_[WSCp]:6.51.6218))
/*
FOOTER
  source file, hits/tokens/total
  C:\Users\Shoo\Dropbox\workspace\CorpusSearch_Auto\data\corporas\YCOE\temp1492105600559\bible_and_apocrypha\cowsgosp.o3.psd	12/11/7515
*/
/*
SUMMARY:  
source files, hits/tokens/total
  C:\Users\Shoo\Dropbox\workspace\CorpusSearch_Auto\data\corporas\YCOE\temp1492105600559\bible_and_apocrypha\coexodusP.psd	0/0/135
  C:\Users\Shoo\Dropbox\workspace\CorpusSearch_Auto\data\corporas\YCOE\temp1492105600559\bible_and_apocrypha\cogenesiC.psd	0/0/537
  C:\Users\Shoo\Dropbox\workspace\CorpusSearch_Auto\data\corporas\YCOE\temp1492105600559\bible_and_apocrypha\conicodA.psd	1/1/635
  C:\Users\Shoo\Dropbox\workspace\CorpusSearch_Auto\data\corporas\YCOE\temp1492105600559\bible_and_apocrypha\conicodC.psd	0/0/383
  C:\Users\Shoo\Dropbox\workspace\CorpusSearch_Auto\data\corporas\YCOE\temp1492105600559\bible_and_apocrypha\conicodD.psd	0/0/154
  C:\Users\Shoo\Dropbox\workspace\CorpusSearch_Auto\data\corporas\YCOE\temp1492105600559\bible_and_apocrypha\conicodE.psd	0/0/120
  C:\Users\Shoo\Dropbox\workspace\CorpusSearch_Auto\data\corporas\YCOE\temp1492105600559\bible_and_apocrypha\cootest.o3.psd	7/6/5812
  C:\Users\Shoo\Dropbox\workspace\CorpusSearch_Auto\data\corporas\YCOE\temp1492105600559\bible_and_apocrypha\covinsal.psd	1/1/277
  C:\Users\Shoo\Dropbox\workspace\CorpusSearch_Auto\data\corporas\YCOE\temp1492105600559\bible_and_apocrypha\cowsgosp.o3.psd	12/11/7515
whole search, hits/tokens/total
		21/19/15568
*/
