/*
PREFACE:  
Copyright 2010 Beth Randall
Date:  Thu Apr 13 18:58:42 BST 2017

command file:     data\searches\queries\PENN\progressive_forms_in_participal_absolutes.q
output file:      C:\Users\Shoo\Dropbox\workspace\CorpusSearch_Auto\data\output\13-04-2017 18.46.36.333 PPCMBE\progressive_forms_in_participal_absolutes\bible_and_apocrypha\result.out

node:   *PPL*ABS*|BAG*|HAG*|VAG*|DAG*
query:  (BAG*|HAG*|VAG*|DAG* Dominates  !BAG*|HAG*|VAG*|DAG*) 
  AND  (*PPL*ABS* Dominates  BAG*|HAG*|VAG*|DAG*) 
*/
/*
HEADER:
source file:  C:\Users\Shoo\Dropbox\workspace\CorpusSearch_Auto\data\corporas\PPCMBE\temp1492106160469\bible_and_apocrypha\erv-new-1881.psd
*/

/~*
for Jesus had conveyed himself away, a multitude being in the place.
(ERV-NEW-1881,5,1J.350)
*~/
/*
25 BAG:  25 BAG, 26 being, 19 IP-PPL-ABS
*/
( (IP-MAT (CONJ for)
	  (NP-SBJ (NPR Jesus))
	  (HVD had)
	  (VBN conveyed)
	  (NP-OB1 (PRO+N himself))
	  (ADVP-DIR (ADV away))
	  (, ,)
	  (IP-PPL-ABS (NP-SBJ (D a) (N multitude))
		      (BAG being)
		      (PP (P in)
			  (NP (D the) (N place))))
	  (. .))
  (ID ERV-NEW-1881,5,1J.350))
/*
FOOTER
  source file, hits/tokens/total
  C:\Users\Shoo\Dropbox\workspace\CorpusSearch_Auto\data\corporas\PPCMBE\temp1492106160469\bible_and_apocrypha\erv-new-1881.psd	1/1/1047
*/
/*
HEADER:
source file:  C:\Users\Shoo\Dropbox\workspace\CorpusSearch_Auto\data\corporas\PPCMBE\temp1492106160469\bible_and_apocrypha\erv-old-1885.psd
*/

/~*
And God said, Let the earth put forth grass, herb yielding seed, and fruit
tree bearing fruit after its kind, wherein is the seed thereof, upon the earth:
(ERV-OLD-1885,1,1G.31)
*~/
/*
35 VAG:  35 VAG, 36 yielding, 30 IP-PPL-ABS-SPE
55 VAG:  55 VAG, 56 bearing, 30 IP-PPL-ABS-SPE
*/

( (IP-MAT (CONJ And)
	  (NP-SBJ (NPR God))
	  (VBD said)
	  (, ,)
	  (IP-IMP-SPE (VBI Let)
		      (IP-INF-SPE (NP-SBJ (D the) (N earth))
				  (VB put)
				  (ADVP-DIR (ADV forth))
				  (NP-OB1 (N grass))
				  (, ,)
				  (IP-PPL-ABS-SPE (IP-PPL-SPE (NP-SBJ (N herb))
							      (VAG yielding)
							      (NP-OB1 (N seed)))
						  (, ,)
						  (CODE <font>)
						  (CONJP (CONJ and)
							 (CODE <$$font>)
							 (IP-PPL-SPE (NP-SBJ (N fruit) (N tree))
								     (VAG bearing)
								     (NP-OB1 (N fruit)
									     (CP-REL-SPE *ICH*-1))
								     (PP (P after)
									 (NP (PRO$ its) (N kind)))
								     (, ,)
								     (CP-REL-SPE-1 (WPP-2 (WADV+P wherein))
										   (C 0)
										   (IP-SUB-SPE (PP *T*-2)
											       (BEP is)
											       (NP-SBJ (D the)
												       (N seed)
												       (PP (ADV+P thereof))))))))
				  (, ,)
				  (PP (P upon)
				      (NP (D the) (N earth)))))
	  (. :))
  (ID ERV-OLD-1885,1,1G.31))

/~*
And the earth brought forth grass, herb yielding seed after its kind, and tree
bearing fruit, wherein is the seed thereof, after its kind:
(ERV-OLD-1885,1,1G.33)
*~/
/*
24 VAG:  24 VAG, 25 yielding, 19 IP-PPL-ABS
46 VAG:  46 VAG, 47 bearing, 19 IP-PPL-ABS
*/

( (IP-MAT (CONJ And)
	  (NP-SBJ (D the) (N earth))
	  (VBD brought)
	  (ADVP-DIR (ADV forth))
	  (NP-OB1 (N grass))
	  (, ,)
	  (IP-PPL-ABS (IP-PPL (NP-SBJ (N herb))
			      (VAG yielding)
			      (NP-OB1 (N seed))
			      (PP (P after)
				  (NP (PRO$ its) (N kind))))
		      (, ,)
		      (CONJP (CONJ and)
			     (IP-PPL (NP-SBJ (N tree))
				     (VAG bearing)
				     (NP-OB1 (N fruit)
					     (, ,)
					     (CP-REL (WPP-1 (WADV+P wherein))
						     (C 0)
						     (IP-SUB (PP *T*-1)
							     (BEP is)
							     (NP-SBJ (D the)
								     (N seed)
								     (PP (ADV+P thereof))))))
				     (, ,)
				     (PP (P after)
					 (NP (PRO$ its) (N kind))))))
	  (. :))
  (ID ERV-OLD-1885,1,1G.33))
/*
FOOTER
  source file, hits/tokens/total
  C:\Users\Shoo\Dropbox\workspace\CorpusSearch_Auto\data\corporas\PPCMBE\temp1492106160469\bible_and_apocrypha\erv-old-1885.psd	4/2/846
*/
/*
HEADER:
source file:  C:\Users\Shoo\Dropbox\workspace\CorpusSearch_Auto\data\corporas\PPCMBE\temp1492106160469\bible_and_apocrypha\newcome-new-1796.psd
*/

/~*
for Jesus had conveyed himself away, a multitude being in that place.
(NEWCOME-NEW-1796,5,1J.356)
*~/
/*
25 BAG:  25 BAG, 26 being, 19 IP-PPL-ABS
*/

( (IP-MAT (CONJ for)
	  (NP-SBJ (NPR Jesus))
	  (HVD had)
	  (VBN conveyed)
	  (NP-OB1 (PRO+N himself))
	  (ADVP-DIR (ADV away))
	  (, ,)
	  (IP-PPL-ABS (NP-SBJ (D a) (N multitude))
		      (BAG being)
		      (PP (P in)
			  (CODE <font>)
			  (NP (D that) (CODE <$$font>) (N place))))
	  (. .))
  (ID NEWCOME-NEW-1796,5,1J.356))
/*
FOOTER
  source file, hits/tokens/total
  C:\Users\Shoo\Dropbox\workspace\CorpusSearch_Auto\data\corporas\PPCMBE\temp1492106160469\bible_and_apocrypha\newcome-new-1796.psd	1/1/1045
*/
/*
HEADER:
source file:  C:\Users\Shoo\Dropbox\workspace\CorpusSearch_Auto\data\corporas\PPCMBE\temp1492106160469\bible_and_apocrypha\purver-new-1764.psd
*/

/~*
and remained with him that Day; it being about the tenth Hour.
(PURVER-NEW-1764,1,20J.69)
*~/
/*
25 BAG:  25 BAG, 26 being, 21 IP-PPL-ABS
*/

( (IP-MAT (CONJ and)
	  (NP-SBJ *con*)
	  (VBD remained)
	  (PP (P with)
	      (NP (PRO him)))
	  (NP-TMP (D that) (N Day))
	  (, ;)
	  (IP-PPL-ABS (NP-SBJ (PRO it))
		      (BAG being)
		      (NP-OB1 (ADV about) (D the) (ADJ tenth) (N Hour)))
	  (. .))
  (ID PURVER-NEW-1764,1,20J.69))

/~*
At length there being a want of Wine, the Mother of Jesus says to him, They
have no Wine.
(PURVER-NEW-1764,2,1J.99)
*~/
/*
12 BAG:  12 BAG, 13 being, 8 IP-PPL-ABS
*/

( (IP-MAT (PP (P At)
	      (NP (N length)))
	  (IP-PPL-ABS (NP-SBJ-1 (EX there))
		      (BAG being)
		      (NP-1 (D a)
			    (N want)
			    (PP (P of)
				(NP (N Wine)))))
	  (, ,)
	  (NP-SBJ (D the)
		  (N Mother)
		  (PP (P of)
		      (NP (NPR Jesus))))
	  (VBP says)
	  (PP (P to)
	      (NP (PRO him)))
	  (, ,)
	  (IP-MAT-SPE (NP-SBJ (PRO They))
		      (HVP have)
		      (NP-OB1 (Q no) (N Wine)))
	  (. .))
  (ID PURVER-NEW-1764,2,1J.99))

/~*
Now six Water-pots of Stone being there, put according to the Cleansing of the
Jews, which held two or three Firkins apiece; Jesus says to them, Fill the
Water-pots with Water:
(PURVER-NEW-1764,2,1J.103)
*~/
/*
21 BAG:  21 BAG, 22 being, 5 IP-PPL-ABS
32 VAG:  32 VAG, 33 according, 5 IP-PPL-ABS
*/

( (IP-MAT (ADVP (ADV Now))
	  (IP-PPL-ABS (NP-SBJ (NUM six)
			      (N+NS Water-pots)
			      (PP (P of)
				  (NP (N Stone)))
			      (RRC *ICH*-1)
			      (CP-REL *ICH*-2))
		      (BAG being)
		      (ADVP-LOC (ADV there))
		      (, ,)
		      (RRC-1 (VAN put)
			     (IP-PPL (VAG according)
				     (PP (P to)
					 (NP (D the)
					     (N Cleansing)
					     (PP (P of)
						 (NP (D the) (NPRS Jews)))))))
		      (, ,)
		      (CP-REL-2 (WNP-3 (WPRO which))
				(C 0)
				(IP-SUB (NP-SBJ *T*-3)
					(VBD held)
					(NP-OB1 (NUMP (NUM two) (CONJ or) (NUM three))
						(NS Firkins)
						(NP-MSR (D+N apiece))))))
	  (, ;)
	  (NP-SBJ (NPR Jesus))
	  (VBP says)
	  (PP (P to)
	      (NP (PRO them)))
	  (, ,)
	  (IP-IMP-SPE (VBI Fill)
		      (NP-OB1 (D the) (N+NS Water-pots))
		      (PP (P with)
			  (NP (N Water))))
	  (. :))
  (ID PURVER-NEW-1764,2,1J.103))

/~*
Jesus therefore being fatigued by the Journey, sate down accordingly on the
Well: it being about the sixth Hour.
(PURVER-NEW-1764,4,1J.209)
*~/
/*
46 BAG:  46 BAG, 47 being, 42 IP-PPL-ABS
*/

( (IP-MAT (NP-SBJ (NPR Jesus))
	  (PP (ADV+P therefore))
	  (IP-PPL (BAG being)
		  (VAN fatigued)
		  (PP (P by)
		      (NP (D the) (N Journey))))
	  (, ,)
	  (VBD sate)
	  (CODE {COM:sic_here_and_passim})
	  (RP down)
	  (ADVP (ADV accordingly))
	  (PP (P on)
	      (NP (D the) (N Well)))
	  (, :)
	  (IP-PPL-ABS (NP-SBJ (PRO it))
		      (BAG being)
		      (NP-OB1 (ADV about) (D the) (ADJ sixth) (N Hour)))
	  (. .))
  (ID PURVER-NEW-1764,4,1J.209))

/~*
A Woman of Samaria coming to draw Water, Jesus says to her, Give me some to
drink.
(PURVER-NEW-1764,4,1J.210)
*~/
/*
14 VAG:  14 VAG, 15 coming, 2 IP-PPL-ABS
*/

( (IP-MAT (IP-PPL-ABS (NP-SBJ (D A)
			      (N Woman)
			      (PP (P of)
				  (NP (NPR Samaria))))
		      (VAG coming)
		      (IP-INF-PRP (TO to)
				  (VB draw)
				  (NP-OB1 (N Water))))
	  (, ,)
	  (NP-SBJ (NPR Jesus))
	  (VBP says)
	  (PP (P to)
	      (NP (PRO her)))
	  (, ,)
	  (IP-IMP-SPE (VBI Give)
		      (NP-OB2 (PRO me))
		      (CODE <font>)
		      (NP-OB1 (Q some)
			      (CODE <$$font>)
			      (CP-EOP-SPE (WNP-1 0)
					  (IP-INF-SPE (NP-OB1 *T*-1)
						      (TO to)
						      (VB drink)))))
	  (. .))
  (ID PURVER-NEW-1764,4,1J.210))

/~*
The next Day the Company who stood on the farther Side of the Sea, seeing that
no other Boat was there, but that one into which his Disciples were gone, and
that Jesus was not entered with his Disciples into the Boat, but they went
away alone; But yet other Boats came from Tiberias, near the Place where they
had eat Bread, the Lord having given thanks:
(PURVER-NEW-1764,6,20J.412)
*~/
/*
46 VAG:  46 VAG, 47 seeing, 9 IP-PPL-ABS
205 HAG:  205 HAG, 206 having, 199 IP-PPL-ABS
*/

( (IP-MAT (NP-TMP (D The) (ADJS next) (N Day))
	  (IP-PPL-ABS (NP-SBJ (D the)
			      (N Company)
			      (CP-REL (WNP-1 (WPRO who))
				      (C 0)
				      (IP-SUB (NP-SBJ *T*-1)
					      (VBD stood)
					      (PP (P on)
						  (NP (D the)
						      (ADJR farther)
						      (N Side)
						      (PP (P of)
							  (NP (D the) (N Sea))))))))
		      (, ,)
		      (VAG seeing)
		      (CP-THT (CP-THT (C that)
				      (IP-SUB (NP-SBJ (Q no) (OTHER other) (N Boat))
					      (BED was)
					      (ADVP-LOC (ADV there))
					      (, ,)
					      (PP (P but)
						  (NP (D that)
						      (ONE one)
						      (CP-REL (WPP-2 (P into)
								     (WNP (WPRO which)))
							      (C 0)
							      (IP-SUB (PP *T*-2)
								      (NP-SBJ (PRO$ his) (NS Disciples))
								      (BED were)
								      (VBN gone)))))))
			      (, ,)
			      (CONJP (CONJ and)
				     (CP-THT (C that)
					     (IP-SUB (IP-SUB (NP-SBJ (NPR Jesus))
							     (BED was)
							     (NEG not)
							     (VBN entered)
							     (PP (P with)
								 (NP (PRO$ his) (NS Disciples)))
							     (PP (P into)
								 (NP (D the) (N Boat))))
						     (, ,)
						     (CONJP (CONJ but)
							    (IP-SUB (NP-SBJ (PRO they))
								    (VBD went)
								    (ADVP-DIR (ADV away))
								    (ADJP-SPR (ADJ alone)))))))))
	  (, ;)
	  (CONJ But)
	  (ADVP (ADV yet))
	  (NP-SBJ (OTHER other) (NS Boats))
	  (VBD came)
	  (PP (P from)
	      (NP (NPR Tiberias)))
	  (, ,)
	  (ADJP-LOC (ADJ near)
		    (NP (D the)
			(N Place)
			(CP-REL (WADVP-3 (WADV where))
				(C 0)
				(IP-SUB (ADVP-LOC *T*-3)
					(NP-SBJ (PRO they))
					(HVD had)
					(VBN eat)
					(NP-OB1 (N Bread))
					(, ,)
					(IP-PPL-ABS (NP-SBJ (D the) (NPR Lord))
						    (HAG having)
						    (VBN given)
						    (NP-OB1 (NS thanks)))))))
	  (. :))
  (ID PURVER-NEW-1764,6,20J.412))

/~*
Now at length it being the middle of the Feast, Jesus went up to the Temple,
(PURVER-NEW-1764,7,1J.512)
*~/
/*
15 BAG:  15 BAG, 16 being, 11 IP-PPL-ABS
*/

( (IP-MAT (ADVP (ADV Now))
	  (PP (P at)
	      (NP (N length)))
	  (IP-PPL-ABS (NP-SBJ (PRO it))
		      (BAG being)
		      (NP-OB1 (D the)
			      (N middle)
			      (PP (P of)
				  (NP (D the) (N Feast)))))
	  (, ,)
	  (NP-SBJ (NPR Jesus))
	  (VBD went)
	  (PP (RP up)
	      (P to)
	      (NP (D the) (NPR Temple)))
	  (. ,))
  (ID PURVER-NEW-1764,7,1J.512))

/~*
He speaking these Things, many believed in him.
(PURVER-NEW-1764,8,20J.644)
*~/
/*
6 VAG:  6 VAG, 7 speaking, 2 IP-PPL-ABS
*/

( (IP-MAT (IP-PPL-ABS (NP-SBJ (PRO He))
		      (VAG speaking)
		      (NP-OB1 (D these) (NS Things)))
	  (, ,)
	  (NP-SBJ (Q many))
	  (VBD believed)
	  (PP (P in)
	      (NP (PRO him)))
	  (. .))
  (ID PURVER-NEW-1764,8,20J.644))

/~*
wash in the Pool of Siloam which being interpreted is Sent
(PURVER-NEW-1764,9,1J.726)
*~/
/*
30 BAG:  30 BAG, 31 being, 29 IP-PPL-ABS-SPE
*/

( (IP-IMP-SPE (VBI wash)
	      (PP (P in)
		  (NP (D the)
		      (N Pool)
		      (PP (P of)
			  (NP (NPR Siloam)
			      (CODE <paren>)
			      (CP-REL-PRN (WNP-1 (WPRO which))
					  (C 0)
					  (IP-SUB-SPE (NP-SBJ *T*-1)
						      (IP-PPL-ABS-SPE (BAG being) (VAN interpreted))
						      (BEP is)
						      (QTP (VAN Sent))))))))
	      (CODE <$$paren>))
  (ID PURVER-NEW-1764,9,1J.726))
/*
FOOTER
  source file, hits/tokens/total
  C:\Users\Shoo\Dropbox\workspace\CorpusSearch_Auto\data\corporas\PPCMBE\temp1492106160469\bible_and_apocrypha\purver-new-1764.psd	11/9/974
*/
/*
HEADER:
source file:  C:\Users\Shoo\Dropbox\workspace\CorpusSearch_Auto\data\corporas\PPCMBE\temp1492106160469\bible_and_apocrypha\purver-old-1764.psd
*/

/~*
For the Lord God bringing all the Beasts of the Field, which he had formed out
of the Ground, and all the Fowls of the Air to Adam, to see what he would call
them, that whatever he called each living Creature, the same might be the Name
of it;
(PURVER-OLD-1764,2,1G.84)
*~/
/*
11 VAG:  11 VAG, 12 bringing, 1 IP-PPL-ABS
137 VAG:  137 VAG, 138 living, 1 IP-PPL-ABS
*/

( (IP-PPL-ABS (CONJ For)
	      (NP-SBJ (D the) (NPR Lord) (NPR God))
	      (VAG bringing)
	      (CODE {COM:sic})
	      (NP-OB1 (NP (Q all)
			  (D the)
			  (NS Beasts)
			  (PP (P of)
			      (NP (D the) (N Field)))
			  (, ,)
			  (CP-REL (WNP-1 (WPRO which))
				  (C 0)
				  (IP-SUB (NP-OB1 *T*-1)
					  (NP-SBJ (PRO he))
					  (HVD had)
					  (VBN formed)
					  (PP (RP out)
					      (P of)
					      (NP (D the) (N Ground))))))
		      (, ,)
		      (CONJP (CONJ and)
			     (NP (Q all)
				 (D the)
				 (NS Fowls)
				 (PP (P of)
				     (NP (D the) (N Air))))))
	      (PP (P to)
		  (NP (NPR Adam)))
	      (, ,)
	      (IP-INF-PRP (TO to)
			  (VB see)
			  (CP-QUE (WNP-2 (WPRO what))
				  (C 0)
				  (IP-SUB (NP-SBJ (PRO he))
					  (MD would)
					  (VB call)
					  (IP-SMC (NP-OB1 *T*-2)
						  (NP-SBJ (PRO them))))))
	      (, ,)
	      (CP-ADV (C that)
		      (IP-SUB (NP-LFD (CP-FRL (WNP-3 (WPRO+ADV whatever))
					      (C 0)
					      (IP-SUB (NP-SBJ (PRO he))
						      (VBD called)
						      (IP-SMC (NP-OB1 *T*-3)
							      (NP-SBJ (Q each) (VAG living) (N Creature))))))
			      (, ,)
			      (NP-SBJ-RSP (D the) (ADJ same))
			      (MD might)
			      (BE be)
			      (NP-OB1 (D the)
				      (N Name)
				      (PP (P of)
					  (NP (PRO it))))))
	      (. ;))
  (ID PURVER-OLD-1764,2,1G.84))

/~*
That Woman, said Adam, whom thou didst put with me, giving me of it, I eat.
(PURVER-OLD-1764,3,1G.110)
*~/
/*
42 VAG:  42 VAG, 43 giving, 2 IP-PPL-ABS-SPE
*/

( (IP-MAT-SPE (IP-PPL-ABS-SPE (NP-SBJ (D That)
				      (N Woman)
				      (, ,)
				      (IP-MAT-PRN-SPE (VBD said)
						      (NP-SBJ (NPR Adam)))
				      (, ,)
				      (CP-REL-SPE (WNP-1 (WPRO whom))
						  (C 0)
						  (IP-SUB-SPE (NP-OB1 *T*-1)
							      (NP-SBJ (PRO thou))
							      (DOD didst)
							      (VB put)
							      (PP (P with)
								  (NP (PRO me))))))
			      (, ,)
			      (VAG giving)
			      (NP-OB2 (PRO me))
			      (PP (P of)
				  (NP (PRO it))))
	      (, ,)
	      (NP-SBJ (PRO I))
	      (VBD eat)
	      (. .))
  (ID PURVER-OLD-1764,3,1G.110))

/~*
And the Lord seeing that Man's Wickedness was great in the World, and every
Idea of the Thoughts of his Mind only evil daily; He was sorry because he had
made Mankind on the Earth,
(PURVER-OLD-1764,6,1G.142)
*~/
/*
10 VAG:  10 VAG, 11 seeing, 4 IP-PPL-ABS
*/

( (IP-MAT (CONJ And)
	  (IP-PPL-ABS (NP-SBJ (D the) (NPR Lord))
		      (VAG seeing)
		      (CP-THT (C that)
			      (IP-SUB (IP-SUB-1 (NP-SBJ (N$ Man's) (N Wickedness))
						(BED was)
						(ADJP (ADJ great))
						(PP (P in)
						    (NP (D the) (N World))))
				      (, ,)
				      (CONJP (CONJ and)
					     (IP-SUB=1 (NP-SBJ (Q every)
							       (N Idea)
							       (PP (P of)
								   (NP (D the)
								       (NS Thoughts)
								       (PP (P of)
									   (NP (PRO$ his) (N Mind))))))
						       (ADJP (FP only) (ADJ evil))
						       (ADVP (ADV daily)))))))
	  (, ;)
	  (NP-SBJ (PRO He))
	  (BED was)
	  (ADJP (ADJ sorry))
	  (PP (P+N because)
	      (CP-ADV (C 0)
		      (IP-SUB (NP-SBJ (PRO he))
			      (HVD had)
			      (VBN made)
			      (NP-OB1 (N+N Mankind))
			      (PP (P on)
				  (NP (D the) (N Earth))))))
	  (. ,))
  (ID PURVER-OLD-1764,6,1G.142))

/~*
But the Earth was corrupt before God; it being full of Violence.
(PURVER-OLD-1764,6,1G.149)
*~/
/*
26 BAG:  26 BAG, 27 being, 22 IP-PPL-ABS
*/

( (IP-MAT (CONJ But)
	  (NP-SBJ (D the) (N Earth))
	  (BED was)
	  (ADJP (ADJ corrupt))
	  (PP (P before)
	      (NP (NPR God)))
	  (, ;)
	  (IP-PPL-ABS (NP-SBJ (PRO it))
		      (BAG being)
		      (ADJP (ADJ full)
			    (PP (P of)
				(NP (N Violence)))))
	  (. .))
  (ID PURVER-OLD-1764,6,1G.149))

/~*
So did Noah altogether as the Lord commanded him; He being in his six
hundredth Year, when the Flood of Water was on the Earth:
(PURVER-OLD-1764,7,1G.171)
*~/
/*
39 BAG:  39 BAG, 40 being, 35 IP-PPL-ABS
*/

( (IP-MAT (ADVP (ADV So))
	  (DOD did)
	  (NP-SBJ (NPR Noah))
	  (PP (ADV altogether)
	      (P as)
	      (CP-ADV (WADVP-1 0)
		      (C 0)
		      (IP-SUB (ADVP *T*-1)
			      (NP-SBJ (D the) (NPR Lord))
			      (VBD commanded)
			      (NP-OB2 (PRO him)))))
	  (, ;)
	  (IP-PPL-ABS (NP-SBJ (PRO He))
		      (BAG being)
		      (PP (P in)
			  (NP (PRO$ his)
			      (ADJP (NUM six) (ADJ hundredth))
			      (N Year)))
		      (, ,)
		      (PP (P when)
			  (CP-ADV (C 0)
				  (IP-SUB (NP-SBJ (D the)
						  (N Flood)
						  (PP (P of)
						      (NP (N Water))))
					  (BED was)
					  (PP (P on)
					      (NP (D the) (N Earth)))))))
	  (. :))
  (ID PURVER-OLD-1764,7,1G.171))

/~*
And the Deluge being forty Days on the Earth, the Water increased, insomuch
that it lifted up the Ark, raising it up from the Ground.
(PURVER-OLD-1764,7,1G.181)
*~/
/*
10 BAG:  10 BAG, 11 being, 4 IP-PPL-ABS
*/

( (IP-MAT (CONJ And)
	  (IP-PPL-ABS (NP-SBJ (D the) (N Deluge))
		      (BAG being)
		      (NP-MSR (NUM forty) (NS Days))
		      (PP (P on)
			  (NP (D the) (N Earth))))
	  (, ,)
	  (NP-SBJ (D the) (N Water))
	  (VBD increased)
	  (, ,)
	  (PP (P+ADVR+Q insomuch)
	      (CP-DEG (C that)
		      (IP-SUB (NP-SBJ (PRO it))
			      (VBD lifted)
			      (RP up)
			      (NP-OB1 (D the) (N Ark))
			      (, ,)
			      (IP-PPL (VAG raising)
				      (NP-OB1 (PRO it))
				      (RP up)
				      (PP (P from)
					  (NP (D the) (N Ground)))))))
	  (. .))
  (ID PURVER-OLD-1764,7,1G.181))

/~*
and the Ark floated atop of the Water. Which at last had power on the Earth so
exceeding much, that all the high Mountains which were under the whole Heaven
being covered; The Water prevailed fifteen Cubits upward, when they were
overwhelmed. Whereby all Flesh expired that moved on the Earth, of the Fowls,
Cattle, Beasts, and all crawling Things that crawled upon the Ground; with all
Mankind.
(PURVER-OLD-1764,7,20G.184)
*~/
/*
97 BAG:  97 BAG, 98 being, 66 IP-PPL-ABS
*/

( (IP-MAT (CONJ and)
	  (NP-SBJ (D the) (N Ark))
	  (VBD floated)
	  (PP (P+N atop)
	      (PP (P of)
		  (NP (D the)
		      (N Water)
		      (, .)
		      (CP-REL (WNP-1 (WPRO Which))
			      (C 0)
			      (IP-SUB (NP-SBJ *T*-1)
				      (PP (P at)
					  (ADVP (ADV last)))
				      (HVD had)
				      (NP-OB1 (N power))
				      (PP (P on)
					  (NP (D the) (N Earth)))
				      (NP-MSR (QP (ADVR so) (VAG exceeding) (Q much))
					      (, ,)
					      (CP-DEG (C that)
						      (IP-SUB (IP-PPL-ABS (NP-SBJ (Q all)
										  (D the)
										  (ADJ high)
										  (NS Mountains)
										  (CP-REL (WNP-2 (WPRO which))
											  (C 0)
											  (IP-SUB (NP-SBJ *T*-2)
												  (BED were)
												  (PP (P under)
												      (NP (D the) (ADJ whole) (NPR Heaven))))))
									  (BAG being)
									  (VAN covered))
							      (, ;)
							      (CODE <P_7,20G>)
							      (NP-SBJ (D The) (N Water))
							      (VBD prevailed)
							      (ADVP-DIR (NP-MSR (NUM fifteen) (NS Cubits))
									(RP+WARD upward))
							      (, ,)
							      (PP (P when)
								  (CP-ADV (C 0)
									  (IP-SUB (NP-SBJ (PRO they))
										  (BED were)
										  (VAN overwhelmed))))
							      (, .)
							      (CP-CAR (WPP-3 (WADV+P Whereby))
								      (C 0)
								      (IP-SUB (PP *T*-3)
									      (NP-SBJ (Q all)
										      (N Flesh)
										      (CP-REL *ICH*-4)
										      (PP *ICH*-6))
									      (VBD expired)
									      (CP-REL-4 (WNP-5 0)
											(C that)
											(IP-SUB (NP-SBJ *T*-5)
												(VBD moved)
												(PP (P on)
												    (NP (D the) (N Earth)))))
									      (, ,)
									      (PP-6 (P of)
										    (NP (D the)
											(NS Fowls)
											(, ,)
											(CONJP (NX (NS Cattle)))
											(, ,)
											(CONJP (NX (NS Beasts)))
											(, ,)
											(CONJP (CONJ and)
											       (NX (Q all)
												   (VAG crawling)
												   (NS Things)
												   (CP-REL (WNP-7 0)
													   (C that)
													   (IP-SUB (NP-SBJ *T*-7)
														   (VBD crawled)
														   (PP (P upon)
														       (NP (D the) (N Ground)))))))))
									      (, ;)
									      (PP (P with)
										  (NP (Q all) (N+N Mankind)))))))))))))
	  (. .))
  (ID PURVER-OLD-1764,7,20G.184))

/~*
So in the six hundred and first Year, on the first of the first Month, the
Water being dried up from the Earth, Noah took away the Covering of the Ark,
when he saw plainly that the Top of the Ground was dried.
(PURVER-OLD-1764,8,1G.207)
*~/
/*
50 BAG:  50 BAG, 51 being, 44 IP-PPL-ABS
*/

( (IP-MAT (ADVP (ADV So))
	  (PP (P in)
	      (NP (D the)
		  (NUMP (NUM six) (NUM hundred) (CONJ and) (ADJ first))
		  (N Year)))
	  (, ,)
	  (PP (P on)
	      (NP (D the)
		  (ADJ first)
		  (PP (P of)
		      (NP (D the) (ADJ first) (N Month)))))
	  (, ,)
	  (IP-PPL-ABS (NP-SBJ (D the) (N Water))
		      (BAG being)
		      (VAN dried)
		      (RP up)
		      (PP (P from)
			  (NP (D the) (N Earth))))
	  (, ,)
	  (NP-SBJ (NPR Noah))
	  (VBD took)
	  (ADVP-DIR (ADV away))
	  (NP-OB1 (D the)
		  (N Covering)
		  (PP (P of)
		      (NP (D the) (N Ark))))
	  (, ,)
	  (PP (P when)
	      (CP-ADV (C 0)
		      (IP-SUB (NP-SBJ (PRO he))
			      (VBD saw)
			      (ADVP (ADV plainly))
			      (CP-THT (C that)
				      (IP-SUB (NP-SBJ (D the)
						      (N Top)
						      (PP (P of)
							  (NP (D the) (N Ground))))
					      (BED was)
					      (VAN dried))))))
	  (. .))
  (ID PURVER-OLD-1764,8,1G.207))

/~*
Upon this he went according as the Lord ordered him, Lot going with him.
(PURVER-OLD-1764,12,1G.275)
*~/
/*
43 VAG:  43 VAG, 44 going, 39 IP-PPL-ABS
*/

( (IP-MAT (PP (P Upon)
	      (NP (D this)))
	  (NP-SBJ (PRO he))
	  (VBD went)
	  (IP-PPL (VAG according)
		  (PP (P as)
		      (CP-ADV (WADVP-1 0)
			      (C 0)
			      (IP-SUB (ADVP *T*-1)
				      (NP-SBJ (D the) (NPR Lord))
				      (VBD ordered)
				      (NP-OB1 (PRO him))))))
	  (, ,)
	  (IP-PPL-ABS (NP-SBJ (NPR Lot))
		      (VAG going)
		      (PP (P with)
			  (NP (PRO him))))
	  (. .))
  (ID PURVER-OLD-1764,12,1G.275))

/~*
and they went forth to go to the Country of Canaan, whither they came: And
into which he passed, to a Place of Shechen at the Oaks of Moreh; the
Canaanites being then in the Country. When the Lord appearing to Abram, said,
I will give this Country to thy Offspring: upon which he built there an Altar
to the Lord who appeared to him.
(PURVER-OLD-1764,12,1G.278)
*~/
/*
108 BAG:  108 BAG, 109 being, 102 IP-PPL-ABS
*/

( (IP-MAT (CONJ and)
	  (NP-SBJ (PRO they))
	  (VBD went)
	  (ADVP-DIR (ADV forth))
	  (IP-INF-PRP (TO to)
		      (VB go)
		      (PP (P to)
			  (NP (D the)
			      (N Country)
			      (PP (P of)
				  (NP (NPR Canaan)))
			      (, ,)
			      (CP-REL (CP-REL (WADVP-1 (WADV whither))
					      (C 0)
					      (IP-SUB (ADVP-DIR *T*-1)
						      (NP-SBJ (PRO they))
						      (VBD came)))
				      (, :)
				      (CONJP (CONJ And)
					     (CP-REL (WPP-2 (P into)
							    (WNP (WPRO which)))
						     (C 0)
						     (IP-SUB (PP *T*-2)
							     (NP-SBJ (PRO he))
							     (VBD passed))))))))
	  (, ,)
	  (PP (P to)
	      (NP (D a)
		  (N Place)
		  (PP (P of)
		      (NP (NPR Shechen)))
		  (PP (P at)
		      (NP (D the)
			  (NS Oaks)
			  (PP (P of)
			      (NP (NPR Moreh)))))))
	  (, ;)
	  (IP-PPL-ABS (NP-SBJ (D the) (NPRS Canaanites))
		      (BAG being)
		      (ADVP-TMP (ADV then))
		      (PP (P in)
			  (NP (D the) (N Country))))
	  (, .)
	  (PP (P When)
	      (CP-ADV (C 0)
		      (IP-SUB (NP-SBJ (D the) (NPR Lord))
			      (IP-PPL (VAG appearing)
				      (PP (P to)
					  (NP (NPR Abram))))
			      (, ,)
			      (VBD said)
			      (, ,)
			      (IP-MAT-SPE (NP-SBJ (PRO I))
					  (MD will)
					  (VB give)
					  (NP-OB1 (D this) (N Country))
					  (PP (P to)
					      (NP (PRO$ thy) (N Offspring))))
			      (, :)
			      (CP-CAR-SPE (WPP-3 (P upon)
						 (WNP (WPRO which)))
					  (C 0)
					  (IP-SUB-SPE (PP *T*-3)
						      (NP-SBJ (PRO he))
						      (VBD built)
						      (ADVP-LOC (ADV there))
						      (NP-OB1 (D an) (N Altar))
						      (PP (P to)
							  (NP (D the)
							      (NPR Lord)
							      (CP-REL-SPE (WNP-4 (WPRO who))
									  (C 0)
									  (IP-SUB-SPE (NP-SBJ *T*-4)
										      (VBD appeared)
										      (PP (P to)
											  (NP (PRO him))))))))))))
	  (. .))
  (ID PURVER-OLD-1764,12,1G.278))

/~*
and pitched his Tent; Ai being on the East, as that on the West: where he
built an Altar to the Lord, and called on his Name.
(PURVER-OLD-1764,12,1G.280)
*~/
/*
21 BAG:  21 BAG, 22 being, 17 IP-PPL-ABS
*/

( (IP-MAT (CONJ and)
	  (NP-SBJ *con*)
	  (VBD pitched)
	  (NP-OB1 (PRO$ his)
		  (N Tent)
		  (CP-REL *ICH*-1))
	  (, ;)
	  (IP-PPL-ABS (NP-SBJ (NPR Ai))
		      (BAG being)
		      (PP (P on)
			  (NP (D the) (N East))))
	  (, ,)
	  (PP (P as)
	      (NP (D that)
		  (PP (P on)
		      (NP (D the) (N West)))))
	  (, :)
	  (CP-REL-1 (WADVP-2 (WADV where))
		    (C 0)
		    (IP-SUB (IP-SUB (ADVP-LOC *T*-2)
				    (NP-SBJ (PRO he))
				    (VBD built)
				    (NP-OB1 (D an) (N Altar))
				    (PP (P to)
					(NP (D the) (NPR Lord))))
			    (, ,)
			    (CONJP (CONJ and)
				   (IP-SUB (ADVP-LOC *T*-2)
					   (NP-SBJ *con*)
					   (VBD called)
					   (PP (P on)
					       (NP (PRO$ his) (N Name)))))))
	  (. .))
  (ID PURVER-OLD-1764,12,1G.280))

/~*
And there being a Famine in that Country, he went down to Egypt to sojourn
there, because it was grievous. Which as he was got near to enter into, he
said to his Wife Sarai; Behold now I am sensible that thou art a Woman of a
fair Countenance.
(PURVER-OLD-1764,12,1G.283)
*~/
/*
8 BAG:  8 BAG, 9 being, 4 IP-PPL-ABS
*/

( (IP-MAT (CONJ And)
	  (IP-PPL-ABS (NP-SBJ-1 (EX there))
		      (BAG being)
		      (NP-1 (D a) (N Famine))
		      (PP (P in)
			  (NP (D that) (N Country))))
	  (, ,)
	  (NP-SBJ (PRO he))
	  (VBD went)
	  (PP (RP down)
	      (P to)
	      (NP (NPR Egypt)
		  (CP-REL *ICH*-2)))
	  (IP-INF-PRP (TO to)
		      (VB sojourn)
		      (ADVP-LOC (ADV there)))
	  (, ,)
	  (PP (P+N because)
	      (CP-ADV (C 0)
		      (IP-SUB (NP-SBJ (PRO it))
			      (BED was)
			      (ADJP (ADJ grievous)))))
	  (, .)
	  (CP-REL-2 (WNP-3 (WPRO Which))
		    (C 0)
		    (IP-SUB (PP (P as)
				(CP-ADV (C 0)
					(IP-SUB (NP-SBJ (PRO he))
						(BED was)
						(VBN got)
						(ADJP-LOC (ADJ near)
							  (IP-INF (TO to)
								  (VB enter)
								  (PP (P into)
								      (NP *T*-3)))))))
			    (, ,)
			    (NP-SBJ (PRO he))
			    (VBD said)
			    (PP (P to)
				(NP (PRO$ his)
				    (N Wife)
				    (NP-PRN (NPR Sarai))))
			    (, ;)
			    (IP-MAT-SPE (IP-IMP-PRN-SPE (VBI Behold))
					(ADVP (ADV now))
					(NP-SBJ (PRO I))
					(BEP am)
					(ADJP (ADJ sensible)
					      (CP-THT-SPE (C that)
							  (IP-SUB-SPE (NP-SBJ (PRO thou))
								      (BEP art)
								      (NP-OB1 (D a)
									      (N Woman)
									      (PP (P of)
										  (NP (D a) (ADJ fair) (N Countenance))))))))))
	  (. .))
  (ID PURVER-OLD-1764,12,1G.283))

/~*
So Abram went up from Egypt, with his Wife, and all that he had, accompanied
by Lot, into the South; He being very wealthy in Cattle, in Silver and Gold.
From whence he went on his Journeys to Beth-el, to the Place where his Tent
was at first, between Beth-el and Ai; The same Place where he made an Altar in
the Beginning:
(PURVER-OLD-1764,13,1G.301)
*~/
/*
79 BAG:  79 BAG, 80 being, 75 IP-PPL-ABS
*/

( (IP-MAT (ADVP (ADV So))
	  (NP-SBJ (NPR Abram))
	  (VBD went)
	  (RP up)
	  (PP (P from)
	      (NP (NPR Egypt)))
	  (, ,)
	  (PP (P with)
	      (NP (NP (PRO$ his) (N Wife))
		  (, ,)
		  (CONJP (CONJ and)
			 (NP (Q all)
			     (CP-REL (WNP-1 0)
				     (C that)
				     (IP-SUB (NP-OB1 *T*-1)
					     (NP-SBJ (PRO he))
					     (HVD had)))))))
	  (, ,)
	  (IP-PPL (VAN accompanied)
		  (PP (P by)
		      (NP (NPR Lot))))
	  (, ,)
	  (PP (P into)
	      (NP (D the)
		  (N South)
		  (CP-REL *ICH*-2)))
	  (, ;)
	  (IP-PPL-ABS (NP-SBJ (PRO He))
		      (BAG being)
		      (ADJP (ADV very)
			    (ADJ wealthy)
			    (PP (PP (P in)
				    (NP (NS Cattle)))
				(, ,)
				(CONJP (PP (P in)
					   (NP (N Silver) (CONJ and) (N Gold)))))))
	  (, .)
	  (CP-REL-2 (WPP-3 (P From)
			   (WADVP (WADV whence)))
		    (C 0)
		    (IP-SUB (PP *T*-3)
			    (NP-SBJ (PRO he))
			    (VBD went)
			    (PP (P on)
				(NP (PRO$ his) (NS Journeys)))
			    (PP (P to)
				(NP (NPR Beth-el)))
			    (, ,)
			    (PP (P to)
				(NP (D the)
				    (N Place)
				    (CP-REL (WADVP-4 (WADV where))
					    (C 0)
					    (IP-SUB (ADVP-LOC *T*-4)
						    (NP-SBJ (PRO$ his) (N Tent))
						    (BED was)
						    (PP (P at)
							(ADVP (ADV first)))))
				    (, ,)
				    (PP (P between)
					(NP (NPR Beth-el) (CONJ and) (NPR Ai)))
				    (, ;)
				    (NP-PRN (D The)
					    (ADJ same)
					    (N Place)
					    (CP-REL (WADVP-5 (WADV where))
						    (C 0)
						    (IP-SUB (ADVP-LOC *T*-5)
							    (NP-SBJ (PRO he))
							    (VBD made)
							    (NP-OB1 (D an) (N Altar))
							    (PP (P in)
								(NP (D the) (N Beginning))))))))))
	  (. :))
  (ID PURVER-OLD-1764,13,1G.301))

/~*
Besides there was a Quarrel betwixt them who fed the Cattle of Abram, and
those that fed Lot's Cattle; the Canaanites and Perizzites then dwelling in
the Country. At which Abram said to Lot; Let there be no Contention, I pray,
either between me and thee, or between my Herdmen and thine
(PURVER-OLD-1764,13,1G.304)
*~/
/*
84 VAG:  84 VAG, 85 dwelling, 69 IP-PPL-ABS-SPE
*/

( (IP-MAT (ADVP (ADV Besides))
	  (NP-SBJ-1 (EX there))
	  (BED was)
	  (NP-1 (D a)
		(N Quarrel)
		(PP (P betwixt)
		    (NP (NP (PRO them)
			    (CP-REL-SPE (WNP-2 (WPRO who))
					(C 0)
					(IP-SUB-SPE (NP-SBJ *T*-2)
						    (VBD fed)
						    (NP-OB1 (D the)
							    (NS Cattle)
							    (PP (P of)
								(NP (NPR Abram)))))))
			(, ,)
			(CONJP (CONJ and)
			       (NP (D those)
				   (CP-REL-SPE (WNP-3 0)
					       (C that)
					       (IP-SUB-SPE (NP-SBJ *T*-3)
							   (VBD fed)
							   (NP-OB1 (NPR$ Lot's) (NS Cattle)))))))))
	  (, ;)
	  (IP-PPL-ABS-SPE (NP-SBJ (D the)
				  (NPRS Canaanites)
				  (CONJP (CONJ and)
					 (NX (NPRS Perizzites))))
			  (ADVP-TMP (ADV then))
			  (VAG dwelling)
			  (PP (P in)
			      (NP (D the) (N Country))))
	  (, .)
	  (CP-CAR-SPE (WPP-4 (P At)
			     (WNP (WPRO which)))
		      (C 0)
		      (IP-SUB-SPE (PP *T*-4)
				  (NP-SBJ (NPR Abram))
				  (VBD said)
				  (PP (P to)
				      (NP (NPR Lot)))
				  (, ;)
				  (IP-IMP-SPE (VBI Let)
					      (IP-INF-SPE (NP-SBJ-5 (EX there))
							  (BE be)
							  (NP-5 (Q no) (N Contention))
							  (, ,)
							  (IP-MAT-PRN-SPE (NP-SBJ (PRO I))
									  (VBP pray))
							  (, ,)
							  (PP (CONJ either)
							      (PP (P between)
								  (NP (PRO me) (CONJ and) (PRO thee)))
							      (, ,)
							      (CONJP (CONJ or)
								     (PP (P between)
									 (NP (NP (PRO$ my) (N+NS Herdmen))
									     (CONJP (CONJ and)
										    (NP (PRO$ thine))))))))))))
  (ID PURVER-OLD-1764,13,1G.304))

/~*
and set the Battle in order with them in the Vale of Siddim; Namely with
Chedarlaomer King of Elam, Tidal King of the Nations, Amraphel King of Shinar,
and Arioch King of Ellasar: four Kings being against five.
(PURVER-OLD-1764,14,1G.338)
*~/
/*
120 BAG:  120 BAG, 121 being, 114 IP-PPL-ABS
*/

( (IP-MAT (IP-MAT-1 (CONJ and)
		    (NP-SBJ *con*)
		    (VBD set)
		    (NP-OB1 (D the) (N Battle))
		    (PP (P in)
			(NP (N order)))
		    (PP (P with)
			(NP (PRO them)))
		    (PP (P in)
			(NP (D the)
			    (N Vale)
			    (PP (P of)
				(NP (NPR Siddim))))))
	  (, ;)
	  (CONJP (IP-MAT=1 (ADVP (ADV Namely))
			   (PP (P with)
			       (NP (NP (NPR Chedarlaomer)
				       (NP-PRN (N King)
					       (PP (P of)
						   (NP (NPR Elam)))))
				   (, ,)
				   (CONJP (NP (NPR Tidal)
					      (NP-PRN (N King)
						      (PP (P of)
							  (NP (D the) (NS Nations))))))
				   (, ,)
				   (CONJP (NP (NPR Amraphel)
					      (NP-PRN (N King)
						      (PP (P of)
							  (NP (NPR Shinar))))))
				   (, ,)
				   (CONJP (CONJ and)
					  (NP (NPR Arioch)
					      (NP-PRN (N King)
						      (PP (P of)
							  (NP (NPR Ellasar))))))))
			   (, :)
			   (IP-PPL-ABS (NP-SBJ (NUM four) (NS Kings))
				       (BAG being)
				       (PP (P against)
					   (NP (NUM five))))))
	  (. .))
  (ID PURVER-OLD-1764,14,1G.338))

/~*
And in their going up southward, Caleb went to Hebron, where were Ahiman,
Sheshai and Talmai, the Sons of Anak: Hebron being built seven Years before
Zoan in Egypt.
(PURVER-OLD-1764,13,20N.423)
*~/
/*
78 BAG:  78 BAG, 79 being, 74 IP-PPL-ABS
*/

( (IP-MAT (CONJ And)
	  (PP (P in)
	      (NP (PRO$ their)
		  (IP-PPL (VAG going)
			  (RP up)
			  (ADVP-DIR (N+WARD southward)))))
	  (, ,)
	  (CODE <font>)
	  (NP-SBJ (NPR Caleb))
	  (CODE <$$font>)
	  (VBD went)
	  (PP (P to)
	      (NP (NPR Hebron)
		  (, ,)
		  (CP-REL (WADVP-1 (WADV where))
			  (C 0)
			  (IP-SUB (ADVP-LOC *T*-1)
				  (BED were)
				  (NP-SBJ (NPR Ahiman)
					  (, ,)
					  (NPR Sheshai)
					  (CONJ and)
					  (NPR Talmai)
					  (, ,)
					  (NP-PRN (D the)
						  (NS Sons)
						  (PP (P of)
						      (NP (NPR Anak)))))))))
	  (, :)
	  (IP-PPL-ABS (NP-SBJ (NPR Hebron))
		      (BAG being)
		      (VAN built)
		      (PP (NP-MSR (NUM seven) (NS Years))
			  (P before)
			  (NP (NPR Zoan)
			      (PP (P in)
				  (NP (NPR Egypt))))))
	  (. .))
  (ID PURVER-OLD-1764,13,20N.423))

/~*
According as you were viewing the Country the Number of forty Days, each Day
being for a Year, you shall bear your Iniquities so many Years, and know a
Rupture with me.
(PURVER-OLD-1764,14,20N.490)
*~/
/*
50 BAG:  50 BAG, 51 being, 44 IP-PPL-ABS-SPE
*/

( (IP-MAT-SPE (IP-MAT-SPE-1 (IP-PPL-SPE (VAG According)
					(PP (P as)
					    (CP-ADV-SPE (WADVP-2 0)
							(C 0)
							(IP-SUB-SPE (ADVP *T*-2)
								    (NP-SBJ (PRO you))
								    (BED were)
								    (VAG viewing)
								    (NP-OB1 (D the) (N Country))
								    (NP-MSR (D the)
									    (N Number)
									    (PP (P of)
										(NP (NUM forty) (NS Days))))))))
			    (, ,)
			    (IP-PPL-ABS-SPE (NP-SBJ (Q each) (N Day))
					    (BAG being)
					    (PP (P for)
						(NP (D a) (N Year))))
			    (, ,)
			    (NP-SBJ (PRO you))
			    (MD shall)
			    (VB bear)
			    (NP-OB1 (PRO$ your) (NS Iniquities))
			    (NP-MSR (QP (ADVR so) (Q many))
				    (NS Years)))
	      (, ,)
	      (CONJP (CONJ and)
		     (IP-MAT-SPE=1 (VB know)
				   (NP-OB1 (D a)
					   (N Rupture)
					   (PP (P with)
					       (NP (PRO me))))))
	      (. .))
  (ID PURVER-OLD-1764,14,20N.490))

/~*
And being gathered together against Moses and Aaron, they said to them, You
take a great deal upon you;
(PURVER-OLD-1764,16,1N.512)
*~/
/*
5 BAG:  5 BAG, 6 being, 4 IP-PPL-ABS
*/

( (IP-MAT (CONJ And)
	  (IP-PPL-ABS (BAG being)
		      (VAN gathered)
		      (ADVP (ADV together))
		      (PP (P against)
			  (NP (NPR Moses) (CONJ and) (NPR Aaron))))
	  (, ,)
	  (NP-SBJ (PRO they))
	  (VBD said)
	  (PP (P to)
	      (NP (PRO them)))
	  (, ,)
	  (CODE <font>)
	  (IP-MAT-SPE (NP-SBJ (PRO You))
		      (VBP take)
		      (CODE <$$font>)
		      (NP-OB1 (D a) (ADJ great) (N deal))
		      (PP (P upon)
			  (NP (PRO you))))
	  (. ;))
  (ID PURVER-OLD-1764,16,1N.512))

/~*
Very angry at this, Moses prayed to the Lord, Have no regard to their Offering;
I having not taken so much as an Ass from them, nor hurt one of them.
(PURVER-OLD-1764,16,1N.534)
*~/
/*
53 HAG:  53 HAG, 54 having, 48 IP-PPL-ABS-SPE
*/

( (IP-MAT (ADJP-SPR (ADV Very)
		    (ADJ angry)
		    (PP (P at)
			(NP (D this))))
	  (, ,)
	  (NP-SBJ (NPR Moses))
	  (VBD prayed)
	  (PP (P to)
	      (NP (D the) (NPR Lord)))
	  (, ,)
	  (IP-IMP-SPE (HVI Have)
		      (NP-OB1 (Q no) (N regard))
		      (PP (P to)
			  (NP (PRO$ their) (N Offering)))
		      (, ;)
		      (IP-PPL-ABS-SPE (IP-PPL-SPE-1 (NP-SBJ (PRO I))
						    (HAG having)
						    (NEG not)
						    (VBN taken)
						    (CODE <font>)
						    (NP-OB1 (QP (ADVR so) (Q much))
							    (PP (P as)
								(CODE <$$font>)
								(NP (D an) (N Ass))))
						    (PP (P from)
							(NP (PRO them))))
				      (, ,)
				      (CONJP (CONJ nor)
					     (IP-PPL-SPE=1 (VBN hurt)
							   (NP-OB1 (ONE one)
								   (PP (P of)
								       (NP (PRO them))))))))
	  (. .))
  (ID PURVER-OLD-1764,16,1N.534))

/~*
and putting Fire into them, and laying Incense upon them, stood at the Door of
the publick Tent, with Moses and Aaron. Whither Korah having gathered the
whole Assembly against them, the Glory of the Lord appeared to them all.
(PURVER-OLD-1764,16,1N.538)
*~/
/*
87 HAG:  87 HAG, 88 having, 83 IP-PPL-ABS
*/

( (IP-MAT (CONJ and)
	  (NP-SBJ *con*)
	  (IP-PPL (IP-PPL (VAG putting)
			  (NP-OB1 (N Fire))
			  (PP (P into)
			      (NP (PRO them))))
		  (, ,)
		  (CONJP (CONJ and)
			 (IP-PPL (VAG laying)
				 (NP-OB1 (N Incense))
				 (PP (P upon)
				     (NP (PRO them))))))
	  (, ,)
	  (VBD stood)
	  (PP (P at)
	      (NP (D the)
		  (N Door)
		  (PP (P of)
		      (NP (D the)
			  (ADJ publick)
			  (N Tent)
			  (CP-REL *ICH*-1)))))
	  (, ,)
	  (PP (P with)
	      (NP (NPR Moses) (CONJ and) (NPR Aaron)))
	  (, .)
	  (CP-REL-1 (WADVP-2 (WADV Whither))
		    (C 0)
		    (IP-SUB (ADVP-DIR *T*-2)
			    (IP-PPL-ABS (NP-SBJ (NPR Korah))
					(HAG having)
					(VBN gathered)
					(NP-OB1 (D the) (ADJ whole) (N Assembly))
					(PP (P against)
					    (NP (PRO them))))
			    (, ,)
			    (NP-SBJ (D the)
				    (N Glory)
				    (PP (P of)
					(NP (D the) (NPR Lord))))
			    (VBD appeared)
			    (PP (P to)
				(NP (PRO them)
				    (QP (Q all))))))
	  (. .))
  (ID PURVER-OLD-1764,16,1N.538))

/~*
and went to Dathan and Abiram, the Elders of Israel following him:
(PURVER-OLD-1764,16,20N.545)
*~/
/*
32 VAG:  32 VAG, 33 following, 20 IP-PPL-ABS
*/

( (IP-MAT (CONJ and)
	  (NP-SBJ *con*)
	  (VBD went)
	  (PP (P to)
	      (NP (NPR Dathan) (CONJ and) (NPR Abiram)))
	  (, ,)
	  (IP-PPL-ABS (NP-SBJ (D the)
			      (NS Elders)
			      (PP (P of)
				  (NP (NPR Israel))))
		      (VAG following)
		      (NP-OB1 (PRO him)))
	  (. :))
  (ID PURVER-OLD-1764,16,20N.545))

/~*
and the Plague being indeed begun among the People, he put on the Incense,
(PURVER-OLD-1764,16,40N.579)
*~/
/*
10 BAG:  10 BAG, 11 being, 4 IP-PPL-ABS
*/

( (IP-MAT (CONJ and)
	  (IP-PPL-ABS (NP-SBJ (D the) (N Plague))
		      (BAG being)
		      (PP (P+N indeed))
		      (VBN begun)
		      (PP (P among)
			  (NP (D the) (NS People))))
	  (, ,)
	  (NP-SBJ (PRO he))
	  (VBD put)
	  (RP on)
	  (NP-OB1 (D the) (N Incense))
	  (. ,))
  (ID PURVER-OLD-1764,16,40N.579))

/~*
and all the Princes gave him twelve Staves, each Prince one, for the Household
of their Fathers, Aaron's Staff being among theirs.
(PURVER-OLD-1764,17,1N.595)
*~/
/*
58 BAG:  58 BAG, 59 being, 52 IP-PPL-ABS
*/

( (IP-MAT-1 (CONJ and)
	    (NP-SBJ (Q all) (D the) (NS Princes))
	    (VBD gave)
	    (NP-OB2 (PRO him))
	    (NP-OB1 (NUM twelve) (NS Staves))
	    (, ,)
	    (IP-MAT-PRN=1 (NP-SBJ (Q each) (N Prince))
			  (NP-OB1 (ONE one)))
	    (, ,)
	    (PP (P for)
		(NP (D the)
		    (N Household)
		    (PP (P of)
			(NP (PRO$ their) (NS Fathers)))))
	    (, ,)
	    (IP-PPL-ABS (NP-SBJ (NPR$ Aaron's) (N Staff))
			(BAG being)
			(PP (P among)
			    (NP (PRO$ theirs))))
	    (. .))
  (ID PURVER-OLD-1764,17,1N.595))
/*
FOOTER
  source file, hits/tokens/total
  C:\Users\Shoo\Dropbox\workspace\CorpusSearch_Auto\data\corporas\PPCMBE\temp1492106160469\bible_and_apocrypha\purver-old-1764.psd	24/23/605
*/
/*
SUMMARY:  
source files, hits/tokens/total
  C:\Users\Shoo\Dropbox\workspace\CorpusSearch_Auto\data\corporas\PPCMBE\temp1492106160469\bible_and_apocrypha\erv-new-1881.psd	1/1/1047
  C:\Users\Shoo\Dropbox\workspace\CorpusSearch_Auto\data\corporas\PPCMBE\temp1492106160469\bible_and_apocrypha\erv-old-1885.psd	4/2/846
  C:\Users\Shoo\Dropbox\workspace\CorpusSearch_Auto\data\corporas\PPCMBE\temp1492106160469\bible_and_apocrypha\newcome-new-1796.psd	1/1/1045
  C:\Users\Shoo\Dropbox\workspace\CorpusSearch_Auto\data\corporas\PPCMBE\temp1492106160469\bible_and_apocrypha\purver-new-1764.psd	11/9/974
  C:\Users\Shoo\Dropbox\workspace\CorpusSearch_Auto\data\corporas\PPCMBE\temp1492106160469\bible_and_apocrypha\purver-old-1764.psd	24/23/605
whole search, hits/tokens/total
		41/36/4517
*/
