/*
PREFACE:  
Copyright 2010 Beth Randall
Date:  Thu Apr 13 18:48:33 BST 2017

command file:     data\searches\queries\YCOE\progressive_forms_added_to_non-verbal_predicates.q
output file:      C:\Users\Shoo\Dropbox\workspace\CorpusSearch_Auto\data\output\13-04-2017 18.46.36.333 YCOE\progressive_forms_added_to_nonverbal_predicates\science_astronomy_geography\result.out

node:   *PRD*|AXG*|BAG*|HAG*|VAG*
query:  (AXG*|BAG*|HAG*|VAG* Dominates  !AXG*|BAG*|HAG*|VAG*) 
  AND  (*PRD* Dominates  AXG*|BAG*|HAG*|VAG*) 
*/
/*
HEADER:
source file:  C:\Users\Shoo\Dropbox\workspace\CorpusSearch_Auto\data\corporas\YCOE\temp1492105600559\science_astronomy_geography\cobyrhtf.o3.psd
*/

/~*
+Tas fif dagas beo+d +ta rihtinga +te we gyfa+d Martio, +tus cwe+dende:
(cobyrhtf,ByrM_1_[Baker-Lapidge]:2.1.81.637)
*~/
/*
40 VAG^N:  40 VAG^N, 41 cwe+dende, 13 NP-NOM-PRD
*/
( (CODE <T22710045900,2.1.81>)
  (IP-MAT (NP-NOM (D^N +Tas) (NUM fif) (N^N dagas))
	  (BEPI beo+d)
	  (NP-NOM-PRD (D^N +ta)
		      (N^N rihtinga)
		      (CP-REL (WNP-1 0)
			      (C +te)
			      (IP-SUB (NP *T*-1)
				      (NP-NOM (PRO^N we))
				      (VBPI gyfa+d)
				      (NP-DAT (NR^D Martio))
				      (, ,)
				      (PTP-NOM (ADVP (ADV +tus))
					       (VAG^N cwe+dende)))))
	  (. :))
  (ID cobyrhtf,ByrM_1_[Baker-Lapidge]:2.1.81.637))
/*
FOOTER
  source file, hits/tokens/total
  C:\Users\Shoo\Dropbox\workspace\CorpusSearch_Auto\data\corporas\YCOE\temp1492105600559\science_astronomy_geography\cobyrhtf.o3.psd	1/1/813
*/
/*
HEADER:
source file:  C:\Users\Shoo\Dropbox\workspace\CorpusSearch_Auto\data\corporas\YCOE\temp1492105600559\science_astronomy_geography\comarvel.o23.psd
*/

/~*
Hi beo+d to +tam swifte +t+at +da men wena+d +t+at hi fleogende syn.
(comarvel,Marv:9.9.61)
*~/
/*
36 VAG:  36 VAG, 37 fleogende, 9 ADJP-NOM-PRD
*/

( (CODE <T23010005000,9.9>)
  (IP-MAT (NP-NOM (PRO^N Hi))
	  (BEPI beo+d)
	  (ADJP-NOM-PRD (PP (P to)
			    (NP-DAT (D^D +tam)))
			(ADJ^N swifte)
			(CP-DEG (C +t+at)
				(IP-SUB (NP-NOM (D^N +da) (N^N men))
					(VBPI wena+d)
					(CP-THT (C +t+at)
						(IP-SUB (NP-NOM (PRO^N hi))
							(VAG fleogende)
							(BEPS syn))))))
	  (. .))
  (ID comarvel,Marv:9.9.61))
/*
FOOTER
  source file, hits/tokens/total
  C:\Users\Shoo\Dropbox\workspace\CorpusSearch_Auto\data\corporas\YCOE\temp1492105600559\science_astronomy_geography\comarvel.o23.psd	1/1/163
*/
/*
HEADER:
source file:  C:\Users\Shoo\Dropbox\workspace\CorpusSearch_Auto\data\corporas\YCOE\temp1492105600559\science_astronomy_geography\cotempo.o3.psd
*/

/~*
An +d+ara d+ala is on +alemiddan weallende & unwunigendlic, for +d+are sunnan
neawiste, on +dam ne earda+d nan eor+dlic man for +dam unaberendlicum bryne,
(cotempo,+ATemp:6.24.239)
*~/
/*
24 VAG^N:  24 VAG^N, 25 weallende, 16 ADJP-NOM-PRD
*/

( (CODE <T03990016600,6.24>)
  (IP-MAT (NP-NOM (NUM^N An)
		  (NP-GEN (D^G +d+ara) (N^G d+ala))
		  (CP-REL *ICH*-2))
	  (BEPI is)
	  (ADJP-NOM-PRD (PTP-NOM (PP (P on)
				     (NP (N +alemiddan)))
				 (VAG^N weallende))
			(CONJP (CONJ &)
			       (ADJP-NOM (ADJ^N unwunigendlic)
					 (, ,)
					 (PP (P for)
					     (NP (NP-GEN (D^G +d+are) (N^G sunnan))
						 (N neawiste))))))
	  (, ,)
	  (CP-REL-2 (WPP-1 (P on)
			   (NP-DAT (D^D +dam)))
		    (C 0)
		    (IP-SUB (PP *T*-1)
			    (NEG ne)
			    (VBPI earda+d)
			    (NP-NOM (NEG+Q^N nan) (ADJ^N eor+dlic) (N^N man))
			    (PP (P for)
				(NP-DAT (D^D +dam) (ADJ^D unaberendlicum) (N^D bryne)))))
	  (. ,))
  (ID cotempo,+ATemp:6.24.239))
/*
FOOTER
  source file, hits/tokens/total
  C:\Users\Shoo\Dropbox\workspace\CorpusSearch_Auto\data\corporas\YCOE\temp1492105600559\science_astronomy_geography\cotempo.o3.psd	1/1/384
*/
/*
SUMMARY:  
source files, hits/tokens/total
  C:\Users\Shoo\Dropbox\workspace\CorpusSearch_Auto\data\corporas\YCOE\temp1492105600559\science_astronomy_geography\cobyrhtf.o3.psd	1/1/813
  C:\Users\Shoo\Dropbox\workspace\CorpusSearch_Auto\data\corporas\YCOE\temp1492105600559\science_astronomy_geography\comarvel.o23.psd	1/1/163
  C:\Users\Shoo\Dropbox\workspace\CorpusSearch_Auto\data\corporas\YCOE\temp1492105600559\science_astronomy_geography\cotempo.o3.psd	1/1/384
whole search, hits/tokens/total
		3/3/1360
*/
