/*
PREFACE:  
Copyright 2010 Beth Randall
Date:  Thu Apr 13 18:54:32 BST 2017

command file:     data\searches\queries\PENN\progressive_forms_in_prepositional_phrases_appositive_parenthetical.q
output file:      C:\Users\Shoo\Dropbox\workspace\CorpusSearch_Auto\data\output\13-04-2017 18.46.36.333 PPCEME\progressive_forms_in_prepositional_phrases_appositive_parenthetical\medicine_handbooks_religious_and_educational_treatises\result.out

node:   PP-*PRN*|BAG*|HAG*|VAG*|DAG*
query:  (BAG*|HAG*|VAG*|DAG* Dominates  !BAG*|HAG*|VAG*|DAG*) 
  AND  (PP-*PRN* Dominates  BAG*|HAG*|VAG*|DAG*) 
*/
/*
HEADER:
source file:  C:\Users\Shoo\Dropbox\workspace\CorpusSearch_Auto\data\corporas\PPCEME\temp1492105854173\medicine_handbooks_religious_and_educational_treatises\asch-e1-h.psd
*/

/~*
Cambrige, at my first comming thither, but not at my going away, committed
this fault in reading the preceptes of Aristotle without the examples of other
Authors:
(ASCH-E1-H,53V.131)
*~/
/*
55 VAG:  55 VAG, 56 reading, 51 PP-PRN
*/
( (IP-MAT (NP-SBJ (NPR Cambrige))
	  (, ,)
	  (PP (PP (P at)
		  (NP (PRO$ my)
		      (IP-PPL (ADVP-TMP (ADV first))
			      (VAG comming)
			      (ADVP-DIR (ADV thither)))))
	      (, ,)
	      (CONJP (CONJ but)
		     (PP (NEG not)
			 (P at)
			 (NP (PRO$ my)
			     (IP-PPL (VAG going)
				     (ADVP-DIR (ADV away)))))))
	  (, ,)
	  (VBD committed)
	  (NP-OB1 (D this)
		  (N fault)
		  (PP-PRN (P in)
			  (IP-PPL (VAG reading)
				  (NP-OB1 (D the)
					  (NS preceptes)
					  (PP (P of)
					      (CODE <font>)
					      (NP (NPR Aristotle))))
				  (CODE <$$font>)
				  (PP (P without)
				      (NP (D the)
					  (NS examples)
					  (PP (P of)
					      (NP (OTHER other) (NS Authors))))))))
	  (. :))
  (ID ASCH-E1-H,53V.131))

/~*
contention in youth, no where for learning: factions in the elders euery where
for trifles. All which miseries at length, by Gods prouidence, had their end
16. Nouemb. 1558. Since which tyme, the yong spring hath shot vp so faire, as
now there be in Cambrige againe, many goodly plantes as did well appeare at
the Queenes Maiesties late being there which are like to grow to mightie great
timber, to the honor of learning, and great good of their contrie, if they may
stand their tyme, as the best plantes there were wont to do: and if som old
dotterell trees, with standing ouer nie them, and dropping vpon them, do not
either hinder, or crooke their growing, wherein my feare is y=e= lesse, seing
so worthie a Iustice of an Oyre hath the present ouersight of that whole chace,
who was himselfe somtym, in the fairest spring that euer was there of learning,
one of the forwardest yong plantes, in all that worthy College of S. Ihones:
who now by grace is growne to soch greatnesse, as, in the temperate and quiet
shade of his wisdome, next the prouide~ce of God, and goodnes of one, in theis
our daies, Religio for sinceritie, literae for order and aduauncement, Respub.
for happie and quiet gouernment, haue to great rejoysing of all good men,
speciallie reposed them selues.
(ASCH-E1-H,56R.186)
*~/
/*
213 BAG:  213 BAG, 214 being, 179 PP-PRN
*/

( (IP-ABS (IP-ABS-1 (NP-SBJ (N contention)
			    (PP (P in)
				(NP (N youth))))
		    (, ,)
		    (ADVP-LOC (Q no) (WADV where))
		    (PP (P for)
			(CODE <P_56R>)
			(NP (N learning))))
	  (, :)
	  (CONJP (IP-ABS=1 (NP-SBJ (NS factions)
				   (PP (P in)
				       (NP (D the) (NS elders))))
			   (ADVP-LOC (Q euery) (WADV where))
			   (PP (P for)
			       (NP (NS trifles)))))
	  (, .)
	  (CP-CAR (WNP-2 (Q All) (WD which) (NS miseries))
		  (C 0)
		  (IP-SUB (NP-SBJ *T*-2)
			  (PP (P at)
			      (NP (N length)))
			  (, ,)
			  (PP (P by)
			      (NP (NPR$ Gods) (N prouidence)))
			  (, ,)
			  (HVD had)
			  (NP-OB1 (PRO$ their) (N end))
			  (NP-TMP (NUM 16.) (CODE <font>) (NPR Nouemb.) (CODE <$$font>) (NUM 1558))))
	  (, .)
	  (CP-CAR (WPP-3 (P Since)
			 (WNP (WD which) (N tyme)))
		  (C 0)
		  (, ,)
		  (IP-SUB (PP *T*-3)
			  (NP-SBJ (D the) (ADJ yong) (N spring))
			  (HVP hath)
			  (VBN shot)
			  (RP vp)
			  (ADJP-SPR (ADVR so)
				    (ADJ faire)
				    (, ,)
				    (PP (P as)
					(CP-DEG (C 0)
						(IP-SUB (ADVP-TMP (ADV now))
							(NP-SBJ-4 (EX there))
							(BEP be)
							(PP (P in)
							    (NP (NPR Cambrige)))
							(ADVP (ADV againe))
							(, ,)
							(NP-4 (Q many)
							      (ADJ goodly)
							      (NS plantes)
							      (CP-REL *ICH*-6))
							(CODE <paren>)
							(PP-PRN (P as)
								(CP-ADV (WNP-5 0)
									(C 0)
									(IP-SUB (NP-SBJ *T*-5)
										(DOD did)
										(ADVP (ADV well))
										(VB appeare)
										(PP (P at)
										    (NP (NP-POS (NP-POS (D the) (N$ Queenes))
												(N$ Maiesties))
											(IP-PPL (ADVP-TMP (ADV late))
												(BAG being)
												(ADVP-LOC (ADV there))))))))
							(CODE <$$paren>)
							(CP-REL-6 (WNP-7 (WPRO which))
								  (C 0)
								  (IP-SUB (NP-SBJ *T*-7)
									  (BEP are)
									  (ADJP (ADJ like)
										(IP-INF (TO to)
											(VB grow)
											(PP (P to)
											    (NP (ADJ mightie) (ADJ great) (N timber)))
											(, ,)
											(PP (P to)
											    (NP (D the)
												(N honor)
												(PP (P of)
												    (NP (N learning)))
												(, ,)
												(CONJP (CONJ and)
												       (NX (ADJ great)
													   (N good)
													   (PP (P of)
													       (NP (PRO$ their) (N contrie)))))))))
									  (, ,)
									  (PP (PP (P if)
										  (CP-ADV (C 0)
											  (IP-SUB (NP-SBJ (PRO they))
												  (MD may)
												  (VB stand)
												  (NP-OB1 (PRO$ their) (N tyme))
												  (, ,)
												  (PP (P as)
												      (CP-ADV (WNP-8 0)
													      (C 0)
													      (IP-SUB (NP-SBJ (D the)
															      (ADJS best)
															      (NS plantes)
															      (ADVP-LOC (ADV there)))
														      (BED were)
														      (VAN wont)
														      (IP-INF (NP-OB1 *T*-8)
															      (TO to)
															      (DO do))))))))
									      (, :)
									      (CONJP (CONJ and)
										     (PP (P if)
											 (CP-ADV (C 0)
												 (IP-SUB (NP-SBJ (Q som) (ADJ old) (N dotterell) (NS trees))
													 (, ,)
													 (PP (P with)
													     (IP-PPL (IP-PPL (VAG standing)
															     (ADJP-LOC (ADVR ouer)
																       (ADJ nie)
																       (NP (PRO them))))
														     (, ,)
														     (CONJP (CONJ and)
															    (IP-PPL (VAG dropping)
																    (PP (P vpon)
																	(NP (PRO them)))))))
													 (, ,)
													 (DOP do)
													 (NEG not)
													 (VB (CONJ either) (VB hinder) (, ,) (CONJ or) (VB crooke))
													 (NP-OB1 (PRO$ their) (N growing))
													 (, ,)
													 (CP-CAR (WPP-9 (WADV+P wherein))
														 (C 0)
														 (IP-SUB (NP-SBJ (PRO$ my)
																 (N feare)
																 (PP *T*-9))
															 (BEP is)
															 (ADJP (D y=e=) (QR lesse))
															 (, ,)
															 (IP-PPL (VAG seing)
																 (CP-THT (C 0)
																	 (IP-SUB (NP-SBJ (ADJP (ADVR so) (ADJ worthie))
																			 (D a)
																			 (N Iustice)
																			 (PP (P of)
																			     (NP (D an) (N Oyre)))
																			 (CP-REL *ICH*-10)
																			 (CP-REL *ICH*-14))
																		 (HVP hath)
																		 (NP-OB1 (D the)
																			 (ADJ present)
																			 (N ouersight)
																			 (PP (P of)
																			     (NP (D that) (ADJ whole) (N chace))))
																		 (, ,)
																		 (CP-REL-10 (WNP-11 (WPRO who)
																				    (NP-PRN *ICH*-12))
																			    (C 0)
																			    (IP-SUB (NP-SBJ *T*-11)
																				    (BED was)
																				    (NP-PRN-12 (PRO+N himselfe))
																				    (NP-TMP (Q+N somtym)
																					    (, ,)
																					    (PP (P in)
																						(NP (D the)
																						    (ADJS fairest)
																						    (N spring)
																						    (CP-REL (WNP-13 0)
																							    (C that)
																							    (IP-SUB (NP-SBJ *T*-13)
																								    (ADVP-TMP (ADV euer))
																								    (BED was)
																								    (ADVP-LOC (ADV there))))
																						    (PP (P of)
																							(NP (N learning))))))
																				    (, ,)
																				    (NP-OB1 (ONE one)
																					    (PP (P of)
																						(NP (D the) (ADJS forwardest) (ADJ yong) (NS plantes))))
																				    (, ,)
																				    (PP (P in)
																					(NP (Q all)
																					    (D that)
																					    (ADJ worthy)
																					    (N College)
																					    (PP (P of)
																						(CODE <font>)
																						(NP (NP-POS (NPR S.) (NPR$ Ihones))))))))
																		 (CODE <$$font>)
																		 (, :)
																		 (CP-REL-14 (WNP-15 (WPRO who))
																			    (C 0)
																			    (IP-SUB (NP-SBJ *T*-15)
																				    (ADVP-TMP (ADV now))
																				    (PP (P by)
																					(NP (N grace)))
																				    (BEP is)
																				    (VAN growne)
																				    (PP (P to)
																					(NP (ADJP (SUCH soch)
																						  (CP-DEG *ICH*-16))
																					    (N greatnesse)
																					    (, ,)
																					    (CP-DEG-16 (C as)
																						       (, ,)
																						       (IP-SUB-17 (PP (P in)
																								      (NP (D the)
																									  (ADJP (ADJ temperate) (CONJ and) (ADJ quiet))
																									  (N shade)
																									  (PP (P of)
																									      (NP (PRO$ his) (N wisdome)))))
																								  (, ,)
																								  (ADJP-LOC (ADJS next)
																									    (NP (D the)
																										(N prouide~ce)
																										(PP (P of)
																										    (NP (NPR God)))
																										(, ,)
																										(CONJP (CONJ and)
																										       (NX (N goodnes)
																											   (PP (P of)
																											       (NP (ONE one)))))))
																								  (, ,)
																								  (PP (P in)
																								      (NP (D theis) (PRO$ our) (NS daies)))
																								  (, ,)
																								  (NP-SBJ (FW Religio))
																								  (PP (P for)
																								      (NP (N sinceritie)))
																								  (, ,)
																								  (IP-SUB-PRN=17 (NP-SBJ (FW literae))
																										 (PP (P for)
																										     (NP (N order) (CONJ and) (N aduauncement))))
																								  (, ,)
																								  (IP-SUB-PRN=17 (NP-SBJ (FW Respub.))
																										 (PP (P for)
																										     (NP (ADJP (ADJ happie) (CONJ and) (ADJ quiet))
																											 (N gouernment))))
																								  (, ,)
																								  (HVP haue)
																								  (PP (P to)
																								      (NP (ADJ great)
																									  (N rejoysing)
																									  (PP (P of)
																									      (NP (Q all) (ADJ good) (NS men)))))
																								  (, ,)
																								  (ADVP (ADV speciallie))
																								  (VBN reposed)
																								  (NP-OB1 (PRO them) (N selues))))))))))))))))))))))))))
	  (. .))
  (ID ASCH-E1-H,56R.186))
/*
FOOTER
  source file, hits/tokens/total
  C:\Users\Shoo\Dropbox\workspace\CorpusSearch_Auto\data\corporas\PPCEME\temp1492105854173\medicine_handbooks_religious_and_educational_treatises\asch-e1-h.psd	2/2/186
*/
/*
HEADER:
source file:  C:\Users\Shoo\Dropbox\workspace\CorpusSearch_Auto\data\corporas\PPCEME\temp1492105854173\medicine_handbooks_religious_and_educational_treatises\asch-e1-p1.psd
*/
/*
FOOTER
  source file, hits/tokens/total
  C:\Users\Shoo\Dropbox\workspace\CorpusSearch_Auto\data\corporas\PPCEME\temp1492105854173\medicine_handbooks_religious_and_educational_treatises\asch-e1-p1.psd	0/0/217
*/
/*
HEADER:
source file:  C:\Users\Shoo\Dropbox\workspace\CorpusSearch_Auto\data\corporas\PPCEME\temp1492105854173\medicine_handbooks_religious_and_educational_treatises\asch-e1-p2.psd
*/
/*
FOOTER
  source file, hits/tokens/total
  C:\Users\Shoo\Dropbox\workspace\CorpusSearch_Auto\data\corporas\PPCEME\temp1492105854173\medicine_handbooks_religious_and_educational_treatises\asch-e1-p2.psd	0/0/195
*/
/*
HEADER:
source file:  C:\Users\Shoo\Dropbox\workspace\CorpusSearch_Auto\data\corporas\PPCEME\temp1492105854173\medicine_handbooks_religious_and_educational_treatises\bacon-e2-h.psd
*/

/~*
So in naturall Historie, wee see there hath not beene that choise and
iudgement vsed, as ought to haue beene, as may appeare in the writings of
Plinius, Cardanus, Albertus, and diuers of the Arabians, being fraught with
much fabulous matter, a great part, not onely vntryed, but notoriously vntrue,
to the great derogation of the credite of naturall Philosophie, with the graue
and sober kinde of wits; wherein the wisedome and integritie of Aristotle is
worthy to be obserued, that hauing made so diligent and exquisite a Historie
of liuing creatures, hath mingled it sparingly with any vaine or fayned matter,
and yet on thother sake, hath cast all prodigious Narrations, which he thought
worthy the recording into one Booke: excellently discerning that matter of
manifest truth, such wherevpon obseruation and rule was to bee built, was not
to bee mingled or weakened with matter of doubtfull credite: and yet againe
that rarities and reports, that seeme vncredible, are not to be suppressed or
denyed to the memorie of men.
(BACON-E2-H,1,22R.75)
*~/
/*
138 BAG:  138 BAG, 139 being, 73 PP-PRN
*/

( (IP-MAT (ADVP (ADV So))
	  (PP (P in)
	      (NP (ADJ naturall) (N Historie)))
	  (, ,)
	  (NP-SBJ (PRO wee))
	  (VBP see)
	  (CP-THT (C 0)
		  (IP-SUB (NP-SBJ-1 (EX there))
			  (HVP hath)
			  (NEG not)
			  (CODE <P_1,22R>)
			  (BEN beene)
			  (NP-1 (D that)
				(N choise)
				(CONJP (CONJ and)
				       (NX (N iudgement))))
			  (VAN vsed)
			  (, ,)
			  (PP (P as)
			      (CP-ADV (WNP-2 0)
				      (C 0)
				      (IP-SUB (NP-SBJ *T*-2)
					      (MD ought)
					      (TO to)
					      (HV haue)
					      (BEN beene)
					      (VAN *))))
			  (, ,)
			  (PP-PRN (P as)
				  (CP-ADV (WNP-3 0)
					  (C 0)
					  (IP-SUB (NP-SBJ *T*-3)
						  (MD may)
						  (VB appeare)
						  (PP (P in)
						      (NP (D the)
							  (NS writings)
							  (PP (P of)
							      (CODE <font>)
							      (NP (NP (NPR Plinius))
								  (, ,)
								  (CONJP (NP (NPR Cardanus)))
								  (, ,)
								  (CONJP (NP (NPR Albertus)))
								  (CODE <$$font>)
								  (, ,)
								  (CONJP (CONJ and)
									 (ADJP (ADJ diuers)
									       (PP (P of)
										   (NP (D the) (NPRS Arabians)))))))
							  (, ,)
							  (RRC (BAG being)
							       (VAN fraught)
							       (PP (P with)
								   (NP (Q much) (ADJ fabulous) (N matter))))))
						  (, ,)
						  (IP-ABS (NP-SBJ (D a) (ADJ great) (N part))
							  (, ,)
							  (ADJP (ADJP (NEG not) (FP onely) (ADJ vntryed))
								(, ,)
								(CONJP (CONJ but)
								       (ADJP (ADV notoriously) (ADJ vntrue))))
							  (, ,)
							  (PP (P to)
							      (NP (D the)
								  (ADJ great)
								  (N derogation)
								  (PP (P of)
								      (NP (D the)
									  (N credite)
									  (PP (P of)
									      (NP (ADJ naturall) (N Philosophie)))
									  (, ,)
									  (PP (P with)
									      (NP (D the)
										  (ADJP (ADJ graue) (CONJ and) (ADJ sober))
										  (N kinde)
										  (PP (P of)
										      (NP (NS wits)))))))))))))))
	  (, ;)
	  (CP-CAR (WPP-4 (WADV+P wherein))
		  (C 0)
		  (IP-SUB (PP *T*-4)
			  (NP-SBJ (D the)
				  (N wisedome)
				  (CONJP (CONJ and)
					 (NX (N integritie)))
				  (PP (P of)
				      (CODE <font>)
				      (NP (NPR Aristotle)
					  (CODE <$$font>)
					  (CP-REL *ICH*-5))))
			  (BEP is)
			  (ADJP (ADJ worthy)
				(IP-INF (TO to) (BE be) (VAN obserued)))
			  (, ,)
			  (CP-REL-5 (WNP-6 0)
				    (C that)
				    (IP-SUB (IP-SUB (NP-SBJ *T*-6)
						    (IP-PPL (HAG hauing)
							    (VBN made)
							    (NP-OB1 (ADJP (ADVR so)
									  (ADJ diligent)
									  (CONJP (CONJ and)
										 (ADJX (ADJ exquisite))))
								    (D a)
								    (N Historie)
								    (PP (P of)
									(NP (VAG liuing) (NS creatures)))))
						    (, ,)
						    (HVP hath)
						    (VBN mingled)
						    (NP-OB1 (PRO it))
						    (ADVP (ADV sparingly))
						    (PP (P with)
							(NP (Q any)
							    (ADJP (ADJ vaine) (CONJ or) (VAN fayned))
							    (N matter))))
					    (, ,)
					    (CONJP (CONJ and)
						   (IP-SUB (NP-SBJ *T*-6)
							   (ADVP (ADV yet))
							   (PP (P on)
							       (NP (D+OTHER thother) (N sake)))
							   (, ,)
							   (HVP hath)
							   (VBN cast)
							   (NP-OB1 (Q all)
								   (ADJ prodigious)
								   (NS Narrations)
								   (, ,)
								   (CP-REL (WNP-7 (WPRO which))
									   (C 0)
									   (IP-SUB (NP-SBJ (PRO he))
										   (VBD thought)
										   (IP-SMC (NP-SBJ *T*-7)
											   (ADJP (ADJ worthy)
												 (NP (D the) (N recording)))))))
							   (PP (P into)
							       (NP (ONE one) (N Booke)))
							   (, :)
							   (IP-PPL (ADVP (ADV excellently))
								   (VAG discerning)
								   (CP-THT (CP-THT (C that)
										   (IP-SUB (NP-SBJ (N matter)
												   (PP (P of)
												       (NP (ADJ manifest)
													   (N truth)
													   (, ,)
													   (NP-PRN (SUCH such)
														   (CP-REL (WADVP-8 (WADV+P wherevpon))
															   (C 0)
															   (IP-SUB (ADVP *T*-8)
																   (NP-SBJ (N obseruation) (CONJ and) (N rule))
																   (BED was)
																   (IP-INF (TO to) (BE bee) (VAN built))))))))
											   (, ,)
											   (BED was)
											   (NEG not)
											   (IP-INF (TO to)
												   (BE bee)
												   (VAN (VAN mingled) (CONJ or) (VAN weakened))
												   (PP (P with)
												       (NP (N matter)
													   (PP (P of)
													       (NP (ADJ doubtfull) (N credite))))))))
									   (, :)
									   (CONJP (CONJ and)
										  (ADVP (ADV yet))
										  (ADVP (ADV againe))
										  (CP-THT (C that)
											  (IP-SUB (NP-SBJ (NS rarities)
													  (CONJ and)
													  (NS reports)
													  (, ,)
													  (CP-REL (WNP-9 0)
														  (C that)
														  (IP-SUB (NP-SBJ *T*-9)
															  (VBP seeme)
															  (NP-OB1 (ADJ vncredible)))))
												  (, ,)
												  (BEP are)
												  (NEG not)
												  (IP-INF (IP-INF-10 (TO to) (BE be) (VAN suppressed))
													  (CONJP (CONJ or)
														 (IP-INF=10 (VAN denyed)
															    (PP (P to)
																(NP (D the)
																    (N memorie)
																    (PP (P of)
																	(NP (NS men)))))))))))))))))))
	  (. .))
  (ID BACON-E2-H,1,22R.75))
/*
FOOTER
  source file, hits/tokens/total
  C:\Users\Shoo\Dropbox\workspace\CorpusSearch_Auto\data\corporas\PPCEME\temp1492105854173\medicine_handbooks_religious_and_educational_treatises\bacon-e2-h.psd	1/1/172
*/
/*
HEADER:
source file:  C:\Users\Shoo\Dropbox\workspace\CorpusSearch_Auto\data\corporas\PPCEME\temp1492105854173\medicine_handbooks_religious_and_educational_treatises\bacon-e2-p1.psd
*/
/*
FOOTER
  source file, hits/tokens/total
  C:\Users\Shoo\Dropbox\workspace\CorpusSearch_Auto\data\corporas\PPCEME\temp1492105854173\medicine_handbooks_religious_and_educational_treatises\bacon-e2-p1.psd	0/0/148
*/
/*
HEADER:
source file:  C:\Users\Shoo\Dropbox\workspace\CorpusSearch_Auto\data\corporas\PPCEME\temp1492105854173\medicine_handbooks_religious_and_educational_treatises\bacon-e2-p2.psd
*/

/~*
To passe on, in the first euent or occurrence after the fall of Man; we see as
the Scriptures haue infinite Mysteries, not violating at all the truth of the
Storie or letter an Image of the two Estates, the Contemplatiue state, and the
actiue state, figured in the two persons of Abell and Cain, and in the two
simplest and most primitiue Trades of life: that of the Shepheard who by
reason of his leasure, rest in a place, and liuing in view of heauen, is a
liuely Image of a contemplative life and that of the husbandman; where we see
againe, the fauour and election of God went to the Shepheard, and not to the
tiller of the ground.
(BACON-E2-P2,1,28V.146)
*~/
/*
78 VAG:  78 VAG, 79 violating, 50 PP-PRN
*/

( (IP-MAT (IP-INF (TO To) (VB passe) (RP on))
	  (, ,)
	  (PP (P in)
	      (NP (D the)
		  (ADJ first)
		  (N euent)
		  (CONJP (CONJ or)
			 (NX (N occurrence)))))
	  (PP (P after)
	      (NP (D the)
		  (N fall)
		  (PP (P of)
		      (NP (N Man)))))
	  (, ;)
	  (NP-SBJ (PRO we))
	  (VBP see)
	  (CODE <paren>)
	  (PP-PRN (P as)
		  (CP-ADV (WADVP-1 0)
			  (C 0)
			  (IP-SUB (ADVP *T*-1)
				  (NP-SBJ (D the) (NPRS Scriptures))
				  (HVP haue)
				  (NP-OB1 (ADJ infinite) (NS Mysteries))
				  (, ,)
				  (IP-PPL (NEG not)
					  (VAG violating)
					  (PP (P at)
					      (NP (Q all)))
					  (NP-OB1 (D the)
						  (N truth)
						  (PP (P of)
						      (NP (D the)
							  (N Storie)
							  (CONJP (CONJ or)
								 (NX (N letter))))))))))
	  (CODE <$$paren>)
	  (NP-OB1 (D an)
		  (N Image)
		  (PP (P of)
		      (NP (D the)
			  (NUM two)
			  (NS Estates)
			  (, ,)
			  (NP-PRN (NP (D the) (ADJ Contemplatiue) (N state))
				  (, ,)
				  (CONJP (CONJ and)
					 (NP (D the) (ADJ actiue) (N state))))
			  (, ,)
			  (RRC (VAN figured)
			       (PP (PP (P in)
				       (NP (D the)
					   (NUM two)
					   (NS persons)
					   (PP (P of)
					       (CODE <font>)
					       (NP (NPR Abell) (CODE <$$font>) (CONJ and) (CODE <font>) (NPR Cain)))))
				   (CODE <$$font>)
				   (, ,)
				   (CONJP (CONJ and)
					  (PP (P in)
					      (NP (D the)
						  (NUM two)
						  (ADJP (ADJP (ADJS simplest))
							(CONJP (CONJ and)
							       (ADJP (QS most) (ADJ primitiue))))
						  (NS Trades)
						  (PP (P of)
						      (NP (N life)))
						  (, :)
						  (NP-PRN (NP (D that)
							      (PP (P of)
								  (NP (D the)
								      (N Shepheard)
								      (CODE <paren>)
								      (CP-REL (WNP-2 (WPRO who))
									      (C 0)
									      (IP-SUB (NP-SBJ *T*-2)
										      (PP (P by)
											  (NP (N reason)
											      (PP (P of)
												  (NP (PRO$ his)
												      (N leasure)
												      (, ,)
												      (CONJP (NX (N rest)
														 (PP (P in)
														     (NP (D a) (N place)))))
												      (, ,)
												      (CONJP (CONJ and)
													     (NX (N liuing)
														 (PP (P in)
														     (NP (N view)
															 (PP (P of)
															     (NP (NPR heauen)))))))))))
										      (, ,)
										      (BEP is)
										      (NP-OB1 (D a)
											      (ADJ liuely)
											      (N Image)
											      (PP (P of)
												  (NP (D a) (ADJ contemplative) (N life)))))))))
							  (CODE <$$paren>)
							  (CONJP (CONJ and)
								 (NP (D that)
								     (PP (P of)
									 (NP (D the) (N+N husbandman))))))))))))))
	  (, ;)
	  (CP-CAR (WADVP-3 (WADV where))
		  (C 0)
		  (IP-SUB (ADVP *T*-3)
			  (NP-SBJ (PRO we))
			  (VBP see)
			  (ADVP (ADV againe))
			  (, ,)
			  (CP-THT (C 0)
				  (IP-SUB (NP-SBJ (D the)
						  (N fauour)
						  (CONJP (CONJ and)
							 (NX (N election)))
						  (PP (P of)
						      (NP (NPR God))))
					  (VBD went)
					  (PP (PP (P to)
						  (NP (D the) (N Shepheard)))
					      (, ,)
					      (CONJP (CONJ and)
						     (PP (NEG not)
							 (P to)
							 (NP (D the)
							     (N tiller)
							     (PP (P of)
								 (NP (D the) (N ground)))))))))))
	  (. .))
  (ID BACON-E2-P2,1,28V.146))
/*
FOOTER
  source file, hits/tokens/total
  C:\Users\Shoo\Dropbox\workspace\CorpusSearch_Auto\data\corporas\PPCEME\temp1492105854173\medicine_handbooks_religious_and_educational_treatises\bacon-e2-p2.psd	1/1/178
*/
/*
HEADER:
source file:  C:\Users\Shoo\Dropbox\workspace\CorpusSearch_Auto\data\corporas\PPCEME\temp1492105854173\medicine_handbooks_religious_and_educational_treatises\brinsley-e2-h.psd
*/

/~*
Secondly, for the knowing of the letters besides that common manner practised
in Schooles, which is by oft reading over all the letters forwards and
backwards untill they can say them they may be much furthered thus; That is,
by causing the childe to find out, and to shew you which is a, which b, which
c, which f, and so any other letter.
(BRINSLEY-E2-H,15.109)
*~/
/*
64 VAG:  64 VAG, 65 reading, 25 PP-PRN
*/

( (IP-MAT (ADVP (ADV Secondly))
	  (, ,)
	  (PP (P for)
	      (NP (D the)
		  (N knowing)
		  (PP (P of)
		      (NP (D the) (NS letters)))))
	  (CODE <paren>)
	  (PP-PRN (P besides)
		  (NP (D that)
		      (ADJ common)
		      (N manner)
		      (RRC (VAN practised)
			   (PP (P in)
			       (NP (NS Schooles))))
		      (, ,)
		      (CP-REL (WNP-1 (WPRO which))
			      (C 0)
			      (IP-SUB (NP-SBJ *T*-1)
				      (BEP is)
				      (PP (P by)
					  (IP-PPL (ADVP-TMP (ADV oft))
						  (VAG reading)
						  (RP over)
						  (NP-OB1 (Q all) (D the) (NS letters))
						  (ADVP-DIR (ADV+WARD forwards)
							    (CONJ and)
							    (ADVP (ADV+WARD backwards)))
						  (PP (P untill)
						      (CP-ADV (C 0)
							      (IP-SUB (NP-SBJ (PRO they))
								      (MD can)
								      (VB say)
								      (NP-OB1 (PRO them)))))))))))
	  (CODE <$$paren>)
	  (NP-SBJ (PRO they))
	  (MD may)
	  (BE be)
	  (NP-MSR (Q much))
	  (VAN furthered)
	  (ADVP (ADV thus)
		(, ;)
		(IP-MAT-PRN (NP-SBJ (D That))
			    (BEP is)
			    (, ,)
			    (PP (P by)
				(IP-PPL (VAG causing)
					(IP-INF (IP-INF (NP-SBJ (D the) (N childe))
							(TO to)
							(VB find)
							(RP out))
						(, ,)
						(CONJP (CONJ and)
						       (IP-INF (TO to)
							       (VB shew)
							       (NP-OB2 (PRO you))
							       (CP-QUE (CP-QUE-2 (WNP-1 (WPRO which))
										 (C 0)
										 (IP-SUB (NP-SBJ *T*-1)
											 (BEP is)
											 (NP-OB1 (CODE <font>) (N a) (CODE <$$font>))))
								       (, ,)
								       (CONJP (CP-QUE=2 (WNP-3 (WPRO which))
											(C 0)
											(IP-SUB (NP-SBJ *T*-3)
												(NP-OB1 (CODE <font>) (N b) (CODE <$$font>)))))
								       (, ,)
								       (CONJP (CP-QUE=2 (WNP-4 (WPRO which))
											(C 0)
											(IP-SUB (NP-SBJ *T*-4)
												(NP-OB1 (CODE <font>) (N c) (CODE <$$font>)))))
								       (, ,)
								       (CONJP (CP-QUE=2 (WNP-5 (WPRO which))
											(C 0)
											(IP-SUB (NP-SBJ *T*-5)
												(NP-OB1 (CODE <font>) (N f) (CODE <$$font>)))))
								       (, ,)
								       (CONJP (CONJ and)
									      (FRAG (ADVP (ADV so))
										    (NP (Q any) (OTHER other) (N letter))))))))))))
	  (. .))
  (ID BRINSLEY-E2-H,15.109))
/*
FOOTER
  source file, hits/tokens/total
  C:\Users\Shoo\Dropbox\workspace\CorpusSearch_Auto\data\corporas\PPCEME\temp1492105854173\medicine_handbooks_religious_and_educational_treatises\brinsley-e2-h.psd	1/1/235
*/
/*
HEADER:
source file:  C:\Users\Shoo\Dropbox\workspace\CorpusSearch_Auto\data\corporas\PPCEME\temp1492105854173\medicine_handbooks_religious_and_educational_treatises\brinsley-e2-p1.psd
*/

/~*
For I doe plainely see such a change, that now I doe not only labour in my
place usually without griefe, or any wearinesse at all, but that I can take
ordinarily more true delight and pleasure in following my children by
observing the earnest strife and emulation which is amongst them, which of
them shall doe the best, and in the sensible increase of their learning and
towardnesse then anie one can take in following hawkes and hounds, or in anie
other the pleasantest recreation, as I verily perswade my selfe.
(BRINSLEY-E2-P1,3.38)
*~/
/*
129 VAG:  129 VAG, 130 observing, 124 PP-PRN
*/

( (IP-MAT (CONJ For)
	  (NP-SBJ (PRO I))
	  (DOP doe)
	  (ADVP (ADV plainely))
	  (VB see)
	  (NP-OB1 (ADJP (SUCH such)
			(CP-DEG *ICH*-1))
		  (D a)
		  (N change)
		  (, ,)
		  (CP-DEG-1 (CP-DEG (C that)
				    (IP-SUB (ADVP-TMP (ADV now))
					    (NP-SBJ (PRO I))
					    (DOP doe)
					    (NEG not)
					    (FP only)
					    (VB labour)
					    (PP (P in)
						(NP (PRO$ my) (N place)))
					    (ADVP (ADV usually))
					    (PP (P without)
						(NP (NP (N griefe))
						    (, ,)
						    (CONJP (CONJ or)
							   (NP (Q any) (N wearinesse))))
						(PP (P at)
						    (NP (Q all))))))
			    (, ,)
			    (CONJP (CONJ but)
				   (CP-DEG (C that)
					   (IP-SUB (NP-SBJ (PRO I))
						   (MD can)
						   (VB take)
						   (ADVP (ADV ordinarily))
						   (NP-OB1 (QR more)
							   (ADJ true)
							   (N delight)
							   (CONJP (CONJ and)
								  (NX (N pleasure)))
							   (PP (P in)
							       (IP-PPL (VAG following)
								       (NP-OB1 (PRO$ my) (NS children))
								       (CODE <paren>)
								       (PP-PRN (PP (P by)
										   (IP-PPL (VAG observing)
											   (NP-OB1 (D the)
												   (ADJ earnest)
												   (N strife)
												   (CONJP (CONJ and)
													  (NX (N emulation)))
												   (CP-REL (WNP-2 (WPRO which))
													   (C 0)
													   (IP-SUB (NP-SBJ *T*-2)
														   (BEP is)
														   (PP (P amongst)
														       (NP (PRO them)))))
												   (, ,)
												   (CP-QUE (WNP-3 (WPRO which)
														  (PP (P of)
														      (NP (PRO them))))
													   (C 0)
													   (IP-SUB (NP-SBJ *T*-3)
														   (MD shall)
														   (DO doe)
														   (NP-OB1 (D the) (ADJS best)))))))
									       (, ,)
									       (CONJP (CONJ and)
										      (PP (P in)
											  (NP (D the)
											      (ADJ sensible)
											      (N increase)
											      (PP (P of)
												  (NP (PRO$ their)
												      (N learning)
												      (CONJP (CONJ and)
													     (NX (N towardnesse)))))))))))
							   (CODE <$$paren>)
							   (PP (P then)
							       (CP-CMP (WNP-4 0)
								       (C 0)
								       (IP-SUB (NP-OB1 *T*-4)
									       (NP-SBJ (Q anie) (ONE one))
									       (MD can)
									       (VB take)
									       (PP (PP (P in)
										       (IP-PPL (VAG following)
											       (NP-OB1 (NS hawkes) (CONJ and) (NS hounds))))
										   (, ,)
										   (CONJP (CONJ or)
											  (PP (P in)
											      (NP (Q anie) (OTHER other) (D the) (ADJS pleasantest) (N recreation)))))))))
						   (, ,)
						   (PP (P as)
						       (CP-ADV (WADVP-5 0)
							       (C 0)
							       (IP-SUB (ADVP *T*-5)
								       (NP-SBJ (PRO I))
								       (ADVP (ADV verily))
								       (VBP perswade)
								       (NP-OB1 (PRO$ my) (N selfe))))))))))
	  (. .))
  (ID BRINSLEY-E2-P1,3.38))

/~*
If any require any other little booke meet to enter children; the Schoole of
Vertue is one of the principall and easiest for the first enterers, being full
of precepts of civilitie, and such as children will soone learne and take a
delight in, thorow the roundnesse of the metre, as was said before of the
singing Psalmes:
(BRINSLEY-E2-P1,18.124)
*~/
/*
190 VAG:  190 VAG, 191 singing, 166 PP-PRN
*/

( (IP-MAT (PP (P If)
	      (CP-ADV (C 0)
		      (IP-SUB (NP-SBJ (Q any))
			      (VBP require)
			      (NP-OB1 (Q any)
				      (OTHER other)
				      (ADJ little)
				      (N booke)
				      (ADJP (ADJ meet)
					    (IP-INF (TO to)
						    (VB enter)
						    (NP-OB1 (NS children))))))))
	  (, ;)
	  (NP-SBJ (CODE <font>)
		  (D the)
		  (N Schoole)
		  (PP (P of)
		      (NP (N Vertue)))
		  (CODE <$$font>))
	  (BEP is)
	  (NP-OB1 (ONE one)
		  (PP (P of)
		      (NP (D the)
			  (ADJP (ADJ principall) (CONJ and) (ADJS easiest))
			  (PP (P for)
			      (NP (D the) (ADJ first) (NS enterers))))))
	  (, ,)
	  (IP-PPL (BAG being)
		  (ADJP (ADJ full)
			(PP (P of)
			    (NP (NS precepts)
				(PP (PP (P of)
					(NP (N civilitie)))
				    (, ,)
				    (CONJP (CONJ and)
					   (ADJP (SUCH such)
						 (PP (P as)
						     (CP-CMP (WNP-1 0)
							     (C 0)
							     (IP-SUB (IP-SUB-2 (NP-OB1 *T*-1)
									       (NP-SBJ (NS children))
									       (MD will)
									       (ADVP-TMP (ADV soone))
									       (VB learne))
								     (CONJP (CONJ and)
									    (IP-SUB=2 (VB take)
										      (NP-OB1 (D a)
											      (N delight)
											      (PP (P in)
												  (NP *T*-1)))))
								     (, ,)
								     (PP (P thorow)
									 (NP (D the)
									     (N roundnesse)
									     (PP (P of)
										 (NP (D the) (N metre)))))
								     (, ,)
								     (PP-PRN (P as)
									     (CP-ADV (WNP-3 0)
										     (C 0)
										     (IP-SUB (NP-SBJ *T*-3)
											     (BED was)
											     (VAN said)
											     (ADVP-TMP (ADV before))
											     (PP (P of)
												 (NP (D the) (VAG singing) (NPRS Psalmes))))))))))))))))
	  (. :))
  (ID BRINSLEY-E2-P1,18.124))
/*
FOOTER
  source file, hits/tokens/total
  C:\Users\Shoo\Dropbox\workspace\CorpusSearch_Auto\data\corporas\PPCEME\temp1492105854173\medicine_handbooks_religious_and_educational_treatises\brinsley-e2-p1.psd	2/2/239
*/
/*
HEADER:
source file:  C:\Users\Shoo\Dropbox\workspace\CorpusSearch_Auto\data\corporas\PPCEME\temp1492105854173\medicine_handbooks_religious_and_educational_treatises\brinsley-e2-p2.psd
*/
/*
FOOTER
  source file, hits/tokens/total
  C:\Users\Shoo\Dropbox\workspace\CorpusSearch_Auto\data\corporas\PPCEME\temp1492105854173\medicine_handbooks_religious_and_educational_treatises\brinsley-e2-p2.psd	0/0/228
*/
/*
HEADER:
source file:  C:\Users\Shoo\Dropbox\workspace\CorpusSearch_Auto\data\corporas\PPCEME\temp1492105854173\medicine_handbooks_religious_and_educational_treatises\clowes-e2-h.psd
*/
/*
FOOTER
  source file, hits/tokens/total
  C:\Users\Shoo\Dropbox\workspace\CorpusSearch_Auto\data\corporas\PPCEME\temp1492105854173\medicine_handbooks_religious_and_educational_treatises\clowes-e2-h.psd	0/0/347
*/
/*
HEADER:
source file:  C:\Users\Shoo\Dropbox\workspace\CorpusSearch_Auto\data\corporas\PPCEME\temp1492105854173\medicine_handbooks_religious_and_educational_treatises\clowes-e2-p1.psd
*/

/~*
About thirty yeeres past as it were in the minority of this my practice I did
obserue there was brought vnto me by a Preacher, then being Vicar of Yalding,
a towne in Kent a Maiden about the age of 22. yeares, hauing a stronge and
able body, and of a reasonable good constitution, who was supposed to haue the
Euill, called Struma.
(CLOWES-E2-P1,41.158)
*~/
/*
87 BAG:  87 BAG, 88 being, 73 PP-PRN
*/

( (IP-MAT (ADVP-TMP (NP-MSR (NUMP (ADV About) (NUM thirty))
			    (NS yeeres))
		    (ADV past)
		    (CODE <paren>)
		    (PP-PRN (P as)
			    (CP-ADV (C 0)
				    (IP-SUB (NP-SBJ (PRO it))
					    (BED were)
					    (PP (P in)
						(NP (D the)
						    (N minority)
						    (PP (P of)
							(NP (D this) (PRO$ my) (N practice)))))))))
	  (CODE <$$paren>)
	  (NP-SBJ (PRO I))
	  (DOD did)
	  (VB obserue)
	  (CP-THT (C 0)
		  (IP-SUB (NP-SBJ-1 (EX there))
			  (BED was)
			  (VAN brought)
			  (PP (P vnto)
			      (NP (PRO me)))
			  (CODE <paren>)
			  (PP-PRN (P by)
				  (NP (D a)
				      (N Preacher)
				      (, ,)
				      (RRC (ADVP-TMP (ADV then))
					   (BAG being)
					   (NP-OB1 (N Vicar)
						   (PP (P of)
						       (CODE <font>)
						       (NP (NPR Yalding)
							   (CODE <$$font>)
							   (, ,)
							   (NP-PRN (D a)
								   (N towne)
								   (PP (P in)
								       (CODE <font>)
								       (NP (NPR Kent))))))))))
			  (CODE <$$font>)
			  (NP-1 (D a)
				(N Maiden)
				(PP (P about)
				    (NP (D the)
					(N age)
					(PP (P of)
					    (NP (NUM 22.) (NS yeares)))))
				(, ,)
				(RRC (RRC (HAG hauing)
					  (NP-OB1 (D a)
						  (ADJP (ADJ stronge) (CONJ and) (ADJ able))
						  (N body)))
				     (, ,)
				     (CONJP (CONJ and)
					    (PP (P of)
						(NP (D a)
						    (ADJP (ADV reasonable) (ADJ good))
						    (N constitution)))))
				(, ,)
				(CP-REL (WNP-2 (WPRO who))
					(C 0)
					(IP-SUB (NP-SBJ *T*-2)
						(BED was)
						(VAN supposed)
						(IP-INF (NP-SBJ *T*-2)
							(TO to)
							(HV haue)
							(NP-OB1 (D the)
								(N Euill)
								(, ,)
								(RRC (VAN called)
								     (IP-SMC (NP-SBJ *)
									     (CODE <font>)
									     (NP-OB1 (N Struma)))))))))))
	  (CODE <$$font>)
	  (. .))
  (ID CLOWES-E2-P1,41.158))
/*
FOOTER
  source file, hits/tokens/total
  C:\Users\Shoo\Dropbox\workspace\CorpusSearch_Auto\data\corporas\PPCEME\temp1492105854173\medicine_handbooks_religious_and_educational_treatises\clowes-e2-p1.psd	1/1/359
*/
/*
HEADER:
source file:  C:\Users\Shoo\Dropbox\workspace\CorpusSearch_Auto\data\corporas\PPCEME\temp1492105854173\medicine_handbooks_religious_and_educational_treatises\clowes-e2-p2.psd
*/
/*
FOOTER
  source file, hits/tokens/total
  C:\Users\Shoo\Dropbox\workspace\CorpusSearch_Auto\data\corporas\PPCEME\temp1492105854173\medicine_handbooks_religious_and_educational_treatises\clowes-e2-p2.psd	0/0/260
*/
/*
HEADER:
source file:  C:\Users\Shoo\Dropbox\workspace\CorpusSearch_Auto\data\corporas\PPCEME\temp1492105854173\medicine_handbooks_religious_and_educational_treatises\clowesobs-e2-p2.psd
*/
/*
FOOTER
  source file, hits/tokens/total
  C:\Users\Shoo\Dropbox\workspace\CorpusSearch_Auto\data\corporas\PPCEME\temp1492105854173\medicine_handbooks_religious_and_educational_treatises\clowesobs-e2-p2.psd	0/0/109
*/
/*
HEADER:
source file:  C:\Users\Shoo\Dropbox\workspace\CorpusSearch_Auto\data\corporas\PPCEME\temp1492105854173\medicine_handbooks_religious_and_educational_treatises\elyot-e1-h.psd
*/
/*
FOOTER
  source file, hits/tokens/total
  C:\Users\Shoo\Dropbox\workspace\CorpusSearch_Auto\data\corporas\PPCEME\temp1492105854173\medicine_handbooks_religious_and_educational_treatises\elyot-e1-h.psd	0/0/181
*/
/*
HEADER:
source file:  C:\Users\Shoo\Dropbox\workspace\CorpusSearch_Auto\data\corporas\PPCEME\temp1492105854173\medicine_handbooks_religious_and_educational_treatises\elyot-e1-p1.psd
*/
/*
FOOTER
  source file, hits/tokens/total
  C:\Users\Shoo\Dropbox\workspace\CorpusSearch_Auto\data\corporas\PPCEME\temp1492105854173\medicine_handbooks_religious_and_educational_treatises\elyot-e1-p1.psd	0/0/201
*/
/*
HEADER:
source file:  C:\Users\Shoo\Dropbox\workspace\CorpusSearch_Auto\data\corporas\PPCEME\temp1492105854173\medicine_handbooks_religious_and_educational_treatises\elyot-e1-p2.psd
*/
/*
FOOTER
  source file, hits/tokens/total
  C:\Users\Shoo\Dropbox\workspace\CorpusSearch_Auto\data\corporas\PPCEME\temp1492105854173\medicine_handbooks_religious_and_educational_treatises\elyot-e1-p2.psd	0/0/179
*/
/*
HEADER:
source file:  C:\Users\Shoo\Dropbox\workspace\CorpusSearch_Auto\data\corporas\PPCEME\temp1492105854173\medicine_handbooks_religious_and_educational_treatises\fitzh-e1-h.psd
*/
/*
FOOTER
  source file, hits/tokens/total
  C:\Users\Shoo\Dropbox\workspace\CorpusSearch_Auto\data\corporas\PPCEME\temp1492105854173\medicine_handbooks_religious_and_educational_treatises\fitzh-e1-h.psd	0/0/403
*/
/*
HEADER:
source file:  C:\Users\Shoo\Dropbox\workspace\CorpusSearch_Auto\data\corporas\PPCEME\temp1492105854173\medicine_handbooks_religious_and_educational_treatises\fitzh-e1-p1.psd
*/
/*
FOOTER
  source file, hits/tokens/total
  C:\Users\Shoo\Dropbox\workspace\CorpusSearch_Auto\data\corporas\PPCEME\temp1492105854173\medicine_handbooks_religious_and_educational_treatises\fitzh-e1-p1.psd	0/0/397
*/
/*
HEADER:
source file:  C:\Users\Shoo\Dropbox\workspace\CorpusSearch_Auto\data\corporas\PPCEME\temp1492105854173\medicine_handbooks_religious_and_educational_treatises\fitzh-e1-p2.psd
*/
/*
FOOTER
  source file, hits/tokens/total
  C:\Users\Shoo\Dropbox\workspace\CorpusSearch_Auto\data\corporas\PPCEME\temp1492105854173\medicine_handbooks_religious_and_educational_treatises\fitzh-e1-p2.psd	0/0/400
*/
/*
HEADER:
source file:  C:\Users\Shoo\Dropbox\workspace\CorpusSearch_Auto\data\corporas\PPCEME\temp1492105854173\medicine_handbooks_religious_and_educational_treatises\gifford-e2-h.psd
*/
/*
FOOTER
  source file, hits/tokens/total
  C:\Users\Shoo\Dropbox\workspace\CorpusSearch_Auto\data\corporas\PPCEME\temp1492105854173\medicine_handbooks_religious_and_educational_treatises\gifford-e2-h.psd	0/0/503
*/
/*
HEADER:
source file:  C:\Users\Shoo\Dropbox\workspace\CorpusSearch_Auto\data\corporas\PPCEME\temp1492105854173\medicine_handbooks_religious_and_educational_treatises\gifford-e2-p1.psd
*/
/*
FOOTER
  source file, hits/tokens/total
  C:\Users\Shoo\Dropbox\workspace\CorpusSearch_Auto\data\corporas\PPCEME\temp1492105854173\medicine_handbooks_religious_and_educational_treatises\gifford-e2-p1.psd	0/0/386
*/
/*
HEADER:
source file:  C:\Users\Shoo\Dropbox\workspace\CorpusSearch_Auto\data\corporas\PPCEME\temp1492105854173\medicine_handbooks_religious_and_educational_treatises\gifford-e2-p2.psd
*/
/*
FOOTER
  source file, hits/tokens/total
  C:\Users\Shoo\Dropbox\workspace\CorpusSearch_Auto\data\corporas\PPCEME\temp1492105854173\medicine_handbooks_religious_and_educational_treatises\gifford-e2-p2.psd	0/0/379
*/
/*
HEADER:
source file:  C:\Users\Shoo\Dropbox\workspace\CorpusSearch_Auto\data\corporas\PPCEME\temp1492105854173\medicine_handbooks_religious_and_educational_treatises\hoole-e3-h.psd
*/

/~*
For first there are few children, but in their playing-years, and before they
can be capable of any serious employment in the meanest calling that is may be
so far grounded in the Latine, as to finde that little smattering they have of
it, to be of singular use to them, both for the understanding of the English
Authors which abound now a dayes with borrowed words and the holding discourse
with a sort of men that delight to flant it in Latine.
(HOOLE-E3-H,24.90)
*~/
/*
38 VAG+NS:  38 VAG+NS, 39 playing-years, 31 PP-PRN
*/

( (IP-MAT (CONJ For)
	  (ADVP (ADV first))
	  (NP-SBJ-1 (EX there))
	  (BEP are)
	  (NP-1 (Q few)
		(NS children)
		(, ,)
		(CP-REL (FP but)
			(WNP-2 0)
			(C 0)
			(IP-SUB (NP-SBJ *T*-2)
				(CODE <paren>)
				(PP-PRN (PP (P in)
					    (NP (PRO$ their) (VAG+NS playing-years)))
					(, ,)
					(CONJP (CONJ and)
					       (PP (P before)
						   (CP-ADV (C 0)
							   (IP-SUB (NP-SBJ (PRO they))
								   (MD can)
								   (BE be)
								   (ADJP (ADJ capable)
									 (PP (P of)
									     (NP (Q any)
										 (ADJ serious)
										 (N employment)
										 (PP (P in)
										     (NP (D the)
											 (ADJS meanest)
											 (N calling)
											 (CP-REL (WNP-3 0)
												 (C that)
												 (IP-SUB (NP-SBJ *T*-3)
													 (BEP is)))))))))))))
				(CODE <$$paren>)
				(MD may)
				(BE be)
				(NP-MSR (ADJP (ADVR so)
					      (ADJ far)
					      (PP *ICH*-4)))
				(VAN grounded)
				(PP (P in)
				    (NP (D the) (NPR Latine)))
				(, ,)
				(PP-4 (P as)
				      (IP-INF (TO to)
					      (VB finde)
					      (IP-INF (NP-SBJ (D that)
							      (Q little)
							      (N smattering)
							      (CP-REL (WNP-5 0)
								      (C 0)
								      (IP-SUB (NP-OB1 *T*-5)
									      (NP-SBJ (PRO they))
									      (HVP have)))
							      (PP (P of)
								  (NP (PRO it))))
						      (, ,)
						      (TO to)
						      (BE be)
						      (PP (P of)
							  (NP (ADJ singular)
							      (N use)
							      (PP (P to)
								  (NP (PRO them)))
							      (, ,)
							      (PP (CONJ-6 both)
								  (P for)
								  (NP (NP (CONJ *ICH*-6)
									  (D the)
									  (N understanding)
									  (PP (P of)
									      (NP (D the)
										  (ADJ English)
										  (NS Authors)
										  (CODE <paren>)
										  (CP-REL (WNP-7 (WPRO which))
											  (C 0)
											  (IP-SUB (NP-SBJ *T*-7)
												  (VBP abound)
												  (ADVP-TMP (ADV31 now) (ADV32 a) (ADV33 dayes))
												  (PP (P with)
												      (NP (VAN borrowed) (NS words))))))))
								      (CODE <$$paren>)
								      (CONJP (CONJ and)
									     (NP (D the)
										 (IP-PPL (VAG holding)
											 (NP-OB1 (N discourse))
											 (PP (P with)
											     (NP (D a)
												 (N sort)
												 (PP (P of)
												     (NP (NS men)
													 (CP-REL (WNP-8 0)
														 (C that)
														 (IP-SUB (NP-SBJ *T*-8)
															 (VBP delight)
															 (IP-INF (TO to)
																 (VB flant)
																 (NP-OB1 (PRO it))
																 (PP (P in)
																     (NP (NPR Latine)))))))))))))))))))))))
	  (. .))
  (ID HOOLE-E3-H,24.90))

/~*
And many of these Schooles, especially if they be situate in places where
accommodation is to be had for Tabling do happily train up many Scholars,
which about sixteen or seventeen years of age, are fit to be sent to the
University.
(HOOLE-E3-H,215.126)
*~/
/*
69 VAG:  69 VAG, 70 Tabling, 19 PP-PRN
*/

( (IP-MAT (CONJ And)
	  (NP-SBJ (Q many)
		  (PP (P of)
		      (NP (D these) (NS Schooles))))
	  (, ,)
	  (CODE <paren>)
	  (PP-PRN (ADV especially)
		  (P if)
		  (CP-ADV (C 0)
			  (IP-SUB (NP-SBJ (PRO they))
				  (BEP be)
				  (ADJP (ADJ situate)
					(PP (P in)
					    (NP (NS places)
						(CP-REL (WADVP-1 (WADV where))
							(C 0)
							(IP-SUB (ADVP-LOC *T*-1)
								(NP-SBJ (N accommodation)
									(PP *ICH*-2))
								(BEP is)
								(IP-INF (TO to) (BE be) (HAN had))
								(PP-2 (P for)
								      (IP-PPL (VAG Tabling)))))))))))
	  (CODE <$$paren>)
	  (DOP do)
	  (ADVP (ADV happily))
	  (VB train)
	  (RP up)
	  (NP-OB1 (Q many)
		  (NS Scholars)
		  (, ,)
		  (CP-REL (WNP-3 (WPRO which))
			  (C 0)
			  (IP-SUB (NP-SBJ *T*-3)
				  (NP-TMP (NUMP (ADV about) (NUM sixteen) (CONJ or) (NUM seventeen))
					  (NS years)
					  (PP (P of)
					      (NP (N age))))
				  (, ,)
				  (BEP are)
				  (ADJP (ADJ fit)
					(IP-INF (TO to)
						(BE be)
						(VAN sent)
						(PP (P to)
						    (NP (D the) (N University))))))))
	  (. .))
  (ID HOOLE-E3-H,215.126))
/*
FOOTER
  source file, hits/tokens/total
  C:\Users\Shoo\Dropbox\workspace\CorpusSearch_Auto\data\corporas\PPCEME\temp1492105854173\medicine_handbooks_religious_and_educational_treatises\hoole-e3-h.psd	2/2/175
*/
/*
HEADER:
source file:  C:\Users\Shoo\Dropbox\workspace\CorpusSearch_Auto\data\corporas\PPCEME\temp1492105854173\medicine_handbooks_religious_and_educational_treatises\hoole-e3-p1.psd
*/

/~*
If any where he stick at any word as seeming too hard let him marke it with a
pin, or the dint of his nayle,
(HOOLE-E3-P1,22.89)
*~/
/*
33 VAG:  33 VAG, 34 seeming, 29 PP-PRN
*/

( (IP-IMP (PP (P If)
	      (CP-ADV (C 0)
		      (IP-SUB (ADVP-LOC (Q any) (WADV where))
			      (NP-SBJ (PRO he))
			      (VBP stick)
			      (PP (P at)
				  (NP (Q any) (N word)))
			      (CODE <paren>)
			      (PP-PRN (P as)
				      (IP-PPL (VAG seeming)
					      (ADJP (ADVR too) (ADJ hard))))
			      (CODE <$$paren>))))
	  (VBI let)
	  (IP-INF (NP-SBJ (PRO him))
		  (VB marke)
		  (NP-OB1 (PRO it))
		  (PP (P with)
		      (NP (NP (D a) (N pin))
			  (, ,)
			  (CONJP (CONJ or)
				 (NP (D the)
				     (N dint)
				     (PP (P of)
					 (NP (PRO$ his) (N nayle))))))))
	  (. ,))
  (ID HOOLE-E3-P1,22.89))

/~*
As for what he writes further, in Chap. 41. of his Positions touching the
division of Colledges by profession and faculties; and Mr. John Drury hath
lately published in his reformed Schoole and his Supplement thereto,
concerning the bringing together into one society, such as are able to
exercise themselves in any, or all kind of Studies, that by their mutuall
Association, Communication, and assistance in reading, meditating, and
conferring about profitable matters, they may not onely profit their own
abilities, but advance the superstructures of all learning to the perfection
which by such meanes is attainable;
(HOOLE-E3-P1,229.209)
*~/
/*
142 VAG:  142 VAG, 143 concerning, 111 PP-PRN
150 VAG:  150 VAG, 151 bringing, 111 PP-PRN
249 VAG:  249 VAG, 250 reading, 111 PP-PRN
253 VAG:  253 VAG, 254 meditating, 111 PP-PRN
259 VAG:  259 VAG, 260 conferring, 111 PP-PRN
*/

( (PP (P As)
      (PP (P for)
	  (NP (CP-FRL (WNP-1 (WPRO what))
		      (C 0)
		      (IP-SUB (IP-SUB (NP-OB1 *T*-1)
				      (NP-SBJ (PRO he))
				      (VBP writes)
				      (NP-MSR (ADJR further))
				      (, ,)
				      (CODE <paren>)
				      (PP-PRN (P in)
					      (NP (N Chap.)
						  (NUMP (NUM 41.)))
					      (PP (P of)
						  (NP (PRO$ his) (CODE <font>) (NS Positions))))
				      (CODE <$$font>)
				      (CODE <$$paren>)
				      (IP-PPL (VAG touching)
					      (NP-OB1 (D the)
						      (CODE <font>)
						      (N division)
						      (PP (P of)
							  (NP (NS Colledges)))
						      (PP (P by)
							  (NP (CODE <P_229>) (N profession) (CONJ and) (NS faculties)))
						      (CODE <$$font>))))
			      (, ;)
			      (CONJP (CONJ and)
				     (IP-SUB (NP-OB1 *T*-1)
					     (NP-SBJ (CODE <font>) (NPR Mr.) (NPR John) (NPR Drury) (CODE <$$font>))
					     (HVP hath)
					     (ADVP-TMP (ADV lately))
					     (VBN published)
					     (CODE <paren>)
					     (PP-PRN (P in)
						     (NP (NP (PRO$ his) (ADJ reformed) (ADJ Schoole) (CODE <$$paren>))
							 (CONJP (CONJ and)
								(NP (PRO$ his)
								    (CODE <font>)
								    (N Supplement)
								    (CODE <$$font>)
								    (PP (ADV+P thereto))))
							 (, ,)
							 (RRC (VAG concerning)
							      (NP-OB1 (D the)
								      (IP-PPL (CODE <font>)
									      (VAG bringing)
									      (ADVP (ADV together))
									      (PP (P into)
										  (NP (ONE one) (N society)))
									      (, ,)
									      (NP-OB1 (SUCH such)
										      (PP (P as)
											  (CP-CMP (WNP-2 0)
												  (C 0)
												  (IP-SUB (NP-SBJ *T*-2)
													  (BEP are)
													  (ADJP (ADJ able)
														(IP-INF (TO to)
															(VB exercise)
															(NP-OB1 (PRO+N themselves))
															(PP (P in)
															    (NP (Q (Q any) (, ,) (CONJ or) (Q all))
																(N kind)
																(PP (P of)
																    (NP (NS Studies)))))))))))
									      (, ,)
									      (CP-ADV (C that)
										      (IP-SUB (IP-SUB-3 (PP (P by)
													    (NP (PRO$ their)
														(ADJ mutuall)
														(N Association)
														(, ,)
														(CONJP (NX (N Communication)))
														(, ,)
														(CONJP (CONJ and)
														       (NX (N assistance)))
														(PP (P in)
														    (IP-PPL (VAG (VAG reading) (, ,) (VAG meditating) (, ,) (CONJ and) (VAG conferring))
															    (PP (P about)
																(NP (ADJ profitable) (NS matters)))))))
													(, ,)
													(NP-SBJ (PRO they))
													(MD may)
													(NEG not)
													(FP onely)
													(VB profit)
													(NP-OB1 (PRO$ their) (ADJ own) (NS abilities)))
											      (, ,)
											      (CONJP (CONJ but)
												     (IP-SUB=3 (VB advance)
													       (NP-OB1 (D the)
														       (NS superstructures)
														       (PP (P of)
															   (NP (Q all) (N learning))))
													       (PP (P to)
														   (NP (D the)
														       (N perfection)
														       (CP-REL (WNP-4 (WPRO which))
															       (C 0)
															       (IP-SUB (NP-SBJ *T*-4)
																       (PP (P by)
																	   (NP (SUCH such) (N meanes)))
																       (BEP is)
																       (ADJP (ADJ attainable) (CODE <$$font>)))))))))))))))))))))
      (. ;))
  (ID HOOLE-E3-P1,229.209))
/*
FOOTER
  source file, hits/tokens/total
  C:\Users\Shoo\Dropbox\workspace\CorpusSearch_Auto\data\corporas\PPCEME\temp1492105854173\medicine_handbooks_religious_and_educational_treatises\hoole-e3-p1.psd	6/2/226
*/
/*
HEADER:
source file:  C:\Users\Shoo\Dropbox\workspace\CorpusSearch_Auto\data\corporas\PPCEME\temp1492105854173\medicine_handbooks_religious_and_educational_treatises\hoole-e3-p2.psd
*/
/*
FOOTER
  source file, hits/tokens/total
  C:\Users\Shoo\Dropbox\workspace\CorpusSearch_Auto\data\corporas\PPCEME\temp1492105854173\medicine_handbooks_religious_and_educational_treatises\hoole-e3-p2.psd	0/0/207
*/
/*
HEADER:
source file:  C:\Users\Shoo\Dropbox\workspace\CorpusSearch_Auto\data\corporas\PPCEME\temp1492105854173\medicine_handbooks_religious_and_educational_treatises\jetaylormeas-e3-p1.psd
*/
/*
FOOTER
  source file, hits/tokens/total
  C:\Users\Shoo\Dropbox\workspace\CorpusSearch_Auto\data\corporas\PPCEME\temp1492105854173\medicine_handbooks_religious_and_educational_treatises\jetaylormeas-e3-p1.psd	0/0/68
*/
/*
HEADER:
source file:  C:\Users\Shoo\Dropbox\workspace\CorpusSearch_Auto\data\corporas\PPCEME\temp1492105854173\medicine_handbooks_religious_and_educational_treatises\jetaylormeas-e3-p2.psd
*/
/*
FOOTER
  source file, hits/tokens/total
  C:\Users\Shoo\Dropbox\workspace\CorpusSearch_Auto\data\corporas\PPCEME\temp1492105854173\medicine_handbooks_religious_and_educational_treatises\jetaylormeas-e3-p2.psd	0/0/352
*/
/*
HEADER:
source file:  C:\Users\Shoo\Dropbox\workspace\CorpusSearch_Auto\data\corporas\PPCEME\temp1492105854173\medicine_handbooks_religious_and_educational_treatises\langf-e3-h.psd
*/

/~*
and once a week when Buds and Blossoms are putting forth, for that is the
chief time they prejudice them daub the Cloth over with Tar.
(LANGF-E3-H,117.205)
*~/
/*
38 VAG:  38 VAG, 39 putting, 14 PP-PRN
*/

( (IP-IMP (CONJ and)
	  (NP-TMP (NUM once)
		  (NP-MSR (D a) (N week)))
	  (CODE <paren>)
	  (PP-PRN (P when)
		  (CODE <font>)
		  (CP-ADV (C 0)
			  (IP-SUB (NP-SBJ (NS Buds) (CODE <$$font>) (CONJ and) (CODE <font>) (NS Blossoms))
				  (CODE <$$font>)
				  (BEP are)
				  (VAG putting)
				  (ADVP-DIR (ADV forth)))))
	  (, ,)
	  (IP-MAT-PRN (CONJ for)
		      (NP-SBJ (D that))
		      (BEP is)
		      (NP-OB1 (D the)
			      (ADJ chief)
			      (N time)
			      (CP-REL (WNP-1 0)
				      (C 0)
				      (IP-SUB (NP-TMP *T*-1)
					      (NP-SBJ (PRO they))
					      (VBP prejudice)
					      (NP-OB1 (PRO them))))))
	  (CODE <$$paren>)
	  (CODE <font>)
	  (VBI daub)
	  (CODE <$$font>)
	  (NP-OB1 (D the) (CODE <font>) (N Cloth))
	  (CODE <$$font>)
	  (RP over)
	  (PP (P with)
	      (NP (CODE <font>) (N Tar)))
	  (CODE <$$font>)
	  (. .))
  (ID LANGF-E3-H,117.205))
/*
FOOTER
  source file, hits/tokens/total
  C:\Users\Shoo\Dropbox\workspace\CorpusSearch_Auto\data\corporas\PPCEME\temp1492105854173\medicine_handbooks_religious_and_educational_treatises\langf-e3-h.psd	1/1/349
*/
/*
HEADER:
source file:  C:\Users\Shoo\Dropbox\workspace\CorpusSearch_Auto\data\corporas\PPCEME\temp1492105854173\medicine_handbooks_religious_and_educational_treatises\langf-e3-p1.psd
*/

/~*
If any of these Plants in the years following shoot forth upright, top them
early in the year,
(LANGF-E3-P1,27.247)
*~/
/*
35 VAG:  35 VAG, 36 following, 26 PP-PRN
*/

( (IP-IMP (PP (P If)
	      (CP-ADV (C 0)
		      (IP-SUB (NP-SBJ (Q any)
				      (PP (P of)
					  (NP (D these) (CODE <font>) (NS Plants))))
			      (CODE <$$font>)
			      (CODE <paren>)
			      (PP-PRN (P in)
				      (NP (D the)
					  (NS years)
					  (RRC (VAG following))))
			      (CODE <$$paren>)
			      (VBP shoot)
			      (ADVP-DIR (ADV forth))
			      (CODE <font>)
			      (ADVP (ADV upright)))))
	  (CODE <$$font>)
	  (, ,)
	  (VBI top)
	  (NP-OB1 (PRO them))
	  (ADVP-TMP (ADV early)
		    (PP (P in)
			(NP (D the) (N year))))
	  (. ,))
  (ID LANGF-E3-P1,27.247))

/~*
and here your Stock and Scion ought to be exactly of the same bigness, as the
manner of performing it plainly sheweth, which is as followeth.
(LANGF-E3-P1,44.291)
*~/
/*
58 VAG:  58 VAG, 59 performing, 38 PP-PRN
*/

( (IP-MAT (CONJ and)
	  (ADVP-LOC (ADV here))
	  (NP-SBJ (PRO$ your)
		  (N Stock)
		  (CONJP (CONJ and)
			 (NX (N Scion))))
	  (MD ought)
	  (TO to)
	  (BE be)
	  (PP (ADV exactly)
	      (P of)
	      (NP (D the) (ADJ same) (N bigness)))
	  (, ,)
	  (PP-PRN (P as)
		  (CP-ADV (WADVP-1 0)
			  (C 0)
			  (IP-SUB (ADVP *T*-1)
				  (NP-SBJ (D the)
					  (N manner)
					  (PP (P of)
					      (IP-PPL (VAG performing)
						      (NP-OB1 (PRO it))))
					  (CP-REL *ICH*-2))
				  (ADVP (ADV plainly))
				  (VBP sheweth)
				  (, ,)
				  (CP-REL-2 (WNP-3 (WPRO which))
					    (C 0)
					    (IP-SUB (NP-SBJ *T*-3)
						    (BEP is)
						    (PP (P as)
							(CP-ADV (WNP-4 0)
								(C 0)
								(IP-SUB (NP-SBJ *T*-4)
									(VBP followeth)))))))))
	  (. .))
  (ID LANGF-E3-P1,44.291))
/*
FOOTER
  source file, hits/tokens/total
  C:\Users\Shoo\Dropbox\workspace\CorpusSearch_Auto\data\corporas\PPCEME\temp1492105854173\medicine_handbooks_religious_and_educational_treatises\langf-e3-p1.psd	2/2/305
*/
/*
HEADER:
source file:  C:\Users\Shoo\Dropbox\workspace\CorpusSearch_Auto\data\corporas\PPCEME\temp1492105854173\medicine_handbooks_religious_and_educational_treatises\langf-e3-p2.psd
*/

/~*
try by setting the Tree in the hole which side will stand best to the Wall,
(LANGF-E3-P2,59.158)
*~/
/*
10 VAG:  10 VAG, 11 setting, 6 PP-PRN
*/

( (IP-IMP (VBI try)
	  (CODE <paren>)
	  (PP-PRN (P by)
		  (IP-PPL (VAG setting)
			  (NP-OB1 (D the) (N Tree))
			  (PP (P in)
			      (NP (D the) (N hole)))))
	  (CODE <$$paren>)
	  (CP-QUE (WNP-1 (WD which) (N side))
		  (C 0)
		  (IP-SUB (NP-SBJ *T*-1)
			  (MD will)
			  (VB stand)
			  (ADVP (ADVS best))
			  (PP (P to)
			      (NP (D the) (N Wall)))))
	  (. ,))
  (ID LANGF-E3-P2,59.158))
/*
FOOTER
  source file, hits/tokens/total
  C:\Users\Shoo\Dropbox\workspace\CorpusSearch_Auto\data\corporas\PPCEME\temp1492105854173\medicine_handbooks_religious_and_educational_treatises\langf-e3-p2.psd	1/1/326
*/
/*
HEADER:
source file:  C:\Users\Shoo\Dropbox\workspace\CorpusSearch_Auto\data\corporas\PPCEME\temp1492105854173\medicine_handbooks_religious_and_educational_treatises\locke-e3-h.psd
*/
/*
FOOTER
  source file, hits/tokens/total
  C:\Users\Shoo\Dropbox\workspace\CorpusSearch_Auto\data\corporas\PPCEME\temp1492105854173\medicine_handbooks_religious_and_educational_treatises\locke-e3-h.psd	0/0/245
*/
/*
HEADER:
source file:  C:\Users\Shoo\Dropbox\workspace\CorpusSearch_Auto\data\corporas\PPCEME\temp1492105854173\medicine_handbooks_religious_and_educational_treatises\locke-e3-p1.psd
*/
/*
FOOTER
  source file, hits/tokens/total
  C:\Users\Shoo\Dropbox\workspace\CorpusSearch_Auto\data\corporas\PPCEME\temp1492105854173\medicine_handbooks_religious_and_educational_treatises\locke-e3-p1.psd	0/0/301
*/
/*
HEADER:
source file:  C:\Users\Shoo\Dropbox\workspace\CorpusSearch_Auto\data\corporas\PPCEME\temp1492105854173\medicine_handbooks_religious_and_educational_treatises\locke-e3-p2.psd
*/
/*
FOOTER
  source file, hits/tokens/total
  C:\Users\Shoo\Dropbox\workspace\CorpusSearch_Auto\data\corporas\PPCEME\temp1492105854173\medicine_handbooks_religious_and_educational_treatises\locke-e3-p2.psd	0/0/233
*/
/*
HEADER:
source file:  C:\Users\Shoo\Dropbox\workspace\CorpusSearch_Auto\data\corporas\PPCEME\temp1492105854173\medicine_handbooks_religious_and_educational_treatises\markham-e2-h.psd
*/
/*
FOOTER
  source file, hits/tokens/total
  C:\Users\Shoo\Dropbox\workspace\CorpusSearch_Auto\data\corporas\PPCEME\temp1492105854173\medicine_handbooks_religious_and_educational_treatises\markham-e2-h.psd	0/0/276
*/
/*
HEADER:
source file:  C:\Users\Shoo\Dropbox\workspace\CorpusSearch_Auto\data\corporas\PPCEME\temp1492105854173\medicine_handbooks_religious_and_educational_treatises\markham-e2-p1.psd
*/
/*
FOOTER
  source file, hits/tokens/total
  C:\Users\Shoo\Dropbox\workspace\CorpusSearch_Auto\data\corporas\PPCEME\temp1492105854173\medicine_handbooks_religious_and_educational_treatises\markham-e2-p1.psd	0/0/262
*/
/*
HEADER:
source file:  C:\Users\Shoo\Dropbox\workspace\CorpusSearch_Auto\data\corporas\PPCEME\temp1492105854173\medicine_handbooks_religious_and_educational_treatises\markham-e2-p2.psd
*/
/*
FOOTER
  source file, hits/tokens/total
  C:\Users\Shoo\Dropbox\workspace\CorpusSearch_Auto\data\corporas\PPCEME\temp1492105854173\medicine_handbooks_religious_and_educational_treatises\markham-e2-p2.psd	0/0/306
*/
/*
HEADER:
source file:  C:\Users\Shoo\Dropbox\workspace\CorpusSearch_Auto\data\corporas\PPCEME\temp1492105854173\medicine_handbooks_religious_and_educational_treatises\turner-e1-h.psd
*/
/*
FOOTER
  source file, hits/tokens/total
  C:\Users\Shoo\Dropbox\workspace\CorpusSearch_Auto\data\corporas\PPCEME\temp1492105854173\medicine_handbooks_religious_and_educational_treatises\turner-e1-h.psd	0/0/205
*/
/*
HEADER:
source file:  C:\Users\Shoo\Dropbox\workspace\CorpusSearch_Auto\data\corporas\PPCEME\temp1492105854173\medicine_handbooks_religious_and_educational_treatises\turner-e1-p1.psd
*/
/*
FOOTER
  source file, hits/tokens/total
  C:\Users\Shoo\Dropbox\workspace\CorpusSearch_Auto\data\corporas\PPCEME\temp1492105854173\medicine_handbooks_religious_and_educational_treatises\turner-e1-p1.psd	0/0/248
*/
/*
HEADER:
source file:  C:\Users\Shoo\Dropbox\workspace\CorpusSearch_Auto\data\corporas\PPCEME\temp1492105854173\medicine_handbooks_religious_and_educational_treatises\turner-e1-p2.psd
*/
/*
FOOTER
  source file, hits/tokens/total
  C:\Users\Shoo\Dropbox\workspace\CorpusSearch_Auto\data\corporas\PPCEME\temp1492105854173\medicine_handbooks_religious_and_educational_treatises\turner-e1-p2.psd	0/0/203
*/
/*
HEADER:
source file:  C:\Users\Shoo\Dropbox\workspace\CorpusSearch_Auto\data\corporas\PPCEME\temp1492105854173\medicine_handbooks_religious_and_educational_treatises\turnerherb-e1-p2.psd
*/
/*
FOOTER
  source file, hits/tokens/total
  C:\Users\Shoo\Dropbox\workspace\CorpusSearch_Auto\data\corporas\PPCEME\temp1492105854173\medicine_handbooks_religious_and_educational_treatises\turnerherb-e1-p2.psd	0/0/55
*/
/*
HEADER:
source file:  C:\Users\Shoo\Dropbox\workspace\CorpusSearch_Auto\data\corporas\PPCEME\temp1492105854173\medicine_handbooks_religious_and_educational_treatises\vicary-e1-h.psd
*/
/*
FOOTER
  source file, hits/tokens/total
  C:\Users\Shoo\Dropbox\workspace\CorpusSearch_Auto\data\corporas\PPCEME\temp1492105854173\medicine_handbooks_religious_and_educational_treatises\vicary-e1-h.psd	0/0/363
*/
/*
HEADER:
source file:  C:\Users\Shoo\Dropbox\workspace\CorpusSearch_Auto\data\corporas\PPCEME\temp1492105854173\medicine_handbooks_religious_and_educational_treatises\vicary-e1-p1.psd
*/
/*
FOOTER
  source file, hits/tokens/total
  C:\Users\Shoo\Dropbox\workspace\CorpusSearch_Auto\data\corporas\PPCEME\temp1492105854173\medicine_handbooks_religious_and_educational_treatises\vicary-e1-p1.psd	0/0/378
*/
/*
HEADER:
source file:  C:\Users\Shoo\Dropbox\workspace\CorpusSearch_Auto\data\corporas\PPCEME\temp1492105854173\medicine_handbooks_religious_and_educational_treatises\vicary-e1-p2.psd
*/
/*
FOOTER
  source file, hits/tokens/total
  C:\Users\Shoo\Dropbox\workspace\CorpusSearch_Auto\data\corporas\PPCEME\temp1492105854173\medicine_handbooks_religious_and_educational_treatises\vicary-e1-p2.psd	0/0/358
*/
/*
HEADER:
source file:  C:\Users\Shoo\Dropbox\workspace\CorpusSearch_Auto\data\corporas\PPCEME\temp1492105854173\medicine_handbooks_religious_and_educational_treatises\walton-e3-h.psd
*/
/*
FOOTER
  source file, hits/tokens/total
  C:\Users\Shoo\Dropbox\workspace\CorpusSearch_Auto\data\corporas\PPCEME\temp1492105854173\medicine_handbooks_religious_and_educational_treatises\walton-e3-h.psd	0/0/357
*/
/*
HEADER:
source file:  C:\Users\Shoo\Dropbox\workspace\CorpusSearch_Auto\data\corporas\PPCEME\temp1492105854173\medicine_handbooks_religious_and_educational_treatises\walton-e3-p1.psd
*/
/*
FOOTER
  source file, hits/tokens/total
  C:\Users\Shoo\Dropbox\workspace\CorpusSearch_Auto\data\corporas\PPCEME\temp1492105854173\medicine_handbooks_religious_and_educational_treatises\walton-e3-p1.psd	0/0/340
*/
/*
HEADER:
source file:  C:\Users\Shoo\Dropbox\workspace\CorpusSearch_Auto\data\corporas\PPCEME\temp1492105854173\medicine_handbooks_religious_and_educational_treatises\walton-e3-p2.psd
*/

/~*
and as others of several kinds turn to be several kinds of flies and vermin
the Spring following so this Caterpillar then turns to be a painted Butter-fly
(WALTON-E3-P2,250.235)
*~/
/*
56 VAG:  56 VAG, 57 following, 6 PP-PRN
*/

( (IP-MAT (CONJ and)
	  (CODE <paren>)
	  (PP-PRN (P as)
		  (CP-CMP (WADVP-1 0)
			  (C 0)
			  (IP-SUB (ADVP *T*-1)
				  (NP-SBJ (OTHERS others)
					  (PP (P of)
					      (NP (Q several) (NS kinds))))
				  (VBP turn)
				  (IP-INF (TO to)
					  (BE be)
					  (NP-OB1 (Q several)
						  (NS kinds)
						  (PP (P of)
						      (NP (NS flies) (CONJ and) (N vermin))))
					  (NP-TMP (D the)
						  (N Spring)
						  (RRC (VAG following)))))))
	  (CODE <$$paren>)
	  (ADVP (ADV so))
	  (NP-SBJ (D this) (CODE <font>) (N Caterpillar))
	  (CODE <$$font>)
	  (ADVP-TMP (ADV then))
	  (VBP turns)
	  (IP-INF (TO to)
		  (BE be)
		  (NP-OB1 (D a) (VAN painted) (CODE <font>) (N+N Butter-fly)))
	  (CODE {COM:no_period_in_text})
	  (CODE <$$font>))
  (ID WALTON-E3-P2,250.235))
/*
FOOTER
  source file, hits/tokens/total
  C:\Users\Shoo\Dropbox\workspace\CorpusSearch_Auto\data\corporas\PPCEME\temp1492105854173\medicine_handbooks_religious_and_educational_treatises\walton-e3-p2.psd	1/1/336
*/
/*
SUMMARY:  
source files, hits/tokens/total
  C:\Users\Shoo\Dropbox\workspace\CorpusSearch_Auto\data\corporas\PPCEME\temp1492105854173\medicine_handbooks_religious_and_educational_treatises\asch-e1-h.psd	2/2/186
  C:\Users\Shoo\Dropbox\workspace\CorpusSearch_Auto\data\corporas\PPCEME\temp1492105854173\medicine_handbooks_religious_and_educational_treatises\asch-e1-p1.psd	0/0/217
  C:\Users\Shoo\Dropbox\workspace\CorpusSearch_Auto\data\corporas\PPCEME\temp1492105854173\medicine_handbooks_religious_and_educational_treatises\asch-e1-p2.psd	0/0/195
  C:\Users\Shoo\Dropbox\workspace\CorpusSearch_Auto\data\corporas\PPCEME\temp1492105854173\medicine_handbooks_religious_and_educational_treatises\bacon-e2-h.psd	1/1/172
  C:\Users\Shoo\Dropbox\workspace\CorpusSearch_Auto\data\corporas\PPCEME\temp1492105854173\medicine_handbooks_religious_and_educational_treatises\bacon-e2-p1.psd	0/0/148
  C:\Users\Shoo\Dropbox\workspace\CorpusSearch_Auto\data\corporas\PPCEME\temp1492105854173\medicine_handbooks_religious_and_educational_treatises\bacon-e2-p2.psd	1/1/178
  C:\Users\Shoo\Dropbox\workspace\CorpusSearch_Auto\data\corporas\PPCEME\temp1492105854173\medicine_handbooks_religious_and_educational_treatises\brinsley-e2-h.psd	1/1/235
  C:\Users\Shoo\Dropbox\workspace\CorpusSearch_Auto\data\corporas\PPCEME\temp1492105854173\medicine_handbooks_religious_and_educational_treatises\brinsley-e2-p1.psd	2/2/239
  C:\Users\Shoo\Dropbox\workspace\CorpusSearch_Auto\data\corporas\PPCEME\temp1492105854173\medicine_handbooks_religious_and_educational_treatises\brinsley-e2-p2.psd	0/0/228
  C:\Users\Shoo\Dropbox\workspace\CorpusSearch_Auto\data\corporas\PPCEME\temp1492105854173\medicine_handbooks_religious_and_educational_treatises\clowes-e2-h.psd	0/0/347
  C:\Users\Shoo\Dropbox\workspace\CorpusSearch_Auto\data\corporas\PPCEME\temp1492105854173\medicine_handbooks_religious_and_educational_treatises\clowes-e2-p1.psd	1/1/359
  C:\Users\Shoo\Dropbox\workspace\CorpusSearch_Auto\data\corporas\PPCEME\temp1492105854173\medicine_handbooks_religious_and_educational_treatises\clowes-e2-p2.psd	0/0/260
  C:\Users\Shoo\Dropbox\workspace\CorpusSearch_Auto\data\corporas\PPCEME\temp1492105854173\medicine_handbooks_religious_and_educational_treatises\clowesobs-e2-p2.psd	0/0/109
  C:\Users\Shoo\Dropbox\workspace\CorpusSearch_Auto\data\corporas\PPCEME\temp1492105854173\medicine_handbooks_religious_and_educational_treatises\elyot-e1-h.psd	0/0/181
  C:\Users\Shoo\Dropbox\workspace\CorpusSearch_Auto\data\corporas\PPCEME\temp1492105854173\medicine_handbooks_religious_and_educational_treatises\elyot-e1-p1.psd	0/0/201
  C:\Users\Shoo\Dropbox\workspace\CorpusSearch_Auto\data\corporas\PPCEME\temp1492105854173\medicine_handbooks_religious_and_educational_treatises\elyot-e1-p2.psd	0/0/179
  C:\Users\Shoo\Dropbox\workspace\CorpusSearch_Auto\data\corporas\PPCEME\temp1492105854173\medicine_handbooks_religious_and_educational_treatises\fitzh-e1-h.psd	0/0/403
  C:\Users\Shoo\Dropbox\workspace\CorpusSearch_Auto\data\corporas\PPCEME\temp1492105854173\medicine_handbooks_religious_and_educational_treatises\fitzh-e1-p1.psd	0/0/397
  C:\Users\Shoo\Dropbox\workspace\CorpusSearch_Auto\data\corporas\PPCEME\temp1492105854173\medicine_handbooks_religious_and_educational_treatises\fitzh-e1-p2.psd	0/0/400
  C:\Users\Shoo\Dropbox\workspace\CorpusSearch_Auto\data\corporas\PPCEME\temp1492105854173\medicine_handbooks_religious_and_educational_treatises\gifford-e2-h.psd	0/0/503
  C:\Users\Shoo\Dropbox\workspace\CorpusSearch_Auto\data\corporas\PPCEME\temp1492105854173\medicine_handbooks_religious_and_educational_treatises\gifford-e2-p1.psd	0/0/386
  C:\Users\Shoo\Dropbox\workspace\CorpusSearch_Auto\data\corporas\PPCEME\temp1492105854173\medicine_handbooks_religious_and_educational_treatises\gifford-e2-p2.psd	0/0/379
  C:\Users\Shoo\Dropbox\workspace\CorpusSearch_Auto\data\corporas\PPCEME\temp1492105854173\medicine_handbooks_religious_and_educational_treatises\hoole-e3-h.psd	2/2/175
  C:\Users\Shoo\Dropbox\workspace\CorpusSearch_Auto\data\corporas\PPCEME\temp1492105854173\medicine_handbooks_religious_and_educational_treatises\hoole-e3-p1.psd	6/2/226
  C:\Users\Shoo\Dropbox\workspace\CorpusSearch_Auto\data\corporas\PPCEME\temp1492105854173\medicine_handbooks_religious_and_educational_treatises\hoole-e3-p2.psd	0/0/207
  C:\Users\Shoo\Dropbox\workspace\CorpusSearch_Auto\data\corporas\PPCEME\temp1492105854173\medicine_handbooks_religious_and_educational_treatises\jetaylormeas-e3-p1.psd	0/0/68
  C:\Users\Shoo\Dropbox\workspace\CorpusSearch_Auto\data\corporas\PPCEME\temp1492105854173\medicine_handbooks_religious_and_educational_treatises\jetaylormeas-e3-p2.psd	0/0/352
  C:\Users\Shoo\Dropbox\workspace\CorpusSearch_Auto\data\corporas\PPCEME\temp1492105854173\medicine_handbooks_religious_and_educational_treatises\langf-e3-h.psd	1/1/349
  C:\Users\Shoo\Dropbox\workspace\CorpusSearch_Auto\data\corporas\PPCEME\temp1492105854173\medicine_handbooks_religious_and_educational_treatises\langf-e3-p1.psd	2/2/305
  C:\Users\Shoo\Dropbox\workspace\CorpusSearch_Auto\data\corporas\PPCEME\temp1492105854173\medicine_handbooks_religious_and_educational_treatises\langf-e3-p2.psd	1/1/326
  C:\Users\Shoo\Dropbox\workspace\CorpusSearch_Auto\data\corporas\PPCEME\temp1492105854173\medicine_handbooks_religious_and_educational_treatises\locke-e3-h.psd	0/0/245
  C:\Users\Shoo\Dropbox\workspace\CorpusSearch_Auto\data\corporas\PPCEME\temp1492105854173\medicine_handbooks_religious_and_educational_treatises\locke-e3-p1.psd	0/0/301
  C:\Users\Shoo\Dropbox\workspace\CorpusSearch_Auto\data\corporas\PPCEME\temp1492105854173\medicine_handbooks_religious_and_educational_treatises\locke-e3-p2.psd	0/0/233
  C:\Users\Shoo\Dropbox\workspace\CorpusSearch_Auto\data\corporas\PPCEME\temp1492105854173\medicine_handbooks_religious_and_educational_treatises\markham-e2-h.psd	0/0/276
  C:\Users\Shoo\Dropbox\workspace\CorpusSearch_Auto\data\corporas\PPCEME\temp1492105854173\medicine_handbooks_religious_and_educational_treatises\markham-e2-p1.psd	0/0/262
  C:\Users\Shoo\Dropbox\workspace\CorpusSearch_Auto\data\corporas\PPCEME\temp1492105854173\medicine_handbooks_religious_and_educational_treatises\markham-e2-p2.psd	0/0/306
  C:\Users\Shoo\Dropbox\workspace\CorpusSearch_Auto\data\corporas\PPCEME\temp1492105854173\medicine_handbooks_religious_and_educational_treatises\turner-e1-h.psd	0/0/205
  C:\Users\Shoo\Dropbox\workspace\CorpusSearch_Auto\data\corporas\PPCEME\temp1492105854173\medicine_handbooks_religious_and_educational_treatises\turner-e1-p1.psd	0/0/248
  C:\Users\Shoo\Dropbox\workspace\CorpusSearch_Auto\data\corporas\PPCEME\temp1492105854173\medicine_handbooks_religious_and_educational_treatises\turner-e1-p2.psd	0/0/203
  C:\Users\Shoo\Dropbox\workspace\CorpusSearch_Auto\data\corporas\PPCEME\temp1492105854173\medicine_handbooks_religious_and_educational_treatises\turnerherb-e1-p2.psd	0/0/55
  C:\Users\Shoo\Dropbox\workspace\CorpusSearch_Auto\data\corporas\PPCEME\temp1492105854173\medicine_handbooks_religious_and_educational_treatises\vicary-e1-h.psd	0/0/363
  C:\Users\Shoo\Dropbox\workspace\CorpusSearch_Auto\data\corporas\PPCEME\temp1492105854173\medicine_handbooks_religious_and_educational_treatises\vicary-e1-p1.psd	0/0/378
  C:\Users\Shoo\Dropbox\workspace\CorpusSearch_Auto\data\corporas\PPCEME\temp1492105854173\medicine_handbooks_religious_and_educational_treatises\vicary-e1-p2.psd	0/0/358
  C:\Users\Shoo\Dropbox\workspace\CorpusSearch_Auto\data\corporas\PPCEME\temp1492105854173\medicine_handbooks_religious_and_educational_treatises\walton-e3-h.psd	0/0/357
  C:\Users\Shoo\Dropbox\workspace\CorpusSearch_Auto\data\corporas\PPCEME\temp1492105854173\medicine_handbooks_religious_and_educational_treatises\walton-e3-p1.psd	0/0/340
  C:\Users\Shoo\Dropbox\workspace\CorpusSearch_Auto\data\corporas\PPCEME\temp1492105854173\medicine_handbooks_religious_and_educational_treatises\walton-e3-p2.psd	1/1/336
whole search, hits/tokens/total
		21/17/12376
*/
