/*
PREFACE:  
Copyright 2010 Beth Randall
Date:  Thu Apr 13 19:02:33 BST 2017

command file:     data\searches\queries\PENN\progressive_forms_in_reduced_relatives.q
output file:      C:\Users\Shoo\Dropbox\workspace\CorpusSearch_Auto\data\output\13-04-2017 18.46.36.333 PPCME2\progressive_forms_in_reduced_relatives\travelogue\result.out

node:   RRC|BAG*|HAG*|VAG*|DAG*
query:  (BAG*|HAG*|VAG*|DAG* Dominates  !BAG*|HAG*|VAG*|DAG*) 
  AND  (RRC Dominates  BAG*|HAG*|VAG*|DAG*) 
*/
/*
HEADER:
source file:  C:\Users\Shoo\Dropbox\workspace\CorpusSearch_Auto\data\corporas\PPCME2\temp1492106398658\travelogue\cmmandev.m3.psd
*/

/~*
& it is all full of grauell schynynge brighte of the whiche men maken faire
verres & clere.
(CMMANDEV,19.464)
*~/
/*
21 VAG:  21 VAG, 22 schynynge, 20 RRC
*/
( (IP-MAT (CONJ &)
	  (NP-SBJ (PRO it))
	  (BEP is)
	  (ADJP (Q all)
		(ADJ full)
		(PP (P of)
		    (NP (N grauell)
			(RRC (VAG schynynge)
			     (ADJP (ADJ brighte)))
			(CP-REL (WPP-1 (P of)
				       (WNP (D the) (WPRO whiche)))
				(C 0)
				(IP-SUB (PP *T*-1)
					(NP-SBJ (NS men))
					(VBP maken)
					(NP-OB1 (ADJP (ADJ faire)
						      (CONJP *ICH*-2))
						(NS verres)
						(CONJP-2 (CONJ &) (ADJ clere))))))))
	  (. .))
  (ID CMMANDEV,19.464))

/~*
And the Mount of Synay is clept the desert of Syne +tat is for to seyne the
bussch brennynge Because +tat Moyses sawgh oure lord god many tymes in forme
of fuyr brennynge vpon +tat hill And also in a bussch brennynge & spak to him
And +tat was at the foot of the hill.
(CMMANDEV,38.956)
*~/
/*
52 VAG:  52 VAG, 53 brennynge, 51 RRC
94 VAG:  94 VAG, 95 brennynge, 93 RRC
118 VAG:  118 VAG, 119 brennynge, 117 RRC
*/

( (IP-MAT (CONJ And)
	  (NP-SBJ-1 (D the)
		    (N Mount)
		    (PP (P of)
			(NP (NPR Synay))))
	  (BEP is)
	  (VAN clept)
	  (IP-SMC (NP-SBJ *-1)
		  (NP-OB1 (D the)
			  (N desert)
			  (PP (P of)
			      (NP (NPR Syne)
				  (IP-MAT-PRN (NP-SBJ (D +tat))
					      (BEP is)
					      (IP-INF (FOR for)
						      (TO to)
						      (VB seyne)
						      (NP-OB1 (D the)
							      (N bussch)
							      (RRC (VAG brennynge)))))))))
	  (PP (P+N Because)
	      (CP-ADV (C +tat)
		      (IP-SUB (IP-SUB (NP-SBJ (NPR Moyses))
				      (VBD sawgh)
				      (NP-OB1 (PRO$ oure)
					      (NPR lord)
					      (NP-PRN (NPR god)))
				      (NP-TMP (Q many) (NS tymes))
				      (PP (PP (P in)
					      (NP (N forme)
						  (PP (P of)
						      (NP (N fuyr)
							  (RRC (VAG brennynge)
							       (PP (P vpon)
								   (NP (D +tat) (N hill))))))))
					  (CONJP (CONJ And)
						 (ALSO also)
						 (PP (P in)
						     (NP (D a)
							 (N bussch)
							 (RRC (VAG brennynge)))))))
			      (CONJP (CONJ &)
				     (IP-SUB (NP-SBJ *con*)
					     (VBD spak)
					     (PP (P to)
						 (NP (PRO him)))))
			      (CONJP (CONJ And)
				     (IP-SUB (NP-SBJ (D +tat))
					     (BED was)
					     (PP (P at)
						 (NP (D the)
						     (N foot)
						     (PP (P of)
							 (NP (D the) (N hill))))))))))
	  (. .))
  (ID CMMANDEV,38.956))

/~*
And all be it +tat the Collect of seynte kateryne seye +tat it is the place
where oure lord betaughte the .x. commandementes to Moyses & +tere where the
blessed virgyne seynte kateryne was buryed, +tat is to vnderstonde in .o.
contree or in .o. place berynge .o. name, For bothe +tat on & +tat o+ter is
clept the mount of Synay, But +tere is a gret weye from +tat on to +tat o+ter
& a gret deep valeye betwene hem.
(CMMANDEV,41.1031)
*~/
/*
142 VAG:  142 VAG, 143 berynge, 141 RRC
*/

( (IP-MAT (CONJ And)
	  (CP-ADV (ADVP (Q all))
		  (IP-SUB (BEP be)
			  (NP-SBJ-1 (PRO it))
			  (CP-THT-1 (C +tat)
				    (IP-SUB (NP-SBJ (D the)
						    (N Collect)
						    (PP (P of)
							(NP (NPR seynte) (NPR kateryne))))
					    (VBP seye)
					    (CP-THT (C +tat)
						    (IP-SUB (NP-SBJ (PRO it))
							    (BEP is)
							    (NP-OB1 (NP (D the)
									(N place)
									(CP-REL (WADVP-2 (WADV where))
										(C 0)
										(IP-SUB (ADVP-LOC *T*-2)
											(NP-SBJ (PRO$ oure) (NPR lord))
											(VBD betaughte)
											(NP-OB1 (D the) (NUM .x.) (NS commandementes))
											(PP (P to)
											    (NP (NS Moyses))))))
								    (CONJP (CONJ &)
									   (ADVP (ADV +tere)
										 (CP-REL (WADVP-3 (WADV where))
											 (C 0)
											 (IP-SUB (ADVP-LOC *T*-3)
												 (NP-SBJ (D the)
													 (VAN blessed)
													 (N virgyne)
													 (NP-PRN (NPR seynte) (NPR kateryne)))
												 (BED was)
												 (VAN buryed)))))
								    (, ,)
								    (IP-MAT-PRN (NP-SBJ (D +tat))
										(BEP is)
										(IP-INF (TO to)
											(VB vnderstonde)
											(PP (PP (P in)
												(NP (ONE .o.) (N contree)))
											    (CONJP (CONJ or)
												   (PP (P in)
												       (NP (ONE .o.)
													   (N place)
													   (RRC (VAG berynge)
														(NP-OB1 (ONE .o.) (N name))))))))))
							    (, ,)
							    (PP (P For)
								(CP-ADV (C 0)
									(IP-SUB (NP-SBJ-4 (CONJ bothe)
											  (NP (D +tat) (ONE on))
											  (CONJP (CONJ &)
												 (NP (D +tat) (OTHER o+ter))))
										(BEP is)
										(VAN clept)
										(IP-SMC (NP-SBJ *-4)
											(NP-OB1 (D the)
												(N mount)
												(PP (P of)
												    (NP (NPR Synay))))))))))))))
	  (, ,)
	  (CONJ But)
	  (NP-SBJ-5 (EX +tere))
	  (BEP is)
	  (NP-5 (NP (D a)
		    (ADJ gret)
		    (N weye)
		    (PP (P from)
			(NP (D +tat) (ONE on)))
		    (PP (P to)
			(NP (D +tat) (OTHER o+ter))))
		(CONJP (CONJ &)
		       (NP (D a)
			   (ADJ gret)
			   (ADJ deep)
			   (N valeye)
			   (PP (P betwene)
			       (NP (PRO hem))))))
	  (. .))
  (ID CMMANDEV,41.1031))

/~*
and become holle within, of whilk +ter er many +git standand in diuerse placez
of the world
(CMMANDEV,45.1111)
*~/
/*
40 VAG:  40 VAG, 41 standand, 36 RRC
*/

( (IP-MAT (CONJ and)
	  (NP-SBJ *con*)
	  (VBD become)
	  (ADJP (ADJ holle))
	  (ADVP-LOC (ADV within))
	  (, ,)
	  (CP-CAR (WPP-1 (P of)
			 (WNP (WPRO whilk)))
		  (C 0)
		  (IP-SUB (PP *T*-1)
			  (NP-SBJ-2 (EX +ter))
			  (BEP er)
			  (NP-2 (Q many)
				(RRC (ADVP-TMP (ADV +git))
				     (VAG standand)))
			  (PP (P in)
			      (NP (ADJ diuerse)
				  (NS placez)
				  (PP (P of)
				      (NP (D the) (N world)))))))
	  (CODE <$$em>))
  (ID CMMANDEV,45.1111))

/~*
& +tere ben gode ryueres berynge schippes.
(CMMANDEV,99.2416)
*~/
/*
17 VAG:  17 VAG, 18 berynge, 16 RRC
*/

( (IP-MAT (CONJ &)
	  (ADVP-LOC (ADV +tere))
	  (NP-SBJ-1 *exp*)
	  (BEP ben)
	  (NP-1 (ADJ gode)
		(NS ryueres)
		(RRC (VAG berynge)
		     (NP-OB1 (NS schippes))))
	  (. .))
  (ID CMMANDEV,99.2416))

/~*
And +tei han gret heer & long hanginge aboute here schuldres.
(CMMANDEV,102.2476)
*~/
/*
23 VAG:  23 VAG, 24 hanginge, 22 RRC
*/

( (IP-MAT (CONJ And)
	  (NP-SBJ (PRO +tei))
	  (HVP han)
	  (NP-OB1 (ADJP (ADJ gret)
			(CONJP *ICH*-1))
		  (N heer)
		  (CONJP-1 (CONJ &) (ADJ long))
		  (RRC (VAG hanginge)
		       (PP (P aboute)
			   (NP (PRO$ here) (NS schuldres)))))
	  (. .))
  (ID CMMANDEV,102.2476))

/~*
And whan +tei wil haue ony companye of man +tan +tei drawen hem towardes the
londes marchynge next to them.
(CMMANDEV,103.2499)
*~/
/*
49 VAG:  49 VAG, 50 marchynge, 48 RRC
*/

( (IP-MAT (CONJ And)
	  (PP (P whan)
	      (CP-ADV (C 0)
		      (IP-SUB (NP-SBJ (PRO +tei))
			      (MD wil)
			      (HV haue)
			      (NP-OB1 (Q ony)
				      (N companye)
				      (PP (P of)
					  (NP (N man)))))))
	  (ADVP-TMP (ADV +tan))
	  (NP-SBJ (PRO +tei))
	  (VBP drawen)
	  (NP-OB1 (PRO hem))
	  (PP (P towardes)
	      (NP (D the)
		  (NS londes)
		  (RRC (VAG marchynge))
		  (ADJP-LOC (ADJ next)
			    (PP (P to)
				(NP (PRO them))))))
	  (. .))
  (ID CMMANDEV,103.2499))

/~*
And +gee schull vndirstonde +tat after the opynyoun of olde wise Philosophres
& Astronomeres oure contree ne Irelond ne Wales ne Scotlong ne Norweye ne the
o+ter yles costynge to hem ne ben not in the superficyalte cownted abouen the
erthe, as it schewe+t be all the bokes of Astronomye.
(CMMANDEV,124.3010)
*~/
/*
79 VAG:  79 VAG, 80 costynge, 78 RRC
*/

( (IP-MAT (CONJ And)
	  (NP-SBJ (PRO +gee))
	  (MD schull)
	  (VB vndirstonde)
	  (CP-THT (C +tat)
		  (IP-SUB (PP (P after)
			      (NP (D the)
				  (N opynyoun)
				  (PP (P of)
				      (NP (ADJ olde)
					  (ADJ wise)
					  (NS Philosophres)
					  (CONJ &)
					  (NX (NS Astronomeres))))))
			  (NP-SBJ (NP (PRO$ oure) (N contree))
				  (CONJP (CONJ ne)
					 (NP (NPR Irelond)))
				  (CONJP (CONJ ne)
					 (NP (NPR Wales)))
				  (CONJP (CONJ ne)
					 (NP (NPR Scotlong)))
				  (CONJP (CONJ ne)
					 (NP (NPR Norweye)))
				  (CONJP (CONJ ne)
					 (NP (D the)
					     (OTHER o+ter)
					     (NS yles)
					     (RRC (VAG costynge)
						  (PP (P to)
						      (NP (PRO hem)))))))
			  (NEG ne)
			  (BEP ben)
			  (NEG not)
			  (PP (P in)
			      (NP (D the)
				  (N superficyalte)
				  (RRC (VAN cownted)
				       (PP (P abouen)
					   (NP (D the) (NPR erthe))))))
			  (, ,)
			  (PP (P as)
			      (CP-ADV (WNP-1 0)
				      (C 0)
				      (IP-SUB (NP-OB1 *T*-1)
					      (NP-SBJ (PRO it))
					      (VBP schewe+t)
					      (PP (P be)
						  (NP (Q all)
						      (D the)
						      (NS bokes)
						      (PP (P of)
							  (NP (N Astronomye))))))))))
	  (. .))
  (ID CMMANDEV,124.3010))

/~*
OF THE TREES +TAT BEREN MELE, HONY, WYN & VENYM, & OF OTHERE MERUAYLLES &
CUSTOMS VSED IN THE YLES MARCHINGE +TERE ABOUTEN.
(CMMANDEV,124.3020)
*~/
/*
66 VAG:  66 VAG, 67 MARCHINGE, 65 RRC
66 VAG:  66 VAG, 67 MARCHINGE, 54 RRC
*/

( (PP (PP (P OF)
	  (NP (D THE)
	      (NS TREES)
	      (CP-REL (WNP-1 0)
		      (C +TAT)
		      (IP-SUB (NP-SBJ *T*-1)
			      (VBP BEREN)
			      (NP-OB1 (N MELE) (, ,) (N HONY) (, ,) (N WYN) (CONJ &) (N VENYM))))))
      (, ,)
      (CONJP (CONJ &)
	     (PP (P OF)
		 (NP (OTHER OTHERE)
		     (NS MERUAYLLES)
		     (CONJP (CONJ &)
			    (NX (NS CUSTOMS)))
		     (RRC (VAN VSED)
			  (PP (P IN)
			      (NP (D THE)
				  (NS YLES)
				  (RRC (VAG MARCHINGE)
				       (PP (ADVP (ADV +TERE))
					   (P ABOUTEN)))))))))
      (. .))
  (ID CMMANDEV,124.3020))

/~*
And all aboute the palays & the hill ben many trees berynge many dyuerse
frutes.
(CMMANDEV,140.3222)
*~/
/*
33 VAG:  33 VAG, 34 berynge, 32 RRC
*/

( (IP-MAT (CONJ And)
	  (NP-SBJ-1 *exp*)
	  (PP (Q all)
	      (P aboute)
	      (NP (NP (D the) (N palays))
		  (CONJP (CONJ &)
			 (NP (D the) (N hill)))))
	  (BEP ben)
	  (NP-1 (Q many)
		(NS trees)
		(RRC (VAG berynge)
		     (NP-OB1 (Q many) (ADJ dyuerse) (NS frutes))))
	  (. .))
  (ID CMMANDEV,140.3222))

/~*
And all aboute +ter is ymade large nettes of sylk & gold & grete perles
hangynge all aboute the mountour.
(CMMANDEV,141.3237)
*~/
/*
43 VAG:  43 VAG, 44 hangynge, 42 RRC
*/

( (IP-MAT (CONJ And)
	  (PP (Q all)
	      (P aboute)
	      (ADVP (ADV +ter)))
	  (BEP is)
	  (VAN ymade)
	  (NP-SBJ (ADJ large)
		  (NS nettes)
		  (PP (P of)
		      (NP (NP (N sylk))
			  (CONJP (CONJ &)
				 (NP (N gold)))
			  (CONJP (CONJ &)
				 (NP (ADJ grete) (NS perles)))
			  (RRC (VAG hangynge)
			       (PP (Q all)
				   (P aboute)
				   (NP (D the) (N mountour)))))))
	  (. .))
  (ID CMMANDEV,141.3237))

/~*
And all +to +tat ben maryed han a countrefete made lyche a MANNES FOOT vpon
here hedes cubyte long all wrought with grete perles of fyne & oryent & abouen
made with pecokes fedres & of o+ter schynynge fedres
(CMMANDEV,142.3251)
*~/
/*
110 VAG:  110 VAG, 111 schynynge, 86 RRC
110 VAG:  110 VAG, 111 schynynge, 59 RRC
*/

( (IP-MAT (CONJ And)
	  (NP-SBJ (Q all)
		  (D +to)
		  (CP-REL (WNP-1 0)
			  (C +tat)
			  (IP-SUB (NP-SBJ *T*-1)
				  (BEP ben)
				  (VAN maryed))))
	  (HVP han)
	  (NP-OB1 (D a)
		  (N countrefete)
		  (RRC (VAN made)
		       (IP-SMC (NP-SBJ *)
			       (ADJP (ADJ lyche)
				     (NP (NP-POS (D a) (N$ MANNES))
					 (N FOOT)))))
		  (PP (P vpon)
		      (NP (PRO$ here) (NS hedes)))
		  (ADJP (NP-MSR (N cubyte))
			(ADJ long))
		  (RRC (RRC (Q all)
			    (VAN wrought)
			    (PP (P with)
				(NP (ADJ grete)
				    (NS perles)
				    (PP (P of)
					(NP (N fyne) (CONJ &) (N oryent))))))
		       (CONJP (CONJ &)
			      (RRC (ADVP-LOC (ADV abouen))
				   (VAN made)
				   (PP (PP (P with)
					   (NP (N$ pecokes) (NS fedres)))
				       (CONJP (CONJ &)
					      (PP (P of)
						  (NP (OTHER o+ter) (VAG schynynge) (NS fedres))))))))))
  (ID CMMANDEV,142.3251))

/~*
And +tei ben all so propurlych made +tat it semeth a verry vyne berynge
kyndely grapes.
(CMMANDEV,143.3285)
*~/
/*
36 VAG:  36 VAG, 37 berynge, 35 RRC
*/

( (IP-MAT (CONJ And)
	  (NP-SBJ (PRO +tei))
	  (BEP ben)
	  (Q all)
	  (ADJP (ADVP (ADVR so) (ADV propurlych))
		(VAN made)
		(CP-DEG (C +tat)
			(IP-SUB (NP-SBJ (PRO it))
				(VBP semeth)
				(NP-OB1 (D a)
					(ADJ verry)
					(N vyne)
					(RRC (VAG berynge)
					     (NP-OB1 (ADJ kyndely) (NS grapes)))))))
	  (. .))
  (ID CMMANDEV,143.3285))
/*
FOOTER
  source file, hits/tokens/total
  C:\Users\Shoo\Dropbox\workspace\CorpusSearch_Auto\data\corporas\PPCME2\temp1492106398658\travelogue\cmmandev.m3.psd	15/13/3314
*/
/*
SUMMARY:  
source files, hits/tokens/total
  C:\Users\Shoo\Dropbox\workspace\CorpusSearch_Auto\data\corporas\PPCME2\temp1492106398658\travelogue\cmmandev.m3.psd	15/13/3314
whole search, hits/tokens/total
		15/13/3314
*/
