/*
PREFACE:  
Copyright 2010 Beth Randall
Date:  Thu Apr 13 18:58:53 BST 2017

command file:     data\searches\queries\PENN\progressive_forms_in_prepositional_phrases_appositive_parenthetical.q
output file:      C:\Users\Shoo\Dropbox\workspace\CorpusSearch_Auto\data\output\13-04-2017 18.46.36.333 PPCMBE\progressive_forms_in_prepositional_phrases_appositive_parenthetical\history\result.out

node:   PP-*PRN*|BAG*|HAG*|VAG*|DAG*
query:  (BAG*|HAG*|VAG*|DAG* Dominates  !BAG*|HAG*|VAG*|DAG*) 
  AND  (PP-*PRN* Dominates  BAG*|HAG*|VAG*|DAG*) 
*/
/*
HEADER:
source file:  C:\Users\Shoo\Dropbox\workspace\CorpusSearch_Auto\data\corporas\PPCMBE\temp1492106160469\history\carlyle-1837.psd
*/
/*
FOOTER
  source file, hits/tokens/total
  C:\Users\Shoo\Dropbox\workspace\CorpusSearch_Auto\data\corporas\PPCMBE\temp1492106160469\history\carlyle-1837.psd	0/0/626
*/
/*
HEADER:
source file:  C:\Users\Shoo\Dropbox\workspace\CorpusSearch_Auto\data\corporas\PPCMBE\temp1492106160469\history\gibbon-1776.psd
*/
/*
FOOTER
  source file, hits/tokens/total
  C:\Users\Shoo\Dropbox\workspace\CorpusSearch_Auto\data\corporas\PPCMBE\temp1492106160469\history\gibbon-1776.psd	0/0/454
*/
/*
HEADER:
source file:  C:\Users\Shoo\Dropbox\workspace\CorpusSearch_Auto\data\corporas\PPCMBE\temp1492106160469\history\hind-1707.psd
*/
/*
FOOTER
  source file, hits/tokens/total
  C:\Users\Shoo\Dropbox\workspace\CorpusSearch_Auto\data\corporas\PPCMBE\temp1492106160469\history\hind-1707.psd	0/0/297
*/
/*
HEADER:
source file:  C:\Users\Shoo\Dropbox\workspace\CorpusSearch_Auto\data\corporas\PPCMBE\temp1492106160469\history\kimber-1742.psd
*/
/*
FOOTER
  source file, hits/tokens/total
  C:\Users\Shoo\Dropbox\workspace\CorpusSearch_Auto\data\corporas\PPCMBE\temp1492106160469\history\kimber-1742.psd	0/0/351
*/
/*
HEADER:
source file:  C:\Users\Shoo\Dropbox\workspace\CorpusSearch_Auto\data\corporas\PPCMBE\temp1492106160469\history\long-1866.psd
*/
/*
FOOTER
  source file, hits/tokens/total
  C:\Users\Shoo\Dropbox\workspace\CorpusSearch_Auto\data\corporas\PPCMBE\temp1492106160469\history\long-1866.psd	0/0/557
*/
/*
HEADER:
source file:  C:\Users\Shoo\Dropbox\workspace\CorpusSearch_Auto\data\corporas\PPCMBE\temp1492106160469\history\oman-1895.psd
*/

/~*
they were bent on two things - on tying the present king's hands so tightly
that he should never again be a danger to the common weal, and on forcing him
to consent to the establishment of Presbyterianism as the State religion.
(OMAN-1895,397.409)
*~/
/*
24 VAG:  24 VAG, 25 tying, 19 PP-PRN
81 VAG:  81 VAG, 82 forcing, 19 PP-PRN
*/
( (IP-MAT (NP-SBJ (PRO they))
	  (BED were)
	  (VAN bent)
	  (PP (P on)
	      (NP (NUM two) (NS things))
	      (, -)
	      (PP-PRN (PP (P on)
			  (IP-PPL (VAG tying)
				  (NP-OB1 (NP-POS (D the) (ADJ present) (N$ king's))
					  (NS hands))
				  (ADVP (ADVR so)
					(ADV tightly)
					(CP-DEG (C that)
						(IP-SUB (NP-SBJ (PRO he))
							(MD should)
							(ADVP-TMP (ADV never) (ADV again))
							(BE be)
							(NP-OB1 (D a)
								(N danger)
								(PP (P to)
								    (NP (D the) (ADJ common) (N weal)))))))))
		      (, ,)
		      (CONJP (CONJ and)
			     (PP (P on)
				 (IP-PPL (VAG forcing)
					 (NP-OB1 (PRO him))
					 (IP-INF (TO to)
						 (VB consent)
						 (PP (P to)
						     (NP (D the)
							 (N establishment)
							 (PP (P of)
							     (NP (N Presbyterianism)))))
						 (PP (P as)
						     (NP (D the) (N State) (N religion)))))))))
	  (. .))
  (ID OMAN-1895,397.409))
/*
FOOTER
  source file, hits/tokens/total
  C:\Users\Shoo\Dropbox\workspace\CorpusSearch_Auto\data\corporas\PPCMBE\temp1492106160469\history\oman-1895.psd	2/1/578
*/
/*
HEADER:
source file:  C:\Users\Shoo\Dropbox\workspace\CorpusSearch_Auto\data\corporas\PPCMBE\temp1492106160469\history\turner1-1799.psd
*/
/*
FOOTER
  source file, hits/tokens/total
  C:\Users\Shoo\Dropbox\workspace\CorpusSearch_Auto\data\corporas\PPCMBE\temp1492106160469\history\turner1-1799.psd	0/0/538
*/
/*
SUMMARY:  
source files, hits/tokens/total
  C:\Users\Shoo\Dropbox\workspace\CorpusSearch_Auto\data\corporas\PPCMBE\temp1492106160469\history\carlyle-1837.psd	0/0/626
  C:\Users\Shoo\Dropbox\workspace\CorpusSearch_Auto\data\corporas\PPCMBE\temp1492106160469\history\gibbon-1776.psd	0/0/454
  C:\Users\Shoo\Dropbox\workspace\CorpusSearch_Auto\data\corporas\PPCMBE\temp1492106160469\history\hind-1707.psd	0/0/297
  C:\Users\Shoo\Dropbox\workspace\CorpusSearch_Auto\data\corporas\PPCMBE\temp1492106160469\history\kimber-1742.psd	0/0/351
  C:\Users\Shoo\Dropbox\workspace\CorpusSearch_Auto\data\corporas\PPCMBE\temp1492106160469\history\long-1866.psd	0/0/557
  C:\Users\Shoo\Dropbox\workspace\CorpusSearch_Auto\data\corporas\PPCMBE\temp1492106160469\history\oman-1895.psd	2/1/578
  C:\Users\Shoo\Dropbox\workspace\CorpusSearch_Auto\data\corporas\PPCMBE\temp1492106160469\history\turner1-1799.psd	0/0/538
whole search, hits/tokens/total
		2/1/3401
*/
