/*
PREFACE:  
Copyright 2010 Beth Randall
Date:  Thu Apr 13 18:58:27 BST 2017

command file:     data\searches\queries\PENN\progressive_forms_in_noun_phrases_adjunts.q
output file:      C:\Users\Shoo\Dropbox\workspace\CorpusSearch_Auto\data\output\13-04-2017 18.46.36.333 PPCMBE\progressive_forms_in_noun_phrases_adjunts\homilies_and_sermons\result.out

node:   NP-ADT*|BAG*|HAG*|VAG*|DAG*
query:  (BAG*|HAG*|VAG*|DAG* Dominates  !BAG*|HAG*|VAG*|DAG*) 
  AND  (NP-ADT* Dominates  BAG*|HAG*|VAG*|DAG*) 
*/
/*
HEADER:
source file:  C:\Users\Shoo\Dropbox\workspace\CorpusSearch_Auto\data\corporas\PPCMBE\temp1492106160469\homilies_and_sermons\burton-1762.psd
*/
/*
FOOTER
  source file, hits/tokens/total
  C:\Users\Shoo\Dropbox\workspace\CorpusSearch_Auto\data\corporas\PPCMBE\temp1492106160469\homilies_and_sermons\burton-1762.psd	0/0/425
*/
/*
HEADER:
source file:  C:\Users\Shoo\Dropbox\workspace\CorpusSearch_Auto\data\corporas\PPCMBE\temp1492106160469\homilies_and_sermons\butler-1726.psd
*/

/~*
All that can be said is, supposing, what, as the World goes, is so much to be
supposed that $'t $is scarce to be mentioned, that Persons do not neglect what
they really owe to Themselves; the more of their Care and Thought, and of
their Fortune they employ in doing Good to their Fellow-creatures, the nearer
they come up to the Law of Perfection,
(BUTLER-1726,239.93)
*~/
/*
195 DAG:  195 DAG, 196 doing, 145 NP-ADT
*/
( (IP-MAT (NP-SBJ (Q All)
		  (CODE <P_239>)
		  (CP-REL (WNP-1 0)
			  (C that)
			  (IP-SUB (NP-SBJ *T*-1)
				  (MD can)
				  (BE be)
				  (VAN said))))
	  (BEP is)
	  (, ,)
	  (CP-THT (C 0)
		  (IP-SUB (IP-PPL (VAG supposing)
				  (, ,)
				  (NP-OB1 (CP-FRL (WNP-2 (WPRO what))
						  (, ,)
						  (C 0)
						  (IP-SUB (NP-SBJ *T*-2)
							  (PP (P as)
							      (CP-ADV (WADVP-3 0)
								      (C 0)
								      (IP-SUB (ADVP *T*-3)
									      (NP-SBJ (D the) (N World))
									      (VBP goes))))
							  (, ,)
							  (BEP is)
							  (IP-INF (NP-MSR (QP (ADVR so)
									      (Q much)
									      (CP-DEG *ICH*-4)))
								  (TO to)
								  (BE be)
								  (VAN supposed)
								  (CP-DEG-4 (C that)
									    (IP-SUB (NP-SBJ (PRO $'t))
										    (BEP $is)
										    (CODE {TEXT:'tis})
										    (ADVP (ADV scarce))
										    (IP-INF (TO to) (BE be) (VAN mentioned)))))))
					  (, ,)
					  (CP-THT-PRN (C that)
						      (IP-SUB (NP-SBJ (NS Persons))
							      (DOP do)
							      (NEG not)
							      (VB neglect)
							      (NP-OB1 (CP-FRL (WNP-5 (WPRO what))
									      (C 0)
									      (IP-SUB (NP-OB1 *T*-5)
										      (NP-SBJ (PRO they))
										      (ADVP (ADV really))
										      (VBP owe)
										      (PP (P to)
											  (NP (PRO+N Themselves))))))))))
			  (, ;)
			  (NP-ADT (D the)
				  (QR more)
				  (PP (PP (P of)
					  (NP (PRO$ their)
					      (N Care)
					      (CONJP (CONJ and)
						     (NX (N Thought)))))
				      (, ,)
				      (CONJP (CONJ and)
					     (PP (P of)
						 (NP (PRO$ their) (N Fortune)))))
				  (CP-CMP (WNP-6 0)
					  (C 0)
					  (IP-SUB (NP-OB1 *T*-6)
						  (NP-SBJ (PRO they))
						  (VBP employ)
						  (PP (P in)
						      (IP-PPL (DAG doing)
							      (NP-OB1 (N Good))
							      (PP (P to)
								  (NP (PRO$ their) (N+NS Fellow-creatures))))))))
			  (, ,)
			  (ADJP-LOC (D the) (ADJR nearer))
			  (NP-SBJ (PRO they))
			  (VBP come)
			  (PP (RP up)
			      (P to)
			      (NP (D the)
				  (N Law)
				  (PP (P of)
				      (NP (N Perfection)))))))
	  (. ,))
  (ID BUTLER-1726,239.93))
/*
FOOTER
  source file, hits/tokens/total
  C:\Users\Shoo\Dropbox\workspace\CorpusSearch_Auto\data\corporas\PPCMBE\temp1492106160469\homilies_and_sermons\butler-1726.psd	1/1/349
*/
/*
HEADER:
source file:  C:\Users\Shoo\Dropbox\workspace\CorpusSearch_Auto\data\corporas\PPCMBE\temp1492106160469\homilies_and_sermons\froude-1830.psd
*/
/*
FOOTER
  source file, hits/tokens/total
  C:\Users\Shoo\Dropbox\workspace\CorpusSearch_Auto\data\corporas\PPCMBE\temp1492106160469\homilies_and_sermons\froude-1830.psd	0/0/366
*/
/*
HEADER:
source file:  C:\Users\Shoo\Dropbox\workspace\CorpusSearch_Auto\data\corporas\PPCMBE\temp1492106160469\homilies_and_sermons\pusey-186x.psd
*/
/*
FOOTER
  source file, hits/tokens/total
  C:\Users\Shoo\Dropbox\workspace\CorpusSearch_Auto\data\corporas\PPCMBE\temp1492106160469\homilies_and_sermons\pusey-186x.psd	0/0/439
*/
/*
HEADER:
source file:  C:\Users\Shoo\Dropbox\workspace\CorpusSearch_Auto\data\corporas\PPCMBE\temp1492106160469\homilies_and_sermons\talbot-1901.psd
*/
/*
FOOTER
  source file, hits/tokens/total
  C:\Users\Shoo\Dropbox\workspace\CorpusSearch_Auto\data\corporas\PPCMBE\temp1492106160469\homilies_and_sermons\talbot-1901.psd	0/0/522
*/
/*
HEADER:
source file:  C:\Users\Shoo\Dropbox\workspace\CorpusSearch_Auto\data\corporas\PPCMBE\temp1492106160469\homilies_and_sermons\wollaston-1793.psd
*/
/*
FOOTER
  source file, hits/tokens/total
  C:\Users\Shoo\Dropbox\workspace\CorpusSearch_Auto\data\corporas\PPCMBE\temp1492106160469\homilies_and_sermons\wollaston-1793.psd	0/0/341
*/
/*
SUMMARY:  
source files, hits/tokens/total
  C:\Users\Shoo\Dropbox\workspace\CorpusSearch_Auto\data\corporas\PPCMBE\temp1492106160469\homilies_and_sermons\burton-1762.psd	0/0/425
  C:\Users\Shoo\Dropbox\workspace\CorpusSearch_Auto\data\corporas\PPCMBE\temp1492106160469\homilies_and_sermons\butler-1726.psd	1/1/349
  C:\Users\Shoo\Dropbox\workspace\CorpusSearch_Auto\data\corporas\PPCMBE\temp1492106160469\homilies_and_sermons\froude-1830.psd	0/0/366
  C:\Users\Shoo\Dropbox\workspace\CorpusSearch_Auto\data\corporas\PPCMBE\temp1492106160469\homilies_and_sermons\pusey-186x.psd	0/0/439
  C:\Users\Shoo\Dropbox\workspace\CorpusSearch_Auto\data\corporas\PPCMBE\temp1492106160469\homilies_and_sermons\talbot-1901.psd	0/0/522
  C:\Users\Shoo\Dropbox\workspace\CorpusSearch_Auto\data\corporas\PPCMBE\temp1492106160469\homilies_and_sermons\wollaston-1793.psd	0/0/341
whole search, hits/tokens/total
		1/1/2442
*/
