/*
PREFACE:  
Copyright 2010 Beth Randall
Date:  Thu Apr 13 18:58:09 BST 2017

command file:     data\searches\queries\PENN\progressive_forms_in_a_generic_empty_category.q
output file:      C:\Users\Shoo\Dropbox\workspace\CorpusSearch_Auto\data\output\13-04-2017 18.46.36.333 PPCMBE\progressive_forms_in_a_generic_empty_category\medicine_handbooks_religious_and_educational_treatises\result.out

node:   X*PPL*|BAG*|HAG*|VAG*|DAG*
query:  (BAG*|HAG*|VAG*|DAG* Dominates  !BAG*|HAG*|VAG*|DAG*) 
  AND  (X*PPL* Dominates  BAG*|HAG*|VAG*|DAG*) 
*/
/*
HEADER:
source file:  C:\Users\Shoo\Dropbox\workspace\CorpusSearch_Auto\data\corporas\PPCMBE\temp1492106160469\medicine_handbooks_religious_and_educational_treatises\anon-1711.psd
*/
/*
FOOTER
  source file, hits/tokens/total
  C:\Users\Shoo\Dropbox\workspace\CorpusSearch_Auto\data\corporas\PPCMBE\temp1492106160469\medicine_handbooks_religious_and_educational_treatises\anon-1711.psd	0/0/241
*/
/*
HEADER:
source file:  C:\Users\Shoo\Dropbox\workspace\CorpusSearch_Auto\data\corporas\PPCMBE\temp1492106160469\medicine_handbooks_religious_and_educational_treatises\bain-1878.psd
*/
/*
FOOTER
  source file, hits/tokens/total
  C:\Users\Shoo\Dropbox\workspace\CorpusSearch_Auto\data\corporas\PPCMBE\temp1492106160469\medicine_handbooks_religious_and_educational_treatises\bain-1878.psd	0/0/488
*/
/*
HEADER:
source file:  C:\Users\Shoo\Dropbox\workspace\CorpusSearch_Auto\data\corporas\PPCMBE\temp1492106160469\medicine_handbooks_religious_and_educational_treatises\barclay-1743.psd
*/
/*
FOOTER
  source file, hits/tokens/total
  C:\Users\Shoo\Dropbox\workspace\CorpusSearch_Auto\data\corporas\PPCMBE\temp1492106160469\medicine_handbooks_religious_and_educational_treatises\barclay-1743.psd	0/0/475
*/
/*
HEADER:
source file:  C:\Users\Shoo\Dropbox\workspace\CorpusSearch_Auto\data\corporas\PPCMBE\temp1492106160469\medicine_handbooks_religious_and_educational_treatises\bardsley-1807.psd
*/
/*
FOOTER
  source file, hits/tokens/total
  C:\Users\Shoo\Dropbox\workspace\CorpusSearch_Auto\data\corporas\PPCMBE\temp1492106160469\medicine_handbooks_religious_and_educational_treatises\bardsley-1807.psd	0/0/422
*/
/*
HEADER:
source file:  C:\Users\Shoo\Dropbox\workspace\CorpusSearch_Auto\data\corporas\PPCMBE\temp1492106160469\medicine_handbooks_religious_and_educational_treatises\benson-1908.psd
*/
/*
FOOTER
  source file, hits/tokens/total
  C:\Users\Shoo\Dropbox\workspace\CorpusSearch_Auto\data\corporas\PPCMBE\temp1492106160469\medicine_handbooks_religious_and_educational_treatises\benson-1908.psd	0/0/458
*/
/*
HEADER:
source file:  C:\Users\Shoo\Dropbox\workspace\CorpusSearch_Auto\data\corporas\PPCMBE\temp1492106160469\medicine_handbooks_religious_and_educational_treatises\brightland-1711.psd
*/
/*
FOOTER
  source file, hits/tokens/total
  C:\Users\Shoo\Dropbox\workspace\CorpusSearch_Auto\data\corporas\PPCMBE\temp1492106160469\medicine_handbooks_religious_and_educational_treatises\brightland-1711.psd	0/0/49
*/
/*
HEADER:
source file:  C:\Users\Shoo\Dropbox\workspace\CorpusSearch_Auto\data\corporas\PPCMBE\temp1492106160469\medicine_handbooks_religious_and_educational_treatises\chapman-1774.psd
*/
/*
FOOTER
  source file, hits/tokens/total
  C:\Users\Shoo\Dropbox\workspace\CorpusSearch_Auto\data\corporas\PPCMBE\temp1492106160469\medicine_handbooks_religious_and_educational_treatises\chapman-1774.psd	0/0/383
*/
/*
HEADER:
source file:  C:\Users\Shoo\Dropbox\workspace\CorpusSearch_Auto\data\corporas\PPCMBE\temp1492106160469\medicine_handbooks_religious_and_educational_treatises\drummond-1718.psd
*/
/*
FOOTER
  source file, hits/tokens/total
  C:\Users\Shoo\Dropbox\workspace\CorpusSearch_Auto\data\corporas\PPCMBE\temp1492106160469\medicine_handbooks_religious_and_educational_treatises\drummond-1718.psd	0/0/436
*/
/*
HEADER:
source file:  C:\Users\Shoo\Dropbox\workspace\CorpusSearch_Auto\data\corporas\PPCMBE\temp1492106160469\medicine_handbooks_religious_and_educational_treatises\fleming-1886.psd
*/
/*
FOOTER
  source file, hits/tokens/total
  C:\Users\Shoo\Dropbox\workspace\CorpusSearch_Auto\data\corporas\PPCMBE\temp1492106160469\medicine_handbooks_religious_and_educational_treatises\fleming-1886.psd	0/0/522
*/
/*
HEADER:
source file:  C:\Users\Shoo\Dropbox\workspace\CorpusSearch_Auto\data\corporas\PPCMBE\temp1492106160469\medicine_handbooks_religious_and_educational_treatises\grafting-1780.psd
*/
/*
FOOTER
  source file, hits/tokens/total
  C:\Users\Shoo\Dropbox\workspace\CorpusSearch_Auto\data\corporas\PPCMBE\temp1492106160469\medicine_handbooks_religious_and_educational_treatises\grafting-1780.psd	0/0/423
*/
/*
HEADER:
source file:  C:\Users\Shoo\Dropbox\workspace\CorpusSearch_Auto\data\corporas\PPCMBE\temp1492106160469\medicine_handbooks_religious_and_educational_treatises\lancaster-1806.psd
*/
/*
FOOTER
  source file, hits/tokens/total
  C:\Users\Shoo\Dropbox\workspace\CorpusSearch_Auto\data\corporas\PPCMBE\temp1492106160469\medicine_handbooks_religious_and_educational_treatises\lancaster-1806.psd	0/0/548
*/
/*
HEADER:
source file:  C:\Users\Shoo\Dropbox\workspace\CorpusSearch_Auto\data\corporas\PPCMBE\temp1492106160469\medicine_handbooks_religious_and_educational_treatises\lind-1753.psd
*/
/*
FOOTER
  source file, hits/tokens/total
  C:\Users\Shoo\Dropbox\workspace\CorpusSearch_Auto\data\corporas\PPCMBE\temp1492106160469\medicine_handbooks_religious_and_educational_treatises\lind-1753.psd	0/0/294
*/
/*
HEADER:
source file:  C:\Users\Shoo\Dropbox\workspace\CorpusSearch_Auto\data\corporas\PPCMBE\temp1492106160469\medicine_handbooks_religious_and_educational_treatises\maxwell-1747.psd
*/
/*
FOOTER
  source file, hits/tokens/total
  C:\Users\Shoo\Dropbox\workspace\CorpusSearch_Auto\data\corporas\PPCMBE\temp1492106160469\medicine_handbooks_religious_and_educational_treatises\maxwell-1747.psd	0/0/470
*/
/*
HEADER:
source file:  C:\Users\Shoo\Dropbox\workspace\CorpusSearch_Auto\data\corporas\PPCMBE\temp1492106160469\medicine_handbooks_religious_and_educational_treatises\poore-1876.psd
*/
/*
FOOTER
  source file, hits/tokens/total
  C:\Users\Shoo\Dropbox\workspace\CorpusSearch_Auto\data\corporas\PPCMBE\temp1492106160469\medicine_handbooks_religious_and_educational_treatises\poore-1876.psd	0/0/435
*/
/*
HEADER:
source file:  C:\Users\Shoo\Dropbox\workspace\CorpusSearch_Auto\data\corporas\PPCMBE\temp1492106160469\medicine_handbooks_religious_and_educational_treatises\skeavington-184x.psd
*/
/*
FOOTER
  source file, hits/tokens/total
  C:\Users\Shoo\Dropbox\workspace\CorpusSearch_Auto\data\corporas\PPCMBE\temp1492106160469\medicine_handbooks_religious_and_educational_treatises\skeavington-184x.psd	0/0/494
*/
/*
HEADER:
source file:  C:\Users\Shoo\Dropbox\workspace\CorpusSearch_Auto\data\corporas\PPCMBE\temp1492106160469\medicine_handbooks_religious_and_educational_treatises\tindall-1814.psd
*/
/*
FOOTER
  source file, hits/tokens/total
  C:\Users\Shoo\Dropbox\workspace\CorpusSearch_Auto\data\corporas\PPCMBE\temp1492106160469\medicine_handbooks_religious_and_educational_treatises\tindall-1814.psd	0/0/464
*/
/*
HEADER:
source file:  C:\Users\Shoo\Dropbox\workspace\CorpusSearch_Auto\data\corporas\PPCMBE\temp1492106160469\medicine_handbooks_religious_and_educational_treatises\weathers-1913.psd
*/
/*
FOOTER
  source file, hits/tokens/total
  C:\Users\Shoo\Dropbox\workspace\CorpusSearch_Auto\data\corporas\PPCMBE\temp1492106160469\medicine_handbooks_religious_and_educational_treatises\weathers-1913.psd	0/0/395
*/
/*
HEADER:
source file:  C:\Users\Shoo\Dropbox\workspace\CorpusSearch_Auto\data\corporas\PPCMBE\temp1492106160469\medicine_handbooks_religious_and_educational_treatises\webster-1718.psd
*/
/*
FOOTER
  source file, hits/tokens/total
  C:\Users\Shoo\Dropbox\workspace\CorpusSearch_Auto\data\corporas\PPCMBE\temp1492106160469\medicine_handbooks_religious_and_educational_treatises\webster-1718.psd	0/0/77
*/
/*
HEADER:
source file:  C:\Users\Shoo\Dropbox\workspace\CorpusSearch_Auto\data\corporas\PPCMBE\temp1492106160469\medicine_handbooks_religious_and_educational_treatises\whewell-1837.psd
*/
/*
FOOTER
  source file, hits/tokens/total
  C:\Users\Shoo\Dropbox\workspace\CorpusSearch_Auto\data\corporas\PPCMBE\temp1492106160469\medicine_handbooks_religious_and_educational_treatises\whewell-1837.psd	0/0/404
*/
/*
SUMMARY:  
source files, hits/tokens/total
  C:\Users\Shoo\Dropbox\workspace\CorpusSearch_Auto\data\corporas\PPCMBE\temp1492106160469\medicine_handbooks_religious_and_educational_treatises\anon-1711.psd	0/0/241
  C:\Users\Shoo\Dropbox\workspace\CorpusSearch_Auto\data\corporas\PPCMBE\temp1492106160469\medicine_handbooks_religious_and_educational_treatises\bain-1878.psd	0/0/488
  C:\Users\Shoo\Dropbox\workspace\CorpusSearch_Auto\data\corporas\PPCMBE\temp1492106160469\medicine_handbooks_religious_and_educational_treatises\barclay-1743.psd	0/0/475
  C:\Users\Shoo\Dropbox\workspace\CorpusSearch_Auto\data\corporas\PPCMBE\temp1492106160469\medicine_handbooks_religious_and_educational_treatises\bardsley-1807.psd	0/0/422
  C:\Users\Shoo\Dropbox\workspace\CorpusSearch_Auto\data\corporas\PPCMBE\temp1492106160469\medicine_handbooks_religious_and_educational_treatises\benson-1908.psd	0/0/458
  C:\Users\Shoo\Dropbox\workspace\CorpusSearch_Auto\data\corporas\PPCMBE\temp1492106160469\medicine_handbooks_religious_and_educational_treatises\brightland-1711.psd	0/0/49
  C:\Users\Shoo\Dropbox\workspace\CorpusSearch_Auto\data\corporas\PPCMBE\temp1492106160469\medicine_handbooks_religious_and_educational_treatises\chapman-1774.psd	0/0/383
  C:\Users\Shoo\Dropbox\workspace\CorpusSearch_Auto\data\corporas\PPCMBE\temp1492106160469\medicine_handbooks_religious_and_educational_treatises\drummond-1718.psd	0/0/436
  C:\Users\Shoo\Dropbox\workspace\CorpusSearch_Auto\data\corporas\PPCMBE\temp1492106160469\medicine_handbooks_religious_and_educational_treatises\fleming-1886.psd	0/0/522
  C:\Users\Shoo\Dropbox\workspace\CorpusSearch_Auto\data\corporas\PPCMBE\temp1492106160469\medicine_handbooks_religious_and_educational_treatises\grafting-1780.psd	0/0/423
  C:\Users\Shoo\Dropbox\workspace\CorpusSearch_Auto\data\corporas\PPCMBE\temp1492106160469\medicine_handbooks_religious_and_educational_treatises\lancaster-1806.psd	0/0/548
  C:\Users\Shoo\Dropbox\workspace\CorpusSearch_Auto\data\corporas\PPCMBE\temp1492106160469\medicine_handbooks_religious_and_educational_treatises\lind-1753.psd	0/0/294
  C:\Users\Shoo\Dropbox\workspace\CorpusSearch_Auto\data\corporas\PPCMBE\temp1492106160469\medicine_handbooks_religious_and_educational_treatises\maxwell-1747.psd	0/0/470
  C:\Users\Shoo\Dropbox\workspace\CorpusSearch_Auto\data\corporas\PPCMBE\temp1492106160469\medicine_handbooks_religious_and_educational_treatises\poore-1876.psd	0/0/435
  C:\Users\Shoo\Dropbox\workspace\CorpusSearch_Auto\data\corporas\PPCMBE\temp1492106160469\medicine_handbooks_religious_and_educational_treatises\skeavington-184x.psd	0/0/494
  C:\Users\Shoo\Dropbox\workspace\CorpusSearch_Auto\data\corporas\PPCMBE\temp1492106160469\medicine_handbooks_religious_and_educational_treatises\tindall-1814.psd	0/0/464
  C:\Users\Shoo\Dropbox\workspace\CorpusSearch_Auto\data\corporas\PPCMBE\temp1492106160469\medicine_handbooks_religious_and_educational_treatises\weathers-1913.psd	0/0/395
  C:\Users\Shoo\Dropbox\workspace\CorpusSearch_Auto\data\corporas\PPCMBE\temp1492106160469\medicine_handbooks_religious_and_educational_treatises\webster-1718.psd	0/0/77
  C:\Users\Shoo\Dropbox\workspace\CorpusSearch_Auto\data\corporas\PPCMBE\temp1492106160469\medicine_handbooks_religious_and_educational_treatises\whewell-1837.psd	0/0/404
whole search, hits/tokens/total
		0/0/7478
*/
