/*
PREFACE:  
Copyright 2010 Beth Randall
Date:  Thu Apr 13 18:55:09 BST 2017

command file:     data\searches\queries\PENN\stranded_prepositions.q
output file:      C:\Users\Shoo\Dropbox\workspace\CorpusSearch_Auto\data\output\13-04-2017 18.46.36.333 PPCEME\stranded_prepositions\bible_and_apocrypha\result.out

node:   *|P
query:  (P Dominates  !P) 
  AND  (* iDomsLast  P) 
*/
/*
HEADER:
source file:  C:\Users\Shoo\Dropbox\workspace\CorpusSearch_Auto\data\corporas\PPCEME\temp1492105854173\bible_and_apocrypha\authnew-e2-h.psd
*/
/*
FOOTER
  source file, hits/tokens/total
  C:\Users\Shoo\Dropbox\workspace\CorpusSearch_Auto\data\corporas\PPCEME\temp1492105854173\bible_and_apocrypha\authnew-e2-h.psd	0/0/1613
*/
/*
HEADER:
source file:  C:\Users\Shoo\Dropbox\workspace\CorpusSearch_Auto\data\corporas\PPCEME\temp1492105854173\bible_and_apocrypha\authnew-e2-p1.psd
*/

/~*
and vpon as many as heard these things.
(AUTHNEW-E2-P1,5,1A.1472)
*~/
/*
13 P:  13 P, 14 as, 10 PP
*/
( (IP-MAT (CONJ and)
	  (PP (P vpon)
	      (QP (ADVR as)
		  (PP (Q many) (P as))))
	  (NP-SBJ *con*)
	  (VBD heard)
	  (NP-OB1 (D these) (NS things))
	  (. .))
  (ID AUTHNEW-E2-P1,5,1A.1472))
/*
FOOTER
  source file, hits/tokens/total
  C:\Users\Shoo\Dropbox\workspace\CorpusSearch_Auto\data\corporas\PPCEME\temp1492105854173\bible_and_apocrypha\authnew-e2-p1.psd	1/1/1558
*/
/*
HEADER:
source file:  C:\Users\Shoo\Dropbox\workspace\CorpusSearch_Auto\data\corporas\PPCEME\temp1492105854173\bible_and_apocrypha\authnew-e2-p2.psd
*/
/*
FOOTER
  source file, hits/tokens/total
  C:\Users\Shoo\Dropbox\workspace\CorpusSearch_Auto\data\corporas\PPCEME\temp1492105854173\bible_and_apocrypha\authnew-e2-p2.psd	0/0/1255
*/
/*
HEADER:
source file:  C:\Users\Shoo\Dropbox\workspace\CorpusSearch_Auto\data\corporas\PPCEME\temp1492105854173\bible_and_apocrypha\authold-e2-h.psd
*/
/*
FOOTER
  source file, hits/tokens/total
  C:\Users\Shoo\Dropbox\workspace\CorpusSearch_Auto\data\corporas\PPCEME\temp1492105854173\bible_and_apocrypha\authold-e2-h.psd	0/0/1234
*/
/*
HEADER:
source file:  C:\Users\Shoo\Dropbox\workspace\CorpusSearch_Auto\data\corporas\PPCEME\temp1492105854173\bible_and_apocrypha\authold-e2-p1.psd
*/

/~*
And Reu liued, after hee begate Serug, two hundreth and seuen yeres;
(AUTHOLD-E2-P1,11,20G.339)
*~/
/*
12 P:  12 P, 13 after, 11 PP
*/

( (IP-MAT (CONJ And)
	  (NP-SBJ (NPR Reu))
	  (VBD liued)
	  (, ,)
	  (PP (P after))
	  (CP-ADV (C 0)
		  (IP-SUB (NP-SBJ (PRO hee))
			  (VBD begate)
			  (NP-OB1 (NPR Serug))))
	  (, ,)
	  (NP-MSR (NUMP (NUM two) (NUM hundreth) (CONJ and) (NUM seuen))
		  (NS yeres))
	  (. ;))
  (ID AUTHOLD-E2-P1,11,20G.339))
/*
FOOTER
  source file, hits/tokens/total
  C:\Users\Shoo\Dropbox\workspace\CorpusSearch_Auto\data\corporas\PPCEME\temp1492105854173\bible_and_apocrypha\authold-e2-p1.psd	1/1/1385
*/
/*
HEADER:
source file:  C:\Users\Shoo\Dropbox\workspace\CorpusSearch_Auto\data\corporas\PPCEME\temp1492105854173\bible_and_apocrypha\authold-e2-p2.psd
*/

/~*
and to him will I giue the land that he hath troden vpon, and to his children,
because hee hath wholly followed the Lord.
(AUTHOLD-E2-P2,1,20D.108)
*~/
/*
40 P:  40 P, 41 vpon, 39 PP
*/

( (IP-MAT-SPE (CONJ and)
	      (PP (PP (P to)
		      (NP (PRO him)))
		  (CONJP *ICH*-2))
	      (MD will)
	      (NP-SBJ (PRO I))
	      (VB giue)
	      (NP-OB1 (D the)
		      (N land)
		      (CP-REL-SPE (WNP-1 0)
				  (C that)
				  (IP-SUB-SPE (NP-SBJ (PRO he))
					      (HVP hath)
					      (VBN troden)
					      (PP (PP (P vpon))
						  (NP *T*-1)))))
	      (, ,)
	      (CONJP-2 (CONJ and)
		       (PP (P to)
			   (NP (PRO$ his) (NS children))))
	      (, ,)
	      (PP (P+N because)
		  (CP-ADV-SPE (C 0)
			      (IP-SUB-SPE (NP-SBJ (PRO hee))
					  (HVP hath)
					  (ADVP (ADV wholly))
					  (VBN followed)
					  (NP-OB1 (D the) (NPR Lord)))))
	      (. .))
  (ID AUTHOLD-E2-P2,1,20D.108))
/*
FOOTER
  source file, hits/tokens/total
  C:\Users\Shoo\Dropbox\workspace\CorpusSearch_Auto\data\corporas\PPCEME\temp1492105854173\bible_and_apocrypha\authold-e2-p2.psd	1/1/912
*/
/*
HEADER:
source file:  C:\Users\Shoo\Dropbox\workspace\CorpusSearch_Auto\data\corporas\PPCEME\temp1492105854173\bible_and_apocrypha\tyndnew-e1-h.psd
*/

/~*
And Iesus answered them: my father worketh hidder to,
(TYNDNEW-E1-H,5,1J.367)
*~/
/*
25 P:  25 P, 26 to, 22 PP
*/

( (IP-MAT (CONJ And)
	  (NP-SBJ (NPR Iesus))
	  (VBD answered)
	  (NP-OB2 (PRO them))
	  (, :)
	  (IP-MAT-SPE (NP-SBJ (PRO$ my) (N father))
		      (VBP worketh)
		      (PP (ADV hidder) (P to)))
	  (. ,))
  (ID TYNDNEW-E1-H,5,1J.367))

/~*
The daye folowynge, the people which stode on the other syde of the see, sawe
that ther was none other shyp theare, save that one wher in his disciples were
entred, and that Iesus went not in with his disciples into the ship: but that
his disciples were gone awaye alone.
(TYNDNEW-E1-H,6,20J.467)
*~/
/*
84 P:  84 P, 85 in, 81 WPP-3
*/

( (IP-MAT (NP-TMP (D The)
		  (N daye)
		  (RRC (VAG folowynge)))
	  (, ,)
	  (NP-SBJ (D the)
		  (NS people)
		  (CP-REL (WNP-1 (WPRO which))
			  (C 0)
			  (IP-SUB (NP-SBJ *T*-1)
				  (VBD stode)
				  (PP (P on)
				      (NP (D the)
					  (OTHER other)
					  (N syde)
					  (PP (P of)
					      (NP (D the) (N see))))))))
	  (, ,)
	  (VBD sawe)
	  (CP-THT (CP-THT (C that)
			  (IP-SUB (NP-SBJ-2 (EX ther))
				  (BED was)
				  (NP-2 (Q none) (OTHER other) (N shyp))
				  (ADVP-LOC (ADV theare))
				  (, ,)
				  (PP (P save)
				      (NP (D that)
					  (ONE one)
					  (CP-REL (WPP-3 (WADV wher) (P in))
						  (C 0)
						  (IP-SUB (PP *T*-3)
							  (NP-SBJ (PRO$ his) (NS disciples))
							  (BED were)
							  (VAN entred)))))))
		  (, ,)
		  (CONJP (CONJ and)
			 (CP-THT (C that)
				 (IP-SUB (NP-SBJ (NPR Iesus))
					 (VBD went)
					 (NEG not)
					 (RP in)
					 (PP (P with)
					     (NP (PRO$ his) (NS disciples)))
					 (PP (P into)
					     (NP (D the) (N ship))))))
		  (, :)
		  (CONJP (CONJ but)
			 (CP-THT (C that)
				 (IP-SUB (NP-SBJ (PRO$ his) (NS disciples))
					 (BED were)
					 (VBN gone)
					 (ADVP-DIR (ADV awaye))
					 (ADJP-SPR (ADJ alone))))))
	  (. .))
  (ID TYNDNEW-E1-H,6,20J.467))

/~*
What sayest thou ther fore?
(TYNDNEW-E1-H,8,1J.662)
*~/
/*
16 P:  16 P, 17 fore, 13 PP
*/

( (CP-QUE-SPE (WNP-1 (WPRO What))
	      (IP-SUB-SPE (NP-OB1 *T*-1)
			  (VBP sayest)
			  (NP-SBJ (PRO thou))
			  (PP (ADV ther) (P fore)))
	      (. ?))
  (ID TYNDNEW-E1-H,8,1J.662))
/*
FOOTER
  source file, hits/tokens/total
  C:\Users\Shoo\Dropbox\workspace\CorpusSearch_Auto\data\corporas\PPCEME\temp1492105854173\bible_and_apocrypha\tyndnew-e1-h.psd	3/3/1078
*/
/*
HEADER:
source file:  C:\Users\Shoo\Dropbox\workspace\CorpusSearch_Auto\data\corporas\PPCEME\temp1492105854173\bible_and_apocrypha\tyndnew-e1-p1.psd
*/

/~*
Here after will I not talke many mordes vnto you.
(TYNDNEW-E1-P1,14,20J.244)
*~/
/*
5 P:  5 P, 6 after, 2 PP
*/

( (IP-MAT-SPE (PP (ADV Here) (P after))
	      (MD will)
	      (NP-SBJ (PRO I))
	      (NEG not)
	      (VB talke)
	      (NP-OB1 (Q many) (NS mordes))
	      (CODE {COM:sic})
	      (PP (P vnto)
		  (NP (PRO you)))
	      (. .))
  (ID TYNDNEW-E1-P1,14,20J.244))

/~*
Heare in is my father glorified, that ye beare moche frute, and be made my
disciples.
(TYNDNEW-E1-P1,15,1J.273)
*~/
/*
5 P:  5 P, 6 in, 2 PP
*/

( (IP-MAT-SPE (PP (ADV Heare) (P in))
	      (BEP is)
	      (NP-SBJ (PRO$ my) (N father))
	      (VAN glorified)
	      (, ,)
	      (CP-THT-SPE (C that)
			  (IP-SUB-SPE (IP-SUB-SPE (NP-SBJ (PRO ye))
						  (VBP beare)
						  (NP-OB1 (Q moche) (N frute)))
				      (, ,)
				      (CONJP (CONJ and)
					     (IP-SUB-SPE (NP-SBJ *con*)
							 (BE be)
							 (VAN made)
							 (IP-SMC-SPE (NP-SBJ *)
								     (NP-OB1 (PRO$ my) (NS disciples)))))))
	      (. .))
  (ID TYNDNEW-E1-P1,15,1J.273))

/~*
and will declare it, that the love wher with thou hast loved me, be in them,
and that I be in them.
(TYNDNEW-E1-P1,17,20J.441)
*~/
/*
29 P:  29 P, 30 with, 26 WPP-1
*/

( (IP-MAT-SPE (CONJ and)
	      (NP-SBJ *T*)
	      (MD will)
	      (VB declare)
	      (NP-OB1 (PRO it))
	      (, ,)
	      (CP-ADV-SPE (CP-ADV-SPE (C that)
				      (IP-SUB-SPE (NP-SBJ (D the)
							  (N love)
							  (CP-REL-SPE (WPP-1 (WADV wher) (P with))
								      (C 0)
								      (IP-SUB-SPE (PP *T*-1)
										  (NP-SBJ (PRO thou))
										  (HVP hast)
										  (VBN loved)
										  (NP-OB1 (PRO me)))))
						  (, ,)
						  (BEP be)
						  (PP (P in)
						      (NP (PRO them)))))
			  (, ,)
			  (CONJP (CONJ and)
				 (CP-ADV-SPE (C that)
					     (IP-SUB-SPE (NP-SBJ (PRO I))
							 (BEP be)
							 (PP (P in)
							     (NP (PRO them)))))))
	      (. .))
  (ID TYNDNEW-E1-P1,17,20J.441))

/~*
Assone as they were come to londe, they sawe hoot coles and fysshe layd ther
on, and breed.
(TYNDNEW-E1-P1,21,1J.740)
*~/
/*
54 P:  54 P, 55 on, 51 ADVP
*/

( (IP-MAT (ADVP-TMP (ADVR+ADV Assone)
		    (PP (P as)
			(CP-CMP (WADVP-1 0)
				(C 0)
				(IP-SUB (ADVP-TMP *T*-1)
					(NP-SBJ (PRO they))
					(BED were)
					(VBN come)
					(PP (P to)
					    (NP (N londe)))))))
	  (, ,)
	  (NP-SBJ (PRO they))
	  (VBD sawe)
	  (NP-OB1 (NP (ADJ hoot) (NS coles))
		  (CONJP (CONJ and)
			 (NP (N fysshe)
			     (RRC (VAN layd)
				  (ADVP (ADV ther) (P on)))))
		  (, ,)
		  (CONJP (CONJ and)
			 (NP (N breed))))
	  (. .))
  (ID TYNDNEW-E1-P1,21,1J.740))

/~*
This Jesus hath God raysyd vp, wher of we all are witnesses.
(TYNDNEW-E1-P1,2,20A.872)
*~/
/*
22 P:  22 P, 23 of, 19 WPP-1
*/

( (IP-MAT-SPE (NP-OB1 (D This) (NPR Jesus))
	      (HVP hath)
	      (NP-SBJ (NPR God))
	      (VBN raysyd)
	      (RP vp)
	      (, ,)
	      (CP-CAR-SPE (WPP-1 (WADV wher) (P of))
			  (C 0)
			  (IP-SUB-SPE (NP-SBJ (PRO we)
					      (QP (Q all)))
				      (BEP are)
				      (NP-OB1 (NS witnesses)
					      (PP *T*-1))))
	      (. .))
  (ID TYNDNEW-E1-P1,2,20A.872))
/*
FOOTER
  source file, hits/tokens/total
  C:\Users\Shoo\Dropbox\workspace\CorpusSearch_Auto\data\corporas\PPCEME\temp1492105854173\bible_and_apocrypha\tyndnew-e1-p1.psd	5/5/1102
*/
/*
HEADER:
source file:  C:\Users\Shoo\Dropbox\workspace\CorpusSearch_Auto\data\corporas\PPCEME\temp1492105854173\bible_and_apocrypha\tyndnew-e1-p2.psd
*/

/~*
and sawe heven opened and a certayne vessell come doune vnto him, as it had
bene a greate shete, knyt at the .iiii. corners, and was let doune to the erth,
where in wer all maner of .iiii. foted beastes of the erth and vermen and
wormes, and foules of the ayer.
(TYNDNEW-E1-P2,10,1A.360)
*~/
/*
105 P:  105 P, 106 in, 102 WPP-2
*/

( (IP-MAT (CONJ and)
	  (NP-SBJ *con*)
	  (VBD sawe)
	  (IP-SMC (IP-SMC (NP-SBJ (NPR heven))
			  (VAN opened))
		  (CONJP (CONJ and)
			 (IP-INF (NP-SBJ (D a)
					 (ADJ certayne)
					 (N vessell)
					 (CP-REL *ICH*-1))
				 (VB come)
				 (PP (RP doune)
				     (P vnto)
				     (NP (PRO him)))
				 (, ,)
				 (PP (P as)
				     (CP-ADV (C 0)
					     (IP-SUB (IP-SUB (NP-SBJ (PRO it))
							     (HVD had)
							     (BEN bene)
							     (NP-OB1 (D a)
								     (ADJ greate)
								     (N shete)
								     (, ,)
								     (RRC (VAN knyt)
									  (PP (P at)
									      (NP (D the) (NUM .iiii.) (NS corners))))))
						     (, ,)
						     (CONJP (CONJ and)
							    (IP-SUB (NP-SBJ *con*)
								    (BED was)
								    (VAN let)
								    (RP doune)
								    (PP (P to)
									(NP (D the) (N erth))))))))
				 (, ,)
				 (CP-REL-1 (WPP-2 (WADV where) (P in))
					   (C 0)
					   (IP-SUB (PP *T*-2)
						   (NP-SBJ-3 *exp*)
						   (BED wer)
						   (NP-3 (Q all)
							 (N maner)
							 (PP (P of)
							     (NP (NP (ADJ (ADJ21 .iiii.) (ADJ22 foted))
								     (NS beastes)
								     (PP (P of)
									 (NP (D the) (N erth))))
								 (CONJP (CONJ and)
									(NP (N vermen)))
								 (CONJP (CONJ and)
									(NP (NS wormes)))
								 (, ,)
								 (CONJP (CONJ and)
									(NP (NS foules)
									    (PP (P of)
										(NP (D the) (N ayer)))))))))))))
	  (. .))
  (ID TYNDNEW-E1-P2,10,1A.360))

/~*
he shall tell the wordes, wher by both thou and all thyne housse $shall $be
saved.
(TYNDNEW-E1-P2,11,1A.454)
*~/
/*
21 P:  21 P, 22 by, 18 WPP-1
*/

( (IP-MAT-SPE (NP-SBJ (PRO he))
	      (MD shall)
	      (VB tell)
	      (NP-OB2 (PRO the))
	      (NP-OB1 (NS wordes)
		      (, ,)
		      (CP-REL-SPE (WPP-1 (WADV wher) (P by))
				  (C 0)
				  (IP-SUB-SPE (PP *T*-1)
					      (NP-SBJ (CONJ both)
						      (NP (PRO thou))
						      (CONJP (CONJ and)
							     (NP (Q all) (PRO$ thyne) (N housse))))
					      (MD $shall)
					      (BE $be)
					      (CODE {TEXT:shalbe})
					      (VAN saved))))
	      (. .))
  (ID TYNDNEW-E1-P2,11,1A.454))

/~*
And when Peter was come to him selfe, he sayde: now I knowe of a surety, that
the Lorde hath sent his angell, and hath delyvered me out of the honde of
Herode, and from all the waytynge for of the people of the Iewes.
(TYNDNEW-E1-P2,12,1A.513)
*~/
/*
121 P:  121 P, 122 for, 120 PP
*/

( (IP-MAT (CONJ And)
	  (PP (P when)
	      (CP-ADV (C 0)
		      (IP-SUB (NP-SBJ (NPR Peter))
			      (BED was)
			      (VBN come)
			      (PP (P to)
				  (NP (PRO him) (N selfe))))))
	  (, ,)
	  (NP-SBJ (PRO he))
	  (VBD sayde)
	  (, :)
	  (IP-MAT-SPE (ADVP-TMP (ADV now))
		      (NP-SBJ (PRO I))
		      (VBP knowe)
		      (PP (P of)
			  (NP (D a) (N surety)))
		      (, ,)
		      (CP-THT-SPE (C that)
				  (IP-SUB-SPE (IP-SUB-SPE (NP-SBJ (D the) (NPR Lorde))
							  (HVP hath)
							  (VBN sent)
							  (NP-OB1 (PRO$ his) (N angell)))
					      (, ,)
					      (CONJP (CONJ and)
						     (IP-SUB-SPE (NP-SBJ *con*)
								 (HVP hath)
								 (VBN delyvered)
								 (NP-OB1 (PRO me))
								 (PP (PP (RP out)
									 (P of)
									 (NP (D the)
									     (N honde)
									     (PP (P of)
										 (NP (NPR Herode)))))
								     (, ,)
								     (CONJP (CONJ and)
									    (PP (P from)
										(NP (Q all)
										    (D the)
										    (N waytynge)
										    (PP (P for))
										    (PP (P of)
											(NP (D the)
											    (N people)
											    (PP (P of)
												(NP (D the) (NPRS Iewes))))))))))))))
	  (. .))
  (ID TYNDNEW-E1-P2,12,1A.513))

/~*
As they mynistred to the Lorde and fasted, the holy goost sayde: separate me
Barnabas and Saul, for the worke where vnto I have called them.
(TYNDNEW-E1-P2,13,1A.555)
*~/
/*
71 P:  71 P, 72 vnto, 68 WPP-1
*/

( (IP-MAT (PP (P As)
	      (CP-ADV (C 0)
		      (IP-SUB (IP-SUB (NP-SBJ (PRO they))
				      (VBD mynistred)
				      (PP (P to)
					  (NP (D the) (NPR Lorde))))
			      (CONJP (CONJ and)
				     (IP-SUB (NP-SBJ *con*)
					     (VBD fasted))))))
	  (, ,)
	  (NP-SBJ (D the) (NPR holy) (NPR goost))
	  (VBD sayde)
	  (, :)
	  (IP-IMP-SPE (VBI separate)
		      (NP-OB2 (PRO me))
		      (NP-OB1 (NPR Barnabas) (CONJ and) (NPR Saul))
		      (, ,)
		      (PP (P for)
			  (NP (D the)
			      (N worke)
			      (CP-REL-SPE (WPP-1 (WADV where) (P vnto))
					  (C 0)
					  (IP-SUB-SPE (PP *T*-1)
						      (NP-SBJ (PRO I))
						      (HVP have)
						      (VBN called)
						      (NP-OB1 (PRO them)))))))
	  (. .))
  (ID TYNDNEW-E1-P2,13,1A.555))

/~*
and brought him into Marsestrete sayinge: maye we not knowe what this newe
doctrine wher of thou speakest, is?
(TYNDNEW-E1-P2,17,1A.869)
*~/
/*
53 P:  53 P, 54 of, 50 WPP-2
*/

( (IP-MAT (CONJ and)
	  (NP-SBJ *con*)
	  (VBD brought)
	  (NP-OB1 (PRO him))
	  (PP (P into)
	      (NP (NPR+NPR Marsestrete)))
	  (IP-PPL (VAG sayinge)
		  (, :)
		  (CP-QUE-SPE (IP-SUB-SPE (MD maye)
					  (NP-SBJ (PRO we))
					  (NEG not)
					  (VB knowe)
					  (CP-QUE-SPE (WNP-1 (WPRO what))
						      (C 0)
						      (IP-SUB-SPE (NP-OB1 *T*-1)
								  (NP-SBJ (D this)
									  (ADJ newe)
									  (N doctrine)
									  (CP-REL-SPE (WPP-2 (WADV wher) (P of))
										      (C 0)
										      (IP-SUB-SPE (PP *T*-2)
												  (NP-SBJ (PRO thou))
												  (VBP speakest))))
								  (, ,)
								  (BEP is))))))
	  (. ?))
  (ID TYNDNEW-E1-P2,17,1A.869))

/~*
For as I passed by and behelde the maner how ye worship youre goddes, I founde
an aultre wher in was written: vnto the vnknowen god. Whom ye then ignorantly
worship,
(TYNDNEW-E1-P2,17,20A.876)
*~/
/*
67 P:  67 P, 68 in, 64 WPP-2
*/

( (IP-MAT-SPE (CONJ For)
	      (PP (P as)
		  (CP-ADV-SPE (C 0)
			      (IP-SUB-SPE (IP-SUB-SPE (NP-SBJ (PRO I))
						      (VBD passed)
						      (RP by))
					  (CONJP (CONJ and)
						 (IP-SUB-SPE (NP-SBJ *con*)
							     (VBD behelde)
							     (NP-OB1 (D the)
								     (N maner)
								     (CP-QUE-SPE (WADVP-1 (WADV how))
										 (C 0)
										 (IP-SUB-SPE (ADVP *T*-1)
											     (NP-SBJ (PRO ye))
											     (VBP worship)
											     (NP-OB1 (PRO$ youre) (NS goddes))))))))))
	      (, ,)
	      (NP-SBJ (PRO I))
	      (VBD founde)
	      (NP-OB1 (D an)
		      (N aultre)
		      (CP-REL-SPE (WPP-2 (WADV wher) (P in))
				  (C 0)
				  (IP-SUB-SPE (PP *T*-2)
					      (NP-SBJ *con*)
					      (BED was)
					      (VAN written)
					      (, :)
					      (QTP (PP (P vnto)
						       (NP (D the) (ADJ vnknowen) (N god))))
					      (, .)
					      (CP-CAR-SPE (WNP-3 (WPRO Whom))
							  (C 0)
							  (IP-SUB-SPE (NP-OB1 *T*-3)
								      (NP-SBJ (PRO ye))
								      (ADVP (ADV then))
								      (ADVP (ADV ignorantly))
								      (VBP worship))))))
	      (. ,))
  (ID TYNDNEW-E1-P2,17,20A.876))
/*
FOOTER
  source file, hits/tokens/total
  C:\Users\Shoo\Dropbox\workspace\CorpusSearch_Auto\data\corporas\PPCEME\temp1492105854173\bible_and_apocrypha\tyndnew-e1-p2.psd	6/6/889
*/
/*
HEADER:
source file:  C:\Users\Shoo\Dropbox\workspace\CorpusSearch_Auto\data\corporas\PPCEME\temp1492105854173\bible_and_apocrypha\tyndold-e1-h.psd
*/

/~*
And God sayd: se, I have geven yow all herbes that sowe seed which are on all
the erth, and all maner trees that haue frute in them and sowe seed: to be
meate for yow & for all beastes of the erth, and vnto all foules of the ayre,
and vnto all that crepeth on the erth where in is lyfe, that they may haue all
maner herbes and grasse for to eate,
(TYNDOLD-E1-H,1,20G.62)
*~/
/*
201 P:  201 P, 202 in, 198 WPP-5
*/

( (IP-MAT (CONJ And)
	  (NP-SBJ (NPR God))
	  (VBD sayd)
	  (, :)
	  (IP-MAT-SPE (IP-IMP-PRN-SPE (VBI se))
		      (, ,)
		      (NP-SBJ (PRO I))
		      (HVP have)
		      (VBN geven)
		      (NP-OB2 (PRO yow))
		      (NP-OB1 (NP (Q all)
				  (NS herbes)
				  (CP-REL-SPE (WNP-1 0)
					      (C that)
					      (IP-SUB-SPE (NP-SBJ *T*-1)
							  (VBP sowe)
							  (NP-OB1 (N seed))))
				  (CP-REL-SPE (WNP-2 (WPRO which))
					      (C 0)
					      (IP-SUB-SPE (NP-SBJ *T*-2)
							  (BEP are)
							  (PP (P on)
							      (NP (Q all) (D the) (N erth))))))
			      (, ,)
			      (CONJP (CONJ and)
				     (NP (Q all)
					 (N maner)
					 (NP-COM (NS trees)
						 (CP-REL-SPE (WNP-3 0)
							     (C that)
							     (IP-SUB-SPE (IP-SUB-SPE (NP-SBJ *T*-3)
										     (HVP haue)
										     (NP-OB1 (N frute))
										     (PP (P in)
											 (NP (PRO them))))
									 (CONJP (CONJ and)
										(IP-SUB-SPE (NP-SBJ *T*-3)
											    (VBP sowe)
											    (NP-OB1 (N seed))))))))))
		      (, :)
		      (IP-INF-PRP-SPE (TO to)
				      (BE be)
				      (NP-OB1 (N meate)
					      (PP (PP (P for)
						      (NP (PRO yow)))
						  (CONJP (CONJ &)
							 (PP (P for)
							     (NP (Q all)
								 (NS beastes)
								 (PP (P of)
								     (NP (D the) (N erth))))))
						  (, ,)
						  (CONJP (CONJ and)
							 (PP (P vnto)
							     (NP (Q all)
								 (NS foules)
								 (PP (P of)
								     (NP (D the) (N ayre))))))
						  (, ,)
						  (CONJP (CONJ and)
							 (PP (P vnto)
							     (NP (Q all)
								 (CP-REL-SPE (WNP-4 0)
									     (C that)
									     (IP-SUB-SPE (NP-SBJ *T*-4)
											 (VBP crepeth)
											 (PP (P on)
											     (NP (D the)
												 (N erth)
												 (CP-REL-SPE (WPP-5 (WADV where) (P in))
													     (C 0)
													     (IP-SUB-SPE (PP *T*-5)
															 (NP-SBJ-6 *exp*)
															 (BEP is)
															 (NP-6 (N lyfe)))))))))))))
				      (, ,)
				      (CP-ADV-SPE (C that)
						  (IP-SUB-SPE (NP-SBJ (PRO they))
							      (MD may)
							      (HV haue)
							      (NP-OB1 (Q all)
								      (N maner)
								      (NP-COM (NS herbes)
									      (CONJ and)
									      (N grasse)
									      (CP-EOP-SPE (WNP-7 0)
											  (IP-INF-SPE (NP-OB1 *T*-7)
												      (FOR for)
												      (TO to)
												      (VB eate)))))))))
	  (. ,))
  (ID TYNDOLD-E1-H,1,20G.62))

/~*
and in stede ther of he fylled vp the place with flesh.
(TYNDOLD-E1-H,2,20G.113)
*~/
/*
13 P:  13 P, 14 of, 10 PP
*/

( (IP-MAT (CONJ and)
	  (PP (P in)
	      (NP (N stede)
		  (PP (ADV ther) (P of))))
	  (NP-SBJ (PRO he))
	  (VBD fylled)
	  (RP vp)
	  (NP-OB1 (D the) (N place))
	  (PP (P with)
	      (NP (N flesh)))
	  (. .))
  (ID TYNDOLD-E1-H,2,20G.113))
/*
FOOTER
  source file, hits/tokens/total
  C:\Users\Shoo\Dropbox\workspace\CorpusSearch_Auto\data\corporas\PPCEME\temp1492105854173\bible_and_apocrypha\tyndold-e1-h.psd	2/2/811
*/
/*
HEADER:
source file:  C:\Users\Shoo\Dropbox\workspace\CorpusSearch_Auto\data\corporas\PPCEME\temp1492105854173\bible_and_apocrypha\tyndold-e1-p1.psd
*/

/~*
He was a myghtie hunter in the syghte of the Lorde: Where of came the proverbe:
he is as Nemrod that myghtie hunter in the syghte of the Lorde.
(TYNDOLD-E1-P1,10,1G.216)
*~/
/*
36 P:  36 P, 37 of, 33 WPP-1
*/

( (IP-MAT (NP-SBJ (PRO He))
	  (BED was)
	  (NP-OB1 (D a)
		  (ADJ myghtie)
		  (N hunter)
		  (PP (P in)
		      (NP (D the)
			  (N syghte)
			  (PP (P of)
			      (NP (D the) (NPR Lorde))))))
	  (, :)
	  (CP-CAR (WPP-1 (WADV Where) (P of))
		  (C 0)
		  (IP-SUB (PP *T*-1)
			  (VBD came)
			  (NP-SBJ (D the)
				  (N proverbe)
				  (, :)
				  (IP-MAT-SPE (NP-SBJ (PRO he))
					      (BEP is)
					      (PP (P as)
						  (NP (NPR Nemrod)
						      (NP-PRN (D that) (ADJ myghtie) (N hunter))))
					      (PP (P in)
						  (NP (D the)
						      (N syghte)
						      (PP (P of)
							  (NP (D the) (NPR Lorde)))))))))
	  (. .))
  (ID TYNDOLD-E1-P1,10,1G.216))

/~*
And I will geue unto the a~d to thy seed after the, the lande where in thou
arte a straunger: Euen all the lande of Canaan, for an everlastynge possession,
(TYNDOLD-E1-P1,17,1G.493)
*~/
/*
46 P:  46 P, 47 in, 43 WPP-1
*/

( (IP-MAT-SPE (CONJ And)
	      (NP-SBJ (PRO I))
	      (MD will)
	      (VB geue)
	      (PP (PP (P unto)
		      (NP (PRO the)))
		  (CONJP (CONJ a~d)
			 (PP (P to)
			     (NP (PRO$ thy)
				 (N seed)
				 (PP (P after)
				     (NP (PRO the)))))))
	      (, ,)
	      (NP-OB1 (D the)
		      (N lande)
		      (CP-REL-SPE (WPP-1 (WADV where) (P in))
				  (C 0)
				  (IP-SUB-SPE (PP *T*-1)
					      (NP-SBJ (PRO thou))
					      (BEP arte)
					      (NP-OB1 (D a) (N straunger))))
		      (, :)
		      (NP-PRN (FP Euen)
			      (Q all)
			      (D the)
			      (N lande)
			      (PP (P of)
				  (NP (NPR Canaan)))))
	      (, ,)
	      (PP (P for)
		  (NP (D an) (ADV+VAG everlastynge) (N possession)))
	      (. ,))
  (ID TYNDOLD-E1-P1,17,1G.493))

/~*
Yf ye ouerse youre selues and obserue not all these commaundme~tes which the
Lorde hath spoken vnto Moses, 23 & all that the Lorde hath commaunded you by
y=e= ha~de of Moses, from the first daye forwarde that the Lorde commaunded
amonge youre generacion: 24 when oughte is commytted ignorantly before the
eyes of the congregacion, then all the multitude shall offer a calfe for a
burntofferynge to be a swete sauoure vnto the Lorde, & the meatofferynge and
the drynkofferynge there to, acordynge to the maner: and an he goote for a
synofferynge.
(TYNDOLD-E1-P1,15,20N.1019)
*~/
/*
261 P:  261 P, 262 to, 258 PP
*/

( (IP-MAT-SPE (PP-LFD (P Yf)
		      (CP-ADV-SPE (C 0)
				  (IP-SUB-SPE (IP-SUB-SPE (NP-SBJ (PRO ye))
							  (VBP ouerse)
							  (NP-RFL (PRO$ youre) (N selues)))
					      (CONJP (CONJ and)
						     (IP-SUB-SPE (NP-SBJ *con*)
								 (VBP obserue)
								 (NEG not)
								 (NP-OB1 (NP (Q all)
									     (D these)
									     (NS commaundme~tes)
									     (CP-REL-SPE (WNP-1 (WPRO which))
											 (C 0)
											 (IP-SUB-SPE (NP-OB1 *T*-1)
												     (NP-SBJ (D the) (NPR Lorde))
												     (HVP hath)
												     (VBN spoken)
												     (PP (P vnto)
													 (NP (NPR Moses))))))
									 (, ,)
									 (CODE (NUM 23))
									 (CONJP (CONJ &)
										(NP (Q all)
										    (CP-REL-SPE (WNP-2 0)
												(C that)
												(IP-SUB-SPE (NP-OB1 *T*-2)
													    (NP-SBJ (D the) (NPR Lorde))
													    (HVP hath)
													    (VBN commaunded)
													    (NP-OB2 (PRO you))
													    (PP (P by)
														(NP (D y=e=)
														    (N ha~de)
														    (PP (P of)
															(NP (NPR Moses)))))
													    (, ,)
													    (PP (P from)
														(NP (D the)
														    (ADJ first)
														    (N daye)
														    (CP-REL-SPE *ICH*-3)))
													    (ADVP (ADV+WARD forwarde))
													    (CP-REL-SPE-3 (WNP-4 0)
															  (C that)
															  (IP-SUB-SPE (NP-TMP *T*-4)
																      (NP-SBJ (D the) (NPR Lorde))
																      (VBD commaunded)
																      (PP (P amonge)
																	  (NP (PRO$ youre) (N generacion)))))))))))))))
	      (, :)
	      (CODE (NUM 24))
	      (PP (P when)
		  (CP-ADV-SPE (C 0)
			      (IP-SUB-SPE (NP-SBJ (Q oughte))
					  (BEP is)
					  (VAN commytted)
					  (ADVP (ADV ignorantly))
					  (PP (P before)
					      (NP (D the)
						  (NS eyes)
						  (PP (P of)
						      (NP (D the) (N congregacion))))))))
	      (, ,)
	      (ADVP-RSP (ADV then))
	      (NP-SBJ (Q all) (D the) (N multitude))
	      (MD shall)
	      (VB offer)
	      (NP-OB1 (NP (D a) (N calfe))
		      (CONJP *ICH*-5)
		      (CONJP *ICH*-6))
	      (PP (P for)
		  (NP (D a) (VAN+N burntofferynge)))
	      (IP-INF-PRP-SPE (TO to)
			      (BE be)
			      (NP-OB1 (D a)
				      (ADJ swete)
				      (N sauoure)
				      (PP (P vnto)
					  (NP (D the) (NPR Lorde)))))
	      (, ,)
	      (CONJP-5 (CONJ &)
		       (NP (NP (D the) (N+N meatofferynge))
			   (CONJP (CONJ and)
				  (NP (D the) (N+N drynkofferynge)))
			   (PP (ADV there) (P to))
			   (, ,)
			   (RRC (VAG acordynge)
				(PP (P to)
				    (NP (D the) (N maner))))))
	      (, :)
	      (CONJP-6 (CONJ and)
		       (NP (D an)
			   (PRO he)
			   (N goote)
			   (PP (P for)
			       (NP (D a) (N+N synofferynge)))))
	      (. .))
  (ID TYNDOLD-E1-P1,15,20N.1019))
/*
FOOTER
  source file, hits/tokens/total
  C:\Users\Shoo\Dropbox\workspace\CorpusSearch_Auto\data\corporas\PPCEME\temp1492105854173\bible_and_apocrypha\tyndold-e1-p1.psd	3/3/1317
*/
/*
HEADER:
source file:  C:\Users\Shoo\Dropbox\workspace\CorpusSearch_Auto\data\corporas\PPCEME\temp1492105854173\bible_and_apocrypha\tyndold-e1-p2.psd
*/

/~*
and goo vnto the hilles of the Amorites and vnto all places nye there vnto:
both feldes, hilles and dales: and vnto the south and vnto the sees syde in
the londe of Canaan, and vnto libanon: euen vnto the greate ryuer Euphrates.
(TYNDOLD-E1-P2,1,1D.13)
*~/
/*
41 P:  41 P, 42 vnto, 38 PP
*/

( (IP-IMP-SPE (CONJ and)
	      (VBI goo)
	      (PP (PP (P vnto)
		      (NP (D the)
			  (NS hilles)
			  (PP (PP (P of)
				  (NP (D the) (NPRS Amorites)))
			      (CONJP (CONJ and)
				     (PP (P vnto)
					 (NP (Q all)
					     (NS places)
					     (ADJP-LOC (ADJ nye)
						       (PP (ADV there) (P vnto)))))))
			  (, :)
			  (NP-PRN (CONJ both) (NS feldes) (, ,) (NS hilles) (CONJ and) (NS dales))))
		  (, :)
		  (CONJP (CONJ and)
			 (PP (P vnto)
			     (NP (D the) (N south))))
		  (CONJP (CONJ and)
			 (PP (P vnto)
			     (NP (NP-POS (D the) (N$ sees))
				 (N syde)
				 (PP (P in)
				     (NP (D the)
					 (N londe)
					 (PP (P of)
					     (NP (NPR Canaan))))))))
		  (, ,)
		  (CONJP (CONJ and)
			 (PP (P vnto)
			     (NP (NPR libanon))))
		  (, :)
		  (CONJP (PP (FP euen)
			     (P vnto)
			     (NP (D the)
				 (ADJ greate)
				 (N ryuer)
				 (NP-PRN (NPR Euphrates))))))
	      (. .))
  (ID TYNDOLD-E1-P2,1,1D.13))

/~*
Ye shall put nothinge vnto the worde which I commaunde you nether doo ought
there from, that ye maye kepe the commaundmentes off the Lorde youre God which
I commaunde you.
(TYNDOLD-E1-P2,4,1D.316)
*~/
/*
49 P:  49 P, 50 from, 45 PP
*/

( (IP-MAT-SPE (NP-SBJ (PRO Ye))
	      (MD shall)
	      (VB put)
	      (NP-OB1 (Q+N nothinge))
	      (PP (P vnto)
		  (NP (D the)
		      (N worde)
		      (CP-REL-SPE (WNP-1 (WPRO which))
				  (C 0)
				  (IP-SUB-SPE (NP-OB1 *T*-1)
					      (NP-SBJ (PRO I))
					      (VBP commaunde)
					      (NP-OB2 (PRO you))))))
	      (IP-MAT-PRN-SPE (CONJ nether)
			      (DO doo)
			      (NP-OB1 (Q ought))
			      (PP (ADVP (ADV there))
				  (P from)))
	      (, ,)
	      (CP-ADV-SPE (C that)
			  (IP-SUB-SPE (NP-SBJ (PRO ye))
				      (MD maye)
				      (VB kepe)
				      (NP-OB1 (D the)
					      (NS commaundmentes)
					      (PP (P off)
						  (NP (D the)
						      (NPR Lorde)
						      (NP-PRN (PRO$ youre) (NPR God))))
					      (CP-REL-SPE (WNP-2 (WPRO which))
							  (C 0)
							  (IP-SUB-SPE (NP-OB1 *T*-2)
								      (NP-SBJ (PRO I))
								      (VBP commaunde)
								      (NP-OB2 (PRO you)))))))
	      (. .))
  (ID TYNDOLD-E1-P2,4,1D.316))

/~*
and added nomoare there to,
(TYNDOLD-E1-P2,5,20D.468)
*~/
/*
14 P:  14 P, 15 to, 11 PP
*/

( (IP-MAT-SPE (CONJ and)
	      (NP-SBJ *con*)
	      (VBD added)
	      (NP-OB1 (Q+QR nomoare))
	      (PP (ADV there) (P to))
	      (. ,))
  (ID TYNDOLD-E1-P2,5,20D.468))

/~*
yee 12 and when thou hast eate~ a~d filled thy selfe a~d hast bylt goodly
housses a~d dwelt therin, 13 a~d when thy beesse a~d thy shepe are waxed manye
a~d thy syluer a~d thy golde is multiplied a~d all that thou hast encreased,
14 then bewarre lest thine herte ryse a~d thou forgett the Lorde thy God which
brought the out of the londe of Egipte the housse of bondage, 15 a~d which led
the in the wildernesse both greate a~d terreble with firye serpentes a~d
scorpio~s a~d thurste where was no water which brought the water out of the
rocke of flynt: 16 whiche fed the in the wildernesse with Man where of thy
fathers knewe not, for to humble the and to proue the, that he might doo the
good at thy later ende.
(TYNDOLD-E1-P2,8,1D.652)
*~/
/*
376 P:  376 P, 377 of, 373 WPP-11
*/

( (IP-IMP-SPE (INTJ yee)
	      (CODE (NUM 12))
	      (CONJ and)
	      (PP-LFD (PP (P when)
			  (CP-ADV-SPE (C 0)
				      (IP-SUB-SPE (IP-SUB-SPE-1 (NP-SBJ (PRO thou))
								(HVP hast)
								(VBN eate~))
						  (CONJP (CONJ a~d)
							 (IP-SUB-SPE=1 (VBN filled)
								       (NP-OB1 (PRO$ thy) (N selfe))))
						  (CONJP (CONJ a~d)
							 (IP-SUB-SPE (IP-SUB-SPE-2 (NP-SBJ *con*)
										   (HVP hast)
										   (VBN bylt)
										   (NP-OB1 (ADJ goodly) (NS housses)))
								     (CONJP (CONJ a~d)
									    (IP-SUB-SPE=2 (VBN dwelt)
											  (PP (ADV+P therin)))))))))
		      (, ,)
		      (CODE (NUM 13))
		      (CONJP (CONJ a~d)
			     (PP (P when)
				 (CP-ADV-SPE (C 0)
					     (IP-SUB-SPE (IP-SUB-SPE (NP-SBJ (NP (PRO$ thy) (NS beesse))
									     (CONJP (CONJ a~d)
										    (NP (PRO$ thy) (NS shepe))))
								     (BEP are)
								     (VBN waxed)
								     (NP-OB1 (Q manye)))
							 (CONJP (CONJ a~d)
								(IP-SUB-SPE-3 (NP-SBJ (NP (PRO$ thy) (N syluer))
										      (CONJP (CONJ a~d)
											     (NP (PRO$ thy) (N golde))))
									      (BEP is)
									      (VAN multiplied)))
							 (CONJP (CONJ a~d)
								(IP-SUB-SPE=3 (NP-SBJ (Q all)
										      (CP-REL-SPE (WNP-4 0)
												  (C that)
												  (IP-SUB-SPE (NP-OB1 *T*-4)
													      (NP-SBJ (PRO thou))
													      (HVP hast))))
									      (VAN encreased))))))))
	      (, ,)
	      (CODE (NUM 14))
	      (ADVP-TMP-RSP (ADV then))
	      (VBI bewarre)
	      (PP (P lest)
		  (CP-ADV-SPE (C 0)
			      (IP-SUB-SPE (IP-SUB-SPE (NP-SBJ (PRO$ thine) (N herte))
						      (VBP ryse))
					  (CONJP (CONJ a~d)
						 (IP-SUB-SPE (NP-SBJ (PRO thou))
							     (VBP forgett)
							     (NP-OB1 (D the)
								     (NPR Lorde)
								     (NP-PRN (PRO$ thy) (NPR God))
								     (CP-REL-SPE (CP-REL-SPE (WNP-5 (WPRO which))
											     (C 0)
											     (IP-SUB-SPE (NP-SBJ *T*-5)
													 (VBD brought)
													 (NP-OB1 (PRO the))
													 (PP (RP out)
													     (P of)
													     (NP (D the)
														 (N londe)
														 (PP (P of)
														     (NP (NPR Egipte)))
														 (NP-PRN (D the)
															 (N housse)
															 (PP (P of)
															     (NP (N bondage))))))))
										 (, ,)
										 (CODE (NUM 15))
										 (CONJP (CONJ a~d)
											(CP-REL-SPE (WNP-6 (WPRO which))
												    (C 0)
												    (IP-SUB-SPE (NP-SBJ *T*-6)
														(VBD led)
														(NP-OB1 (PRO the))
														(PP (P in)
														    (NP (D the)
															(N wildernesse)
															(ADJP (CONJ both) (ADJ greate) (ADJ a~d) (ADJ terreble))
															(PP (P with)
															    (NP (NP (ADJ firye) (NS serpentes))
																(CONJP (CONJ a~d)
																       (NP (NS scorpio~s)))
																(CONJP (CONJ a~d)
																       (NP (N thurste)))))
															(CP-REL-SPE (WADVP-7 (WADV where))
																    (C 0)
																    (IP-SUB-SPE (ADVP-LOC *T*-7)
																		(NP-SBJ-8 *exp*)
																		(BED was)
																		(NP-8 (Q no) (N water))))))))))
								     (CP-REL-SPE (WNP-9 (WPRO which))
										 (C 0)
										 (IP-SUB-SPE (NP-SBJ *T*-9)
											     (VBD brought)
											     (NP-OB2 (PRO the))
											     (NP-OB1 (N water))
											     (PP (RP out)
												 (P of)
												 (NP (D the)
												     (N rocke)
												     (PP (P of)
													 (NP (N flynt)))))))
								     (, :)
								     (CODE (NUM 16))
								     (CP-REL-SPE (WNP-10 (WPRO whiche))
										 (C 0)
										 (IP-SUB-SPE (NP-SBJ *T*-10)
											     (VBD fed)
											     (NP-OB1 (PRO the))
											     (PP (P in)
												 (NP (D the) (N wildernesse)))
											     (PP (P with)
												 (NP (N Man)
												     (CP-REL-SPE (WPP-11 (WADV where) (P of))
														 (C 0)
														 (IP-SUB-SPE (PP *T*-11)
															     (NP-SBJ (PRO$ thy) (NS fathers))
															     (VBD knewe)
															     (NEG not)))))
											     (, ,)
											     (IP-INF-PRP-SPE (IP-INF-SPE (FOR for)
															 (TO to)
															 (VB humble)
															 (NP-OB1 (PRO the)))
													     (CONJP (CONJ and)
														    (IP-INF-SPE (TO to)
																(VB proue)
																(NP-OB1 (PRO the))
																(, ,)
																(CP-ADV-SPE (C that)
																	    (IP-SUB-SPE (NP-SBJ (PRO he))
																			(MD might)
																			(DO doo)
																			(NP-OB2 (PRO the))
																			(NP-OB1 (N good))
																			(PP (P at)
																			    (NP (PRO$ thy) (ADJ later) (N ende))))))))))))))))
	      (. .))
  (ID TYNDOLD-E1-P2,8,1D.652))

/~*
All the places where on the soles of youre fete shall treade, $shall $be
youres:
(TYNDOLD-E1-P2,11,20D.853)
*~/
/*
13 P:  13 P, 14 on, 10 WPP-1
*/

( (IP-MAT-SPE (NP-SBJ (Q All)
		      (D the)
		      (NS places)
		      (CP-REL-SPE (WPP-1 (WADV where) (P on))
				  (C 0)
				  (IP-SUB-SPE (PP *T*-1)
					      (NP-SBJ (D the)
						      (NS soles)
						      (PP (P of)
							  (NP (PRO$ youre) (NS fete))))
					      (MD shall)
					      (VB treade))))
	      (, ,)
	      (MD $shall)
	      (BE $be)
	      (CODE {TEXT:shalbe})
	      (NP-OB1 (PRO$ youres))
	      (. :))
  (ID TYNDOLD-E1-P2,11,20D.853))

/~*
and shall conquere it a~d dwell there in.
(TYNDOLD-E1-P2,11,20D.864)
*~/
/*
23 P:  23 P, 24 in, 20 PP
*/

( (IP-MAT-SPE (IP-MAT-SPE-1 (CONJ and)
			    (NP-SBJ *con*)
			    (MD shall)
			    (VB conquere)
			    (NP-OB1 (PRO it)))
	      (CONJP (CONJ a~d)
		     (IP-MAT-SPE=1 (VB dwell)
				   (PP (ADV there) (P in))))
	      (. .))
  (ID TYNDOLD-E1-P2,11,20D.864))
/*
FOOTER
  source file, hits/tokens/total
  C:\Users\Shoo\Dropbox\workspace\CorpusSearch_Auto\data\corporas\PPCEME\temp1492105854173\bible_and_apocrypha\tyndold-e1-p2.psd	6/6/866
*/
/*
SUMMARY:  
source files, hits/tokens/total
  C:\Users\Shoo\Dropbox\workspace\CorpusSearch_Auto\data\corporas\PPCEME\temp1492105854173\bible_and_apocrypha\authnew-e2-h.psd	0/0/1613
  C:\Users\Shoo\Dropbox\workspace\CorpusSearch_Auto\data\corporas\PPCEME\temp1492105854173\bible_and_apocrypha\authnew-e2-p1.psd	1/1/1558
  C:\Users\Shoo\Dropbox\workspace\CorpusSearch_Auto\data\corporas\PPCEME\temp1492105854173\bible_and_apocrypha\authnew-e2-p2.psd	0/0/1255
  C:\Users\Shoo\Dropbox\workspace\CorpusSearch_Auto\data\corporas\PPCEME\temp1492105854173\bible_and_apocrypha\authold-e2-h.psd	0/0/1234
  C:\Users\Shoo\Dropbox\workspace\CorpusSearch_Auto\data\corporas\PPCEME\temp1492105854173\bible_and_apocrypha\authold-e2-p1.psd	1/1/1385
  C:\Users\Shoo\Dropbox\workspace\CorpusSearch_Auto\data\corporas\PPCEME\temp1492105854173\bible_and_apocrypha\authold-e2-p2.psd	1/1/912
  C:\Users\Shoo\Dropbox\workspace\CorpusSearch_Auto\data\corporas\PPCEME\temp1492105854173\bible_and_apocrypha\tyndnew-e1-h.psd	3/3/1078
  C:\Users\Shoo\Dropbox\workspace\CorpusSearch_Auto\data\corporas\PPCEME\temp1492105854173\bible_and_apocrypha\tyndnew-e1-p1.psd	5/5/1102
  C:\Users\Shoo\Dropbox\workspace\CorpusSearch_Auto\data\corporas\PPCEME\temp1492105854173\bible_and_apocrypha\tyndnew-e1-p2.psd	6/6/889
  C:\Users\Shoo\Dropbox\workspace\CorpusSearch_Auto\data\corporas\PPCEME\temp1492105854173\bible_and_apocrypha\tyndold-e1-h.psd	2/2/811
  C:\Users\Shoo\Dropbox\workspace\CorpusSearch_Auto\data\corporas\PPCEME\temp1492105854173\bible_and_apocrypha\tyndold-e1-p1.psd	3/3/1317
  C:\Users\Shoo\Dropbox\workspace\CorpusSearch_Auto\data\corporas\PPCEME\temp1492105854173\bible_and_apocrypha\tyndold-e1-p2.psd	6/6/866
whole search, hits/tokens/total
		28/28/14020
*/
