/*
PREFACE:  
Copyright 2010 Beth Randall
Date:  Thu Apr 13 19:02:55 BST 2017

command file:     data\searches\queries\PENN\stranded_prepositions.q
output file:      C:\Users\Shoo\Dropbox\workspace\CorpusSearch_Auto\data\output\13-04-2017 18.46.36.333 PPCME2\stranded_prepositions\science_astronomy_geography\result.out

node:   *|P
query:  (P Dominates  !P) 
  AND  (* iDomsLast  P) 
*/
/*
HEADER:
source file:  C:\Users\Shoo\Dropbox\workspace\CorpusSearch_Auto\data\corporas\PPCME2\temp1492106398658\science_astronomy_geography\cmastro.m3.psd
*/
/*
FOOTER
  source file, hits/tokens/total
  C:\Users\Shoo\Dropbox\workspace\CorpusSearch_Auto\data\corporas\PPCME2\temp1492106398658\science_astronomy_geography\cmastro.m3.psd	0/0/404
*/
/*
HEADER:
source file:  C:\Users\Shoo\Dropbox\workspace\CorpusSearch_Auto\data\corporas\PPCME2\temp1492106398658\science_astronomy_geography\cmequato.m3.psd
*/

/~*
tak ther fore a plate of metal or elles a bord +t=t= be smothe shaue <slash>
by leuel <slash> & euene polised <slash> of which whan it is rownd by compas
<slash> the hole diametre shal contene .72. large enches or elles .6. fote of
mesure <slash> the whiche rownde bord for it shal nat werpe ne krooke <slash>
the egge of the circumference shal be bownde w=t= a plate of yren in maner of
a karte whel. <slash>
(CMEQUATO,18.5)
*~/
/*
8 P:  8 P, 9 fore, 4 PP
*/
( (IP-IMP (VBI tak)
	  (PP (ADVP (ADV ther))
	      (P fore))
	  (NP-OB1 (NP (D a)
		      (N plate)
		      (PP (P of)
			  (NP (N metal))))
		  (CONJP (CONJ or)
			 (ELSE elles)
			 (NP (D a)
			     (N bord)
			     (CP-REL (WNP-1 0)
				     (C +t=t=)
				     (IP-SUB (NP-SBJ *T*-1)
					     (BEP be)
					     (ADJP (ADJP (ADV smothe)
							 (VAN shaue)
							 (, <slash>)
							 (PP (P by)
							     (NP (ADJ leuel))))
						   (, <slash>)
						   (CONJP (CONJ &)
							  (ADJP (ADV euene) (VAN polised))))))))
		  (, <slash>)
		  (CP-REL (WPP-2 (P of)
				 (WNP (WPRO which)))
			  (C 0)
			  (IP-SUB (PP (P whan)
				      (CP-ADV (C 0)
					      (IP-SUB (NP-SBJ (PRO it))
						      (BEP is)
						      (ADJP (ADJ rownd))
						      (CODE <paren>)
						      (PP (P by)
							  (NP (NS compas)))
						      (CODE <$$paren>))))
				  (, <slash>)
				  (NP-SBJ (D the)
					  (ADJ hole)
					  (N diametre)
					  (PP *T*-2))
				  (MD shal)
				  (VB contene)
				  (NP-OB1 (NP (NUM .72.) (ADJ large) (NS enches))
					  (CONJP (CONJ or)
						 (ELSE elles)
						 (NP (NUM .6.) (NS fote)))
					  (PP (P of)
					      (NP (N mesure)))))))
	  (, <slash>)
	  (CP-REL (WNP-3 (D the) (WD whiche) (ADJ rownde) (N bord))
		  (C 0)
		  (IP-SUB (PP (P for)
			      (CP-ADV (C 0)
				      (IP-SUB (NP-SBJ (PRO it))
					      (MD shal)
					      (NEG nat)
					      (VB (VB werpe) (CONJ ne) (VB krooke)))))
			  (, <slash>)
			  (NP-SBJ-RSP-3 (D the)
					(N egge)
					(PP (P of)
					    (CODE <paren>)
					    (NP (D the) (CODE <$$paren>) (N circumference))))
			  (MD shal)
			  (BE be)
			  (VAN bownde)
			  (PP (P w=t=)
			      (NP (D a)
				  (N plate)
				  (PP (P of)
				      (NP (N yren)))))
			  (PP (P in)
			      (NP (N maner)
				  (PP (P of)
				      (NP (D a) (N karte) (N whel)))))))
	  (, .)
	  (. <slash>))
  (ID CMEQUATO,18.5))

/~*
for ther in shal be perced a smal hole for the centre defferent of saturnus
<slash>
(CMEQUATO,22.66)
*~/
/*
8 P:  8 P, 9 in, 4 PP
*/

( (IP-MAT (CONJ for)
	  (PP (ADVP (ADV ther))
	      (P in))
	  (MD shal)
	  (BE be)
	  (VAN perced)
	  (NP-SBJ (D a) (ADJ smal) (N hole))
	  (PP (P for)
	      (NP (D the)
		  (N centre)
		  (N defferent)
		  (PP (P of)
		      (NP (NPR saturnus)))))
	  (. <slash>))
  (ID CMEQUATO,22.66))

/~*
hic nota +t=t= the centre defferent of mercurie hath but 24. holes as in myn
instrment wher for .I. rekne but .2. holes for a signe as in the gretter
cerkle of mercurie fro the lyne of his aux
(CMEQUATO,34.230)
*~/
/*
49 P:  49 P, 50 for, 45 WPP-1
*/

( (IP-IMP (LATIN (FW hic))
	  (VBI nota)
	  (CP-THT (C +t=t=)
		  (IP-SUB (NP-SBJ (D the)
				  (N centre)
				  (N defferent)
				  (PP (P of)
				      (NP (NPR mercurie))))
			  (HVP hath)
			  (NP-OB1 (FP but) (NUM 24.) (NS holes))
			  (PP (P as)
			      (PP (P in)
				  (NP (PRO$ myn) (N instrment))))
			  (CP-CAR (WPP-1 (WADVP (WADV wher))
					 (P for))
				  (C 0)
				  (IP-SUB (PP *T*-1)
					  (NP-SBJ (PRO .I.))
					  (VBP rekne)
					  (NP-OB1 (FP but)
						  (NUM .2.)
						  (NS holes)
						  (PP (P for)
						      (NP (D a) (N signe))))
					  (PP (P as)
					      (PP (P in)
						  (NP (D the)
						      (ADJR gretter)
						      (N cerkle)
						      (PP (P of)
							  (NP (NPR mercurie))))))
					  (PP (P fro)
					      (NP (D the)
						  (N lyne)
						  (PP (P of)
						      (NP (PRO$ his) (N aux))))))))))
  (ID CMEQUATO,34.230))

/~*
& tho fond I the middel of my thred karf the meridional lyne at .3. degres &
22 mi=a= fro the centre of the Erthe +t=t= is centre aryn <slash> wher for I
knew wel +t=t= my mone was 3 degres .22. mi=a= in latitude 7trional
descendinge fro the Ecliptik <slash>
(CMEQUATO,44.325)
*~/
/*
89 P:  89 P, 90 for, 85 WPP-1
*/

( (IP-MAT (CONJ &)
	  (ADVP-TMP (ADV tho))
	  (VBD fond)
	  (NP-SBJ (PRO I))
	  (CP-THT (C 0)
		  (IP-SUB (NP-SBJ (D the)
				  (N middel)
				  (PP (P of)
				      (NP (PRO$ my) (N thred))))
			  (VBD karf)
			  (NP-OB1 (D the) (ADJ meridional) (N lyne))
			  (PP (P at)
			      (NP (NP (NUM .3.) (NS degres))
				  (CONJP (CONJ &)
					 (NP (NUM 22) (NS mi=a=)))
				  (PP (P fro)
				      (NP (D the)
					  (N centre)
					  (PP (P of)
					      (NP (D the) (NPR Erthe)))
					  (IP-MAT-PRN (NP-SBJ (D +t=t=))
						      (BEP is)
						      (NP-OB1 (N centre) (FW aryn)))))))
			  (, <slash>)
			  (CP-CAR (WPP-1 (WADVP (WADV wher))
					 (P for))
				  (C 0)
				  (IP-SUB (PP *T*-1)
					  (NP-SBJ (PRO I))
					  (VBD knew)
					  (ADVP (ADV wel))
					  (CP-THT (C +t=t=)
						  (IP-SUB (NP-SBJ (PRO$ my) (N mone))
							  (BED was)
							  (ADJP-LOC (NP-MSR (NP (NUM 3) (NS degres))
									    (CONJP (NP (NUM .22.) (NS mi=a=)))
									    (PP (P in)
										(NP (N latitude)
										    (ADJP (ADJ 7trional) (VAG descendinge)))))
								    (PP (P fro)
									(NP (D the) (N Ecliptik))))))))))
	  (. <slash>))
  (ID CMEQUATO,44.325))
/*
FOOTER
  source file, hits/tokens/total
  C:\Users\Shoo\Dropbox\workspace\CorpusSearch_Auto\data\corporas\PPCME2\temp1492106398658\science_astronomy_geography\cmequato.m3.psd	4/4/341
*/
/*
SUMMARY:  
source files, hits/tokens/total
  C:\Users\Shoo\Dropbox\workspace\CorpusSearch_Auto\data\corporas\PPCME2\temp1492106398658\science_astronomy_geography\cmastro.m3.psd	0/0/404
  C:\Users\Shoo\Dropbox\workspace\CorpusSearch_Auto\data\corporas\PPCME2\temp1492106398658\science_astronomy_geography\cmequato.m3.psd	4/4/341
whole search, hits/tokens/total
		4/4/745
*/
