/*
PREFACE:  
Copyright 2010 Beth Randall
Date:  Thu Apr 13 18:48:26 BST 2017

command file:     data\searches\queries\YCOE\progressive_forms_added_to_an_appositive_or_parenthetical_constituent.q
output file:      C:\Users\Shoo\Dropbox\workspace\CorpusSearch_Auto\data\output\13-04-2017 18.46.36.333 YCOE\progressive_forms_added_to_an_appositive_or_parenthetical_constituent\rules_charters_wills_laws_ecclesiastical_laws_and_proceedingstrials\result.out

node:   *PRN*|AXG*|BAG*|HAG*|VAG*
query:  (AXG*|BAG*|HAG*|VAG* Dominates  !AXG*|BAG*|HAG*|VAG*) 
  AND  (*PRN* Dominates  AXG*|BAG*|HAG*|VAG*) 
*/
/*
HEADER:
source file:  C:\Users\Shoo\Dropbox\workspace\CorpusSearch_Auto\data\corporas\YCOE\temp1492105600559\rules_charters_wills_laws_ecclesiastical_laws_and_proceedingstrials\cobenrul.o3.psd
*/

/~*
O+ter cyn is ancrena, +t+at is westensetlena, +te no on niwan wylme, ac on
lancsumere mynsteres drohtnunge geleornia+d, +t+at hie anstandonde mid Godes
fultume +turh bro+dra getrymnesse ongean deofol and his fl+asces and ge+tohta
leahtras winnan magan.
(cobenrul,BenR:1.9.5.148)
*~/
/*
77 VAG^N:  77 VAG^N, 78 anstandonde, 18 IP-MAT-PRN
*/
( (CODE <T06980010900,1.9.5>)
  (IP-MAT (NP-NOM (ADJ^N O+ter)
		  (N^N cyn)
		  (CP-REL *ICH*-1))
	  (BEPI is)
	  (NP-GEN-PRD (N^G ancrena)
		      (, ,)
		      (IP-MAT-PRN (NP-NOM (D^N +t+at))
				  (BEPI is)
				  (XP (NP-GEN (N^G westensetlena)
					      (, ,)
					      (CP-REL (WNP-NOM-2 0)
						      (C +te)
						      (IP-SUB (NP-NOM *T*-2)
							      (PP (PP (NEG+ADV no)
								      (P on)
								      (NP-DAT (ADJ^D niwan) (N^D wylme)))
								  (, ,)
								  (CONJP (CONJ ac)
									 (PP (P on)
									     (NP-DAT (ADJ^D lancsumere)
										     (NP-GEN (N^G mynsteres))
										     (N^D drohtnunge)))))
							      (VBPI geleornia+d)
							      (, ,)
							      (CP-THT (C +t+at)
								      (IP-SUB (NP-NOM (PRO^N hie)
										      (PTP-NOM (VAG^N anstandonde)
											       (PP (P mid)
												   (NP-DAT (NP-GEN (NR^G Godes))
													   (N^D fultume)))))
									      (PP (P +turh)
										  (NP (NP-GEN (N^G bro+dra))
										      (N getrymnesse)))
									      (PP (P ongean)
										  (NP-ACC (NP-ACC (N^A deofol))
											  (CONJP (CONJ and)
												 (NP-ACC (NP-GEN (PRO$ his)
														 (N^G fl+asces)
														 (CONJP (CONJ and)
															(NX-GEN (N^G ge+tohta))))
													 (N^A leahtras)))))
									      (VB winnan)
									      (MDPI magan)))))))))
	  (. .))
  (ID cobenrul,BenR:1.9.5.148))

/~*
On swylcum wuna+d seo lufu +t+as f+areldes to ecum life, for+di +tonne hi
+t+ane ancsuman weg geceosa+d, be +t+am se h+alend cwy+d: Ancsum and neara is
se weg, +te to life l+at, +t+at is, +t+at he be his agenum dome ne libbe, ne
he agenum lustum ne hyrsumige, ac be fremedum dome and h+ase donde sy, on
mynstre wunigende, +t+at abbod his wealde and t+ace, a gewilnige.
(cobenrul,BenR:5.20.8.306)
*~/
/*
184 VAG:  184 VAG, 185 donde, 113 -PRN
197 VAG^N:  197 VAG^N, 198 wunigende, 113 -PRN
*/

( (CODE <T06980018100,5.20.8>)
  (IP-MAT (PP (P On)
	      (NP-DAT (ADJ^D swylcum)))
	  (VBPI wuna+d)
	  (NP-NOM (D^N seo)
		  (N^N lufu)
		  (NP-GEN (D^G +t+as)
			  (N^G f+areldes)
			  (PP (P to)
			      (NP-DAT (ADJ^D ecum) (N^D life)))))
	  (, ,)
	  (CP-ADV (P for+di)
		  (C 0)
		  (IP-SUB (ADVP-TMP (ADV^T +tonne))
			  (NP-NOM (PRO^N hi))
			  (NP-ACC (D^A +t+ane)
				  (ADJ^A ancsuman)
				  (N^A weg)
				  (CP-REL *ICH*-2))
			  (VBPI geceosa+d)
			  (, ,)
			  (CP-REL-2 (WPP-1 (P be)
					   (NP-DAT (D^D +t+am)))
				    (C 0)
				    (IP-SUB (PP *T*-1)
					    (NP-NOM (D^N se) (N^N h+alend))
					    (VBPI cwy+d)
					    (, :)
					    (IP-MAT-SPE (ADJP-NOM-PRD (ADJ^N Ancsum) (CONJ and) (ADJ^N neara))
							(BEPI is)
							(NP-NOM (D^N se)
								(N^N weg)
								(, ,)
								(CP-REL-SPE (WNP-NOM-3 0)
									    (C +te)
									    (IP-SUB-SPE (NP-NOM *T*-3)
											(PP (P to)
											    (NP-DAT (N^D life)))
											(VBPI l+at)))))))
			  (, ,)
			  (-PRN (NP-NOM (D^N +t+at))
				(BEPI is)
				(, ,)
				(XP (CP-THT-SPE (C +t+at)
						(IP-SUB-SPE (IP-SUB-SPE (NP-NOM (PRO^N he))
									(PP (P be)
									    (NP-DAT (PRO$ his) (ADJ^D agenum) (N^D dome)))
									(NEG ne)
									(VBPS libbe))
							    (, ,)
							    (CONJP (NEG+CONJ ne)
								   (IP-SUB-CON-SPE (NP-NOM (PRO^N he))
										   (NP-DAT (ADJ^D agenum) (N^D lustum))
										   (NEG ne)
										   (VBPS hyrsumige)))
							    (, ,)
							    (CONJP (CONJ ac)
								   (IP-SUB-CON-SPE (NP-NOM *con*)
										   (PP (P be)
										       (NP-DAT (ADJ^D fremedum)
											       (N^D dome)
											       (CONJP (CONJ and)
												      (NX-DAT (N^D h+ase)))))
										   (VAG donde)
										   (BEPS sy)
										   (, ,)
										   (PTP-NOM (PP (P on)
												(NP-DAT (N^D mynstre)))
											    (VAG^N wunigende))
										   (, ,)
										   (CP-THT-SPE (C +t+at)
											       (IP-SUB-SPE (IP-SUB-SPE (NP-NOM (N^N abbod))
														       (NP-GEN (PRO^G his))
														       (VBPS (VBPS wealde) (CONJ and) (VBPS t+ace)))
													   (, ,)
													   (CONJP (IP-SUB-CON-SPE (NP-NOM *con*)
																  (ADVP-TMP (ADV^T a))
																  (VBPS gewilnige)))))))))))))
	  (. .))
  (ID cobenrul,BenR:5.20.8.306))
/*
FOOTER
  source file, hits/tokens/total
  C:\Users\Shoo\Dropbox\workspace\CorpusSearch_Auto\data\corporas\YCOE\temp1492105600559\rules_charters_wills_laws_ecclesiastical_laws_and_proceedingstrials\cobenrul.o3.psd	3/2/1288
*/
/*
HEADER:
source file:  C:\Users\Shoo\Dropbox\workspace\CorpusSearch_Auto\data\corporas\YCOE\temp1492105600559\rules_charters_wills_laws_ecclesiastical_laws_and_proceedingstrials\cocanedgD.psd
*/
/*
FOOTER
  source file, hits/tokens/total
  C:\Users\Shoo\Dropbox\workspace\CorpusSearch_Auto\data\corporas\YCOE\temp1492105600559\rules_charters_wills_laws_ecclesiastical_laws_and_proceedingstrials\cocanedgD.psd	0/0/79
*/
/*
HEADER:
source file:  C:\Users\Shoo\Dropbox\workspace\CorpusSearch_Auto\data\corporas\YCOE\temp1492105600559\rules_charters_wills_laws_ecclesiastical_laws_and_proceedingstrials\cocanedgX.psd
*/
/*
FOOTER
  source file, hits/tokens/total
  C:\Users\Shoo\Dropbox\workspace\CorpusSearch_Auto\data\corporas\YCOE\temp1492105600559\rules_charters_wills_laws_ecclesiastical_laws_and_proceedingstrials\cocanedgX.psd	0/0/105
*/
/*
HEADER:
source file:  C:\Users\Shoo\Dropbox\workspace\CorpusSearch_Auto\data\corporas\YCOE\temp1492105600559\rules_charters_wills_laws_ecclesiastical_laws_and_proceedingstrials\cochdrul.psd
*/
/*
FOOTER
  source file, hits/tokens/total
  C:\Users\Shoo\Dropbox\workspace\CorpusSearch_Auto\data\corporas\YCOE\temp1492105600559\rules_charters_wills_laws_ecclesiastical_laws_and_proceedingstrials\cochdrul.psd	0/0/1132
*/
/*
HEADER:
source file:  C:\Users\Shoo\Dropbox\workspace\CorpusSearch_Auto\data\corporas\YCOE\temp1492105600559\rules_charters_wills_laws_ecclesiastical_laws_and_proceedingstrials\codocu1.o1.psd
*/

/~*
+Donne bebeode ic +daet mon +das +ding selle ymb tu+alf mona+d of Liminum, +de
+dis forecuaedene lond to limpe+d, of +daem ilcan londe +at Stanhamstede, CXX
huaetenra hlafa & XXX clenra & an hri+der dugunde & IIII sc+ep & tua flicca &
V goes & X hennfuglas & X pund caeses, gif hit fuguldaeg sie,
(codocu1,Ch_1188_[HarmD_1]:16.6)
*~/
/*
110 VAG^A:  110 VAG^A, 111 dugunde, 84 NP-ACC-PRN-2
*/

( (CODE <T12090000400,16>)
  (IP-MAT (ADVP-TMP (ADV^T +Donne))
	  (VBP bebeode)
	  (NP-NOM (PRO^N ic))
	  (CP-THT (C +daet)
		  (IP-SUB (NP-NOM (MAN^N mon))
			  (NP-ACC (D^A +das)
				  (N^A +ding)
				  (NP-ACC-PRN *ICH*-2))
			  (VBPS selle)
			  (PP (P ymb)
			      (NP-ACC (NUM tu+alf) (N^A mona+d)))
			  (PP (P of)
			      (NP (NR Liminum)
				  (, ,)
				  (CP-REL (WNP-1 0)
					  (C +de)
					  (IP-SUB (NP-NOM (D^N +dis) (RP+VBN^N forecuaedene) (N^N lond))
						  (PP (NP *T*-1)
						      (P to))
						  (VBPI limpe+d)))))
			  (, ,)
			  (PP (P of)
			      (NP-DAT (D^D +daem)
				      (ADJ^D ilcan)
				      (N^D londe)
				      (PP (P +at)
					  (NP (NR Stanhamstede)))))
			  (, ,)
			  (NP-ACC-PRN-2 (NP (NUM CXX)
					    (NP-GEN (ADJ^G huaetenra) (N^G hlafa)))
					(CONJP (CONJ &)
					       (NP (NUM XXX)
						   (NP-GEN (ADJ^G clenra))))
					(CONJP (CONJ &)
					       (NP-ACC (NUM^A an) (N^A hri+der) (VAG^A dugunde)))
					(CONJP (CONJ &)
					       (NP-ACC (NUM IIII) (N^A sc+ep)))
					(CONJP (CONJ &)
					       (NP-ACC (NUM^A tua) (N^A flicca)))
					(CONJP (CONJ &)
					       (NP-ACC (NUM V) (N^A goes)))
					(CONJP (CONJ &)
					       (NP-ACC (NUM X) (N^A hennfuglas)))
					(CONJP (CONJ &)
					       (NP-ACC (NUM X)
						       (N^A pund)
						       (NP-GEN (N^G caeses))))
					(, ,)
					(CP-ADV (P gif)
						(C 0)
						(IP-SUB (NP-NOM (PRO^N hit))
							(NP-NOM-PRD (N^N fuguldaeg))
							(BEPS sie))))))
	  (. ,))
  (ID codocu1,Ch_1188_[HarmD_1]:16.6))
/*
FOOTER
  source file, hits/tokens/total
  C:\Users\Shoo\Dropbox\workspace\CorpusSearch_Auto\data\corporas\YCOE\temp1492105600559\rules_charters_wills_laws_ecclesiastical_laws_and_proceedingstrials\codocu1.o1.psd	1/1/90
*/
/*
HEADER:
source file:  C:\Users\Shoo\Dropbox\workspace\CorpusSearch_Auto\data\corporas\YCOE\temp1492105600559\rules_charters_wills_laws_ecclesiastical_laws_and_proceedingstrials\codocu2.o12.psd
*/
/*
FOOTER
  source file, hits/tokens/total
  C:\Users\Shoo\Dropbox\workspace\CorpusSearch_Auto\data\corporas\YCOE\temp1492105600559\rules_charters_wills_laws_ecclesiastical_laws_and_proceedingstrials\codocu2.o12.psd	0/0/11
*/
/*
HEADER:
source file:  C:\Users\Shoo\Dropbox\workspace\CorpusSearch_Auto\data\corporas\YCOE\temp1492105600559\rules_charters_wills_laws_ecclesiastical_laws_and_proceedingstrials\codocu2.o2.psd
*/

/~*
& ic bidde, & an Godes libgendes naman bebiade +d+am men +de +dis land & +dis
erbe hebbe et Mundlingham, +det he +das god for+d leste o+d wiaralde ende.
(codocu2,Ch_1197_[HarmD_4]:18.10)
*~/
/*
23 VAG^G:  23 VAG^G, 24 libgendes, 13 IPX-MAT-PRN=0
*/

( (CODE <T12120000800,18>)
  (IP-MAT-0 (CONJ &)
	    (NP-NOM (PRO^N ic))
	    (VBP bidde)
	    (, ,)
	    (IPX-MAT-PRN=0 (CONJ &)
			   (PP (P an)
			       (NP (NP-GEN (NR^G Godes) (VAG^G libgendes))
				   (N naman)))
			   (VBP bebiade))
	    (NP-DAT (D^D +d+am)
		    (N^D men)
		    (CP-REL (WNP-NOM-1 0)
			    (C +de)
			    (IP-SUB (NP-NOM *T*-1)
				    (NP-ACC (NP-ACC (D^A +dis) (N^A land))
					    (CONJP (CONJ &)
						   (NP-ACC (D^A +dis) (N^A erbe))))
				    (HVPS hebbe)
				    (PP (P et)
					(NP (NR Mundlingham))))))
	    (, ,)
	    (CP-THT (C +det)
		    (IP-SUB (NP-NOM (PRO^N he))
			    (NP-ACC (D^A +das) (N^A god))
			    (RP for+d)
			    (VBPS leste)
			    (PP (P o+d)
				(NP (NP-GEN (N^G wiaralde))
				    (N ende)))))
	    (. .))
  (ID codocu2,Ch_1197_[HarmD_4]:18.10))
/*
FOOTER
  source file, hits/tokens/total
  C:\Users\Shoo\Dropbox\workspace\CorpusSearch_Auto\data\corporas\YCOE\temp1492105600559\rules_charters_wills_laws_ecclesiastical_laws_and_proceedingstrials\codocu2.o2.psd	1/1/123
*/
/*
HEADER:
source file:  C:\Users\Shoo\Dropbox\workspace\CorpusSearch_Auto\data\corporas\YCOE\temp1492105600559\rules_charters_wills_laws_ecclesiastical_laws_and_proceedingstrials\codocu3.o23.psd
*/
/*
FOOTER
  source file, hits/tokens/total
  C:\Users\Shoo\Dropbox\workspace\CorpusSearch_Auto\data\corporas\YCOE\temp1492105600559\rules_charters_wills_laws_ecclesiastical_laws_and_proceedingstrials\codocu3.o23.psd	0/0/35
*/
/*
HEADER:
source file:  C:\Users\Shoo\Dropbox\workspace\CorpusSearch_Auto\data\corporas\YCOE\temp1492105600559\rules_charters_wills_laws_ecclesiastical_laws_and_proceedingstrials\codocu3.o3.psd
*/
/*
FOOTER
  source file, hits/tokens/total
  C:\Users\Shoo\Dropbox\workspace\CorpusSearch_Auto\data\corporas\YCOE\temp1492105600559\rules_charters_wills_laws_ecclesiastical_laws_and_proceedingstrials\codocu3.o3.psd	0/0/401
*/
/*
HEADER:
source file:  C:\Users\Shoo\Dropbox\workspace\CorpusSearch_Auto\data\corporas\YCOE\temp1492105600559\rules_charters_wills_laws_ecclesiastical_laws_and_proceedingstrials\codocu4.o24.psd
*/
/*
FOOTER
  source file, hits/tokens/total
  C:\Users\Shoo\Dropbox\workspace\CorpusSearch_Auto\data\corporas\YCOE\temp1492105600559\rules_charters_wills_laws_ecclesiastical_laws_and_proceedingstrials\codocu4.o24.psd	0/0/23
*/
/*
HEADER:
source file:  C:\Users\Shoo\Dropbox\workspace\CorpusSearch_Auto\data\corporas\YCOE\temp1492105600559\rules_charters_wills_laws_ecclesiastical_laws_and_proceedingstrials\coinspolD.o34.psd
*/
/*
FOOTER
  source file, hits/tokens/total
  C:\Users\Shoo\Dropbox\workspace\CorpusSearch_Auto\data\corporas\YCOE\temp1492105600559\rules_charters_wills_laws_ecclesiastical_laws_and_proceedingstrials\coinspolD.o34.psd	0/0/169
*/
/*
HEADER:
source file:  C:\Users\Shoo\Dropbox\workspace\CorpusSearch_Auto\data\corporas\YCOE\temp1492105600559\rules_charters_wills_laws_ecclesiastical_laws_and_proceedingstrials\coinspolX.psd
*/
/*
FOOTER
  source file, hits/tokens/total
  C:\Users\Shoo\Dropbox\workspace\CorpusSearch_Auto\data\corporas\YCOE\temp1492105600559\rules_charters_wills_laws_ecclesiastical_laws_and_proceedingstrials\coinspolX.psd	0/0/327
*/
/*
HEADER:
source file:  C:\Users\Shoo\Dropbox\workspace\CorpusSearch_Auto\data\corporas\YCOE\temp1492105600559\rules_charters_wills_laws_ecclesiastical_laws_and_proceedingstrials\colaw1cn.o3.psd
*/
/*
FOOTER
  source file, hits/tokens/total
  C:\Users\Shoo\Dropbox\workspace\CorpusSearch_Auto\data\corporas\YCOE\temp1492105600559\rules_charters_wills_laws_ecclesiastical_laws_and_proceedingstrials\colaw1cn.o3.psd	0/0/146
*/
/*
HEADER:
source file:  C:\Users\Shoo\Dropbox\workspace\CorpusSearch_Auto\data\corporas\YCOE\temp1492105600559\rules_charters_wills_laws_ecclesiastical_laws_and_proceedingstrials\colaw2cn.o3.psd
*/
/*
FOOTER
  source file, hits/tokens/total
  C:\Users\Shoo\Dropbox\workspace\CorpusSearch_Auto\data\corporas\YCOE\temp1492105600559\rules_charters_wills_laws_ecclesiastical_laws_and_proceedingstrials\colaw2cn.o3.psd	0/0/304
*/
/*
HEADER:
source file:  C:\Users\Shoo\Dropbox\workspace\CorpusSearch_Auto\data\corporas\YCOE\temp1492105600559\rules_charters_wills_laws_ecclesiastical_laws_and_proceedingstrials\colaw5atr.o3.psd
*/
/*
FOOTER
  source file, hits/tokens/total
  C:\Users\Shoo\Dropbox\workspace\CorpusSearch_Auto\data\corporas\YCOE\temp1492105600559\rules_charters_wills_laws_ecclesiastical_laws_and_proceedingstrials\colaw5atr.o3.psd	0/0/79
*/
/*
HEADER:
source file:  C:\Users\Shoo\Dropbox\workspace\CorpusSearch_Auto\data\corporas\YCOE\temp1492105600559\rules_charters_wills_laws_ecclesiastical_laws_and_proceedingstrials\colaw6atr.o3.psd
*/
/*
FOOTER
  source file, hits/tokens/total
  C:\Users\Shoo\Dropbox\workspace\CorpusSearch_Auto\data\corporas\YCOE\temp1492105600559\rules_charters_wills_laws_ecclesiastical_laws_and_proceedingstrials\colaw6atr.o3.psd	0/0/111
*/
/*
HEADER:
source file:  C:\Users\Shoo\Dropbox\workspace\CorpusSearch_Auto\data\corporas\YCOE\temp1492105600559\rules_charters_wills_laws_ecclesiastical_laws_and_proceedingstrials\colawaf.o2.psd
*/
/*
FOOTER
  source file, hits/tokens/total
  C:\Users\Shoo\Dropbox\workspace\CorpusSearch_Auto\data\corporas\YCOE\temp1492105600559\rules_charters_wills_laws_ecclesiastical_laws_and_proceedingstrials\colawaf.o2.psd	0/0/210
*/
/*
HEADER:
source file:  C:\Users\Shoo\Dropbox\workspace\CorpusSearch_Auto\data\corporas\YCOE\temp1492105600559\rules_charters_wills_laws_ecclesiastical_laws_and_proceedingstrials\colawafint.o2.psd
*/
/*
FOOTER
  source file, hits/tokens/total
  C:\Users\Shoo\Dropbox\workspace\CorpusSearch_Auto\data\corporas\YCOE\temp1492105600559\rules_charters_wills_laws_ecclesiastical_laws_and_proceedingstrials\colawafint.o2.psd	0/0/146
*/
/*
HEADER:
source file:  C:\Users\Shoo\Dropbox\workspace\CorpusSearch_Auto\data\corporas\YCOE\temp1492105600559\rules_charters_wills_laws_ecclesiastical_laws_and_proceedingstrials\colawger.o34.psd
*/
/*
FOOTER
  source file, hits/tokens/total
  C:\Users\Shoo\Dropbox\workspace\CorpusSearch_Auto\data\corporas\YCOE\temp1492105600559\rules_charters_wills_laws_ecclesiastical_laws_and_proceedingstrials\colawger.o34.psd	0/0/35
*/
/*
HEADER:
source file:  C:\Users\Shoo\Dropbox\workspace\CorpusSearch_Auto\data\corporas\YCOE\temp1492105600559\rules_charters_wills_laws_ecclesiastical_laws_and_proceedingstrials\colawine.ox2.psd
*/
/*
FOOTER
  source file, hits/tokens/total
  C:\Users\Shoo\Dropbox\workspace\CorpusSearch_Auto\data\corporas\YCOE\temp1492105600559\rules_charters_wills_laws_ecclesiastical_laws_and_proceedingstrials\colawine.ox2.psd	0/0/192
*/
/*
HEADER:
source file:  C:\Users\Shoo\Dropbox\workspace\CorpusSearch_Auto\data\corporas\YCOE\temp1492105600559\rules_charters_wills_laws_ecclesiastical_laws_and_proceedingstrials\colawnorthu.o3.psd
*/
/*
FOOTER
  source file, hits/tokens/total
  C:\Users\Shoo\Dropbox\workspace\CorpusSearch_Auto\data\corporas\YCOE\temp1492105600559\rules_charters_wills_laws_ecclesiastical_laws_and_proceedingstrials\colawnorthu.o3.psd	0/0/98
*/
/*
HEADER:
source file:  C:\Users\Shoo\Dropbox\workspace\CorpusSearch_Auto\data\corporas\YCOE\temp1492105600559\rules_charters_wills_laws_ecclesiastical_laws_and_proceedingstrials\colawwllad.o4.psd
*/
/*
FOOTER
  source file, hits/tokens/total
  C:\Users\Shoo\Dropbox\workspace\CorpusSearch_Auto\data\corporas\YCOE\temp1492105600559\rules_charters_wills_laws_ecclesiastical_laws_and_proceedingstrials\colawwllad.o4.psd	0/0/14
*/
/*
SUMMARY:  
source files, hits/tokens/total
  C:\Users\Shoo\Dropbox\workspace\CorpusSearch_Auto\data\corporas\YCOE\temp1492105600559\rules_charters_wills_laws_ecclesiastical_laws_and_proceedingstrials\cobenrul.o3.psd	3/2/1288
  C:\Users\Shoo\Dropbox\workspace\CorpusSearch_Auto\data\corporas\YCOE\temp1492105600559\rules_charters_wills_laws_ecclesiastical_laws_and_proceedingstrials\cocanedgD.psd	0/0/79
  C:\Users\Shoo\Dropbox\workspace\CorpusSearch_Auto\data\corporas\YCOE\temp1492105600559\rules_charters_wills_laws_ecclesiastical_laws_and_proceedingstrials\cocanedgX.psd	0/0/105
  C:\Users\Shoo\Dropbox\workspace\CorpusSearch_Auto\data\corporas\YCOE\temp1492105600559\rules_charters_wills_laws_ecclesiastical_laws_and_proceedingstrials\cochdrul.psd	0/0/1132
  C:\Users\Shoo\Dropbox\workspace\CorpusSearch_Auto\data\corporas\YCOE\temp1492105600559\rules_charters_wills_laws_ecclesiastical_laws_and_proceedingstrials\codocu1.o1.psd	1/1/90
  C:\Users\Shoo\Dropbox\workspace\CorpusSearch_Auto\data\corporas\YCOE\temp1492105600559\rules_charters_wills_laws_ecclesiastical_laws_and_proceedingstrials\codocu2.o12.psd	0/0/11
  C:\Users\Shoo\Dropbox\workspace\CorpusSearch_Auto\data\corporas\YCOE\temp1492105600559\rules_charters_wills_laws_ecclesiastical_laws_and_proceedingstrials\codocu2.o2.psd	1/1/123
  C:\Users\Shoo\Dropbox\workspace\CorpusSearch_Auto\data\corporas\YCOE\temp1492105600559\rules_charters_wills_laws_ecclesiastical_laws_and_proceedingstrials\codocu3.o23.psd	0/0/35
  C:\Users\Shoo\Dropbox\workspace\CorpusSearch_Auto\data\corporas\YCOE\temp1492105600559\rules_charters_wills_laws_ecclesiastical_laws_and_proceedingstrials\codocu3.o3.psd	0/0/401
  C:\Users\Shoo\Dropbox\workspace\CorpusSearch_Auto\data\corporas\YCOE\temp1492105600559\rules_charters_wills_laws_ecclesiastical_laws_and_proceedingstrials\codocu4.o24.psd	0/0/23
  C:\Users\Shoo\Dropbox\workspace\CorpusSearch_Auto\data\corporas\YCOE\temp1492105600559\rules_charters_wills_laws_ecclesiastical_laws_and_proceedingstrials\coinspolD.o34.psd	0/0/169
  C:\Users\Shoo\Dropbox\workspace\CorpusSearch_Auto\data\corporas\YCOE\temp1492105600559\rules_charters_wills_laws_ecclesiastical_laws_and_proceedingstrials\coinspolX.psd	0/0/327
  C:\Users\Shoo\Dropbox\workspace\CorpusSearch_Auto\data\corporas\YCOE\temp1492105600559\rules_charters_wills_laws_ecclesiastical_laws_and_proceedingstrials\colaw1cn.o3.psd	0/0/146
  C:\Users\Shoo\Dropbox\workspace\CorpusSearch_Auto\data\corporas\YCOE\temp1492105600559\rules_charters_wills_laws_ecclesiastical_laws_and_proceedingstrials\colaw2cn.o3.psd	0/0/304
  C:\Users\Shoo\Dropbox\workspace\CorpusSearch_Auto\data\corporas\YCOE\temp1492105600559\rules_charters_wills_laws_ecclesiastical_laws_and_proceedingstrials\colaw5atr.o3.psd	0/0/79
  C:\Users\Shoo\Dropbox\workspace\CorpusSearch_Auto\data\corporas\YCOE\temp1492105600559\rules_charters_wills_laws_ecclesiastical_laws_and_proceedingstrials\colaw6atr.o3.psd	0/0/111
  C:\Users\Shoo\Dropbox\workspace\CorpusSearch_Auto\data\corporas\YCOE\temp1492105600559\rules_charters_wills_laws_ecclesiastical_laws_and_proceedingstrials\colawaf.o2.psd	0/0/210
  C:\Users\Shoo\Dropbox\workspace\CorpusSearch_Auto\data\corporas\YCOE\temp1492105600559\rules_charters_wills_laws_ecclesiastical_laws_and_proceedingstrials\colawafint.o2.psd	0/0/146
  C:\Users\Shoo\Dropbox\workspace\CorpusSearch_Auto\data\corporas\YCOE\temp1492105600559\rules_charters_wills_laws_ecclesiastical_laws_and_proceedingstrials\colawger.o34.psd	0/0/35
  C:\Users\Shoo\Dropbox\workspace\CorpusSearch_Auto\data\corporas\YCOE\temp1492105600559\rules_charters_wills_laws_ecclesiastical_laws_and_proceedingstrials\colawine.ox2.psd	0/0/192
  C:\Users\Shoo\Dropbox\workspace\CorpusSearch_Auto\data\corporas\YCOE\temp1492105600559\rules_charters_wills_laws_ecclesiastical_laws_and_proceedingstrials\colawnorthu.o3.psd	0/0/98
  C:\Users\Shoo\Dropbox\workspace\CorpusSearch_Auto\data\corporas\YCOE\temp1492105600559\rules_charters_wills_laws_ecclesiastical_laws_and_proceedingstrials\colawwllad.o4.psd	0/0/14
whole search, hits/tokens/total
		5/4/5118
*/
