/*
PREFACE:  
Copyright 2010 Beth Randall
Date:  Thu Apr 13 18:58:31 BST 2017

command file:     data\searches\queries\PENN\progressive_forms_in_noun_phrases_appositive.q
output file:      C:\Users\Shoo\Dropbox\workspace\CorpusSearch_Auto\data\output\13-04-2017 18.46.36.333 PPCMBE\progressive_forms_in_noun_phrases_appositive\science_astronomy_geography\result.out

node:   NP-PRN*|BAG*|HAG*|VAG*|DAG*
query:  (BAG*|HAG*|VAG*|DAG* Dominates  !BAG*|HAG*|VAG*|DAG*) 
  AND  (NP-PRN* Dominates  BAG*|HAG*|VAG*|DAG*) 
*/
/*
HEADER:
source file:  C:\Users\Shoo\Dropbox\workspace\CorpusSearch_Auto\data\corporas\PPCMBE\temp1492106160469\science_astronomy_geography\albin-1736.psd
*/
/*
FOOTER
  source file, hits/tokens/total
  C:\Users\Shoo\Dropbox\workspace\CorpusSearch_Auto\data\corporas\PPCMBE\temp1492106160469\science_astronomy_geography\albin-1736.psd	0/0/843
*/
/*
HEADER:
source file:  C:\Users\Shoo\Dropbox\workspace\CorpusSearch_Auto\data\corporas\PPCMBE\temp1492106160469\science_astronomy_geography\faraday-1859.psd
*/

/~*
there is a power of heat - a power of doing something, but not the same power
as that which pulled the paper over:
(FARADAY-1859,6.53)
*~/
/*
34 DAG:  34 DAG, 35 doing, 24 NP-PRN
*/
( (IP-MAT (CODE <font>)
	  (NP-SBJ-1 (EX there))
	  (CODE <$$font>)
	  (BEP is)
	  (NP-1 (D a)
		(N power)
		(PP (P of)
		    (NP (N heat)))
		(, -)
		(NP-PRN (NP (D a)
			    (N power)
			    (PP (P of)
				(IP-PPL (DAG doing)
					(NP-OB1 (Q+N something)))))
			(, ,)
			(CONJP (CONJ but)
			       (NP (NEG not)
				   (D the)
				   (ADJ same)
				   (N power)
				   (PP (P as)
				       (NP (D that)
					   (CP-REL (WNP-2 (WPRO which))
						   (C 0)
						   (IP-SUB (NP-SBJ *T*-2)
							   (VBD pulled)
							   (NP-OB1 (D the) (N paper))
							   (RP over)))))))))
	  (. :))
  (ID FARADAY-1859,6.53))

/~*
You see how strangely different subjects for our consideration arise, when we
come to think over these various matters - the power of heat evolved by acting
upon lime with water, and the power which water has of turning this salt of
copper from white to blue.
(FARADAY-1859,11.109)
*~/
/*
83 VAG:  83 VAG, 84 acting, 64 NP-PRN
125 VAG:  125 VAG, 126 turning, 64 NP-PRN
*/

( (IP-MAT (NP-SBJ (PRO You))
	  (VBP see)
	  (CP-QUE (WADVP-1 (WADV how))
		  (C 0)
		  (IP-SUB (ADVP *T*-1)
			  (NP-SBJ (ADJP (ADV strangely) (ADJ different))
				  (NS subjects)
				  (PP (P for)
				      (NP (PRO$ our) (N consideration))))
			  (VBP arise)
			  (, ,)
			  (PP (P when)
			      (CP-ADV (C 0)
				      (IP-SUB (NP-SBJ (PRO we))
					      (VBP come)
					      (IP-INF (TO to)
						      (VB think)
						      (RP over)
						      (NP-OB1 (D these)
							      (ADJ various)
							      (NS matters)
							      (, -)
							      (NP-PRN (NP (D the)
									  (N power)
									  (PP (P of)
									      (NP (N heat)))
									  (RRC (VAN evolved)
									       (PP (P by)
										   (IP-PPL (VAG acting)
											   (PP (P upon)
											       (NP (N lime)))
											   (PP (P with)
											       (NP (N water)))))))
								      (, ,)
								      (CONJP (CONJ and)
									     (NP (D the)
										 (N power)
										 (CP-REL (WNP-2 (WPRO which))
											 (C 0)
											 (IP-SUB (NP-OB1 *T*-2)
												 (NP-SBJ (N water))
												 (HVP has)))
										 (PP (P of)
										     (IP-PPL (VAG turning)
											     (NP-OB1 (D this)
												     (N salt)
												     (PP (P of)
													 (NP (N copper))))
											     (NP-MSR (PP (P from)
													 (NP (ADJ white)))
												     (PP (P to)
													 (NP (ADJ blue))))))))))))))))
	  (. .))
  (ID FARADAY-1859,11.109))

/~*
Here I have what we call a weight an iron half cwt. - a thing called a weight,
because in it the exercise of that power of pressing downwards is especially
used for the purposes of weighing;
(FARADAY-1859,12.113)
*~/
/*
101 VAG:  101 VAG, 102 pressing, 51 NP-PRN
*/

( (IP-MAT (ADVP-LOC (ADV Here))
	  (NP-SBJ (PRO I))
	  (HVP have)
	  (NP-OB1 (CP-FRL (WNP-1 (WPRO what))
			  (C 0)
			  (IP-SUB (NP-SBJ (PRO we))
				  (VBP call)
				  (IP-SMC (NP-SBJ *T*-1)
					  (NP-OB1 (D a) (CODE <font>) (N weight)))))
		  (CODE <$$font>)
		  (CODE <bracket>)
		  (NP-PRN (D an)
			  (N iron)
			  (NP-MSR (NUM half) (N cwt.)))
		  (CODE <$$bracket>)
		  (, -)
		  (NP-PRN (D a)
			  (N thing)
			  (RRC (VAN called)
			       (CODE <P_12>)
			       (IP-SMC (NP-SBJ *)
				       (NP-OB1 (D a) (N weight)))
			       (, ,)
			       (PP (P+N because)
				   (CP-ADV (C 0)
					   (IP-SUB (PP (P in)
						       (NP (PRO it)))
						   (NP-SBJ (D the)
							   (N exercise)
							   (PP (P of)
							       (NP (D that)
								   (N power)
								   (PP (P of)
								       (IP-PPL (VAG pressing)
									       (ADVP-DIR (RP+WARD downwards)))))))
						   (BEP is)
						   (ADVP (ADV especially))
						   (VAN used)
						   (PP (P for)
						       (NP (D the)
							   (NS purposes)
							   (PP (P of)
							       (NP (N weighing)))))))))))
	  (. ;))
  (ID FARADAY-1859,12.113))

/~*
You will know at once that it is the centre of gravity - that point in me
where the whole gravitating force of my body is centred, and which I thus
bring in a line over my foot.
(FARADAY-1859,21.203)
*~/
/*
69 VAG:  69 VAG, 70 gravitating, 43 NP-PRN
*/

( (IP-MAT (NP-SBJ (PRO You))
	  (CODE <P_21>)
	  (MD will)
	  (VB know)
	  (PP (P at)
	      (ADVP (ADV once)))
	  (CP-THT (C that)
		  (IP-SUB (NP-SBJ (PRO it))
			  (BEP is)
			  (NP-OB1 (D the)
				  (CODE <font>)
				  (N centre)
				  (PP (P of)
				      (NP (N gravity)))
				  (CODE <$$font>)
				  (, -)
				  (NP-PRN (D that)
					  (N point)
					  (PP (P in)
					      (NP (PRO me)))
					  (CP-REL (CP-REL (WADVP-1 (WADV where))
							  (C 0)
							  (IP-SUB (ADVP-LOC *T*-1)
								  (NP-SBJ (D the)
									  (ADJ whole)
									  (VAG gravitating)
									  (N force)
									  (PP (P of)
									      (NP (PRO$ my) (N body))))
								  (BEP is)
								  (VAN centred)))
						  (, ,)
						  (CONJP (CONJ and)
							 (CP-REL (WNP-2 (WPRO which))
								 (C 0)
								 (IP-SUB (NP-OB1 *T*-2)
									 (NP-SBJ (PRO I))
									 (ADVP (ADV thus))
									 (VBP bring)
									 (PP (P in)
									     (NP (D a) (N line)))
									 (PP (P over)
									     (NP (PRO$ my) (N foot)))))))))))
	  (. .))
  (ID FARADAY-1859,21.203))
/*
FOOTER
  source file, hits/tokens/total
  C:\Users\Shoo\Dropbox\workspace\CorpusSearch_Auto\data\corporas\PPCMBE\temp1492106160469\science_astronomy_geography\faraday-1859.psd	5/4/484
*/
/*
HEADER:
source file:  C:\Users\Shoo\Dropbox\workspace\CorpusSearch_Auto\data\corporas\PPCMBE\temp1492106160469\science_astronomy_geography\herschel-1797.psd
*/

/~*
Returning to the Georgian planet, it was again seen affected with projecting
points. Two opposite ones, that were large and blunt, from preceding to
following; and two others, that were small and less blunt, from north to south.
(HERSCHEL-1797,23.477)
*~/
/*
76 VAG:  76 VAG, 77 preceding, 42 NP-PRN
82 VAG:  82 VAG, 83 following, 42 NP-PRN
*/

( (IP-MAT (IP-PPL (VAG Returning)
		  (PP (P to)
		      (NP (D the) (ADJ Georgian) (N planet))))
	  (, ,)
	  (NP-SBJ-1 (PRO it))
	  (BED was)
	  (ADVP (ADV again))
	  (VAN seen)
	  (IP-SMC (NP-SBJ *-1)
		  (VAN affected)
		  (PP (P with)
		      (NP (VAG projecting)
			  (NS points)
			  (, .)
			  (NP-PRN (NP (NUM Two)
				      (ADJ opposite)
				      (ONES ones)
				      (, ,)
				      (CP-REL (WNP-2 0)
					      (C that)
					      (IP-SUB (NP-SBJ *T*-2)
						      (BED were)
						      (ADJP (ADJ large) (CONJ and) (ADJ blunt))))
				      (, ,)
				      (NP-MSR (PP (P from)
						  (NP (VAG preceding)))
					      (PP (P to)
						  (NP (VAG following)))))
				  (, ;)
				  (CONJP (CONJ and)
					 (NP (NUM two)
					     (OTHERS others)
					     (, ,)
					     (CP-REL (WNP-3 0)
						     (C that)
						     (IP-SUB (NP-SBJ *T*-3)
							     (BED were)
							     (ADJP (ADJP (ADJ small))
								   (CONJP (CONJ and)
									  (ADJP (QR less) (ADJ blunt))))))
					     (, ,)
					     (NP-MSR (PP (P from)
							 (NP (N north)))
						     (PP (P to)
							 (NP (N south))))))))))
	  (. .))
  (ID HERSCHEL-1797,23.477))
/*
FOOTER
  source file, hits/tokens/total
  C:\Users\Shoo\Dropbox\workspace\CorpusSearch_Auto\data\corporas\PPCMBE\temp1492106160469\science_astronomy_geography\herschel-1797.psd	2/1/731
*/
/*
HEADER:
source file:  C:\Users\Shoo\Dropbox\workspace\CorpusSearch_Auto\data\corporas\PPCMBE\temp1492106160469\science_astronomy_geography\lyell-1830.psd
*/
/*
FOOTER
  source file, hits/tokens/total
  C:\Users\Shoo\Dropbox\workspace\CorpusSearch_Auto\data\corporas\PPCMBE\temp1492106160469\science_astronomy_geography\lyell-1830.psd	0/0/303
*/
/*
HEADER:
source file:  C:\Users\Shoo\Dropbox\workspace\CorpusSearch_Auto\data\corporas\PPCMBE\temp1492106160469\science_astronomy_geography\priestley-1769.psd
*/

/~*
The universality of the electric matter, the readiness of its action, its
inflammability, and its activity in giving fire to other bodies, its property
of striking bodies externally and internally, even to their smallest parts,
the remarkable example we have of this effect in the experiment of Leyden, the
idea which we might truly adopt in supposing a greater degree of electric
power, &c. all these points of analogy, which I have been some time meditating,
begin to make me believe, that one might, by taking electricity for the model,
form to ones self, in relation to thunder and lightning, more perfect and more
probable ideas than what have been offered hitherto, &c. "
(PRIESTLEY-1769,163.115)
*~/
/*
241 VAG:  241 VAG, 242 meditating, 205 NP-PRN
*/

( (IP-MAT-SPE (NP-SBJ (NP (NP (D The)
			      (N universality)
			      (PP (P of)
				  (NP (D the) (ADJ electric) (N matter))))
			  (, ,)
			  (CONJP (NP (D the)
				     (N readiness)
				     (PP (P of)
					 (NP (PRO$ its) (N action)))))
			  (, ,)
			  (CONJP (NP (PRO$ its) (N inflammability)))
			  (, ,)
			  (CONJP (CONJ and)
				 (NP (PRO$ its)
				     (N activity)
				     (PP (P in)
					 (IP-PPL-SPE (VAG giving)
						     (NP-OB1 (N fire))
						     (PP (P to)
							 (NP (OTHER other) (NS bodies))))))))
		      (, ,)
		      (CONJP (NP (PRO$ its)
				 (N property)
				 (PP (P of)
				     (IP-PPL-SPE (VAG striking)
						 (NP-OB1 (NS bodies))
						 (ADVP (ADV externally) (CONJ and) (ADV internally))
						 (, ,)
						 (PP (FP even)
						     (P to)
						     (NP (PRO$ their) (ADJS smallest) (NS parts)))))))
		      (, ,)
		      (CONJP (NP (D the)
				 (ADJ remarkable)
				 (N example)
				 (CP-REL-SPE (WNP-1 0)
					     (C 0)
					     (IP-SUB-SPE (NP-OB1 *T*-1)
							 (NP-SBJ (PRO we))
							 (HVP have)))
				 (PP (P of)
				     (NP (D this) (N effect)))
				 (PP (P in)
				     (NP (D the)
					 (N experiment)
					 (PP (P of)
					     (NP (NPR Leyden)))))))
		      (, ,)
		      (CONJP (NP (D the)
				 (N idea)
				 (CP-REL-SPE (WNP-2 (WPRO which))
					     (C 0)
					     (IP-SUB-SPE (NP-OB1 *T*-2)
							 (NP-SBJ (PRO we))
							 (MD might)
							 (ADVP (ADV truly))
							 (VB adopt)
							 (PP (P in)
							     (IP-PPL-SPE (VAG supposing)
									 (NP-OB1 (D a)
										 (ADJR greater)
										 (N degree)
										 (PP (P of)
										     (NP (ADJ electric) (N power) (, ,) (FW &c.))))))))))
		      (NP-PRN (Q all)
			      (D these)
			      (NS points)
			      (PP (P of)
				  (NP (N analogy)))
			      (, ,)
			      (CP-REL-SPE (WNP-3 (WPRO which))
					  (C 0)
					  (IP-SUB-SPE (NP-OB1 *T*-3)
						      (NP-SBJ (PRO I))
						      (HVP have)
						      (BEN been)
						      (NP-MSR (Q some) (N time))
						      (VAG meditating)))))
	      (, ,)
	      (VBP begin)
	      (IP-INF-SPE (TO to)
			  (VB make)
			  (IP-INF-SPE (NP-SBJ (PRO me))
				      (VB believe)
				      (, ,)
				      (CP-THT-SPE (C that)
						  (IP-SUB-SPE (NP-SBJ (ONE one))
							      (MD might)
							      (, ,)
							      (PP (P by)
								  (IP-PPL-SPE (VAG taking)
									      (NP-OB1 (N electricity))
									      (PP (P for)
										  (NP (D the) (N model)))))
							      (, ,)
							      (VB form)
							      (PP (P to)
								  (NP (ONE$ ones)
								      (CODE {COM:sic})
								      (N self)))
							      (, ,)
							      (PP (P in)
								  (NP (N relation)
								      (PP (P to)
									  (NP (N thunder) (CONJ and) (N lightning)))))
							      (, ,)
							      (NP-OB1 (ADJP (ADJP (QR more) (ADJ perfect))
									    (CONJP (CONJ and)
										   (ADJP (QR more) (ADJ probable))))
								      (NS ideas)
								      (PP (P than)
									  (NP (CP-FRL-SPE (WNP-4 (WPRO what))
											  (C 0)
											  (IP-SUB-SPE (NP-SBJ *T*-4)
												      (HVP have)
												      (BEN been)
												      (VAN offered)
												      (PP (ADV+P hitherto)))))))))))
	      (, ,)
	      (FW &c.)
	      (" "))
  (ID PRIESTLEY-1769,163.115))
/*
FOOTER
  source file, hits/tokens/total
  C:\Users\Shoo\Dropbox\workspace\CorpusSearch_Auto\data\corporas\PPCMBE\temp1492106160469\science_astronomy_geography\priestley-1769.psd	1/1/318
*/
/*
HEADER:
source file:  C:\Users\Shoo\Dropbox\workspace\CorpusSearch_Auto\data\corporas\PPCMBE\temp1492106160469\science_astronomy_geography\strutt-1890.psd
*/

/~*
This can be best illustrated by the simplest case, that of an infinitely long
thin circular cylinder vibrating in two dimensions.
(STRUTT-1890,3,319.22)
*~/
/*
51 VAG:  51 VAG, 52 vibrating, 26 NP-PRN
*/

( (IP-MAT (NP-SBJ (D This))
	  (MD can)
	  (BE be)
	  (ADVP (ADVS best))
	  (VAN illustrated)
	  (PP (P by)
	      (NP (D the)
		  (ADJS simplest)
		  (N case)
		  (, ,)
		  (NP-PRN (D that)
			  (PP (P of)
			      (IP-PPL (NP-SBJ (D an)
					      (ADJP (ADV infinitely)
						    (ADJ long)
						    (CONJP (ADJX (ADJ thin)))
						    (CONJP (ADJX (ADJ circular))))
					      (N cylinder))
				      (VAG vibrating)
				      (PP (P in)
					  (NP (NUM two) (NS dimensions))))))))
	  (. .))
  (ID STRUTT-1890,3,319.22))

/~*
There are three kinds of surfaces separating the three materials, one
separating water and oil, another oil and air, and a third surface separating
the water from the air.
(STRUTT-1890,3,353.327)
*~/
/*
35 VAG:  35 VAG, 36 separating, 30 NP-PRN
51 VAG:  51 VAG, 52 *, 30 NP-PRN
73 VAG:  73 VAG, 74 separating, 30 NP-PRN
*/

( (IP-MAT (NP-SBJ-1 (EX There))
	  (BEP are)
	  (NP-1 (NUM three)
		(NS kinds)
		(PP (P of)
		    (NP (NS surfaces)
			(RRC (VAG separating)
			     (NP-OB1 (D the) (NUM three) (NS materials)))))
		(, ,)
		(NP-PRN (NP (ONE one)
			    (RRC (VAG separating)
				 (NP-OB1 (N water) (CONJ and) (N oil))))
			(, ,)
			(CONJP (NP (D+OTHER another)
				   (RRC (VAG *)
					(NP-OB1 (N oil) (CONJ and) (N air)))))
			(, ,)
			(CONJP (CONJ and)
			       (NP (D a)
				   (ADJ third)
				   (N surface)
				   (RRC (VAG separating)
					(NP-OB1 (D the) (N water))
					(PP (P from)
					    (NP (D the) (N air))))))))
	  (. .))
  (ID STRUTT-1890,3,353.327))

/~*
There is another very interesting class of phenomena due to oil films, which I
hope to illustrate, though I am conscious of the difficulty of the task, -
namely, the action of oil in preventing the formation of waves.
(STRUTT-1890,3,356.417)
*~/
/*
111 VAG:  111 VAG, 112 preventing, 92 NP-PRN
*/

( (IP-MAT (NP-SBJ-1 (EX There))
	  (BEP is)
	  (NP-1 (D+OTHER another)
		(ADJP (ADV very) (VAG interesting))
		(N class)
		(PP (P of)
		    (NP (NS phenomena)))
		(ADJP (ADJ due)
		      (PP (P to)
			  (NP (N oil) (NS films))))
		(, ,)
		(CP-REL (WNP-2 (WPRO which))
			(C 0)
			(IP-SUB (NP-SBJ (PRO I))
				(VBP hope)
				(IP-INF (NP-OB1 *T*-2)
					(TO to)
					(VB illustrate))
				(, ,)
				(PP (P though)
				    (CP-ADV (C 0)
					    (IP-SUB (NP-SBJ (PRO I))
						    (BEP am)
						    (ADJP (ADJ conscious)
							  (PP (P of)
							      (NP (D the)
								  (N difficulty)
								  (PP (P of)
								      (NP (D the) (N task)))))))))))
		(, ,)
		(, -)
		(NP-PRN (ADV namely)
			(, ,)
			(D the)
			(N action)
			(PP (P of)
			    (NP (N oil)))
			(PP (P in)
			    (IP-PPL (VAG preventing)
				    (NP-OB1 (D the)
					    (N formation)
					    (PP (P of)
						(NP (NS waves))))))))
	  (. .))
  (ID STRUTT-1890,3,356.417))
/*
FOOTER
  source file, hits/tokens/total
  C:\Users\Shoo\Dropbox\workspace\CorpusSearch_Auto\data\corporas\PPCMBE\temp1492106160469\science_astronomy_geography\strutt-1890.psd	5/3/468
*/
/*
SUMMARY:  
source files, hits/tokens/total
  C:\Users\Shoo\Dropbox\workspace\CorpusSearch_Auto\data\corporas\PPCMBE\temp1492106160469\science_astronomy_geography\albin-1736.psd	0/0/843
  C:\Users\Shoo\Dropbox\workspace\CorpusSearch_Auto\data\corporas\PPCMBE\temp1492106160469\science_astronomy_geography\faraday-1859.psd	5/4/484
  C:\Users\Shoo\Dropbox\workspace\CorpusSearch_Auto\data\corporas\PPCMBE\temp1492106160469\science_astronomy_geography\herschel-1797.psd	2/1/731
  C:\Users\Shoo\Dropbox\workspace\CorpusSearch_Auto\data\corporas\PPCMBE\temp1492106160469\science_astronomy_geography\lyell-1830.psd	0/0/303
  C:\Users\Shoo\Dropbox\workspace\CorpusSearch_Auto\data\corporas\PPCMBE\temp1492106160469\science_astronomy_geography\priestley-1769.psd	1/1/318
  C:\Users\Shoo\Dropbox\workspace\CorpusSearch_Auto\data\corporas\PPCMBE\temp1492106160469\science_astronomy_geography\strutt-1890.psd	5/3/468
whole search, hits/tokens/total
		13/9/3147
*/
