/*
PREFACE:  
Copyright 2010 Beth Randall
Date:  Thu Apr 13 18:48:59 BST 2017

command file:     data\searches\queries\YCOE\progressive_forms_in_adjective_phrases_appositive.q
output file:      C:\Users\Shoo\Dropbox\workspace\CorpusSearch_Auto\data\output\13-04-2017 18.46.36.333 YCOE\progressive_forms_in_adjective_phrases_appositive\prefaces_epilogues_nonprivate_and_private_letters\result.out

node:   ADJP-PRN*|AXG*|BAG*|HAG*|VAG*
query:  (AXG*|BAG*|HAG*|VAG* Dominates  !AXG*|BAG*|HAG*|VAG*) 
  AND  (ADJP-PRN* Dominates  AXG*|BAG*|HAG*|VAG*) 
*/
/*
HEADER:
source file:  C:\Users\Shoo\Dropbox\workspace\CorpusSearch_Auto\data\corporas\YCOE\temp1492105600559\prefaces_epilogues_nonprivate_and_private_letters\coepigen.o3.psd
*/
/*
FOOTER
  source file, hits/tokens/total
  C:\Users\Shoo\Dropbox\workspace\CorpusSearch_Auto\data\corporas\YCOE\temp1492105600559\prefaces_epilogues_nonprivate_and_private_letters\coepigen.o3.psd	0/0/68
*/
/*
HEADER:
source file:  C:\Users\Shoo\Dropbox\workspace\CorpusSearch_Auto\data\corporas\YCOE\temp1492105600559\prefaces_epilogues_nonprivate_and_private_letters\coprefcath1.o3.psd
*/
/*
FOOTER
  source file, hits/tokens/total
  C:\Users\Shoo\Dropbox\workspace\CorpusSearch_Auto\data\corporas\YCOE\temp1492105600559\prefaces_epilogues_nonprivate_and_private_letters\coprefcath1.o3.psd	0/0/58
*/
/*
HEADER:
source file:  C:\Users\Shoo\Dropbox\workspace\CorpusSearch_Auto\data\corporas\YCOE\temp1492105600559\prefaces_epilogues_nonprivate_and_private_letters\coprefcath2.o3.psd
*/
/*
FOOTER
  source file, hits/tokens/total
  C:\Users\Shoo\Dropbox\workspace\CorpusSearch_Auto\data\corporas\YCOE\temp1492105600559\prefaces_epilogues_nonprivate_and_private_letters\coprefcath2.o3.psd	0/0/17
*/
/*
HEADER:
source file:  C:\Users\Shoo\Dropbox\workspace\CorpusSearch_Auto\data\corporas\YCOE\temp1492105600559\prefaces_epilogues_nonprivate_and_private_letters\coprefcura.o2.psd
*/
/*
FOOTER
  source file, hits/tokens/total
  C:\Users\Shoo\Dropbox\workspace\CorpusSearch_Auto\data\corporas\YCOE\temp1492105600559\prefaces_epilogues_nonprivate_and_private_letters\coprefcura.o2.psd	0/0/37
*/
/*
HEADER:
source file:  C:\Users\Shoo\Dropbox\workspace\CorpusSearch_Auto\data\corporas\YCOE\temp1492105600559\prefaces_epilogues_nonprivate_and_private_letters\coprefgen.o3.psd
*/
/*
FOOTER
  source file, hits/tokens/total
  C:\Users\Shoo\Dropbox\workspace\CorpusSearch_Auto\data\corporas\YCOE\temp1492105600559\prefaces_epilogues_nonprivate_and_private_letters\coprefgen.o3.psd	0/0/79
*/
/*
HEADER:
source file:  C:\Users\Shoo\Dropbox\workspace\CorpusSearch_Auto\data\corporas\YCOE\temp1492105600559\prefaces_epilogues_nonprivate_and_private_letters\copreflives.o3.psd
*/
/*
FOOTER
  source file, hits/tokens/total
  C:\Users\Shoo\Dropbox\workspace\CorpusSearch_Auto\data\corporas\YCOE\temp1492105600559\prefaces_epilogues_nonprivate_and_private_letters\copreflives.o3.psd	0/0/22
*/
/*
HEADER:
source file:  C:\Users\Shoo\Dropbox\workspace\CorpusSearch_Auto\data\corporas\YCOE\temp1492105600559\prefaces_epilogues_nonprivate_and_private_letters\coprefsolilo.psd
*/
/*
FOOTER
  source file, hits/tokens/total
  C:\Users\Shoo\Dropbox\workspace\CorpusSearch_Auto\data\corporas\YCOE\temp1492105600559\prefaces_epilogues_nonprivate_and_private_letters\coprefsolilo.psd	0/0/14
*/
/*
SUMMARY:  
source files, hits/tokens/total
  C:\Users\Shoo\Dropbox\workspace\CorpusSearch_Auto\data\corporas\YCOE\temp1492105600559\prefaces_epilogues_nonprivate_and_private_letters\coepigen.o3.psd	0/0/68
  C:\Users\Shoo\Dropbox\workspace\CorpusSearch_Auto\data\corporas\YCOE\temp1492105600559\prefaces_epilogues_nonprivate_and_private_letters\coprefcath1.o3.psd	0/0/58
  C:\Users\Shoo\Dropbox\workspace\CorpusSearch_Auto\data\corporas\YCOE\temp1492105600559\prefaces_epilogues_nonprivate_and_private_letters\coprefcath2.o3.psd	0/0/17
  C:\Users\Shoo\Dropbox\workspace\CorpusSearch_Auto\data\corporas\YCOE\temp1492105600559\prefaces_epilogues_nonprivate_and_private_letters\coprefcura.o2.psd	0/0/37
  C:\Users\Shoo\Dropbox\workspace\CorpusSearch_Auto\data\corporas\YCOE\temp1492105600559\prefaces_epilogues_nonprivate_and_private_letters\coprefgen.o3.psd	0/0/79
  C:\Users\Shoo\Dropbox\workspace\CorpusSearch_Auto\data\corporas\YCOE\temp1492105600559\prefaces_epilogues_nonprivate_and_private_letters\copreflives.o3.psd	0/0/22
  C:\Users\Shoo\Dropbox\workspace\CorpusSearch_Auto\data\corporas\YCOE\temp1492105600559\prefaces_epilogues_nonprivate_and_private_letters\coprefsolilo.psd	0/0/14
whole search, hits/tokens/total
		0/0/295
*/
