/*
PREFACE:  
Copyright 2010 Beth Randall
Date:  Thu Apr 13 18:48:19 BST 2017

command file:     data\searches\queries\YCOE\progressive_forms.q
output file:      C:\Users\Shoo\Dropbox\workspace\CorpusSearch_Auto\data\output\13-04-2017 18.46.36.333 YCOE\progressive_forms\science_astronomy_geography\result.out

node:   AXG*|BAG*|HAG*|VAG*
query:  (AXG*|BAG*|HAG*|VAG* Dominates  !AXG*|BAG*|HAG*|VAG*) 
*/
/*
HEADER:
source file:  C:\Users\Shoo\Dropbox\workspace\CorpusSearch_Auto\data\corporas\YCOE\temp1492105600559\science_astronomy_geography\cobyrhtf.o3.psd
*/

/~*
Butan +tissum +tingum +te we sprecende synt, synt geswutelunga and
gehwylcnyssa and twelf winda naman,
(cobyrhtf,ByrM_1_[Baker-Lapidge]:1.1.117.81)
*~/
/*
23 VAG:  23 VAG, 24 sprecende
*/
( (CODE <T22710006300,1.1.117>)
  (IP-MAT (PP (P Butan)
	      (NP-DAT (D^D +tissum)
		      (N^D +tingum)
		      (CP-REL (WNP-1 0)
			      (C +te)
			      (IP-SUB (NP *T*-1)
				      (NP-NOM (PRO^N we))
				      (VAG sprecende)
				      (BEPI synt)))))
	  (, ,)
	  (BEPI synt)
	  (NP-NOM (NP-NOM (N^N geswutelunga))
		  (CONJP (CONJ and)
			 (NP-NOM (N^N gehwylcnyssa)))
		  (CONJP (CONJ and)
			 (NP-NOM (NP-GEN (NUM twelf) (N^G winda))
				 (N^N naman))))
	  (. ,))
  (ID cobyrhtf,ByrM_1_[Baker-Lapidge]:1.1.117.81))

/~*
+Tas +ting we gemetton on Ramesige +turh Godes miltsigendan gife.
(cobyrhtf,ByrM_1_[Baker-Lapidge]:1.1.157.119)
*~/
/*
27 VAG:  27 VAG, 28 miltsigendan
*/

( (CODE <T22710008500,1.1.157>)
  (IP-MAT (NP-ACC (D^A +Tas) (N^A +ting))
	  (NP-NOM (PRO^N we))
	  (VBDI gemetton)
	  (PP (P on)
	      (NP-DAT (NR^D Ramesige)))
	  (PP (P +turh)
	      (NP (NP-GEN (NR^G Godes))
		  (VAG miltsigendan)
		  (N gife)))
	  (. .))
  (ID cobyrhtf,ByrM_1_[Baker-Lapidge]:1.1.157.119))

/~*
and synt eac to asmuganne mid scrutniendre scrutnunge, for+don na +t+at an
+t+at man sceal findan +ta concurrentes, ac toeacan man sceal gemetan +ta
rihtinga +t+ara daga and eac +t+as monan.
(cobyrhtf,ByrM_1_[Baker-Lapidge]:1.2.112.222)
*~/
/*
22 VAG^D:  22 VAG^D, 23 scrutniendre
*/

( (IP-MAT (CONJ and)
	  (NP-NOM-1 *con*)
	  (BEPI synt)
	  (ADVP (ADV eac))
	  (IP-INF (NP *-1)
		  (TO to)
		  (VB^D asmuganne)
		  (PP (P mid)
		      (NP-DAT (VAG^D scrutniendre) (N^D scrutnunge))))
	  (, ,)
	  (CP-ADV (P for+don)
		  (C 0)
		  (IP-SUB (IP-SUB (ADVP (NEG+ADV na) (D +t+at) (NUM an) (C +t+at))
				  (NP-NOM (MAN^N man))
				  (MDPI sceal)
				  (VB findan)
				  (NP-ACC (D^A +ta) (FW concurrentes)))
			  (, ,)
			  (CONJP (CONJ ac)
				 (IP-SUB-CON (ADVP (ADV toeacan))
					     (NP-NOM (MAN^N man))
					     (MDPI sceal)
					     (VB gemetan)
					     (NP-ACC (D^A +ta)
						     (N^A rihtinga)
						     (NP-GEN (NP-GEN (D^G +t+ara) (N^G daga))
							     (CONJP (CONJ and)
								    (ADV eac)
								    (NP-GEN (D^G +t+as) (N^G monan)))))))))
	  (. .))
  (ID cobyrhtf,ByrM_1_[Baker-Lapidge]:1.2.112.222))

/~*
We cwe+da+d openlice +ta tod+alednyssa +t+as seofonfealdan get+ales on +t+at
gerad +t+at we magon, Criste miltsigendum, +te ea+d gesundfullice ingan to
+tam +tingum +te we ymbe spreca+d.
(cobyrhtf,ByrM_1_[Baker-Lapidge]:1.2.119.226)
*~/
/*
47 VAG^D:  47 VAG^D, 48 miltsigendum
*/

( (CODE <T22710017200,1.2.119>)
  (IP-MAT (NP-NOM (PRO^N We))
	  (VBPI cwe+da+d)
	  (ADVP (ADV openlice))
	  (NP-ACC (D^A +ta)
		  (N^A tod+alednyssa)
		  (NP-GEN (D^G +t+as) (ADJ^G seofonfealdan) (N^G get+ales)))
	  (PP (P on)
	      (NP-ACC (D^A +t+at)
		      (N^A gerad)
		      (CP-THT (C +t+at)
			      (IP-SUB (NP-NOM (PRO^N we))
				      (MDPI magon)
				      (, ,)
				      (PTP-DAT-ABS (NP-DAT-SBJ (NR^D Criste))
						   (VAG^D miltsigendum))
				      (, ,)
				      (ADVP (D^I +te) (ADVR ea+d))
				      (ADVP (ADV gesundfullice))
				      (RP+VB ingan)
				      (PP (P to)
					  (NP-DAT (D^D +tam)
						  (N^D +tingum)
						  (CP-REL (WNP-1 0)
							  (C +te)
							  (IP-SUB (NP-NOM (PRO^N we))
								  (PP (P ymbe)
								      (NP *T*-1))
								  (VBPI spreca+d)))))))))
	  (. .))
  (ID cobyrhtf,ByrM_1_[Baker-Lapidge]:1.2.119.226))

/~*
Vton nu aginnan in to farenne to +tisses wingeardes weorce mid wynsumum fotum,
for+don we sitta+d ymb +tam wege w+adligende mid Timeus sunu.
(cobyrhtf,ByrM_1_[Baker-Lapidge]:1.2.161.267)
*~/
/*
59 VAG^N:  59 VAG^N, 60 w+adligende
*/

( (CODE <T22710019600,1.2.161>)
  (IP-MAT (UTP Vton)
	  (ADVP-TMP (ADV^T nu))
	  (VB aginnan)
	  (IP-INF (RP in)
		  (TO to)
		  (VB^D farenne)
		  (PP (P to)
		      (NP-DAT (NP-GEN (D^G +tisses) (N^G wingeardes))
			      (N^D weorce)))
		  (PP (P mid)
		      (NP-DAT (ADJ^D wynsumum) (N^D fotum))))
	  (, ,)
	  (CP-ADV (P for+don)
		  (C 0)
		  (IP-SUB (NP-NOM (PRO^N we))
			  (VBPI sitta+d)
			  (PP (P ymb)
			      (NP-DAT (D^D +tam) (N^D wege)))
			  (PTP-NOM (VAG^N w+adligende))
			  (PP (P mid)
			      (NP-ACC (NP-GEN (NR^G Timeus))
				      (N^A sunu)))))
	  (. .))
  (ID cobyrhtf,ByrM_1_[Baker-Lapidge]:1.2.161.267))

/~*
Vs com nu to mode hu se arwur+da abbud Dionisius iu gefyrn ymbe +tisne
wundorlican bissextum w+as sprecende.
(cobyrhtf,ByrM_1_[Baker-Lapidge]:2.1.73.633)
*~/
/*
57 VAG:  57 VAG, 58 sprecende
*/

( (CODE <T22710045600,2.1.73>)
  (IP-MAT (NP-NOM-x *exp*)
	  (NP (PRO Vs))
	  (VBDI com)
	  (ADVP-TMP (ADV^T nu))
	  (PP (P to)
	      (NP-DAT (N^D mode)))
	  (CP-QUE-x (WADVP-1 (WADV hu))
		    (C 0)
		    (IP-SUB (ADVP *T*-1)
			    (NP-NOM (D^N se)
				    (ADJ^N arwur+da)
				    (N^N abbud)
				    (NP-NOM-PRN (NR^N Dionisius)))
			    (ADVP-TMP (ADV^T iu))
			    (ADVP-TMP (ADV^T gefyrn))
			    (PP (P ymbe)
				(NP-ACC (D^A +tisne) (ADJ^A wundorlican) (FW bissextum)))
			    (BEDI w+as)
			    (VAG sprecende)))
	  (. .))
  (ID cobyrhtf,ByrM_1_[Baker-Lapidge]:2.1.73.633))

/~*
+Tas fif dagas beo+d +ta rihtinga +te we gyfa+d Martio, +tus cwe+dende:
(cobyrhtf,ByrM_1_[Baker-Lapidge]:2.1.81.637)
*~/
/*
40 VAG^N:  40 VAG^N, 41 cwe+dende
*/

( (CODE <T22710045900,2.1.81>)
  (IP-MAT (NP-NOM (D^N +Tas) (NUM fif) (N^N dagas))
	  (BEPI beo+d)
	  (NP-NOM-PRD (D^N +ta)
		      (N^N rihtinga)
		      (CP-REL (WNP-1 0)
			      (C +te)
			      (IP-SUB (NP *T*-1)
				      (NP-NOM (PRO^N we))
				      (VBPI gyfa+d)
				      (NP-DAT (NR^D Martio))
				      (, ,)
				      (PTP-NOM (ADVP (ADV +tus))
					       (VAG^N cwe+dende)))))
	  (. :))
  (ID cobyrhtf,ByrM_1_[Baker-Lapidge]:2.1.81.637))

/~*
+T+at ys eac to gemunanne +tam +te +tas +ting +teng+d to asmeagenne +te we
ymbe syn ma+deligende, $+t+at se bissextus his cynestol gesytt on +tam forman
VI kalendas Martii, and on +tam +aftran VI kalendas man sceal healdan Sanctus
Mathias m+assed+ages freols.
(cobyrhtf,ByrM_1_[Baker-Lapidge]:2.1.116.662)
*~/
/*
64 VAG:  64 VAG, 65 ma+deligende
*/

( (CODE <T22710047200,2.1.116>)
  (IP-MAT (NP-NOM-2 (D^N +T+at)
		    (CP-THT-PRN *ICH*-1))
	  (BEPI ys)
	  (ADVP (ADV eac))
	  (IP-INF (NP *-2)
		  (TO to)
		  (VB^D gemunanne))
	  (NP-DAT (D^D +tam)
		  (CP-REL (WNP-NOM-3 0)
			  (C +te)
			  (IP-SUB (NP-NOM *T*-3)
				  (NP-ACC-4 (D^A +tas)
					    (N^A +ting)
					    (CP-REL *ICH*-5))
				  (VBPI +teng+d)
				  (IP-INF (NP-ACC *ICH*-4)
					  (TO to)
					  (VB^D asmeagenne))
				  (CP-REL-5 (WNP-6 0)
					    (C +te)
					    (IP-SUB (NP-NOM (PRO^N we))
						    (PP (NP *T*-6)
							(P ymbe))
						    (BEPS syn)
						    (VAG ma+deligende))))))
	  (, ,)
	  (CP-THT-PRN-1 (C $+t+at)
			(IP-SUB (IP-SUB (NP-NOM (D^N se) (FW bissextus))
					(NP-ACC (PRO$ his) (N^A cynestol))
					(VBPI gesytt)
					(PP (P on)
					    (NP-DAT (D^D +tam) (ADJ^D forman) (NUM VI) (FW kalendas) (FW Martii))))
				(, ,)
				(CONJP (CONJ and)
				       (IP-SUB-CON (PP (P on)
						       (NP-DAT (D^D +tam) (ADJR^D +aftran) (NUM VI) (FW kalendas)))
						   (NP-NOM (MAN^N man))
						   (MDPI sceal)
						   (VB healdan)
						   (NP-ACC (NP-GEN (NP-GEN (NR Sanctus) (NR^G Mathias))
								   (N^G m+assed+ages))
							   (N^A freols))))))
	  (. .))
  (ID cobyrhtf,ByrM_1_[Baker-Lapidge]:2.1.116.662))

/~*
+T+at ys wislice to witanne +t+at bissextus, +te we ymbe synd sprecende, +t+at
he gebyra+d +ag+der ge to +t+are sunnan ryne ge to +t+as monan.
(cobyrhtf,ByrM_1_[Baker-Lapidge]:2.1.131.667)
*~/
/*
46 VAG:  46 VAG, 47 sprecende
*/

( (CODE <T22710047700,2.1.131>)
  (IP-MAT (NP-NOM-2 (D^N +T+at)
		    (CP-THT-PRN *ICH*-1))
	  (BEPI ys)
	  (ADVP (ADV wislice))
	  (IP-INF (NP *-2)
		  (TO to)
		  (VB^D witanne))
	  (CP-THT-PRN-1 (C +t+at)
			(CP-THT (NP-LFD-4 (FW bissextus)
					  (, ,)
					  (CP-REL (WNP-3 0)
						  (C +te)
						  (IP-SUB (NP-NOM (PRO^N we))
							  (PP (NP *T*-3)
							      (P ymbe))
							  (BEPI synd)
							  (VAG sprecende))))
				(, ,)
				(C +t+at)
				(IP-SUB (NP-LFD *ICH*-4)
					(NP-NOM-RSP (PRO^N he))
					(VBPI gebyra+d)
					(PP (CONJ +ag+der)
					    (CONJ ge)
					    (PP (P to)
						(NP (NP-GEN (D^G +t+are) (N^G sunnan))
						    (N ryne)))
					    (CONJP (CONJ ge)
						   (PP (P to)
						       (NP (NP-GEN (D^G +t+as) (N^G monan)))))))))
	  (. .))
  (ID cobyrhtf,ByrM_1_[Baker-Lapidge]:2.1.131.667))

/~*
So+dlice gif man forwyrn+d +tam worigendan monan $his quadrans, +t+at ys lunam
XXX, +t+anne by+d mycel gedwyld on +tam Easterlican termene;
(cobyrhtf,ByrM_1_[Baker-Lapidge]:2.1.133.668)
*~/
/*
21 VAG^D:  21 VAG^D, 22 worigendan
*/

( (CODE <T22710047800,2.1.133>)
  (IP-MAT (ADVP (ADV So+dlice))
	  (CP-ADV (P gif)
		  (C 0)
		  (IP-SUB (NP-NOM (MAN^N man))
			  (VBPI forwyrn+d)
			  (NP-DAT (D^D +tam) (VAG^D worigendan) (N^D monan))
			  (NP (PRO$ $his)
			      (FW quadrans)
			      (, ,)
			      (IP-MAT-PRN (NP-NOM (D^N +t+at))
					  (BEPI ys)
					  (XP (NP (FW lunam) (FW XXX)))))))
	  (, ,)
	  (ADVP-TMP (ADV^T +t+anne))
	  (BEPI by+d)
	  (NP-NOM (Q^N mycel) (N^N gedwyld))
	  (PP (P on)
	      (NP-DAT (D^D +tam) (ADJ^D Easterlican) (N^D termene)))
	  (. ;))
  (ID cobyrhtf,ByrM_1_[Baker-Lapidge]:2.1.133.668))

/~*
Hu mihte hyt beon, la wynsuma leornere, +t+at binnan nigontyne wintrum wurde
an d+ag gelytlod of +t+as monan ylde, gyf +t+at ne dyde +t+as monan $swyftnys
lytlum and lytlum +turh +ta nigontyne gear yrnende and +t+ane saltus wyrcende?
(cobyrhtf,ByrM_1_[Baker-Lapidge]:2.1.165.680)
*~/
/*
100 VAG^N:  100 VAG^N, 101 yrnende
111 VAG^N:  111 VAG^N, 112 wyrcende
*/

( (CODE <T22710048800,2.1.165>)
  (CP-QUE (WADVP (WADV Hu))
	  (IP-SUB (MDD mihte)
		  (NP-NOM-x (PRO^N hyt))
		  (BE beon)
		  (, ,)
		  (INTJ la)
		  (NP-NOM-VOC (ADJ^N wynsuma) (N^N leornere))
		  (, ,)
		  (CP-THT-x (C +t+at)
			    (IP-SUB (PP (P binnan)
					(NP-DAT (NUM nigontyne) (N^D wintrum)))
				    (BEDS wurde)
				    (NP-NOM (NUM^N an) (N^N d+ag))
				    (VBN gelytlod)
				    (PP (P of)
					(NP (NP-GEN (D^G +t+as) (N^G monan))
					    (N ylde)))
				    (, ,)
				    (CP-ADV (P gyf)
					    (C 0)
					    (IP-SUB (NP-ACC (D^A +t+at))
						    (NEG ne)
						    (VBD dyde)
						    (NP-NOM (NP-GEN (D^G +t+as) (N^G monan))
							    (N^N $swyftnys))
						    (QP-DAT-ADT (Q^D lytlum) (CONJ and) (Q^D lytlum))
						    (PTP-NOM (PP (P +turh)
								 (NP-ACC (D^A +ta) (NUM nigontyne) (N^A gear)))
							     (PTP-NOM (VAG^N yrnende))
							     (CONJP (CONJ and)
								    (PTP-NOM (NP-ACC (D^A +t+ane) (FW saltus))
									     (VAG^N wyrcende)))))))))
	  (. ?))
  (ID cobyrhtf,ByrM_1_[Baker-Lapidge]:2.1.165.680))

/~*
On +tam fiftan d+age, +t+at ys on XI kalendas, he gescop eall wyrmcynn and
creopende and fleogende and swymmende and slincgende and +ta myclan hw+alas
and +ta lytlan sprottas and eall fisckynn on myslicum and m+anigfealdum hiwum.
(cobyrhtf,ByrM_1_[Baker-Lapidge]:2.1.272.765)
*~/
/*
48 VAG^A:  48 VAG^A, 49 creopende
54 VAG^A:  54 VAG^A, 55 fleogende
60 VAG^A:  60 VAG^A, 61 swymmende
66 VAG^A:  66 VAG^A, 67 slincgende
*/

( (CODE <T22710054200,2.1.272>)
  (IP-MAT (PP (P On)
	      (NP-DAT (D^D +tam)
		      (ADJ^D fiftan)
		      (N^D d+age)
		      (, ,)
		      (IP-MAT-PRN (NP-NOM (D^N +t+at))
				  (BEPI ys)
				  (XP (PP (P on)
					  (NP (FW XI) (FW kalendas)))))))
	  (, ,)
	  (NP-NOM (PRO^N he))
	  (VBDI gescop)
	  (NP-ACC (NP-ACC (Q^A eall)
			  (N^A wyrmcynn)
			  (CONJP (CONJ and)
				 (NX-ACC (VAG^A creopende)))
			  (CONJP (CONJ and)
				 (NX-ACC (VAG^A fleogende)))
			  (CONJP (CONJ and)
				 (NX-ACC (VAG^A swymmende)))
			  (CONJP (CONJ and)
				 (NX-ACC (VAG^A slincgende)))
			  (CONJP (CONJ and)
				 (NX-ACC (D^A +ta) (Q^A myclan) (N^A hw+alas)))
			  (CONJP (CONJ and)
				 (NX-ACC (D^A +ta) (Q^A lytlan) (N^A sprottas))))
		  (CONJP (CONJ and)
			 (NP-ACC (Q^A eall)
				 (N^A fisckynn)
				 (PP (P on)
				     (NP-DAT (ADJP-DAT (ADJ^D myslicum) (CONJ and) (ADJ^D m+anigfealdum))
					     (N^D hiwum))))))
	  (. .))
  (ID cobyrhtf,ByrM_1_[Baker-Lapidge]:2.1.272.765))
/*
FOOTER
  source file, hits/tokens/total
  C:\Users\Shoo\Dropbox\workspace\CorpusSearch_Auto\data\corporas\YCOE\temp1492105600559\science_astronomy_geography\cobyrhtf.o3.psd	16/12/813
*/
/*
HEADER:
source file:  C:\Users\Shoo\Dropbox\workspace\CorpusSearch_Auto\data\corporas\YCOE\temp1492105600559\science_astronomy_geography\comarvel.o23.psd
*/

/~*
Hi beo+d to +tam swifte +t+at +da men wena+d +t+at hi fleogende syn.
(comarvel,Marv:9.9.61)
*~/
/*
36 VAG:  36 VAG, 37 fleogende
*/

( (CODE <T23010005000,9.9>)
  (IP-MAT (NP-NOM (PRO^N Hi))
	  (BEPI beo+d)
	  (ADJP-NOM-PRD (PP (P to)
			    (NP-DAT (D^D +tam)))
			(ADJ^N swifte)
			(CP-DEG (C +t+at)
				(IP-SUB (NP-NOM (D^N +da) (N^N men))
					(VBPI wena+d)
					(CP-THT (C +t+at)
						(IP-SUB (NP-NOM (PRO^N hi))
							(VAG fleogende)
							(BEPS syn))))))
	  (. .))
  (ID comarvel,Marv:9.9.61))

/~*
Gif hi hwylcne man on +dam landum ongita+d $o+d+de $geseo+t o+d+de him hwylc
folligende bi+d, +tonne feorria+d hi & fleo+d,
(comarvel,Marv:12.3.73)
*~/
/*
44 VAG:  44 VAG, 45 folligende
*/

( (CODE <T23010005800,12.3>)
  (IP-MAT (CP-ADV (P Gif)
		  (C 0)
		  (IP-SUB (IP-SUB (NP-NOM (PRO^N hi))
				  (NP-ACC (Q^A hwylcne) (N^A man))
				  (PP (P on)
				      (NP-DAT (D^D +dam) (N^D landum)))
				  (VBPI (VBPI ongita+d) (CONJ $o+d+de) (VBPI $geseo+t)))
			  (CONJP (CONJ o+d+de)
				 (IP-SUB-CON (NP-DAT (PRO^D him))
					     (NP-NOM (Q^N hwylc))
					     (VAG folligende)
					     (BEPI bi+d)))))
	  (, ,)
	  (ADVP-TMP (ADV^T +tonne))
	  (VBPI (VBPI feorria+d)
		(CONJP *ICH*-1))
	  (NP-NOM (PRO^N hi))
	  (CONJP-1 (CONJ &) (VBPI fleo+d))
	  (. ,))
  (ID comarvel,Marv:12.3.73))

/~*
+Ta he hi lifiende gefon ne mihte, +ta acwealde he hi for +dam hi syndon
+awisce on lichoman & unweor+de.
(comarvel,Marv:27.4.139)
*~/
/*
16 VAG^A:  16 VAG^A, 17 lifiende
*/

( (CODE <T23010010600,27.4>)
  (IP-MAT (CP-ADV (P +Ta)
		  (C 0)
		  (IP-SUB (NP-NOM (PRO^N he))
			  (NP-ACC (PRO^A hi) (VAG^A lifiende))
			  (VB gefon)
			  (NEG ne)
			  (MDD mihte)))
	  (, ,)
	  (ADVP-TMP (ADV^T +ta))
	  (VBD acwealde)
	  (NP-NOM (PRO^N he))
	  (NP-ACC (PRO^A hi))
	  (CP-ADV (P for)
		  (D^D +dam)
		  (C 0)
		  (IP-SUB (NP-NOM (PRO^N hi))
			  (BEPI syndon)
			  (ADJP-NOM-PRD (ADJ^N +awisce)
					(CONJP *ICH*-1))
			  (PP (P on)
			      (NP (N lichoman)))
			  (CONJP-1 (CONJ &) (ADJ^N unweor+de))))
	  (. .))
  (ID comarvel,Marv:27.4.139))

/~*
Se macedonisca Alexander, +ta +da he him to com, +ta w+as he wundriende hyra
menniscnysse,
(comarvel,Marv:30.2.149)
*~/
/*
42 VAG:  42 VAG, 43 wundriende
*/

( (CODE <T23010011300,30.2>)
  (IP-MAT (NP-NOM-LFD (D^N Se) (ADJ^N macedonisca) (NR^N Alexander))
	  (, ,)
	  (CP-ADV (ADV^T +ta)
		  (P +da)
		  (C 0)
		  (IP-SUB (NP-NOM (PRO^N he))
			  (PP (NP-DAT (PRO^D him))
			      (P to))
			  (VBDI com)))
	  (, ,)
	  (ADVP-TMP (ADV^T +ta))
	  (BEDI w+as)
	  (NP-NOM-RSP (PRO^N he))
	  (VAG wundriende)
	  (NP (PRO$ hyra) (N menniscnysse))
	  (. ,))
  (ID comarvel,Marv:30.2.149))

/~*
& n+anig o+der man to +dam mannum geferan mag for +dam +te seo dun by+d eall
byrnende.
(comarvel,Marv:36.1.163)
*~/
/*
41 VAG:  41 VAG, 42 byrnende
*/

( (IP-MAT (CONJ &)
	  (NP-NOM (NEG+Q^N n+anig) (ADJ^N o+der) (N^N man))
	  (PP (P to)
	      (NP-DAT (D^D +dam) (N^D mannum)))
	  (VB geferan)
	  (MDPI mag)
	  (CP-ADV (P for)
		  (D^D +dam)
		  (C +te)
		  (IP-SUB (NP-NOM (D^N seo) (N^N dun))
			  (BEPI by+d)
			  (QP (Q eall))
			  (VAG byrnende)))
	  (. .))
  (ID comarvel,Marv:36.1.163))
/*
FOOTER
  source file, hits/tokens/total
  C:\Users\Shoo\Dropbox\workspace\CorpusSearch_Auto\data\corporas\YCOE\temp1492105600559\science_astronomy_geography\comarvel.o23.psd	5/5/163
*/
/*
HEADER:
source file:  C:\Users\Shoo\Dropbox\workspace\CorpusSearch_Auto\data\corporas\YCOE\temp1492105600559\science_astronomy_geography\cotempo.o3.psd
*/

/~*
+Afre heo bi+d yrnende ymbe +das eor+dan,
(cotempo,+ATemp:1.19.34)
*~/
/*
12 VAG:  12 VAG, 13 yrnende
*/

( (CODE <T03990002200,1.19>)
  (IP-MAT (ADVP-TMP (ADV^T +Afre))
	  (NP-NOM (PRO^N heo))
	  (BEPI bi+d)
	  (VAG yrnende)
	  (PP (P ymbe)
	      (NP-ACC (D^A +das) (N^A eor+dan)))
	  (. ,))
  (ID cotempo,+ATemp:1.19.34))

/~*
Seo is weaxende +turh acennedum cildum, & wanigende +turh for+dfarendum.
(cotempo,+ATemp:1.36.65)
*~/
/*
10 VAG:  10 VAG, 11 weaxende
26 VAG:  26 VAG, 27 wanigende
*/

( (CODE <T03990003900,1.36>)
  (IP-MAT (IP-MAT-0 (NP-NOM (D^N Seo))
		    (BEPI is)
		    (VAG weaxende)
		    (PP (P +turh)
			(NP-DAT (VBN^D acennedum) (N^D cildum))))
	  (, ,)
	  (CONJP (CONJ &)
		 (IPX-MAT=0 (VAG wanigende)
			    (PP (P +turh)
				(NP-DAT (RP+VAG^D for+dfarendum)))))
	  (. .))
  (ID cotempo,+ATemp:1.36.65))

/~*
+t+at so+de leoht com +te onliht +alcne mannan cumendne to +disum middanearde.
(cotempo,+ATemp:1.38.69)
*~/
/*
29 VAG^A:  29 VAG^A, 30 cumendne
*/

( (IP-MAT (NP-NOM (D^N +t+at)
		  (ADJ^N so+de)
		  (N^N leoht)
		  (CP-REL *ICH*-1))
	  (VBDI com)
	  (CP-REL-1 (WNP-NOM-2 0)
		    (C +te)
		    (IP-SUB (NP-NOM *T*-2)
			    (RP+VBPI onliht)
			    (NP-ACC (Q^A +alcne)
				    (N^A mannan)
				    (PTP-ACC (VAG^A cumendne)
					     (PP (P to)
						 (NP-DAT (D^D +disum) (N^D middanearde)))))))
	  (. .))
  (ID cotempo,+ATemp:1.38.69))

/~*
+D+as ylcan d+ages he gesette +done monan fulne on +afnunge, on eastd+ale mid
scinendum steorrum samod, on +d+as h+arfestlican emnihtes ryne,
(cotempo,+ATemp:2.3.76)
*~/
/*
41 VAG^D:  41 VAG^D, 42 scinendum
*/

( (CODE <T03990004600,2.3>)
  (IP-MAT (NP-GEN-TMP (D^G +D+as) (ADJ^G ylcan) (N^G d+ages))
	  (NP-NOM (PRO^N he))
	  (VBD gesette)
	  (NP-ACC (D^A +done) (N^A monan) (ADJ^A fulne))
	  (PP (P on)
	      (NP (N +afnunge)))
	  (, ,)
	  (PP (P on)
	      (NP-DAT (N^D eastd+ale)))
	  (PP (P mid)
	      (NP-DAT (VAG^D scinendum) (N^D steorrum)))
	  (ADVP (ADV samod))
	  (, ,)
	  (PP (P on)
	      (NP (NP-GEN (D^G +d+as) (ADJ^G h+arfestlican) (N^G emnihtes))
		  (N ryne)))
	  (. ,))
  (ID cotempo,+ATemp:2.3.76))

/~*
D+aghwomlice +t+as monan leoht bi+d weaxende o+d+de wanigende feower pricon
+durh +d+are sunnan leoman.
(cotempo,+ATemp:3.9.98)
*~/
/*
18 VAG:  18 VAG, 19 weaxende
22 VAG:  22 VAG, 23 wanigende
*/

( (CODE <T03990005800,3.9>)
  (IP-MAT (ADVP-TMP (ADV^T D+aghwomlice))
	  (NP-NOM (NP-GEN (D^G +t+as) (N^G monan))
		  (N^N leoht))
	  (BEPI bi+d)
	  (VAG (VAG weaxende) (CONJ o+d+de) (VAG wanigende))
	  (NP-DAT-ADT (NUM feower) (N^D pricon))
	  (PP (P +durh)
	      (NP (NP-GEN (D^G +d+are) (N^G sunnan))
		  (N leoman)))
	  (. .))
  (ID cotempo,+ATemp:3.9.98))

/~*
+T+at +amtige f+ac bufon +d+are lyfte is +afre scinende of +dam heofenlicum
tunglum.
(cotempo,+ATemp:3.14.104)
*~/
/*
24 VAG:  24 VAG, 25 scinende
*/

( (CODE <T03990006300,3.14>)
  (IP-MAT (NP-NOM (D^N +T+at)
		  (ADJ^N +amtige)
		  (N^N f+ac)
		  (PP (P bufon)
		      (NP-DAT (D^D +d+are) (N^D lyfte))))
	  (BEPI is)
	  (ADVP-TMP (ADV^T +afre))
	  (VAG scinende)
	  (PP (P of)
	      (NP-DAT (D^D +dam) (ADJ^D heofenlicum) (N^D tunglum)))
	  (. .))
  (ID cotempo,+ATemp:3.14.104))

/~*
Se langigenda d+ag is ceald for+dan +te seo eor+de bi+d mid +dam winterlicum
cyle +turhgan,
(cotempo,+ATemp:4.48.176)
*~/
/*
7 VAG^N:  7 VAG^N, 8 langigenda
*/

( (CODE <T03990012600,4.48>)
  (IP-MAT (NP-NOM (D^N Se) (VAG^N langigenda) (N^N d+ag))
	  (BEPI is)
	  (ADJP-NOM-PRD (ADJ^N ceald))
	  (CP-ADV (P for+dan)
		  (C +te)
		  (IP-SUB (NP-NOM (D^N seo) (N^N eor+de))
			  (BEPI bi+d)
			  (PP (P mid)
			      (NP-DAT (D^D +dam) (ADJ^D winterlicum) (N^D cyle)))
			  (RP+VBN +turhgan)))
	  (. ,))
  (ID cotempo,+ATemp:4.48.176))

/~*
Se sceortigenda d+ag h+af+d li+dran gewederu +tonne se langigenda, for+dan +te
seo eor+de is eal gebe+dod mid +t+are sumerlican h+atan, & ne bi+d eft swa
hra+de acoled.
(cotempo,+ATemp:4.49.178)
*~/
/*
7 VAG^N:  7 VAG^N, 8 sceortigenda
32 VAG^N:  32 VAG^N, 33 langigenda
*/

( (CODE <T03990012700,4.49>)
  (IP-MAT-0 (NP-NOM (D^N Se) (VAG^N sceortigenda) (N^N d+ag))
	    (HVPI h+af+d)
	    (NP-ACC (ADJR^A li+dran)
		    (N^A gewederu)
		    (PP (P +tonne)
			(CP-CMP (WNP-1 0)
				(C 0)
				(IPX-SUB=0 (NP *T*-1)
					   (NP-NOM (D^N se) (VAG^N langigenda))))))
	    (, ,)
	    (CP-ADV (P for+dan)
		    (C +te)
		    (IP-SUB (IP-SUB (NP-NOM (D^N seo) (N^N eor+de))
				    (BEPI is)
				    (QP (Q eal))
				    (VBN gebe+dod)
				    (PP (P mid)
					(NP-DAT (D^D +t+are) (ADJ^D sumerlican) (N^D h+atan))))
			    (, ,)
			    (CONJP (CONJ &)
				   (IP-SUB-CON (NP-NOM *con*)
					       (NEG ne)
					       (BEPI bi+d)
					       (ADVP-TMP (ADV^T eft))
					       (ADVP (ADV swa) (ADV hra+de))
					       (VBN acoled)))))
	    (. .))
  (ID cotempo,+ATemp:4.49.178))

/~*
Eft on langiendum dagum he oferg+a+d +done su+dran sunstede,
(cotempo,+ATemp:4.51.181)
*~/
/*
11 VAG^D:  11 VAG^D, 12 langiendum
*/

( (CODE <T03990012900,4.51>)
  (IP-MAT (ADVP-TMP (ADV^T Eft))
	  (PP (P on)
	      (NP-DAT (VAG^D langiendum) (N^D dagum)))
	  (NP-NOM (PRO^N he))
	  (RP+VBPI oferg+a+d)
	  (NP-ACC (D^A +done) (ADJR^A su+dran) (N^A sunstede))
	  (. ,))
  (ID cotempo,+ATemp:4.51.181))

/~*
ac on middan urum wintra beo+d heora feldas mid wyrtum blowende, & heora
orcyrdas mid +applum afyllede.
(cotempo,+ATemp:4.53.186)
*~/
/*
28 VAG:  28 VAG, 29 blowende
*/

( (IP-MAT (IP-MAT-0 (CONJ ac)
		    (PP (P on)
			(NP-DAT (ADJ^D middan) (PRO$^D urum) (N^D wintra)))
		    (BEPI beo+d)
		    (NP-NOM (PRO$ heora) (N^N feldas))
		    (PP (P mid)
			(NP-DAT (N^D wyrtum)))
		    (VAG blowende))
	  (, ,)
	  (CONJP (CONJ &)
		 (IPX-MAT=0 (NP-NOM (PRO$ heora) (N^N orcyrdas))
			    (PP (P mid)
				(NP-DAT (N^D +applum)))
			    (VBN^N afyllede)))
	  (. .))
  (ID cotempo,+ATemp:4.53.186))

/~*
An +d+ara d+ala is on +alemiddan weallende & unwunigendlic, for +d+are sunnan
neawiste, on +dam ne earda+d nan eor+dlic man for +dam unaberendlicum bryne,
(cotempo,+ATemp:6.24.239)
*~/
/*
24 VAG^N:  24 VAG^N, 25 weallende
*/

( (CODE <T03990016600,6.24>)
  (IP-MAT (NP-NOM (NUM^N An)
		  (NP-GEN (D^G +d+ara) (N^G d+ala))
		  (CP-REL *ICH*-2))
	  (BEPI is)
	  (ADJP-NOM-PRD (PTP-NOM (PP (P on)
				     (NP (N +alemiddan)))
				 (VAG^N weallende))
			(CONJP (CONJ &)
			       (ADJP-NOM (ADJ^N unwunigendlic)
					 (, ,)
					 (PP (P for)
					     (NP (NP-GEN (D^G +d+are) (N^G sunnan))
						 (N neawiste))))))
	  (, ,)
	  (CP-REL-2 (WPP-1 (P on)
			   (NP-DAT (D^D +dam)))
		    (C 0)
		    (IP-SUB (PP *T*-1)
			    (NEG ne)
			    (VBPI earda+d)
			    (NP-NOM (NEG+Q^N nan) (ADJ^N eor+dlic) (N^N man))
			    (PP (P for)
				(NP-DAT (D^D +dam) (ADJ^D unaberendlicum) (N^D bryne)))))
	  (. ,))
  (ID cotempo,+ATemp:6.24.239))

/~*
Hit is gecyndelic +t+at ealle eor+dlice lichaman beo+d fulran on weaxendum
monan +tonne on wanigendum.
(cotempo,+ATemp:8.13.279)
*~/
/*
34 VAG^D:  34 VAG^D, 35 weaxendum
53 VAG^D:  53 VAG^D, 54 wanigendum
*/

( (CODE <T03990019400,8.13>)
  (IP-MAT (NP-NOM-x (PRO^N Hit))
	  (BEPI is)
	  (ADJP-NOM-PRD (ADJ^N gecyndelic))
	  (CP-THT-x (C +t+at)
		    (IP-SUB-0 (NP-NOM (Q^N ealle) (ADJ^N eor+dlice) (N^N lichaman))
			      (BEPI beo+d)
			      (ADJP-NOM-PRD (ADJR^N fulran)
					    (PP *ICH*-1))
			      (PP (P on)
				  (NP-DAT (VAG^D weaxendum) (N^D monan)))
			      (PP-1 (P +tonne)
				    (CP-CMP (WADJP-2 0)
					    (C 0)
					    (IPX-SUB=0 (ADJP-PRD *T*-2)
						       (PP (P on)
							   (NP-DAT (VAG^D wanigendum))))))))
	  (. .))
  (ID cotempo,+ATemp:8.13.279))

/~*
Pliade sind gehatene +da seofon steorran +te on h+arfeste upaga+d, & ofer
ealne winter scina+d, gangende eastan westweard.
(cotempo,+ATemp:9.10.303)
*~/
/*
56 VAG^N:  56 VAG^N, 57 gangende
*/

( (CODE <T03990020900,9.10>)
  (IP-MAT (NP-NOM-PRD (NR^N Pliade))
	  (BEPI sind)
	  (VBN^N gehatene)
	  (NP-NOM (D^N +da)
		  (NUM seofon)
		  (N^N steorran)
		  (CP-REL (WNP-NOM-1 0)
			  (C +te)
			  (IP-SUB (IP-SUB (NP-NOM *T*-1)
					  (PP (P on)
					      (NP-DAT (N^D h+arfeste)))
					  (RP+VBPI upaga+d))
				  (, ,)
				  (CONJP (CONJ &)
					 (IP-SUB-CON (NP-NOM *T*-1)
						     (PP (P ofer)
							 (NP-ACC (Q^A ealne) (N^A winter)))
						     (VBPI scina+d)
						     (, ,)
						     (PTP-NOM (VAG^N gangende)
							      (ADVP-DIR (ADV^D eastan))
							      (ADVP-DIR (ADV^D westweard))))))))
	  (. .))
  (ID cotempo,+ATemp:9.10.303))
/*
FOOTER
  source file, hits/tokens/total
  C:\Users\Shoo\Dropbox\workspace\CorpusSearch_Auto\data\corporas\YCOE\temp1492105600559\science_astronomy_geography\cotempo.o3.psd	17/13/384
*/
/*
SUMMARY:  
source files, hits/tokens/total
  C:\Users\Shoo\Dropbox\workspace\CorpusSearch_Auto\data\corporas\YCOE\temp1492105600559\science_astronomy_geography\cobyrhtf.o3.psd	16/12/813
  C:\Users\Shoo\Dropbox\workspace\CorpusSearch_Auto\data\corporas\YCOE\temp1492105600559\science_astronomy_geography\comarvel.o23.psd	5/5/163
  C:\Users\Shoo\Dropbox\workspace\CorpusSearch_Auto\data\corporas\YCOE\temp1492105600559\science_astronomy_geography\cotempo.o3.psd	17/13/384
whole search, hits/tokens/total
		38/30/1360
*/
