/*
PREFACE:  
Copyright 2010 Beth Randall
Date:  Thu Apr 13 18:49:51 BST 2017

command file:     data\searches\queries\YCOE\progressive_forms_past_tense.q
output file:      C:\Users\Shoo\Dropbox\workspace\CorpusSearch_Auto\data\output\13-04-2017 18.46.36.333 YCOE\progressive_forms_past_tense\philosophy\result.out

node:   BED*|AXD*|AXG*|BAG*|HAG*|VAG*
query:  (AXG*|BAG*|HAG*|VAG* Dominates  !AXG*|BAG*|HAG*|VAG*) 
  AND  (BED*|AXD* Dominates  AXG*|BAG*|HAG*|VAG*) 
*/
/*
HEADER:
source file:  C:\Users\Shoo\Dropbox\workspace\CorpusSearch_Auto\data\corporas\YCOE\temp1492105600559\philosophy\coboeth.o2.psd
*/
/*
FOOTER
  source file, hits/tokens/total
  C:\Users\Shoo\Dropbox\workspace\CorpusSearch_Auto\data\corporas\YCOE\temp1492105600559\philosophy\coboeth.o2.psd	0/0/3007
*/
/*
HEADER:
source file:  C:\Users\Shoo\Dropbox\workspace\CorpusSearch_Auto\data\corporas\YCOE\temp1492105600559\philosophy\codicts.o34.psd
*/
/*
FOOTER
  source file, hits/tokens/total
  C:\Users\Shoo\Dropbox\workspace\CorpusSearch_Auto\data\corporas\YCOE\temp1492105600559\philosophy\codicts.o34.psd	0/0/179
*/
/*
SUMMARY:  
source files, hits/tokens/total
  C:\Users\Shoo\Dropbox\workspace\CorpusSearch_Auto\data\corporas\YCOE\temp1492105600559\philosophy\coboeth.o2.psd	0/0/3007
  C:\Users\Shoo\Dropbox\workspace\CorpusSearch_Auto\data\corporas\YCOE\temp1492105600559\philosophy\codicts.o34.psd	0/0/179
whole search, hits/tokens/total
		0/0/3186
*/
