/*
PREFACE:  
Copyright 2010 Beth Randall
Date:  Thu Apr 13 18:47:51 BST 2017

command file:     data\searches\queries\YCOE\perfect_aspect_verbs.q
output file:      C:\Users\Shoo\Dropbox\workspace\CorpusSearch_Auto\data\output\13-04-2017 18.46.36.333 YCOE\perfect_aspect_verbs\bible_and_apocrypha\result.out

node:   $ROOT|HV*|AX*|BEN|VBN|HVN
query:  (BEN|VBN|HVN Dominates  !BEN|VBN|HVN) 
  AND  (HV*|AX* Precedes  BEN|VBN|HVN) 
*/
/*
HEADER:
source file:  C:\Users\Shoo\Dropbox\workspace\CorpusSearch_Auto\data\corporas\YCOE\temp1492105600559\bible_and_apocrypha\coexodusP.psd
*/
/*
FOOTER
  source file, hits/tokens/total
  C:\Users\Shoo\Dropbox\workspace\CorpusSearch_Auto\data\corporas\YCOE\temp1492105600559\bible_and_apocrypha\coexodusP.psd	0/0/135
*/
/*
HEADER:
source file:  C:\Users\Shoo\Dropbox\workspace\CorpusSearch_Auto\data\corporas\YCOE\temp1492105600559\bible_and_apocrypha\cogenesiC.psd
*/

/~*
& he cw+a+d min hlauord me h+af+d bet+aht ealle his +tingc
(cogenesiC,Gen_[Ker]:39.8.156)
*~/
/*
20 VBN:  20 VBN, 21 bet+aht, 18 HVPI
*/
( (IP-MAT (CONJ &)
	  (NP-NOM (PRO^N he))
	  (VBDI cw+a+d)
	  (IP-MAT-SPE (NP-NOM (PRO$^N min) (N^N hlauord))
		      (NP (PRO me))
		      (HVPI h+af+d)
		      (VBN bet+aht)
		      (NP-ACC (Q^A ealle) (PRO$ his) (N^A +tingc))))
  (ID cogenesiC,Gen_[Ker]:39.8.156))

/~*
+Da cw+a+d Iacob heora u+ader bearnlease ge habba+d me gedon;
(cogenesiC,Gen_[Ker]:42.36.271)
*~/
/*
32 VBN:  32 VBN, 33 gedon, 24 HVPI
*/

( (CODE <T06200012400,42.36>)
  (IP-MAT (ADVP-TMP (ADV^T +Da))
	  (VBDI cw+a+d)
	  (NP-NOM (NR^N Iacob)
		  (NP-NOM-PRN (PRO$ heora) (N^N u+ader)))
	  (IP-MAT-SPE (ADJP-ACC-1 (ADJ^A bearnlease))
		      (NP-NOM (PRO^N ge))
		      (HVPI habba+d)
		      (IP-SMC-SPE (ADJP-ACC-PRD *ICH*-1)
				  (NP-ACC-SBJ (PRO^A me)))
		      (VBN gedon))
	  (. ;))
  (ID cogenesiC,Gen_[Ker]:42.36.271))

/~*
Nu habbe we hit gebroht ongean be +tam ylcan gewihte. & eac o+der seoluor mid
to ceapienne
(cogenesiC,Gen_[Ker]:43.22.317)
*~/
/*
16 VBN:  16 VBN, 17 gebroht, 5 HVP
*/

( (IP-MAT-SPE (ADVP-TMP (ADV^T Nu))
	      (HVP habbe)
	      (NP-NOM (PRO^N we))
	      (NP-ACC (NP-ACC (PRO^A hit))
		      (CONJP *ICH*-1))
	      (VBN gebroht)
	      (RP ongean)
	      (PP (P be)
		  (NP-DAT (D^D +tam) (ADJ^D ylcan) (N^D gewihte)))
	      (, .)
	      (CODE <T06200014600,43.22>)
	      (CONJP-1 (CONJ &)
		       (ADV eac)
		       (NP-ACC (ADJ^A o+der)
			       (N^A seoluor)
			       (CP-EOP-SPE (WNP-2 0)
					   (IP-INF-NCO-SPE (PP (NP *T*-2)
							       (P mid))
							   (TO to)
							   (VB^D ceapienne))))))
  (ID cogenesiC,Gen_[Ker]:43.22.317))

/~*
Witodlice +t+at feoh +te ge me sealdon ic habbe auandod
(cogenesiC,Gen_[Ker]:43.23.321)
*~/
/*
31 VBN:  31 VBN, 32 auandod, 29 HVP
*/

( (IP-MAT-SPE (ADVP (ADV Witodlice))
	      (NP-ACC (D^A +t+at)
		      (N^A feoh)
		      (CP-REL-SPE (WNP-1 0)
				  (C +te)
				  (IP-SUB-SPE (NP *T*-1)
					      (NP-NOM (PRO^N ge))
					      (NP (PRO me))
					      (VBDI sealdon))))
	      (NP-NOM (PRO^N ic))
	      (HVP habbe)
	      (VBN auandod))
  (ID cogenesiC,Gen_[Ker]:43.23.321))

/~*
On mergen +ta hi uerdon. & hig w+aron butan +tara byrig & h+afdon eac sumne
d+al weges geuaran +da cw+a+d Iosep to his gerefan aris
(cogenesiC,Gen_[Ker]:44.3.346)
*~/
/*
62 VBN:  62 VBN, 63 geuaran, 49 HVDI
*/

( (CODE <T06200016000,44.3>)
  (IP-MAT (PP (P On)
	      (NP-ACC (N^A mergen)))
	  (CP-ADV (P +ta)
		  (C 0)
		  (IP-SUB (IP-SUB (NP-NOM (PRO^N hi))
				  (VBDI uerdon))
			  (, .)
			  (CODE <T06200016100,44.4>)
			  (CONJP (CONJ &)
				 (IP-SUB-CON (NP-NOM (PRO^N hig))
					     (BEDI w+aron)
					     (PP (P butan)
						 (NP-DAT (D^D +tara) (N^D byrig)))))
			  (CONJP (CONJ &)
				 (IP-SUB-CON (NP-NOM *con*)
					     (HVDI h+afdon)
					     (ADVP (ADV eac))
					     (NP-ACC (Q^A sumne)
						     (N^A d+al)
						     (NP-GEN (N^G weges)))
					     (VBN geuaran)))))
	  (ADVP-TMP (ADV^T +da))
	  (VBDI cw+a+d)
	  (NP-NOM (NR^N Iosep))
	  (PP (P to)
	      (NP (PRO$ his) (N gerefan)))
	  (IP-MAT-SPE (VBI aris)))
  (ID cogenesiC,Gen_[Ker]:44.3.346))

/~*
yuele habbe ge gedon.
(cogenesiC,Gen_[Ker]:44.5.350)
*~/
/*
10 VBN:  10 VBN, 11 gedon, 5 HVP
*/

( (IP-MAT-SPE (ADVP (ADV yuele))
	      (HVP habbe)
	      (NP-NOM (PRO^N ge))
	      (VBN gedon)
	      (. .))
  (ID cogenesiC,Gen_[Ker]:44.5.350))

/~*
God hafa+d arasod ure unrihtwisnesse;
(cogenesiC,Gen_[Ker]:44.16.372)
*~/
/*
7 VBN:  7 VBN, 8 arasod, 5 HVPI
*/

( (IP-MAT-SPE (NP-NOM (NR^N God))
	      (HVPI hafa+d)
	      (VBN arasod)
	      (NP (PRO$ ure) (N unrihtwisnesse))
	      (. ;))
  (ID cogenesiC,Gen_[Ker]:44.16.372))

/~*
Nu we habba+d hine earfo+dlice begitan +at urum u+ader & hine hyder gebroht.
(cogenesiC,Gen_[Ker]:44.21.387)
*~/
/*
17 VBN:  17 VBN, 18 begitan, 9 HVPI
37 VBN:  37 VBN, 38 gebroht, 9 HVPI
*/

( (IP-MAT-SPE (IP-MAT-SPE-0 (ADVP-TMP (ADV^T Nu))
			    (NP-NOM (PRO^N we))
			    (HVPI habba+d)
			    (NP-ACC (PRO^A hine))
			    (ADVP (ADV earfo+dlice))
			    (VBN begitan)
			    (PP (P +at)
				(NP-DAT (PRO$^D urum) (N^D u+ader))))
	      (CONJP (CONJ &)
		     (IPX-MAT-SPE=0 (NP-ACC (PRO^A hine))
				    (ADVP-DIR (ADV^D hyder))
				    (VBN gebroht)))
	      (. .))
  (ID cogenesiC,Gen_[Ker]:44.21.387))

/~*
& ic secge him +t+at ge synd hyrdas & habba+d gebroht mid eow eal +t+at ge
ahton.
(cogenesiC,Gen_[Ker]:46.32.497)
*~/
/*
35 VBN:  35 VBN, 36 gebroht, 33 HVPI
*/

( (CODE <T06200023600,46.32>)
  (IP-MAT-SPE (CONJ &)
	      (NP-NOM (PRO^N ic))
	      (VBP secge)
	      (NP-DAT (PRO^D him))
	      (CP-THT-SPE (C +t+at)
			  (IP-SUB-SPE (IP-SUB-SPE (NP-NOM (PRO^N ge))
						  (BEPI synd)
						  (NP-NOM-PRD (N^N hyrdas)))
				      (CONJP (CONJ &)
					     (IP-SUB-CON-SPE (NP-NOM *con*)
							     (HVPI habba+d)
							     (VBN gebroht)
							     (PP (P mid)
								 (NP-RFL (PRO eow)))
							     (NP-ACC (Q^A eal)
								     (CP-REL-SPE (WNP-ACC-1 (D^A +t+at))
										 (C 0)
										 (IP-SUB-SPE (NP-ACC *T*-1)
											     (NP-NOM (PRO^N ge))
											     (VBDI ahton))))))))
	      (. .))
  (ID cogenesiC,Gen_[Ker]:46.32.497))

/~*
& Iosep h+afde gegaderod eal +t+at feoh +te hi ahton & gebroht on +t+as kynges
madmhuse.
(cogenesiC,Gen_[Ker]:47.14.525)
*~/
/*
12 VBN:  12 VBN, 13 gegaderod, 10 HVD
38 VBN:  38 VBN, 39 gebroht, 10 HVD
*/

( (CODE <T06200025100,47.14>)
  (IP-MAT (IP-MAT-0 (CONJ &)
		    (NP-NOM (NR^N Iosep))
		    (HVD h+afde)
		    (VBN gegaderod)
		    (NP-ACC (Q^A eal)
			    (D^A +t+at)
			    (N^A feoh)
			    (CP-REL (WNP-1 0)
				    (C +te)
				    (IP-SUB (NP *T*-1)
					    (NP-NOM (PRO^N hi))
					    (VBDI ahton)))))
	  (CONJP (CONJ &)
		 (IPX-MAT=0 (VBN gebroht)
			    (PP (P on)
				(NP-DAT (NP-GEN (D^G +t+as) (N^G kynges))
					(N^D madmhuse)))))
	  (. .))
  (ID cogenesiC,Gen_[Ker]:47.14.525))
/*
FOOTER
  source file, hits/tokens/total
  C:\Users\Shoo\Dropbox\workspace\CorpusSearch_Auto\data\corporas\YCOE\temp1492105600559\bible_and_apocrypha\cogenesiC.psd	12/10/537
*/
/*
HEADER:
source file:  C:\Users\Shoo\Dropbox\workspace\CorpusSearch_Auto\data\corporas\YCOE\temp1492105600559\bible_and_apocrypha\conicodA.psd
*/

/~*
Hyt gelamp to so+don on +tam nygonteo+dan geare +te Tyberius, se mycla casere,
h+afde anweald ofer eall Romana rice and hym w+as undercyning Herodes +t+as
Galileiscan cyninges sunu, +te w+as eac Herodes haten.
(conicodA,Nic_[A]:0.6.3)
*~/
/*
109 VBN:  109 VBN, 110 haten, 48 HVD
*/

( (CODE <T06470000200,0.6>)
  (IP-MAT (NP-NOM (PRO^N Hyt))
	  (VBDI gelamp)
	  (PP (P to)
	      (NP-DAT (ADJ^D so+don)))
	  (PP (P on)
	      (NP-DAT (D^D +tam)
		      (ADJ^D nygonteo+dan)
		      (N^D geare)
		      (CP-REL (WADVP-TMP-1 0)
			      (C +te)
			      (IP-SUB (IP-SUB (ADVP-TMP *T*-1)
					      (NP-NOM (NR^N Tyberius)
						      (, ,)
						      (NP-NOM-PRN (D^N se) (Q^N mycla) (N^N casere)))
					      (, ,)
					      (HVD h+afde)
					      (NP-ACC (N^A anweald))
					      (PP (P ofer)
						  (NP-ACC (Q^A eall)
							  (NP-GEN (NR^G Romana))
							  (N^A rice))))
				      (CONJP (CONJ and)
					     (IP-SUB-CON (NP-DAT (PRO^D hym))
							 (BEDI w+as)
							 (NP-NOM (N^N undercyning))
							 (NP-NOM-PRD (NR^N Herodes)
								     (NP-NOM-PRN (NP-GEN (D^G +t+as)
											 (ADJ^G Galileiscan)
											 (N^G cyninges)
											 (CP-REL *ICH*-2))
										 (N^N sunu)
										 (, ,)
										 (CP-REL-2 (WNP-NOM-3 0)
											   (C +te)
											   (IP-SUB (NP-NOM *T*-3)
												   (BEDI w+as)
												   (ADVP (ADV eac))
												   (NP-NOM-PRD (NR^N Herodes))
												   (VBN haten)))))))))))
	  (. .))
  (ID conicodA,Nic_[A]:0.6.3))

/~*
and eac +ta Iudeas gesawon hu se rynel h+afde geeadmet to +tam h+alende
(conicodA,Nic_[A]:1.2.9.37)
*~/
/*
30 VBN:  30 VBN, 31 geeadmet, 28 HVD
*/

( (IP-MAT (CONJ and)
	  (ADVP (ADV eac))
	  (NP-NOM (D^N +ta) (NR^N Iudeas))
	  (VBDI gesawon)
	  (CP-QUE (WADVP-1 (WADV hu))
		  (C 0)
		  (IP-SUB (ADVP *T*-1)
			  (NP-NOM (D^N se) (N^N rynel))
			  (HVD h+afde)
			  (VBN geeadmet)
			  (PP (P to)
			      (NP-DAT (D^D +tam) (N^D h+alende))))))
  (ID conicodA,Nic_[A]:1.2.9.37))

/~*
Hw+at h+af+d +tes rynel gesingod?
(conicodA,Nic_[A]:1.4.10.62)
*~/
/*
17 VBN:  17 VBN, 18 gesingod, 10 HVPI
*/

( (CODE <T06470002100,1.4.10>)
  (CP-QUE-SPE (WNP-ACC-1 (WPRO^A Hw+at))
	      (IP-SUB-SPE (NP-ACC *T*-1)
			  (HVPI h+af+d)
			  (NP-NOM (D^N +tes) (N^N rynel))
			  (VBN gesingod))
	      (. ?))
  (ID conicodA,Nic_[A]:1.4.10.62))

/~*
Nu he h+af+d on sl+ape +tyn wyf gedreht +t+at heo dwela+d.
(conicodA,Nic_[A]:2.1.7.79)
*~/
/*
23 VBN:  23 VBN, 24 gedreht, 10 HVPI
*/

( (CODE <T06470003000,2.1.7>)
  (IP-MAT-SPE (ADVP-TMP (ADV^T Nu))
	      (NP-NOM (PRO^N he))
	      (HVPI h+af+d)
	      (PP (P on)
		  (NP-DAT (N^D sl+ape)))
	      (NP-ACC (PRO$^A +tyn) (N^A wyf))
	      (VBN gedreht)
	      (CP-ADV-SPE (C +t+at)
			  (IP-SUB-SPE (NP-NOM (PRO^N heo))
				      (VBPI dwela+d)))
	      (. .))
  (ID conicodA,Nic_[A]:2.1.7.79))

/~*
and swa +teh swa we +t+as caseres helda habban moton and swa we dea+des
scyldige ne wur+don +t+at nys he na of forligere acenned.
(conicodA,Nic_[A]:2.5.3.108)
*~/
/*
67 VBN:  67 VBN, 68 acenned, 25 HV
*/

( (QTP (CONJ and)
       (ADVP (ADV swa) (ADV +teh))
       (PP (PP (P swa)
	       (IP-SUB-SPE (NP-NOM (PRO^N we))
			   (NP (NP-GEN (D^G +t+as) (N^G caseres))
			       (N helda))
			   (HV habban)
			   (MDPI moton)))
	   (CONJP (CONJ and)
		  (PP (P swa)
		      (IP-SUB-SPE (NP-NOM (PRO^N we))
				  (ADJP-NOM-PRD (NP-GEN (N^G dea+des))
						(ADJ^N scyldige))
				  (NEG ne)
				  (BEPS wur+don)))))
       (CP-THT-SPE (C +t+at)
		   (IP-SUB-SPE (NEG+BEPI nys)
			       (NP-NOM (PRO^N he))
			       (ADVP (NEG+ADV na))
			       (PP (P of)
				   (NP-DAT (N^D forligere)))
			       (VBN acenned)))
       (. .))
  (ID conicodA,Nic_[A]:2.5.3.108))

/~*
and cw+a+d: nast +tu +t+at ealle Iudeisce and +tyne agene +teoda and +ta
yldestan sacerdas +te habba+d me geseald
(conicodA,Nic_[A]:3.2.4.135)
*~/
/*
55 VBN:  55 VBN, 56 geseald, 50 HVPI
*/

( (IP-MAT (CONJ and)
	  (NP-NOM *con*)
	  (VBDI cw+a+d)
	  (, :)
	  (CP-QUE-SPE (IP-SUB-SPE (NEG+VBPI nast)
				  (NP-NOM (PRO^N +tu))
				  (CP-THT-SPE (C +t+at)
					      (IP-SUB-SPE (NP-NOM (NP-NOM (Q^N ealle) (ADJ^N Iudeisce))
								  (CONJP (CONJ and)
									 (NP-NOM (PRO$^N +tyne) (ADJ^N agene) (N^N +teoda)))
								  (CONJP (CONJ and)
									 (NP-NOM (D^N +ta) (ADJS^N yldestan) (N^N sacerdas))))
							  (NP (PRO +te))
							  (HVPI habba+d)
							  (NP (PRO me))
							  (VBN geseald))))))
  (ID conicodA,Nic_[A]:3.2.4.135))

/~*
ac sege me hw+at h+afst +tu gedon.
(conicodA,Nic_[A]:3.2.4.136)
*~/
/*
21 VBN:  21 VBN, 22 gedon, 16 HVPI
*/

( (IP-MAT-SPE (CONJ ac)
	      (VBI sege)
	      (NP (PRO me))
	      (CP-QUE-SPE (WNP-ACC-1 (WPRO^A hw+at))
			  (IP-SUB-SPE (NP-ACC *T*-1)
				      (HVPI h+afst)
				      (NP-NOM (PRO^N +tu))
				      (VBN gedon)))
	      (. .))
  (ID conicodA,Nic_[A]:3.2.4.136))

/~*
+Ta cw+a+d Pilatus to +tam Iudeum: hw+at h+af+d he gedon +t+at he sweltan
scyle?
(conicodA,Nic_[A]:4.5.1.172)
*~/
/*
34 VBN:  34 VBN, 35 gedon, 29 HVPI
*/

( (CODE <T06470007900,4.5.1>)
  (IP-MAT (ADVP-TMP (ADV^T +Ta))
	  (VBDI cw+a+d)
	  (NP-NOM (NR^N Pilatus))
	  (PP (P to)
	      (NP-DAT (D^D +tam) (NR^D Iudeum)))
	  (, :)
	  (CP-QUE-SPE (WNP-ACC-1 (WPRO^A hw+at))
		      (IP-SUB-SPE (NP-ACC *T*-1)
				  (HVPI h+af+d)
				  (NP-NOM (PRO^N he))
				  (VBN gedon)
				  (CP-ADV-SPE (C +t+at)
					      (IP-SUB-SPE (NP-NOM (PRO^N he))
							  (VB sweltan)
							  (MDPS scyle)))))
	  (. ?))
  (ID conicodA,Nic_[A]:4.5.1.172))

/~*
+Ta +da Iudeas +t+at gehyrdon +t+at Iosep h+afde +t+as h+alendes lychaman
abeden +ta sohton hig hyne and +ta twelf cnyhtas, +te s+adon +t+at he n+are of
forligere acenned, and Nichodemus and m+anige o+dre +te +ar myd +tam h+alende
sp+acon and his godan weorc geswutelodon.
(conicodA,Nic_[A]:12.1.1.189)
*~/
/*
39 VBN:  39 VBN, 40 abeden, 29 HVD
90 VBN:  90 VBN, 91 acenned, 29 HVD
*/

( (CODE <T06470008900,12.1.1>)
  (IP-MAT (CP-ADV (P +Ta)
		  (C 0)
		  (IP-SUB (NP-NOM (D^N +da) (NR^N Iudeas))
			  (NP-ACC (D^A +t+at)
				  (CP-THT-PRN *ICH*-1))
			  (VBDI gehyrdon)
			  (CP-THT-PRN-1 (C +t+at)
					(IP-SUB (NP-NOM (NR^N Iosep))
						(HVD h+afde)
						(NP (NP-GEN (D^G +t+as) (N^G h+alendes))
						    (N lychaman))
						(VBN abeden)))))
	  (ADVP-TMP (ADV^T +ta))
	  (VBDI sohton)
	  (NP-NOM (PRO^N hig))
	  (NP-ACC (NP-ACC (PRO^A hyne))
		  (CONJP (CONJ and)
			 (NP-ACC (D^A +ta)
				 (NUM twelf)
				 (N^A cnyhtas)
				 (, ,)
				 (CP-REL (WNP-NOM-2 0)
					 (C +te)
					 (IP-SUB (NP-NOM *T*-2)
						 (VBDI s+adon)
						 (CP-THT (C +t+at)
							 (IP-SUB (NP-NOM (PRO^N he))
								 (NEG+BEDS n+are)
								 (PP (P of)
								     (NP-DAT (N^D forligere)))
								 (VBN acenned)))))))
		  (, ,)
		  (CONJP (CONJ and)
			 (NP-ACC (NR^A Nichodemus)))
		  (CONJP (CONJ and)
			 (NP-ACC (Q^A m+anige)
				 (ADJ^A o+dre)
				 (CP-REL (WNP-NOM-3 0)
					 (C +te)
					 (IP-SUB (IP-SUB (NP-NOM *T*-3)
							 (ADVP-TMP (ADV^T +ar))
							 (PP (P myd)
							     (NP-DAT (D^D +tam) (N^D h+alende)))
							 (VBDI sp+acon))
						 (CONJP (CONJ and)
							(IP-SUB-CON (NP-NOM *T*-3)
								    (NP-ACC (PRO$ his) (ADJ^A godan) (N^A weorc))
								    (VBDI geswutelodon))))))))
	  (. .))
  (ID conicodA,Nic_[A]:12.1.1.189))

/~*
and uton gyt asendan on Ysrahela muntas, weald +teah se gast $h+abbe $+tone
$h+alend $gel+aht and we hyne gemetan moton and hym geea+dmedan.
(conicodA,Nic_[A]:15.1.13.301)
*~/
/*
43 VBN:  43 VBN, 44 $gel+aht, 36 HVPS
*/

( (IP-MAT-SPE (CONJ and)
	      (UTP uton)
	      (ADVP-TMP (ADV^T gyt))
	      (VB asendan)
	      (PP (P on)
		  (NP-ACC (NP-GEN (NR^G Ysrahela))
			  (N^A muntas)))
	      (, ,)
	      (CP-ADV-SPE (ADV weald)
			  (P +teah)
			  (C 0)
			  (IP-SUB-SPE (IP-SUB-SPE (NP-NOM (D^N se) (N^N gast))
						  (HVPS $h+abbe)
						  (NP-ACC (D^A $+tone) (N^A $h+alend))
						  (VBN $gel+aht))
				      (CONJP (CONJ and)
					     (IP-SUB-CON-SPE-0 (NP-NOM (PRO^N we))
							       (NP-ACC (PRO^A hyne))
							       (VB gemetan)
							       (MDPI moton)))
				      (CONJP (CONJ and)
					     (IPX-SUB-CON-SPE=0 (NP-DAT (PRO^D hym))
								(VB geea+dmedan)))))
	      (. .))
  (ID conicodA,Nic_[A]:15.1.13.301))

/~*
and wuldor s+adon Ysrahela Gode +t+at se Ioseph, +te hig on +t+are clusan
beclysed h+afdon, w+as funden and gemett.
(conicodA,Nic_[A]:15.2.1.311)
*~/
/*
56 VBN:  56 VBN, 57 funden, 49 HVDI
60 VBN:  60 VBN, 61 gemett, 49 HVDI
*/

( (IP-MAT (CONJ and)
	  (NP-NOM *con*)
	  (NP-ACC (N^A wuldor))
	  (VBDI s+adon)
	  (NP-DAT (NP-GEN (NR^G Ysrahela))
		  (NR^D Gode))
	  (CP-ADV (C +t+at)
		  (IP-SUB (NP-NOM (D^N se)
				  (NR^N Ioseph)
				  (, ,)
				  (CP-REL (WNP-1 0)
					  (C +te)
					  (IP-SUB (NP *T*-1)
						  (NP-NOM (PRO^N hig))
						  (PP (P on)
						      (NP-DAT (D^D +t+are) (N^D clusan)))
						  (VBN beclysed)
						  (HVDI h+afdon))))
			  (, ,)
			  (BEDI w+as)
			  (VBN (VBN funden) (CONJ and) (VBN gemett))))
	  (. .))
  (ID conicodA,Nic_[A]:15.2.1.311))

/~*
and f+ala +te ic h+afde to me gewyld and to atogen, blynde and healte,
gebygede and hreoflan, ealle he fram +te atyh+d.
(conicodA,Nic_[A]:20.1.4.449)
*~/
/*
27 VBN:  27 VBN, 28 gewyld, 19 HVD
35 VBN:  35 VBN, 36 atogen, 19 HVD
55 VBN:  55 VBN, 56 gebygede, 19 HVD
*/

( (IP-MAT-SPE (CONJ and)
	      (NP-LFD (Q f+ala)
		      (CP-REL-SPE (WNP-1 0)
				  (C +te)
				  (IP-SUB-SPE (IP-SUB-SPE-0 (NP *T*-1)
							    (NP-NOM (PRO^N ic))
							    (HVD h+afde)
							    (PP (P to)
								(NP (PRO me)))
							    (VBN gewyld))
					      (CONJP (CONJ and)
						     (IPX-SUB-CON-SPE=0 (RPX to) (VBN atogen)))))
		      (, ,)
		      (NP-PRN (NP (NP (ADJ blynde))
				  (CONJP (CONJ and)
					 (NP (ADJ healte))))
			      (, ,)
			      (CONJP (NP (NP (VBN gebygede))
					 (CONJP (CONJ and)
						(NP (ADJ hreoflan)))))))
	      (, ,)
	      (NP-ACC-RSP (Q^A ealle))
	      (NP-NOM (PRO^N he))
	      (PP (P fram)
		  (NP (PRO +te)))
	      (VBPI atyh+d)
	      (. .))
  (ID conicodA,Nic_[A]:20.1.4.449))

/~*
Ac we acsia+d +te hw+at eart +tu, +tu +de butan +alcon geflyte and butan
+alcere gewemminge myd +tynum m+agen+trymme h+afst ure myhte geny+derod?
(conicodA,Nic_[A]:22.1.6.513)
*~/
/*
74 VBN:  74 VBN, 75 geny+derod, 67 HVPI
*/

( (CODE <T06470023600,22.1.6>)
  (IP-MAT-SPE (CONJ Ac)
	      (NP-NOM (PRO^N we))
	      (VBPI acsia+d)
	      (NP (PRO +te))
	      (CP-QUE-SPE (WNP-NOM-1 (WPRO^N hw+at))
			  (IP-SUB-SPE (NP-NOM-PRD *T*-1)
				      (BEPI eart)
				      (NP-NOM (PRO^N +tu))
				      (, ,)
				      (NP-NOM-VOC (PRO^N +tu)
						  (CP-REL-SPE (WNP-NOM-2 0)
							      (C +de)
							      (IP-SUB-SPE (NP-NOM *T*-2)
									  (PP (PP (P butan)
										  (NP-DAT (Q^D +alcon) (N^D geflyte)))
									      (CONJP (CONJ and)
										     (PP (P butan)
											 (NP-DAT (Q^D +alcere) (N^D gewemminge)))))
									  (PP (P myd)
									      (NP-DAT (PRO$^D +tynum) (N^D m+agen+trymme)))
									  (HVPI h+afst)
									  (NP (PRO$ ure) (N myhte))
									  (VBN geny+derod))))))
	      (. ?))
  (ID conicodA,Nic_[A]:22.1.6.513))

/~*
and ealle ure eoredu +tu h+afst swi+de gedrefed.
(conicodA,Nic_[A]:22.1.13.517)
*~/
/*
19 VBN:  19 VBN, 20 gedrefed, 14 HVPI
*/

( (IP-MAT-SPE (CONJ and)
	      (NP-ACC (Q^A ealle) (PRO$^A ure) (N^A eoredu))
	      (NP-NOM (PRO^N +tu))
	      (HVPI h+afst)
	      (ADVP (ADV swi+de))
	      (VBN gedrefed)
	      (. .))
  (ID conicodA,Nic_[A]:22.1.13.517))

/~*
And hw+at eart +tu +te h+afst +t+at leoht hyder eondsend and myd +tynre
godcundan myhte and beorhtnysse h+afst ablend +ta synfullan +tystro and gelyce
ealle +tas eoredu +tyssa deofla syndon swy+de afyrhte?
(conicodA,Nic_[A]:22.1.14.518)
*~/
/*
62 VBN:  62 VBN, 63 ablend, 26 HVPI
62 VBN:  62 VBN, 63 ablend, 60 HVPI
*/

( (CODE <T06470024000,22.1.14>)
  (CP-QUE-SPE (CONJ And)
	      (WNP-NOM-1 (WPRO^N hw+at))
	      (IP-SUB-SPE (NP-NOM-PRD *T*-1)
			  (BEPI eart)
			  (NP-NOM (PRO^N +tu)
				  (CP-REL-SPE (WNP-NOM-2 0)
					      (C +te)
					      (IP-SUB-SPE (IP-SUB-SPE (NP-NOM *T*-2)
								      (HVPI h+afst)
								      (NP-ACC (D^A +t+at) (N^A leoht))
								      (ADVP-DIR (ADV^D hyder))
								      (RP+VBN eondsend))
							  (CONJP (CONJ and)
								 (IP-SUB-CON-SPE (NP-NOM *T*-2)
										 (PP (P myd)
										     (NP-DAT (PRO$^D +tynre)
											     (ADJ^D godcundan)
											     (N^D myhte)
											     (CONJP (CONJ and)
												    (NX-DAT (N^D beorhtnysse)))))
										 (HVPI h+afst)
										 (VBN ablend)
										 (NP-ACC (D^A +ta) (ADJ^A synfullan) (N^A +tystro))))
							  (CONJP (CONJ and)
								 (IP-SUB-CON-SPE (ADVP (ADV gelyce))
										 (NP-NOM (Q^N ealle)
											 (D^N +tas)
											 (N^N eoredu)
											 (NP-GEN (D^G +tyssa) (N^G deofla)))
										 (BEPI syndon)
										 (ADVP (ADV swy+de))
										 (VBN^N afyrhte)))))))
	      (. ?))
  (ID conicodA,Nic_[A]:22.1.14.518))

/~*
and +tu nu +turh +t+at tryw and +turh +ta rode h+afst ealle +tyne blysse
forspylled,
(conicodA,Nic_[A]:23.1.1.531)
*~/
/*
39 VBN:  39 VBN, 40 forspylled, 30 HVPI
*/

( (IP-MAT-SPE (CONJ and)
	      (NP-NOM (PRO^N +tu))
	      (ADVP-TMP (ADV^T nu))
	      (PP (PP (P +turh)
		      (NP-ACC (D^A +t+at) (N^A tryw)))
		  (CONJP (CONJ and)
			 (PP (P +turh)
			     (NP-ACC (D^A +ta) (N^A rode)))))
	      (HVPI h+afst)
	      (NP-ACC (Q^A ealle) (PRO$^A +tyne) (N^A blysse))
	      (VBN forspylled)
	      (. ,))
  (ID conicodA,Nic_[A]:23.1.1.531))

/~*
and cw+a+d: singa+d Dryhtne nywne lofsang for +tam +de Dryhten h+af+d wundra
eallum +teodum geswutelod and he h+af+d hys h+ale $cu+de gedon toforan ealre
+teode gesyh+de and his ryhtwysnysse onwrigen.
(conicodA,Nic_[A]:24.2.3.550)
*~/
/*
43 VBN:  43 VBN, 44 geswutelod, 33 HVPI
63 VBN:  63 VBN, 64 gedon, 33 HVPI
63 VBN:  63 VBN, 64 gedon, 52 HVPI
*/

( (IP-MAT-SPE (CONJ and)
	      (NP-NOM *con*)
	      (VBDI cw+a+d)
	      (, :)
	      (IP-MAT-SPE (VBI singa+d)
			  (NP-DAT (NR^D Dryhtne))
			  (NP-ACC (ADJ^A nywne) (N^A lofsang))
			  (CP-ADV-SPE (P for)
				      (D^D +tam)
				      (C +de)
				      (IP-SUB-SPE (IP-SUB-SPE (NP-NOM (NR^N Dryhten))
							      (HVPI h+af+d)
							      (NP-ACC (N^A wundra))
							      (NP-DAT (Q^D eallum) (N^D +teodum))
							      (VBN geswutelod))
						  (CONJP (CONJ and)
							 (IP-SUB-CON-SPE-0 (NP-NOM (PRO^N he))
									   (HVPI h+af+d)
									   (IP-SMC-SPE (NP-ACC-SBJ (PRO$ hys) (N^A h+ale))
										       (ADJP-ACC-PRD (ADJ^A $cu+de)))
									   (VBN gedon)
									   (PP (P toforan)
									       (NP (NP-GEN (Q^G ealre) (N^G +teode))
										   (N gesyh+de)))))
						  (CONJP (CONJ and)
							 (IPX-SUB-CON-SPE=0 (NP (PRO$ his) (N ryhtwysnysse))
									    (RP+VBN onwrigen))))))
	      (. .))
  (ID conicodA,Nic_[A]:24.2.3.550))
/*
FOOTER
  source file, hits/tokens/total
  C:\Users\Shoo\Dropbox\workspace\CorpusSearch_Auto\data\corporas\YCOE\temp1492105600559\bible_and_apocrypha\conicodA.psd	22/17/635
*/
/*
HEADER:
source file:  C:\Users\Shoo\Dropbox\workspace\CorpusSearch_Auto\data\corporas\YCOE\temp1492105600559\bible_and_apocrypha\conicodC.psd
*/

/~*
+Ta +ta Iudees +t+at geherdan, +t+at Ioseph h+afde +t+as H+alendes lichame
abeden, +ta sohten heo hine and +ta twelf cnihtes +te s+agden +t+at he n+are
on dernelegere ac+annod, and Nichodemus and manega o+dre +te +ar mid +tam
H+alende sp+acen and his gode weorc gesegen and on hine gelefden.
(conicodC,Nic_[C]:10.12)
*~/
/*
39 VBN:  39 VBN, 40 abeden, 29 HVD
90 VBN:  90 VBN, 91 ac+annod, 29 HVD
*/

( (CODE <T06480000600,10>)
  (IP-MAT (CP-ADV (P +Ta)
		  (C 0)
		  (IP-SUB (NP-NOM (D^N +ta) (NR^N Iudees))
			  (NP-ACC (D^A +t+at))
			  (VBDI geherdan)
			  (, ,)
			  (CP-THT-PRN (C +t+at)
				      (IP-SUB (NP-NOM (NR^N Ioseph))
					      (HVD h+afde)
					      (NP (NP-GEN (D^G +t+as) (N^G H+alendes))
						  (N lichame))
					      (VBN abeden)))))
	  (, ,)
	  (ADVP-TMP (ADV^T +ta))
	  (VBD sohten)
	  (NP-NOM (PRO^N heo))
	  (NP-ACC (NP-ACC (PRO^A hine))
		  (CONJP (CONJ and)
			 (NP-ACC (D^A +ta)
				 (NUM twelf)
				 (N^A cnihtes)
				 (CP-REL (WNP-NOM-1 0)
					 (C +te)
					 (IP-SUB (NP-NOM *T*-1)
						 (VBD s+agden)
						 (CP-THT (C +t+at)
							 (IP-SUB (NP-NOM (PRO^N he))
								 (NEG+BEDS n+are)
								 (PP (P on)
								     (NP-DAT (N^D dernelegere)))
								 (VBN ac+annod)))))))
		  (, ,)
		  (CONJP (CONJ and)
			 (NP-ACC (NR^A Nichodemus)))
		  (CONJP (CONJ and)
			 (NP-ACC (Q^A manega)
				 (ADJ^A o+dre)
				 (CP-REL (WNP-NOM-2 0)
					 (C +te)
					 (IP-SUB (IP-SUB (NP-NOM *T*-2)
							 (ADVP-TMP (ADV^T +ar))
							 (PP (P mid)
							     (NP-DAT (D^D +tam) (N^D H+alende)))
							 (VBD sp+acen))
						 (CONJP (CONJ and)
							(IP-SUB-CON (NP-NOM *T*-2)
								    (NP-ACC (PRO$ his) (ADJ^A gode) (N^A weorc))
								    (VBD gesegen)))
						 (CONJP (CONJ and)
							(IP-SUB-CON (NP-NOM *T*-2)
								    (PP (P on)
									(NP-ACC (PRO^A hine)))
								    (VBD gelefden))))))))
	  (. .))
  (ID conicodC,Nic_[C]:10.12))

/~*
Onmang +tan +ta stod +t+are sum of +tan c+ampen +te scolden habben gehealden
+t+as H+alendes byrigene,
(conicodC,Nic_[C]:44.46)
*~/
/*
41 VBN:  41 VBN, 42 gehealden, 39 HV
*/

( (CODE <T06480002600,44>)
  (IP-MAT (PP (P Onmang)
	      (NP-DAT (D^I +tan)))
	  (ADVP-TMP (ADV^T +ta))
	  (VBDI stod)
	  (ADVP-LOC (ADV^L +t+are))
	  (NP-NOM (Q^N sum)
		  (PP (P of)
		      (NP-DAT (D^I +tan)
			      (N^D c+ampen)
			      (CP-REL (WNP-NOM-1 0)
				      (C +te)
				      (IP-SUB (NP-NOM *T*-1)
					      (MDD scolden)
					      (HV habben)
					      (VBN gehealden)
					      (NP (NP-GEN (D^G +t+as) (N^G H+alendes))
						  (N byrigene)))))))
	  (. ,))
  (ID conicodC,Nic_[C]:44.46))

/~*
+Da+ta Ioseph h+afde +tuss gespecan, +ta w+as eall +t+at folc blissigende wi+d
him
(conicodC,Nic_[C]:170.183)
*~/
/*
18 VBN:  18 VBN, 19 gespecan, 13 HVD
*/

( (CODE <T06480011200,170>)
  (IP-MAT (CP-ADV (P +Da+ta)
		  (C 0)
		  (IP-SUB (NP-NOM (NR^N Ioseph))
			  (HVD h+afde)
			  (ADVP (ADV +tuss))
			  (VBN gespecan)))
	  (, ,)
	  (ADVP-TMP (ADV^T +ta))
	  (BEDI w+as)
	  (NP-NOM (Q^N eall) (D^N +t+at) (N^N folc))
	  (VAG blissigende)
	  (PP (P wi+d)
	      (NP-DAT (PRO^D him))))
  (ID conicodC,Nic_[C]:170.183))

/~*
And feale +te ic h+afde to me atogen, bisne and healte, lame and reoflen,
ealle he heo fram me ateah.
(conicodC,Nic_[C]:235.234)
*~/
/*
28 VBN:  28 VBN, 29 atogen, 20 HVD
*/

( (CODE <T06480014000,235>)
  (IP-MAT-SPE (CONJ And)
	      (NP-LFD (Q feale)
		      (CP-REL-SPE (WNP-1 0)
				  (C +te)
				  (IP-SUB-SPE (NP *T*-1)
					      (NP-NOM (PRO^N ic))
					      (HVD h+afde)
					      (PP (P to)
						  (NP-RFL (PRO me)))
					      (VBN atogen)))
		      (, ,)
		      (NP-PRN (NP (NP (ADJ bisne))
				  (CONJP (CONJ and)
					 (NP (ADJ healte))))
			      (, ,)
			      (CONJP (NP (NP (ADJP (ADJ lame)))
					 (CONJP (CONJ and)
						(NP (ADJ reoflen)))))))
	      (, ,)
	      (QP-ACC (Q^A ealle))
	      (NP-NOM (PRO^N he))
	      (NP-ACC-RSP (PRO^A heo))
	      (PP (P fram)
		  (NP (PRO me)))
	      (VBDI ateah)
	      (. .))
  (ID conicodC,Nic_[C]:235.234))

/~*
Ac sege us, hw+at eart +tu, +tu +te buten +alcere w+ammunge and buten flite us
h+afest ealle ofercumene and geny+dered?
(conicodC,Nic_[C]:313.305)
*~/
/*
69 VBN:  69 VBN, 70 geny+dered, 59 HVPI
*/

( (CODE <T06480018000,313>)
  (IP-MAT-SPE (CONJ Ac)
	      (VBI sege)
	      (NP (PRO us))
	      (, ,)
	      (CP-QUE-SPE (WNP-NOM-1 (WPRO^N hw+at))
			  (IP-SUB-SPE (NP-NOM-PRD *T*-1)
				      (BEPI eart)
				      (NP-NOM (PRO^N +tu))
				      (, ,)
				      (NP-NOM-VOC (PRO^N +tu)
						  (CP-REL-SPE (WNP-NOM-2 0)
							      (C +te)
							      (IP-SUB-SPE (NP-NOM *T*-2)
									  (PP (PP (P buten)
										  (NP-DAT (Q^D +alcere) (N^D w+ammunge)))
									      (CONJP (CONJ and)
										     (PP (P buten)
											 (NP-DAT (N^D flite)))))
									  (NP-ACC (PRO^A us))
									  (HVPI h+afest)
									  (QP-ACC (Q^A ealle))
									  (VBN^A (RP+VBN^A ofercumene) (CONJ and) (VBN geny+dered)))))))
	      (. ?))
  (ID conicodC,Nic_[C]:313.305))

/~*
and eall ure werod +tu h+afest swy+de gedrefed,
(conicodC,Nic_[C]:319.311)
*~/
/*
19 VBN:  19 VBN, 20 gedrefed, 14 HVPI
*/

( (IP-MAT-SPE (CONJ and)
	      (NP-ACC (Q^A eall) (PRO$^A ure) (N^A werod))
	      (NP-NOM (PRO^N +tu))
	      (HVPI h+afest)
	      (ADVP (ADV swy+de))
	      (VBN gedrefed)
	      (. ,))
  (ID conicodC,Nic_[C]:319.311))

/~*
and h+afest nu hider swa mycel liht gebroht,
(conicodC,Nic_[C]:319.312)
*~/
/*
22 VBN:  22 VBN, 23 gebroht, 6 HVPI
*/

( (IP-MAT-SPE (CONJ and)
	      (NP-NOM *con*)
	      (HVPI h+afest)
	      (ADVP-TMP (ADV^T nu))
	      (ADVP-DIR (ADV^D hider))
	      (NP-ACC (QP-ACC (ADV swa) (Q^A mycel))
		      (N^A liht))
	      (VBN gebroht)
	      (. ,))
  (ID conicodC,Nic_[C]:319.312))

/~*
Eornestlice we axige+d hw+at +tu seo, +tu +te swa unforht us eart to gecumen
and wylt us benymen eall +t+at we hider habbe+d gestrynd, fif +tusend and fif
hundred wintre on pine and on synb+ande gebroht h+afden?
(conicodC,Nic_[C]:328.318)
*~/
/*
93 VBN:  93 VBN, 94 gestrynd, 91 HVPI
131 VBN:  131 VBN, 132 gebroht, 91 HVPI
*/

( (CODE <T06480018800,328>)
  (IP-MAT-SPE (ADVP (ADV Eornestlice))
	      (NP-NOM (PRO^N we))
	      (VBPI axige+d)
	      (CP-QUE-SPE (WNP-NOM-1 (WPRO^N hw+at))
			  (C 0)
			  (IP-SUB-SPE (NP-NOM-PRD *T*-1)
				      (NP-NOM (PRO^N +tu)
					      (NP-NOM-PRN *ICH*-2))
				      (BEPS seo)
				      (, ,)
				      (NP-NOM-PRN-2 (PRO^N +tu)
						    (CP-REL-SPE (WNP-NOM-3 0)
								(C +te)
								(IP-SUB-SPE (IP-SUB-SPE (NP-NOM *T*-3)
											(ADJP-NOM (ADV swa) (ADJ^N unforht))
											(NP-4 (PRO us))
											(BEPI eart)
											(PP (NP *ICH*-4)
											    (P to))
											(VBN gecumen))
									    (CONJP (CONJ and)
										   (IP-SUB-CON-SPE (NP-NOM *T*-3)
												   (MDPI wylt)
												   (NP (PRO us))
												   (VB benymen)
												   (NP-ACC (Q^A eall)
													   (CP-REL-SPE (WNP-ACC-5 (D^A +t+at))
														       (C 0)
														       (IP-SUB-SPE (IP-SUB-SPE (NP-ACC *T*-5)
																	       (NP-NOM (PRO^N we))
																	       (ADVP-DIR (ADV^D hider))
																	       (HVPI habbe+d)
																	       (VBN gestrynd)
																	       (, ,)
																	       (NP-ACC-TMP (NUMP (NUM fif) (NUM +tusend) (CONJ and) (NUM fif) (NUM hundred))
																			   (N^A wintre))
																	       (PP (P on)
																		   (NP (N pine))))
																   (CONJP (CONJ and)
																	  (IP-SUB-CON-SPE (NP-ACC *T*-5)
																			  (NP-NOM *con*)
																			  (PP (P on)
																			      (NP (N synb+ande)))
																			  (VBN gebroht)
																			  (HVD h+afden)))))))))))))
	      (. ?))
  (ID conicodC,Nic_[C]:328.318))

/~*
And +tu nu +turh +t+are rode treowe ealle +tine blisse h+afest forspilled.
(conicodC,Nic_[C]:347.329)
*~/
/*
32 VBN:  32 VBN, 33 forspilled, 30 HVPI
*/

( (CODE <T06480019600,347>)
  (IP-MAT-SPE (CONJ And)
	      (NP-NOM (PRO^N +tu))
	      (ADVP-TMP (ADV^T nu))
	      (PP (P +turh)
		  (NP (NP-GEN (D^G +t+are) (N^G rode))
		      (N treowe)))
	      (NP-ACC (Q^A ealle) (PRO$^A +tine) (N^A blisse))
	      (HVPI h+afest)
	      (VBN forspilled)
	      (. .))
  (ID conicodC,Nic_[C]:347.329))

/~*
Nu +tu h+afest yfele gedon ongean me and ongean +te,
(conicodC,Nic_[C]:348.330)
*~/
/*
15 VBN:  15 VBN, 16 gedon, 10 HVPI
*/

( (CODE <T06480019700,348>)
  (IP-MAT-SPE (ADVP-TMP (ADV^T Nu))
	      (NP-NOM (PRO^N +tu))
	      (HVPI h+afest)
	      (ADVP (ADV yfele))
	      (VBN gedon)
	      (PP (PP (P ongean)
		      (NP (PRO me)))
		  (CONJP (CONJ and)
			 (PP (P ongean)
			     (NP (PRO +te)))))
	      (. ,))
  (ID conicodC,Nic_[C]:348.330))
/*
FOOTER
  source file, hits/tokens/total
  C:\Users\Shoo\Dropbox\workspace\CorpusSearch_Auto\data\corporas\YCOE\temp1492105600559\bible_and_apocrypha\conicodC.psd	12/10/383
*/
/*
HEADER:
source file:  C:\Users\Shoo\Dropbox\workspace\CorpusSearch_Auto\data\corporas\YCOE\temp1492105600559\bible_and_apocrypha\conicodD.psd
*/

/~*
Swi+de us is +donne to ge+tencanne, cw+a+d se writtere, nu men +da leofestan,
+t+at ure Drihten hafa+d eft ge+tingod heder on +tisne middangeard on forman
Easterniht to +tan +t+at he ealre +tisse worulde ende gesette+d, swa ure
Drihten silfe cw+a+d, Ic cyme
(conicodD,Nic_[D]:56.46)
*~/
/*
63 VBN:  63 VBN, 64 ge+tingod, 58 HVPI
*/

( (CODE <T06490003200,56>)
  (IP-MAT-SPE (NP-NOM-x-1 *exp*)
	      (ADVP (ADV Swi+de))
	      (NP-DAT (PRO^D us))
	      (BEPI is)
	      (IP-INF-SPE (NP-x *-1)
			  (ADVP-TMP (ADV^T +donne))
			  (TO to)
			  (VB^D ge+tencanne))
	      (, ,)
	      (-PRN (VBDI cw+a+d)
		    (NP-NOM (D^N se) (N^N writtere)))
	      (, ,)
	      (ADVP-TMP (ADV^T nu))
	      (NP-NOM-VOC (N^N men)
			  (NP-NOM-PRN (D^N +da) (ADJS^N leofestan)))
	      (, ,)
	      (CP-THT-SPE-x (C +t+at)
			    (IP-SUB-SPE (NP-NOM (PRO$^N ure) (NR^N Drihten))
					(HVPI hafa+d)
					(ADVP-TMP (ADV^T eft))
					(VBN ge+tingod)
					(ADVP-DIR (ADV^D heder))
					(PP (P on)
					    (NP-ACC (D^A +tisne) (N^A middangeard)))
					(PP (P on)
					    (NP-ACC (ADJ^A forman) (NR^A Easterniht)))
					(CP-ADV-SPE (P to)
						    (D^I +tan)
						    (C +t+at)
						    (IP-SUB-SPE (NP-NOM (PRO^N he))
								(NP (NP-GEN (Q^G ealre) (D^G +tisse) (N^G worulde))
								    (N ende))
								(VBPI gesette+d)))
					(, ,)
					(PP (P swa)
					    (CP-CMP-SPE (WADVP-2 0)
							(C 0)
							(IP-SUB-SPE (ADVP *T*-2)
								    (NP-NOM (PRO$^N ure) (NR^N Drihten) (ADJ^N silfe))
								    (VBDI cw+a+d)
								    (, ,)
								    (IP-MAT-SPE (NP-NOM (PRO^N Ic))
										(VBP cyme))))))))
  (ID conicodD,Nic_[D]:56.46))
/*
FOOTER
  source file, hits/tokens/total
  C:\Users\Shoo\Dropbox\workspace\CorpusSearch_Auto\data\corporas\YCOE\temp1492105600559\bible_and_apocrypha\conicodD.psd	1/1/154
*/
/*
HEADER:
source file:  C:\Users\Shoo\Dropbox\workspace\CorpusSearch_Auto\data\corporas\YCOE\temp1492105600559\bible_and_apocrypha\conicodE.psd
*/

/~*
Swi+de us is +tonum to ge+t+ancenne men +ta leofestan hw+at ure Drihten h+af+d
eft gemynt hider to cumenne on +tisne middaneard on forman Easterniht to +tan
+t+at he ealre +tysse worulde +ande gesett swa ure Drihten self cw+a+d:
(conicodE,Nic_[E]:43.39)
*~/
/*
51 VBN:  51 VBN, 52 gemynt, 46 HVPI
*/

( (CODE <T06500002200,43>)
  (IP-MAT (NP-NOM-x-1 *exp*)
	  (ADVP (ADV Swi+de))
	  (NP-DAT (PRO^D us))
	  (BEPI is)
	  (IP-INF (NP-x *T*-1)
		  (ADVP-TMP (ADV^T +tonum))
		  (TO to)
		  (VB^D ge+t+ancenne))
	  (NP-NOM-VOC (N^N men)
		      (NP-NOM-PRN (D^N +ta) (ADJS^N leofestan)))
	  (CP-QUE-x (WNP-ACC-2 (WPRO^A hw+at))
		    (C 0)
		    (IP-SUB (NP-ACC-ADT *T*-2)
			    (NP-NOM (PRO$^N ure) (NR^N Drihten))
			    (HVPI h+af+d)
			    (ADVP-TMP (ADV^T eft))
			    (VBN gemynt)
			    (IP-INF (ADVP-DIR (ADV^D hider))
				    (TO to)
				    (VB^D cumenne)
				    (PP (P on)
					(NP-ACC (D^A +tisne) (N^A middaneard)))
				    (PP (P on)
					(NP-ACC (ADJ^A forman) (NR^A Easterniht)))
				    (CP-ADV (P to)
					    (D^I +tan)
					    (C +t+at)
					    (IP-SUB (NP-NOM (PRO^N he))
						    (NP (NP-GEN (Q^G ealre) (D^G +tysse) (N^G worulde))
							(N +ande))
						    (VBPI gesett)))
				    (PP (P swa)
					(CPX-CMP (IPX-SUB (NP-NOM (PRO$^N ure) (NR^N Drihten) (ADJ^N self))
							  (VBDI cw+a+d)))))))
	  (, :))
  (ID conicodE,Nic_[E]:43.39))
/*
FOOTER
  source file, hits/tokens/total
  C:\Users\Shoo\Dropbox\workspace\CorpusSearch_Auto\data\corporas\YCOE\temp1492105600559\bible_and_apocrypha\conicodE.psd	1/1/120
*/
/*
HEADER:
source file:  C:\Users\Shoo\Dropbox\workspace\CorpusSearch_Auto\data\corporas\YCOE\temp1492105600559\bible_and_apocrypha\cootest.o3.psd
*/

/~*
& +alc +dingc +de lif h+afde wear+d adyd on +dam deopan flode. Buton +dam anum
+de binnan +dam arce w+aron.
(cootest,Gen:7.22.322)
*~/
/*
28 VBN:  28 VBN, 29 adyd, 22 HVD
*/

( (CODE <T06210017300,7.22>)
  (IP-MAT (CONJ &)
	  (NP-NOM (Q^N +alc)
		  (N^N +dingc)
		  (CP-REL (WNP-NOM-1 0)
			  (C +de)
			  (IP-SUB (NP-NOM *T*-1)
				  (NP-ACC (N^A lif))
				  (HVD h+afde)))
		  (PP *ICH*-2))
	  (BEDI wear+d)
	  (VBN adyd)
	  (PP (P on)
	      (NP-DAT (D^D +dam) (ADJ^D deopan) (N^D flode)))
	  (, .)
	  (CODE <T06210017400,7.23>)
	  (PP-2 (P Buton)
		(NP-DAT (D^D +dam)
			(NUM^D anum)
			(CP-REL (WNP-NOM-3 0)
				(C +de)
				(IP-SUB (NP-NOM *T*-3)
					(PP (P binnan)
					    (NP-DAT (D^D +dam) (N^D arce)))
					(BEDI w+aron)))))
	  (. .))
  (ID cootest,Gen:7.22.322))

/~*
+ta he h+afde $gedruncen. +Da cw+a+d he to him: Sunu min, gang hider
(cootest,Gen:27.26.1090)
*~/
/*
13 VBN:  13 VBN, 14 $gedruncen, 11 HVD
*/

( (IP-MAT-SPE (CP-ADV-SPE (P +ta)
			  (C 0)
			  (IP-SUB-SPE (NP-NOM (PRO^N he))
				      (HVD h+afde)
				      (VBN $gedruncen)))
	      (, .)
	      (CODE <T06210057300,27.26>)
	      (ADVP-TMP (ADV^T +Da))
	      (VBDI cw+a+d)
	      (NP-NOM (PRO^N he))
	      (PP (P to)
		  (NP-DAT (PRO^D him)))
	      (, :)
	      (IP-MAT-SPE (NP-NOM-VOC (N^N Sunu) (PRO$^N min))
			  (, ,)
			  (VBI gang)
			  (ADVP-DIR (ADV^D hider))))
  (ID cootest,Gen:27.26.1090))

/~*
+DA cw+adon Labanes bearn: Iacob h+af+d genumen ealle ures f+ader +ahta,
(cootest,Gen:31.1.1229)
*~/
/*
23 VBN:  23 VBN, 24 genumen, 21 HVPI
*/

( (CODE <T06210064400,31.1>)
  (IP-MAT (ADVP-TMP (ADV^T +DA))
	  (VBDI cw+adon)
	  (NP-NOM (NP-GEN (NR^G Labanes))
		  (N^N bearn))
	  (, :)
	  (IP-MAT-SPE (NP-NOM (NR^N Iacob))
		      (HVPI h+af+d)
		      (VBN genumen)
		      (NP-ACC (Q^A ealle)
			      (NP-GEN (PRO$^G ures) (N^G f+ader))
			      (N^A +ahta)))
	  (. ,))
  (ID cootest,Gen:31.1.1229))

/~*
Iacob nyste +d+at Rachel h+afde +da anlicnyssa forstolen.
(cootest,Gen:31.32.1270)
*~/
/*
21 VBN:  21 VBN, 22 forstolen, 14 HVD
*/

( (IP-MAT (NP-NOM (NR^N Iacob))
	  (NEG+VBD nyste)
	  (CP-THT (C +d+at)
		  (IP-SUB (NP-NOM (NR^N Rachel))
			  (HVD h+afde)
			  (NP-ACC (D^A +da) (N^A anlicnyssa))
			  (VBN forstolen)))
	  (. .))
  (ID cootest,Gen:31.32.1270))

/~*
Rachel hi h+afde gehydd under anes olfendes seame.
(cootest,Gen:31.34.1274)
*~/
/*
12 VBN:  12 VBN, 13 gehydd, 10 HVD
*/

( (CODE <T06210066900,31.34>)
  (IP-MAT (NP-NOM (NR^N Rachel))
	  (NP-ACC (PRO^A hi))
	  (HVD h+afde)
	  (VBN gehydd)
	  (PP (P under)
	      (NP-DAT (NP-GEN (NUM^G anes) (N^G olfendes))
		      (N^D seame)))
	  (. .))
  (ID cootest,Gen:31.34.1274))

/~*
ac he cw+a+t: Min hlaford me h+af+t bet+aht ealle his +ting,
(cootest,Gen:39.8.1564)
*~/
/*
22 VBN:  22 VBN, 23 bet+aht, 20 HVPI
*/

( (IP-MAT (CONJ ac)
	  (NP-NOM (PRO^N he))
	  (VBDI cw+a+t)
	  (, :)
	  (IP-MAT-SPE (NP-NOM (PRO$^N Min) (N^N hlaford))
		      (NP (PRO me))
		      (HVPI h+af+t)
		      (VBN bet+aht)
		      (NP-ACC (Q^A ealle) (PRO$ his) (N^A +ting)))
	  (. ,))
  (ID cootest,Gen:39.8.1564))

/~*
+Ta cw+a+t he to his gebro+trum, +ta he +t+at feoh geseah on +t+as sacces
mu+te: Her ic h+abbe funden min feoh on +tis sacces mu+de;
(cootest,Gen:42.28.1774)
*~/
/*
60 VBN:  60 VBN, 61 funden, 58 HVP
*/

( (CODE <T06210090700,42.28>)
  (IP-MAT (ADVP-TMP (ADV^T +Ta))
	  (VBDI cw+a+t)
	  (NP-NOM (PRO^N he))
	  (PP (P to)
	      (NP-DAT (PRO$ his) (N^D gebro+trum)))
	  (, ,)
	  (CP-ADV (P +ta)
		  (C 0)
		  (IP-SUB (NP-NOM (PRO^N he))
			  (NP-ACC (D^A +t+at) (N^A feoh))
			  (VBDI geseah)
			  (PP (P on)
			      (NP-DAT (NP-GEN (D^G +t+as) (N^G sacces))
				      (N^D mu+te)))))
	  (, :)
	  (IP-MAT-SPE (ADVP-LOC (ADV^L Her))
		      (NP-NOM (PRO^N ic))
		      (HVP h+abbe)
		      (VBN funden)
		      (NP-ACC (PRO$^A min) (N^A feoh))
		      (PP (P on)
			  (NP-DAT (NP-GEN (D^G +tis) (N^G sacces))
				  (N^D mu+de))))
	  (. ;))
  (ID cootest,Gen:42.28.1774))

/~*
nu h+abbe we hit broht ongean be +tam ylcan gewihte. & eac o+ter seolfor mid
to ceapianne;
(cootest,Gen:43.22.1840)
*~/
/*
16 VBN:  16 VBN, 17 broht, 5 HVP
*/

( (IP-MAT-SPE (ADVP-TMP (ADV^T nu))
	      (HVP h+abbe)
	      (NP-NOM (PRO^N we))
	      (NP-ACC (NP-ACC (PRO^A hit))
		      (CONJP *ICH*-1))
	      (VBN broht)
	      (RP ongean)
	      (PP (P be)
		  (NP-DAT (D^D +tam) (ADJ^D ylcan) (N^D gewihte)))
	      (, .)
	      (CODE <T06210093600,43.22>)
	      (CONJP-1 (CONJ &)
		       (ADV eac)
		       (NP-ACC (ADJ^A o+ter)
			       (N^A seolfor)
			       (CP-EOP-SPE (WNP-2 0)
					   (IP-INF-NCO-SPE (PP (NP *T*-2)
							       (P mid))
							   (TO to)
							   (VB^D ceapianne)))))
	      (. ;))
  (ID cootest,Gen:43.22.1840))

/~*
Witodlice +d+at feoh, +te ge me sealdon, ic h+abbe afandod,
(cootest,Gen:43.23.1845)
*~/
/*
35 VBN:  35 VBN, 36 afandod, 33 HVP
*/

( (IP-MAT-SPE (ADVP (ADV Witodlice))
	      (NP-ACC (D^A +d+at)
		      (N^A feoh)
		      (, ,)
		      (CP-REL-SPE (WNP-1 0)
				  (C +te)
				  (IP-SUB-SPE (NP *T*-1)
					      (NP-NOM (PRO^N ge))
					      (NP (PRO me))
					      (VBDI sealdon))))
	      (, ,)
	      (NP-NOM (PRO^N ic))
	      (HVP h+abbe)
	      (VBN afandod)
	      (. ,))
  (ID cootest,Gen:43.23.1845))

/~*
On merigen +ta hy ferdon. & hi w+aron butan byrig & h+afdon sumne d+al weges
gefaren, +da cw+a+t Iosep to his gerefan: Aris
(cootest,Gen:44.3.1871)
*~/
/*
57 VBN:  57 VBN, 58 gefaren, 47 HVDI
*/

( (CODE <T06210095000,44.3>)
  (IP-MAT (PP (P On)
	      (NP-ACC (N^A merigen)))
	  (CP-ADV (P +ta)
		  (C 0)
		  (IP-SUB (IP-SUB (NP-NOM (PRO^N hy))
				  (VBDI ferdon))
			  (, .)
			  (CODE <T06210095100,44.4>)
			  (CONJP (CONJ &)
				 (IP-SUB-CON (NP-NOM (PRO^N hi))
					     (BEDI w+aron)
					     (PP (P butan)
						 (NP-DAT (N^D byrig)))))
			  (CONJP (CONJ &)
				 (IP-SUB-CON (NP-NOM *con*)
					     (HVDI h+afdon)
					     (NP-ACC (Q^A sumne)
						     (N^A d+al)
						     (NP-GEN (N^G weges)))
					     (VBN gefaren)))))
	  (, ,)
	  (ADVP-TMP (ADV^T +da))
	  (VBDI cw+a+t)
	  (NP-NOM (NR^N Iosep))
	  (PP (P to)
	      (NP (PRO$ his) (N gerefan)))
	  (, :)
	  (IP-MAT-SPE (VBI Aris)))
  (ID cootest,Gen:44.3.1871))

/~*
God h+af+t afandod ure unrihtwisnyssa;
(cootest,Gen:44.16.1897)
*~/
/*
7 VBN:  7 VBN, 8 afandod, 5 HVPI
*/

( (IP-MAT-SPE (NP-NOM (NR^N God))
	      (HVPI h+af+t)
	      (VBN afandod)
	      (NP-ACC (PRO$^A ure) (N^A unrihtwisnyssa))
	      (. ;))
  (ID cootest,Gen:44.16.1897))

/~*
Nu we habba+t hine earfo+dlice begyten +at urum f+ader & hine hider broht.
(cootest,Gen:44.21.1911)
*~/
/*
17 VBN:  17 VBN, 18 begyten, 9 HVPI
37 VBN:  37 VBN, 38 broht, 9 HVPI
*/

( (IP-MAT-SPE (IP-MAT-SPE-0 (ADVP-TMP (ADV^T Nu))
			    (NP-NOM (PRO^N we))
			    (HVPI habba+t)
			    (NP-ACC (PRO^A hine))
			    (ADVP (ADV earfo+dlice))
			    (VBN begyten)
			    (PP (P +at)
				(NP-DAT (PRO$^D urum) (N^D f+ader))))
	      (CONJP (CONJ &)
		     (IPX-MAT-SPE=0 (NP-ACC (PRO^A hine))
				    (ADVP-DIR (ADV^D hider))
				    (VBN broht)))
	      (. .))
  (ID cootest,Gen:44.21.1911))

/~*
& ic secge him +t+at ge synd hyrdas & habba+t broht hider mid eow eal +t+at ge
ahton.
(cootest,Gen:46.32.2024)
*~/
/*
35 VBN:  35 VBN, 36 broht, 33 HVPI
*/

( (CODE <T06210102600,46.32>)
  (IP-MAT-SPE (CONJ &)
	      (NP-NOM (PRO^N ic))
	      (VBP secge)
	      (NP-DAT (PRO^D him))
	      (CP-THT-SPE (C +t+at)
			  (IP-SUB-SPE (IP-SUB-SPE (NP-NOM (PRO^N ge))
						  (BEPI synd)
						  (NP-NOM-PRD (N^N hyrdas)))
				      (CONJP (CONJ &)
					     (IP-SUB-CON-SPE (NP-NOM *con*)
							     (HVPI habba+t)
							     (VBN broht)
							     (ADVP-DIR (ADV^D hider))
							     (PP (P mid)
								 (NP-RFL (PRO eow)))
							     (NP-ACC (Q^A eal)
								     (CP-REL-SPE (WNP-ACC-1 (D^A +t+at))
										 (C 0)
										 (IP-SUB-SPE (NP-ACC *T*-1)
											     (NP-NOM (PRO^N ge))
											     (VBDI ahton))))))))
	      (. .))
  (ID cootest,Gen:46.32.2024))

/~*
& Iosep h+afde gegaderod eal +t+at feoh +te hi ahton, & gebroht on +t+as
cyninges ma+dmhuse.
(cootest,Gen:47.14.2052)
*~/
/*
12 VBN:  12 VBN, 13 gegaderod, 10 HVD
40 VBN:  40 VBN, 41 gebroht, 10 HVD
*/

( (CODE <T06210104000,47.14>)
  (IP-MAT (IP-MAT-0 (CONJ &)
		    (NP-NOM (NR^N Iosep))
		    (HVD h+afde)
		    (VBN gegaderod)
		    (NP-ACC (Q^A eal)
			    (D^A +t+at)
			    (N^A feoh)
			    (CP-REL (WNP-1 0)
				    (C +te)
				    (IP-SUB (NP *T*-1)
					    (NP-NOM (PRO^N hi))
					    (VBDI ahton)))))
	  (, ,)
	  (CONJP (CONJ &)
		 (IPX-MAT=0 (VBN gebroht)
			    (PP (P on)
				(NP-DAT (NP-GEN (D^G +t+as) (N^G cyninges))
					(N^D ma+dmhuse))))
		 (. .)))
  (ID cootest,Gen:47.14.2052))

/~*
ge habba+d us gedon la+te Pharaone & eallum hys folce & gemacod +t+at hy
willa+d us mid heora swurdum ofslean.
(cootest,Exod:5.21.2517)
*~/
/*
11 VBN:  11 VBN, 12 gedon, 6 HVPI
37 VBN:  37 VBN, 38 gemacod, 6 HVPI
*/

( (IP-MAT-SPE (IP-MAT-SPE-0 (NP-NOM (PRO^N ge))
			    (HVPI habba+d)
			    (NP-ACC-1 (PRO^A us))
			    (VBN gedon)
			    (IP-SMC-SPE (NP-ACC-SBJ *ICH*-1)
					(ADJP-ACC-PRD (ADJ^A la+te))
					(NP-DAT (NP-DAT (NR^D Pharaone))
						(CONJP (CONJ &)
						       (NP-DAT (Q^D eallum) (PRO$ hys) (N^D folce))))))
	      (CONJP (CONJ &)
		     (IPX-MAT-SPE=0 (VBN gemacod)
				    (CP-THT-SPE (C +t+at)
						(IP-SUB-SPE (NP-NOM (PRO^N hy))
							    (MDPI willa+d)
							    (NP (PRO us))
							    (PP (P mid)
								(NP-DAT (PRO$ heora) (N^D swurdum)))
							    (RP+VB ofslean)))))
	      (. .))
  (ID cootest,Exod:5.21.2517))

/~*
& telle +tinum suna & +dinum magum, hu oft ic h+abbe fordon +ta Egyptiscan &
worhte mine wundru on him.
(cootest,Exod:10.2.2747)
*~/
/*
43 VBN:  43 VBN, 44 fordon, 41 HVP
*/

( (CODE <T06220021400,10.2>)
  (IP-MAT-SPE (CONJ &)
	      (NP-NOM *pro*)
	      (VBPS telle)
	      (NP-DAT (NP-DAT (PRO$^D +tinum) (N^D suna))
		      (CONJP (CONJ &)
			     (NP-DAT (PRO$^D +dinum) (N^D magum))))
	      (, ,)
	      (CP-QUE-SPE (WADVP-1 (WADV hu) (ADV^T oft))
			  (C 0)
			  (IP-SUB-SPE (IP-SUB-SPE (ADVP *T*-1)
						  (NP-NOM (PRO^N ic))
						  (HVP h+abbe)
						  (VBN fordon)
						  (NP-ACC (D^A +ta) (ADJ^A Egyptiscan)))
				      (CONJP (CONJ &)
					     (IP-SUB-CON-SPE (ADVP *T*-1)
							     (NP-NOM *con*)
							     (VBD worhte)
							     (NP-ACC (PRO$^A mine) (N^A wundru))
							     (PP (P on)
								 (NP-DAT (PRO^D him)))))))
	      (. .))
  (ID cootest,Exod:10.2.2747))

/~*
& Farao h+af+d gegaderod ealne his here
(cootest,Exod:14.4.2920)
*~/
/*
11 VBN:  11 VBN, 12 gegaderod, 9 HVPI
*/

( (CODE <T06220029200,14.4>)
  (IP-MAT-SPE (CONJ &)
	      (NP-NOM (NR^N Farao))
	      (HVPI h+af+d)
	      (VBN gegaderod)
	      (NP-ACC (Q^A ealne) (PRO$ his) (N^A here)))
  (ID cootest,Exod:14.4.2920))

/~*
& cw+adon: Earme h+afst +du us forl+ared:
(cootest,Exod:14.10.2932)
*~/
/*
22 VBN:  22 VBN, 23 forl+ared, 14 HVPI
*/

( (IP-MAT (CONJ &)
	  (NP-NOM *con*)
	  (VBDI cw+adon)
	  (, :)
	  (IP-MAT-SPE (ADVP (ADV Earme))
		      (HVPI h+afst)
		      (NP-NOM (PRO^N +du))
		      (NP (PRO us))
		      (VBN forl+ared))
	  (. :))
  (ID cootest,Exod:14.10.2932))

/~*
+TA Moyses h+afde gefaren ofer +da Readan S+a, +ta gegaderode he eal Israhela
folc tog+adere
(cootest,Exod:15.1.2966)
*~/
/*
15 VBN:  15 VBN, 16 gefaren, 13 HVD
*/

( (CODE <T06220031100,15.1>)
  (IP-MAT (CP-ADV (P +TA)
		  (C 0)
		  (IP-SUB (NP-NOM (NR^N Moyses))
			  (HVD h+afde)
			  (VBN gefaren)
			  (PP (P ofer)
			      (NP-ACC (D^A +da) (ADJ^A Readan) (N^A S+a)))))
	  (, ,)
	  (ADVP-TMP (ADV^T +ta))
	  (VBD gegaderode)
	  (NP-NOM (PRO^N he))
	  (NP-ACC (Q^A eal)
		  (NP-GEN (NR^G Israhela))
		  (N^A folc))
	  (ADVP (ADV tog+adere)))
  (ID cootest,Exod:15.1.2966))

/~*
+tin folc h+af+d gesyngod, +te +du ut al+addest of Egypta lande.
(cootest,Exod:32.7.3446)
*~/
/*
11 VBN:  11 VBN, 12 gesyngod, 9 HVPI
*/

( (IP-MAT-SPE (NP-NOM (PRO$^N +tin)
		      (N^N folc)
		      (CP-REL-SPE *ICH*-2))
	      (HVPI h+af+d)
	      (VBN gesyngod)
	      (, ,)
	      (CP-REL-SPE-2 (WNP-1 0)
			    (C +te)
			    (IP-SUB-SPE (NP *T*-1)
					(NP-NOM (PRO^N +du))
					(RP ut)
					(VBDI al+addest)
					(PP (P of)
					    (NP-DAT (NP-GEN (NR^G Egypta))
						    (N^D lande)))))
	      (. .))
  (ID cootest,Exod:32.7.3446))

/~*
hi habba+t him gegoten an gilden cealf,
(cootest,Exod:32.8.3448)
*~/
/*
10 VBN:  10 VBN, 11 gegoten, 5 HVPI
*/

( (IP-MAT-SPE (NP-NOM (PRO^N hi))
	      (HVPI habba+t)
	      (NP-DAT-RFL-ADT (PRO^D him))
	      (VBN gegoten)
	      (NP-ACC (NUM^A an) (ADJ^A gilden) (N^A cealf))
	      (. ,))
  (ID cootest,Exod:32.8.3448))

/~*
+Da cw+a+d Moyses to Aarone: Hw+at h+af+d +tis folc gedon?
(cootest,Exod:32.21.3470)
*~/
/*
34 VBN:  34 VBN, 35 gedon, 27 HVPI
*/

( (CODE <T06220056600,32.21>)
  (IP-MAT (ADVP-TMP (ADV^T +Da))
	  (VBDI cw+a+d)
	  (NP-NOM (NR^N Moyses))
	  (PP (P to)
	      (NP-DAT (NR^D Aarone)))
	  (, :)
	  (CP-QUE-SPE (WNP-ACC-1 (WPRO^A Hw+at))
		      (IP-SUB-SPE (NP-ACC *T*-1)
				  (HVPI h+af+d)
				  (NP-NOM (D^N +tis) (N^N folc))
				  (VBN gedon)))
	  (. ?))
  (ID cootest,Exod:32.21.3470))

/~*
Hit h+af+d geworht +ta m+astan synne & Gode +ta la+tustan.
(cootest,Exod:32.21.3471)
*~/
/*
9 VBN:  9 VBN, 10 geworht, 7 HVPI
*/

( (CODE <T06220056700,32.21>)
  (IP-MAT-SPE (NP-NOM (PRO^N Hit))
	      (HVPI h+af+d)
	      (VBN geworht)
	      (NP-ACC (NP-ACC (D^A +ta) (QS^A m+astan) (N^A synne))
		      (CONJP (CONJ &)
			     (NP-ACC (NP-DAT (NR^D Gode))
				     (D^A +ta)
				     (ADJS^A la+tustan))))
	      (. .))
  (ID cootest,Exod:32.21.3471))

/~*
+Da geseah Moyses +t+at Aaron h+afde bereafod +t+at folc +at heora golde for
+tam unrihte +te hi gedon h+afdon,
(cootest,Exod:32.25.3480)
*~/
/*
21 VBN:  21 VBN, 22 bereafod, 19 HVD
55 VBN:  55 VBN, 56 gedon, 19 HVD
*/

( (CODE <T06220057100,32.25>)
  (IP-MAT (ADVP-TMP (ADV^T +Da))
	  (VBDI geseah)
	  (NP-NOM (NR^N Moyses))
	  (CP-THT (C +t+at)
		  (IP-SUB (NP-NOM (NR^N Aaron))
			  (HVD h+afde)
			  (VBN bereafod)
			  (NP-ACC (D^A +t+at) (N^A folc))
			  (PP (P +at)
			      (NP-DAT (PRO$ heora) (N^D golde)))
			  (PP (P for)
			      (NP-DAT (D^D +tam)
				      (N^D unrihte)
				      (CP-REL (WNP-1 0)
					      (C +te)
					      (IP-SUB (NP *T*-1)
						      (NP-NOM (PRO^N hi))
						      (VBN gedon)
						      (HVDI h+afdon)))))))
	  (. ,))
  (ID cootest,Exod:32.25.3480))

/~*
+Ta cw+a+t Moyses to him: To d+ag ge habba+d Gode gecwemed, & eowre handa
gehalgode, for +tam +te ge eowre agene nextan ofslogon, +te Gode abulgon.
(cootest,Exod:32.29.3490)
*~/
/*
35 VBN:  35 VBN, 36 gecwemed, 30 HVPI
*/

( (CODE <T06220057500,32.29>)
  (IP-MAT (ADVP-TMP (ADV^T +Ta))
	  (VBDI cw+a+t)
	  (NP-NOM (NR^N Moyses))
	  (PP (P to)
	      (NP-DAT (PRO^D him)))
	  (, :)
	  (IP-MAT-SPE-0 (PP (P To)
			    (NP-ACC (N^A d+ag)))
			(NP-NOM (PRO^N ge))
			(HVPI habba+d)
			(NP-DAT (NR^D Gode))
			(VBN gecwemed)
			(, ,)
			(IPX-MAT-SPE=0 (CONJ &)
				       (NP-ACC (PRO$^A eowre) (N^A handa))
				       (VBN^N gehalgode))
			(, ,)
			(CP-ADV-SPE (P for)
				    (D^D +tam)
				    (C +te)
				    (IP-SUB-SPE (NP-NOM (PRO^N ge))
						(NP-ACC (PRO$^A eowre)
							(ADJ^A agene)
							(N^A nextan)
							(CP-REL-SPE *ICH*-1))
						(RP+VBDI ofslogon)
						(, ,)
						(CP-REL-SPE-1 (WNP-NOM-2 0)
							      (C +te)
							      (IP-SUB-SPE (NP-NOM *T*-2)
									  (NP-DAT (NR^D Gode))
									  (VBDI abulgon))))))
	  (. .))
  (ID cootest,Exod:32.29.3490))

/~*
+Da Aaron geofrod h+afde & +d+at folc gebletsod, swa Moyses him bebead, +da
eode he ny+der;
(cootest,Lev:9.23.3753)
*~/
/*
27 VBN:  27 VBN, 28 gebletsod, 16 HVD
*/

( (CODE <T06230008100,9.23>)
  (IP-MAT (CP-ADV (P +Da)
		  (C 0)
		  (IP-SUB (IP-SUB-0 (NP-NOM (NR^N Aaron))
				    (VBN geofrod)
				    (HVD h+afde))
			  (CONJP (CONJ &)
				 (IPX-SUB-CON=0 (NP-ACC (D^A +d+at) (N^A folc))
						(VBN gebletsod)
						(, ,)
						(PP (P swa)
						    (CPX-CMP (IPX-SUB (NP-NOM (NR^N Moyses))
								      (NP-DAT (PRO^D him))
								      (VBDI bebead))))))))
	  (, ,)
	  (ADVP-TMP (ADV^T +da))
	  (VBD eode)
	  (NP-NOM (PRO^N he))
	  (RP ny+der)
	  (. ;))
  (ID cootest,Lev:9.23.3753))

/~*
& ic h+abbe gyfe beforan +de, +t+at ic ne sy mid swa miclum yfele geswenct.
(cootest,Num:11.15.4042)
*~/
/*
42 VBN:  42 VBN, 43 geswenct, 7 HVP
*/

( (IP-MAT-SPE (CONJ &)
	      (NP-NOM (PRO^N ic))
	      (HVP h+abbe)
	      (NP (N gyfe))
	      (PP (P beforan)
		  (NP (PRO +de)))
	      (, ,)
	      (CP-ADV-SPE (C +t+at)
			  (IP-SUB-SPE (NP-NOM (PRO^N ic))
				      (NEG ne)
				      (BEPS sy)
				      (PP (P mid)
					  (NP-DAT (QP-DAT (ADV swa) (Q^D miclum))
						  (N^D yfele)))
				      (VBN geswenct)))
	      (. .))
  (ID cootest,Num:11.15.4042))

/~*
ic h+afde gemynt +de to arwur+dienne on +ahtum & on feo,
(cootest,Num:24.11.4402)
*~/
/*
7 VBN:  7 VBN, 8 gemynt, 5 HVD
*/

( (IP-MAT-SPE (NP-NOM (PRO^N ic))
	      (HVD h+afde)
	      (VBN gemynt)
	      (IP-INF-SPE (NP (PRO +de))
			  (TO to)
			  (VB^D arwur+dienne)
			  (PP (PP (P on)
				  (NP-DAT (N^D +ahtum)))
			      (CONJP (CONJ &)
				     (PP (P on)
					 (NP-DAT (N^D feo))))))
	      (. ,))
  (ID cootest,Num:24.11.4402))

/~*
Ac heo h+afde hi behydd, +ar hyre seo h+as to come, on hyre upflora,
(cootest,Josh:2.4.5192)
*~/
/*
14 VBN:  14 VBN, 15 behydd, 9 HVD
*/

( (CODE <T06260001100,2.4>)
  (IP-MAT (CONJ Ac)
	  (NP-NOM (PRO^N heo))
	  (HVD h+afde)
	  (NP-ACC (PRO^A hi))
	  (VBN behydd)
	  (, ,)
	  (CP-ADV (P +ar)
		  (C 0)
		  (IP-SUB (NP-1 (PRO hyre))
			  (NP-NOM (D^N seo) (N^N h+as))
			  (PP (NP *ICH*-1)
			      (P to))
			  (VBDS come)))
	  (, ,)
	  (PP (P on)
	      (NP-DAT (PRO$ hyre) (N^D upflora)))
	  (. ,))
  (ID cootest,Josh:2.4.5192))
/*
FOOTER
  source file, hits/tokens/total
  C:\Users\Shoo\Dropbox\workspace\CorpusSearch_Auto\data\corporas\YCOE\temp1492105600559\bible_and_apocrypha\cootest.o3.psd	33/29/5812
*/
/*
HEADER:
source file:  C:\Users\Shoo\Dropbox\workspace\CorpusSearch_Auto\data\corporas\YCOE\temp1492105600559\bible_and_apocrypha\covinsal.psd
*/

/~*
Ac se ylca Nathan w+as swa gely+den, +t+at he h+afde gefaren fram +alcum lande
to o+drum and fram s+a to s+a and swa +t+at he h+afde ealle eor+dan ymbfaren.
(covinsal,VSal_1_[Cross]:2.3.8)
*~/
/*
31 VBN:  31 VBN, 32 gefaren, 29 HVD
*/

( (CODE <T06510000500,2.3>)
  (IP-MAT (CONJ Ac)
	  (NP-NOM (D^N se) (ADJ^N ylca) (NR^N Nathan))
	  (BEDI w+as)
	  (ADJP-NOM-PRD (ADV swa)
			(ADJ^N gely+den)
			(, ,)
			(CP-DEG (C +t+at)
				(IP-SUB-0 (NP-NOM (PRO^N he))
					  (HVD h+afde)
					  (VBN gefaren)
					  (PP (P fram)
					      (NP-DAT (Q^D +alcum) (N^D lande)))
					  (PP (P to)
					      (NP-DAT (ADJ^D o+drum)))
					  (IPX-SUB-PRN=0 (CONJ and)
							 (PP (P fram)
							     (NP (N s+a)))
							 (PP (P to)
							     (NP (N s+a))))
					  (CONJ and)
					  (CP-ADV (P swa)
						  (C +t+at)
						  (IP-SUB (NP-NOM (PRO^N he))
							  (HVD h+afde)
							  (NP-ACC (Q^A ealle) (N^A eor+dan))
							  (RP+VBN ymbfaren))))))
	  (. .))
  (ID covinsal,VSal_1_[Cross]:2.3.8))

/~*
Ac +da +ta Tyrus h+afde +tus gespecen, hym +ta of +tam andwlytan ny+der afeoll
se cancer, +te hyne +ar swy+de amyrred h+afde,
(covinsal,VSal_1_[Cross]:9.1.65)
*~/
/*
22 VBN:  22 VBN, 23 gespecen, 17 HVD
68 VBN:  68 VBN, 69 amyrred, 17 HVD
*/

( (CODE <T06510002800,9.1>)
  (IP-MAT (CONJ Ac)
	  (CP-ADV (ADV^T +da)
		  (P +ta)
		  (C 0)
		  (IP-SUB (NP-NOM (NR^N Tyrus))
			  (HVD h+afde)
			  (ADVP (ADV +tus))
			  (VBN gespecen)))
	  (, ,)
	  (NP-DAT (PRO^D hym))
	  (ADVP-TMP (ADV^T +ta))
	  (PP (P of)
	      (NP-DAT (D^D +tam) (N^D andwlytan)))
	  (RP ny+der)
	  (VBDI afeoll)
	  (NP-NOM (D^N se)
		  (N^N cancer)
		  (, ,)
		  (CP-REL (WNP-NOM-1 0)
			  (C +te)
			  (IP-SUB (NP-NOM *T*-1)
				  (NP-ACC (PRO^A hyne))
				  (ADVP-TMP (ADV^T +ar))
				  (ADVP (ADV swy+de))
				  (VBN amyrred)
				  (HVD h+afde))))
	  (. ,))
  (ID covinsal,VSal_1_[Cross]:9.1.65))

/~*
Titus and Vespasianus heora ge+teaht h+afdon swa +teah +t+at Vespasianus w+as
+arost gefullod.
(covinsal,VSal_1_[Cross]:12.1.90)
*~/
/*
37 VBN:  37 VBN, 38 gefullod, 18 HVDI
*/

( (CODE <T06510003800,12.1>)
  (IP-MAT (NP-NOM (NR^N Titus) (CONJ and) (NR^N Vespasianus))
	  (NP-ACC (PRO$ heora)
		  (N^A ge+teaht)
		  (CP-THT *ICH*-1))
	  (HVDI h+afdon)
	  (ADVP (ADV swa) (ADV +teah))
	  (CP-THT-1 (C +t+at)
		    (IP-SUB (NP-NOM (NR^N Vespasianus))
			    (BEDI w+as)
			    (ADVP-TMP (ADVS^T +arost))
			    (VBN gefullod)))
	  (. .))
  (ID covinsal,VSal_1_[Cross]:12.1.90))

/~*
Ioseph hym +ta to cw+a+d: Ic wat +t+at ic hyne of +t+are rode genam and hyne
on +ta byrgene lede, +te ic h+afde me sylf of stane aheawen,
(covinsal,VSal_1_[Cross]:21.4.166)
*~/
/*
97 VBN:  97 VBN, 98 aheawen, 83 HVD
*/

( (CODE <T06510007200,21.4>)
  (IP-MAT (NP-NOM (NR^N Ioseph))
	  (NP-DAT-1 (PRO^D hym))
	  (ADVP-TMP (ADV^T +ta))
	  (PP (NP-DAT *ICH*-1)
	      (P to))
	  (VBDI cw+a+d)
	  (, :)
	  (IP-MAT-SPE (NP-NOM (PRO^N Ic))
		      (VBPI wat)
		      (CP-THT-SPE (C +t+at)
				  (IP-SUB-SPE (IP-SUB-SPE (NP-NOM (PRO^N ic))
							  (NP-ACC (PRO^A hyne))
							  (PP (P of)
							      (NP-DAT (D^D +t+are) (N^D rode)))
							  (VBDI genam))
					      (CONJP (CONJ and)
						     (IP-SUB-CON-SPE (NP-NOM *con*)
								     (NP-ACC (PRO^A hyne))
								     (PP (P on)
									 (NP-ACC (D^A +ta)
										 (N^A byrgene)
										 (CP-REL-SPE *ICH*-2)))
								     (VBD lede)
								     (, ,)
								     (CP-REL-SPE-2 (WNP-3 0)
										   (C +te)
										   (IP-SUB-SPE (NP *T*-3)
											       (NP-NOM (PRO^N ic))
											       (HVD h+afde)
											       (NP-DAT-RFL-ADT (PRO^D me))
											       (ADJP-NOM (ADJ^N sylf))
											       (PP (P of)
												   (NP-DAT (N^D stane)))
											       (VBN aheawen))))))))
	  (. ,))
  (ID covinsal,VSal_1_[Cross]:21.4.166))

/~*
and la, hw+at h+abbe ic gedon, ic axie +te, +t+at ic ne mot mynne Dryhten
habban?
(covinsal,VSal_1_[Cross]:26.4.222)
*~/
/*
19 VBN:  19 VBN, 20 gedon, 14 HVP
*/

( (CP-QUE-SPE (CONJ and)
	      (INTJ la)
	      (, ,)
	      (WNP-ACC-1 (WPRO^A hw+at))
	      (IP-SUB-SPE (NP-ACC *T*-1)
			  (HVP h+abbe)
			  (NP-NOM (PRO^N ic))
			  (VBN gedon)
			  (, ,)
			  (-PRN (NP-NOM (PRO^N ic))
				(VBP axie)
				(NP (PRO +te)))
			  (, ,)
			  (CP-ADV-SPE (C +t+at)
				      (IP-SUB-SPE (NP-NOM (PRO^N ic))
						  (NEG ne)
						  (MDPI mot)
						  (NP-ACC (PRO$^A mynne) (NR^A Dryhten))
						  (HV habban))))
	      (. ?))
  (ID covinsal,VSal_1_[Cross]:26.4.222))
/*
FOOTER
  source file, hits/tokens/total
  C:\Users\Shoo\Dropbox\workspace\CorpusSearch_Auto\data\corporas\YCOE\temp1492105600559\bible_and_apocrypha\covinsal.psd	6/5/277
*/
/*
HEADER:
source file:  C:\Users\Shoo\Dropbox\workspace\CorpusSearch_Auto\data\corporas\YCOE\temp1492105600559\bible_and_apocrypha\cowsgosp.o3.psd
*/

/~*
So+tlice +tam +te h+af+t him by+t geseald
(cowsgosp,Mt_[WSCp]:13.12.819)
*~/
/*
27 VBN:  27 VBN, 28 geseald, 18 HVPI
*/

( (CODE <T06410042000,13.12>)
  (IP-MAT (ADVP (ADV So+tlice))
	  (NP-DAT-LFD (D^D +tam)
		      (CP-REL (WNP-NOM-1 0)
			      (C +te)
			      (IP-SUB (NP-NOM *T*-1)
				      (HVPI h+af+t))))
	  (NP-NOM *exp*)
	  (NP-DAT-RSP (PRO^D him))
	  (BEPI by+t)
	  (VBN geseald))
  (ID cowsgosp,Mt_[WSCp]:13.12.819))

/~*
so+tlice se +te n+af+d & +t+at +te he h+af+d him bi+d +atbroden.
(cowsgosp,Mt_[WSCp]:13.12.821)
*~/
/*
41 VBN:  41 VBN, 42 +atbroden, 34 HVPI
*/

( (IP-MAT (ADVP (ADV so+tlice))
	  (NP-NOM-LFD (D^N se)
		      (CP-REL (WNP-NOM-1 0)
			      (C +te)
			      (IP-SUB (NP-NOM *T*-1)
				      (NEG+HVPI n+af+d))))
	  (CONJ &)
	  (NP-NOM (D^N +t+at)
		  (CP-REL (WNP-2 0)
			  (C +te)
			  (IP-SUB (NP *T*-2)
				  (NP-NOM (PRO^N he))
				  (HVPI h+af+d))))
	  (NP-DAT-RSP (PRO^D him))
	  (BEPI bi+d)
	  (VBN +atbroden)
	  (. .))
  (ID cowsgosp,Mt_[WSCp]:13.12.821))

/~*
Betere +te ys +t+at +tu ga wanhal o+t+te healt to life +tonne +tu h+abbe twa
handa & twegen fet & sy on ece fyr asend.
(cowsgosp,Mt_[WSCp]:18.8.1196)
*~/
/*
85 VBN:  85 VBN, 86 asend, 53 HVPS
*/

( (IP-MAT-SPE-0 (NP-NOM-x *exp*)
		(ADJP-NOM-PRD (ADJR^N Betere)
			      (PP *ICH*-1))
		(NP-DAT (PRO^D +te))
		(BEPI ys)
		(CP-THT-SPE-x (C +t+at)
			      (IP-SUB-SPE (NP-NOM (PRO^N +tu))
					  (VBPS ga)
					  (ADJP-NOM (ADJ^N wanhal) (CONJ o+t+te) (ADJ^N healt))
					  (PP (P to)
					      (NP-DAT (N^D life)))))
		(PP-1 (P +tonne)
		      (CP-CMP-SPE (WADJP-2 0)
				  (C 0)
				  (IPX-SUB-SPE=0 (ADJP-PRD *T*-2)
						 (CPX-THT-SPE (IP-SUB-SPE (IP-SUB-SPE (NP-NOM (PRO^N +tu))
										      (HVPS h+abbe)
										      (NP-ACC (NP-ACC (NUM^A twa) (N^A handa))
											      (CONJP (CONJ &)
												     (NP-ACC (NUM^A twegen) (N^A fet)))))
									  (CONJP (CONJ &)
										 (IP-SUB-CON-SPE (NP-NOM *con*)
												 (BEPS sy)
												 (PP (P on)
												     (NP-ACC (ADJ^A ece) (N^A fyr)))
												 (VBN asend))))))))
		(. .))
  (ID cowsgosp,Mt_[WSCp]:18.8.1196))

/~*
Nu ic h+abbe gestrynyd o+dre twa.
(cowsgosp,Mt_[WSCp]:25.22.1765)
*~/
/*
10 VBN:  10 VBN, 11 gestrynyd, 8 HVP
*/

( (IP-MAT-SPE (ADVP-TMP (ADV^T Nu))
	      (NP-NOM (PRO^N ic))
	      (HVP h+abbe)
	      (VBN gestrynyd)
	      (NP-ACC (ADJ^A o+dre) (NUM^A twa))
	      (. .))
  (ID cowsgosp,Mt_[WSCp]:25.22.1765))

/~*
+dam +te n+af+d +t+at hym +tinc+d +t+at he h+abbe +t+at hym by+d +atbrodyn.
(cowsgosp,Mt_[WSCp]:25.29.1783)
*~/
/*
48 VBN:  48 VBN, 49 +atbrodyn, 38 HVPS
*/

( (IP-MAT (NP-DAT-LFD (D^D +dam)
		      (CP-REL (WNP-NOM-1 0)
			      (C +te)
			      (IP-SUB (NP-NOM *T*-1)
				      (NEG+HVPI n+af+d))))
	  (CP-FRL-LFD (WNP-ACC-2 (D^A +t+at))
		      (C 0)
		      (IP-SUB (NP-NOM-x *exp*)
			      (NP-DAT (PRO^D hym))
			      (VBPI +tinc+d)
			      (CP-THT-x (C +t+at)
					(IP-SUB (NP-ACC *T*-2)
						(NP-NOM (PRO^N he))
						(HVPS h+abbe)))))
	  (NP-NOM-RSP (D^N +t+at))
	  (NP-DAT-RSP (PRO^D hym))
	  (BEPI by+d)
	  (VBN +atbrodyn)
	  (. .))
  (ID cowsgosp,Mt_[WSCp]:25.29.1783))

/~*
Witodlice +ta se h+alend h+afde ealle +tas spr+aca geendud +ta cw+a+d he to
hys leorningcnihtum. Wite ge +t+at +after twam dagum beo+d Eastro
(cowsgosp,Mt_[WSCp]:26.1.1824)
*~/
/*
27 VBN:  27 VBN, 28 geendud, 18 HVD
*/

( (CODE <T06410092100,26.1>)
  (IP-MAT (ADVP (ADV Witodlice))
	  (CP-ADV (P +ta)
		  (C 0)
		  (IP-SUB (NP-NOM (D^N se) (N^N h+alend))
			  (HVD h+afde)
			  (NP-ACC (Q^A ealle) (D^A +tas) (N^A spr+aca))
			  (VBN geendud)))
	  (ADVP-TMP (ADV^T +ta))
	  (VBDI cw+a+d)
	  (NP-NOM (PRO^N he))
	  (PP (P to)
	      (NP-DAT (PRO$ hys) (N^D leorningcnihtum)))
	  (, .)
	  (CODE <T06410092200,26.2>)
	  (IP-MAT-SPE (VBPH Wite)
		      (NP-NOM (PRO^N ge))
		      (CP-THT-SPE (C +t+at)
				  (IP-SUB-SPE (PP (P +after)
						  (NP-DAT (NUM^D twam) (N^D dagum)))
					      (BEPI beo+d)
					      (NP-NOM (NR^N Eastro))))))
  (ID cowsgosp,Mt_[WSCp]:26.1.1824))

/~*
He h+afde +ta so+dlice +anne strangne +teofmann geh+aftne se w+as genemned
Barrabbas.
(cowsgosp,Mt_[WSCp]:27.16.2018)
*~/
/*
35 VBN:  35 VBN, 36 genemned, 7 HVD
*/

( (CODE <T06410101100,27.16>)
  (IP-MAT (NP-NOM (PRO^N He))
	  (HVD h+afde)
	  (ADVP-TMP (ADV^T +ta))
	  (ADVP (ADV so+dlice))
	  (NP-ACC (NUM^A +anne)
		  (ADJ^A strangne)
		  (N^A +teofmann)
		  (ADJ^A geh+aftne)
		  (CP-REL (WNP-NOM-1 (D^N se))
			  (C 0)
			  (IP-SUB (NP-NOM *T*-1)
				  (BEDI w+as)
				  (VBN genemned)
				  (NP-NOM-PRD (NR^N Barrabbas)))))
	  (. .))
  (ID cowsgosp,Mt_[WSCp]:27.16.2018))

/~*
So+dlice fela ic h+abbe ge+tolod tod+ag +turh gesyh+de for hym.
(cowsgosp,Mt_[WSCp]:27.19.2024)
*~/
/*
13 VBN:  13 VBN, 14 ge+tolod, 11 HVP
*/

( (IP-MAT-SPE (ADVP (ADV So+dlice))
	      (NP (Q fela))
	      (NP-NOM (PRO^N ic))
	      (HVP h+abbe)
	      (VBN ge+tolod)
	      (ADVP-TMP (ADV^T tod+ag))
	      (PP (P +turh)
		  (NP (N gesyh+de)))
	      (PP (P for)
		  (NP-DAT (PRO^D hym)))
	      (. .))
  (ID cowsgosp,Mt_[WSCp]:27.19.2024))

/~*
& +tam +de n+af+d, eac +t+at he h+af+d him bi+d +atbroden.
(cowsgosp,Mk_[WSCp]:4.25.2436)
*~/
/*
41 VBN:  41 VBN, 42 +atbroden, 34 HVPI
*/

( (IP-MAT-SPE (CONJ &)
	      (NP-DAT-LFD (D^D +tam)
			  (CP-REL-SPE (WNP-NOM-3 0)
				      (C +de)
				      (IP-SUB-SPE (NP-NOM *T*-3)
						  (NEG+HVPI n+af+d))))
	      (, ,)
	      (ADVP (ADV eac))
	      (CP-FRL-SBJ-SPE (WNP-ACC-1 (D^A +t+at))
			      (C 0)
			      (IP-SUB-SPE (NP-ACC *T*-1)
					  (NP-NOM (PRO^N he))
					  (HVPI h+af+d)))
	      (NP-DAT-RSP (PRO^D him))
	      (BEPI bi+d)
	      (VBN +atbroden)
	      (. .))
  (ID cowsgosp,Mk_[WSCp]:4.25.2436))

/~*
+Ta he on scip eode hine ongan biddan se +de +ar mid deofle gedreht w+as,
+t+at he mid him w+are.
(cowsgosp,Mk_[WSCp]:5.18.2498)
*~/
/*
48 VBN:  48 VBN, 49 gedreht, 24 AXDI
*/

( (CODE <T06420016400,5.18>)
  (IP-MAT (CP-ADV (P +Ta)
		  (C 0)
		  (IP-SUB (NP-NOM (PRO^N he))
			  (PP (P on)
			      (NP-ACC (N^A scip)))
			  (VBD eode)))
	  (NP-ACC (PRO^A hine))
	  (AXDI ongan)
	  (VB biddan)
	  (NP-NOM (D^N se)
		  (CP-REL (WNP-NOM-1 0)
			  (C +de)
			  (IP-SUB (NP-NOM *T*-1)
				  (ADVP-TMP (ADV^T +ar))
				  (PP (P mid)
				      (NP-DAT (N^D deofle)))
				  (VBN gedreht)
				  (BEDI w+as))))
	  (, ,)
	  (CP-THT (C +t+at)
		  (IP-SUB (NP-NOM (PRO^N he))
			  (PP (P mid)
			      (NP-DAT (PRO^D him)))
			  (BEDS w+are)))
	  (. .))
  (ID cowsgosp,Mk_[WSCp]:5.18.2498))

/~*
+Da ongan he hi l+aran +t+at mannes sunu gebyre+d fela +tinga +tolian & beon
aworpen fram ealdormannum & heahsacerdum & bocerum & beon ofslegen & +after
+trim dagum arisan.
(cowsgosp,Mk_[WSCp]:8.31.2807)
*~/
/*
45 VBN:  45 VBN, 46 aworpen, 7 AXDI
*/

( (CODE <T06420031400,8.31>)
  (IP-MAT (ADVP-TMP (ADV^T +Da))
	  (AXDI ongan)
	  (NP-NOM (PRO^N he))
	  (NP-ACC (PRO^A hi))
	  (VB l+aran)
	  (CP-THT (C +t+at)
		  (IP-SUB (NP-NOM (NP-GEN (N^G mannes))
				  (N^N sunu))
			  (VBPI gebyre+d)
			  (IP-INF (IP-INF (NP (Q fela)
					      (NP-GEN (N^G +tinga)))
					  (VB +tolian))
				  (CONJP (CONJ &)
					 (IP-INF (BE beon)
						 (VBN aworpen)
						 (PP (P fram)
						     (NP-DAT (N^D ealdormannum) (CONJ &) (N^D heahsacerdum) (CONJ &) (N^D bocerum)))))
				  (CONJP (CONJ &)
					 (IP-INF (BE beon) (RP+VBN ofslegen)))
				  (CONJP (CONJ &)
					 (IP-INF (PP (P +after)
						     (NP-DAT (NUM^D +trim) (N^D dagum)))
						 (VB arisan))))))
	  (. .))
  (ID cowsgosp,Mk_[WSCp]:8.31.2807))

/~*
Betere +te is +t+at +tu healt ga on ece lif +tonne +tu h+abbe twegen fet & si
aworpen on helle unacwencedlices fyres.
(cowsgosp,Mk_[WSCp]:9.45.2907)
*~/
/*
66 VBN:  66 VBN, 67 aworpen, 51 HVPS
*/

( (IP-MAT-SPE-0 (NP-NOM-x *exp*)
		(ADJP-NOM-PRD (ADJR^N Betere)
			      (PP *ICH*-1))
		(NP-DAT (PRO^D +te))
		(BEPI is)
		(CP-THT-SPE-x (C +t+at)
			      (IP-SUB-SPE (NP-NOM (PRO^N +tu)
						  (ADJP-NOM (ADJ^N healt)))
					  (VBPS ga)
					  (PP (P on)
					      (NP-ACC (ADJ^A ece) (N^A lif)))))
		(PP-1 (P +tonne)
		      (CP-CMP-SPE (WADJP-2 0)
				  (C 0)
				  (IPX-SUB-SPE=0 (ADJP-PRD *T*-2)
						 (CPX-THT-SPE (IP-SUB-SPE (IP-SUB-SPE (NP-NOM (PRO^N +tu))
										      (HVPS h+abbe)
										      (NP-ACC (NUM^A twegen) (N^A fet)))
									  (CONJP (CONJ &)
										 (IP-SUB-CON-SPE (NP-NOM *con*)
												 (BEPS si)
												 (VBN aworpen)
												 (PP (P on)
												     (NP (N helle)
													 (NP-GEN (ADJ^G unacwencedlices) (N^G fyres)))))))))))
		(. .))
  (ID cowsgosp,Mk_[WSCp]:9.45.2907))

/~*
& ongan him secgan +ta +ding +te him towearde w+aron. +T+at we nu astiga+d to
Hierusalem & mannes sunu bi+d geseald sacerda ealdrum & bocerum & ealdrum; &
hi hine dea+de geny+teria+d & hi hine +teodum sylla+d. & hi hine bysmira+d &
hi him on sp+ata+d & hine swinga+d & ofslea+d hine; & he arist on +tam
+triddan d+age.
(cowsgosp,Mk_[WSCp]:10.33.2985)
*~/
/*
69 VBN:  69 VBN, 70 geseald, 6 AXDI
*/

( (IP-MAT (CONJ &)
	  (NP-NOM *con*)
	  (AXDI ongan)
	  (NP-DAT (PRO^D him))
	  (VB secgan)
	  (NP-ACC (D^A +ta)
		  (N^A +ding)
		  (CP-REL (WNP-NOM-1 0)
			  (C +te)
			  (IP-SUB (NP-NOM *T*-1)
				  (NP-DAT (PRO^D him))
				  (ADJP-NOM-PRD (ADJ^N towearde))
				  (BEDI w+aron)))
		  (, .)
		  (CODE <T06420040400,10.33>)
		  (CP-THT-PRN (C +T+at)
			      (IP-SUB (IP-SUB (NP-NOM (PRO^N we))
					      (ADVP-TMP (ADV^T nu))
					      (VBPI astiga+d)
					      (PP (P to)
						  (NP (NR Hierusalem))))
				      (CONJP (CONJ &)
					     (IP-SUB-CON (NP-NOM (NP-GEN (N^G mannes))
								 (N^N sunu))
							 (BEPI bi+d)
							 (VBN geseald)
							 (NP-DAT (NP-DAT (NP-GEN (N^G sacerda))
									 (N^D ealdrum))
								 (CONJP (CONJ &)
									(NP-DAT (N^D bocerum)))
								 (CONJP (CONJ &)
									(NP-DAT (N^D ealdrum))))))
				      (, ;)
				      (CONJP (CONJ &)
					     (IP-SUB-CON (NP-NOM (PRO^N hi))
							 (NP-ACC (PRO^A hine))
							 (NP-DAT (N^D dea+de))
							 (VBPI geny+teria+d)))
				      (CONJP (CONJ &)
					     (IP-SUB-CON (NP-NOM (PRO^N hi))
							 (NP-ACC (PRO^A hine))
							 (NP-DAT (N^D +teodum))
							 (VBPI sylla+d)))
				      (, .)
				      (CODE <T06420040500,10.34>)
				      (CONJP (CONJ &)
					     (IP-SUB-CON (NP-NOM (PRO^N hi))
							 (NP-ACC (PRO^A hine))
							 (VBPI bysmira+d)))
				      (CONJP (CONJ &)
					     (IP-SUB-CON (NP-NOM (PRO^N hi))
							 (PP (NP-DAT (PRO^D him))
							     (P on))
							 (VBPI sp+ata+d)))
				      (CONJP (CONJ &)
					     (IP-SUB-CON (NP-NOM *con*)
							 (NP-ACC (PRO^A hine))
							 (VBPI swinga+d)))
				      (CONJP (CONJ &)
					     (IP-SUB-CON (NP-NOM *con*)
							 (RP+VBPI ofslea+d)
							 (NP-ACC (PRO^A hine))))
				      (, ;)
				      (CONJP (CONJ &)
					     (IP-SUB-CON (NP-NOM (PRO^N he))
							 (VBPI arist)
							 (PP (P on)
							     (NP-DAT (D^D +tam) (ADJ^D +triddan) (N^D d+age))))))))
	  (. .))
  (ID cowsgosp,Mk_[WSCp]:10.33.2985))

/~*
Sege us hw+anne +tas +ting gewurdon & hwylc tacen bi+d +t+anne ealle +tas
+ding onginna+d beon geendud?
(cowsgosp,Mk_[WSCp]:13.4.3201)
*~/
/*
59 VBN:  59 VBN, 60 geendud, 55 AXPI
*/

( (CODE <T06420050400,13.4>)
  (IP-MAT-SPE (VBI Sege)
	      (NP (PRO us))
	      (CP-QUE-SPE (CP-QUE-SPE (WADVP-TMP-1 (WADV^T hw+anne))
				      (C 0)
				      (IP-SUB-SPE (ADVP-TMP *T*-1)
						  (NP-NOM (D^N +tas) (N^N +ting))
						  (BEDI gewurdon)))
			  (CONJP (CONJ &)
				 (CP-QUE-SPE (WNP-NOM-2 (WADJ^N hwylc) (N^N tacen))
					     (C 0)
					     (IP-SUB-SPE (NP-NOM *T*-2)
							 (BEPI bi+d)
							 (CP-ADV-SPE (P +t+anne)
								     (C 0)
								     (IP-SUB-SPE (NP-NOM (Q^N ealle) (D^N +tas) (N^N +ding))
										 (AXPI onginna+d)
										 (BE beon)
										 (VBN geendud)))))))
	      (. ?))
  (ID cowsgosp,Mk_[WSCp]:13.4.3201))

/~*
+Da ongan he him to cwe+dan, So+tlice tod+ag +tis gewrit is on eowrum earum
gefylled.
(cowsgosp,Lk_[WSCp]:4.21.3837)
*~/
/*
44 VBN:  44 VBN, 45 gefylled, 7 AXDI
*/

( (CODE <T06430013800,4.21>)
  (IP-MAT (ADVP-TMP (ADV^T +Da))
	  (AXDI ongan)
	  (NP-NOM (PRO^N he))
	  (PP (NP-DAT (PRO^D him))
	      (P to))
	  (VB cwe+dan)
	  (, ,)
	  (IP-MAT-SPE (ADVP (ADV So+tlice))
		      (ADVP-TMP (ADV^T tod+ag))
		      (NP-NOM (D^N +tis) (N^N gewrit))
		      (BEPI is)
		      (PP (P on)
			  (NP-DAT (PRO$^D eowrum) (N^D earum)))
		      (VBN gefylled))
	  (. .))
  (ID cowsgosp,Lk_[WSCp]:4.21.3837))

/~*
+Ta cw+a+d se h+alend to +tam folce be Iohanne, Hwi ferde ge on westene geseon
+t+at hreod +te by+d mid winde astyred,
(cowsgosp,Lk_[WSCp]:7.24.4146)
*~/
/*
71 VBN:  71 VBN, 72 astyred, 37 AXD
*/

( (CODE <T06430026900,7.24>)
  (IP-MAT (ADVP-TMP (ADV^T +Ta))
	  (VBDI cw+a+d)
	  (NP-NOM (D^N se) (N^N h+alend))
	  (PP (P to)
	      (NP-DAT (D^D +tam) (N^D folce)))
	  (PP (P be)
	      (NP-DAT (NR^D Iohanne)))
	  (, ,)
	  (CP-QUE-SPE (WADVP-1 (WADV Hwi))
		      (IP-SUB-SPE (ADVP *T*-1)
				  (AXD ferde)
				  (NP-NOM (PRO^N ge))
				  (PP (P on)
				      (NP-DAT (N^D westene)))
				  (VB geseon)
				  (NP-ACC (D^A +t+at)
					  (N^A hreod)
					  (CP-REL-SPE (WNP-NOM-2 0)
						      (C +te)
						      (IP-SUB-SPE (NP-NOM *T*-2)
								  (BEPI by+d)
								  (PP (P mid)
								      (NP-DAT (N^D winde)))
								  (VBN astyred))))))
	  (. ,))
  (ID cowsgosp,Lk_[WSCp]:7.24.4146))

/~*
& swa hwylc swa n+af+d +t+at he wene +t+at he h+abbe, him by+d afyrred.
(cowsgosp,Lk_[WSCp]:8.18.4230)
*~/
/*
47 VBN:  47 VBN, 48 afyrred, 38 HVPS
*/

( (IP-MAT-SPE (CONJ &)
	      (CP-FRL-LFD-SPE (WNP-NOM-1 (ADV swa) (WADJ^N hwylc))
			      (C swa)
			      (IP-SUB-SPE (NP-NOM *T*-1)
					  (NEG+HVPI n+af+d)))
	      (CP-FRL-SBJ-SPE (WNP-ACC-2 (D^A +t+at))
			      (C 0)
			      (IP-SUB-SPE (NP-NOM (PRO^N he))
					  (VBPS wene)
					  (CP-THT-SPE (C +t+at)
						      (IP-SUB-SPE (NP-ACC *T*-2)
								  (NP-NOM (PRO^N he))
								  (HVPS h+abbe)))))
	      (, ,)
	      (NP-DAT-RSP (PRO^D him))
	      (BEPI by+d)
	      (VBN afyrred)
	      (. .))
  (ID cowsgosp,Lk_[WSCp]:8.18.4230))

/~*
+ta he to lande com, him agen arn sum man, se h+afde deofolseocnesse lange
tide, & n+as mid nanon reafe gescrydd, & ne mihte on huse gewunian ac on
byrgenum.
(cowsgosp,Lk_[WSCp]:8.26.4251)
*~/
/*
74 VBN:  74 VBN, 75 gescrydd, 46 HVD
*/

( (IP-MAT (CP-ADV (P +ta)
		  (C 0)
		  (IP-SUB (NP-NOM (PRO^N he))
			  (PP (P to)
			      (NP-DAT (N^D lande)))
			  (VBDI com)))
	  (, ,)
	  (PP (NP-DAT (PRO^D him))
	      (P agen))
	  (VBDI arn)
	  (NP-NOM (Q^N sum)
		  (N^N man)
		  (, ,)
		  (CP-REL (WNP-NOM-1 (D^N se))
			  (C 0)
			  (IP-SUB (IP-SUB (NP-NOM *T*-1)
					  (HVD h+afde)
					  (NP (N deofolseocnesse))
					  (NP-ACC-TMP (ADJ^A lange) (N^A tide)))
				  (, ,)
				  (CONJP (CONJ &)
					 (IP-SUB-CON (NP-NOM *T*-1)
						     (NEG+BEDI n+as)
						     (PP (P mid)
							 (NP-DAT (NEG+Q^D nanon) (N^D reafe)))
						     (VBN gescrydd)))
				  (, ,)
				  (CONJP (CONJ &)
					 (IP-SUB-CON (NP-NOM *T*-1)
						     (NEG ne)
						     (MDD mihte)
						     (PP (PP (P on)
							     (NP-DAT (N^D huse)))
							 (CONJP *ICH*-2))
						     (VB gewunian)
						     (CONJP-2 (CONJ ac)
							      (PP (P on)
								  (NP-DAT (N^D byrgenum)))))))))
	  (. .))
  (ID cowsgosp,Lk_[WSCp]:8.26.4251))

/~*
+Da ongan se Fariseisca on him smeagan & cwe+dan hwi he ge+twogen n+are +ar
his gereorde.
(cowsgosp,Lk_[WSCp]:11.38.4617)
*~/
/*
41 VBN:  41 VBN, 42 ge+twogen, 8 AXDI
*/

( (CODE <T06430049400,11.38>)
  (IP-MAT (IP-MAT-0 (ADVP-TMP (ADV^T +Da))
		    (AXDI ongan)
		    (NP-NOM (D^N se) (ADJ^N Fariseisca))
		    (PP (P on)
			(NP-DAT (PRO^D him)))
		    (VB smeagan))
	  (CONJP (CONJ &)
		 (IPX-MAT=0 (VB cwe+dan)
			    (CP-QUE (WADVP-1 (WADV hwi))
				    (C 0)
				    (IP-SUB (ADVP *T*-1)
					    (NP-NOM (PRO^N he))
					    (VBN ge+twogen)
					    (NEG+BEDS n+are)
					    (PP (P +ar)
						(NP-DAT (PRO$ his) (N^D gereorde)))))))
	  (. .))
  (ID cowsgosp,Lk_[WSCp]:11.38.4617))

/~*
Ic h+abbe on fulluhte beon gefullod
(cowsgosp,Lk_[WSCp]:12.50.4721)
*~/
/*
15 BEN:  15 BEN, 16 beon, 7 HVP
17 VBN:  17 VBN, 18 gefullod, 7 HVP
*/

( (CODE <T06430055400,12.50>)
  (IP-MAT-SPE (NP-NOM (PRO^N Ic))
	      (HVP h+abbe)
	      (PP (P on)
		  (NP-DAT (N^D fulluhte)))
	      (BEN beon)
	      (VBN gefullod))
  (ID cowsgosp,Lk_[WSCp]:12.50.4721))

/~*
Sum man h+afde an fictreow geplantod on his wingearde;
(cowsgosp,Lk_[WSCp]:13.6.4745)
*~/
/*
16 VBN:  16 VBN, 17 geplantod, 9 HVD
*/

( (CODE <T06430056900,13.6>)
  (IP-MAT-SPE (NP-NOM (Q^N Sum) (N^N man))
	      (HVD h+afde)
	      (NP-ACC (NUM^A an) (N^A fictreow))
	      (VBN geplantod)
	      (PP (P on)
		  (NP-DAT (PRO$ his) (N^D wingearde)))
	      (. ;))
  (ID cowsgosp,Lk_[WSCp]:13.6.4745))

/~*
+Da cw+a+d he to his leorningcnihtum, Sum welig man w+as h+afde sumne gerefan
se wear+d wi+d hine forwreged swylce he his god forspilde.
(cowsgosp,Lk_[WSCp]:16.1.4950)
*~/
/*
66 VBN:  66 VBN, 67 forwreged, 42 HVD
*/

( (CODE <T06430066100,16.1>)
  (IP-MAT (ADVP-TMP (ADV^T +Da))
	  (VBDI cw+a+d)
	  (NP-NOM (PRO^N he))
	  (PP (P to)
	      (NP-DAT (PRO$ his) (N^D leorningcnihtum)))
	  (, ,)
	  (IP-MAT-SPE (NP-NOM (Q^N Sum)
			      (ADJ^N welig)
			      (N^N man)
			      (CP-REL-SPE *ICH*-1))
		      (BEDI w+as)
		      (CP-REL-SPE-1 (WNP-NOM-2 0)
				    (C 0)
				    (IP-SUB-SPE (NP-NOM *T*-2)
						(HVD h+afde)
						(NP-ACC (Q^A sumne)
							(N^A gerefan)
							(CP-REL-SPE (WNP-NOM-3 (D^N se))
								    (C 0)
								    (IP-SUB-SPE (NP-NOM *T*-3)
										(BEDI wear+d)
										(PP (P wi+d)
										    (NP-ACC (PRO^A hine)))
										(VBN forwreged)
										(CP-ADV-SPE (P swylce)
											    (C 0)
											    (IP-SUB-SPE (NP-NOM (PRO^N he))
													(NP-ACC (PRO$ his) (N^A god))
													(VBD forspilde)))))))))
	  (. .))
  (ID cowsgosp,Lk_[WSCp]:16.1.4950))

/~*
+Da cw+a+t Drihten, gif ge h+afdon geleafan swa senepes corn, ge s+adun
+tissun treowe sy +du awyrtwalud & aplantud on s+a,
(cowsgosp,Lk_[WSCp]:17.6.5027)
*~/
/*
59 VBN:  59 VBN, 60 awyrtwalud, 24 HVDI
65 VBN:  65 VBN, 66 aplantud, 24 HVDI
*/

( (CODE <T06430069900,17.6>)
  (IP-MAT-SPE (ADVP-TMP (ADV^T +Da))
	      (VBDI cw+a+t)
	      (NP-NOM (NR^N Drihten))
	      (, ,)
	      (IP-MAT-SPE (CP-ADV-SPE (P gif)
				      (C 0)
				      (IP-SUB-SPE (NP-NOM (PRO^N ge))
						  (HVDI h+afdon)
						  (NP (N geleafan))
						  (PP (P swa)
						      (CPX-CMP-SPE (IPX-SUB-SPE (NP-ACC (NP-GEN (N^G senepes))
											(N^A corn)))))))
			  (, ,)
			  (NP-NOM (PRO^N ge))
			  (VBDI s+adun)
			  (NP-DAT (D^D +tissun) (N^D treowe))
			  (IP-MAT-SPE (IP-MAT-SPE-0 (BEPS sy)
						    (NP-NOM (PRO^N +du))
						    (VBN awyrtwalud))
				      (CONJP (CONJ &)
					     (IPX-MAT-SPE=0 (VBN aplantud)
							    (PP (P on)
								(NP (N s+a))))))
			  (. ,)))
  (ID cowsgosp,Lk_[WSCp]:17.6.5027))

/~*
Wenst +tu h+af+d se +teowa +anigne +tanc, for+tam +de he dyde +t+at him
beboden w+as;
(cowsgosp,Lk_[WSCp]:17.9.5036)
*~/
/*
49 VBN:  49 VBN, 50 beboden, 12 HVPI
*/

( (CODE <T06430070200,17.9>)
  (CP-QUE-SPE (IP-SUB-SPE (VBPI Wenst)
			  (NP-NOM (PRO^N +tu))
			  (CP-QUE-SPE (IP-SUB-SPE (HVPI h+af+d)
						  (NP-NOM (D^N se) (N^N +teowa))
						  (NP-ACC (Q^A +anigne) (N^A +tanc))
						  (, ,)
						  (CP-ADV-SPE (P for+tam)
							      (C +de)
							      (IP-SUB-SPE (NP-NOM (PRO^N he))
									  (VBD dyde)
									  (CP-FRL-SPE (WNP-NOM-1 (D^N +t+at))
										      (C 0)
										      (IP-SUB-SPE (NP-NOM *T*-1)
												  (NP-DAT (PRO^D him))
												  (VBN beboden)
												  (BEDI w+as))))))))
	      (. ;))
  (ID cowsgosp,Lk_[WSCp]:17.9.5036))

/~*
& cw+a+d, hlaford, her ys +tin pund +te ic h+afde on swatlin aled.
(cowsgosp,Lk_[WSCp]:19.20.5213)
*~/
/*
45 VBN:  45 VBN, 46 aled, 37 HVD
*/

( (IP-MAT-SPE (CONJ &)
	      (NP-NOM *con*)
	      (VBDI cw+a+d)
	      (, ,)
	      (IP-MAT-SPE (NP-NOM-VOC (N^N hlaford))
			  (, ,)
			  (ADVP-LOC (ADV^L her))
			  (BEPI ys)
			  (NP-NOM (PRO$^N +tin)
				  (N^N pund)
				  (CP-REL-SPE (WNP-1 0)
					      (C +te)
					      (IP-SUB-SPE (NP *T*-1)
							  (NP-NOM (PRO^N ic))
							  (HVD h+afde)
							  (PP (P on)
							      (NP-ACC (N^A swatlin)))
							  (VBN aled)))))
	      (. .))
  (ID cowsgosp,Lk_[WSCp]:19.20.5213))

/~*
So+dlice ic secge eow +t+at +alcum h+abbendum bi+d geseald, fram +tam +te
n+af+d, ge +t+at +t+at he h+af+d him by+d afyrred.
(cowsgosp,Lk_[WSCp]:19.26.5224)
*~/
/*
77 VBN:  77 VBN, 78 afyrred, 70 HVPI
*/

( (CODE <T06430080000,19.26>)
  (IP-MAT-SPE (ADVP (ADV So+dlice))
	      (NP-NOM (PRO^N ic))
	      (VBP secge)
	      (NP (PRO eow))
	      (CP-THT-SPE (C +t+at)
			  (IP-SUB-SPE (IP-SUB-SPE (NP-NOM *exp*)
						  (NP-DAT (Q^D +alcum) (HAG^D h+abbendum))
						  (BEPI bi+d)
						  (VBN geseald))
				      (, ,)
				      (CONJP (IP-SUB-CON-SPE (PP (P fram)
								 (NP-DAT (D^D +tam)
									 (CP-REL-SPE (WNP-NOM-1 0)
										     (C +te)
										     (IP-SUB-SPE (NP-NOM *T*-1)
												 (NEG+HVPI n+af+d)))))
							     (, ,)
							     (INTJ ge)
							     (NP-NOM (D^N +t+at)
								     (CP-REL-SPE (WNP-ACC-2 (D^A +t+at))
										 (C 0)
										 (IP-SUB-SPE (NP-ACC *T*-2)
											     (NP-NOM (PRO^N he))
											     (HVPI h+af+d))))
							     (NP-DAT (PRO^D him))
							     (BEPI by+d)
							     (VBN afyrred)))))
	      (. .))
  (ID cowsgosp,Lk_[WSCp]:19.26.5224))

/~*
& +da +de anweald ofer hig habba+d synt fremfulle genemned.
(cowsgosp,Lk_[WSCp]:22.25.5452)
*~/
/*
31 VBN:  31 VBN, 32 genemned, 24 HVPI
*/

( (IP-MAT-SPE (CONJ &)
	      (NP-NOM-2 (D^N +da)
			(CP-REL-SPE (WNP-NOM-1 0)
				    (C +de)
				    (IP-SUB-SPE (NP-NOM *T*-1)
						(NP-ACC (N^A anweald))
						(PP (P ofer)
						    (NP-ACC (PRO^A hig)))
						(HVPI habba+d))))
	      (BEPI synt)
	      (ADJP-NOM-PRD (ADJ^N fremfulle))
	      (VBN genemned)
	      (. .))
  (ID cowsgosp,Lk_[WSCp]:22.25.5452))

/~*
Witodlice +ta hig h+afdon gehrowen swylce twentig furlanga o+d+de +trittig +ta
gesawon hig +tone h+alend uppan +t+are s+a gan & +t+at he w+as gehende +tam
scype
(cowsgosp,Jn_[WSCp]:6.19.6168)
*~/
/*
18 VBN:  18 VBN, 19 gehrowen, 16 HVDI
*/

( (CODE <T06440023800,6.19>)
  (IP-MAT (ADVP (ADV Witodlice))
	  (CP-ADV (P +ta)
		  (C 0)
		  (IP-SUB (NP-NOM (PRO^N hig))
			  (HVDI h+afdon)
			  (VBN gehrowen)
			  (NP-ADT (NUMP (ADV swylce)
					(NUM twentig)
					(CONJP *ICH*-1))
				  (NP-GEN (N^G furlanga)
					  (CONJP-1 (CONJ o+d+de) (NUM +trittig))))))
	  (ADVP-TMP (ADV^T +ta))
	  (VBDI gesawon)
	  (NP-NOM (PRO^N hig))
	  (IP-INF (IP-INF (NP-ACC-SBJ (D^A +tone) (N^A h+alend))
			  (PP (P uppan)
			      (NP-DAT (D^D +t+are) (N^D s+a)))
			  (VB gan))
		  (CONJP (CONJ &)
			 (CP-THT (C +t+at)
				 (IP-SUB (NP-NOM (PRO^N he))
					 (BEDI w+as)
					 (ADVP-LOC (ADV^L gehende)
						   (NP-DAT (D^D +tam) (N^D scype))))))))
  (ID cowsgosp,Jn_[WSCp]:6.19.6168))

/~*
+Ta bisceopas & +ta Pharisei h+afdon beboden gif hwa wiste hwar he w+are +t+at
he hyt cydde +t+at hig mihton hine niman.
(cowsgosp,Jn_[WSCp]:11.57.6779)
*~/
/*
20 VBN:  20 VBN, 21 beboden, 18 HVDI
*/

( (CODE <T06440057800,11.57>)
  (IP-MAT (NP-NOM (NP-NOM (D^N +Ta) (N^N bisceopas))
		  (CONJP (CONJ &)
			 (NP-NOM (D^N +ta) (NR^N Pharisei))))
	  (HVDI h+afdon)
	  (VBN beboden)
	  (CP-THT (CP-ADV-2 (P gif)
			    (C 0)
			    (IP-SUB (NP-NOM (Q^N hwa))
				    (VBD wiste)
				    (CP-QUE (WADVP-LOC-1 (WADV^L hwar))
					    (C 0)
					    (IP-SUB (ADVP-LOC *T*-1)
						    (NP-NOM (PRO^N he))
						    (BEDS w+are)))))
		  (C +t+at)
		  (IP-SUB (CP-ADV *ICH*-2)
			  (NP-NOM (PRO^N he))
			  (NP-ACC (PRO^A hyt))
			  (VBD cydde)))
	  (CP-ADV (C +t+at)
		  (IP-SUB (NP-NOM (PRO^N hig))
			  (MDDI mihton)
			  (NP-ACC (PRO^A hine))
			  (VB niman)))
	  (. .))
  (ID cowsgosp,Jn_[WSCp]:11.57.6779))

/~*
+Da leorningcnihtas w+aron bli+te +ta hi h+afdon Drihten gesewen.
(cowsgosp,Jn_[WSCp]:20.20.7424)
*~/
/*
28 VBN:  28 VBN, 29 gesewen, 23 HVDI
*/

( (CODE <T06440093100,20.20>)
  (IP-MAT (NP-NOM (D^N +Da) (N^N leorningcnihtas))
	  (BEDI w+aron)
	  (ADJP-NOM-PRD (ADJ^N bli+te))
	  (CP-ADV (P +ta)
		  (C 0)
		  (IP-SUB (NP-NOM (PRO^N hi))
			  (HVDI h+afdon)
			  (NP-ACC (NR^A Drihten))
			  (VBN gesewen)))
	  (. .))
  (ID cowsgosp,Jn_[WSCp]:20.20.7424))
/*
FOOTER
  source file, hits/tokens/total
  C:\Users\Shoo\Dropbox\workspace\CorpusSearch_Auto\data\corporas\YCOE\temp1492105600559\bible_and_apocrypha\cowsgosp.o3.psd	32/30/7515
*/
/*
SUMMARY:  
source files, hits/tokens/total
  C:\Users\Shoo\Dropbox\workspace\CorpusSearch_Auto\data\corporas\YCOE\temp1492105600559\bible_and_apocrypha\coexodusP.psd	0/0/135
  C:\Users\Shoo\Dropbox\workspace\CorpusSearch_Auto\data\corporas\YCOE\temp1492105600559\bible_and_apocrypha\cogenesiC.psd	12/10/537
  C:\Users\Shoo\Dropbox\workspace\CorpusSearch_Auto\data\corporas\YCOE\temp1492105600559\bible_and_apocrypha\conicodA.psd	22/17/635
  C:\Users\Shoo\Dropbox\workspace\CorpusSearch_Auto\data\corporas\YCOE\temp1492105600559\bible_and_apocrypha\conicodC.psd	12/10/383
  C:\Users\Shoo\Dropbox\workspace\CorpusSearch_Auto\data\corporas\YCOE\temp1492105600559\bible_and_apocrypha\conicodD.psd	1/1/154
  C:\Users\Shoo\Dropbox\workspace\CorpusSearch_Auto\data\corporas\YCOE\temp1492105600559\bible_and_apocrypha\conicodE.psd	1/1/120
  C:\Users\Shoo\Dropbox\workspace\CorpusSearch_Auto\data\corporas\YCOE\temp1492105600559\bible_and_apocrypha\cootest.o3.psd	33/29/5812
  C:\Users\Shoo\Dropbox\workspace\CorpusSearch_Auto\data\corporas\YCOE\temp1492105600559\bible_and_apocrypha\covinsal.psd	6/5/277
  C:\Users\Shoo\Dropbox\workspace\CorpusSearch_Auto\data\corporas\YCOE\temp1492105600559\bible_and_apocrypha\cowsgosp.o3.psd	32/30/7515
whole search, hits/tokens/total
		119/103/15568
*/
