/*
PREFACE:  
Copyright 2010 Beth Randall
Date:  Thu Apr 13 18:49:07 BST 2017

command file:     data\searches\queries\YCOE\progressive_forms_in_adjective_phrases_predicate.q
output file:      C:\Users\Shoo\Dropbox\workspace\CorpusSearch_Auto\data\output\13-04-2017 18.46.36.333 YCOE\progressive_forms_in_adjective_phrases_predicate\history\result.out

node:   ADJP-*PRD*|AXG*|BAG*|HAG*|VAG*
query:  (AXG*|BAG*|HAG*|VAG* Dominates  !AXG*|BAG*|HAG*|VAG*) 
  AND  (ADJP-*PRD* Dominates  AXG*|BAG*|HAG*|VAG*) 
*/
/*
HEADER:
source file:  C:\Users\Shoo\Dropbox\workspace\CorpusSearch_Auto\data\corporas\YCOE\temp1492105600559\history\cobede.o2.psd
*/

/~*
Se w+as in wordum & d+adum beorht & scinende, swelce he w+as in +a+delum
m+agenum m+are geworden.
(cobede,Bede_3:14.210.4.2126)
*~/
/*
24 VAG:  24 VAG, 25 scinende, 19 ADJP-NOM-PRD
*/
( (CODE <T06880038500,14.210.4>)
  (IP-MAT (NP-NOM (D^N Se))
	  (BEDI w+as)
	  (PP (P in)
	      (NP-DAT (N^D wordum) (CONJ &) (N^D d+adum)))
	  (ADJP-NOM-PRD (ADJ^N beorht) (CONJ &) (VAG scinende))
	  (, ,)
	  (PP (P swelce)
	      (CP-CMP (WADVP-1 0)
		      (C 0)
		      (IP-SUB (ADVP *T*-1)
			      (NP-NOM (PRO^N he))
			      (BEDI w+as)
			      (PP (P in)
				  (NP-DAT (ADJ^D +a+delum) (N^D m+agenum)))
			      (ADJP-NOM-PRD (ADJ^N m+are))
			      (BEN geworden))))
	  (. .))
  (ID cobede,Bede_3:14.210.4.2126))

/~*
+Ta w+as seo abbudisse & seo modor +t+are gesomnunge bighygdig & sorgende, in
hwylce tid +tone d+al +t+as mynstres, +te se +treat +tara Godes +teowa in
wifhada in w+as, +t+at ilce wite gehrine,
(cobede,Bede_4:8.282.28.2860)
*~/
/*
33 VAG:  33 VAG, 34 sorgende, 28 ADJP-NOM-PRD
*/

( (CODE <T06900018700,8.282.28>)
  (IP-MAT (ADVP-TMP (ADV^T +Ta))
	  (BEDI w+as)
	  (NP-NOM (NP-NOM (D^N seo) (N^N abbudisse))
		  (CONJP (CONJ &)
			 (NP-NOM (D^N seo) (N^N modor)))
		  (NP-GEN (D^G +t+are) (N^G gesomnunge)))
	  (ADJP-NOM-PRD (ADJ^N bighygdig)
			(CONJ &)
			(VAG sorgende)
			(, ,)
			(CP-QUE (WPP-1 (P in)
				       (WNP-ACC (WADJ^A hwylce) (N^A tid)))
				(C 0)
				(IP-SUB (PP *T*-1)
					(NP-ACC (D^A +tone)
						(N^A d+al)
						(NP-GEN (D^G +t+as)
							(N^G mynstres)
							(, ,)
							(CP-REL (WNP-2 0)
								(C +te)
								(IP-SUB (NP-NOM (D^N se)
										(N^N +treat)
										(NP-GEN (D^G +tara)
											(NP-GEN (NR^G Godes))
											(N^G +teowa)))
									(PP (P in)
									    (NP-DAT (N^D wifhada)))
									(PP (NP *T*-2)
									    (P in))
									(BEDI w+as)))))
					(, ,)
					(NP-NOM (D^N +t+at) (ADJ^N ilce) (N^N wite))
					(VBPS gehrine))))
	  (. ,))
  (ID cobede,Bede_4:8.282.28.2860))

/~*
W+as he +ar eallum +dingum mid +ty fyre godcundre lufan hat & weallende, & in
ge+dylde m+agene gemetf+ast, ond in wilsumnesse haligra gebeda begneor+d &
geornful;
(cobede,Bede_4:29.368.33.3695)
*~/
/*
36 VAG^N:  36 VAG^N, 37 weallende, 31 ADJP-NOM-PRD
*/

( (CODE <T06900071200,29.368.33>)
  (IP-MAT (IP-MAT-0 (BEDI W+as)
		    (NP-NOM (PRO^N he))
		    (ADVP-TMP (ADV^T +ar))
		    (NP-DAT-ADT (Q^D eallum) (N^D +dingum))
		    (PP (P mid)
			(NP-DAT (D^I +ty)
				(N^D fyre)
				(NP-GEN (ADJ^G godcundre) (N^G lufan))))
		    (ADJP-NOM-PRD (ADJ^N hat) (CONJ &) (VAG^N weallende)))
	  (, ,)
	  (CONJP (CONJ &)
		 (IPX-MAT=0 (PP (P in)
				(NP-DAT (NP-GEN (N^G ge+dylde))
					(N^D m+agene)))
			    (ADJP-NOM-PRD (ADJ^N gemetf+ast))))
	  (, ,)
	  (CONJP (CONJ ond)
		 (IPX-MAT=0 (PP (P in)
				(NP (N wilsumnesse)
				    (NP-GEN (ADJ^G haligra) (N^G gebeda))))
			    (ADJP-NOM-PRD (ADJ^N begneor+d) (CONJ &) (ADJ^N geornful))))
	  (. ;))
  (ID cobede,Bede_4:29.368.33.3695))

/~*
& +deah +de ic nu gena +ta $+arran m+agen ne h+abbe, hw+a+dre eall +d+at sar &
se ece ge of minum earme, +t+ar he hattra & beornendra w+as, ge of eallum
minum lichoman eall onw+ag al+aded w+as, efne swa se biscop +done ece & +t+at
sar mid hiene ut b+are.
(cobede,Bede_5:3.394.3.3928)
*~/
/*
82 VAG^N:  82 VAG^N, 83 beornendra, 77 ADJP-NOM-PRD
*/

( (CODE <T06910006100,3.394.3>)
  (IP-MAT-SPE (CONJ &)
	      (CP-ADV-SPE (P +deah)
			  (C +de)
			  (IP-SUB-SPE (NP-NOM (PRO^N ic))
				      (ADVP-TMP (ADV^T nu))
				      (ADVP-TMP (ADV^T gena))
				      (NP-ACC (D^A +ta) (ADJR^A $+arran) (N^A m+agen))
				      (NEG ne)
				      (HVP h+abbe)))
	      (, ,)
	      (ADVP (ADV hw+a+dre))
	      (NP-NOM (Q^N eall)
		      (D^N +d+at)
		      (N^N sar)
		      (CONJP (CONJ &)
			     (NX-NOM (D^N se) (N^N ece)))
		      (PP (CONJ ge)
			  (PP (P of)
			      (NP-DAT (PRO$^D minum)
				      (N^D earme)
				      (, ,)
				      (CP-REL-SPE (WADVP-LOC-1 (ADV^L +t+ar))
						  (C 0)
						  (IP-SUB-SPE (ADVP-LOC *T*-1)
							      (NP-NOM (PRO^N he))
							      (ADJP-NOM-PRD (ADJR^N hattra) (CONJ &) (VAG^N beornendra))
							      (BEDI w+as)))))
			  (, ,)
			  (CONJP (CONJ ge)
				 (PP (P of)
				     (NP-DAT (Q^D eallum) (PRO$^D minum) (N^D lichoman))))))
	      (QP (Q eall))
	      (RP onw+ag)
	      (VBN al+aded)
	      (BEDI w+as)
	      (, ,)
	      (PP (ADV efne)
		  (P swa)
		  (CP-CMP-SPE (WADVP-2 0)
			      (C 0)
			      (IP-SUB-SPE (ADVP *T*-2)
					  (NP-NOM (D^N se) (N^N biscop))
					  (NP-ACC (NP-ACC (D^A +done) (N^A ece))
						  (CONJP (CONJ &)
							 (NP-ACC (D^A +t+at) (N^A sar))))
					  (PP (P mid)
					      (NP-ACC-RFL (PRO^A hiene)))
					  (RP ut)
					  (VBDS b+are))))
	      (. .))
  (ID cobede,Bede_5:3.394.3.3928))

/~*
O+der d+al w+as wallendum l+agum full sui+de $egesfullice,
(cobede,Bede_5:13.424.24.4272)
*~/
/*
14 VAG^D:  14 VAG^D, 15 wallendum, 11 ADJP-NOM-PRD
*/

( (CODE <T06910024900,13.424.24>)
  (IP-MAT-SPE (NP-NOM (ADJ^N O+der) (N^N d+al))
	      (BEDI w+as)
	      (ADJP-NOM-PRD (ADJP-NOM (NP-DAT (VAG^D wallendum) (N^D l+agum))
				      (ADJ^N full))
			    (CONJP (ADJP-NOM (ADV sui+de) (ADJ^N $egesfullice))))
	      (. ,))
  (ID cobede,Bede_5:13.424.24.4272))

/~*
& se w+as eall swetnesse anre full $growendra blostmena.
(cobede,Bede_5:13.430.2.4324)
*~/
/*
23 VAG^G:  23 VAG^G, 24 $growendra, 12 ADJP-NOM-PRD
*/

( (IP-MAT-SPE (CONJ &)
	      (NP-NOM (D^N se))
	      (BEDI w+as)
	      (QP (Q eall))
	      (ADJP-NOM-PRD (NP-GEN (N^G swetnesse)
				    (NUM^G anre)
				    (NP-GEN *ICH*-1))
			    (ADJ^N full)
			    (NP-GEN-1 (VAG^G $growendra) (N^G blostmena)))
	      (. .))
  (ID cobede,Bede_5:13.430.2.4324))

/~*
w+as he ge on wordum hluttor & scinende ge eac on gel+arednesse gewrito ge
freora ge cyriclicra to wundrienne.
(cobede,Bede_5:16.448.6.4497)
*~/
/*
21 VAG^N:  21 VAG^N, 22 scinende, 7 ADJP-NOM-PRD
*/

( (IP-MAT (BEDI w+as)
	  (NP-NOM-1 (PRO^N he))
	  (ADJP-NOM-PRD (CONJ ge)
			(ADJP-NOM (PP (P on)
				      (NP-DAT (N^D wordum)))
				  (ADJ^N hluttor)
				  (CONJ &)
				  (VAG^N scinende))
			(CONJP (CONJ ge)
			       (ADV eac)
			       (IP-INF (NP *-1)
				       (PP (P on)
					   (NP (N gel+arednesse)
					       (NP-GEN (N^G gewrito)
						       (NP-GEN-PRN (CONJ ge)
								   (NP-GEN (ADJ^G freora))
								   (CONJP (CONJ ge)
									  (NP-GEN (ADJ^G cyriclicra)))))))
				       (TO to)
				       (VB^D wundrienne))))
	  (. .))
  (ID cobede,Bede_5:16.448.6.4497))
/*
FOOTER
  source file, hits/tokens/total
  C:\Users\Shoo\Dropbox\workspace\CorpusSearch_Auto\data\corporas\YCOE\temp1492105600559\history\cobede.o2.psd	7/7/4923
*/
/*
HEADER:
source file:  C:\Users\Shoo\Dropbox\workspace\CorpusSearch_Auto\data\corporas\YCOE\temp1492105600559\history\cochronA.o23.psd
*/
/*
FOOTER
  source file, hits/tokens/total
  C:\Users\Shoo\Dropbox\workspace\CorpusSearch_Auto\data\corporas\YCOE\temp1492105600559\history\cochronA.o23.psd	0/0/1480
*/
/*
HEADER:
source file:  C:\Users\Shoo\Dropbox\workspace\CorpusSearch_Auto\data\corporas\YCOE\temp1492105600559\history\cochronC.psd
*/
/*
FOOTER
  source file, hits/tokens/total
  C:\Users\Shoo\Dropbox\workspace\CorpusSearch_Auto\data\corporas\YCOE\temp1492105600559\history\cochronC.psd	0/0/2153
*/
/*
HEADER:
source file:  C:\Users\Shoo\Dropbox\workspace\CorpusSearch_Auto\data\corporas\YCOE\temp1492105600559\history\cochronD.psd
*/
/*
FOOTER
  source file, hits/tokens/total
  C:\Users\Shoo\Dropbox\workspace\CorpusSearch_Auto\data\corporas\YCOE\temp1492105600559\history\cochronD.psd	0/0/2522
*/
/*
HEADER:
source file:  C:\Users\Shoo\Dropbox\workspace\CorpusSearch_Auto\data\corporas\YCOE\temp1492105600559\history\cochronE.o34.psd
*/
/*
FOOTER
  source file, hits/tokens/total
  C:\Users\Shoo\Dropbox\workspace\CorpusSearch_Auto\data\corporas\YCOE\temp1492105600559\history\cochronE.o34.psd	0/0/3644
*/
/*
HEADER:
source file:  C:\Users\Shoo\Dropbox\workspace\CorpusSearch_Auto\data\corporas\YCOE\temp1492105600559\history\coorosiu.o2.psd
*/

/~*
+T+at syfe+de w+as +t+at +t+ar com hagol se w+as wi+d fyre gemenged, +t+at he
+ag+ter sloh ge +da menn ge +da nytenu, ge eall +t+at on +t+am lande w+as
weaxendes & growendes.
(coorosiu,Or_1:7.25.30.496)
*~/
/*
99 VAG^G:  99 VAG^G, 100 weaxendes, 98 ADJP-GEN-PRD
103 VAG^G:  103 VAG^G, 104 growendes, 98 ADJP-GEN-PRD
*/

( (CODE <T06590025200,7.25.30>)
  (IP-MAT (NP-NOM (D^N +T+at) (ADJ^N syfe+de))
	  (BEDI w+as)
	  (CP-THT (C +t+at)
		  (IP-SUB (ADVP-LOC (ADV^L +t+ar))
			  (VBDI com)
			  (NP-NOM (N^N hagol)
				  (CP-REL (WNP-NOM-1 (D^N se))
					  (C 0)
					  (IP-SUB (NP-NOM *T*-1)
						  (BEDI w+as)
						  (PP (P wi+d)
						      (NP-DAT (N^D fyre)))
						  (VBN gemenged))))
			  (, ,)
			  (CP-ADV (C +t+at)
				  (IP-SUB (NP-NOM (PRO^N he))
					  (CONJ +ag+ter)
					  (VBDI sloh)
					  (NP-ACC (CONJ ge)
						  (NP-ACC (D^A +da) (N^A menn))
						  (CONJP (CONJ ge)
							 (NP-ACC (D^A +da) (N^A nytenu)))
						  (, ,)
						  (CONJP (CONJ ge)
							 (NP-ACC (Q^A eall)
								 (CP-REL (WNP-NOM-3 (D^N +t+at))
									 (C 0)
									 (IP-SUB (NP-NOM *T*-3)
										 (PP (P on)
										     (NP-DAT (D^D +t+am) (N^D lande)))
										 (BEDI w+as)
										 (ADJP-GEN-PRD (VAG^G weaxendes) (CONJ &) (VAG^G growendes)))))))))))
	  (. .))
  (ID coorosiu,Or_1:7.25.30.496))

/~*
On +t+am anwalde w+aron Somnite swa bealde +t+at se +a+teling +te heora
ladteow w+as, Pontius w+as haten, het ascian +tone cyning his f+ader, +te
+t+ar +at ham w+as, hw+a+ter him leofre w+are, +te he hie ealle acwealde, +te
hie libbende to bismre $gerenian hete.
(coorosiu,Or_3:8.66.21.1298)
*~/
/*
146 VAG^A:  146 VAG^A, 147 libbende, 17 ADJP-NOM-PRD
*/

( (CODE <T06610015800,8.66.21>)
  (IP-MAT (PP (P On)
	      (NP-DAT (D^D +t+am) (N^D anwalde)))
	  (BEDI w+aron)
	  (NP-NOM (NR^N Somnite))
	  (ADJP-NOM-PRD (ADV swa)
			(ADJ^N bealde)
			(CP-DEG (C +t+at)
				(IP-SUB (NP-NOM (D^N se)
						(N^N +a+teling)
						(CP-REL (WNP-NOM-1 0)
							(C +te)
							(IP-SUB (NP-NOM *T*-1)
								(NP-NOM-PRD (PRO$ heora) (N^N ladteow))
								(BEDI w+as)))
						(, ,)
						(IP-MAT-PRN (NP-NOM *pro*)
							    (NP-NOM-PRD (NR^N Pontius))
							    (BEDI w+as)
							    (VBN haten)))
					(, ,)
					(VBDI het)
					(IP-INF (VB ascian)
						(NP-ACC (D^A +tone)
							(N^A cyning)
							(NP-ACC-PRN (PRO$ his) (N^A f+ader))
							(, ,)
							(CP-REL (WNP-NOM-4 0)
								(C +te)
								(IP-SUB (NP-NOM *T*-4)
									(ADVP-LOC (ADV^L +t+ar))
									(PP (P +at)
									    (NP-ACC (N^A ham)))
									(BEDI w+as))))
						(, ,)
						(CP-QUE (WQ hw+a+ter)
							(C 0)
							(IP-SUB (NP-NOM-x *exp*)
								(NP-DAT (PRO^D him))
								(ADJP-NOM-PRD (ADJR^N leofre))
								(BEDS w+are)
								(, ,)
								(CP-THT-x (C 0)
									  (IP-SUB (CONJ +te)
										  (IP-SUB (NP-NOM (PRO^N he))
											  (NP-ACC (PRO^A hie) (Q^A ealle))
											  (VBD acwealde))
										  (, ,)
										  (CONJP (CONJ +te)
											 (IP-SUB-CON (NP-NOM *con*)
												     (IP-INF (NP-ACC (PRO^A hie)
														     (PTP-ACC (VAG^A libbende)))
													     (PP (P to)
														 (NP-DAT (N^D bismre)))
													     (VB $gerenian))
												     (VBDS hete)))))))))))
	  (. .))
  (ID coorosiu,Or_3:8.66.21.1298))

/~*
& se w+as swa ungemetlic & swa longsum, +d+at hie +da +at nihstan witende mid
deofolcr+aftum sohton hu hi hit gestillan mehte,
(coorosiu,Or_3:10.76.1.1491)
*~/
/*
42 VAG^N:  42 VAG^N, 43 witende, 9 ADJP-NOM-PRD
*/

( (IP-MAT (CONJ &)
	  (NP-NOM (D^N se))
	  (BEDI w+as)
	  (ADJP-NOM-PRD (ADJP-NOM (ADV swa) (ADJ^N ungemetlic))
			(CONJP (CONJ &)
			       (ADJP-NOM (ADV swa) (ADJ^N longsum)))
			(, ,)
			(CP-DEG (C +d+at)
				(IP-SUB (NP-NOM (PRO^N hie))
					(ADVP-TMP (ADV^T +da))
					(PP (P +at)
					    (NP (ADJS nihstan)))
					(PTP-NOM (VAG^N witende))
					(PP (P mid)
					    (NP-DAT (N^D deofolcr+aftum)))
					(VBDI sohton)
					(CP-QUE (WADVP-1 (WADV hu))
						(C 0)
						(IP-SUB (ADVP *T*-1)
							(NP-NOM (PRO^N hi))
							(NP-ACC (PRO^A hit))
							(VB gestillan)
							(MDD mehte))))))
	  (. ,))
  (ID coorosiu,Or_3:10.76.1.1491))

/~*
For +t+are $d+ade wear+t Agustus swa sarig +t+at he oft unwitende slog mid his
h+afde on +tone wag, +tonne he on his setle s+at;
(coorosiu,Or_5:15.132.3.2791)
*~/
/*
33 VAG^N:  33 VAG^N, 34 unwitende, 17 ADJP-NOM-PRD
*/

( (CODE <T06630025300,15.132.3>)
  (IP-MAT (PP (P For)
	      (NP-DAT (D^D +t+are) (N^D $d+ade)))
	  (BEDI wear+t)
	  (NP-NOM (NR^N Agustus))
	  (ADJP-NOM-PRD (ADV swa)
			(ADJ^N sarig)
			(CP-DEG (C +t+at)
				(IP-SUB (NP-NOM (PRO^N he))
					(ADVP-TMP (ADV^T oft))
					(PTP-NOM (VAG^N unwitende))
					(VBDI slog)
					(PP (P mid)
					    (NP-DAT (PRO$ his) (N^D h+afde)))
					(PP (P on)
					    (NP-ACC (D^A +tone) (N^A wag)))
					(, ,)
					(CP-ADV (P +tonne)
						(C 0)
						(IP-SUB (NP-NOM (PRO^N he))
							(PP (P on)
							    (NP-DAT (PRO$ his) (N^D setle)))
							(VBDI s+at))))))
	  (. ;))
  (ID coorosiu,Or_5:15.132.3.2791))
/*
FOOTER
  source file, hits/tokens/total
  C:\Users\Shoo\Dropbox\workspace\CorpusSearch_Auto\data\corporas\YCOE\temp1492105600559\history\coorosiu.o2.psd	5/4/3321
*/
/*
SUMMARY:  
source files, hits/tokens/total
  C:\Users\Shoo\Dropbox\workspace\CorpusSearch_Auto\data\corporas\YCOE\temp1492105600559\history\cobede.o2.psd	7/7/4923
  C:\Users\Shoo\Dropbox\workspace\CorpusSearch_Auto\data\corporas\YCOE\temp1492105600559\history\cochronA.o23.psd	0/0/1480
  C:\Users\Shoo\Dropbox\workspace\CorpusSearch_Auto\data\corporas\YCOE\temp1492105600559\history\cochronC.psd	0/0/2153
  C:\Users\Shoo\Dropbox\workspace\CorpusSearch_Auto\data\corporas\YCOE\temp1492105600559\history\cochronD.psd	0/0/2522
  C:\Users\Shoo\Dropbox\workspace\CorpusSearch_Auto\data\corporas\YCOE\temp1492105600559\history\cochronE.o34.psd	0/0/3644
  C:\Users\Shoo\Dropbox\workspace\CorpusSearch_Auto\data\corporas\YCOE\temp1492105600559\history\coorosiu.o2.psd	5/4/3321
whole search, hits/tokens/total
		12/11/18043
*/
