/*
PREFACE:  
Copyright 2010 Beth Randall
Date:  Thu Apr 13 18:55:44 BST 2017

command file:     data\searches\queries\PENN\wh-questions.q
output file:      C:\Users\Shoo\Dropbox\workspace\CorpusSearch_Auto\data\output\13-04-2017 18.46.36.333 PPCEME\whquestions\bible_and_apocrypha\result.out

node:   CP-QUE|CP-QUE-SBJ|WADV*|WCP*|WIP*|WNP*|WQP*
query:  (WADV*|WCP*|WIP*|WNP*|WQP* Dominates  !WADV*|WCP*|WIP*|WNP*|WQP*) 
  AND  (CP-QUE|CP-QUE-SBJ iDominates  WADV*|WCP*|WIP*|WNP*|WQP*) 
*/
/*
HEADER:
source file:  C:\Users\Shoo\Dropbox\workspace\CorpusSearch_Auto\data\corporas\PPCEME\temp1492105854173\bible_and_apocrypha\authnew-e2-h.psd
*/

/~*
for hee knew what was in man.
(AUTHNEW-E2-H,2,20J.231)
*~/
/*
10 WNP-1:  10 WNP-1, 12 what, 9 CP-QUE
*/
( (IP-MAT (CONJ for)
	  (NP-SBJ (PRO hee))
	  (VBD knew)
	  (CP-QUE (WNP-1 (WPRO what))
		  (C 0)
		  (IP-SUB (NP-SBJ *T*-1)
			  (BED was)
			  (PP (P in)
			      (NP (N man)))))
	  (. .))
  (ID AUTHNEW-E2-H,2,20J.231))

/~*
And he that was healed, wist not who it was:
(AUTHNEW-E2-H,5,1J.541)
*~/
/*
26 WNP-2:  26 WNP-2, 28 who, 25 CP-QUE
*/

( (IP-MAT (CONJ And)
	  (NP-SBJ (PRO he)
		  (CP-REL (WNP-1 0)
			  (C that)
			  (IP-SUB (NP-SBJ *T*-1)
				  (BED was)
				  (VAN healed))))
	  (, ,)
	  (VBD wist)
	  (NEG not)
	  (CP-QUE (WNP-2 (WPRO who))
		  (C 0)
		  (IP-SUB (NP-OB1 *T*-2)
			  (NP-SBJ (PRO it))
			  (BED was)))
	  (. :))
  (ID AUTHNEW-E2-H,5,1J.541))

/~*
for he himselfe knew what he would doe
(AUTHNEW-E2-H,6,1J.657)
*~/
/*
13 WNP-1:  13 WNP-1, 15 what, 12 CP-QUE
*/

( (IP-MAT (CONJ for)
	  (NP-SBJ (PRO he)
		  (NP-PRN (PRO+N himselfe)))
	  (VBD knew)
	  (CP-QUE (WNP-1 (WPRO what))
		  (C 0)
		  (IP-SUB (NP-OB1 *T*-1)
			  (NP-SBJ (PRO he))
			  (MD would)
			  (DO doe)))
	  (CODE <$$paren>))
  (ID AUTHNEW-E2-H,6,1J.657))

/~*
For Iesus knew from the beginning, who they were that beleeued not, and who
should betray him.
(AUTHNEW-E2-H,6,60J.808)
*~/
/*
21 WNP-1:  21 WNP-1, 23 who, 20 CP-QUE
*/

( (IP-MAT (CONJ For)
	  (NP-SBJ (NPR Iesus))
	  (VBD knew)
	  (PP (P from)
	      (NP (D the) (N beginning)))
	  (, ,)
	  (CP-QUE (CP-QUE (WNP-1 (WPRO who))
			  (C 0)
			  (IP-SUB-SPE (NP-OB1 *T*-1)
				      (NP-SBJ (PRO they)
					      (CP-REL-SPE *ICH*-2))
				      (BED were)
				      (CP-REL-SPE-2 (WNP-3 0)
						    (C that)
						    (IP-SUB-SPE (NP-SBJ *T*-3)
								(VBD beleeued)
								(NEG not)))))
		  (, ,)
		  (CONJP (CONJ and)
			 (CP-QUE-SPE (WNP-4 (WPRO who))
				     (C 0)
				     (IP-SUB-SPE (NP-SBJ *T*-4)
						 (MD should)
						 (VB betray)
						 (NP-OB1 (PRO him))))))
	  (. .))
  (ID AUTHNEW-E2-H,6,60J.808))

/~*
but they vnderstood not what things they were which he spake vnto them.
(AUTHNEW-E2-H,10,1J.1351)
*~/
/*
12 WNP-1:  12 WNP-1, 18 *ICH*-2, 11 CP-QUE
*/

( (IP-MAT (CONJ but)
	  (NP-SBJ (PRO they))
	  (VBP vnderstood)
	  (NEG not)
	  (CP-QUE (WNP-1 (WD what)
			 (NS things)
			 (CP-REL *ICH*-2))
		  (C 0)
		  (IP-SUB (NP-OB1 *T*-1)
			  (NP-SBJ (PRO they))
			  (BED were)
			  (CP-REL-2 (WNP-3 (WPRO which))
				    (C 0)
				    (IP-SUB (NP-OB1 *T*-3)
					    (NP-SBJ (PRO he))
					    (VBD spake)
					    (PP (P vnto)
						(NP (PRO them)))))))
	  (. .))
  (ID AUTHNEW-E2-H,10,1J.1351))

/~*
and tolde them what things Iesus had done.
(AUTHNEW-E2-H,11,40J.1585)
*~/
/*
12 WNP-1:  12 WNP-1, 16 things, 11 CP-QUE
*/

( (IP-MAT (CONJ and)
	  (NP-SBJ *con*)
	  (VBD tolde)
	  (NP-OB2 (PRO them))
	  (CP-QUE (WNP-1 (WD what) (NS things))
		  (C 0)
		  (IP-SUB (NP-OB1 *T*-1)
			  (NP-SBJ (NPR Iesus))
			  (HVD had)
			  (DON done)))
	  (. .))
  (ID AUTHNEW-E2-H,11,40J.1585))
/*
FOOTER
  source file, hits/tokens/total
  C:\Users\Shoo\Dropbox\workspace\CorpusSearch_Auto\data\corporas\PPCEME\temp1492105854173\bible_and_apocrypha\authnew-e2-h.psd	6/6/1613
*/
/*
HEADER:
source file:  C:\Users\Shoo\Dropbox\workspace\CorpusSearch_Auto\data\corporas\PPCEME\temp1492105854173\bible_and_apocrypha\authnew-e2-p1.psd
*/

/~*
For he knew who should betray him,
(AUTHNEW-E2-P1,13,1J.172)
*~/
/*
10 WNP-1:  10 WNP-1, 12 who, 9 CP-QUE
*/

( (IP-MAT (CONJ For)
	  (NP-SBJ (PRO he))
	  (VBD knew)
	  (CP-QUE (WNP-1 (WPRO who))
		  (C 0)
		  (IP-SUB (NP-SBJ *T*-1)
			  (MD should)
			  (VB betray)
			  (NP-OB1 (PRO him))))
	  (. ,))
  (ID AUTHNEW-E2-P1,13,1J.172))

/~*
Simon Peter therefore beckened to him, that he should aske who it should be of
whom he spake.
(AUTHNEW-E2-P1,13,20J.207)
*~/
/*
32 WNP-1:  32 WNP-1, 34 who, 31 CP-QUE
*/

( (IP-MAT (NP-SBJ (NPR Simon) (NPR Peter))
	  (PP (ADV+P therefore))
	  (VBD beckened)
	  (PP (P to)
	      (NP (PRO him)))
	  (, ,)
	  (CP-THT (C that)
		  (IP-SUB (NP-SBJ (PRO he))
			  (MD should)
			  (VB aske)
			  (CP-QUE (WNP-1 (WPRO who))
				  (C 0)
				  (IP-SUB (NP-OB1 *T*-1)
					  (NP-SBJ (PRO it))
					  (MD should)
					  (BE be)
					  (CP-CLF (WPP-2 (P of)
							 (WNP (WPRO whom)))
						  (C 0)
						  (IP-SUB (PP *T*-2)
							  (NP-SBJ (PRO he))
							  (VBD spake)))))))
	  (. .))
  (ID AUTHNEW-E2-P1,13,20J.207))

/~*
And it was about the space of three houres after, when his wife, not knowing
what was done, came in.
(AUTHNEW-E2-P1,5,1A.1456)
*~/
/*
49 WNP-1:  49 WNP-1, 51 what, 48 CP-QUE
*/

( (IP-MAT (CONJ And)
	  (NP-SBJ (PRO it))
	  (BED was)
	  (ADVP-TMP (NP-MSR (ADV about)
			    (D the)
			    (N space)
			    (PP (P of)
				(NP (NUM three) (NS houres))))
		    (ADV after))
	  (, ,)
	  (PP (P when)
	      (CP-ADV (C 0)
		      (IP-SUB (NP-SBJ (PRO$ his) (N wife))
			      (, ,)
			      (IP-PPL (NEG not)
				      (VAG knowing)
				      (CP-QUE (WNP-1 (WPRO what))
					      (C 0)
					      (IP-SUB (NP-SBJ *T*-1)
						      (BED was)
						      (DAN done))))
			      (, ,)
			      (VBD came)
			      (RP in))))
	  (. .))
  (ID AUTHNEW-E2-P1,5,1A.1456))
/*
FOOTER
  source file, hits/tokens/total
  C:\Users\Shoo\Dropbox\workspace\CorpusSearch_Auto\data\corporas\PPCEME\temp1492105854173\bible_and_apocrypha\authnew-e2-p1.psd	3/3/1558
*/
/*
HEADER:
source file:  C:\Users\Shoo\Dropbox\workspace\CorpusSearch_Auto\data\corporas\PPCEME\temp1492105854173\bible_and_apocrypha\authnew-e2-p2.psd
*/

/~*
Now while Peter doubted in himselfe what this vision which he had seene,
should meane: behold, the men which were sent from Cornelius, had made
inquirie for Simons house,
(AUTHNEW-E2-P2,10,1A.508)
*~/
/*
24 WNP-1:  24 WNP-1, 26 what, 23 CP-QUE
*/

( (IP-MAT (ADVP (ADV Now))
	  (PP (P while)
	      (CP-ADV (C 0)
		      (IP-SUB (NP-SBJ (NPR Peter))
			      (VBD doubted)
			      (PP (P in)
				  (NP (PRO+N himselfe)))
			      (CP-QUE (WNP-1 (WPRO what))
				      (C 0)
				      (IP-SUB (NP-OB1 *T*-1)
					      (NP-SBJ (D this)
						      (N vision)
						      (CP-REL (WNP-2 (WPRO which))
							      (C 0)
							      (IP-SUB (NP-OB1 *T*-2)
								      (NP-SBJ (PRO he))
								      (HVD had)
								      (VBN seene))))
					      (, ,)
					      (MD should)
					      (VB meane))))))
	  (, :)
	  (IP-IMP-PRN (VBI behold))
	  (, ,)
	  (NP-SBJ (D the)
		  (NS men)
		  (CP-REL (WNP-3 (WPRO which))
			  (C 0)
			  (IP-SUB (NP-SBJ *T*-3)
				  (BED were)
				  (VAN sent)
				  (PP (P from)
				      (NP (NPR Cornelius))))))
	  (, ,)
	  (HVD had)
	  (VBN made)
	  (NP-OB1 (N inquirie))
	  (PP (P for)
	      (NP (NPR$ Simons) (N house)))
	  (. ,))
  (ID AUTHNEW-E2-P2,10,1A.508))

/~*
Forasmuch then as God gaue them the like gift as hee did vnto vs, who beleeued
on the Lord Iesus Christ: what was I that I could withstand God?
(AUTHNEW-E2-P2,11,1A.639)
*~/
/*
82 WNP-3:  82 WNP-3, 84 what, 1 CP-QUE
*/

( (CP-QUE (PP (P+ADVR+Q Forasmuch)
	      (ADVP (ADV then))
	      (PP (P as)
		  (CP-ADV (C 0)
			  (IP-SUB (NP-SBJ (NPR God))
				  (VBD gaue)
				  (NP-OB2 (PRO them))
				  (NP-OB1 (D the)
					  (ADJ like)
					  (N gift)
					  (PP (P as)
					      (CP-CMP (WNP-1 0)
						      (C 0)
						      (IP-SUB (NP-OB1 *T*-1)
							      (NP-SBJ (PRO hee))
							      (DOD did)
							      (VB *)
							      (PP (P vnto)
								  (NP (PRO vs)
								      (, ,)
								      (CP-REL (WNP-2 (WPRO who))
									      (C 0)
									      (IP-SUB (NP-SBJ *T*-2)
										      (VBD beleeued)
										      (PP (P on)
											  (NP (D the)
											      (NPR Lord)
											      (NP-PRN (NPR Iesus) (NPR Christ))))))))))))))))
	  (, :)
	  (WNP-3 (WPRO what))
	  (IP-SUB (NP-OB1 *T*-3)
		  (BED was)
		  (NP-SBJ (PRO I))
		  (CP-ADV (C that)
			  (IP-SUB (NP-SBJ (PRO I))
				  (MD could)
				  (VB withstand)
				  (NP-OB1 (NPR God)))))
	  (. ?))
  (ID AUTHNEW-E2-P2,11,1A.639))

/~*
Now assoone as it was day, there was no smal stirre among the souldiers, what
was become of Peter.
(AUTHNEW-E2-P2,12,1A.740)
*~/
/*
52 WNP-3:  52 WNP-3, 54 what, 51 CP-QUE
*/

( (IP-MAT (ADVP (ADV Now))
	  (ADVP-TMP (ADVR+ADV assoone)
		    (PP (P as)
			(CP-CMP (WADVP-1 0)
				(C 0)
				(IP-SUB (ADVP-TMP *T*-1)
					(NP-SBJ (PRO it))
					(BED was)
					(NP-OB1 (N day))))))
	  (, ,)
	  (NP-SBJ-2 (EX there))
	  (BED was)
	  (NP-2 (Q no)
		(ADJ smal)
		(N stirre)
		(PP (P among)
		    (NP (D the) (NS souldiers)))
		(, ,)
		(CP-QUE (WNP-3 (WPRO what))
			(C 0)
			(IP-SUB (NP-SBJ *T*-3)
				(BED was)
				(VBN become)
				(PP (P of)
				    (NP (NPR Peter))))))
	  (. .))
  (ID AUTHNEW-E2-P2,12,1A.740))

/~*
Then the Deputie when he sawe what was done, beleeued, being astonished at the
doctrine of the Lord.
(AUTHNEW-E2-P2,13,1A.797)
*~/
/*
23 WNP-1:  23 WNP-1, 25 what, 22 CP-QUE
*/

( (IP-MAT (ADVP-TMP (ADV Then))
	  (NP-SBJ (D the) (N Deputie))
	  (PP (P when)
	      (CP-ADV (C 0)
		      (IP-SUB (NP-SBJ (PRO he))
			      (VBD sawe)
			      (CP-QUE (WNP-1 (WPRO what))
				      (C 0)
				      (IP-SUB (NP-SBJ *T*-1)
					      (BED was)
					      (DAN done))))))
	  (, ,)
	  (VBD beleeued)
	  (, ,)
	  (IP-PPL (BAG being)
		  (ADJP (ADJ astonished))
		  (PP (P at)
		      (NP (D the)
			  (N doctrine)
			  (PP (P of)
			      (NP (D the) (NPR Lord))))))
	  (. .))
  (ID AUTHNEW-E2-P2,13,1A.797))

/~*
and gaue audience to Barnabas and Paul, declaring what miracles and wonders
God had wrought among the Gentiles by them.
(AUTHNEW-E2-P2,15,1A.993)
*~/
/*
27 WNP-1:  27 WNP-1, 37 wonders, 26 CP-QUE
*/

( (IP-MAT (CONJ and)
	  (NP-SBJ *con*)
	  (VBD gaue)
	  (NP-OB1 (N audience))
	  (PP (P to)
	      (NP (NPR Barnabas)
		  (CONJ and)
		  (NPR Paul)
		  (, ,)
		  (RRC (VAG declaring)
		       (CP-QUE (WNP-1 (WD what)
				      (NS miracles)
				      (CONJP (CONJ and)
					     (NX (NS wonders))))
			       (C 0)
			       (IP-SUB (NP-OB1 *T*-1)
				       (NP-SBJ (NPR God))
				       (HVD had)
				       (VBN wrought)
				       (PP (P among)
					   (NP (D the) (NPRS Gentiles)))
				       (PP (P by)
					   (NP (PRO them))))))))
	  (. .))
  (ID AUTHNEW-E2-P2,15,1A.993))
/*
FOOTER
  source file, hits/tokens/total
  C:\Users\Shoo\Dropbox\workspace\CorpusSearch_Auto\data\corporas\PPCEME\temp1492105854173\bible_and_apocrypha\authnew-e2-p2.psd	5/5/1255
*/
/*
HEADER:
source file:  C:\Users\Shoo\Dropbox\workspace\CorpusSearch_Auto\data\corporas\PPCEME\temp1492105854173\bible_and_apocrypha\authold-e2-h.psd
*/

/~*
and brought them vnto Adam, to see what he would call them:
(AUTHOLD-E2-H,2,1G.162)
*~/
/*
29 WNP-1:  29 WNP-1, 31 what, 28 CP-QUE
*/

( (IP-MAT (CONJ and)
	  (NP-SBJ *con*)
	  (VBD brought)
	  (CODE <font>)
	  (NP-OB1 (PRO them))
	  (CODE <$$font>)
	  (PP (P vnto)
	      (NP (NPR Adam)))
	  (, ,)
	  (IP-INF-PRP (TO to)
		      (VB see)
		      (CP-QUE (WNP-1 (WPRO what))
			      (C 0)
			      (IP-SUB (NP-SBJ (PRO he))
				      (MD would)
				      (VB call)
				      (IP-SMC (NP-OB1 *T*-1)
					      (NP-SBJ (PRO them))))))
	  (. :))
  (ID AUTHOLD-E2-H,2,1G.162))

/~*
and knew what his yonger sonne had done vnto him.
(AUTHOLD-E2-H,9,20G.545)
*~/
/*
9 WNP-1:  9 WNP-1, 11 what, 8 CP-QUE
*/

( (IP-MAT (CONJ and)
	  (NP-SBJ *con*)
	  (VBD knew)
	  (CP-QUE (WNP-1 (WPRO what))
		  (C 0)
		  (IP-SUB (NP-OB1 *T*-1)
			  (NP-SBJ (PRO$ his) (ADJR yonger) (N sonne))
			  (HVD had)
			  (DON done)
			  (PP (P vnto)
			      (NP (PRO him)))))
	  (. .))
  (ID AUTHOLD-E2-H,9,20G.545))
/*
FOOTER
  source file, hits/tokens/total
  C:\Users\Shoo\Dropbox\workspace\CorpusSearch_Auto\data\corporas\PPCEME\temp1492105854173\bible_and_apocrypha\authold-e2-h.psd	2/2/1234
*/
/*
HEADER:
source file:  C:\Users\Shoo\Dropbox\workspace\CorpusSearch_Auto\data\corporas\PPCEME\temp1492105854173\bible_and_apocrypha\authold-e2-p1.psd
*/
/*
FOOTER
  source file, hits/tokens/total
  C:\Users\Shoo\Dropbox\workspace\CorpusSearch_Auto\data\corporas\PPCEME\temp1492105854173\bible_and_apocrypha\authold-e2-p1.psd	0/0/1385
*/
/*
HEADER:
source file:  C:\Users\Shoo\Dropbox\workspace\CorpusSearch_Auto\data\corporas\PPCEME\temp1492105854173\bible_and_apocrypha\authold-e2-p2.psd
*/
/*
FOOTER
  source file, hits/tokens/total
  C:\Users\Shoo\Dropbox\workspace\CorpusSearch_Auto\data\corporas\PPCEME\temp1492105854173\bible_and_apocrypha\authold-e2-p2.psd	0/0/912
*/
/*
HEADER:
source file:  C:\Users\Shoo\Dropbox\workspace\CorpusSearch_Auto\data\corporas\PPCEME\temp1492105854173\bible_and_apocrypha\tyndnew-e1-h.psd
*/

/~*
For he knewe what was in man.
(TYNDNEW-E1-H,2,20J.154)
*~/
/*
10 WNP-1:  10 WNP-1, 12 what, 9 CP-QUE
*/

( (IP-MAT (CONJ For)
	  (NP-SBJ (PRO he))
	  (VBD knewe)
	  (CP-QUE (WNP-1 (WPRO what))
		  (C 0)
		  (IP-SUB (NP-SBJ *T*-1)
			  (BED was)
			  (PP (P in)
			      (NP (N man)))))
	  (. .))
  (ID TYNDNEW-E1-H,2,20J.154))

/~*
And he that was healed, wist not who it was.
(TYNDNEW-E1-H,5,1J.358)
*~/
/*
26 WNP-2:  26 WNP-2, 28 who, 25 CP-QUE
*/

( (IP-MAT (CONJ And)
	  (NP-SBJ (PRO he)
		  (CP-REL (WNP-1 0)
			  (C that)
			  (IP-SUB (NP-SBJ *T*-1)
				  (BED was)
				  (VAN healed))))
	  (, ,)
	  (VBD wist)
	  (NEG not)
	  (CP-QUE (WNP-2 (WPRO who))
		  (C 0)
		  (IP-SUB (NP-OB1 *T*-2)
			  (NP-SBJ (PRO it))
			  (BED was)))
	  (. .))
  (ID TYNDNEW-E1-H,5,1J.358))

/~*
for he him sylfe knewe what he wolde do.
(TYNDNEW-E1-H,6,1J.439)
*~/
/*
15 WNP-1:  15 WNP-1, 17 what, 14 CP-QUE
*/

( (IP-MAT (CONJ for)
	  (NP-SBJ (PRO he)
		  (NP-PRN (PRO him) (N sylfe)))
	  (VBD knewe)
	  (CP-QUE (WNP-1 (WPRO what))
		  (C 0)
		  (IP-SUB (NP-OB1 *T*-1)
			  (NP-SBJ (PRO he))
			  (MD wolde)
			  (DO do)))
	  (. .))
  (ID TYNDNEW-E1-H,6,1J.439))

/~*
For Iesus knewe from the begynnynge, which they were that beleved not, and who
shuld betraye him.
(TYNDNEW-E1-H,6,60J.537)
*~/
/*
21 WNP-1:  21 WNP-1, 23 which, 20 CP-QUE
54 WNP-4:  54 WNP-4, 56 who, 53 CP-QUE
*/

( (IP-MAT (CONJ For)
	  (NP-SBJ (NPR Iesus))
	  (VBD knewe)
	  (PP (P from)
	      (NP (D the) (N begynnynge)))
	  (, ,)
	  (CP-QUE (CP-QUE (WNP-1 (WPRO which))
			  (C 0)
			  (IP-SUB (NP-OB1 *T*-1)
				  (NP-SBJ (PRO they)
					  (CP-REL *ICH*-2))
				  (BED were)
				  (CP-REL-2 (WNP-3 0)
					    (C that)
					    (IP-SUB (NP-SBJ *T*-3)
						    (VBD beleved)
						    (NEG not)))))
		  (, ,)
		  (CONJP (CONJ and)
			 (CP-QUE (WNP-4 (WPRO who))
				 (C 0)
				 (IP-SUB (NP-SBJ *T*-4)
					 (MD shuld)
					 (VB betraye)
					 (NP-OB1 (PRO him))))))
	  (. .))
  (ID TYNDNEW-E1-H,6,60J.537))

/~*
But they vnderstode not what thinges they were which he spake vnto them.
(TYNDNEW-E1-H,10,1J.907)
*~/
/*
12 WNP-1:  12 WNP-1, 16 thinges, 11 CP-QUE
*/

( (IP-MAT (CONJ But)
	  (NP-SBJ (PRO they))
	  (VBD vnderstode)
	  (NEG not)
	  (CP-QUE (WNP-1 (WD what) (NS thinges))
		  (C 0)
		  (IP-SUB (NP-OB1 *T*-1)
			  (NP-SBJ (PRO they)
				  (CP-REL *ICH*-2))
			  (BED were)
			  (CP-REL-2 (WNP-3 (WPRO which))
				    (C 0)
				    (IP-SUB (NP-OB1 *T*-3)
					    (NP-SBJ (PRO he))
					    (VBD spake)
					    (PP (P vnto)
						(NP (PRO them)))))))
	  (. .))
  (ID TYNDNEW-E1-H,10,1J.907))
/*
FOOTER
  source file, hits/tokens/total
  C:\Users\Shoo\Dropbox\workspace\CorpusSearch_Auto\data\corporas\PPCEME\temp1492105854173\bible_and_apocrypha\tyndnew-e1-h.psd	6/5/1078
*/
/*
HEADER:
source file:  C:\Users\Shoo\Dropbox\workspace\CorpusSearch_Auto\data\corporas\PPCEME\temp1492105854173\bible_and_apocrypha\tyndnew-e1-p1.psd
*/

/~*
and what shall I saye?
(TYNDNEW-E1-P1,12,20J.55)
*~/
/*
4 WNP-1:  4 WNP-1, 6 what, 1 CP-QUE
*/

( (CP-QUE (CONJ and)
	  (WNP-1 (WPRO what))
	  (IP-SUB (NP-OB1 *T*-1)
		  (MD shall)
		  (NP-SBJ (PRO I))
		  (VB saye))
	  (. ?))
  (ID TYNDNEW-E1-P1,12,20J.55))

/~*
who is that sonne of man?
(TYNDNEW-E1-P1,12,20J.72)
*~/
/*
2 WNP-1:  2 WNP-1, 4 who, 1 CP-QUE
*/

( (CP-QUE (WNP-1 (WPRO who))
	  (IP-SUB (NP-SBJ *T*-1)
		  (BEP is)
		  (NP-OB1 (D that)
			  (NPR sonne)
			  (PP (P of)
			      (NP (NPR man)))))
	  (. ?))
  (ID TYNDNEW-E1-P1,12,20J.72))

/~*
but the father which sent me, he gave me a commaundement what I shuld saye,
and what I shuld speake.
(TYNDNEW-E1-P1,12,40J.98)
*~/
/*
40 WNP-3:  40 WNP-3, 42 what, 39 CP-QUE
61 WNP-4:  61 WNP-4, 63 what, 60 CP-QUE
*/

( (IP-MAT (CONJ but)
	  (NP-LFD-1 (D the)
		    (NPR father)
		    (CP-REL (WNP-2 (WPRO which))
			    (C 0)
			    (IP-SUB (NP-SBJ *T*-2)
				    (VBD sent)
				    (NP-OB1 (PRO me)))))
	  (, ,)
	  (NP-SBJ-RSP=1 (PRO he))
	  (VBD gave)
	  (NP-OB2 (PRO me))
	  (NP-OB1 (D a)
		  (N commaundement)
		  (CP-QUE-PRN (CP-QUE (WNP-3 (WPRO what))
				      (C 0)
				      (IP-SUB (NP-OB1 *T*-3)
					      (NP-SBJ (PRO I))
					      (MD shuld)
					      (VB saye)))
			      (, ,)
			      (CONJP (CONJ and)
				     (CP-QUE (WNP-4 (WPRO what))
					     (C 0)
					     (IP-SUB (NP-OB1 *T*-4)
						     (NP-SBJ (PRO I))
						     (MD shuld)
						     (VB speake))))))
	  (. .))
  (ID TYNDNEW-E1-P1,12,40J.98))

/~*
what I do, thou wotest not now,
(TYNDNEW-E1-P1,13,1J.117)
*~/
/*
3 WNP-1:  3 WNP-1, 5 what, 2 CP-QUE
*/

( (IP-MAT (CP-QUE (WNP-1 (WPRO what))
		  (C 0)
		  (IP-SUB (NP-OB1 *T*-1)
			  (NP-SBJ (PRO I))
			  (DOP do)))
	  (, ,)
	  (NP-SBJ (PRO thou))
	  (VBP wotest)
	  (NEG not)
	  (ADVP-TMP (ADV now))
	  (. ,))
  (ID TYNDNEW-E1-P1,13,1J.117))

/~*
To him beckened Simon Peter that he shuld axe who it was of whom he spake.
(TYNDNEW-E1-P1,13,20J.144)
*~/
/*
27 WNP-1:  27 WNP-1, 29 who, 26 CP-QUE
*/

( (IP-MAT (PP (P To)
	      (NP (PRO him)))
	  (VBD beckened)
	  (NP-SBJ (NPR Simon) (NPR Peter))
	  (CP-ADV (C that)
		  (IP-SUB (NP-SBJ (PRO he))
			  (MD shuld)
			  (VB axe)
			  (CP-QUE (WNP-1 (WPRO who))
				  (C 0)
				  (IP-SUB (NP-OB1 *T*-1)
					  (NP-SBJ (PRO it))
					  (BED was)
					  (CP-CLF (WPP-2 (P of)
							 (WNP (WPRO whom)))
						  (C 0)
						  (IP-SUB (PP *T*-2)
							  (NP-SBJ (PRO he))
							  (VBD spake)))))))
	  (. .))
  (ID TYNDNEW-E1-P1,13,20J.144))

/~*
we $can $not tell what he sayth.
(TYNDNEW-E1-P1,16,1J.346)
*~/
/*
14 WNP-1:  14 WNP-1, 16 what, 13 CP-QUE
*/

( (IP-MAT (NP-SBJ (PRO we))
	  (MD $can)
	  (NEG $not)
	  (CODE {TEXT:cannot})
	  (VB tell)
	  (CP-QUE (WNP-1 (WPRO what))
		  (C 0)
		  (IP-SUB (NP-OB1 *T*-1)
			  (NP-SBJ (PRO he))
			  (VBP sayth)))
	  (. .))
  (ID TYNDNEW-E1-P1,16,1J.346))
/*
FOOTER
  source file, hits/tokens/total
  C:\Users\Shoo\Dropbox\workspace\CorpusSearch_Auto\data\corporas\PPCEME\temp1492105854173\bible_and_apocrypha\tyndnew-e1-p1.psd	7/6/1102
*/
/*
HEADER:
source file:  C:\Users\Shoo\Dropbox\workspace\CorpusSearch_Auto\data\corporas\PPCEME\temp1492105854173\bible_and_apocrypha\tyndnew-e1-p2.psd
*/

/~*
Whyle Peter mused in him selfe what this vision which he had sene meant,
beholde, the men which were sent from Cornelius, had made inquirance for
Simons housse,
(TYNDNEW-E1-P2,10,1A.368)
*~/
/*
23 WNP-1:  23 WNP-1, 25 what, 22 CP-QUE
*/

( (IP-MAT (PP (P Whyle)
	      (CP-ADV (C 0)
		      (IP-SUB (NP-SBJ (NPR Peter))
			      (VBD mused)
			      (PP (P in)
				  (NP (PRO him) (N selfe)))
			      (CP-QUE (WNP-1 (WPRO what))
				      (C 0)
				      (IP-SUB (NP-OB1 *T*-1)
					      (NP-SBJ (D this)
						      (N vision)
						      (CP-REL (WNP-2 (WPRO which))
							      (C 0)
							      (IP-SUB (NP-OB1 *T*-2)
								      (NP-SBJ (PRO he))
								      (HVD had)
								      (VBN sene))))
					      (VBD meant))))))
	  (, ,)
	  (IP-IMP-PRN (VBI beholde))
	  (, ,)
	  (NP-SBJ (D the)
		  (NS men)
		  (CP-REL (WNP-3 (WPRO which))
			  (C 0)
			  (IP-SUB (NP-SBJ *T*-3)
				  (BED were)
				  (VAN sent)
				  (PP (P from)
				      (NP (NPR Cornelius))))))
	  (, ,)
	  (HVD had)
	  (VBN made)
	  (NP-OB1 (N inquirance)
		  (PP (P for)
		      (NP (NPR$ Simons) (N housse))))
	  (. ,))
  (ID TYNDNEW-E1-P2,10,1A.368))

/~*
Assone as it was daye ther was no lyttell a do amonge the soudyers, what was
becum of Peter.
(TYNDNEW-E1-P2,12,1A.530)
*~/
/*
51 WNP-3:  51 WNP-3, 53 what, 50 CP-QUE
*/

( (IP-MAT (ADVP-TMP (ADVR+ADV Assone)
		    (PP (P as)
			(CP-CMP (WADVP-1 0)
				(C 0)
				(IP-SUB (ADVP-TMP *T*-1)
					(NP-SBJ (PRO it))
					(BED was)
					(NP-OB1 (N daye))))))
	  (NP-SBJ-2 (EX ther))
	  (BED was)
	  (NP-2 (QP (Q no) (Q lyttell))
		(N (N21 a) (N22 do)))
	  (PP (P amonge)
	      (NP (D the) (NS soudyers)))
	  (, ,)
	  (CP-QUE (WNP-3 (WPRO what))
		  (C 0)
		  (IP-SUB (NP-SBJ *T*-3)
			  (BED was)
			  (VBN becum)
			  (PP (P of)
			      (NP (NPR Peter)))))
	  (. .))
  (ID TYNDNEW-E1-P2,12,1A.530))

/~*
Then the rular when he sawe what had happened, beleved,
(TYNDNEW-E1-P2,13,1A.575)
*~/
/*
23 WNP-1:  23 WNP-1, 25 what, 22 CP-QUE
*/

( (IP-MAT (ADVP-TMP (ADV Then))
	  (NP-SBJ (D the) (N rular))
	  (PP (P when)
	      (CP-ADV (C 0)
		      (IP-SUB (NP-SBJ (PRO he))
			      (VBD sawe)
			      (CP-QUE (WNP-1 (WPRO what))
				      (C 0)
				      (IP-SUB (NP-SBJ *T*-1)
					      (HVD had)
					      (VBN happened))))))
	  (, ,)
	  (VBD beleved)
	  (. ,))
  (ID TYNDNEW-E1-P2,13,1A.575))

/~*
And when the people sawe what Paul had done, they lifte vp their voyces,
sayinge in the speache of Lycaonia: Goddes are come doune to vs in the lyknes
of men.
(TYNDNEW-E1-P2,14,1A.663)
*~/
/*
19 WNP-1:  19 WNP-1, 21 what, 18 CP-QUE
*/

( (IP-MAT (CONJ And)
	  (PP (P when)
	      (CP-ADV (C 0)
		      (IP-SUB (NP-SBJ (D the) (NS people))
			      (VBD sawe)
			      (CP-QUE (WNP-1 (WPRO what))
				      (C 0)
				      (IP-SUB (NP-OB1 *T*-1)
					      (NP-SBJ (NPR Paul))
					      (HVD had)
					      (DON done))))))
	  (, ,)
	  (NP-SBJ (PRO they))
	  (VBD lifte)
	  (RP vp)
	  (NP-OB1 (PRO$ their) (NS voyces))
	  (, ,)
	  (IP-PPL (VAG sayinge)
		  (PP (P in)
		      (NP (D the)
			  (N speache)
			  (PP (P of)
			      (NP (NPR Lycaonia)))))
		  (, :)
		  (IP-MAT-SPE (NP-SBJ (NS Goddes))
			      (BEP are)
			      (VBN come)
			      (RP doune)
			      (PP (P to)
				  (NP (PRO vs)))
			      (PP (P in)
				  (NP (D the)
				      (N lyknes)
				      (PP (P of)
					  (NP (NS men)))))))
	  (. .))
  (ID TYNDNEW-E1-P2,14,1A.663))

/~*
And they declared what thinges God had done by them.
(TYNDNEW-E1-P2,15,1A.700)
*~/
/*
10 WNP-1:  10 WNP-1, 14 thinges, 9 CP-QUE
*/

( (IP-MAT (CONJ And)
	  (NP-SBJ (PRO they))
	  (VBD declared)
	  (CP-QUE (WNP-1 (WD what) (NS thinges))
		  (C 0)
		  (IP-SUB (NP-OB1 *T*-1)
			  (NP-SBJ (NPR God))
			  (HVD had)
			  (DON done)
			  (PP (P by)
			      (NP (PRO them)))))
	  (. .))
  (ID TYNDNEW-E1-P2,15,1A.700))
/*
FOOTER
  source file, hits/tokens/total
  C:\Users\Shoo\Dropbox\workspace\CorpusSearch_Auto\data\corporas\PPCEME\temp1492105854173\bible_and_apocrypha\tyndnew-e1-p2.psd	5/5/889
*/
/*
HEADER:
source file:  C:\Users\Shoo\Dropbox\workspace\CorpusSearch_Auto\data\corporas\PPCEME\temp1492105854173\bible_and_apocrypha\tyndold-e1-h.psd
*/

/~*
And after y=t= the Lorde God had make of the erth all maner beastes of the
felde, and all maner foules of the ayre, he brought them vnto Adam to see what
he wold call them.
(TYNDOLD-E1-H,2,1G.105)
*~/
/*
90 WNP-1:  90 WNP-1, 92 what, 89 CP-QUE
*/

( (IP-MAT (CONJ And)
	  (PP (P after)
	      (CP-ADV (C y=t=)
		      (IP-SUB (NP-SBJ (D the) (NPR Lorde) (NPR God))
			      (HVD had)
			      (VBN make)
			      (PP (P of)
				  (NP (D the) (N erth)))
			      (NP-OB1 (NP (Q all)
					  (N maner)
					  (NP-COM (NS beastes)
						  (PP (P of)
						      (NP (D the) (N felde)))))
				      (, ,)
				      (CONJP (CONJ and)
					     (NP (Q all)
						 (N maner)
						 (NP-COM (NS foules)
							 (PP (P of)
							     (NP (D the) (N ayre))))))))))
	  (, ,)
	  (NP-SBJ (PRO he))
	  (VBD brought)
	  (NP-OB1 (PRO them))
	  (PP (P vnto)
	      (NP (NPR Adam)))
	  (IP-INF-PRP (TO to)
		      (VB see)
		      (CP-QUE (WNP-1 (WPRO what))
			      (C 0)
			      (IP-SUB (NP-SBJ (PRO he))
				      (MD wold)
				      (VB call)
				      (IP-SMC (NP-OB1 *T*-1)
					      (NP-SBJ (PRO them))))))
	  (. .))
  (ID TYNDOLD-E1-H,2,1G.105))

/~*
As soone as Noe was awaked fro~ his wyne and wyst what his yongest sonne had
done vnto hym, he sayd: cursed be Canaan,
(TYNDOLD-E1-H,9,20G.350)
*~/
/*
45 WNP-2:  45 WNP-2, 47 what, 44 CP-QUE
*/

( (IP-MAT (ADVP-TMP (ADVR As)
		    (ADV soone)
		    (PP (P as)
			(CP-CMP (WADVP-1 0)
				(C 0)
				(IP-SUB (IP-SUB (ADVP-TMP *T*-1)
						(NP-SBJ (NPR Noe))
						(BED was)
						(VAN awaked)
						(PP (P fro~)
						    (NP (PRO$ his) (N wyne))))
					(CONJP (CONJ and)
					       (IP-SUB (ADVP-TMP *T*-1)
						       (NP-SBJ *con*)
						       (VBD wyst)
						       (CP-QUE (WNP-2 (WPRO what))
							       (C 0)
							       (IP-SUB (NP-OB1 *T*-2)
								       (NP-SBJ (PRO$ his) (ADJS yongest) (N sonne))
								       (HVD had)
								       (DON done)
								       (PP (P vnto)
									   (NP (PRO hym)))))))))))
	  (, ,)
	  (NP-SBJ (PRO he))
	  (VBD sayd)
	  (, :)
	  (IP-MAT-SPE (VAN cursed)
		      (BEP be)
		      (NP-SBJ (NPR Canaan)))
	  (. ,))
  (ID TYNDOLD-E1-H,9,20G.350))
/*
FOOTER
  source file, hits/tokens/total
  C:\Users\Shoo\Dropbox\workspace\CorpusSearch_Auto\data\corporas\PPCEME\temp1492105854173\bible_and_apocrypha\tyndold-e1-h.psd	2/2/811
*/
/*
HEADER:
source file:  C:\Users\Shoo\Dropbox\workspace\CorpusSearch_Auto\data\corporas\PPCEME\temp1492105854173\bible_and_apocrypha\tyndold-e1-p1.psd
*/
/*
FOOTER
  source file, hits/tokens/total
  C:\Users\Shoo\Dropbox\workspace\CorpusSearch_Auto\data\corporas\PPCEME\temp1492105854173\bible_and_apocrypha\tyndold-e1-p1.psd	0/0/1317
*/
/*
HEADER:
source file:  C:\Users\Shoo\Dropbox\workspace\CorpusSearch_Auto\data\corporas\PPCEME\temp1492105854173\bible_and_apocrypha\tyndold-e1-p2.psd
*/
/*
FOOTER
  source file, hits/tokens/total
  C:\Users\Shoo\Dropbox\workspace\CorpusSearch_Auto\data\corporas\PPCEME\temp1492105854173\bible_and_apocrypha\tyndold-e1-p2.psd	0/0/866
*/
/*
SUMMARY:  
source files, hits/tokens/total
  C:\Users\Shoo\Dropbox\workspace\CorpusSearch_Auto\data\corporas\PPCEME\temp1492105854173\bible_and_apocrypha\authnew-e2-h.psd	6/6/1613
  C:\Users\Shoo\Dropbox\workspace\CorpusSearch_Auto\data\corporas\PPCEME\temp1492105854173\bible_and_apocrypha\authnew-e2-p1.psd	3/3/1558
  C:\Users\Shoo\Dropbox\workspace\CorpusSearch_Auto\data\corporas\PPCEME\temp1492105854173\bible_and_apocrypha\authnew-e2-p2.psd	5/5/1255
  C:\Users\Shoo\Dropbox\workspace\CorpusSearch_Auto\data\corporas\PPCEME\temp1492105854173\bible_and_apocrypha\authold-e2-h.psd	2/2/1234
  C:\Users\Shoo\Dropbox\workspace\CorpusSearch_Auto\data\corporas\PPCEME\temp1492105854173\bible_and_apocrypha\authold-e2-p1.psd	0/0/1385
  C:\Users\Shoo\Dropbox\workspace\CorpusSearch_Auto\data\corporas\PPCEME\temp1492105854173\bible_and_apocrypha\authold-e2-p2.psd	0/0/912
  C:\Users\Shoo\Dropbox\workspace\CorpusSearch_Auto\data\corporas\PPCEME\temp1492105854173\bible_and_apocrypha\tyndnew-e1-h.psd	6/5/1078
  C:\Users\Shoo\Dropbox\workspace\CorpusSearch_Auto\data\corporas\PPCEME\temp1492105854173\bible_and_apocrypha\tyndnew-e1-p1.psd	7/6/1102
  C:\Users\Shoo\Dropbox\workspace\CorpusSearch_Auto\data\corporas\PPCEME\temp1492105854173\bible_and_apocrypha\tyndnew-e1-p2.psd	5/5/889
  C:\Users\Shoo\Dropbox\workspace\CorpusSearch_Auto\data\corporas\PPCEME\temp1492105854173\bible_and_apocrypha\tyndold-e1-h.psd	2/2/811
  C:\Users\Shoo\Dropbox\workspace\CorpusSearch_Auto\data\corporas\PPCEME\temp1492105854173\bible_and_apocrypha\tyndold-e1-p1.psd	0/0/1317
  C:\Users\Shoo\Dropbox\workspace\CorpusSearch_Auto\data\corporas\PPCEME\temp1492105854173\bible_and_apocrypha\tyndold-e1-p2.psd	0/0/866
whole search, hits/tokens/total
		36/34/14020
*/
