/*
PREFACE:  
Copyright 2010 Beth Randall
Date:  Thu Apr 13 19:03:17 BST 2017

command file:     data\searches\queries\PENN\wh-relatives.q
output file:      C:\Users\Shoo\Dropbox\workspace\CorpusSearch_Auto\data\output\13-04-2017 18.46.36.333 PPCME2\whrelatives\biography_and_diaries\result.out

node:   CP-REL*|WADJP|WADVP|WIP|WNP|WPP|WQP
query:  (WADJP|WADVP|WIP|WNP|WPP|WQP Dominates  !WADJP|WADVP|WIP|WNP|WPP|WQP) 
  AND  (CP-REL* Dominates  WADJP|WADVP|WIP|WNP|WPP|WQP) 
*/
/*
HEADER:
source file:  C:\Users\Shoo\Dropbox\workspace\CorpusSearch_Auto\data\corporas\PPCME2\temp1492106398658\biography_and_diaries\cmedmund.m4.psd
*/

/~*
and as thaye came into a grete valey thaye se many black fowlys lyke crowys,
among which there sate one that was all totoryn with the other black crowys;
(CMEDMUND,167.117)
*~/
/*
50 WNP:  50 WNP, 52 which, 46 CP-REL
*/
( (IP-MAT (CONJ and)
	  (PP (P as)
	      (CP-ADV (C 0)
		      (IP-SUB (NP-SBJ (PRO thaye))
			      (VBD came)
			      (PP (P into)
				  (NP (D a) (ADJ grete) (N valey))))))
	  (NP-SBJ (PRO thaye))
	  (VBD se)
	  (NP-OB1 (Q many)
		  (ADJ black)
		  (NS fowlys)
		  (ADJP (ADJ lyke)
			(NP (NS crowys)))
		  (, ,)
		  (CP-REL (WPP-1 (P among)
				 (WNP (WPRO which)))
			  (C 0)
			  (IP-SUB (PP *T*-1)
				  (NP-SBJ-2 (EX there))
				  (VBD sate)
				  (NP-2 (ONE one)
					(CP-REL (WNP-3 0)
						(C that)
						(IP-SUB (NP-SBJ *T*-3)
							(BED was)
							(ADVP (Q all))
							(VAN totoryn)
							(PP (P with)
							    (NP (D the) (OTHER other) (ADJ black) (NS crowys)))))))))
	  (. ;))
  (ID CMEDMUND,167.117))
/*
FOOTER
  source file, hits/tokens/total
  C:\Users\Shoo\Dropbox\workspace\CorpusSearch_Auto\data\corporas\PPCME2\temp1492106398658\biography_and_diaries\cmedmund.m4.psd	1/1/300
*/
/*
HEADER:
source file:  C:\Users\Shoo\Dropbox\workspace\CorpusSearch_Auto\data\corporas\PPCME2\temp1492106398658\biography_and_diaries\cmjulia.m1.psd
*/
/*
FOOTER
  source file, hits/tokens/total
  C:\Users\Shoo\Dropbox\workspace\CorpusSearch_Auto\data\corporas\PPCME2\temp1492106398658\biography_and_diaries\cmjulia.m1.psd	0/0/568
*/
/*
HEADER:
source file:  C:\Users\Shoo\Dropbox\workspace\CorpusSearch_Auto\data\corporas\PPCME2\temp1492106398658\biography_and_diaries\cmkathe.m1.psd
*/

/~*
Ich walde king greten +te +gef +tu understode +tt he ane is to herien +turh
hwam ant under hwam alle kinges rixli+d.
(CMKATHE,21.49)
*~/
/*
52 WNP:  52 WNP, 54 hwam, 47 CP-REL-2
61 WNP:  61 WNP, 63 hwam, 47 CP-REL-2
*/

( (IP-MAT (NP-SBJ (PRO Ich))
	  (MD walde)
	  (NP-VOC (N king))
	  (VB greten)
	  (NP-OB1 (PRO +te))
	  (PP (P +gef)
	      (CP-ADV (C 0)
		      (IP-SUB (NP-SBJ (PRO +tu))
			      (VBD understode)
			      (CP-THT (C +tt)
				      (IP-SUB (NP-SBJ-1 (PRO he)
							(FP ane)
							(CP-REL *ICH*-2))
					      (BEP is)
					      (IP-INF (NP-OB1 *-1)
						      (TO to)
						      (VB herien))
					      (CP-REL-2 (WPP-3 (WPP (P +turh)
								    (WNP (WPRO hwam)))
							       (CONJP (CONJ ant)
								      (WPP (P under)
									   (WNP (WPRO hwam)))))
							(C 0)
							(IP-SUB (PP *T*-3)
								(NP-SBJ (Q alle) (NS kinges))
								(VBP rixli+d))))))))
	  (. .))
  (ID CMKATHE,21.49))

/~*
Ah +ter nis buten an godd +tur hwam witerliche ha alle weren iwrahte ant of
nawhit ant i +tis weorlde iset us forto frourin ant to fremien.
(CMKATHE,22.56)
*~/
/*
20 WNP:  20 WNP, 22 hwam, 16 CP-REL
*/

( (IP-MAT (CONJ Ah)
	  (NP-SBJ-1 (EX +ter))
	  (NEG+BEP nis)
	  (NP-1 (FP buten)
		(ONE an)
		(NPR godd)
		(CP-REL (WPP-2 (P +tur)
			       (WNP (WPRO hwam)))
			(C 0)
			(IP-SUB (IP-SUB-3 (PP *T*-2)
					  (ADVP (ADV witerliche))
					  (NP-SBJ (PRO ha)
						  (QP (Q alle)))
					  (BED weren)
					  (VAN iwrahte))
				(CONJP (CONJ ant)
				       (IP-SUB=3 (PP (P of)
						     (NP (Q+N nawhit)))))
				(CONJP (CONJ ant)
				       (IP-SUB=3 (PP (P i)
						     (NP (D +tis) (N weorlde)))
						 (VAN iset)
						 (IP-INF-PRP (IP-INF-PRP (NP-OB1 (PRO us))
									 (FOR+TO forto)
									 (VB frourin))
							     (CONJP (CONJ ant)
								    (IP-INF-PRP (TO to) (VB fremien)))))))))
	  (. .))
  (ID CMKATHE,22.56))

/~*
for +ti leofmon & ti lauert for hwas nome +tu undernome +tis strif is wi+d +te
eauer-ihwer istude ant istalle +te wel wule wite +te
(CMKATHE,29.166)
*~/
/*
22 WNP:  22 WNP, 26 nome, 18 CP-REL-SPE
*/

( (IP-MAT-SPE (CONJ for)
	      (NP-SBJ (NP (PRO$ +ti) (ADJ+N leofmon))
		      (CONJP (CONJ &)
			     (NP (PRO$ ti) (NPR lauert)))
		      (CP-REL-SPE (WPP-1 (P for)
					 (WNP (WPRO$ hwas) (N nome)))
				  (C 0)
				  (IP-SUB-SPE (PP *T*-1)
					      (NP-SBJ (PRO +tu))
					      (VBD undernome)
					      (NP-OB1 (D +tis) (N strif))))
		      (CP-REL-SPE *ICH*-2))
	      (BEP is)
	      (PP (P wi+d)
		  (NP (PRO +te)))
	      (ADVP-LOC (Q+WADV eauer-ihwer))
	      (PP (PP (P+N istude))
		  (CONJP (CONJ ant)
			 (PP (P+N istalle))))
	      (CP-REL-SPE-2 (WNP-3 0)
			    (C +te)
			    (IP-SUB-SPE (NP-SBJ *T*-3)
					(ADVP (ADV wel))
					(MD wule)
					(VB wite)
					(NP-OB1 (PRO +te)))))
  (ID CMKATHE,29.166))

/~*
ah ne drede ich nawiht +tt mi lauert nule wel +gelde me mi hwile for hwas nome.
ich underneome to fehten $o $+tis wise.
(CMKATHE,31.190)
*~/
/*
43 WNP:  43 WNP, 47 nome, 39 CP-REL-SPE-1
*/

( (IP-MAT-SPE (CONJ ah)
	      (NEG ne)
	      (VBP drede)
	      (NP-SBJ (PRO ich))
	      (NEG nawiht)
	      (CP-THT-SPE (C +tt)
			  (IP-SUB-SPE (NP-SBJ (PRO$ mi)
					      (NPR lauert)
					      (CP-REL-SPE *ICH*-1))
				      (NEG+MD nule)
				      (ADVP (ADV wel))
				      (VB +gelde)
				      (NP-OB2 (PRO me))
				      (NP-OB1 (PRO$ mi) (N hwile))
				      (CP-REL-SPE-1 (WPP-2 (P for)
							   (WNP (WPRO$ hwas) (N nome)))
						    (C 0)
						    (, .)
						    (IP-SUB-SPE (PP *T*-2)
								(NP-SBJ (PRO ich))
								(VBP underneome)
								(IP-INF-SPE (TO to)
									    (VB fehten)
									    (PP (P $o)
										(NP (D $+tis)
										    (CODE {TEXT:o+tis})
										    (N wise))))))))
	      (. .))
  (ID CMKATHE,31.190))

/~*
for nabbe ich nawt teos niht i worldliche wecchen ah habbe in heouenliche
iwaket +tear as me +tear as me rihte bileaue. +tear me unwreah me +te wei +tt
leade+d to +tt lif +ter me liue+d a i blisse buten euch bale. i wunne bute wa.
(CMKATHE,41.351)
*~/
/*
42 WADVP:  42 WADVP, 43 0, 41 CP-REL-SPE
*/

( (IP-MAT-SPE-1 (CONJ for)
		(NEG+HVP nabbe)
		(NP-SBJ (PRO ich))
		(NEG nawt)
		(NP-TMP (D teos) (N niht))
		(PP (P i)
		    (NP (ADJ worldliche) (NS wecchen)))
		(IP-MAT-PRN-SPE=1 (CONJ ah)
				  (HVP habbe)
				  (PP (P in)
				      (NP (ADJ heouenliche))))
		(VBN iwaket)
		(ADVP-LOC (ADVP (ADV +tear))
			  (CP-REL-SPE (WADVP 0)
				      (C as)
				      (XX (NP (PRO me))
					  (ADV +tear)
					  (X as)
					  (NP (PRO me))
					  (NP (ADJ rihte) (N bileaue)))))
		(, .)
		(ADVP-LOC (CP-FRL-SPE (WADVP-2 (ADV +tear))
				      (C 0)
				      (IP-SUB-SPE (ADVP-LOC *T*-2)
						  (NP-SBJ (MAN me))
						  (VBD unwreah)
						  (NP-OB2 (PRO me))
						  (NP-OB1 (D +te)
							  (N wei)
							  (CP-REL-SPE (WNP-3 0)
								      (C +tt)
								      (IP-SUB-SPE (NP-SBJ *T*-3)
										  (VBP leade+d)
										  (PP (P to)
										      (NP (D +tt)
											  (N lif)
											  (CP-REL-SPE (WADVP-4 (ADV +ter))
												      (C 0)
												      (IP-SUB-SPE (ADVP-LOC *T*-4)
														  (NP-SBJ (MAN me))
														  (VBP liue+d)
														  (ADVP-TMP (ADV a))
														  (PP (PP (P i)
															  (NP (N blisse)
															      (PP (P buten)
																  (NP (Q euch) (N bale)))))
														      (, .)
														      (CONJP (PP (P i)
																 (NP (N wunne)
																     (PP (P bute)
																	 (NP (N wa)))))))))))))))))
		(. .))
  (ID CMKATHE,41.351))

/~*
bihalt +tin heh healent for hwas nome +tu hauest al undernume +tis newcin.
(CMKATHE,42.369)
*~/
/*
15 WNP:  15 WNP, 19 nome, 11 CP-REL-SPE
*/

( (IP-IMP-SPE (VBI bihalt)
	      (NP-OB1 (PRO$ +tin)
		      (ADJ heh)
		      (NPR healent)
		      (CP-REL-SPE (WPP-1 (P for)
					 (WNP (WPRO$ hwas) (N nome)))
				  (C 0)
				  (IP-SUB-SPE (PP *T*-1)
					      (NP-SBJ (PRO +tu))
					      (HVP hauest)
					      (ADVP (Q al))
					      (VBN undernume)
					      (NP-OB1 (D +tis) (N newcin)))))
	      (. .))
  (ID CMKATHE,42.369))

/~*
ant seide. Eadi meiden ernde me to +ti leoue lauerd for hwas luue ich +tolie
+tt me bilimie+d me +tus. +tt he i +te tintreohe +tt ich am iturnt to heardi
min heorte +tt tet wake ules ne wursi neauer mi mod swa +tt ich earni to
ofseruin heoueriche. +tt ich ne for-ga neauer for fearlac of na pine +tt beo
fleschlic +te crune +te crist haue+d efter +tt tu cwiddest ileuet his icorene.
(CMKATHE,47.447)
*~/
/*
35 WNP:  35 WNP, 39 luue, 31 CP-REL-SPE
*/

( (IP-MAT (CONJ ant)
	  (NP-SBJ *con*)
	  (VBD seide)
	  (, .)
	  (IP-IMP-SPE (NP-VOC (ADJ Eadi) (N meiden))
		      (VBI ernde)
		      (NP-OB2 (PRO me))
		      (PP (P to)
			  (NP (PRO$ +ti)
			      (ADJ leoue)
			      (NPR lauerd)
			      (CP-REL-SPE (WPP-1 (P for)
						 (WNP (WPRO$ hwas) (N luue)))
					  (C 0)
					  (IP-SUB-SPE (PP *T*-1)
						      (NP-SBJ (PRO ich))
						      (VBP +tolie)
						      (CP-THT-SPE (C +tt)
								  (IP-SUB-SPE (NP-SBJ (MAN me))
									      (VBP bilimie+d)
									      (NP-OB1 (PRO me))
									      (ADVP (ADV +tus))))))))
		      (, .)
		      (CP-THT-SPE (C +tt)
				  (IP-SUB-SPE (NP-SBJ (PRO he))
					      (PP (P i)
						  (NP (D +te)
						      (N tintreohe)
						      (CP-REL-SPE (WNP-2 0)
								  (C +tt)
								  (IP-SUB-SPE (NP-SBJ (PRO ich))
									      (BEP am)
									      (VAN iturnt)
									      (PP (P to)
										  (NP *T*-2))))))
					      (VBP heardi)
					      (NP-OB1 (PRO$ min) (N heorte))
					      (CP-ADV-SPE (C +tt)
							  (IP-SUB-SPE (NP-SBJ (D tet) (ADJ wake) (N ules))
								      (NEG ne)
								      (VBP wursi)
								      (ADVP-TMP (ADV neauer))
								      (NP-OB1 (PRO$ mi) (N mod))
								      (PP (P swa)
									  (CP-ADV-SPE (C +tt)
										      (IP-SUB-SPE (NP-SBJ (PRO ich))
												  (VBP earni)
												  (IP-INF-SPE (TO to)
													      (VB ofseruin)
													      (NP-OB1 (NPR$+N heoueriche))))))))
					      (, .)
					      (CP-ADV-SPE (C +tt)
							  (IP-SUB-SPE (NP-SBJ (PRO ich))
								      (NEG ne)
								      (VBP for-ga)
								      (ADVP-TMP (ADV neauer))
								      (PP (P for)
									  (NP (N fearlac)
									      (PP (P of)
										  (NP (Q na)
										      (N pine)
										      (CP-REL-SPE (WNP-3 0)
												  (C +tt)
												  (IP-SUB-SPE (NP-SBJ *T*-3)
													      (BEP beo)
													      (ADJ fleschlic)))))))
								      (NP-OB1 (D +te)
									      (N crune)
									      (CP-REL-SPE (WNP-4 0)
											  (C +te)
											  (IP-SUB-SPE (NP-OB1 *T*-4)
												      (NP-SBJ (NPR crist))
												      (HVP haue+d)
												      (PP (P efter)
													  (NP (CP-FRL-SPE (WNP-5 0)
															  (C +tt)
															  (IP-SUB-SPE (NP-OB1 *T*-5)
																      (NP-SBJ (PRO tu))
																      (VBD cwiddest)))))
												      (VBN ileuet)
												      (NP-OB2 (PRO$ his) (VAN icorene))))))))))
	  (. .))
  (ID CMKATHE,47.447))
/*
FOOTER
  source file, hits/tokens/total
  C:\Users\Shoo\Dropbox\workspace\CorpusSearch_Auto\data\corporas\PPCME2\temp1492106398658\biography_and_diaries\cmkathe.m1.psd	8/7/544
*/
/*
HEADER:
source file:  C:\Users\Shoo\Dropbox\workspace\CorpusSearch_Auto\data\corporas\PPCME2\temp1492106398658\biography_and_diaries\cmmarga.m1.psd
*/

/~*
$+Tis beo+d +te wepnen +tet me wurst wundi+d. & wite+d ham unwemmet &
strenge+d ham sterclukest a+gein me. & a+gein hare wake lustes. +tet beo+d.
Eoten meokeliche & mea+deluker drinken. Do +tt flesh i sum derf ne neauer ne
beon idel. hali monne bone for ham wi+d hare ahne beodefule +tohtes. +tt ha
schulen +tenchen bimong hare benen. a+gein hare unwerste +tohtes. +tt ich in
ham +tudde. +tenchen hit is +turh me +tt hare lust leade+d ham to wurche to
wundre. +tenchen +gef ha beie+d me? to hu bitter beast ha buhe+d. & hwas luue
ha forlete+d. hu lufsum +ting ha leose+d. +tet is mei+dhad meidenes menske. &
te luue of +te luueliche lauerd of heouene. & of +te lufsume cwen englene
leafdi.
(CMMARGA,78.379)
*~/
/*
307 WADJP:  307 WADJP, 311 bitter, 84 CP-REL-SPE
307 WADJP:  307 WADJP, 311 bitter, 12 CP-REL-SPE
350 WADJP:  350 WADJP, 354 lufsum, 84 CP-REL-SPE
350 WADJP:  350 WADJP, 354 lufsum, 12 CP-REL-SPE
*/

( (IP-MAT-SPE (NP-SBJ (D $+Tis))
	      (BEP beo+d)
	      (NP-OB1 (D +te)
		      (N wepnen)
		      (CP-REL-SPE (WNP-1 0)
				  (C +tet)
				  (IP-SUB-SPE (IP-SUB-SPE (NP-SBJ *T*-1)
							  (NP-OB1 (PRO me))
							  (ADVP (ADVS wurst))
							  (VBP wundi+d))
					      (, .)
					      (CONJP (CONJ &)
						     (IP-SUB-SPE (NP-SBJ *T*-1)
								 (VBP wite+d)
								 (IP-SMC-SPE (NP-SBJ (PRO ham))
									     (ADJP (ADJ unwemmet)))))
					      (CONJP (CONJ &)
						     (IP-SUB-SPE (NP-SBJ *T*-1)
								 (VBP strenge+d)
								 (NP-OB1 (PRO ham))
								 (ADVP (ADVS sterclukest))
								 (PP (PP (P a+gein)
									 (NP (PRO me)))
								     (, .)
								     (CONJP (CONJ &)
									    (PP (P a+gein)
										(NP (PRO$ hare)
										    (ADJ wake)
										    (NS lustes)
										    (, .)
										    (CP-REL-SPE (WNP-2 0)
												(C +tet)
												(IP-SUB-SPE (NP-SBJ *T*-2)
													    (BEP beo+d)
													    (, .)
													    (IP-INF-SPE (IP-INF-SPE (VB Eoten)
																    (ADVP (ADV meokeliche)))
															(CONJP (CONJ &)
															       (IP-INF-SPE (ADVP (ADVR mea+deluker))
																	   (VB drinken)))
															(, .)
															(CONJP (IP-INF-SPE (DO Do)
																	   (NP-OB1 (D +tt) (N flesh))
																	   (PP (P i)
																	       (NP (Q sum) (N derf)))))
															(CONJP (CONJ ne)
															       (IP-INF-SPE (ADVP-TMP (ADV neauer))
																	   (NEG ne)
																	   (BE beon)
																	   (ADJP (ADJ idel))))
															(, .)
															(CONJP (IP-INF-SPE (NP-SBJ (ADJ hali) (N monne))
																	   (VB bone)
																	   (PP (P for)
																	       (NP (PRO ham)))
																	   (PP (P wi+d)
																	       (NP (PRO$ hare)
																		   (ADJ ahne)
																		   (ADJ beodefule)
																		   (NS +tohtes)
																		   (, .)
																		   (CP-REL-SPE (WNP-3 0)
																			       (C +tt)
																			       (IP-SUB-SPE (NP-OB1 *T*-3)
																					   (NP-SBJ (PRO ha))
																					   (MD schulen)
																					   (VB +tenchen)
																					   (PP (P bimong)
																					       (NP (PRO$ hare) (NS benen)))
																					   (, .)
																					   (PP (P a+gein)
																					       (NP (PRO$ hare)
																						   (ADJ unwerste)
																						   (NS +tohtes)
																						   (, .)
																						   (CP-REL-SPE (WNP-4 0)
																							       (C +tt)
																							       (IP-SUB-SPE (NP-OB1 *T*-4)
																									   (NP-SBJ (PRO ich))
																									   (PP (P in)
																									       (NP (PRO ham)))
																									   (VBD +tudde)))))))))))
															(, .)
															(CONJP (IP-INF-SPE (VB +tenchen)
																	   (CP-THT-SPE (C 0)
																		       (IP-SUB-SPE (NP-SBJ (PRO hit))
																				   (BEP is)
																				   (PP (P +turh)
																				       (NP (PRO me)))
																				   (CP-CLF-SPE (C +tt)
																					       (IP-SUB-SPE (NP-SBJ (PRO$ hare) (N lust))
																							   (VBP leade+d)
																							   (NP-OB1 (PRO ham))
																							   (IP-INF-PRP-SPE (TO to)
																									   (VB wurche)
																									   (PP (P to)
																									       (NP (N wundre))))))))))
															(, .)
															(CONJP (IP-INF-SPE (VB +tenchen)
																	   (PP (P +gef)
																	       (CP-ADV-SPE (C 0)
																			   (IP-SUB-SPE (NP-SBJ (PRO ha))
																				       (VBP beie+d)
																				       (NP-OB1 (PRO me)))))
																	   (, ?)
																	   (CP-QUE-SPE (CP-QUE-SPE (WPP-5 (P to)
																					  (WNP (WADJP (WADV hu) (ADJ bitter))
																					       (N beast)))
																				   (C 0)
																				   (IP-SUB-SPE (PP *T*-5)
																					       (NP-SBJ (PRO ha))
																					       (VBP buhe+d)))
																		       (, .)
																		       (CONJP (CONJ &)
																			      (CP-QUE-SPE (WNP-6 (WPRO$ hwas) (N luue))
																					  (C 0)
																					  (IP-SUB-SPE (NP-OB1 *T*-6)
																						      (NP-SBJ (PRO ha))
																						      (VBP forlete+d))))
																		       (, .)
																		       (CONJP (CP-QUE-SPE (WNP-7 (WADJP (WADV hu) (ADJ lufsum))
																						 (N +ting)
																						 (IP-MAT-PRN-SPE *ICH*-8))
																					  (C 0)
																					  (IP-SUB-SPE (NP-OB1 *T*-7)
																						      (NP-SBJ (PRO ha))
																						      (VBP leose+d)
																						      (, .)
																						      (IP-MAT-PRN-SPE-8 (NP-SBJ (D +tet))
																									(BEP is)
																									(NP-OB1 (NP (N mei+dhad)
																										    (NP-PRN (N$ meidenes) (N menske)))
																										(, .)
																										(CONJP (CONJ &)
																										       (NP (D te)
																											   (N luue)
																											   (PP (PP (P of)
																												   (NP (D +te)
																												       (ADJ luueliche)
																												       (NPR lauerd)
																												       (PP (P of)
																													   (NP (NPR heouene)))))
																											       (, .)
																											       (CONJP (CONJ &)
																												      (PP (P of)
																													  (NP (D +te)
																													      (ADJ lufsume)
																													      (N cwen)
																													      (NP-PRN (NS$ englene) (N leafdi))))))))))))))))))))))))))))
	      (. .))
  (ID CMMARGA,78.379))
/*
FOOTER
  source file, hits/tokens/total
  C:\Users\Shoo\Dropbox\workspace\CorpusSearch_Auto\data\corporas\PPCME2\temp1492106398658\biography_and_diaries\cmmarga.m1.psd	2/1/639
*/
/*
SUMMARY:  
source files, hits/tokens/total
  C:\Users\Shoo\Dropbox\workspace\CorpusSearch_Auto\data\corporas\PPCME2\temp1492106398658\biography_and_diaries\cmedmund.m4.psd	1/1/300
  C:\Users\Shoo\Dropbox\workspace\CorpusSearch_Auto\data\corporas\PPCME2\temp1492106398658\biography_and_diaries\cmjulia.m1.psd	0/0/568
  C:\Users\Shoo\Dropbox\workspace\CorpusSearch_Auto\data\corporas\PPCME2\temp1492106398658\biography_and_diaries\cmkathe.m1.psd	8/7/544
  C:\Users\Shoo\Dropbox\workspace\CorpusSearch_Auto\data\corporas\PPCME2\temp1492106398658\biography_and_diaries\cmmarga.m1.psd	2/1/639
whole search, hits/tokens/total
		11/9/2051
*/
