/*
PREFACE:  
Copyright 2010 Beth Randall
Date:  Thu Apr 13 18:58:53 BST 2017

command file:     data\searches\queries\PENN\progressive_forms_in_prepositional_phrases_appositive_parenthetical.q
output file:      C:\Users\Shoo\Dropbox\workspace\CorpusSearch_Auto\data\output\13-04-2017 18.46.36.333 PPCMBE\progressive_forms_in_prepositional_phrases_appositive_parenthetical\homilies_and_sermons\result.out

node:   PP-*PRN*|BAG*|HAG*|VAG*|DAG*
query:  (BAG*|HAG*|VAG*|DAG* Dominates  !BAG*|HAG*|VAG*|DAG*) 
  AND  (PP-*PRN* Dominates  BAG*|HAG*|VAG*|DAG*) 
*/
/*
HEADER:
source file:  C:\Users\Shoo\Dropbox\workspace\CorpusSearch_Auto\data\corporas\PPCMBE\temp1492106160469\homilies_and_sermons\burton-1762.psd
*/

/~*
But, from many internal evidences contained in this chapter, compared with
several circumstances mentioned in other parts of Scripture, we may in general,
upon good grounds, collect that this Call was made in the reign of King
Hezekiah - after the Reformation of Religion in the Jewish Church, and the
reestablishment of the State - after his successful war with the Philistines,
- and after the recovery of the territories, which, in the time of his father
Ahaz, were torn away from Judah - after the destruction and captivity of
Israel by Shalmaneser King of Assyria - after his shaking off the yoke of
Subjection to the Assyrian - after the strengthening of Jerusalem in an
extraordinary manner by all kinds of military provision - before the
degradation and punishment of Shebna, the Treasurer, who was over the House -
before the advancement of Eliakim into his Post - and therefore before the
advancing of Sennacherib against Jerusalem after his success in other attempts
- before the Embassy of Rabshakeh in defiance of the God of Israel: at which
time we find that Eliakim was in fact invested in the title and office, which
was before possessed by Shebna: so that, upon the whole, it appears to have
been in the 14th year of Hezekiah 's reign, that year in which Sennacherib
came up against the fenced cities of Judah and took them - at which time
Hezekiah, under the apprehension of the common danger, did submit to pay three
hundred talents of silver, and thirty talents of gold to the perfidious Prince;
who received the money, but broke his faith, and renewed the invasion - that
year in which Hezekiah was sick unto death - in which he was favoured with a
miraculous assurance of his recovery and the deliverance of Jerusalem from the
Assyrian power.
(BURTON-1762,1,5.36)
*~/
/*
336 VAG:  336 VAG, 337 shaking, 117 PP-PRN-ELAB
*/
( (IP-MAT (CONJ But)
	  (, ,)
	  (PP (P from)
	      (NP (Q many)
		  (ADJ internal)
		  (NS evidences)
		  (RRC (VAN contained)
		       (PP (P in)
			   (NP (D this) (N chapter))))
		  (, ,)
		  (RRC (VAN compared)
		       (PP (P with)
			   (NP (Q several)
			       (NS circumstances)
			       (RRC (VAN mentioned)
				    (PP (P in)
					(NP (OTHER other)
					    (NS parts)
					    (PP (P of)
						(NP (NPR Scripture)))))))))))
	  (, ,)
	  (NP-SBJ (PRO we))
	  (MD may)
	  (PP (P in)
	      (ADJP (ADJ general)))
	  (, ,)
	  (PP (P upon)
	      (NP (ADJ good) (NS grounds)))
	  (, ,)
	  (VB collect)
	  (CP-THT (C that)
		  (IP-SUB (NP-SBJ (D this) (N Call))
			  (BED was)
			  (VAN made)
			  (PP (P in)
			      (NP (D the)
				  (N reign)
				  (PP (P of)
				      (NP (NPR King) (CODE <font>) (NPR Hezekiah))))
			      (, -)
			      (PP-PRN-ELAB (PP (P after)
					       (CODE <$$font>)
					       (NP (NP (D the)
						       (N Reformation)
						       (PP (P of)
							   (NP (N Religion)))
						       (PP (P in)
							   (NP (D the) (CODE <font>) (ADJ Jewish) (CODE <$$font>) (NPR Church))))
						   (, ,)
						   (CONJP (CONJ and)
							  (NP (D the)
							      (N reestablishment)
							      (PP (P of)
								  (NP (D the) (N State)))))))
					   (, -)
					   (CODE <font>)
					   (CONJP (PP (P after)
						      (CODE <$$font>)
						      (NP (PRO$ his)
							  (ADJ successful)
							  (N war)
							  (PP (P with)
							      (NP (D the) (NPRS Philistines))))))
					   (, ,)
					   (, -)
					   (CONJP (CONJ and)
						  (CODE <font>)
						  (PP (P after)
						      (CODE <$$font>)
						      (NP (D the)
							  (N recovery)
							  (PP (P of)
							      (NP (D the)
								  (NS territories)
								  (, ,)
								  (CP-REL (WNP-1 (WPRO which))
									  (, ,)
									  (C 0)
									  (IP-SUB (NP-SBJ *T*-1)
										  (PP (P in)
										      (NP (D the)
											  (N time)
											  (PP (P of)
											      (NP (PRO$ his)
												  (N father)
												  (CODE <P_1,5>)
												  (CODE <font>)
												  (NP-PRN (NPR Ahaz))))))
										  (CODE <$$font>)
										  (, ,)
										  (BED were)
										  (VAN torn)
										  (ADVP-DIR (ADV away)
											    (PP (P from)
												(CODE <font>)
												(NP (NPR Judah)))))))))))
					   (, -)
					   (CONJP (PP (P after)
						      (CODE <$$font>)
						      (NP (D the)
							  (N destruction)
							  (CONJP (CONJ and)
								 (NX (N captivity)))
							  (PP (P of)
							      (CODE <font>)
							      (NP (NPR Israel)))
							  (CODE <$$font>)
							  (PP (P by)
							      (CODE <font>)
							      (NP (NPR Shalmaneser)
								  (CODE <$$font>)
								  (NP-PRN (N King)
									  (PP (P of)
									      (CODE <font>)
									      (NP (NPR Assyria)))))))))
					   (, -)
					   (CONJP (PP (P after)
						      (CODE <$$font>)
						      (NP (PRO$ his)
							  (IP-PPL (VAG shaking)
								  (RP off)
								  (NP-OB1 (D the)
									  (N yoke)
									  (PP (P of)
									      (NP (N Subjection)
										  (PP (P to)
										      (NP (D the) (CODE <font>) (NPR Assyrian))))))))))
					   (CODE <$$font>)
					   (, -)
					   (CODE <font>)
					   (CONJP (PP (P after)
						      (CODE <$$font>)
						      (NP (D the)
							  (N strengthening)
							  (PP (P of)
							      (CODE <font>)
							      (NP (NPR Jerusalem)))
							  (CODE <$$font>)
							  (PP (P in)
							      (NP (D an) (ADJ extraordinary) (N manner)))
							  (PP (P by)
							      (NP (Q all)
								  (NS kinds)
								  (PP (P of)
								      (NP (ADJ military) (N provision)))))))))
			      (, -)
			      (CODE <font>)
			      (PP-PRN-ELAB (PP (P before)
					       (CODE <$$font>)
					       (NP (D the)
						   (N degradation)
						   (CONJP (CONJ and)
							  (NX (N punishment)))
						   (PP (P of)
						       (CODE <font>)
						       (NP (NPR Shebna)
							   (CODE <$$font>)
							   (, ,)
							   (NP-PRN (D the) (N Treasurer))
							   (, ,)
							   (CP-REL (WNP-2 (WPRO who))
								   (C 0)
								   (IP-SUB (NP-SBJ *T*-2)
									   (BED was)
									   (PP (P over)
									       (NP (D the) (N House)))))))))
					   (, -)
					   (CODE <font>)
					   (CONJP (PP (P before)
						      (CODE <$$font>)
						      (NP (D the)
							  (N advancement)
							  (PP (P of)
							      (CODE <font>)
							      (NP (NPR Eliakim)))
							  (CODE <$$font>)
							  (PP (P into)
							      (NP (PRO$ his) (N Post)))))
						  (, -))
					   (CONJP (CONJ and)
						  (PP (ADV+P therefore))
						  (CODE <font>)
						  (PP (P before)
						      (CODE <$$font>)
						      (NP (D the)
							  (N advancing)
							  (PP (P of)
							      (CODE <font>)
							      (NP (NPR Sennacherib)))
							  (CODE <$$font>)
							  (PP (P against)
							      (CODE <font>)
							      (NP (NPR Jerusalem)))
							  (CODE <$$font>)
							  (PP (P after)
							      (NP (PRO$ his)
								  (N success)
								  (PP (P in)
								      (NP (OTHER other) (NS attempts))))))))
					   (, -)
					   (CODE <font>)
					   (CONJP (PP (P before)
						      (CODE <$$font>)
						      (NP (D the)
							  (N Embassy)
							  (PP (P of)
							      (CODE <$$font>)
							      (NP (NPR Rabshakeh)))
							  (CODE <$$font>)
							  (PP (P in)
							      (NP (N defiance)
								  (PP (P of)
								      (NP (D the)
									  (N God)
									  (PP (P of)
									      (CODE <font>)
									      (NP (NPR Israel))))))))))))
			  (, :)
			  (CODE <$$font>)
			  (CP-CAR (WPP-3 (P at)
					 (WNP (WD which) (N time)))
				  (C 0)
				  (IP-SUB (PP *T*-3)
					  (NP-SBJ (PRO we))
					  (VBP find)
					  (CP-THT (C that)
						  (CODE <font>)
						  (IP-SUB (NP-SBJ (NPR Eliakim))
							  (CODE <$$font>)
							  (BED was)
							  (PP (P in)
							      (NP (N fact)))
							  (VAN invested)
							  (PP (P in)
							      (NP (D the)
								  (N title)
								  (CONJP (CONJ and)
									 (NX (N office)))
								  (, ,)
								  (CP-REL (WNP-4 (WPRO which))
									  (C 0)
									  (IP-SUB (NP-SBJ *T*-4)
										  (BED was)
										  (ADVP-TMP (ADV before))
										  (VAN possessed)
										  (PP (P by)
										      (CODE <font>)
										      (NP (NPR Shebna)))))))))))))
	  (, :)
	  (CODE <$$font>)
	  (PP (P so)
	      (CP-ADV (C that)
		      (, ,)
		      (IP-SUB (PP (P upon)
				  (NP (D the) (N whole)))
			      (, ,)
			      (NP-SBJ-5 (PRO it))
			      (VBP appears)
			      (IP-INF-5 (TO to)
					(HV have)
					(BEN been)
					(PP (P in)
					    (NP (D the)
						(CODE <P_1,6>)
						(ADJ 14th)
						(N year)
						(PP (P of)
						    (CODE <font>)
						    (NP (NP-POS (NPR Hezekiah) (CODE <$$font>) ($ 's))
							(N reign)))
						(, ,)
						(NP-PRN (D that)
							(N year)
							(CP-REL (WPP-6 (P in)
								       (WNP (WPRO which)))
								(CODE <font>)
								(C 0)
								(IP-SUB (IP-SUB (PP *T*-6)
										(NP-SBJ (NPR Sennacherib))
										(CODE <$$font>)
										(VBD came)
										(RP up)
										(PP (P against)
										    (NP (D the)
											(VAN fenced)
											(NS cities)
											(PP (P of)
											    (CODE <font>)
											    (NP (NPR Judah))))))
									(CODE <$$font>)
									(CONJP (CONJ and)
									       (IP-SUB (NP-SBJ *con*)
										       (VBD took)
										       (NP-OB1 (PRO them))))
									(, -)
									(CP-CAR (WPP-7 (P at)
										       (WNP (WD which) (N time)))
										(CODE <font>)
										(C 0)
										(IP-SUB (PP *T*-7)
											(NP-SBJ (NPR Hezekiah))
											(CODE <$$font>)
											(, ,)
											(PP (P under)
											    (NP (D the)
												(N apprehension)
												(PP (P of)
												    (NP (D the) (ADJ common) (N danger)))))
											(, ,)
											(DOD did)
											(VB submit)
											(IP-INF (TO to)
												(VB pay)
												(NP-OB1 (NP (NUMP (NUM three) (NUM hundred))
													    (NS talents)
													    (PP (P of)
														(NP (N silver))))
													(, ,)
													(CONJP (CONJ and)
													       (NP (NUM thirty)
														   (NS talents)
														   (PP (P of)
														       (NP (N gold))))))
												(PP (P to)
												    (NP (D the)
													(ADJ perfidious)
													(N Prince)
													(, ;)
													(CP-REL (WNP-8 (WPRO who))
														(C 0)
														(IP-SUB (IP-SUB (NP-SBJ *T*-8)
																(VBD received)
																(NP-OB1 (D the) (N money)))
															(, ,)
															(CONJP (CONJ but)
															       (IP-SUB (IP-SUB (NP-SBJ *T*-8)
																	       (VBD broke)
																	       (NP-OB1 (PRO$ his) (N faith)))
																       (, ,)
																       (CONJP (CONJ and)
																	      (IP-SUB (NP-SBJ *T*-8)
																		      (VBD renewed)
																		      (NP-OB1 (D the) (N invasion))))))))))))))))
						(, -)
						(CODE <font>)
						(NP-PRN (D that)
							(N year)
							(CODE <$$font>)
							(CP-REL (WPP-9 (P in)
								       (WNP (WPRO which)))
								(CODE <font>)
								(C 0)
								(IP-SUB (PP *T*-9)
									(NP-SBJ (NPR Hezekiah))
									(CODE <$$font>)
									(BED was)
									(ADJP (ADJ sick)
									      (PP (P unto)
										  (NP (N death))))))
							(, -)
							(CP-REL (WPP-10 (P in)
									(WNP (WPRO which)))
								(C 0)
								(IP-SUB (PP *T*-10)
									(NP-SBJ (PRO he))
									(BED was)
									(VAN favoured)
									(PP (P with)
									    (NP (D a)
										(ADJ miraculous)
										(N assurance)
										(PP (P of)
										    (NP (NP (PRO$ his) (N recovery))
											(CONJP (CONJ and)
											       (NP (D the)
												   (N deliverance)
												   (PP (P of)
												       (CODE <font>)
												       (NP (NPR Jerusalem)))
												   (CODE <$$font>)
												   (PP (P from)
												       (NP (D the) (CODE <font>) (ADJ Assyrian) (CODE <$$font>) (N power))))))))))))))))))
	  (. .))
  (ID BURTON-1762,1,5.36))

/~*
- Now all this may very well agree with the present supposition that this
transaction happened in the fourteenth year of Hezekiah. So that, on the whole,
we may consider the day, in which the Lord God of Hosts called the Jews to
repentance, not as a day of immediate trouble and distress, but rather as a
day of publick ease and security, and therefore a day of danger, of danger
more real and certain as being less suspected and foreseen, and, as such,
worthy of some extraordinary interposition.
(BURTON-1762,1,9.62)
*~/
/*
246 BAG:  246 BAG, 247 being, 224 PP-PRN-ELAB
*/

( (IP-MAT (, -)
	  (ADVP (ADV Now))
	  (NP-SBJ (Q all) (D this))
	  (MD may)
	  (ADVP (ADV very) (ADV well))
	  (VB agree)
	  (PP (P with)
	      (NP (D the)
		  (ADJ present)
		  (N supposition)
		  (CP-THT (C that)
			  (IP-SUB (NP-SBJ (D this) (N transaction))
				  (VBD happened)
				  (PP (P in)
				      (NP (D the)
					  (ADJ fourteenth)
					  (N year)
					  (PP (P of)
					      (CODE <font>)
					      (NP (NPR Hezekiah)))))))))
	  (CODE <$$font>)
	  (, .)
	  (PP (P So)
	      (CP-ADV (C that)
		      (, ,)
		      (IP-SUB (IP-SUB-1 (PP (P on)
					    (NP (D the) (ADJ whole)))
					(, ,)
					(NP-SBJ (PRO we))
					(MD may)
					(VB consider)
					(NP-OB1 (D the)
						(CODE <font>)
						(N day)
						(CODE <$$font>)
						(, ,)
						(CP-REL (WPP-2 (P in)
							       (WNP (WPRO which)))
							(C 0)
							(IP-SUB (PP *T*-2)
								(NP-SBJ (D the)
									(NPR Lord)
									(NP-PRN (NPR God))
									(PP (P of)
									    (NP (NS Hosts))))
								(VBD called)
								(NP-OB1 (D the) (CODE <font>) (NPRS Jews))
								(CODE <$$font>)
								(PP (P to)
								    (NP (N repentance))))))
					(, ,)
					(PP (PP (NEG not)
						(P as)
						(NP (D a)
						    (N day)
						    (PP (P of)
							(NP (ADJ immediate)
							    (N trouble)
							    (CONJP (CONJ and)
								   (NX (N distress)))))))
					    (, ,)
					    (CONJP (CONJ but)
						   (ADVP (ADVR rather))
						   (PP (P as)
						       (NP (D a)
							   (N day)
							   (PP (P of)
							       (NP (ADJ publick)
								   (N ease)
								   (CONJP (CONJ and)
									  (NX (N security))))))))))
			      (, ,)
			      (CONJP (CONJ and)
				     (IP-SUB=1 (ADVP (ADV+P therefore))
					       (NP (D a)
						   (N day)
						   (PP (P of)
						       (NP (N danger)))
						   (, ,)
						   (PP-PRN-ELAB (P of)
								(NP (N danger)
								    (ADJP (QR more)
									  (ADJ real)
									  (CONJP (CONJ and)
										 (ADJX (ADJ certain)))
									  (PP (P as)
									      (IP-PPL (IP-PPL-3 (BAG being)
												(ADJP (QR less)
												      (VAN suspected)
												      (CONJP (CONJ and)
													     (ADJX (VAN foreseen)))))
										      (, ,)
										      (CONJP (CONJ and)
											     (, ,)
											     (IP-PPL=3 (PP (P as)
													   (NP (SUCH such)))
												       (, ,)
												       (ADJP (ADJ worthy)
													     (PP (P of)
														 (NP (Q some) (ADJ extraordinary) (N interposition)))))))))))))))))
	  (. .))
  (ID BURTON-1762,1,9.62))

/~*
the Lord, who commanded to keep holy the sabbath-day, shall reward their
obedience to this command, when their observance proceeds from a true
principle of religion; - when they honour him, not doing their own ways, nor
finding their own pleasure, nor speaking their own words.
(BURTON-1762,2,9.164)
*~/
/*
111 DAG:  111 DAG, 112 doing, 88 PP-PRN-ELAB
126 VAG:  126 VAG, 127 finding, 88 PP-PRN-ELAB
141 VAG:  141 VAG, 142 speaking, 88 PP-PRN-ELAB
*/

( (IP-MAT (NP-SBJ (D the)
		  (NPR Lord)
		  (, ,)
		  (CP-REL (WNP-1 (WPRO who))
			  (C 0)
			  (IP-SUB (NP-SBJ *T*-1)
				  (VBD commanded)
				  (IP-INF (TO to)
					  (VB keep)
					  (ADJP-SPR (ADJ holy))
					  (NP-OB1 (D the) (N+N sabbath-day))))))
	  (, ,)
	  (MD shall)
	  (VB reward)
	  (NP-OB1 (PRO$ their)
		  (N obedience)
		  (PP (P to)
		      (NP (D this) (N command))))
	  (, ,)
	  (PP (P when)
	      (CP-ADV (C 0)
		      (IP-SUB (NP-SBJ (PRO$ their) (N observance))
			      (VBP proceeds)
			      (PP (P from)
				  (NP (D a)
				      (ADJ true)
				      (N principle)
				      (PP (P of)
					  (NP (N religion)))))))
	      (, ;)
	      (, -)
	      (PP-PRN-ELAB (P when)
			   (CP-ADV (C 0)
				   (IP-SUB (NP-SBJ (PRO they))
					   (CODE <font>)
					   (VBP honour)
					   (NP-OB1 (PRO him))
					   (, ,)
					   (IP-PPL (IP-PPL (NEG not)
							   (DAG doing)
							   (NP-OB1 (PRO$ their) (ADJ own) (NS ways)))
						   (, ,)
						   (CONJP (CONJ nor)
							  (IP-PPL (VAG finding)
								  (NP-OB1 (PRO$ their) (ADJ own) (N pleasure))))
						   (, ,)
						   (CONJP (CONJ nor)
							  (IP-PPL (VAG speaking)
								  (NP-OB1 (PRO$ their) (ADJ own) (NS words)))))))))
	  (. .)
	  (CODE <$$font>))
  (ID BURTON-1762,2,9.164))
/*
FOOTER
  source file, hits/tokens/total
  C:\Users\Shoo\Dropbox\workspace\CorpusSearch_Auto\data\corporas\PPCMBE\temp1492106160469\homilies_and_sermons\burton-1762.psd	5/3/425
*/
/*
HEADER:
source file:  C:\Users\Shoo\Dropbox\workspace\CorpusSearch_Auto\data\corporas\PPCMBE\temp1492106160469\homilies_and_sermons\butler-1726.psd
*/
/*
FOOTER
  source file, hits/tokens/total
  C:\Users\Shoo\Dropbox\workspace\CorpusSearch_Auto\data\corporas\PPCMBE\temp1492106160469\homilies_and_sermons\butler-1726.psd	0/0/349
*/
/*
HEADER:
source file:  C:\Users\Shoo\Dropbox\workspace\CorpusSearch_Auto\data\corporas\PPCMBE\temp1492106160469\homilies_and_sermons\froude-1830.psd
*/
/*
FOOTER
  source file, hits/tokens/total
  C:\Users\Shoo\Dropbox\workspace\CorpusSearch_Auto\data\corporas\PPCMBE\temp1492106160469\homilies_and_sermons\froude-1830.psd	0/0/366
*/
/*
HEADER:
source file:  C:\Users\Shoo\Dropbox\workspace\CorpusSearch_Auto\data\corporas\PPCMBE\temp1492106160469\homilies_and_sermons\pusey-186x.psd
*/
/*
FOOTER
  source file, hits/tokens/total
  C:\Users\Shoo\Dropbox\workspace\CorpusSearch_Auto\data\corporas\PPCMBE\temp1492106160469\homilies_and_sermons\pusey-186x.psd	0/0/439
*/
/*
HEADER:
source file:  C:\Users\Shoo\Dropbox\workspace\CorpusSearch_Auto\data\corporas\PPCMBE\temp1492106160469\homilies_and_sermons\talbot-1901.psd
*/
/*
FOOTER
  source file, hits/tokens/total
  C:\Users\Shoo\Dropbox\workspace\CorpusSearch_Auto\data\corporas\PPCMBE\temp1492106160469\homilies_and_sermons\talbot-1901.psd	0/0/522
*/
/*
HEADER:
source file:  C:\Users\Shoo\Dropbox\workspace\CorpusSearch_Auto\data\corporas\PPCMBE\temp1492106160469\homilies_and_sermons\wollaston-1793.psd
*/
/*
FOOTER
  source file, hits/tokens/total
  C:\Users\Shoo\Dropbox\workspace\CorpusSearch_Auto\data\corporas\PPCMBE\temp1492106160469\homilies_and_sermons\wollaston-1793.psd	0/0/341
*/
/*
SUMMARY:  
source files, hits/tokens/total
  C:\Users\Shoo\Dropbox\workspace\CorpusSearch_Auto\data\corporas\PPCMBE\temp1492106160469\homilies_and_sermons\burton-1762.psd	5/3/425
  C:\Users\Shoo\Dropbox\workspace\CorpusSearch_Auto\data\corporas\PPCMBE\temp1492106160469\homilies_and_sermons\butler-1726.psd	0/0/349
  C:\Users\Shoo\Dropbox\workspace\CorpusSearch_Auto\data\corporas\PPCMBE\temp1492106160469\homilies_and_sermons\froude-1830.psd	0/0/366
  C:\Users\Shoo\Dropbox\workspace\CorpusSearch_Auto\data\corporas\PPCMBE\temp1492106160469\homilies_and_sermons\pusey-186x.psd	0/0/439
  C:\Users\Shoo\Dropbox\workspace\CorpusSearch_Auto\data\corporas\PPCMBE\temp1492106160469\homilies_and_sermons\talbot-1901.psd	0/0/522
  C:\Users\Shoo\Dropbox\workspace\CorpusSearch_Auto\data\corporas\PPCMBE\temp1492106160469\homilies_and_sermons\wollaston-1793.psd	0/0/341
whole search, hits/tokens/total
		5/3/2442
*/
