/*
PREFACE:  
Copyright 2010 Beth Randall
Date:  Thu Apr 13 19:01:34 BST 2017

command file:     data\searches\queries\PENN\progressive_forms_added_to_an_appositive_or_parenthetical_constituent.q
output file:      C:\Users\Shoo\Dropbox\workspace\CorpusSearch_Auto\data\output\13-04-2017 18.46.36.333 PPCME2\progressive_forms_added_to_an_appositive_or_parenthetical_constituent\science_astronomy_geography\result.out

node:   *PRN*|BAG*|HAG*|VAG*|DAG*
query:  (BAG*|HAG*|VAG*|DAG* Dominates  !BAG*|HAG*|VAG*|DAG*) 
  AND  (*PRN* Dominates  BAG*|HAG*|VAG*|DAG*) 
*/
/*
HEADER:
source file:  C:\Users\Shoo\Dropbox\workspace\CorpusSearch_Auto\data\corporas\PPCME2\temp1492106398658\science_astronomy_geography\cmastro.m3.psd
*/

/~*
And more over, by experience I wot wel that in our orisounte, from xi of the
clokke unto oon of the clokke, in taking of a just ascendent in a portatif
Astrelabie it is to hard to knowe - I mene from xi of the clokke before the
houre of noon til oon of the clokke next folewyng.
(CMASTRO,670.C2.253)
*~/
/*
172 VAG:  172 VAG, 173 folewyng, 119 IP-MAT-PRN
*/
( (IP-MAT (CONJ And)
	  (ADVP (ADV (ADV21 more) (ADV22 over)))
	  (, ,)
	  (PP (P by)
	      (NP (N experience)))
	  (NP-SBJ (PRO I))
	  (VBP wot)
	  (ADVP (ADV wel))
	  (CP-THT (C that)
		  (IP-SUB (PP (P in)
			      (NP (PRO$ our) (N orisounte)))
			  (, ,)
			  (NP-MSR (PP (P from)
				      (NP (NUM xi)
					  (PP (P of)
					      (NP (D the) (N clokke)))))
				  (PP (P unto)
				      (NP (ONE oon)
					  (PP (P of)
					      (NP (D the) (N clokke))))))
			  (, ,)
			  (PP (P in)
			      (NP (N taking)
				  (PP (P of)
				      (NP (D a) (ADJ just) (N ascendent)))))
			  (PP (P in)
			      (NP (D a) (ADJ portatif) (N Astrelabie)))
			  (NP-SBJ (PRO it))
			  (BEP is)
			  (ADJP (ADVR to)
				(ADJ hard)
				(CP-TMC (WNP-1 0)
					(IP-INF (NP-OB1 *T*-1)
						(TO to)
						(VB knowe))))
			  (, -)
			  (IP-MAT-PRN (NP-SBJ (PRO I))
				      (VBP mene)
				      (NP-MSR (PP (P from)
						  (NP (NUM xi)
						      (PP (P of)
							  (NP (D the) (N clokke)))
						      (PP (P before)
							  (NP (D the)
							      (N houre)
							      (PP (P of)
								  (NP (N noon)))))))
					      (PP (P til)
						  (NP (ONE oon)
						      (PP (P of)
							  (NP (D the) (N clokke)))
						      (RRC (ADVP (ADV next))
							   (VAG folewyng))))))))
	  (. .))
  (ID CMASTRO,670.C2.253))

/~*
turne than thy ryet aboute tyl thou fynde a degre of thy zodiak according with
the pricke, this is to seyn, sitting on the pricke.
(CMASTRO,673.C2.393)
*~/
/*
66 VAG:  66 VAG, 67 sitting, 52 IP-MAT-PRN
*/

( (IP-IMP (VBI turne)
	  (ADVP-TMP (ADV than))
	  (NP-OB1 (PRO$ thy) (N ryet))
	  (RP aboute)
	  (PP (P tyl)
	      (CP-ADV (C 0)
		      (IP-SUB (NP-SBJ (PRO thou))
			      (VBP fynde)
			      (NP-OB1 (D a)
				      (N degre)
				      (PP (P of)
					  (NP (PRO$ thy) (N zodiak))))
			      (IP-PPL (VAG according)
				      (PP (P with)
					  (NP (D the) (N pricke)))
				      (, ,)
				      (IP-MAT-PRN (NP-SBJ (D this))
						  (BEP is)
						  (IP-INF (TO to)
							  (VB seyn)
							  (, ,)
							  (IP-PPL (VAG sitting)
								  (PP (P on)
								      (NP (D the) (N pricke))))))))))
	  (. .))
  (ID CMASTRO,673.C2.393))
/*
FOOTER
  source file, hits/tokens/total
  C:\Users\Shoo\Dropbox\workspace\CorpusSearch_Auto\data\corporas\PPCME2\temp1492106398658\science_astronomy_geography\cmastro.m3.psd	2/2/404
*/
/*
HEADER:
source file:  C:\Users\Shoo\Dropbox\workspace\CorpusSearch_Auto\data\corporas\PPCME2\temp1492106398658\science_astronomy_geography\cmequato.m3.psd
*/
/*
FOOTER
  source file, hits/tokens/total
  C:\Users\Shoo\Dropbox\workspace\CorpusSearch_Auto\data\corporas\PPCME2\temp1492106398658\science_astronomy_geography\cmequato.m3.psd	0/0/341
*/
/*
SUMMARY:  
source files, hits/tokens/total
  C:\Users\Shoo\Dropbox\workspace\CorpusSearch_Auto\data\corporas\PPCME2\temp1492106398658\science_astronomy_geography\cmastro.m3.psd	2/2/404
  C:\Users\Shoo\Dropbox\workspace\CorpusSearch_Auto\data\corporas\PPCME2\temp1492106398658\science_astronomy_geography\cmequato.m3.psd	0/0/341
whole search, hits/tokens/total
		2/2/745
*/
