/*
PREFACE:  
Copyright 2010 Beth Randall
Date:  Thu Apr 13 19:02:53 BST 2017

command file:     data\searches\queries\PENN\stranded_prepositions.q
output file:      C:\Users\Shoo\Dropbox\workspace\CorpusSearch_Auto\data\output\13-04-2017 18.46.36.333 PPCME2\stranded_prepositions\fiction_romances_dramacomedies_and_verse\result.out

node:   *|P
query:  (P Dominates  !P) 
  AND  (* iDomsLast  P) 
*/
/*
HEADER:
source file:  C:\Users\Shoo\Dropbox\workspace\CorpusSearch_Auto\data\corporas\PPCME2\temp1492106398658\fiction_romances_dramacomedies_and_verse\cmctmeli.m3.psd
*/

/~*
For, as I have seyd yow heer biforn, God hath suffred yow to have this
tribulacioun and disese for youre synnes.
(CMCTMELI,236.C1.747)
*~/
/*
31 P:  31 P, 32 biforn, 27 PP
*/
( (IP-MAT-SPE (CONJ For)
	      (, ,)
	      (PP-PRN (P as)
		      (CP-ADV-SPE (WNP-1 0)
				  (C 0)
				  (IP-SUB-SPE (NP-OB1 *T*-1)
					      (NP-SBJ (PRO I))
					      (HVP have)
					      (VBN seyd)
					      (NP-OB2 (PRO yow))
					      (PP (ADVP (ADV heer))
						  (P biforn)))))
	      (, ,)
	      (NP-SBJ (NPR God))
	      (HVP hath)
	      (VBN suffred)
	      (NP-OB1 (PRO yow))
	      (IP-INF-SPE (TO to)
			  (HV have)
			  (NP-OB1 (D this)
				  (N tribulacioun)
				  (CONJP (CONJ and)
					 (NX (N disese))))
			  (PP (P for)
			      (NP (PRO$ youre) (NS synnes))))
	      (. .))
  (ID CMCTMELI,236.C1.747))
/*
FOOTER
  source file, hits/tokens/total
  C:\Users\Shoo\Dropbox\workspace\CorpusSearch_Auto\data\corporas\PPCME2\temp1492106398658\fiction_romances_dramacomedies_and_verse\cmctmeli.m3.psd	1/1/860
*/
/*
HEADER:
source file:  C:\Users\Shoo\Dropbox\workspace\CorpusSearch_Auto\data\corporas\PPCME2\temp1492106398658\fiction_romances_dramacomedies_and_verse\cmmalory.m4.psd
*/

/~*
And there besydes were eyght knyghtes that aspyed hem,
(CMMALORY,15.454)
*~/
/*
8 P:  8 P, 9 besydes, 4 PP
*/

( (IP-MAT (CONJ And)
	  (PP (ADVP (ADV there))
	      (P besydes))
	  (BED were)
	  (NP-SBJ (NUM eyght)
		  (NS knyghtes)
		  (CP-REL (WNP-1 0)
			  (C that)
			  (IP-SUB (NP-SBJ *T*-1)
				  (VBD aspyed)
				  (NP-OB1 (PRO hem)))))
	  (. ,))
  (ID CMMALORY,15.454))

/~*
and seyde: 'I wolde kynge Ban and Bors with hir felyship of ten thousand men
were put in a woode here besyde in an inbusshemente and kept them prevy, and
that they be leyde or the lyght of the day com, and that they stire nat tyll
that ye and youre knyghtes $have fought with hem longe.
(CMMALORY,21.627)
*~/
/*
70 P:  70 P, 71 besyde, 66 PP
*/

( (IP-MAT (CONJ and)
	  (NP-SBJ *con*)
	  (VBD seyde)
	  (, :)
	  (' ')
	  (IP-MAT-SPE (NP-SBJ (PRO I))
		      (VBD wolde)
		      (CP-THT-SPE (CP-THT-SPE (C 0)
					      (IP-SUB-SPE (IP-SUB-SPE (NP-SBJ (NPR kynge)
									      (NPR Ban)
									      (CONJP (CONJ and)
										     (NX (NPR Bors)))
									      (PP (P with)
										  (NP (PRO$ hir)
										      (N felyship)
										      (PP (P of)
											  (NP (NUMP (NUM ten) (NUM thousand))
											      (NS men))))))
								      (BED were)
								      (VAN put)
								      (PP (P in)
									  (NP (D a)
									      (N woode)
									      (PP (ADVP (ADV here))
										  (P besyde))
									      (PP (P in)
										  (NP (D an) (N inbusshemente))))))
							  (CONJP (CONJ and)
								 (IP-SUB-SPE (NP-SBJ *con*)
									     (VBD kept)
									     (IP-SMC-SPE (NP-SBJ (PRO them))
											 (ADJP (ADJ prevy)))))))
				  (, ,)
				  (CONJP (CONJ and)
					 (CP-THT-SPE (C that)
						     (IP-SUB-SPE (NP-SBJ (PRO they))
								 (BEP be)
								 (VAN leyde)
								 (PP (P or)
								     (CP-ADV-SPE (C 0)
										 (IP-SUB-SPE (NP-SBJ (D the)
												     (N lyght)
												     (PP (P of)
													 (NP (D the) (N day))))
											     (VBP com)))))))
				  (, ,)
				  (CONJP (CONJ and)
					 (CP-THT-SPE (C that)
						     (IP-SUB-SPE (NP-SBJ (PRO they))
								 (VBD stire)
								 (NEG nat)
								 (PP (P tyll)
								     (CP-ADV-SPE (C that)
										 (CODE <P_21>)
										 (IP-SUB-SPE (NP-SBJ (NP (PRO ye))
												     (CONJP (CONJ and)
													    (NP (PRO$ youre) (NS knyghtes))))
											     (HVP $have)
											     (VBN fought)
											     (PP (P with)
												 (NP (PRO hem)))
											     (NP-MSR (ADJ longe))))))))))
	  (. .))
  (ID CMMALORY,21.627))

/~*
Thou shalt dey there fore or thou departe. '
(CMMALORY,64.2142)
*~/
/*
13 P:  13 P, 14 fore, 9 PP
*/

( (IP-MAT-SPE (NP-SBJ (PRO Thou))
	      (MD shalt)
	      (VB dey)
	      (PP (ADVP (ADV there))
		  (P fore))
	      (PP (P or)
		  (CP-ADV-SPE (C 0)
			      (IP-SUB-SPE (NP-SBJ (PRO thou))
					  (VBP departe))))
	      (. .)
	      (' '))
  (ID CMMALORY,64.2142))

/~*
And there besyde he mette with a grete horse tyed to a tree,
(CMMALORY,65.2193)
*~/
/*
8 P:  8 P, 9 besyde, 4 PP
*/

( (IP-MAT (CONJ And)
	  (PP (ADVP (ADV there))
	      (P besyde))
	  (NP-SBJ (PRO he))
	  (VBD mette)
	  (PP (P with)
	      (NP (D a)
		  (ADJ grete)
		  (N horse)
		  (RRC (VAN tyed)
		       (PP (P to)
			   (NP (D a) (N tree))))))
	  (. ,))
  (ID CMMALORY,65.2193))

/~*
And there is a lady, a sorseres, that dwellyth in a castel here bysyde,
(CMMALORY,202.3249)
*~/
/*
45 P:  45 P, 46 bysyde, 41 PP
*/

( (IP-MAT-SPE (CONJ And)
	      (NP-SBJ-1 (EX there))
	      (BEP is)
	      (NP-1 (D a)
		    (N lady)
		    (, ,)
		    (NP-PRN (D a) (N sorseres))
		    (, ,)
		    (CP-REL-SPE (WNP-2 0)
				(C that)
				(IP-SUB-SPE (NP-SBJ *T*-2)
					    (VBP dwellyth)
					    (PP (P in)
						(NP (D a) (N castel)))
					    (PP (ADVP (ADV here))
						(P bysyde)))))
	      (. ,))
  (ID CMMALORY,202.3249))

/~*
And anone he lad hym to the Syege Perelous where besyde sate sir Launcelot,
(CMMALORY,630.3648)
*~/
/*
30 P:  30 P, 31 besyde, 26 WPP-1
*/

( (IP-MAT (CONJ And)
	  (ADVP-TMP (ADV anone))
	  (NP-SBJ (PRO he))
	  (VBD lad)
	  (NP-OB1 (PRO hym))
	  (PP (P to)
	      (NP (D the)
		  (NPR Syege)
		  (NPR Perelous)
		  (CP-REL (WPP-1 (WADVP (WADV where))
				 (P besyde))
			  (C 0)
			  (IP-SUB (PP *T*-1)
				  (VBD sate)
				  (NP-SBJ (NPR sir) (NPR Launcelot))))))
	  (. ,))
  (ID CMMALORY,630.3648))

/~*
but brynge me to the abbey here besyde, that I may be confessed and have my
ryghtes. '
(CMMALORY,645.4107)
*~/
/*
21 P:  21 P, 22 besyde, 17 PP
*/

( (IP-IMP-SPE (CONJ but)
	      (VBI brynge)
	      (NP-OB1 (PRO me))
	      (PP (P to)
		  (NP (D the) (N abbey)))
	      (PP (ADVP (ADV here))
		  (P besyde))
	      (, ,)
	      (CP-ADV-SPE (C that)
			  (IP-SUB-SPE (IP-SUB-SPE-1 (NP-SBJ (PRO I))
						    (MD may)
						    (BE be)
						    (VAN confessed))
				      (CONJP (CONJ and)
					     (IP-SUB-SPE=1 (HV have)
							   (NP-OB1 (PRO$ my) (NS ryghtes))))))
	      (. .)
	      (' '))
  (ID CMMALORY,645.4107))
/*
FOOTER
  source file, hits/tokens/total
  C:\Users\Shoo\Dropbox\workspace\CorpusSearch_Auto\data\corporas\PPCME2\temp1492106398658\fiction_romances_dramacomedies_and_verse\cmmalory.m4.psd	7/7/4999
*/
/*
HEADER:
source file:  C:\Users\Shoo\Dropbox\workspace\CorpusSearch_Auto\data\corporas\PPCME2\temp1492106398658\fiction_romances_dramacomedies_and_verse\cmreynar.m4.psd
*/

/~*
it was so that in the begynnyng of appryl whan the weder is fayr <slash> as
that I was hardy and prowde <slash> bycause of the grete lynage that I am
comen of and also hadde <slash>
(CMREYNAR,11.151)
*~/
/*
29 P:  29 P, 30 whan, 28 PP
*/

( (IP-MAT-SPE (NP-SBJ-1 (PRO it))
	      (BED was)
	      (ADVP (ADV so))
	      (CP-THT-SPE-1 (C that)
			    (CP-THT-SPE (PP-2 (P in)
					      (NP (D the)
						  (N begynnyng)
						  (PP (P of)
						      (NP (NPR appryl)))
						  (PP (P whan))
						  (CP-ADV-SPE (C 0)
							      (IP-SUB-SPE (ADVP *T*-3)
									  (NP-SBJ (D the) (N weder))
									  (BEP is)
									  (ADJP (ADJ fayr))))))
					(, <slash>)
					(X as)
					(CP-THT-SPE (C that)
						    (IP-SUB-SPE (PP *ICH*-2)
								(NP-SBJ (PRO I))
								(BED was)
								(ADJP (ADJ hardy) (CONJ and) (ADJ prowde))
								(, <slash>)
								(CODE <P_11>)
								(PP (P+N bycause)
								    (PP (P of)
									(NP (D the)
									    (ADJ grete)
									    (N lynage)
									    (CP-REL-SPE (WNP-3 0)
											(C that)
											(IP-SUB-SPE (IP-SUB-SPE (NP-SBJ (PRO I))
														(BEP am)
														(VBN comen)
														(PP (P of)
														    (NP *T*-3)))
												    (CONJP (CONJ and)
													   (ALSO also)
													   (IP-SUB-SPE (NP-OB1 *T*-3)
														       (NP-SBJ *con*)
														       (HVD hadde))))))))))))
	      (. <slash>))
  (ID CMREYNAR,11.151))

/~*
and wente in a yerde whiche was walled round aboute <slash> In whiche was a
shadde where in were six grete dogges whiche had to tore and plucked many a
beestis skyn in suche wyse as my chyldren were not aferd <slash> On whom
Reynart the theef had grete enuye by cause they were so sure that he cowde
none gete of them <slash>
(CMREYNAR,11.154)
*~/
/*
62 P:  62 P, 63 in, 58 WPP-4
*/

( (IP-MAT-SPE (CONJ and)
	      (NP-SBJ *con*)
	      (VBD wente)
	      (PP (P in)
		  (NP (D a)
		      (N yerde)
		      (CP-REL-SPE (WNP-1 (WPRO whiche))
				  (C 0)
				  (IP-SUB-SPE (NP-SBJ *T*-1)
					      (BED was)
					      (VAN walled)
					      (ADVP (ADV round) (RP aboute))))
		      (, <slash>)
		      (CP-REL-SPE (WPP-2 (P In)
					 (WNP (WPRO whiche)))
				  (C 0)
				  (IP-SUB-SPE (PP *T*-2)
					      (NP-SBJ-3 *exp*)
					      (BED was)
					      (NP-3 (D a)
						    (N shadde)
						    (CP-REL-SPE (WPP-4 (WADVP (WADV where))
								       (P in))
								(C 0)
								(IP-SUB-SPE (PP *T*-4)
									    (NP-SBJ-5 *exp*)
									    (BED were)
									    (NP-5 (NUM six)
										  (ADJ grete)
										  (NS dogges)
										  (CP-REL-SPE (WNP-6 (WPRO whiche))
											      (C 0)
											      (IP-SUB-SPE (NP-SBJ *T*-6)
													  (HVD had)
													  (VBN (VBN (VBN21 to) (VBN22 tore))
													       (CONJ and)
													       (VBN plucked))
													  (NP-OB1 (NP-POS (Q many) (D a) (N$ beestis))
														  (N skyn))))))))))
		      (PP (P in)
			  (NP (ADJP (SUCH suche)
				    (PP *ICH*-7))
			      (N wyse)
			      (PP-7 (P as)
				    (CP-DEG-SPE (C 0)
						(IP-SUB-SPE (NP-SBJ (PRO$ my)
								    (NS chyldren)
								    (CP-REL-SPE *ICH*-8))
							    (BED were)
							    (NEG not)
							    (ADJP (ADJ aferd))
							    (, <slash>)
							    (CP-REL-SPE-8 (WPP-9 (P On)
										 (WNP (WPRO whom)))
									  (C 0)
									  (IP-SUB-SPE (PP *T*-9)
										      (NP-SBJ (NPR Reynart)
											      (NP-PRN (D the) (N theef)))
										      (HVD had)
										      (NP-OB1 (ADJ grete) (N enuye))
										      (PP (P by)
											  (NP (N cause)
											      (CP-THT-SPE (C 0)
													  (IP-SUB-SPE (NP-SBJ (PRO they))
														      (BED were)
														      (ADJP (ADVR so)
															    (ADJ sure)
															    (CP-DEG-SPE (C that)
																	(IP-SUB-SPE (NP-SBJ (PRO he))
																		    (MD cowde)
																		    (NP-OB1 (Q none))
																		    (VB gete)
																		    (PP (P of)
																			(NP (PRO them)))))))))))))))))))
	      (. <slash>))
  (ID CMREYNAR,11.154))

/~*
he shewd me his slauyne and pylche and an heren sherte ther vnder <slash>
(CMREYNAR,11.165)
*~/
/*
36 P:  36 P, 37 vnder, 32 PP
*/

( (IP-MAT-SPE (NP-SBJ (PRO he))
	      (VBD shewd)
	      (NP-OB2 (PRO me))
	      (NP-OB1 (NP (PRO$ his)
			  (N slauyne)
			  (CONJP (CONJ and)
				 (NX (N pylche))))
		      (CONJP (CONJ and)
			     (NP (D an)
				 (N heren)
				 (N sherte)
				 (PP (ADVP (ADV ther))
				     (P vnder)))))
	      (. <slash>))
  (ID CMREYNAR,11.165))

/~*
and ther vpon was leyde a marble stone polyshed as clere as ony glas
(CMREYNAR,12.203)
*~/
/*
8 P:  8 P, 9 vpon, 4 PP
*/

( (IP-MAT-SPE (CONJ and)
	      (PP (ADVP (ADV ther))
		  (P vpon))
	      (BED was)
	      (VAN leyde)
	      (NP-SBJ (D a)
		      (ADJ marble)
		      (N stone)
		      (RRC (VAN polyshed)
			   (ADJP (ADVR as)
				 (ADJ clere)
				 (PP (P as)
				     (NP (Q ony) (N glas)))))))
  (ID CMREYNAR,12.203))

/~*
coppe chanteklers doughter <slash> whom Reynart the foxe hath byten lyeth hier
vnder buryed <slash>
(CMREYNAR,12.205)
*~/
/*
39 P:  39 P, 40 vnder, 35 PP
*/

( (IP-MAT-SPE (NP-SBJ (NPR coppe)
		      (NP-PRN (NPR$ chanteklers) (N doughter))
		      (, <slash>)
		      (CP-REL-SPE (WNP-1 (WPRO whom))
				  (C 0)
				  (IP-SUB-SPE (NP-OB1 *T*-1)
					      (NP-SBJ (NPR Reynart)
						      (NP-PRN (D the) (N foxe)))
					      (HVP hath)
					      (VBN byten))))
	      (VBP lyeth)
	      (PP (ADVP (ADV hier))
		  (P vnder))
	      (IP-PPL-SPE (VAN buryed))
	      (. <slash>))
  (ID CMREYNAR,12.205))

/~*
as he cam in a derke wode in a forest were as reynard had a bypath whan he was
hunted <slash> ther bysyde was as hie montayne and lande <slash>
(CMREYNAR,13.226)
*~/
/*
71 P:  71 P, 72 bysyde, 67 PP
*/

( (IP-MAT (PP (P as)
	      (CP-ADV (C 0)
		      (IP-SUB (NP-SBJ (PRO he))
			      (VBD cam)
			      (PP (P in)
				  (NP (D a)
				      (ADJ derke)
				      (N wode)
				      (PP (P in)
					  (NP (D a)
					      (N forest)
					      (CP-REL (WADVP-1 (WADV were))
						      (C as)
						      (IP-SUB (ADVP *T*-1)
							      (NP-SBJ (NPR reynard))
							      (HVD had)
							      (NP-OB1 (D a) (N bypath))
							      (PP (P whan)
								  (CP-ADV (C 0)
									  (IP-SUB (NP-SBJ (PRO he))
										  (BED was)
										  (VAN hunted)))))))))))))
	  (, <slash>)
	  (PP (ADVP (ADV ther))
	      (P bysyde))
	  (BED was)
	  (NP-SBJ (ADJP (ADVR as) (ADJ hie))
		  (N montayne)
		  (CONJP (CONJ and)
			 (NX (N lande))))
	  (, <slash>))
  (ID CMREYNAR,13.226))

/~*
ther wyth he hath vs alle begyled.
(CMREYNAR,55.402)
*~/
/*
6 P:  6 P, 7 wyth, 2 PP
*/

( (IP-MAT-SPE (PP (ADVP (ADV ther))
		  (P wyth))
	      (NP-SBJ (PRO he))
	      (CODE <P_55>)
	      (HVP hath)
	      (NP-OB1 (PRO vs)
		      (QP (Q alle)))
	      (VBN begyled)
	      (. .))
  (ID CMREYNAR,55.402))

/~*
and come here in <slash>
(CMREYNAR,56.469)
*~/
/*
10 P:  10 P, 11 in, 6 PP
*/

( (IP-IMP-SPE (CONJ and)
	      (VBI come)
	      (PP (ADVP (ADV here))
		  (P in))
	      (. <slash>))
  (ID CMREYNAR,56.469))

/~*
For ther by they brynge them vnder their feet <slash>
(CMREYNAR,57.515)
*~/
/*
8 P:  8 P, 9 by, 4 PP
*/

( (IP-MAT-SPE (CONJ For)
	      (PP (ADVP (ADV ther))
		  (P by))
	      (NP-SBJ (PRO they))
	      (VBP brynge)
	      (NP-OB1 (PRO them))
	      (PP (P vnder)
		  (NP (PRO$ their) (NS feet)))
	      (. <slash>))
  (ID CMREYNAR,57.515))

/~*
Here wyth he departed and wente wyth grymbert to the court ward <slash>
(CMREYNAR,58.549)
*~/
/*
6 P:  6 P, 7 wyth, 2 PP
*/

( (IP-MAT (PP (ADVP (ADV Here))
	      (P wyth))
	  (NP-SBJ (PRO he))
	  (VBD (VBD departed) (CONJ and) (VBD wente))
	  (PP (P wyth)
	      (NP (NPR grymbert)))
	  (PP (P to)
	      (NP (D the) (N court) (WARD ward)))
	  (. <slash>))
  (ID CMREYNAR,58.549))

/~*
and hier vpon I wyl assoylle you.
(CMREYNAR,60.657)
*~/
/*
8 P:  8 P, 9 vpon, 4 PP
*/

( (IP-MAT-SPE (CONJ and)
	      (PP (ADVP (ADV hier))
		  (P vpon))
	      (NP-SBJ (PRO I))
	      (MD wyl)
	      (VB assoylle)
	      (NP-OB1 (PRO you))
	      (. .))
  (ID CMREYNAR,60.657))

/~*
And many mocke them ther with <slash>
(CMREYNAR,61.701)
*~/
/*
16 P:  16 P, 17 with, 12 PP
*/

( (IP-MAT-SPE (CONJ And)
	      (NP-SBJ (Q many))
	      (VBP mocke)
	      (NP-OB1 (PRO them))
	      (PP (ADVP (ADV ther))
		  (P with))
	      (. <slash>))
  (ID CMREYNAR,61.701))

/~*
alas neuewe this is an euyl connyng <slash> of whiche. lyf. scathe and hurte
may come ther of <slash>
(CMREYNAR,61.705)
*~/
/*
52 P:  52 P, 53 of, 48 ADVP-RSP-1
*/

( (IP-MAT (INTJ alas)
	  (NP-VOC (N neuewe))
	  (NP-SBJ (D this))
	  (BEP is)
	  (NP-OB1 (D an) (ADJ euyl) (N connyng))
	  (, <slash>)
	  (CP-CAR (WPP-1 (P of)
			 (WNP (WD whiche) (, .) (N lyf)))
		  (C 0)
		  (, .)
		  (IP-SUB (NP-SBJ (N scathe) (CONJ and) (N hurte))
			  (MD may)
			  (VB come)
			  (ADVP-RSP-1 (ADVP (ADV ther))
				      (P of))))
	  (. <slash>))
  (ID CMREYNAR,61.705))
/*
FOOTER
  source file, hits/tokens/total
  C:\Users\Shoo\Dropbox\workspace\CorpusSearch_Auto\data\corporas\PPCME2\temp1492106398658\fiction_romances_dramacomedies_and_verse\cmreynar.m4.psd	13/13/740
*/
/*
HEADER:
source file:  C:\Users\Shoo\Dropbox\workspace\CorpusSearch_Auto\data\corporas\PPCME2\temp1492106398658\fiction_romances_dramacomedies_and_verse\cmsiege.m4.psd
*/
/*
FOOTER
  source file, hits/tokens/total
  C:\Users\Shoo\Dropbox\workspace\CorpusSearch_Auto\data\corporas\PPCME2\temp1492106398658\fiction_romances_dramacomedies_and_verse\cmsiege.m4.psd	0/0/732
*/
/*
SUMMARY:  
source files, hits/tokens/total
  C:\Users\Shoo\Dropbox\workspace\CorpusSearch_Auto\data\corporas\PPCME2\temp1492106398658\fiction_romances_dramacomedies_and_verse\cmctmeli.m3.psd	1/1/860
  C:\Users\Shoo\Dropbox\workspace\CorpusSearch_Auto\data\corporas\PPCME2\temp1492106398658\fiction_romances_dramacomedies_and_verse\cmmalory.m4.psd	7/7/4999
  C:\Users\Shoo\Dropbox\workspace\CorpusSearch_Auto\data\corporas\PPCME2\temp1492106398658\fiction_romances_dramacomedies_and_verse\cmreynar.m4.psd	13/13/740
  C:\Users\Shoo\Dropbox\workspace\CorpusSearch_Auto\data\corporas\PPCME2\temp1492106398658\fiction_romances_dramacomedies_and_verse\cmsiege.m4.psd	0/0/732
whole search, hits/tokens/total
		21/21/7331
*/
