/*
PREFACE:  
Copyright 2010 Beth Randall
Date:  Thu Apr 13 19:02:31 BST 2017

command file:     data\searches\queries\PENN\progressive_forms_in_prepositional_phrases_appositive_parenthetical.q
output file:      C:\Users\Shoo\Dropbox\workspace\CorpusSearch_Auto\data\output\13-04-2017 18.46.36.333 PPCME2\progressive_forms_in_prepositional_phrases_appositive_parenthetical\homilies_and_sermons\result.out

node:   PP-*PRN*|BAG*|HAG*|VAG*|DAG*
query:  (BAG*|HAG*|VAG*|DAG* Dominates  !BAG*|HAG*|VAG*|DAG*) 
  AND  (PP-*PRN* Dominates  BAG*|HAG*|VAG*|DAG*) 
*/
/*
HEADER:
source file:  C:\Users\Shoo\Dropbox\workspace\CorpusSearch_Auto\data\corporas\PPCME2\temp1492106398658\homilies_and_sermons\cmcapser.m4.psd
*/
/*
FOOTER
  source file, hits/tokens/total
  C:\Users\Shoo\Dropbox\workspace\CorpusSearch_Auto\data\corporas\PPCME2\temp1492106398658\homilies_and_sermons\cmcapser.m4.psd	0/0/91
*/
/*
HEADER:
source file:  C:\Users\Shoo\Dropbox\workspace\CorpusSearch_Auto\data\corporas\PPCME2\temp1492106398658\homilies_and_sermons\cmfitzja.m4.psd
*/
/*
FOOTER
  source file, hits/tokens/total
  C:\Users\Shoo\Dropbox\workspace\CorpusSearch_Auto\data\corporas\PPCME2\temp1492106398658\homilies_and_sermons\cmfitzja.m4.psd	0/0/228
*/
/*
HEADER:
source file:  C:\Users\Shoo\Dropbox\workspace\CorpusSearch_Auto\data\corporas\PPCME2\temp1492106398658\homilies_and_sermons\cmgaytry.m34.psd
*/
/*
FOOTER
  source file, hits/tokens/total
  C:\Users\Shoo\Dropbox\workspace\CorpusSearch_Auto\data\corporas\PPCME2\temp1492106398658\homilies_and_sermons\cmgaytry.m34.psd	0/0/199
*/
/*
HEADER:
source file:  C:\Users\Shoo\Dropbox\workspace\CorpusSearch_Auto\data\corporas\PPCME2\temp1492106398658\homilies_and_sermons\cminnoce.m4.psd
*/
/*
FOOTER
  source file, hits/tokens/total
  C:\Users\Shoo\Dropbox\workspace\CorpusSearch_Auto\data\corporas\PPCME2\temp1492106398658\homilies_and_sermons\cminnoce.m4.psd	0/0/208
*/
/*
HEADER:
source file:  C:\Users\Shoo\Dropbox\workspace\CorpusSearch_Auto\data\corporas\PPCME2\temp1492106398658\homilies_and_sermons\cmkentho.m1.psd
*/
/*
FOOTER
  source file, hits/tokens/total
  C:\Users\Shoo\Dropbox\workspace\CorpusSearch_Auto\data\corporas\PPCME2\temp1492106398658\homilies_and_sermons\cmkentho.m1.psd	0/0/298
*/
/*
HEADER:
source file:  C:\Users\Shoo\Dropbox\workspace\CorpusSearch_Auto\data\corporas\PPCME2\temp1492106398658\homilies_and_sermons\cmkentse.m2.psd
*/
/*
FOOTER
  source file, hits/tokens/total
  C:\Users\Shoo\Dropbox\workspace\CorpusSearch_Auto\data\corporas\PPCME2\temp1492106398658\homilies_and_sermons\cmkentse.m2.psd	0/0/231
*/
/*
HEADER:
source file:  C:\Users\Shoo\Dropbox\workspace\CorpusSearch_Auto\data\corporas\PPCME2\temp1492106398658\homilies_and_sermons\cmlamb1.m1.psd
*/
/*
FOOTER
  source file, hits/tokens/total
  C:\Users\Shoo\Dropbox\workspace\CorpusSearch_Auto\data\corporas\PPCME2\temp1492106398658\homilies_and_sermons\cmlamb1.m1.psd	0/0/526
*/
/*
HEADER:
source file:  C:\Users\Shoo\Dropbox\workspace\CorpusSearch_Auto\data\corporas\PPCME2\temp1492106398658\homilies_and_sermons\cmlambx1.mx1.psd
*/

/~*
petrus cwe+d +ta. wite +ge so+dliche +tet crist aras of dea+de and on ure
iwitnesse astah to heofene. and sit on his feder riht alfe; alswa daui+d bi
him wite+gede +tus cwe+dinde. Dixit dominus domino meo sede a dextris meis.
(CMLAMBX1,91.761)
*~/
/*
110 VAG:  110 VAG, 111 cwe+dinde, 84 PP-PRN
*/
( (IP-MAT (NP-SBJ (NPR petrus))
	  (VBD cwe+d)
	  (ADVP-TMP (ADV +ta))
	  (, .)
	  (IP-IMP-SPE (VBI wite)
		      (NP-SBJ (PRO +ge))
		      (ADVP (ADV so+dliche))
		      (CP-THT-SPE (C +tet)
				  (IP-SUB-SPE (IP-SUB-SPE (NP-SBJ (NPR crist))
							  (VBD aras)
							  (PP (P of)
							      (NP (N dea+de))))
					      (CONJP (CONJ and)
						     (IP-SUB-SPE (NP-SBJ *con*)
								 (PP (P on)
								     (NP (PRO$ ure) (N iwitnesse)))
								 (VBD astah)
								 (PP (P to)
								     (NP (NPR heofene)))))
					      (, .)
					      (CONJP (CONJ and)
						     (IP-SUB-SPE (NP-SBJ *con*)
								 (VBP sit)
								 (PP (P on)
								     (NP (NP-POS (PRO$ his) (N$ feder))
									 (ADJ riht)
									 (N alfe)))
								 (, ;)
								 (PP-PRN (P alswa)
									 (CP-ADV-SPE (WNP-1 0)
										     (C 0)
										     (IP-SUB-SPE (NP-OB1 *T*-1)
												 (NP-SBJ (NPR daui+d))
												 (PP (P bi)
												     (NP (PRO him)))
												 (VBD wite+gede)
												 (IP-PPL-SPE (ADVP (ADV +tus))
													     (VAG cwe+dinde)
													     (, .)
													     (QTP (LATIN (FW Dixit) (FW dominus) (FW domino) (FW meo) (FW sede) (FW a) (FW dextris) (FW meis))))))))))))
	  (. .))
  (ID CMLAMBX1,91.761))
/*
FOOTER
  source file, hits/tokens/total
  C:\Users\Shoo\Dropbox\workspace\CorpusSearch_Auto\data\corporas\PPCME2\temp1492106398658\homilies_and_sermons\cmlambx1.mx1.psd	1/1/1410
*/
/*
HEADER:
source file:  C:\Users\Shoo\Dropbox\workspace\CorpusSearch_Auto\data\corporas\PPCME2\temp1492106398658\homilies_and_sermons\cmmirk.m34.psd
*/

/~*
for among all corseyntys of Heuen, Seynt Nycholas ys heghly yprayset of +te
pepull, and also yn holy chyrch specyaly for +tre vertues: for his meke lyuyng,
for his heuenly chesyng, and for his gret compassyon hauyng.
(CMMIRK,11.310)
*~/
/*
108 HAG:  108 HAG, 109 hauyng, 69 PP-PRN
*/

( (IP-MAT (CONJ for)
	  (PP (P among)
	      (NP (Q all)
		  (NS corseyntys)
		  (PP (P of)
		      (NP (NPR Heuen)))))
	  (, ,)
	  (NP-SBJ (NPR Seynt) (NPR Nycholas))
	  (BEP ys)
	  (ADVP (ADV heghly))
	  (VAN yprayset)
	  (PP (PP (P of)
		  (NP (D +te) (N pepull)))
	      (, ,)
	      (CONJP (CONJ and)
		     (ALSO also)
		     (PP (P yn)
			 (NP (ADJ holy) (NPR chyrch)))))
	  (ADVP (ADV specyaly))
	  (PP (P for)
	      (NP (NUM +tre) (NS vertues))
	      (, :)
	      (PP-PRN (PP (P for)
			  (NP (PRO$ his) (ADJ meke) (N lyuyng)))
		      (, ,)
		      (PP (P for)
			  (NP (PRO$ his) (ADJ heuenly) (N chesyng)))
		      (, ,)
		      (CONJP (CONJ and)
			     (PP (P for)
				 (NP (PRO$ his)
				     (NP-OB1 (ADJ gret) (N compassyon))
				     (HAG hauyng))))))
	  (. .))
  (ID CMMIRK,11.310))

/~*
Then sayth Seynt Austeyn +tat, +tis day and +tis nyght, paynene vsen many fals
opynyons of wychecraft and of fals fayth, +te whech ben noght to telle among
crysten men, lest +tay wer drawen yn vse. Wherfor, +ge +tat ben Goddys
seruandes, be +ge well war, lest +ge ben deseyvet by any sorsery and by any
byleue: as by takyng of howsell of on man raythyr +ten of ano+tyr, othyr forto
bye othyr selle, and aske or borue. Yn +te whyche some men haue dyuerse
opynyons +tat, +gyf +tay werne clene schereven, +tay wer worthy gret penawnce
for mysbeleue;
(CMMIRK,45.1302)
*~/
/*
207 VAG:  207 VAG, 208 takyng, 199 PP-PRN
*/

( (IP-MAT (ADVP-TMP (ADV Then))
	  (VBP sayth)
	  (NP-SBJ (NPR Seynt) (NPR Austeyn))
	  (CP-THT (C +tat)
		  (, ,)
		  (IP-SUB (NP-TMP (NP (D +tis) (N day))
				  (CONJP (CONJ and)
					 (NP (D +tis) (N nyght))))
			  (, ,)
			  (NP-SBJ (NS paynene))
			  (VBP vsen)
			  (NP-OB1 (Q many)
				  (ADJ fals)
				  (NS opynyons)
				  (PP (PP (P of)
					  (NP (N+N wychecraft)))
				      (CONJP (CONJ and)
					     (PP (P of)
						 (NP (ADJ fals) (N fayth)))))
				  (, ,)
				  (CP-REL (WNP-1 (D +te) (WPRO whech))
					  (C 0)
					  (IP-SUB (NP-SBJ-2 *T*-1)
						  (BEP ben)
						  (NEG noght)
						  (IP-INF (NP-OB1 *-2)
							  (TO to)
							  (VB telle)
							  (PP (P among)
							      (NP (ADJ crysten) (NS men))))
						  (, ,)
						  (PP (P lest)
						      (CP-ADV (C 0)
							      (IP-SUB (NP-SBJ (PRO +tay))
								      (BED wer)
								      (VAN drawen)
								      (PP (P yn)
									  (NP (N vse)))))))))))
	  (, .)
	  (CP-CAR (WPP-3 (WADV+P Wherfor))
		  (C 0)
		  (, ,)
		  (IP-IMP (PP *T*-3)
			  (NP-LFD (PRO +ge)
				  (CP-REL (WNP-4 0)
					  (C +tat)
					  (IP-SUB (NP-SBJ *T*-4)
						  (BEP ben)
						  (NP-OB1 (NPR$ Goddys) (NS seruandes)))))
			  (, ,)
			  (BEI be)
			  (NP-SBJ-RSP (PRO +ge))
			  (ADJP (ADV well) (ADJ war))
			  (, ,)
			  (PP (P lest)
			      (CP-ADV (C 0)
				      (IP-SUB (NP-SBJ (PRO +ge))
					      (BEP ben)
					      (VAN deseyvet)
					      (PP (PP (P by)
						      (NP (Q any) (N sorsery)))
						  (CONJP (CONJ and)
							 (PP (P by)
							     (NP (Q any) (N byleue))))
						  (, :)
						  (PP-PRN (PP (P as)
							      (PP (P by)
								  (IP-PPL (VAG takyng)
									  (PP (P of)
									      (NP (N howsell)))
									  (PP (P of)
									      (NP (ONE on) (N man)))
									  (ADVP (ADVR raythyr)
										(PP (P +ten)
										    (PP (P of)
											(NP (D+OTHER ano+tyr))))))))
							  (, ,)
							  (CONJP (CONJ othyr)
								 (IP-INF (IP-INF (FOR+TO forto)
										 (VB (VB bye) (CONJ othyr) (VB selle)))
									 (, ,)
									 (CONJP (CONJ and)
										(IP-INF (FOR *)
											(TO *)
											(VB (VB aske) (CONJ or) (VB borue))
											(, .)
											(CP-CAR (WPP-5 (P Yn)
												       (WNP (D +te) (WPRO whyche)))
												(C 0)
												(IP-SUB (PP *T*-5)
													(NP-SBJ (Q some) (NS men))
													(HVP haue)
													(NP-OB1 (ADJ dyuerse) (NS opynyons))
													(CP-THT (C +tat)
														(, ,)
														(IP-SUB (PP (P +gyf)
															    (CP-ADV (C 0)
																    (IP-SUB (NP-SBJ-6 (PRO +tay))
																	    (BED werne)
																	    (IP-SMC (NP-SBJ *-6)
																		    (ADJP (ADJ clene)))
																	    (VAN schereven))))
															(, ,)
															(NP-SBJ (PRO +tay))
															(BED wer)
															(ADJP (ADJ worthy)
															      (NP (ADJ gret) (N penawnce)))
															(PP (P for)
															    (NP (N mysbeleue))))))))))))))))))
	  (. ;))
  (ID CMMIRK,45.1302))

/~*
For +tys day holy chyrche make+te mynde, how Ihesu Cryst was schewet veray God
and man +tre wayes: by +tre kynges offryngys, yn his one folowyng, and by
watyr ynto wyne turnyng.
(CMMIRK,48.1360)
*~/
/*
105 VAG:  105 VAG, 106 turnyng, 62 PP-PRN
*/

( (IP-MAT (CONJ For)
	  (NP-TMP (D +tys) (N day))
	  (NP-SBJ (ADJ holy) (NPR chyrche))
	  (VBP make+te)
	  (NP-OB1 (N mynde))
	  (, ,)
	  (CP-QUE (WADVP-1 (WADV how))
		  (C 0)
		  (IP-SUB (ADVP *T*-1)
			  (NP-SBJ-2 (NPR Ihesu) (NPR Cryst))
			  (BED was)
			  (VAN schewet)
			  (IP-SMC (NP-SBJ *-2)
				  (NP-OB1 (ADJ veray)
					  (CODE <P_48>)
					  (N God)
					  (CONJP (CONJ and)
						 (NX (N man)))))
			  (NP-ADV (NUM +tre)
				  (NS wayes)
				  (, :)
				  (PP-PRN (PP (P by)
					      (NP (NP-POS (NUM +tre) (NS$ kynges))
						  (NS offryngys)))
					  (, ,)
					  (CONJP (PP (P yn)
						     (NP (PRO$ his) (ONE one) (N folowyng))))
					  (, ,)
					  (CONJP (CONJ and)
						 (PP (P by)
						     (IP-PPL (NP-OB1 (N watyr))
							     (PP (P ynto)
								 (NP (N wyne)))
							     (VAG turnyng))))))))
	  (. .))
  (ID CMMIRK,48.1360))

/~*
And +tat ys for +tre skylles: furst for gret myracull yn hys turnyng, and for
gret joy yn his defendyng, and for hegh ensampull in amendyng.
(CMMIRK,53.1482)
*~/
/*
76 VAG:  76 VAG, 77 amendyng, 19 PP-PRN
*/

( (IP-MAT (CONJ And)
	  (NP-SBJ (D +tat))
	  (BEP ys)
	  (PP (P for)
	      (NP (NUM +tre)
		  (NS skylles)
		  (, :)
		  (PP-PRN (PP (ADV furst)
			      (P for)
			      (NP (ADJ gret)
				  (N myracull)
				  (PP (P yn)
				      (NP (PRO$ hys) (N turnyng)))))
			  (, ,)
			  (CONJP (CONJ and)
				 (PP (P for)
				     (NP (ADJ gret)
					 (N joy)
					 (PP (P yn)
					     (NP (PRO$ his) (N defendyng))))))
			  (, ,)
			  (CONJP (CONJ and)
				 (PP (P for)
				     (NP (ADJ hegh)
					 (N ensampull)
					 (PP (P in)
					     (NP (VAG amendyng)))))))))
	  (. .))
  (ID CMMIRK,53.1482))

/~*
For, +tat day, holy chyrche maketh gret melody yn worschyppe of hyr and of hyr
swete sonne Ihesu Crist, our Lord, specyaly yn +tre +tynges: yn our lady
puryfiyng, in Symones metyng, and yn candels offryng.
(CMMIRK,57.1582)
*~/
/*
87 VAG:  87 VAG, 88 puryfiyng, 77 PP-PRN
112 VAG:  112 VAG, 113 offryng, 77 PP-PRN
*/

( (IP-MAT (CONJ For)
	  (, ,)
	  (NP-TMP (D +tat) (N day))
	  (, ,)
	  (NP-SBJ (ADJ holy) (NPR chyrche))
	  (VBP maketh)
	  (NP-OB1 (ADJ gret) (N melody))
	  (PP (P yn)
	      (NP (N worschyppe)
		  (PP (PP (P of)
			  (NP (PRO hyr)))
		      (CONJP (CONJ and)
			     (PP (P of)
				 (NP (PRO$ hyr)
				     (ADJ swete)
				     (N sonne)
				     (NP-PRN (NPR Ihesu) (NPR Crist))
				     (, ,)
				     (NP-PRN (PRO$ our) (NPR Lord))))))))
	  (, ,)
	  (PP (ADV specyaly)
	      (P yn)
	      (NP (NUM +tre) (NS +tynges))
	      (, :)
	      (PP-PRN (PP (P yn)
			  (IP-PPL (NP-OB1 (PRO$ our) (NPR lady))
				  (VAG puryfiyng)))
		      (, ,)
		      (CONJP (PP (P in)
				 (NP (NPR$ Symones) (N metyng))))
		      (, ,)
		      (CONJP (CONJ and)
			     (PP (P yn)
				 (IP-PPL (NP-OB1 (NS candels))
					 (VAG offryng))))))
	  (. .))
  (ID CMMIRK,57.1582))
/*
FOOTER
  source file, hits/tokens/total
  C:\Users\Shoo\Dropbox\workspace\CorpusSearch_Auto\data\corporas\PPCME2\temp1492106398658\homilies_and_sermons\cmmirk.m34.psd	6/5/3708
*/
/*
HEADER:
source file:  C:\Users\Shoo\Dropbox\workspace\CorpusSearch_Auto\data\corporas\PPCME2\temp1492106398658\homilies_and_sermons\cmorm.m1.psd
*/
/*
FOOTER
  source file, hits/tokens/total
  C:\Users\Shoo\Dropbox\workspace\CorpusSearch_Auto\data\corporas\PPCME2\temp1492106398658\homilies_and_sermons\cmorm.m1.psd	0/0/2638
*/
/*
HEADER:
source file:  C:\Users\Shoo\Dropbox\workspace\CorpusSearch_Auto\data\corporas\PPCME2\temp1492106398658\homilies_and_sermons\cmroyal.m34.psd
*/

/~*
For sicurly it was a comon repref to all women +tat by on of hem all mankynd
was lost and non of hem my+gthe helpe to restore it a+geyn, so far-forth +tat
all +te elementes and all o+tur beestes and briddes semed per prosopopeiam
crie vppon a womman, as Petrus Rauennas ymagine+t, sermone Gregorii, seynge
+tus, "Redde depositum, mulier, redde depositum Dei quod in Paradiso
perdidisti; redde ex te quod perdidisti per te."
(CMROYAL,257.307)
*~/
/*
173 VAG:  173 VAG, 174 seynge, 142 PP-PRN
*/

( (IP-MAT (CONJ For)
	  (ADVP (ADV sicurly))
	  (NP-SBJ-1 (PRO it))
	  (BED was)
	  (NP-OB1 (D a)
		  (ADJ comon)
		  (N repref)
		  (PP (P to)
		      (NP (Q all) (NS women))))
	  (CP-THT-1 (C +tat)
		    (IP-SUB (IP-SUB (PP (P by)
					(NP (ONE on)
					    (PP (P of)
						(NP (PRO hem)
						    (QP (Q all))))))
				    (NP-SBJ (N+N mankynd))
				    (BED was)
				    (VAN lost))
			    (CONJP (CONJ and)
				   (IP-SUB (NP-SBJ (Q non)
						   (PP (P of)
						       (NP (PRO hem))))
					   (MD my+gthe)
					   (VB helpe)
					   (IP-INF (TO to)
						   (VB restore)
						   (NP-OB1 (PRO it))
						   (ADVP (ADV a+geyn)))))))
	  (, ,)
	  (NP-MSR (ADJP (ADVR so)
			(ADJ far-forth)
			(CP-CMP (WNP-2 0)
				(C +tat)
				(IP-SUB (NP-MSR *T*-2)
					(NP-SBJ (NP (Q all) (D +te) (NS elementes))
						(CONJP (CONJ and)
						       (NP (Q all)
							   (OTHER o+tur)
							   (NS beestes)
							   (CONJP (CONJ and)
								  (NX (NS briddes))))))
					(VBD semed)
					(LATIN (FW per) (FW prosopopeiam))
					(IP-INF (VB crie)
						(PP (P vppon)
						    (NP (D a) (N womman))))
					(, ,)
					(PP-PRN (P as)
						(CP-ADV (WNP-3 0)
							(C 0)
							(IP-SUB (NP-OB1 *T*-3)
								(NP-SBJ (NPR Petrus) (NPR Rauennas))
								(CODE <P_257>)
								(VBP ymagine+t)
								(, ,)
								(REF (LATIN (FW sermone) (FW Gregorii)))
								(, ,)
								(IP-PPL (VAG seynge)
									(ADVP (ADV +tus))
									(, ,)
									(" ")
									(QTP (LATIN (FW Redde) (FW depositum) (, ,) (FW mulier) (, ,) (FW redde) (FW depositum) (FW Dei) (FW quod) (FW in) (FW Paradiso) (FW perdidisti) (, ;) (FW redde) (FW ex) (FW te) (FW quod) (FW perdidisti) (FW per) (FW te)))))))))))
	  (. .)
	  (" "))
  (ID CMROYAL,257.307))
/*
FOOTER
  source file, hits/tokens/total
  C:\Users\Shoo\Dropbox\workspace\CorpusSearch_Auto\data\corporas\PPCME2\temp1492106398658\homilies_and_sermons\cmroyal.m34.psd	1/1/399
*/
/*
HEADER:
source file:  C:\Users\Shoo\Dropbox\workspace\CorpusSearch_Auto\data\corporas\PPCME2\temp1492106398658\homilies_and_sermons\cmsawles.m1.psd
*/
/*
FOOTER
  source file, hits/tokens/total
  C:\Users\Shoo\Dropbox\workspace\CorpusSearch_Auto\data\corporas\PPCME2\temp1492106398658\homilies_and_sermons\cmsawles.m1.psd	0/0/276
*/
/*
HEADER:
source file:  C:\Users\Shoo\Dropbox\workspace\CorpusSearch_Auto\data\corporas\PPCME2\temp1492106398658\homilies_and_sermons\cmtrinit.mx1.psd
*/

/~*
and forlaten al +tat hem be+d unbiheue; alse +te wise clerc seide on his boc.
+tus que+dende. Si prodesse cupis tibi que sint commoda quere.
(CMTRINIT,9.82)
*~/
/*
67 VAG:  67 VAG, 68 que+dende, 31 PP-PRN
*/

( (IP-MAT (CONJ and)
	  (NP-SBJ *con*)
	  (VBP forlaten)
	  (NP-OB1 (Q al)
		  (CP-REL (WNP-1 0)
			  (C +tat)
			  (IP-SUB (NP-SBJ *T*-1)
				  (NP-2 (PRO hem))
				  (BEP be+d)
				  (ADJP (NP *ICH*-2)
					(ADJ unbiheue)))))
	  (, ;)
	  (PP-PRN (P alse)
		  (CP-ADV (WNP-3 0)
			  (C 0)
			  (IP-SUB (NP-OB1 *T*-3)
				  (NP-SBJ (D +te) (ADJ wise) (N clerc))
				  (VBD seide)
				  (PP (P on)
				      (CODE <P_9>)
				      (NP (PRO$ his) (N boc)))
				  (, .)
				  (IP-PPL (ADVP (ADV +tus))
					  (VAG que+dende)
					  (, .)
					  (QTP (LATIN (FW Si) (FW prodesse) (FW cupis) (FW tibi) (FW que) (FW sint) (FW commoda) (FW quere)))))))
	  (. .))
  (ID CMTRINIT,9.82))

/~*
we auen forgult ure saules wille si+de mid winter com hiderwardes and
ouercumen it. and don us in to helle wite; for ure mu+des mete on +tre wise.
on etinge to michel. on estmetes +te brede+d sinnes. and on ouerete; +te hem
fede+d and on untimliche ete; +te hem for+de+d. and on two wise on drinke
untimeliche; and on ouerdede.
(CMTRINIT,55.757)
*~/
/*
95 VAG:  95 VAG, 96 etinge, 90 PP-PRN
*/

( (IP-MAT (IP-MAT-1 (NP-SBJ (PRO we))
		    (HVP auen)
		    (VBN forgult)
		    (NP-OB1 (NP-POS (PRO$ ure) (N$ saules))
			    (N wille))
		    (PP (P si+de)
			(CP-ADV (C 0)
				(IP-SUB (NP-SBJ (N (N21 mid) (N22 winter)))
					(VBD com)
					(ADVP-DIR (ADV+WARD hiderwardes))))))
	  (CONJP (CONJ and)
		 (IP-MAT=1 (VBN ouercumen)
			   (NP-OB1 (PRO it))))
	  (, .)
	  (CONJP (CONJ and)
		 (IP-MAT=1 (DON don)
			   (NP-OB1 (PRO us))
			   (PP (RP in)
			       (P to)
			       (NP (NPR$ helle) (NS wite)))
			   (, ;)
			   (PP (P for)
			       (NP (NP-POS (PRO$ ure) (N$ mu+des))
				   (N mete)))
			   (PP (PP (P on)
				   (NP (NUM +tre)
				       (NS wise)
				       (, .)
				       (PP-PRN (PP (P on)
						   (IP-PPL (VAG etinge)
							   (NP-OB1 (QP (ADVR to) (Q michel))
								   (, .)
								   (PP (P on)
								       (NP (N+NS estmetes)
									   (CP-REL (WNP-2 0)
										   (C +te)
										   (IP-SUB (NP-SBJ *T*-2)
											   (VBP brede+d)
											   (NP-OB1 (NS sinnes)))))))))
					       (, .)
					       (CONJP (CONJ and)
						      (PP (P on)
							  (NP (N ouerete)
							      (, ;)
							      (CP-REL (WNP-3 0)
								      (C +te)
								      (IP-SUB (NP-SBJ *T*-3)
									      (NP-OB1 (PRO hem))
									      (VBP fede+d))))))
					       (CONJP (CONJ and)
						      (PP (P on)
							  (NP (ADJ untimliche)
							      (N ete)
							      (, ;)
							      (CP-REL (WNP-4 0)
								      (C +te)
								      (IP-SUB (NP-SBJ *T*-4)
									      (NP-OB1 (PRO hem))
									      (VBP for+de+d)))))))))
			       (, .)
			       (CONJP (CONJ and)
				      (PP (P on)
					  (NP (NUM two)
					      (NS wise)
					      (PP (P on)
						  (NP (N drinke)))
					      (NP-PRN (NP (ADJ untimeliche))
						      (, ;)
						      (CONJP (CONJ and)
							     (PP (P on)
								 (NP (N ouerdede)))))))))))
	  (. .))
  (ID CMTRINIT,55.757))

/~*
gif lichames lust o+der +tankes lust. te+d him to ani un+teau. and he nele ac
+tole+d and forbere+d. +teh hit bie his lichame queme. ac flite+d to-genes his
agen wille. alse +te wise bit +tus que+dinde. Sperne uoluptates nocet empta
dolore uoluptas. Shune lustliche wil. for +tat it dere+d swi+de and be+d
afterboht mid bitere sor. and +tus ouercume+d alle hise fon;
(CMTRINIT,81.1080)
*~/
/*
132 VAG:  132 VAG, 133 que+dinde, 110 PP-PRN
*/

( (IP-MAT (NP-SBJ *pro*)
	  (PP (P gif)
	      (CP-ADV (C 0)
		      (IP-SUB (IP-SUB (NP-SBJ (NP (N$ lichames) (N lust))
					      (CONJP (CONJ o+der)
						     (NP (N$ +tankes) (N lust))))
				      (, .)
				      (VBP te+d)
				      (NP-OB1 (PRO him))
				      (PP (P to)
					  (NP (Q ani) (N un+teau))))
			      (, .)
			      (CONJP (CONJ and)
				     (IP-SUB (IP-SUB (NP-SBJ (PRO he))
						     (NEG+VBP nele))
					     (CONJP (CONJ ac)
						    (IP-SUB (NP-SBJ *con*)
							    (VBP (VBP +tole+d) (CONJ and) (VBP forbere+d))
							    (, .)
							    (PP (P +teh)
								(CP-ADV (C 0)
									(IP-SUB (NP-SBJ (PRO hit))
										(BEP bie)
										(ADJP (NP (PRO$ his) (N lichame))
										      (ADJ queme)))))))
					     (, .)
					     (CONJP (CONJ ac)
						    (IP-SUB (NP-SBJ *con*)
							    (VBP flite+d)
							    (PP (P to-genes)
								(NP (PRO$ his) (ADJ agen) (N wille)))
							    (, .)
							    (PP-PRN (P alse)
								    (CP-ADV (WNP-1 0)
									    (C 0)
									    (IP-SUB (NP-OB1 *T*-1)
										    (NP-SBJ (D +te) (ADJ wise))
										    (VBP bit)
										    (IP-PPL (ADVP (ADV +tus))
											    (VAG que+dinde)
											    (, .)
											    (QTP (LATIN (FW Sperne)
													(FW uoluptates)
													(FW nocet)
													(FW empta)
													(FW dolore)
													(FW uoluptas)
													(, .)
													(IP-IMP-PRN-SPE (VBI Shune)
															(NP-OB1 (ADJ lustliche) (CODE <P_81>) (N wil))
															(, .)
															(PP (P for)
															    (CP-ADV-SPE (C +tat)
																	(IP-SUB-SPE (IP-SUB-SPE (NP-SBJ (PRO it))
																				(VBP dere+d)
																				(ADVP (ADV swi+de)))
																		    (CONJP (CONJ and)
																			   (IP-SUB-SPE (NP-SBJ *con*)
																				       (BEP be+d)
																				       (VAN afterboht)
																				       (PP (P mid)
																					   (NP (ADJ bitere) (N sor))))))))))))))))))))))
	  (, .)
	  (CONJ and)
	  (ADVP (ADV +tus))
	  (VBP ouercume+d)
	  (NP-OB1 (Q alle) (PRO$ hise) (NS fon))
	  (. ;))
  (ID CMTRINIT,81.1080))

/~*
and eft hit forleten. alse dide iudas scariot. and o+dre inoge. alse +te holie
godspel sei+d +tus que+dinde. Ex hoc multi abierunt retro. et iam cum illo non
ambulant.
(CMTRINIT,85.1133)
*~/
/*
71 VAG:  71 VAG, 72 que+dinde, 47 PP-PRN
*/

( (IP-MAT (CONJ and)
	  (NP-SBJ *con*)
	  (ADVP-TMP (ADV eft))
	  (NP-OB1 (PRO hit))
	  (VBP forleten)
	  (, .)
	  (PP (P alse)
	      (CP-ADV (WADVP-1 0)
		      (C 0)
		      (IP-SUB (ADVP *T*-1)
			      (DOD dide)
			      (NP-SBJ (NP (NPR iudas) (NPR scariot))
				      (, .)
				      (CONJP (CONJ and)
					     (NP (OTHERS o+dre) (ADJR inoge))))
			      (, .)
			      (PP-PRN (P alse)
				      (CP-ADV (WNP-2 0)
					      (C 0)
					      (IP-SUB (NP-OB1 *T*-2)
						      (NP-SBJ (D +te) (ADJ holie) (NPR godspel))
						      (VBP sei+d)
						      (IP-PPL (ADVP (ADV +tus))
							      (VAG que+dinde)
							      (, .)
							      (QTP (LATIN (FW Ex) (FW hoc) (FW multi) (FW abierunt) (FW retro) (, .) (FW et) (FW iam) (FW cum) (FW illo) (FW non) (FW ambulant))))))))))
	  (. .))
  (ID CMTRINIT,85.1133))

/~*
+De +tridde is +tat he stod among hise diciples. and bed hem fri+d alse seint
lucas sei+d on his godspelle +tus quedinde. $Stetit ihesus et cetera.
(CMTRINIT,101.1355)
*~/
/*
73 VAG:  73 VAG, 74 quedinde, 43 PP-PRN
*/

( (IP-MAT (NP-SBJ (D +De) (ADJ +tridde))
	  (BEP is)
	  (CP-THT (C +tat)
		  (IP-SUB (IP-SUB (NP-SBJ (PRO he))
				  (VBD stod)
				  (PP (P among)
				      (NP (PRO$ hise) (NS diciples))))
			  (, .)
			  (CONJP (CONJ and)
				 (IP-SUB (NP-SBJ *con*)
					 (VBD bed)
					 (NP-OB2 (PRO hem))
					 (NP-OB1 (N fri+d))
					 (PP-PRN (P alse)
						 (CP-ADV (WNP-1 0)
							 (C 0)
							 (IP-SUB (NP-OB1 *T*-1)
								 (NP-SBJ (NPR seint) (NPR lucas))
								 (VBP sei+d)
								 (PP (P on)
								     (NP (PRO$ his) (NPR godspelle)))
								 (IP-PPL (ADVP (ADV +tus))
									 (VAG quedinde)
									 (, .)
									 (QTP (LATIN (FW $Stetit) (FW ihesus) (FW et) (FW cetera)))))))))))
	  (. .))
  (ID CMTRINIT,101.1355))

/~*
Eft-sone ure helende aros alse sunne. +to +te ure lafdi Seinte Marie hin
kennede of hire clene mei+dhode. alse +te holi minster boc sei+d. to +te
heuenliche quen +tus que+dinde. Ex te ortus est sol iusticie christus dominus
noster.
(CMTRINIT,109.1476)
*~/
/*
92 VAG:  92 VAG, 93 que+dinde, 54 PP-PRN
*/

( (IP-MAT (ADVP (ADV Eft-sone))
	  (NP-SBJ (PRO$ ure) (NPR helende))
	  (VBD aros)
	  (PP (P alse)
	      (NP (N sunne)))
	  (, .)
	  (PP (P +to)
	      (CP-ADV (C +te)
		      (IP-SUB (NP-SBJ (PRO$ ure)
				      (NPR lafdi)
				      (NP-PRN (NPR Seinte) (NPR Marie)))
			      (NP-OB1 (PRO hin))
			      (VBD kennede)
			      (PP (P of)
				  (NP (PRO$ hire) (ADJ clene) (N mei+dhode)))
			      (, .)
			      (PP-PRN (P alse)
				      (CP-ADV (WNP-1 0)
					      (C 0)
					      (IP-SUB (NP-OB1 *T*-1)
						      (NP-SBJ (D +te) (ADJ holi) (N minster) (N boc))
						      (VBP sei+d)
						      (, .)
						      (PP (P to)
							  (NP (D +te) (ADJ heuenliche) (N quen)))
						      (IP-PPL (ADVP (ADV +tus))
							      (VAG que+dinde)
							      (, .)
							      (QTP (LATIN (FW Ex) (FW te) (FW ortus) (FW est) (FW sol) (FW iusticie) (FW christus) (FW dominus) (FW noster))))))))))
	  (. .))
  (ID CMTRINIT,109.1476))

/~*
and +tarfore heuede si+den up +tat heued. alse seint ambrosie sei+d +tus
que+dinde. Recursus ad sedem dei.
(CMTRINIT,111.1509)
*~/
/*
45 VAG:  45 VAG, 46 que+dinde, 23 PP-PRN
*/

( (IP-MAT (CONJ and)
	  (NP-SBJ *con*)
	  (PP (ADV+P +tarfore))
	  (VBD heuede)
	  (ADVP-TMP (ADV si+den))
	  (RP up)
	  (NP-OB1 (D +tat) (N heued))
	  (, .)
	  (PP-PRN (P alse)
		  (CP-ADV (WNP-1 0)
			  (C 0)
			  (IP-SUB (NP-OB1 *T*-1)
				  (NP-SBJ (NPR seint) (NPR ambrosie))
				  (VBP sei+d)
				  (IP-PPL (ADVP (ADV +tus))
					  (VAG que+dinde)
					  (, .)
					  (QTP (LATIN (FW Recursus) (FW ad) (FW sedem) (FW dei)))))))
	  (. .))
  (ID CMTRINIT,111.1509))

/~*
+Des fower kinnes teares. +te ich haue here seid. ben +te fower wateres +te we
shulen us one wasshen. alse ure drihten us bad. bi ysayas +te prophete +tus
que+dinde. wasshe+d giu;
(CMTRINIT,151.2028)
*~/
/*
106 VAG:  106 VAG, 107 que+dinde, 68 PP-PRN
*/

( (IP-MAT (NP-SBJ (NP-COM (D +Des) (NUM fower) (CODE <P_151>) (N$ kinnes))
		  (NS teares)
		  (, .)
		  (CP-REL (WNP-1 0)
			  (C +te)
			  (IP-SUB (NP-OB1 *T*-1)
				  (NP-SBJ (PRO ich))
				  (HVP haue)
				  (ADVP-LOC (ADV here))
				  (VBN seid))))
	  (, .)
	  (BEP ben)
	  (NP-OB1 (D +te)
		  (NUM fower)
		  (NS wateres)
		  (CP-REL (WNP-2 0)
			  (C +te)
			  (IP-SUB (NP-SBJ (PRO we))
				  (MD shulen)
				  (NP-OB1 (PRO us))
				  (PP (P one)
				      (NP *T*-2))
				  (VB wasshen)
				  (, .)
				  (PP-PRN (P alse)
					  (CP-ADV (WNP-3 0)
						  (C 0)
						  (IP-SUB (NP-OB1 *T*-3)
							  (NP-SBJ (PRO$ ure) (NPR drihten))
							  (NP-OB2 (PRO us))
							  (VBD bad)
							  (, .)
							  (PP (P bi)
							      (NP (NPR ysayas)
								  (NP-PRN (D +te) (N prophete))))
							  (IP-PPL (ADVP (ADV +tus))
								  (VAG que+dinde)
								  (, .)
								  (IP-IMP-SPE (VBI wasshe+d)
									      (NP-OB1 (PRO giu))))))))))
	  (. ;))
  (ID CMTRINIT,151.2028))
/*
FOOTER
  source file, hits/tokens/total
  C:\Users\Shoo\Dropbox\workspace\CorpusSearch_Auto\data\corporas\PPCME2\temp1492106398658\homilies_and_sermons\cmtrinit.mx1.psd	8/8/3074
*/
/*
HEADER:
source file:  C:\Users\Shoo\Dropbox\workspace\CorpusSearch_Auto\data\corporas\PPCME2\temp1492106398658\homilies_and_sermons\cmwycser.m3.psd
*/
/*
FOOTER
  source file, hits/tokens/total
  C:\Users\Shoo\Dropbox\workspace\CorpusSearch_Auto\data\corporas\PPCME2\temp1492106398658\homilies_and_sermons\cmwycser.m3.psd	0/0/3911
*/
/*
SUMMARY:  
source files, hits/tokens/total
  C:\Users\Shoo\Dropbox\workspace\CorpusSearch_Auto\data\corporas\PPCME2\temp1492106398658\homilies_and_sermons\cmcapser.m4.psd	0/0/91
  C:\Users\Shoo\Dropbox\workspace\CorpusSearch_Auto\data\corporas\PPCME2\temp1492106398658\homilies_and_sermons\cmfitzja.m4.psd	0/0/228
  C:\Users\Shoo\Dropbox\workspace\CorpusSearch_Auto\data\corporas\PPCME2\temp1492106398658\homilies_and_sermons\cmgaytry.m34.psd	0/0/199
  C:\Users\Shoo\Dropbox\workspace\CorpusSearch_Auto\data\corporas\PPCME2\temp1492106398658\homilies_and_sermons\cminnoce.m4.psd	0/0/208
  C:\Users\Shoo\Dropbox\workspace\CorpusSearch_Auto\data\corporas\PPCME2\temp1492106398658\homilies_and_sermons\cmkentho.m1.psd	0/0/298
  C:\Users\Shoo\Dropbox\workspace\CorpusSearch_Auto\data\corporas\PPCME2\temp1492106398658\homilies_and_sermons\cmkentse.m2.psd	0/0/231
  C:\Users\Shoo\Dropbox\workspace\CorpusSearch_Auto\data\corporas\PPCME2\temp1492106398658\homilies_and_sermons\cmlamb1.m1.psd	0/0/526
  C:\Users\Shoo\Dropbox\workspace\CorpusSearch_Auto\data\corporas\PPCME2\temp1492106398658\homilies_and_sermons\cmlambx1.mx1.psd	1/1/1410
  C:\Users\Shoo\Dropbox\workspace\CorpusSearch_Auto\data\corporas\PPCME2\temp1492106398658\homilies_and_sermons\cmmirk.m34.psd	6/5/3708
  C:\Users\Shoo\Dropbox\workspace\CorpusSearch_Auto\data\corporas\PPCME2\temp1492106398658\homilies_and_sermons\cmorm.m1.psd	0/0/2638
  C:\Users\Shoo\Dropbox\workspace\CorpusSearch_Auto\data\corporas\PPCME2\temp1492106398658\homilies_and_sermons\cmroyal.m34.psd	1/1/399
  C:\Users\Shoo\Dropbox\workspace\CorpusSearch_Auto\data\corporas\PPCME2\temp1492106398658\homilies_and_sermons\cmsawles.m1.psd	0/0/276
  C:\Users\Shoo\Dropbox\workspace\CorpusSearch_Auto\data\corporas\PPCME2\temp1492106398658\homilies_and_sermons\cmtrinit.mx1.psd	8/8/3074
  C:\Users\Shoo\Dropbox\workspace\CorpusSearch_Auto\data\corporas\PPCME2\temp1492106398658\homilies_and_sermons\cmwycser.m3.psd	0/0/3911
whole search, hits/tokens/total
		16/15/17197
*/
