/*
PREFACE:  
Copyright 2010 Beth Randall
Date:  Thu Apr 13 18:48:28 BST 2017

command file:     data\searches\queries\YCOE\progressive_forms_added_to_an_appositive_or_parenthetical_constituent.q
output file:      C:\Users\Shoo\Dropbox\workspace\CorpusSearch_Auto\data\output\13-04-2017 18.46.36.333 YCOE\progressive_forms_added_to_an_appositive_or_parenthetical_constituent\history\result.out

node:   *PRN*|AXG*|BAG*|HAG*|VAG*
query:  (AXG*|BAG*|HAG*|VAG* Dominates  !AXG*|BAG*|HAG*|VAG*) 
  AND  (*PRN* Dominates  AXG*|BAG*|HAG*|VAG*) 
*/
/*
HEADER:
source file:  C:\Users\Shoo\Dropbox\workspace\CorpusSearch_Auto\data\corporas\YCOE\temp1492105600559\history\cobede.o2.psd
*/

/~*
for+don he gesii+d from hwylcum wyrtruman seo bismitenis for+d bicwom, +t+at
is, +t+at he w+accende +tohte, +t+at he weotonde ar+afnde.
(cobede,Bede_1:16.86.19.786)
*~/
/*
52 VAG^N:  52 VAG^N, 53 w+accende, 35 IP-MAT-PRN
71 VAG^N:  71 VAG^N, 72 weotonde, 35 IP-MAT-PRN
*/
( (IP-MAT (ADVP (ADV for+don))
	  (NP-NOM (PRO^N he))
	  (VBPI gesii+d)
	  (CP-QUE (WPP-1 (P from)
			 (NP-DAT (WADJ^D hwylcum) (N^D wyrtruman)))
		  (C 0)
		  (IP-SUB (PP *T*-1)
			  (NP-NOM (D^N seo) (N^N bismitenis))
			  (RP for+d)
			  (VBDI bicwom)
			  (, ,)
			  (IP-MAT-PRN (NP-NOM (D^N +t+at))
				      (BEPI is)
				      (, ,)
				      (XP (CP-THT (C +t+at)
						  (IP-SUB (NP-NOM (PRO^N he)
								  (PTP-NOM (VAG^N w+accende)))
							  (VBD +tohte)
							  (, ,)
							  (CP-FRL (WNP-ACC-2 (D^A +t+at))
								  (C 0)
								  (IP-SUB (NP-ACC *T*-2)
									  (NP-NOM (PRO^N he)
										  (PTP-NOM (VAG^N weotonde)))
									  (VBD ar+afnde)))))))))
	  (. .))
  (ID cobede,Bede_1:16.86.19.786))

/~*
Ond +ta hit ar+ared w+as, +t+at he his stefne up ahof & cleopode to him eallum
+t+am weorode & cw+a+d: Uton ealle began usser cneo & gem+anelice biddan +tone
+almihtigan God +tone lifiendan & +tone so+dan, +t+at he us eac from +t+am
oferhygdigan feonde & +t+am re+dan mid his miltsunge $gescylde: for+don he wat
+t+at we rihtlice winna+d for h+alo usse +teode.
(cobede,Bede_3:1.154.28.1484)
*~/
/*
105 VAG^A:  105 VAG^A, 106 lifiendan, 101 NP-ACC-PRN
*/

( (CODE <T06880002100,1.154.28>)
  (FRAG (CONJ Ond)
	(CP-THT (CP-ADV-1 (P +ta)
			  (C 0)
			  (IP-SUB (NP-NOM (PRO^N hit))
				  (VBN ar+ared)
				  (BEDI w+as)))
		(, ,)
		(C +t+at)
		(IP-SUB (IP-SUB (CP-ADV *ICH*-1)
				(NP-NOM (PRO^N he))
				(NP (PRO$ his) (N stefne))
				(RP up)
				(VBDI ahof))
			(CONJP (CONJ &)
			       (IP-SUB-CON (NP-NOM *con*)
					   (VBD cleopode)
					   (PP (P to)
					       (NP-DAT (PRO^D him)
						       (Q^D eallum)
						       (NP-DAT-PRN (D^D +t+am) (N^D weorode))))))
			(CONJP (CONJ &)
			       (IP-SUB-CON (NP-NOM *con*)
					   (VBDI cw+a+d)
					   (, :)
					   (IP-MAT-SPE (IP-MAT-SPE-0 (UTP Uton)
								     (QP-NOM (Q^N ealle))
								     (VB began)
								     (NP-ACC (PRO$^A usser) (N^A cneo)))
						       (CONJP (CONJ &)
							      (IPX-MAT-SPE=0 (ADVP (ADV gem+anelice))
									     (VB biddan)
									     (NP-ACC (D^A +tone)
										     (ADJ^A +almihtigan)
										     (NR^A God)
										     (NP-ACC-PRN (NP-ACC (D^A +tone) (VAG^A lifiendan))
												 (CONJP (CONJ &)
													(NP-ACC (D^A +tone) (ADJ^A so+dan)))))
									     (, ,)
									     (CP-THT-SPE (C +t+at)
											 (IP-SUB-SPE (NP-NOM (PRO^N he))
												     (NP (PRO us))
												     (ADVP (ADV eac))
												     (PP (P from)
													 (NP-DAT (NP-DAT (D^D +t+am) (ADJ^D oferhygdigan) (N^D feonde))
														 (CONJP (CONJ &)
															(NP-DAT (D^D +t+am) (ADJ^D re+dan)))))
												     (PP (P mid)
													 (NP (PRO$ his) (N miltsunge)))
												     (VBPS $gescylde)))
									     (, :)
									     (CP-ADV-SPE (P for+don)
											 (C 0)
											 (IP-SUB-SPE (NP-NOM (PRO^N he))
												     (VBPI wat)
												     (CP-THT-SPE (C +t+at)
														 (IP-SUB-SPE (NP-NOM (PRO^N we))
															     (ADVP (ADV rihtlice))
															     (VBPI winna+d)
															     (PP (P for)
																 (NP (N h+alo)
																     (NP-GEN (PRO$^G usse) (N^G +teode)))))))))))))))
	(. .))
  (ID cobede,Bede_3:1.154.28.1484))

/~*
ond +t+as se+del w+are ece to gelyfenne in heofonum, nales in eor+dlicre
fr+atwednesse, in gewitendre & on u+dgengre:
(cobede,Bede_3:16.224.22.2303)
*~/
/*
50 VAG^D:  50 VAG^D, 51 gewitendre, 45 PP-PRN
*/

( (IP-MAT (CONJ ond)
	  (NP-NOM-1 (NP-GEN (D^G +t+as))
		    (N^N se+del))
	  (BEDS w+are)
	  (IP-INF (IP-SMC (NP-SBJ *-1)
			  (ADJP-PRD (ADJ ece)))
		  (TO to)
		  (VB^D gelyfenne)
		  (PP (PP (P in)
			  (NP-DAT (N^D heofonum)))
		      (, ,)
		      (CONJP (PP (NEG+Q nales)
				 (P in)
				 (NP-DAT (ADJ^D eor+dlicre) (N^D fr+atwednesse))
				 (, ,)
				 (PP-PRN (PP (P in)
					     (NP-DAT (VAG^D gewitendre)))
					 (CONJP (CONJ &)
						(PP (P on)
						    (NP-DAT (ADJ^D u+dgengre)))))))))
	  (. :))
  (ID cobede,Bede_3:16.224.22.2303))

/~*
+t+am Osweo se cyning mid Alhfri+de his sunu w+as getreowende in Cristes
fultum mid medmicle weorode him togegnes cwom.
(cobede,Bede_3:18.236.3.2405)
*~/
/*
29 VAG:  29 VAG, 30 getreowende, 24 IP-MAT-PRN
*/

( (IP-MAT (NP-DAT-LFD (D^D +t+am))
	  (NP-NOM (NR^N Osweo)
		  (NP-NOM-PRN (D^N se) (N^N cyning)))
	  (PP (P mid)
	      (NP-ACC (NR^A Alhfri+de)
		      (NP-ACC-PRN (PRO$ his) (N^A sunu))
		      (IP-MAT-PRN (NP-NOM *pro*)
				  (BEDI w+as)
				  (VAG getreowende)
				  (PP (P in)
				      (NP-ACC (NP-GEN (NR^G Cristes))
					      (N^A fultum))))))
	  (PP (P mid)
	      (NP-DAT (ADJ^I medmicle) (N^D weorode)))
	  (PP (NP-DAT-RSP (PRO^D him))
	      (P togegnes))
	  (VBDI cwom)
	  (. .))
  (ID cobede,Bede_3:18.236.3.2405))

/~*
+T+as is to tacne, +t+atte neowan sum gebr+acseoc man, mid +ty he +turh monige
stowe dwoliende orn & ferde, +ta bicwom he +tider on +afenne, ne weotendum
o+d+do ne gem+andum +t+am heordum +t+are stowe, & +t+ar ealle neaht w+as
restende:
(cobede,Bede_4:3.270.33.2759)
*~/
/*
98 VAG^D:  98 VAG^D, 99 gem+andum, 93 PTPX-DAT-ABS-PRN=0
*/

( (CODE <T06900012300,3.270.33>)
  (IP-MAT (NP-NOM-x *exp*)
	  (NP-GEN-1 (D^G +T+as))
	  (BEPI is)
	  (PP (P to)
	      (NP-DAT (NP-GEN *ICH*-1)
		      (N^D tacne)))
	  (, ,)
	  (CP-THT-x (C +t+atte)
		    (IP-SUB (IP-SUB (ADVP (ADV neowan))
				    (NP-NOM-LFD (Q^N sum) (ADJ^N gebr+acseoc) (N^N man))
				    (, ,)
				    (CP-ADV (P mid)
					    (D^I +ty)
					    (C 0)
					    (IP-SUB (NP-NOM (PRO^N he))
						    (PP (P +turh)
							(NP-ACC (Q^A monige) (N^A stowe)))
						    (PTP-NOM (VAG^N dwoliende))
						    (VBDI (VBDI orn) (CONJ &) (VBD ferde))))
				    (, ,)
				    (ADVP-TMP (ADV^T +ta))
				    (VBDI bicwom)
				    (NP-NOM-RSP (PRO^N he))
				    (ADVP-DIR (ADV^D +tider))
				    (PP (P on)
					(NP-DAT (N^D +afenne)))
				    (, ,)
				    (PTP-DAT-ABS-0 (NEG ne)
						   (VAG^D weotendum)
						   (PTPX-DAT-ABS-PRN=0 (CONJ o+d+do) (NEG ne) (VAG^D gem+andum))
						   (NP-DAT-SBJ (D^D +t+am)
							       (N^D heordum)
							       (NP-GEN (D^G +t+are) (N^G stowe)))))
			    (, ,)
			    (CONJP (CONJ &)
				   (IP-SUB-CON (NP-NOM *con*)
					       (ADVP-LOC (ADV^L +t+ar))
					       (NP-ACC-TMP (Q^A ealle) (N^A neaht))
					       (BEDI w+as)
					       (VAG restende)))))
	  (. :))
  (ID cobede,Bede_4:3.270.33.2759))

/~*
Ond he gebohte noht micelne d+al +t+as londes mynster +t+ar to getimbrenne +at
sumum gesii+de, +te +t+at lond ahte, +d+are ar+adnisse to+atecedre, +t+at heo
eac swylce for hine, se +de him +ta stowe gesealde, a +ta stondendan munecas
+t+ar to Drihtne cleopodon & for hine +tingodon.
(cobede,Bede_4:4.274.8.2785)
*~/
/*
123 VAG^N:  123 VAG^N, 124 stondendan, 120 NP-NOM-PRN-3
*/

( (CODE <T06900013800,4.274.8>)
  (IP-MAT (CONJ Ond)
	  (NP-NOM (PRO^N he))
	  (VBD gebohte)
	  (QP-ADT (NEG+Q noht))
	  (NP-ACC (Q^A micelne)
		  (N^A d+al)
		  (NP-GEN (D^G +t+as) (N^G londes)))
	  (IP-INF-NCO (NP-ACC (N^A mynster))
		      (ADVP-LOC (ADV^L +t+ar))
		      (TO to)
		      (VB^D getimbrenne))
	  (PP (P +at)
	      (NP-DAT (Q^D sumum)
		      (N^D gesii+de)
		      (, ,)
		      (CP-REL (WNP-NOM-1 0)
			      (C +te)
			      (IP-SUB (NP-NOM *T*-1)
				      (NP-ACC (D^A +t+at) (N^A lond))
				      (VBD ahte)))))
	  (, ,)
	  (PTP-DAT-ABS (NP-DAT-SBJ (D^D +d+are) (N^D ar+adnisse))
		       (RP+VBN^D to+atecedre)
		       (, ,)
		       (CP-THT (C +t+at)
			       (IP-SUB (IP-SUB (NP-NOM (PRO^N heo)
						       (NP-NOM-PRN *ICH*-3))
					       (ADVP (ADV eac))
					       (ADVP (ADV swylce))
					       (PP (P for)
						   (NP-ACC (PRO^A hine)
							   (, ,)
							   (CP-REL (WNP-NOM-2 (D^N se))
								   (C +de)
								   (IP-SUB (NP-NOM *T*-2)
									   (NP-DAT (PRO^D him))
									   (NP-ACC (D^A +ta) (N^A stowe))
									   (VBD gesealde)))))
					       (, ,)
					       (ADVP-TMP (ADV^T a))
					       (NP-NOM-PRN-3 (D^N +ta) (VAG^N stondendan) (N^N munecas))
					       (ADVP-LOC (ADV^L +t+ar))
					       (PP (P to)
						   (NP-DAT (NR^D Drihtne)))
					       (VBDI cleopodon))
				       (CONJP (CONJ &)
					      (IP-SUB-CON (NP-NOM *con*)
							  (PP (P for)
							      (NP-ACC (PRO^A hine)))
							  (VBDI +tingodon))))))
	  (. .))
  (ID cobede,Bede_4:4.274.8.2785))

/~*
In noman Drihtnes Godes & ures H+alendes Ihesu Cristi, ricsiendum in ecnesse &
steorendum his cirican +t+am ilcan Drihtne H+alendum Criste, $licade us
efencuman +after +teawe arwyr+dra rehta smeagende bi +t+am ned+tearflecum
intingum Godes cirican.
(cobede,Bede_4:5.276.10.2802)
*~/
/*
44 VAG^D:  44 VAG^D, 45 steorendum, 41 PTPX-DAT-ABS-PRN=0
*/

( (CODE <T06900014800,5.276.10>)
  (IP-MAT-SPE (PP (P In)
		  (NP-DAT (N^D noman)
			  (NP-GEN (NP-GEN (NR^G Drihtnes)
					  (NP-GEN-PRN (NR^G Godes)))
				  (CONJP (CONJ &)
					 (NP-GEN (PRO$^G ures)
						 (N^G H+alendes)
						 (NP-GEN-PRN (NR^G Ihesu) (NR^G Cristi)))))))
	      (, ,)
	      (PTP-DAT-ABS-0 (VAG^D ricsiendum)
			     (PP (P in)
				 (NP (N ecnesse)))
			     (PTPX-DAT-ABS-PRN=0 (CONJ &)
						 (VAG^D steorendum)
						 (NP (PRO$ his) (N cirican)))
			     (NP-DAT-SBJ (D^D +t+am)
					 (ADJ^D ilcan)
					 (NR^D Drihtne)
					 (NP-DAT-PRN (N^D H+alendum))
					 (NP-DAT-PRN (NR^D Criste))))
	      (, ,)
	      (NP-NOM-x *exp*)
	      (VBD $licade)
	      (NP (PRO us))
	      (IP-INF-SPE-x (VB efencuman)
			    (PP (P +after)
				(NP-DAT (N^D +teawe)
					(NP-GEN (ADJ^G arwyr+dra) (N^G rehta)))))
	      (PTP-NOM (VAG^N smeagende)
		       (PP (P bi)
			   (NP-DAT (D^D +t+am)
				   (ADJ^D ned+tearflecum)
				   (N^D intingum)
				   (NP-GEN (NP-GEN (NR^G Godes))
					   (N^G cirican)))))
	      (. .))
  (ID cobede,Bede_4:5.276.10.2802))

/~*
Se neogo+da capitul w+as gem+anelice asmead: +t+atte weaxendum +t+am rime
geleafsumra ma biscopa +atecte w+aron.
(cobede,Bede_4:5.278.28.2827)
*~/
/*
27 VAG^D:  27 VAG^D, 28 weaxendum, 22 CP-THT-PRN-SPE-1
*/

( (CODE <T06900016700,5.278.28>)
  (IP-MAT-SPE (NP-NOM (D^N Se)
		      (ADJ^N neogo+da)
		      (N^N capitul)
		      (CP-THT-PRN-SPE *ICH*-1))
	      (BEDI w+as)
	      (ADVP (ADV gem+anelice))
	      (VBN asmead)
	      (, :)
	      (CP-THT-PRN-SPE-1 (C +t+atte)
				(IP-SUB-SPE (PTP-DAT-ABS (VAG^D weaxendum)
							 (NP-DAT-SBJ (D^D +t+am)
								     (N^D rime)
								     (NP-GEN (ADJ^G geleafsumra))))
					    (NP-NOM (QR ma)
						    (NP-GEN (N^G biscopa)))
					    (VBN^N +atecte)
					    (BEDI w+aron)))
	      (. .))
  (ID cobede,Bede_4:5.278.28.2827))

/~*
Ond we wuldria+d usserne Drihten H+alendne Crist, swa swa +tas wuldredon, noht
to+atecende o+d+te onweg ateonde +t+as +te heo wuldredon.
(cobede,Bede_4:19.312.22.3155)
*~/
/*
57 VAG^N:  57 VAG^N, 58 ateonde, 52 PTPX-NOM-PRN=0
*/

( (CODE <T06900037200,19.312.22>)
  (IP-MAT-SPE (CONJ Ond)
	      (NP-NOM (PRO^N we))
	      (VBPI wuldria+d)
	      (NP-ACC (PRO$^A usserne)
		      (NR^A Drihten)
		      (NP-ACC-PRN (N^A H+alendne))
		      (NP-ACC-PRN (NR^A Crist)))
	      (, ,)
	      (PP (ADV swa)
		  (P swa)
		  (CP-CMP-SPE (WADVP-1 0)
			      (C 0)
			      (IP-SUB-SPE (ADVP *T*-1)
					  (NP-NOM (D^N +tas))
					  (VBDI wuldredon))))
	      (, ,)
	      (PTP-NOM-0 (NP-ACC (NEG+Q^A noht)
				 (NP-GEN *ICH*-3))
			 (RP+VAG^N to+atecende)
			 (PTPX-NOM-PRN=0 (CONJ o+d+te) (RP onweg) (VAG^N ateonde))
			 (NP-GEN-3 (D^G +t+as)
				   (CP-REL-SPE (WNP-2 0)
					       (C +te)
					       (IP-SUB-SPE (NP *T*-2)
							   (NP-NOM (PRO^N heo))
							   (VBDI wuldredon)))))
	      (. .))
  (ID cobede,Bede_4:19.312.22.3155))

/~*
Nis +t+at to geortrywanne, +t+at in usse eldo +t+at beon meahte, +t+atte
for+dgongendre eldo oft geworden getreow spell cy+da+d & secga+d, +turh anes
Drihtnes gife & +t+as ilcan, se +de hine gehatende w+as mid us eac $wunian aa
o+d weorulde ende.
(cobede,Bede_4:21.316.26.3187)
*~/
/*
113 VAG:  113 VAG, 114 gehatende, 20 CP-THT-PRN-1
*/

( (CODE <T06900039600,21.316.26>)
  (IP-MAT (NEG+BEPI Nis)
	  (NP-NOM-2 (D^N +t+at)
		    (CP-THT-PRN *ICH*-1))
	  (IP-INF (NP *-2)
		  (TO to)
		  (VB^D geortrywanne))
	  (, ,)
	  (CP-THT-PRN-1 (C +t+at)
			(IP-SUB (PP (P in)
				    (NP (PRO$ usse) (N eldo)))
				(NP-NOM (D^N +t+at)
					(CP-REL *ICH*-3))
				(BE beon)
				(MDD meahte)
				(, ,)
				(CP-REL-3 (WNP-ACC-7 (D^A +t+atte))
					  (C 0)
					  (IP-SUB (IP-SMC (NP-ACC-SBJ *T*-7)
							  (NP-DAT-TMP (RP+VAG^D for+dgongendre) (N^D eldo))
							  (ADVP-TMP (ADV^T oft))
							  (BEN geworden))
						  (NP-NOM (ADJ^N getreow) (N^N spell))
						  (VBPI (VBPI cy+da+d) (CONJ &) (VBPI secga+d))
						  (, ,)
						  (PP (P +turh)
						      (NP (NP-GEN (NP-GEN (NUM^G anes) (NR^G Drihtnes))
								  (CONJP *ICH*-4))
							  (N gife)
							  (CONJP-4 (CONJ &)
								   (NP-GEN (D^G +t+as)
									   (ADJ^G ilcan)
									   (, ,)
									   (CP-REL (WNP-NOM-5 (D^N se))
										   (C +de)
										   (IP-SUB (NP-NOM *T*-5)
											   (NP-ACC-6 (PRO^A hine))
											   (VAG gehatende)
											   (BEDI w+as)
											   (IP-INF (NP-ACC-SBJ *ICH*-6)
												   (PP (P mid)
												       (NP (PRO us)))
												   (ADVP (ADV eac))
												   (VB $wunian)
												   (ADVP-TMP (ADV^T aa))
												   (PP (P o+d)
												       (NP-DAT (NP-GEN (N^G weorulde))
													       (N^D ende))))))))))))))
	  (. .))
  (ID cobede,Bede_4:21.316.26.3187))

/~*
Ond mid +ty he +da +t+ar on reste eode, & he gefeonde mode sumu +ting mid him
sprecende +atg+adere & gleowiende w+as, +te +t+ar +ar inne w+aron, +ta w+as
ofer midde neaht +t+at he fr+agn, hw+a+der heo +anig husl inne h+afdon.
(cobede,Bede_4:25.346.32.3492)
*~/
/*
67 VAG:  67 VAG, 68 gleowiende, 64 IPX-SUB-PRN=0
*/

( (CODE <T06900058500,25.346.32>)
  (IP-MAT (CONJ Ond)
	  (CP-ADV (P mid)
		  (D^I +ty)
		  (C 0)
		  (IP-SUB (IP-SUB (NP-NOM (PRO^N he))
				  (ADVP-TMP (ADV^T +da))
				  (ADVP-LOC (ADV^L +t+ar))
				  (PP (P on)
				      (NP-ACC (N^A reste)))
				  (VBD eode))
			  (, ,)
			  (CONJP (CONJ &)
				 (IP-SUB-CON-0 (NP-NOM (PRO^N he))
					       (NP-DAT-ADT (VAG^D gefeonde) (N^D mode))
					       (NP-ACC (Q^A sumu) (N^A +ting))
					       (PP (P mid)
						   (NP-DAT (PRO^D him)
							   (CP-REL *ICH*-3)))
					       (VAG sprecende)
					       (ADVP (ADV +atg+adere))
					       (IPX-SUB-PRN=0 (CONJ &) (VAG gleowiende) (BEDI w+as))
					       (, ,)
					       (CP-REL-3 (WNP-NOM-2 0)
							 (C +te)
							 (IP-SUB (NP-NOM *T*-2)
								 (ADVP-LOC-1 (ADV^L +t+ar))
								 (ADVP-TMP (ADV^T +ar))
								 (PP (ADVP-LOC *ICH*-1)
								     (P inne))
								 (BEDI w+aron)))))))
	  (, ,)
	  (NP-NOM *exp*)
	  (ADVP-TMP (ADV^T +ta))
	  (BEDI w+as)
	  (PP (P ofer)
	      (NP-ACC (ADJ^A midde) (N^A neaht)))
	  (CP-CLF (WADVP-TMP-4 0)
		  (C +t+at)
		  (IP-SUB (ADVP-TMP *T*-4)
			  (NP-NOM (PRO^N he))
			  (VBDI fr+agn)
			  (, ,)
			  (CP-QUE (WQ hw+a+der)
				  (C 0)
				  (IP-SUB (NP-NOM (PRO^N heo))
					  (NP-ACC (Q^A +anig) (N^A husl))
					  (ADVP-LOC (ADV^L inne))
					  (HVDI h+afdon)))))
	  (. .))
  (ID cobede,Bede_4:25.346.32.3492))

/~*
+D+at hw+a+dre +a+delice ongetan meahton ealle +ta +t+at cu+don, +t+atte +t+at
gelomp for wean & for yfelnesse +tara eardiendra +t+ar in +t+are byrig, ond
+tara swi+tust +te +d+ar aldormen w+aran.
(cobede,Bede_4:26.348.29.3518)
*~/
/*
68 VAG^G:  68 VAG^G, 69 eardiendra, 38 CP-THT-PRN-4
*/

( (CODE <T06900060100,26.348.29>)
  (IP-MAT (NP-ACC (D^A +D+at)
		  (CP-THT-PRN *ICH*-4))
	  (ADVP (ADV hw+a+dre))
	  (ADVP (ADV +a+delice))
	  (VB ongetan)
	  (MDDI meahton)
	  (NP-NOM (Q^N ealle)
		  (CP-REL (WNP-NOM-1 (D^N +ta))
			  (C 0)
			  (IP-SUB (NP-NOM *T*-1)
				  (NP-ACC (D^A +t+at))
				  (MDDI cu+don))))
	  (, ,)
	  (CP-THT-PRN-4 (C +t+atte)
			(IP-SUB (IP-SUB-0 (NP-NOM (D^N +t+at))
					  (VBDI gelomp)
					  (PP (PP (P for)
						  (NP (N wean)))
					      (CONJP (CONJ &)
						     (PP (P for)
							 (NP (N yfelnesse))))
					      (NP-GEN (D^G +tara)
						      (PTP-GEN (VAG^G eardiendra)
							       (ADVP-LOC (ADV^L +t+ar))
							       (PP (P in)
								   (NP-DAT (D^D +t+are) (N^D byrig)))))))
				(, ,)
				(CONJP (CONJ ond)
				       (IPX-SUB-CON=0 (NP-GEN (D^G +tara)
							      (CP-REL *ICH*-2))
						      (ADVP (ADVS swi+tust))
						      (CP-REL-2 (WNP-NOM-3 0)
								(C +te)
								(IP-SUB (NP-NOM *T*-3)
									(ADVP-LOC (ADV^L +d+ar))
									(NP-NOM-PRD (N^N aldormen))
									(BEDI w+aran)))))))
	  (. .))
  (ID cobede,Bede_4:26.348.29.3518))

/~*
Ac for+don +te +ar monegum gearum be his life & m+agenum we genyhtsumlice
awriton, ge meterfersum ge geradre spr+ace, +dis an nu in ondweardnesse is
genog to gemyngienne, +t+at +da he +d+at ealond secan wolde, +d+at he w+as
+d+am bro+drum cidende & +dus cw+a+d:
(cobede,Bede_4:29.364.31.3656)
*~/
/*
130 VAG:  130 VAG, 131 cidende, 90 CP-THT-PRN-2
*/

( (CODE <T06900069000,29.364.31>)
  (IP-MAT (CONJ Ac)
	  (CP-ADV (P for+don)
		  (C +te)
		  (IP-SUB (ADVP-TMP (ADV^T +ar)
				    (NP-DAT-EXT (Q^D monegum) (N^D gearum)))
			  (PP (P be)
			      (NP-DAT (PRO$ his)
				      (N^D life)
				      (CONJP (CONJ &)
					     (NX-DAT (N^D m+agenum)))))
			  (NP-NOM (PRO^N we))
			  (ADVP (ADV genyhtsumlice))
			  (VBDI awriton)
			  (, ,)
			  (NP-DAT-ADT (CONJ ge)
				      (NP-DAT (N^D meterfersum))
				      (CONJP (CONJ ge)
					     (NP-DAT (ADJ^D geradre) (N^D spr+ace))))))
	  (, ,)
	  (NP-NOM-1 (D^N +dis)
		    (NUM^N an)
		    (CP-THT-PRN *ICH*-2))
	  (ADVP-TMP (ADV^T nu))
	  (PP (P in)
	      (NP (N ondweardnesse)))
	  (BEPI is)
	  (ADJP-NOM-PRD (ADJ^N genog)
			(IP-INF (NP *-1)
				(TO to)
				(VB^D gemyngienne)))
	  (, ,)
	  (CP-THT-PRN-2 (C +t+at)
			(CP-THT (CP-ADV-3 (P +da)
					  (C 0)
					  (IP-SUB (NP-NOM (PRO^N he))
						  (NP-ACC (D^A +d+at) (N^A ealond))
						  (VB secan)
						  (MDD wolde)))
				(, ,)
				(C +d+at)
				(IP-SUB (IP-SUB (CP-ADV *ICH*-3)
						(NP-NOM (PRO^N he))
						(BEDI w+as)
						(NP-DAT (D^D +d+am) (N^D bro+drum))
						(VAG cidende))
					(CONJP (CONJ &)
					       (IP-SUB-CON (NP-NOM *con*)
							   (ADVP (ADV +dus))
							   (VBDI cw+a+d))))))
	  (. :))
  (ID cobede,Bede_4:29.364.31.3656))

/~*
Is +d+at to gelyfenne, +t+atte +t+at w+are mid forestihtunge don +t+are
godcundan arf+astnesse, +t+atte swa hw+at swa he l+as & wonan h+afde
geearnunge from +d+am eadegan Cu+dbrehte, +t+atte +d+at gefylde & gecl+ansode
+t+at sar +d+are longan untrumnesse, +t+at he swa geefenlicad w+are mid +ta
gife his +dingeres: +t+at swa swa he in ane tid & in +da ilcan mid hine of
lichoman gongende w+as, +t+at he +donne ec swylce swa mid hine nalas in
ungelicum selde +t+are ecan eadignesse geearnode onfongen beon.
(cobede,Bede_4:30.372.27.3733)
*~/
/*
203 VAG:  203 VAG, 204 gongende, 20 CP-THT-PRN-1
*/

( (CODE <T06900073600,30.372.27>)
  (IP-MAT (BEPI Is)
	  (NP-NOM-2 (D^N +d+at)
		    (CP-THT-PRN *ICH*-1))
	  (IP-INF (NP *-2)
		  (TO to)
		  (VB^D gelyfenne))
	  (, ,)
	  (CP-THT-PRN-1 (C +t+atte)
			(IP-SUB (NP-NOM (D^N +t+at))
				(BEDS w+are)
				(PP (P mid)
				    (NP (N forestihtunge)
					(NP-GEN *ICH*-3)))
				(VBN don)
				(NP-GEN-3 (D^G +t+are) (ADJ^G godcundan) (N^G arf+astnesse))
				(, ,)
				(CP-ADV (C +t+atte)
					(CP-ADV (CP-FRL-LFD-6 (WNP-ACC-4 (ADV swa)
									 (WPRO^A hw+at)
									 (NP-GEN *ICH*-5))
							      (C swa)
							      (IP-SUB (NP-ACC *T*-4)
								      (NP-NOM (PRO^N he))
								      (NP-ADT (ADJP (QR l+as) (CONJ &) (ADJ wonan)))
								      (HVD h+afde)
								      (NP-GEN-5 (N^G geearnunge))
								      (PP (P from)
									  (NP-DAT (D^D +d+am) (ADJ^D eadegan) (NR^D Cu+dbrehte)))))
						(, ,)
						(C +t+atte)
						(IP-SUB (CP-FRL-LFD *ICH*-6)
							(NP-ACC-RSP (D^A +d+at))
							(VBD (VBD gefylde) (CONJ &) (VBD gecl+ansode))
							(NP-NOM (D^N +t+at)
								(N^N sar)
								(NP-GEN (D^G +d+are) (ADJ^G longan) (N^G untrumnesse)))
							(, ,)
							(CP-ADV (C +t+at)
								(IP-SUB (NP-NOM (PRO^N he))
									(ADVP (ADV swa))
									(VBN geefenlicad)
									(BEDS w+are)
									(PP (P mid)
									    (NP-ACC (D^A +ta)
										    (N^A gife)
										    (NP-GEN (PRO$ his) (N^G +dingeres))))
									(, :)
									(CP-ADV (C +t+at)
										(CP-ADV (PP-7 (ADV swa)
											      (P swa)
											      (CP-CMP (WADVP-8 0)
												      (C 0)
												      (IP-SUB (ADVP *T*-8)
													      (NP-NOM (PRO^N he))
													      (PP (PP (P in)
														      (NP-ACC (NUM^A ane) (N^A tid)))
														  (CONJP (CONJ &)
															 (PP (P in)
															     (NP-ACC (D^A +da) (ADJ^A ilcan)))))
													      (PP (P mid)
														  (NP-ACC (PRO^A hine)))
													      (PP (P of)
														  (NP (N lichoman)))
													      (VAG gongende)
													      (BEDI w+as))))
											(, ,)
											(C +t+at)
											(IP-SUB (PP *ICH*-7)
												(NP-NOM (PRO^N he))
												(ADVP-TMP (ADV^T +donne))
												(ADVP (ADV ec))
												(ADVP (ADV swylce))
												(ADVP (ADV swa))
												(PP-10 (P mid)
												       (NP-ACC (PRO^A hine)))
												(PP-9 (NEG+Q nalas)
												      (P in)
												      (NP-DAT (ADJ^D ungelicum)
													      (N^D selde)
													      (NP-GEN (D^G +t+are) (ADJ^G ecan) (N^G eadignesse))))
												(VBD geearnode)
												(IP-INF (PP *ICH*-10)
													(PP *ICH*-9)
													(RP+VBN onfongen)
													(BE beon))))))))))))
	  (. .))
  (ID cobede,Bede_4:30.372.27.3733))

/~*
& he hwe+dre, an his geferana, w+as Wihtbriht haten, se w+as middangeard
forhycgende, & he w+as on wiisdome codcundre lare m+are, & monig gear he in
Hibernia ell+teodig ancorliif dede in micelre fullfremednesse +da astag he in
scip,
(cobede,Bede_5:9.412.16.4146)
*~/
/*
52 VAG:  52 VAG, 53 forhycgende, 16 NP-NOM-PRN-1
*/

( (CODE <T06910018300,9.412.16>)
  (IP-MAT (CONJ &)
	  (NP-NOM (PRO^N he)
		  (NP-NOM-PRN *ICH*-1))
	  (ADVP (ADV hwe+dre))
	  (, ,)
	  (NP-NOM-PRN-1 (NUM^N an)
			(NP-GEN (PRO$ his) (N^G geferana))
			(, ,)
			(IP-MAT-PRN (NP-NOM *pro*)
				    (BEDI w+as)
				    (NP-NOM-PRD (NR^N Wihtbriht))
				    (VBN haten))
			(, ,)
			(CP-REL (WNP-NOM-2 (D^N se))
				(C 0)
				(IP-SUB (NP-NOM *T*-2)
					(BEDI w+as)
					(NP-ACC (N^A middangeard))
					(VAG forhycgende)))
			(, ,)
			(IP-MAT-PRN (IP-MAT (CONJ &)
					    (NP-NOM (PRO^N he))
					    (BEDI w+as)
					    (PP (P on)
						(NP-DAT (N^D wiisdome)
							(NP-GEN (ADJ^G codcundre) (N^G lare))))
					    (ADJP-NOM-PRD (ADJ^N m+are)))
				    (, ,)
				    (CONJP (CONJ &)
					   (IP-MAT (NP-ACC-TMP (Q^A monig) (N^A gear))
						   (NP-NOM (PRO^N he))
						   (PP (P in)
						       (NP (NR Hibernia)))
						   (ADJP-NOM (ADJ^N ell+teodig))
						   (NP-ACC (N^A ancorliif))
						   (VBD dede)
						   (PP (P in)
						       (NP-DAT (Q^D micelre) (N^D fullfremednesse)))))))
	  (ADVP-TMP (ADV^T +da))
	  (VBDI astag)
	  (NP-NOM-RSP (PRO^N he))
	  (PP (P in)
	      (NP-ACC (N^A scip)))
	  (. ,))
  (ID cobede,Bede_5:9.412.16.4146))

/~*
Mid +dy +t+at gewrit +da w+as r+aded beforan +tam cyninge & monigum gel+aredum
werum & him geornlice w+as reht on his agen gereorde fram +tam, +de hit
ongitan mihton, is +t+at s+ad, +t+at he w+are be his trymnesse & lare swy+de
gefeonde & w+are arisende of his setle of middum his ealdormannum & his witum;
& his cneow bigde on eor+dan & Gode +tancunge dyde, +t+at he geearnode swylce
gife onfon of Angol+teode. & +tus cw+a+d:
(cobede,Bede_5:19.470.3.4727)
*~/
/*
133 VAG:  133 VAG, 134 gefeonde, 106 CP-THT-PRN-2
143 VAG:  143 VAG, 144 arisende, 106 CP-THT-PRN-2
*/

( (CODE <T06910052100,19.470.3>)
  (IP-MAT (CP-ADV (P Mid)
		  (D^I +dy)
		  (C 0)
		  (IP-SUB (IP-SUB (NP-NOM (D^N +t+at) (N^N gewrit))
				  (ADVP-TMP (ADV^T +da))
				  (BEDI w+as)
				  (VBN r+aded)
				  (PP (P beforan)
				      (NP-DAT (NP-DAT (D^D +tam) (N^D cyninge))
					      (CONJP (CONJ &)
						     (NP-DAT (Q^D monigum) (VBN^D gel+aredum) (N^D werum))))))
			  (CONJP (CONJ &)
				 (IP-SUB-CON (NP-NOM *con*)
					     (NP-DAT (PRO^D him))
					     (ADVP (ADV geornlice))
					     (BEDI w+as)
					     (VBN reht)
					     (PP (P on)
						 (NP-ACC (PRO$ his) (ADJ^A agen) (N^A gereorde)))
					     (PP (P fram)
						 (NP-DAT (D^D +tam)
							 (, ,)
							 (CP-REL (WNP-NOM-1 0)
								 (C +de)
								 (IP-SUB (NP-NOM *T*-1)
									 (NP-ACC (PRO^A hit))
									 (VB ongitan)
									 (MDDI mihton)))))))))
	  (, ,)
	  (BEPI is)
	  (NP-NOM (D^N +t+at)
		  (CP-THT-PRN *ICH*-2))
	  (VBN s+ad)
	  (, ,)
	  (CP-THT-PRN-2 (C +t+at)
			(IP-SUB (IP-SUB (NP-NOM (PRO^N he))
					(BEDS w+are)
					(PP (P be)
					    (NP (PRO$ his)
						(N trymnesse)
						(CONJP (CONJ &)
						       (NX (N lare)))))
					(ADVP (ADV swy+de))
					(VAG gefeonde))
				(CONJP (CONJ &)
				       (IP-SUB-CON (NP-NOM *con*)
						   (BEDS w+are)
						   (VAG arisende)
						   (PP (P of)
						       (NP-DAT (PRO$ his) (N^D setle)))
						   (PP (P of)
						       (NP-DAT (ADJ^D middum)
							       (PRO$ his)
							       (N^D ealdormannum)
							       (CONJP (CONJ &)
								      (NX-DAT (PRO$ his) (N^D witum)))))))
				(, ;)
				(CONJP (CONJ &)
				       (IP-SUB-CON (NP-NOM *con*)
						   (NP-ACC (PRO$ his) (N^A cneow))
						   (VBD bigde)
						   (PP (P on)
						       (NP (N eor+dan)))))
				(CONJP (CONJ &)
				       (IP-SUB-CON (NP-NOM *con*)
						   (NP-DAT (NR^D Gode))
						   (NP (N +tancunge)
						       (CP-THT *ICH*-3))
						   (VBD dyde)
						   (, ,)
						   (CP-THT-3 (C +t+at)
							     (IP-SUB (NP-NOM (PRO^N he))
								     (VBD geearnode)
								     (IP-INF (NP-ACC (ADJ^A swylce) (N^A gife))
									     (RP+VB onfon)
									     (PP (P of)
										 (NP (NR Angol+teode))))))))
				(, .)
				(CODE <T06910052200,19.470.9>)
				(CONJP (CONJ &)
				       (IP-SUB-CON (NP-NOM *con*)
						   (ADVP (ADV +tus))
						   (VBDI cw+a+d)))))
	  (. :))
  (ID cobede,Bede_5:19.470.3.4727))
/*
FOOTER
  source file, hits/tokens/total
  C:\Users\Shoo\Dropbox\workspace\CorpusSearch_Auto\data\corporas\YCOE\temp1492105600559\history\cobede.o2.psd	18/16/4923
*/
/*
HEADER:
source file:  C:\Users\Shoo\Dropbox\workspace\CorpusSearch_Auto\data\corporas\YCOE\temp1492105600559\history\cochronA.o23.psd
*/

/~*
& +t+as on Eastron worhte +Alfred cyning lytle werede geweorc +at +A+telinga
eigge, & of +tam geweorce was winnende wi+t +tone here, & Sumurs+atna se d+al,
se +t+ar niehst w+as;
(cochronA-1,ChronA_[Plummer]:878.9.883)
*~/
/*
59 VAG:  59 VAG, 60 winnende, 46 IPX-MAT-PRN=0
*/

( (CODE <T22010037800,878.9>)
  (IP-MAT-0 (CONJ &)
	    (PP (NP-GEN-1 (D^G +t+as))
		(P on)
		(NP (NP-GEN *ICH*-1)
		    (NR Eastron)))
	    (VBD worhte)
	    (NP-NOM (NP-NOM (NR^N +Alfred) (N^N cyning))
		    (CONJP *ICH*-2))
	    (NP-DAT-ADT (Q^I lytle) (N^D werede))
	    (NP-ACC (N^A geweorc))
	    (PP (P +at)
		(NP-DAT (NP-GEN (NR +A+telinga))
			(N^D eigge)))
	    (. ,)
	    (IPX-MAT-PRN=0 (CONJ &)
			   (PP (P of)
			       (NP-DAT (D^D +tam) (N^D geweorce)))
			   (BEDI was)
			   (VAG winnende)
			   (PP (P wi+t)
			       (NP-ACC (D^A +tone) (N^A here))))
	    (, ,)
	    (CONJP-2 (CONJ &)
		     (NP-NOM (NP-GEN (NR^G Sumurs+atna))
			     (D^N se)
			     (N^N d+al)
			     (, ,)
			     (CP-REL (WNP-NOM-1 (D^N se))
				     (C 0)
				     (IP-SUB (NP-NOM *T*-1)
					     (ADVP-LOC (ADVP-LOC (ADV^L +t+ar))
						       (ADVS^L niehst))
					     (BEDI w+as)))))
	    (. ;))
  (ID cochronA-1,ChronA_[Plummer]:878.9.883))
/*
FOOTER
  source file, hits/tokens/total
  C:\Users\Shoo\Dropbox\workspace\CorpusSearch_Auto\data\corporas\YCOE\temp1492105600559\history\cochronA.o23.psd	1/1/1480
*/
/*
HEADER:
source file:  C:\Users\Shoo\Dropbox\workspace\CorpusSearch_Auto\data\corporas\YCOE\temp1492105600559\history\cochronC.psd
*/

/~*
Ond +t+as on Eastron worhte +Alfred cing lytle werede geweorc +at
+A+telingaigge, and of +dam geweorce w+as winnende wi+d +tone here, and
Sumurs+atena se d+al se +d+arnehst w+as.
(cochronC,ChronC_[Rositzke]:879.10.739)
*~/
/*
56 VAG:  56 VAG, 57 winnende, 43 IPX-MAT-PRN=0
*/

( (CODE <T22040032500,879.10>)
  (IP-MAT-0 (CONJ Ond)
	    (PP (NP-GEN-1 (D^G +t+as))
		(P on)
		(NP (NP-GEN *ICH*-1)
		    (NR Eastron)))
	    (VBD worhte)
	    (NP-NOM (NP-NOM (NR^N +Alfred) (N^N cing))
		    (CONJP *ICH*-3))
	    (NP-DAT-ADT (Q^I lytle) (N^D werede))
	    (NP-ACC (N^A geweorc))
	    (PP (P +at)
		(NP (NR +A+telingaigge)))
	    (, ,)
	    (IPX-MAT-PRN=0 (CONJ and)
			   (PP (P of)
			       (NP-DAT (D^D +dam) (N^D geweorce)))
			   (BEDI w+as)
			   (VAG winnende)
			   (PP (P wi+d)
			       (NP-ACC (D^A +tone) (N^A here))))
	    (, ,)
	    (CONJP-3 (CONJ and)
		     (NP-NOM (NP-GEN (NR^G Sumurs+atena))
			     (D^N se)
			     (N^N d+al)
			     (CP-REL (WNP-NOM-2 (D^N se))
				     (C 0)
				     (IP-SUB (NP-NOM *T*-2)
					     (ADVP-LOC (ADV +d+arnehst))
					     (BEDI w+as)))))
	    (. .))
  (ID cochronC,ChronC_[Rositzke]:879.10.739))
/*
FOOTER
  source file, hits/tokens/total
  C:\Users\Shoo\Dropbox\workspace\CorpusSearch_Auto\data\corporas\YCOE\temp1492105600559\history\cochronC.psd	1/1/2153
*/
/*
HEADER:
source file:  C:\Users\Shoo\Dropbox\workspace\CorpusSearch_Auto\data\corporas\YCOE\temp1492105600559\history\cochronD.psd
*/

/~*
And +t+as on Eastron worhte +Alfred cyning lytle w+arede geweorc +at
+A+telingaige, and of +tam geweorce w+as $winnende wi+d +tone here, and
Sumers+atena se d+al +te +t+arnehst w+as.
(cochronD,ChronD_[Classen-Harm]:878.10.662)
*~/
/*
58 VAG:  58 VAG, 59 $winnende, 43 IPX-MAT-PRN=0
*/

( (CODE <T22050029700,878.10>)
  (IP-MAT-0 (CONJ And)
	    (PP (NP-GEN-1 (D^G +t+as))
		(P on)
		(NP (NP-GEN *ICH*-1)
		    (NR Eastron)))
	    (VBD worhte)
	    (NP-NOM (NP-NOM (NR^N +Alfred) (N^N cyning))
		    (CONJP *ICH*-2))
	    (NP-DAT-ADT (Q^I lytle) (N^D w+arede))
	    (NP-ACC (N^A geweorc))
	    (PP (P +at)
		(NP (NR +A+telingaige)))
	    (, ,)
	    (IPX-MAT-PRN=0 (CONJ and)
			   (NP-NOM *con*)
			   (PP (P of)
			       (NP-DAT (D^D +tam) (N^D geweorce)))
			   (BEDI w+as)
			   (VAG $winnende)
			   (PP (P wi+d)
			       (NP-ACC (D^A +tone) (N^A here))))
	    (, ,)
	    (CONJP-2 (CONJ and)
		     (NP-NOM (NP-GEN (NR^G Sumers+atena))
			     (D^N se)
			     (N^N d+al)
			     (CP-REL (WNP-NOM-1 0)
				     (C +te)
				     (IP-SUB (NP-NOM *T*-1)
					     (ADVP-LOC (ADV^L +t+arnehst))
					     (BEDI w+as)))))
	    (. .))
  (ID cochronD,ChronD_[Classen-Harm]:878.10.662))

/~*
Ane misd+ade he dyde +teah to swy+de, +t+at he el+deodige unsida lufode, and
he+tene +teawas innan +tysan lande gebrohte to f+aste, and utl+andisce hider
in tihte, and deriende leoda bespeon to +tysan earde.
(cochronD,ChronD_[Classen-Harm]:959.23.1129)
*~/
/*
96 VAG^A:  96 VAG^A, 97 deriende, 26 CP-THT-PRN-1
*/

( (CODE <T22050049800,959.23>)
  (IP-MAT (NP-ACC (NUM^A Ane)
		  (N^A misd+ade)
		  (CP-THT-PRN *ICH*-1))
	  (NP-NOM (PRO^N he))
	  (VBD dyde)
	  (ADVP (ADV +teah))
	  (ADVP (ADV to) (ADV swy+de))
	  (, ,)
	  (CP-THT-PRN-1 (C +t+at)
			(IP-SUB (IP-SUB (NP-NOM (PRO^N he))
					(NP-ACC (ADJ^A el+deodige) (N^A unsida))
					(VBD lufode))
				(, ,)
				(CONJP (CONJ and)
				       (IP-SUB-CON (NP-NOM *con*)
						   (NP-ACC (ADJ^A he+tene) (N^A +teawas))
						   (PP (P innan)
						       (NP-DAT (D^D +tysan) (N^D lande)))
						   (VBD gebrohte)
						   (ADVP (ADV to) (ADV f+aste))))
				(, ,)
				(CONJP (CONJ and)
				       (IP-SUB-CON (NP-NOM *con*)
						   (NP-ACC (ADJ^A utl+andisce))
						   (ADVP-DIR (ADV^D hider))
						   (RP in)
						   (VBD tihte)))
				(, ,)
				(CONJP (CONJ and)
				       (IP-SUB-CON (NP-NOM *con*)
						   (NP-ACC (VAG^A deriende) (N^A leoda))
						   (VBDI bespeon)
						   (PP (P to)
						       (NP-DAT (D^D +tysan) (N^D earde)))))))
	  (. .))
  (ID cochronD,ChronD_[Classen-Harm]:959.23.1129))
/*
FOOTER
  source file, hits/tokens/total
  C:\Users\Shoo\Dropbox\workspace\CorpusSearch_Auto\data\corporas\YCOE\temp1492105600559\history\cochronD.psd	2/2/2522
*/
/*
HEADER:
source file:  C:\Users\Shoo\Dropbox\workspace\CorpusSearch_Auto\data\corporas\YCOE\temp1492105600559\history\cochronE.o34.psd
*/

/~*
Nu wille ic hit segge mid worde +t+at hwa swa halt +tis write & +tis bode. +ta
wur+de he efre wuniende mid God +almihti on heuenrice. & hwa swa hit tobrece+d.
+ta wur+de he amansumed & ani+drod mid Iudas & mid ealle deofle on helle buton
he cume to dedbote.
(cochronE-INTERPOLATION,ChronE_[Plummer]:675.44.546)
*~/
/*
68 VAG:  68 VAG, 69 wuniende, 25 CP-THT-PRN-1
*/

( (CODE <T22060029600,675.44>)
  (IP-MAT (ADVP-TMP (ADV^T Nu))
	  (MDP wille)
	  (NP-NOM (PRO^N ic))
	  (NP-ACC (PRO^A hit)
		  (CP-THT-PRN *ICH*-1))
	  (VB segge)
	  (PP (P mid)
	      (NP-DAT (N^D worde)))
	  (CP-THT-PRN-1 (C +t+at)
			(IP-SUB (IP-SUB (CP-FRL-LFD (WNP-NOM-2 (WPRO^N hwa))
						    (C swa)
						    (IP-SUB (NP-NOM *T*-2)
							    (VBPI halt)
							    (NP-ACC (NP-ACC (D^A +tis) (N^A write))
								    (CONJP (CONJ &)
									   (NP-ACC (D^A +tis) (N^A bode))))))
					(, .)
					(ADVP-TMP (ADV^T +ta))
					(BEPS wur+de)
					(NP-NOM-RSP (PRO^N he))
					(ADVP-TMP (ADV^T efre))
					(VAG wuniende)
					(PP (P mid)
					    (NP-ACC (NR^A God) (ADJ^A +almihti)))
					(PP (P on)
					    (NP (N heuenrice))))
				(, .)
				(CONJP (CONJ &)
				       (IP-SUB-CON (CP-FRL-LFD (WNP-NOM-3 (WPRO^N hwa))
							       (C swa)
							       (IP-SUB (NP-NOM *T*-3)
								       (NP-ACC (PRO^A hit))
								       (RP+VBPI tobrece+d)))
						   (, .)
						   (ADVP-TMP (ADV^T +ta))
						   (BEPS wur+de)
						   (NP-NOM-RSP (PRO^N he))
						   (VBN (VBN amansumed) (CONJ &) (VBN ani+drod))
						   (PP (PP (P mid)
							   (NP-ACC (NR^A Iudas)))
						       (CONJP (CONJ &)
							      (PP (P mid)
								  (NP-ACC (Q^A ealle) (N^A deofle)))))
						   (PP (P on)
						       (NP (N helle)))
						   (CP-ADV (P buton)
							   (C 0)
							   (IP-SUB (NP-NOM (PRO^N he))
								   (VBPS cume)
								   (PP (P to)
								       (NP (N dedbote)))))))))
	  (. .))
  (ID cochronE-INTERPOLATION,ChronE_[Plummer]:675.44.546))

/~*
& +t+as on Eastron wrohte +Alfred cyning lytle werede geweorc +at +A+delinga
ige. & of +tam geweorce w+as winnende wi+d +tone here. & Sumers+atena se del
+te +t+ar nehst w+as.
(cochronE,ChronE_[Plummer]:878.9.1213)
*~/
/*
59 VAG:  59 VAG, 60 winnende, 46 IPX-MAT-PRN=0
*/

( (CODE <T22060058200,878.9>)
  (IP-MAT-0 (CONJ &)
	    (PP (NP-GEN-1 (D^G +t+as))
		(P on)
		(NP (NP-GEN *ICH*-1)
		    (NR Eastron)))
	    (VBD wrohte)
	    (NP-NOM (NP-NOM (NR^N +Alfred) (N^N cyning))
		    (CONJP *ICH*-2))
	    (NP-DAT-ADT (Q^I lytle) (N^D werede))
	    (NP-ACC (N^A geweorc))
	    (PP (P +at)
		(NP (NP-GEN (NR^G +A+delinga))
		    (N ige)))
	    (. .)
	    (IPX-MAT-PRN=0 (CONJ &)
			   (PP (P of)
			       (NP-DAT (D^D +tam) (N^D geweorce)))
			   (BEDI w+as)
			   (VAG winnende)
			   (PP (P wi+d)
			       (NP-ACC (D^A +tone) (N^A here))))
	    (, .)
	    (CONJP-2 (CONJ &)
		     (NP-NOM (NP-GEN (NR^G Sumers+atena))
			     (D^N se)
			     (N^N del)
			     (CP-REL (WNP-NOM-1 0)
				     (C +te)
				     (IP-SUB (NP-NOM *T*-1)
					     (ADVP-LOC (ADVP-LOC (ADV^L +t+ar))
						       (ADVS^L nehst))
					     (BEDI w+as)))))
	    (. .))
  (ID cochronE,ChronE_[Plummer]:878.9.1213))

/~*
Ane misd+ada he dyde +teah to swi+de, +t+at he +al+teodige unsida lufode &
h+a+dene +teawas innan +tysan lande gebrohte to f+aste, & utl+andisce hider in
tihte, & deoriende leoda bespeon to +tysan earde.
(cochronE,ChronE_[Plummer]:959.23.1386)
*~/
/*
94 VAG^A:  94 VAG^A, 95 deoriende, 26 CP-THT-PRN-1
*/

( (CODE <T22060065600,959.23>)
  (IP-MAT (NP-ACC (NUM^A Ane)
		  (N^A misd+ada)
		  (CP-THT-PRN *ICH*-1))
	  (NP-NOM (PRO^N he))
	  (VBD dyde)
	  (ADVP (ADV +teah))
	  (ADVP (ADV to) (ADV swi+de))
	  (, ,)
	  (CP-THT-PRN-1 (C +t+at)
			(IP-SUB (IP-SUB (NP-NOM (PRO^N he))
					(NP-ACC (ADJ^A +al+teodige) (N^A unsida))
					(VBD lufode))
				(CONJP (CONJ &)
				       (IP-SUB-CON (NP-NOM *con*)
						   (NP-ACC (ADJ^A h+a+dene) (N^A +teawas))
						   (PP (P innan)
						       (NP-DAT (D^D +tysan) (N^D lande)))
						   (VBD gebrohte)
						   (ADVP (ADV to) (ADV f+aste))))
				(, ,)
				(CONJP (CONJ &)
				       (IP-SUB-CON (NP-NOM *con*)
						   (NP-ACC (ADJ^A utl+andisce))
						   (ADVP-DIR (ADV^D hider))
						   (RP in)
						   (VBD tihte)))
				(, ,)
				(CONJP (CONJ &)
				       (IP-SUB-CON (NP-NOM *con*)
						   (NP-ACC (VAG^A deoriende) (N^A leoda))
						   (VBDI bespeon)
						   (PP (P to)
						       (NP-DAT (D^D +tysan) (N^D earde)))))))
	  (. .))
  (ID cochronE,ChronE_[Plummer]:959.23.1386))
/*
FOOTER
  source file, hits/tokens/total
  C:\Users\Shoo\Dropbox\workspace\CorpusSearch_Auto\data\corporas\YCOE\temp1492105600559\history\cochronE.o34.psd	3/3/3644
*/
/*
HEADER:
source file:  C:\Users\Shoo\Dropbox\workspace\CorpusSearch_Auto\data\corporas\YCOE\temp1492105600559\history\coorosiu.o2.psd
*/

/~*
& on +d+at folc winnende w+aron, & +ta w+apnedmen sleande, o+d hie +t+as
londes h+afdon micel on hiora onwalde.
(coorosiu,Or_1:10.29.26.576)
*~/
/*
28 VAG:  28 VAG, 29 sleande, 20 IPX-MAT-PRN=0
*/

( (IP-MAT-0 (CONJ &)
	    (NP-NOM *con*)
	    (PP (P on)
		(NP-ACC (D^A +d+at) (N^A folc)))
	    (VAG winnende)
	    (BEDI w+aron)
	    (, ,)
	    (IPX-MAT-PRN=0 (CONJ &)
			   (NP-ACC (D^A +ta) (N^A w+apnedmen))
			   (VAG sleande))
	    (, ,)
	    (CP-ADV (P o+d)
		    (C 0)
		    (IP-SUB (NP-NOM (PRO^N hie))
			    (NP-GEN-1 (D^G +t+as) (N^G londes))
			    (HVDI h+afdon)
			    (NP-ACC (NP-GEN *ICH*-1)
				    (Q^A micel))
			    (PP (P on)
				(NP-DAT (PRO$ hiora) (N^D onwalde)))))
	    (. .))
  (ID coorosiu,Or_1:10.29.26.576))

/~*
+T+at m+ag mon eac on bocum sceawigean, hu monega gewin & hu monega gefeoht he
+d+ar dreogende w+as.
(coorosiu,Or_1:11.32.10.621)
*~/
/*
59 VAG:  59 VAG, 60 dreogende, 27 CP-QUE-PRN-1
*/

( (CODE <T06590033500,11.32.10>)
  (IP-MAT (NP-ACC (D^A +T+at)
		  (CP-QUE-PRN *ICH*-1))
	  (MDPI m+ag)
	  (NP-NOM (MAN^N mon))
	  (ADVP (ADV eac))
	  (PP (P on)
	      (NP-DAT (N^D bocum)))
	  (VB sceawigean)
	  (, ,)
	  (CP-QUE-PRN-1 (WNP-ACC-2 (WNP-ACC (WQP-ACC (WADV hu) (Q^A monega))
					    (N^A gewin))
				   (CONJP (CONJ &)
					  (WNP-ACC (QP-ACC (WADV hu) (Q^A monega))
						   (N^A gefeoht))))
			(C 0)
			(IP-SUB (NP-ACC *T*-2)
				(NP-NOM (PRO^N he))
				(ADVP-LOC (ADV^L +d+ar))
				(VAG dreogende)
				(BEDI w+as)))
	  (. .))
  (ID coorosiu,Or_1:11.32.10.621))

/~*
& geworhte anes fearres anlicnesse of are, to +don, +tonne hit hat w+are, &
mon +ta earman men oninnan don wolde, hu se hlynn m+ast w+are, +tonne hie
+t+at susl +t+aron +trowiende w+aron; & eac +t+at se +a+teling +ag+der h+afde,
ge his plegan ge his gewill, +tonne he +tara manna tintrego oferhierde.
(coorosiu,Or_1:12.34.5.663)
*~/
/*
113 VAG:  113 VAG, 114 +trowiende, 32 CP-QUE-PRN
*/

( (IP-MAT (CONJ &)
	  (NP-NOM *con*)
	  (VBD geworhte)
	  (NP (NP-GEN (NUM^G anes) (N^G fearres))
	      (N anlicnesse))
	  (PP (P of)
	      (NP-DAT (N^D are)))
	  (, ,)
	  (PP (P to)
	      (NP-DAT (D^I +don)
		      (, ,)
		      (CP-QUE-PRN (CP-QUE (CP-ADV-2 (P +tonne)
						    (C 0)
						    (IP-SUB (IP-SUB (NP-NOM (PRO^N hit))
								    (ADJP-NOM-PRD (ADJ^N hat))
								    (BEDS w+are))
							    (, ,)
							    (CONJP (CONJ &)
								   (IP-SUB-CON (NP-NOM (MAN^N mon))
									       (NP-ACC (D^A +ta) (ADJ^A earman) (N^A men))
									       (ADVP-LOC (ADV^L oninnan))
									       (VB don)
									       (MDD wolde)))))
					  (, ,)
					  (WADVP-1 (WADV hu))
					  (C 0)
					  (IP-SUB (ADVP *T*-1)
						  (CP-ADV *ICH*-2)
						  (NP-NOM (D^N se) (N^N hlynn))
						  (QP-NOM-PRD (QS^N m+ast))
						  (BEDS w+are)
						  (, ,)
						  (CP-ADV (P +tonne)
							  (C 0)
							  (IP-SUB (NP-NOM (PRO^N hie))
								  (NP-ACC (D^A +t+at) (N^A susl))
								  (PP (ADV+P +t+aron))
								  (VAG +trowiende)
								  (BEDI w+aron)))))
				  (, ;)
				  (CONJP (CONJ &)
					 (ADV eac)
					 (CP-ADV (C +t+at)
						 (IP-SUB (NP-NOM (D^N se) (N^N +a+teling))
							 (CONJ +ag+der)
							 (HVD h+afde)
							 (, ,)
							 (NP-ACC (CONJ ge)
								 (NP-ACC (PRO$ his) (N^A plegan))
								 (CONJP (CONJ ge)
									(NP-ACC (PRO$ his) (N^A gewill))))
							 (, ,)
							 (CP-ADV (P +tonne)
								 (C 0)
								 (IP-SUB (NP-NOM (PRO^N he))
									 (NP-ACC (NP-GEN (D^G +tara) (N^G manna))
										 (N^A tintrego))
									 (RP+VBD oferhierde)))))))))
	  (. .))
  (ID coorosiu,Or_1:12.34.5.663))

/~*
+Tis ic sprece nu for +d+am +te ic wolde +t+at +ta ongeaten, +te +ta tida ures
cristendomes leahtria+d, hwelc mildsung si+t+tan w+as, si+t+tan se cristendom
w+as; & hu monigfeald wolb+arnes +d+are worulde +ar +t+am w+as; & eac +t+at
hie oncnewen hu gelimplice ure God on +t+am +arran tidum +ta anwaldas & +ta
ricu sette, se ilca se +te giet settende is & wendende +alce onwaldas & +alc
rice to his willan.
(coorosiu,Or_2:1.38.10.737)
*~/
/*
207 VAG:  207 VAG, 208 settende, 189 NP-NOM-PRN-8
216 VAG:  216 VAG, 217 wendende, 189 NP-NOM-PRN-8
*/

( (CODE <T06600002800,1.38.10>)
  (IP-MAT-SPE (NP-ACC (D^A +Tis))
	      (NP-NOM (PRO^N ic))
	      (VBP sprece)
	      (ADVP-TMP (ADV^T nu))
	      (CP-ADV-SPE (P for)
			  (D^D +d+am)
			  (C +te)
			  (IP-SUB-SPE (NP-NOM (PRO^N ic))
				      (MDD wolde)
				      (CP-THT-SPE (C +t+at)
						  (IP-SUB-SPE (NP-NOM (D^N +ta)
								      (CP-REL-SPE *ICH*-1))
							      (VBPS ongeaten)
							      (, ,)
							      (CP-REL-SPE-1 (WNP-NOM-2 0)
									    (C +te)
									    (IP-SUB-SPE (NP-NOM *T*-2)
											(NP-ACC (D^A +ta)
												(N^A tida)
												(NP-GEN (PRO$^G ures) (N^G cristendomes)))
											(VBPI leahtria+d)))))))
	      (, ,)
	      (CP-QUE-SPE (CP-QUE-SPE (WNP-NOM-3 (WADJ^N hwelc) (N^N mildsung))
				      (C 0)
				      (IP-SUB-SPE (NP-NOM *T*-3)
						  (ADVP-TMP (ADV^T si+t+tan))
						  (BEDI w+as)
						  (, ,)
						  (CP-ADV-SPE (P si+t+tan)
							      (C 0)
							      (IP-SUB-SPE (NP-NOM (D^N se) (N^N cristendom))
									  (BEDI w+as)))))
			  (, ;)
			  (CONJP (CONJ &)
				 (CP-QUE-SPE (WNP-NOM-4 (WADJP-NOM (WADV hu) (ADJ^N monigfeald))
							(N^N wolb+arnes))
					     (C 0)
					     (IP-SUB-SPE (NP-NOM *T*-4)
							 (NP-DAT (D^D +d+are) (N^D worulde))
							 (PP (P +ar)
							     (NP-DAT (D^D +t+am)))
							 (BEDI w+as))))
			  (, ;)
			  (CONJP (CONJ &)
				 (ADV eac)
				 (CP-THT-SPE (C +t+at)
					     (IP-SUB-SPE (NP-NOM (PRO^N hie))
							 (VBDS oncnewen)
							 (CP-QUE-SPE (WADVP-7 (WADV hu) (ADV gelimplice))
								     (C 0)
								     (IP-SUB-SPE (ADVP *T*-7)
										 (NP-NOM (PRO$^N ure)
											 (NR^N God)
											 (NP-NOM-PRN *ICH*-8))
										 (PP (P on)
										     (NP-DAT (D^D +t+am) (ADJR^D +arran) (N^D tidum)))
										 (NP-ACC (NP-ACC (D^A +ta) (N^A anwaldas))
											 (CONJP (CONJ &)
												(NP-ACC (D^A +ta) (N^A ricu))))
										 (VBD sette)
										 (, ,)
										 (NP-NOM-PRN-8 (D^N se)
											       (ADJ^N ilca)
											       (CP-REL-SPE (WNP-NOM-5 (D^N se))
													   (C +te)
													   (IP-SUB-SPE (NP-NOM *T*-5)
														       (ADVP-TMP (ADV^T giet))
														       (VAG (VAG settende)
															    (CONJP *ICH*-6))
														       (BEPI is)
														       (CONJP-6 (CONJ &) (VAG wendende))
														       (NP-ACC (NP-ACC (Q^A +alce) (N^A onwaldas))
															       (CONJP (CONJ &)
																      (NP-ACC (Q^A +alc) (N^A rice))))
														       (PP (P to)
															   (NP (PRO$ his) (N willan))))))))))))
	      (. .))
  (ID coorosiu,Or_2:1.38.10.737))

/~*
& +t+as wealles micelness & f+astness is ungeliefedlic to secgenne: +t+at is,
+t+at he is L elna brad, & II hund elna heah, & his ymbgong is hundseofontig
mila & seofe+da d+al anre mile, & he is geworht of tigelan & of eor+dtyrewan,
& ymbutan +tone weall is se m+asta dic, on +t+am is iernende se ungefoglecesta
stream; & wi+dutan +t+am dice is geworht twegea elna heah weall, & bufan +d+am
maran wealle ofer ealne +tone ymbgong he is mid st+anenum wighusum beworht.
(coorosiu,Or_2:4.43.23.826)
*~/
/*
179 VAG:  179 VAG, 180 iernende, 32 IP-MAT-PRN
*/

( (IP-MAT (CONJ &)
	  (NP-NOM-1 (NP-GEN (D^G +t+as) (N^G wealles))
		    (N^N micelness)
		    (CONJP (CONJ &)
			   (NX-NOM (N^N f+astness))))
	  (BEPI is)
	  (ADJP-NOM-PRD (ADJ^N ungeliefedlic)
			(IP-INF (NP *-1)
				(TO to)
				(VB^D secgenne)))
	  (, :)
	  (IP-MAT-PRN (NP-NOM (D^N +t+at))
		      (BEPI is)
		      (, ,)
		      (XP (CP-THT (C +t+at)
				  (IP-SUB (IP-SUB (NP-NOM (PRO^N he))
						  (BEPI is)
						  (ADJP-NOM-PRD (ADJP-NOM (NP-EXT (NUM L)
										  (NP-GEN (N^G elna)))
									  (ADJ^N brad))
								(, ,)
								(CONJP (CONJ &)
								       (ADJP-NOM (NP-EXT (NUMP (NUM II) (NUM hund))
											 (NP-GEN (N^G elna)))
										 (ADJ^N heah)))))
					  (, ,)
					  (CONJP (CONJ &)
						 (IP-SUB-CON (NP-NOM (PRO$ his) (N^N ymbgong))
							     (BEPI is)
							     (NP-NOM-PRD (NP-NOM (NUM hundseofontig)
										 (NP-GEN (N^G mila)))
									 (CONJP (CONJ &)
										(NP-NOM (ADJ^N seofe+da)
											(N^N d+al)
											(NP-GEN (NUM^G anre) (N^G mile)))))))
					  (, ,)
					  (CONJP (CONJ &)
						 (IP-SUB-CON (NP-NOM (PRO^N he))
							     (BEPI is)
							     (VBN geworht)
							     (PP (PP (P of)
								     (NP (N tigelan)))
								 (CONJP (CONJ &)
									(PP (P of)
									    (NP (N eor+dtyrewan)))))))
					  (, ,)
					  (CONJP (CONJ &)
						 (IP-SUB-CON (PP (P ymbutan)
								 (NP-ACC (D^A +tone) (N^A weall)))
							     (BEPI is)
							     (NP-NOM (D^N se)
								     (QS^N m+asta)
								     (N^N dic)
								     (, ,)
								     (CP-REL (WPP-2 (P on)
										    (NP-DAT (D^D +t+am)))
									     (C 0)
									     (IP-SUB (PP *T*-2)
										     (BEPI is)
										     (VAG iernende)
										     (NP-NOM (D^N se) (ADJS^N ungefoglecesta) (N^N stream)))))))
					  (, ;)
					  (CONJP (CONJ &)
						 (IP-SUB-CON (PP (P wi+dutan)
								 (NP-DAT (D^D +t+am) (N^D dice)))
							     (BEPI is)
							     (VBN geworht)
							     (NP-NOM (ADJP-NOM (NP-GEN-EXT (NUM^G twegea) (N^G elna))
									       (ADJ^N heah))
								     (N^N weall))))
					  (, ,)
					  (CONJP (CONJ &)
						 (IP-SUB-CON (PP (P bufan)
								 (NP-DAT (D^D +d+am) (QR^D maran) (N^D wealle)))
							     (PP (P ofer)
								 (NP-ACC (Q^A ealne) (D^A +tone) (N^A ymbgong)))
							     (NP-NOM (PRO^N he))
							     (BEPI is)
							     (PP (P mid)
								 (NP-DAT (ADJ^D st+anenum) (N^D wighusum)))
							     (VBN beworht)))))))
	  (. .))
  (ID coorosiu,Or_2:4.43.23.826))

/~*
+t+at +ta se gionga cyning swi+dor micle wenende w+as +t+at hie +tonon fleonde
w+aren +tonne hie +anigne swicdom cy+tan dorsten.
(coorosiu,Or_2:4.44.23.841)
*~/
/*
38 VAG:  38 VAG, 39 fleonde, 28 CP-THT-PRN-1
*/

( (IP-MAT-0 (NP-ACC (D^A +t+at)
		    (CP-THT-PRN *ICH*-1))
	    (ADVP-TMP (ADV^T +ta))
	    (NP-NOM (D^N se) (ADJ^N gionga) (N^N cyning))
	    (ADVP (ADVR swi+dor)
		  (Q^I micle)
		  (PP *ICH*-2))
	    (VAG wenende)
	    (BEDI w+as)
	    (CP-THT-PRN-1 (C +t+at)
			  (IP-SUB (NP-NOM (PRO^N hie))
				  (ADVP-DIR (ADV^D +tonon))
				  (VAG fleonde)
				  (BEDS w+aren)))
	    (PP-2 (P +tonne)
		  (CP-CMP (WADVP-3 0)
			  (C 0)
			  (IPX-SUB=0 (ADVP *T*-3)
				     (CPX-THT (IP-SUB (NP-NOM (PRO^N hie))
						      (NP-ACC (Q^A +anigne) (N^A swicdom))
						      (VB cy+tan)
						      (MDDS dorsten))))))
	    (. .))
  (ID coorosiu,Or_2:4.44.23.841))

/~*
+T+at hus h+afdon Romane to +d+am anum tacne geworht +t+at on swelce healfe
swelce hie +tonne winnende beon woldan, swa su+t, swa nor+t, swa east, swa
west, +tonne andydan hie +ta duru +te on +ta healfe open w+as, +t+at hie be
+t+am wiston hwider hie sceoldon.
(coorosiu,Or_3:5.59.3.1130)
*~/
/*
57 VAG:  57 VAG, 58 winnende, 28 CP-THT-PRN-1
*/

( (CODE <T06610006600,5.59.3>)
  (IP-MAT (NP-ACC (D^A +T+at) (N^A hus))
	  (HVDI h+afdon)
	  (NP-NOM (NR^N Romane))
	  (PP (P to)
	      (NP-DAT (D^D +d+am)
		      (NUM^D anum)
		      (N^D tacne)
		      (CP-THT-PRN *ICH*-1)))
	  (VBN geworht)
	  (CP-THT-PRN-1 (C +t+at)
			(IP-SUB (PP (P on)
				    (NP-ACC (ADJ^A swelce)
					    (N^A healfe)
					    (PP (P swelce)
						(CP-CMP (WPP-2 0)
							(C 0)
							(IP-SUB (PP *T*-2)
								(NP-NOM (PRO^N hie))
								(ADVP-TMP (ADV^T +tonne))
								(VAG winnende)
								(BE beon)
								(MDDI woldan))))
					    (, ,)
					    (ADVP-LOC-PRN (CONJ swa) (ADV^L su+t) (, ,) (CONJ swa) (ADV^L nor+t) (, ,) (CONJ swa) (ADV^L east) (, ,) (CONJ swa) (ADV^L west))))
				(, ,)
				(ADVP-TMP (ADV^T +tonne))
				(VBDI andydan)
				(NP-NOM (PRO^N hie))
				(NP-ACC (D^A +ta)
					(N^A duru)
					(CP-REL (WNP-NOM-3 0)
						(C +te)
						(IP-SUB (NP-NOM *T*-3)
							(PP (P on)
							    (NP-ACC (D^A +ta) (N^A healfe)))
							(ADJP-NOM-PRD (ADJ^N open))
							(BEDI w+as))))
				(, ,)
				(CP-ADV (C +t+at)
					(IP-SUB (NP-NOM (PRO^N hie))
						(PP (P be)
						    (NP-DAT (D^D +t+am)))
						(VBDI wiston)
						(CP-QUE (WADVP-DIR-4 (WADV^D hwider))
							(C 0)
							(IP-SUB (ADVP-DIR *T*-4)
								(NP-NOM (PRO^N hie))
								(MDDI sceoldon)))))))
	  (. .))
  (ID coorosiu,Or_3:5.59.3.1130))

/~*
ac oftr+adlice he w+as mid hlo+tum on hi hergende, & onbutan sierwende o+t hie
eft totw+amde w+aron,
(coorosiu,Or_3:7.65.8.1277)
*~/
/*
34 VAG:  34 VAG, 35 sierwende, 28 IPX-MAT-PRN=0
*/

( (IP-MAT-0 (CONJ ac)
	    (ADVP (ADV oftr+adlice))
	    (NP-NOM (PRO^N he))
	    (BEDI w+as)
	    (PP (P mid)
		(NP-DAT (N^D hlo+tum)))
	    (PP (P on)
		(NP-ACC (PRO^A hi)))
	    (VAG hergende)
	    (, ,)
	    (IPX-MAT-PRN=0 (CONJ &)
			   (ADVP-LOC (ADV^L onbutan))
			   (VAG sierwende))
	    (CP-ADV (P o+t)
		    (C 0)
		    (IP-SUB (NP-NOM (PRO^N hie))
			    (ADVP-TMP (ADV^T eft))
			    (RP+VBN^N totw+amde)
			    (BEDI w+aron)))
	    (. ,))
  (ID coorosiu,Or_3:7.65.8.1277))

/~*
Nyte we nu hw+a+der sie swi+tor to wundrianne, +te +t+at, hu he ana wi+d ealle
+ta burgware hiene awerede, +te eft +ta him fultum com, hu he +turh +t+at folc
ge+trang +t+at he +done ilcan ofslog +te hiene +ar +turhsceat; +te eft +tara
+tegna angin +ta hie $untweogendlice wendon +t+at heora hlaford w+are on heora
feonda gewealde, o+d+de cuca o+d+de dead, +t+at hie swa+teah noldon +t+as
weallgebreces geswican, +t+at hie heora hlaford ne gewr+acen, +teh +te hie
hiene me+digne on cneowum sittende metten.
(coorosiu,Or_3:9.73.20.1444)
*~/
/*
279 VAG^N:  279 VAG^N, 280 sittende, 164 CP-THT-PRN
*/

( (CODE <T06610024800,9.73.20>)
  (IP-MAT (NEG+VBP Nyte)
	  (NP-NOM (PRO^N we))
	  (ADVP-TMP (ADV^T nu))
	  (CP-QUE (WQ hw+a+der)
		  (C 0)
		  (IP-SUB (BEPS sie)
			  (IP-INF (ADVP (ADVR swi+tor))
				  (TO to)
				  (VB^D wundrianne)
				  (NP *-2))
			  (, ,)
			  (NP-NOM-2 (CONJ +te)
				    (NP-NOM (NP-NOM (D^N +t+at)
						    (, ,)
						    (CP-QUE-PRN (WADVP-4 (WADV hu))
								(C 0)
								(IP-SUB (ADVP *T*-4)
									(NP-NOM (PRO^N he) (FP ana))
									(PP (P wi+d)
									    (NP-ACC (Q^A ealle) (D^A +ta) (N^A burgware)))
									(NP-ACC-RFL (PRO^A hiene))
									(VBD awerede))))
					    (, ,)
					    (CONJP (CONJ +te)
						   (ADV^T eft)
						   (CP-QUE (CP-ADV-8 (P +ta)
								     (C 0)
								     (IP-SUB (NP-DAT (PRO^D him))
									     (NP-NOM (N^N fultum))
									     (VBDI com)))
							   (, ,)
							   (WADVP-5 (WADV hu))
							   (C 0)
							   (IP-SUB (ADVP *T*-5)
								   (CP-ADV *ICH*-8)
								   (NP-NOM (PRO^N he))
								   (PP (P +turh)
								       (NP-ACC (D^A +t+at) (N^A folc)))
								   (VBDI ge+trang)
								   (CP-ADV (C +t+at)
									   (IP-SUB (NP-NOM (PRO^N he))
										   (NP-ACC (D^A +done)
											   (ADJ^A ilcan)
											   (CP-REL *ICH*-6))
										   (RP+VBDI ofslog)
										   (CP-REL-6 (WNP-NOM-7 0)
											     (C +te)
											     (IP-SUB (NP-NOM *T*-7)
												     (NP-ACC (PRO^A hiene))
												     (ADVP-TMP (ADV^T +ar))
												     (RP+VBDI +turhsceat))))))))
					    (, ;)
					    (CONJP (CONJ +te)
						   (ADV^T eft)
						   (NP (NP-GEN (D^G +tara) (N^G +tegna))
						       (N angin)
						       (CP-THT-PRN (CP-THT (CP-ADV-3 (P +ta)
										     (C 0)
										     (IP-SUB (NP-NOM (PRO^N hie))
											     (ADVP (ADV $untweogendlice))
											     (VBDI wendon)
											     (CP-THT (C +t+at)
												     (IP-SUB (NP-NOM (PRO$ heora) (N^N hlaford))
													     (BEDS w+are)
													     (PP (P on)
														 (NP-DAT (NP-GEN (PRO$ heora) (N^G feonda))
															 (N^D gewealde)))
													     (, ,)
													     (ADJP-NOM (CONJ o+d+de) (ADJ^N cuca) (CONJ o+d+de) (ADJ^N dead))))))
									   (, ,)
									   (C +t+at)
									   (IP-SUB (CP-ADV *ICH*-3)
										   (NP-NOM (PRO^N hie))
										   (ADVP (ADV swa+teah))
										   (NEG+MDDI noldon)
										   (NP-GEN (D^G +t+as) (N^G weallgebreces))
										   (VB geswican)))
								   (, ,)
								   (CONJP (CP-THT (C +t+at)
										  (IP-SUB (NP-NOM (PRO^N hie))
											  (NP-ACC (PRO$ heora) (N^A hlaford))
											  (NEG ne)
											  (VBDS gewr+acen)
											  (, ,)
											  (CP-ADV (P +teh)
												  (C +te)
												  (IP-SUB (NP-NOM (PRO^N hie))
													  (IP-SMC (NP-ACC-SBJ (PRO^A hiene))
														  (ADJP-ACC-PRD (ADJ^A me+digne)))
													  (PTP-NOM (PP (P on)
														       (NP-DAT (N^D cneowum)))
														   (VAG^N sittende))
													  (VBDS metten)))))))))))))
	  (. .))
  (ID coorosiu,Or_3:9.73.20.1444))

/~*
He w+as eac on +t+am dagum gleawast to wige & to gewinne, buton +t+am anum +te
$hiene his godas & his deofolgeld beswicon +te he $begongende w+as.
(coorosiu,Or_4:1.84.6.1694)
*~/
/*
85 VAG:  85 VAG, 86 $begongende, 49 CP-THT-PRN
*/

( (CODE <T06620001600,1.84.6>)
  (IP-MAT (NP-NOM (PRO^N He))
	  (BEDI w+as)
	  (ADVP (ADV eac))
	  (PP (P on)
	      (NP-DAT (D^D +t+am) (N^D dagum)))
	  (ADJP-NOM-PRD (ADJS^N gleawast))
	  (PP (PP (P to)
		  (NP-DAT (N^D wige)))
	      (CONJP (CONJ &)
		     (PP (P to)
			 (NP-DAT (N^D gewinne)))))
	  (, ,)
	  (PP (P buton)
	      (NP-DAT (D^D +t+am)
		      (NUM^D anum)
		      (CP-THT-PRN (C +te)
				  (IP-SUB (NP-ACC (PRO^A $hiene))
					  (NP-NOM (NP-NOM (PRO$ his) (N^N godas))
						  (CONJP (CONJ &)
							 (NP-NOM (PRO$ his) (N^N deofolgeld)))
						  (CP-REL *ICH*-1))
					  (VBDI beswicon)
					  (CP-REL-1 (WNP-2 0)
						    (C +te)
						    (IP-SUB (NP *T*-2)
							    (NP-NOM (PRO^N he))
							    (VAG $begongende)
							    (BEDI w+as)))))))
	  (. .))
  (ID coorosiu,Or_4:1.84.6.1694))

/~*
& hiene si+t+tan mid rapum be +t+am sweoran up aheng, gelicost +t+am +te he
hiene self unwitende h+afde awierged;
(coorosiu,Or_6:36.154.21.3282)
*~/
/*
52 VAG^N:  52 VAG^N, 53 unwitende, 38 CP-THT-PRN
*/

( (IP-MAT (CONJ &)
	  (NP-NOM *con*)
	  (NP-ACC (PRO^A hiene))
	  (ADVP-TMP (ADV^T si+t+tan))
	  (PP (P mid)
	      (NP-DAT (N^D rapum)))
	  (PP (P be)
	      (NP-DAT (D^D +t+am) (N^D sweoran)))
	  (RP up)
	  (VBDI aheng)
	  (, ,)
	  (ADVP (ADVS gelicost)
		(NP-DAT (D^D +t+am)
			(CP-THT-PRN (C +te)
				    (IP-SUB (NP-NOM (PRO^N he))
					    (NP-ACC-RFL (PRO^A hiene))
					    (ADJP-NOM (ADJ^N self))
					    (PTP-NOM (VAG^N unwitende))
					    (HVD h+afde)
					    (VBN awierged)))))
	  (. ;))
  (ID coorosiu,Or_6:36.154.21.3282))
/*
FOOTER
  source file, hits/tokens/total
  C:\Users\Shoo\Dropbox\workspace\CorpusSearch_Auto\data\corporas\YCOE\temp1492105600559\history\coorosiu.o2.psd	12/11/3321
*/
/*
SUMMARY:  
source files, hits/tokens/total
  C:\Users\Shoo\Dropbox\workspace\CorpusSearch_Auto\data\corporas\YCOE\temp1492105600559\history\cobede.o2.psd	18/16/4923
  C:\Users\Shoo\Dropbox\workspace\CorpusSearch_Auto\data\corporas\YCOE\temp1492105600559\history\cochronA.o23.psd	1/1/1480
  C:\Users\Shoo\Dropbox\workspace\CorpusSearch_Auto\data\corporas\YCOE\temp1492105600559\history\cochronC.psd	1/1/2153
  C:\Users\Shoo\Dropbox\workspace\CorpusSearch_Auto\data\corporas\YCOE\temp1492105600559\history\cochronD.psd	2/2/2522
  C:\Users\Shoo\Dropbox\workspace\CorpusSearch_Auto\data\corporas\YCOE\temp1492105600559\history\cochronE.o34.psd	3/3/3644
  C:\Users\Shoo\Dropbox\workspace\CorpusSearch_Auto\data\corporas\YCOE\temp1492105600559\history\coorosiu.o2.psd	12/11/3321
whole search, hits/tokens/total
		37/34/18043
*/
