/*
PREFACE:  
Copyright 2010 Beth Randall
Date:  Thu Apr 13 18:49:10 BST 2017

command file:     data\searches\queries\YCOE\progressive_forms_in_noun_phrases_adjunts.q
output file:      C:\Users\Shoo\Dropbox\workspace\CorpusSearch_Auto\data\output\13-04-2017 18.46.36.333 YCOE\progressive_forms_in_noun_phrases_adjunts\philosophy\result.out

node:   NP-*ADT*|AXG*|BAG*|HAG*|VAG*
query:  (AXG*|BAG*|HAG*|VAG* Dominates  !AXG*|BAG*|HAG*|VAG*) 
  AND  (NP-*ADT* Dominates  AXG*|BAG*|HAG*|VAG*) 
*/
/*
HEADER:
source file:  C:\Users\Shoo\Dropbox\workspace\CorpusSearch_Auto\data\corporas\YCOE\temp1492105600559\philosophy\coboeth.o2.psd
*/

/~*
Ac +tonne ic up gefere mid minum +teowum $+tonne forseo we +tas styrmendan
woruld swa se earn +donne he up gewit bufan +da wolcnu styrmendum wedrum,
+t+at him +ta stormas derigan ne m+agen.
(coboeth,Bo:7.18.11.291)
*~/
/*
74 VAG^D:  74 VAG^D, 75 styrmendum, 73 NP-DAT-ADT
*/
( (CODE <T06660015400,7.18.11>)
  (IP-MAT-SPE (CONJ Ac)
	      (CP-ADV-SPE (P +tonne)
			  (C 0)
			  (IP-SUB-SPE (NP-NOM (PRO^N ic))
				      (RP up)
				      (VBP gefere)
				      (PP (P mid)
					  (NP-DAT (PRO$^D minum) (N^D +teowum)))))
	      (ADVP-TMP (ADV^T $+tonne))
	      (VBP forseo)
	      (NP-NOM (PRO^N we))
	      (NP-ACC (D^A +tas) (VAG^A styrmendan) (N^A woruld))
	      (PP (P swa)
		  (CPX-CMP-SPE (IPX-SUB-SPE (NP-NOM (D^N se) (N^N earn))
					    (CP-ADV-SPE (P +donne)
							(C 0)
							(IP-SUB-SPE (NP-NOM (PRO^N he))
								    (RP up)
								    (VBPI gewit)
								    (PP (P bufan)
									(NP-ACC (D^A +da) (N^A wolcnu)))
								    (NP-DAT-ADT (VAG^D styrmendum) (N^D wedrum))
								    (, ,)
								    (CP-ADV-SPE (C +t+at)
										(IP-SUB-SPE (NP-DAT (PRO^D him))
											    (NP-NOM (D^N +ta) (N^N stormas))
											    (VB derigan)
											    (NEG ne)
											    (MDPS m+agen))))))))
	      (. .))
  (ID coboeth,Bo:7.18.11.291))
/*
FOOTER
  source file, hits/tokens/total
  C:\Users\Shoo\Dropbox\workspace\CorpusSearch_Auto\data\corporas\YCOE\temp1492105600559\philosophy\coboeth.o2.psd	1/1/3007
*/
/*
HEADER:
source file:  C:\Users\Shoo\Dropbox\workspace\CorpusSearch_Auto\data\corporas\YCOE\temp1492105600559\philosophy\codicts.o34.psd
*/
/*
FOOTER
  source file, hits/tokens/total
  C:\Users\Shoo\Dropbox\workspace\CorpusSearch_Auto\data\corporas\YCOE\temp1492105600559\philosophy\codicts.o34.psd	0/0/179
*/
/*
SUMMARY:  
source files, hits/tokens/total
  C:\Users\Shoo\Dropbox\workspace\CorpusSearch_Auto\data\corporas\YCOE\temp1492105600559\philosophy\coboeth.o2.psd	1/1/3007
  C:\Users\Shoo\Dropbox\workspace\CorpusSearch_Auto\data\corporas\YCOE\temp1492105600559\philosophy\codicts.o34.psd	0/0/179
whole search, hits/tokens/total
		1/1/3186
*/
