/*
PREFACE:  
Copyright 2010 Beth Randall
Date:  Thu Apr 13 19:00:54 BST 2017

command file:     data\searches\queries\PENN\other_adverbs.q
output file:      C:\Users\Shoo\Dropbox\workspace\CorpusSearch_Auto\data\output\13-04-2017 18.46.36.333 PPCME2\other_adverbs\rules_charters_wills_laws_ecclesiastical_laws_and_proceedingstrials\result.out

node:   ADVP-DIR*|ADVX*|RP^DIR*
query:  (ADVP-DIR*|*DVX*|RP^DIR* Dominates  !ADVP-DIR*|ADVX*|RP^DIR*) 
*/
/*
HEADER:
source file:  C:\Users\Shoo\Dropbox\workspace\CorpusSearch_Auto\data\corporas\PPCME2\temp1492106398658\rules_charters_wills_laws_ecclesiastical_laws_and_proceedingstrials\cmaelr3.m23.psd
*/

/~*
pote heo toforn heore e+gen +te lomb +tat heo scholde folwen whydur euere he
walke - +tat is Crist.
(CMAELR3,27.40)
*~/
/*
45 ADVP-DIR:  45 ADVP-DIR, 46 *T*-2
*/
( (IP-IMP (VBI pote)
	  (NP-SBJ (PRO heo))
	  (PP (P toforn)
	      (NP (PRO$ heore) (NS e+gen)))
	  (NP-OB1 (D +te)
		  (N lomb)
		  (CP-REL (WNP-1 0)
			  (C +tat)
			  (IP-SUB (NP-OB1 *T*-1)
				  (NP-SBJ (PRO heo))
				  (MD scholde)
				  (VB folwen)
				  (ADVP-DIR (CP-FRL (WADVP-2 (WADV whydur) (ADV euere))
						    (C 0)
						    (IP-SUB (ADVP-DIR *T*-2)
							    (NP-SBJ (PRO he))
							    (VBP walke))))))
		  (, -)
		  (IP-MAT-PRN (NP-SBJ (D +tat))
			      (BEP is)
			      (NP-OB1 (NPR Crist))))
	  (. .))
  (ID CMAELR3,27.40))

/~*
For sche may drede +tat here may be benomen special grace, +gif sche put for+t
a word +tat be a+gens clennesse and honestete.
(CMAELR3,28.57)
*~/
/*
45 ADVP-DIR:  45 ADVP-DIR, 47 for+t
*/

( (IP-MAT (CONJ For)
	  (NP-SBJ (PRO sche))
	  (MD may)
	  (VB drede)
	  (CP-THT (C +tat)
		  (IP-SUB (ADVP-LOC (ADV here))
			  (NP-SBJ-1 *exp*)
			  (MD may)
			  (BE be)
			  (VAN benomen)
			  (NP-1 (ADJ special) (N grace))
			  (, ,)
			  (PP (P +gif)
			      (CP-ADV (C 0)
				      (IP-SUB (NP-SBJ (PRO sche))
					      (VBP put)
					      (ADVP-DIR (ADV for+t))
					      (NP-OB1 (D a)
						      (N word)
						      (CP-REL (WNP-2 0)
							      (C +tat)
							      (IP-SUB (NP-SBJ *T*-2)
								      (BEP be)
								      (PP (P a+gens)
									  (NP (N clennesse) (CONJ and) (N honestete)))))))))))
	  (. .))
  (ID CMAELR3,28.57))

/~*
'I nel neuere go hennys,
(CMAELR3,30.107)
*~/
/*
14 ADVP-DIR:  14 ADVP-DIR, 16 hennys
*/

( (IP-MAT-SPE (' ')
	      (NP-SBJ (PRO I))
	      (NEG+MD nel)
	      (ADVP-TMP (ADV neuere))
	      (VB go)
	      (ADVP-DIR (ADV hennys))
	      (. ,))
  (ID CMAELR3,30.107))

/~*
For +ter is no+tyng +tat so put awey wyckede and vnclene +tou+gtes as doo+t
good ocupa-cioun in holy scripture, to +te whyche a good womman, and specially
a mayde, schulde so vse al here herte and wit +tat, +tei+g sche wolde, sche
mowe not +tenke bote on Godes lawe.
(CMAELR3,31.132)
*~/
/*
27 ADVP-DIR:  27 ADVP-DIR, 29 awey
*/

( (IP-MAT (CONJ For)
	  (NP-SBJ-1 (EX +ter))
	  (BEP is)
	  (NP-1 (Q+N no+tyng)
		(CP-REL (WNP-2 0)
			(C +tat)
			(IP-SUB (NP-SBJ *T*-2)
				(ADVP (ADVR so)
				      (PP *ICH*-3))
				(VBP put)
				(ADVP-DIR (ADV awey))
				(NP-OB1 (ADJP (ADJ wyckede) (CONJ and) (ADJ vnclene))
					(NS +tou+gtes))
				(PP-3 (P as)
				      (CP-CMP (WADVP-4 0)
					      (C 0)
					      (IP-SUB (ADVP *T*-4)
						      (DOP doo+t)
						      (NP-SBJ (ADJ good) (CODE <P_31>) (N ocupa-cioun))
						      (PP (P in)
							  (NP (ADJ holy) (NPR scripture))))))
				(, ,)
				(CP-REL (WPP-5 (P to)
					       (WNP (D +te) (WPRO whyche)))
					(C 0)
					(IP-SUB (IP-SUB-6 (PP *T*-5)
							  (NP-SBJ (NP (D a) (ADJ good) (N womman)))
							  (, ,)
							  (IP-SUB-PRN=6 (CONJ and)
									(ADVP (ADV specially))
									(NP-SBJ (D a) (N mayde)))
							  (, ,)
							  (MD schulde)
							  (ADVP (ADVR so)
								(CP-DEG *ICH*-7))
							  (VB vse)
							  (NP-OB1 (Q al)
								  (PRO$ here)
								  (N herte)
								  (CONJP (CONJ and)
									 (NX (P wit))))
							  (CP-DEG-7 (C +tat)
								    (, ,)
								    (IP-SUB (PP (P +tei+g)
										(CP-ADV (C 0)
											(IP-SUB (NP-SBJ (PRO sche))
												(VBD wolde))))
									    (, ,)
									    (NP-SBJ (PRO sche))
									    (MD mowe)
									    (LB |)
									    (NEG not)
									    (VB +tenke)
									    (PP (P bote)
										(PP (P on)
										    (NP (NPR$ Godes) (N lawe))))))))))))
	  (. .))
  (ID CMAELR3,31.132))

/~*
Na+teles, I say not +tis to wit-seie good discrecioun, whic is moder and
nursche of vertus, bote +tat we schulde resteyne or elles doon awey +te
matyres of synne; +tat is to seyn, glotonye, slep, to muche reste, to muche
communyngge wit wommen or nyce men of here body;
(CMAELR3,32.174)
*~/
/*
77 ADVP-DIR:  77 ADVP-DIR, 79 awey
*/

( (IP-MAT (ADVP (ADV Na+teles))
	  (, ,)
	  (NP-SBJ (PRO I))
	  (VBP say)
	  (NEG not)
	  (NP-OB1 (D +tis))
	  (IP-INF-PRP (IP-INF-PRP (TO to)
				  (VB wit-seie)
				  (NP-OB1 (ADJ good)
					  (N discrecioun)
					  (, ,)
					  (CP-REL (WNP-1 (WPRO whic))
						  (C 0)
						  (IP-SUB (NP-SBJ *T*-1)
							  (BEP is)
							  (NP-OB1 (N moder)
								  (CONJ and)
								  (N nursche)
								  (PP (P of)
								      (NP (NS vertus))))))))
		      (, ,)
		      (CONJP (CONJ bote)
			     (CP-ADV (C +tat)
				     (IP-SUB-2 (NP-SBJ (PRO we))
					       (MD schulde)
					       (VB resteyne)
					       (IP-SUB-PRN=2 (CONJ or)
							     (ELSE elles)
							     (DO doon)
							     (ADVP-DIR (ADV awey)))
					       (NP-OB1 (D +te)
						       (NS matyres)
						       (PP (P of)
							   (NP (N synne)))
						       (, ;)
						       (IP-MAT-PRN (NP-SBJ (D +tat))
								   (BEP is)
								   (IP-INF (TO to)
									   (VB seyn)
									   (, ,)
									   (NP-OB1 (NP (N glotonye))
										   (, ,)
										   (CONJP (NP (N slep)))
										   (, ,)
										   (CONJP (NP (QP (ADVR to) (Q muche))
											      (N reste)))
										   (, ,)
										   (CONJP (NP (QP (ADVR to) (Q muche))
											      (N communyngge)
											      (PP (P wit)
												  (NP (NP (NS wommen))
												      (CONJP (CONJ or)
													     (NP (ADJ nyce) (NS men)))))
											      (PP (P of)
												  (NP (PRO$ here) (N body)))))))))))))
	  (. ;))
  (ID CMAELR3,32.174))

/~*
and so mote we wit +te scharpe +gerd of discipline putte awey alle
superfluites, and holde +tat is streyt nyede to vs.
(CMAELR3,34.250)
*~/
/*
31 ADVP-DIR:  31 ADVP-DIR, 33 awey
*/

( (IP-MAT (IP-MAT-1 (CONJ and)
		    (ADVP (ADV so))
		    (MD mote)
		    (NP-SBJ (PRO we))
		    (PP (P wit)
			(NP (D +te)
			    (ADJ scharpe)
			    (N +gerd)
			    (PP (P of)
				(NP (N discipline)))))
		    (VB putte)
		    (ADVP-DIR (ADV awey))
		    (NP-OB1 (Q alle) (N superfluites)))
	  (, ,)
	  (CONJP (CONJ and)
		 (IP-MAT=1 (VB holde)
			   (NP-OB1 (CP-FRL (WNP-2 0)
					   (C +tat)
					   (IP-SUB (NP-SBJ *T*-2)
						   (BEP is)
						   (NP-OB1 (ADJ streyt) (N nyede))
						   (PP (P to)
						       (NP (PRO vs))))))))
	  (. .))
  (ID CMAELR3,34.250))

/~*
Marie ne ran not hyder and +tyder, bisy to vnderfonge gystes;
(CMAELR3,36.309)
*~/
/*
11 ADVP-DIR:  11 ADVP-DIR, 17 +tyder
*/

( (IP-MAT (NP-SBJ (NPR Marie))
	  (NEG ne)
	  (VBD ran)
	  (NEG not)
	  (ADVP-DIR (ADV hyder) (CONJ and) (ADV +tyder))
	  (, ,)
	  (ADJP-SPR (ADJ bisy)
		    (IP-INF (TO to)
			    (VB vnderfonge)
			    (NP-OB1 (NS gystes))))
	  (. ;))
  (ID CMAELR3,36.309))

/~*
ren forth wit alle hast,
(CMAELR3,40.410)
*~/
/*
4 ADVP-DIR:  4 ADVP-DIR, 6 forth
*/

( (IP-IMP (VBI ren)
	  (ADVP-DIR (ADV forth))
	  (PP (P wit)
	      (NP (Q alle) (N hast)))
	  (. ,))
  (ID CMAELR3,40.410))

/~*
and whan sche turned in-to +tilke pouere ostage to bern here child, pote +te
for+t
(CMAELR3,40.417)
*~/
/*
43 ADVP-DIR:  43 ADVP-DIR, 45 for+t
*/

( (IP-IMP (CONJ and)
	  (PP (P whan)
	      (CP-ADV (C 0)
		      (IP-SUB (NP-SBJ (PRO sche))
			      (VBD turned)
			      (PP (P in-to)
				  (NP (D+ADJ +tilke) (ADJ pouere) (N ostage)))
			      (IP-INF-PRP (TO to)
					  (VB bern)
					  (NP-OB1 (PRO$ here) (N child))))))
	  (, ,)
	  (VBI pote)
	  (NP-OB1 (PRO +te))
	  (ADVP-DIR (ADV for+t)))
  (ID CMAELR3,40.417))

/~*
and after let loue ouercome schame and driwe awey drede,
(CMAELR3,40.422)
*~/
/*
27 ADVP-DIR:  27 ADVP-DIR, 29 awey
*/

( (IP-IMP (CONJ and)
	  (ADVP-TMP (ADV after))
	  (VBI let)
	  (IP-INF (IP-INF (NP-SBJ (N loue))
			  (VB ouercome)
			  (NP-OB1 (N schame)))
		  (CONJP (CONJ and)
			 (IP-INF (NP-SBJ *con*)
				 (VB driwe)
				 (ADVP-DIR (ADV awey))
				 (NP-OB1 (N drede)))))
	  (. ,))
  (ID CMAELR3,40.422))

/~*
and baldely go for+t
(CMAELR3,40.423)
*~/
/*
9 ADVP-DIR:  9 ADVP-DIR, 11 for+t
*/

( (IP-IMP (CONJ and)
	  (ADVP (ADV baldely))
	  (VBI go)
	  (ADVP-DIR (ADV for+t)))
  (ID CMAELR3,40.423))

/~*
and to here melodye auntre +te to pote for+t +ti voys
(CMAELR3,40.427)
*~/
/*
22 ADVP-DIR:  22 ADVP-DIR, 24 for+t
*/

( (IP-IMP (CONJ and)
	  (PP (P to)
	      (NP (PRO$ here) (N melodye)))
	  (VBI auntre)
	  (NP-OB1 (PRO +te))
	  (IP-INF (TO to)
		  (VB pote)
		  (ADVP-DIR (ADV for+t))
		  (NP-OB1 (PRO$ +ti) (N voys))))
  (ID CMAELR3,40.427))

/~*
bot go for+t wit here,
(CMAELR3,41.434)
*~/
/*
6 ADVP-DIR:  6 ADVP-DIR, 8 for+t
*/

( (IP-IMP (CONJ bot)
	  (VBI go)
	  (ADVP-DIR (ADV for+t))
	  (PP (P wit)
	      (NP (PRO here)))
	  (. ,))
  (ID CMAELR3,41.434))

/~*
And $vur+termore, +gif +tu folwe +tis blessed mayde whider +tat euer sche go+t,
+tu mi+gth ascherche mor hey+gere priuitees;
(CMAELR3,42.463)
*~/
/*
36 ADVP-DIR:  36 ADVP-DIR, 37 *T*-1
*/

( (IP-MAT (CONJ And)
	  (ADVP (ADV $vur+termore))
	  (, ,)
	  (PP (P +gif)
	      (CP-ADV (C 0)
		      (IP-SUB (NP-SBJ (PRO +tu))
			      (VBP folwe)
			      (NP-OB1 (D +tis) (VAN blessed) (N mayde))
			      (ADVP-DIR (CP-FRL (WADVP-1 (WADV whider))
						(C +tat)
						(IP-SUB (ADVP-DIR *T*-1)
							(ADVP-TMP (ADV euer))
							(NP-SBJ (PRO sche))
							(VBP go+t)))))))
	  (, ,)
	  (NP-SBJ (PRO +tu))
	  (MD mi+gth)
	  (VB ascherche)
	  (NP-OB1 (ADJP (QR mor) (ADJR hey+gere))
		  (NS priuitees))
	  (. ;))
  (ID CMAELR3,42.463))

/~*
+Tanne after +tis go for+t in-to Symons hows +te pharise,
(CMAELR3,42.486)
*~/
/*
13 ADVP-DIR:  13 ADVP-DIR, 15 for+t
*/

( (IP-IMP (ADVP-TMP (ADV +Tanne))
	  (PP (P after)
	      (NP (D +tis)))
	  (VBI go)
	  (ADVP-DIR (ADV for+t))
	  (PP (P in-to)
	      (NP (NP-POS (N$ Symons)
			  (NP-PRN *ICH*-1))
		  (N hows)
		  (NP-PRN-1 (D +te) (N pharise))))
	  (. ,))
  (ID CMAELR3,42.486))

/~*
and pryuely stele for+t wit +tilke blessede synnere, Marie Magdeleyn,
(CMAELR3,42.488)
*~/
/*
9 ADVP-DIR:  9 ADVP-DIR, 11 for+t
*/

( (IP-IMP (CONJ and)
	  (ADVP (ADV pryuely))
	  (VBI stele)
	  (ADVP-DIR (ADV for+t))
	  (PP (P wit)
	      (NP (D+ADJ +tilke)
		  (VAN blessede)
		  (N synnere)
		  (, ,)
		  (NP-PRN (NPR Marie) (NPR Magdeleyn))))
	  (. ,))
  (ID CMAELR3,42.488))

/~*
Bote in caas for +tyn vnwur+tynesse +tyn husbonde Crist traw+t awey his feet,
and fouche+t not saaf +tat +tu kysse hem; stand stille, na+teles, stedefastly
(CMAELR3,42.494)
*~/
/*
33 ADVP-DIR:  33 ADVP-DIR, 35 awey
*/

( (IP-IMP (CONJ Bote)
	  (PP (P in)
	      (NP (N caas)
		  (CP-THT (C 0)
			  (IP-SUB (IP-SUB (PP (P for)
					      (NP (PRO$ +tyn) (N vnwur+tynesse)))
					  (NP-SBJ (PRO$ +tyn)
						  (N husbonde)
						  (NP-PRN (NPR Crist)))
					  (VBP traw+t)
					  (ADVP-DIR (ADV awey))
					  (NP-OB1 (PRO$ his) (NS feet)))
				  (, ,)
				  (CONJP (CONJ and)
					 (IP-SUB (NP-SBJ *con*)
						 (VBP fouche+t)
						 (NEG not)
						 (ADJP (ADJ saaf))
						 (CP-THT (C +tat)
							 (IP-SUB (NP-SBJ (PRO +tu))
								 (VBP kysse)
								 (NP-OB1 (PRO hem))))))))))
	  (, ;)
	  (VBI stand)
	  (ADVP (ADV stille))
	  (, ,)
	  (ADVP (ADV na+teles))
	  (, ,)
	  (ADVP (ADV stedefastly)))
  (ID CMAELR3,42.494))

/~*
For happyly it schal seme +te at sum tyme +tat he cast awey is e+gen fro +te,
+tat he close+t is heren and wil not hiere +te, +tat he hedi+t his feet for
+tu schuldest not kysse hem;
(CMAELR3,43.500)
*~/
/*
35 ADVP-DIR:  35 ADVP-DIR, 37 awey
*/

( (IP-MAT (CONJ For)
	  (ADVP (ADV happyly))
	  (NP-SBJ-1 (PRO it))
	  (MD schal)
	  (VB seme)
	  (NP-OB2 (PRO +te))
	  (PP (P at)
	      (NP (Q sum) (N tyme)))
	  (CP-THT-1 (CP-THT (C +tat)
			    (IP-SUB (NP-SBJ (PRO he))
				    (VBD cast)
				    (ADVP-DIR (ADV awey))
				    (NP-OB1 (PRO$ is) (NS e+gen))
				    (PP (P fro)
					(NP (PRO +te)))))
		    (, ,)
		    (CONJP (CP-THT (C +tat)
				   (IP-SUB (IP-SUB (NP-SBJ (PRO he))
						   (VBP close+t)
						   (NP-OB1 (PRO$ is) (NS heren)))
					   (CONJP (CONJ and)
						  (IP-SUB (NP-SBJ *con*)
							  (MD wil)
							  (NEG not)
							  (VB hiere)
							  (NP-OB1 (PRO +te)))))))
		    (, ,)
		    (CONJP (CP-THT (C +tat)
				   (IP-SUB (NP-SBJ (PRO he))
					   (VBP hedi+t)
					   (NP-OB1 (PRO$ his) (NS feet))
					   (PP (P for)
					       (CP-ADV (C 0)
						       (IP-SUB (NP-SBJ (PRO +tu))
							       (MD schuldest)
							       (NEG not)
							       (VB kysse)
							       (NP-OB1 (PRO hem)))))))))
	  (. ;))
  (ID CMAELR3,43.500))

/~*
Bote, suster, let vs now gon hennys and gawe to Bethanye, to +tilke blessyde
feste of Ihesu and Marthe, Marie and La+gar, wher blessyde bondes of loue and
frendschipe be +te auctorite of Crist were ysacryd.
(CMAELR3,44.532)
*~/
/*
23 ADVP-DIR:  23 ADVP-DIR, 25 hennys
*/

( (IP-IMP (CONJ Bote)
	  (, ,)
	  (NP-VOC (N suster))
	  (, ,)
	  (VBI let)
	  (IP-INF (IP-INF (NP-SBJ (PRO vs))
			  (ADVP (ADV now))
			  (VB gon)
			  (ADVP-DIR (ADV hennys)))
		  (CONJP (CONJ and)
			 (IP-INF (NP-SBJ *con*)
				 (VB gawe)
				 (PP (P to)
				     (NP (NPR Bethanye)))
				 (, ,)
				 (PP (P to)
				     (NP (D+ADJ +tilke)
					 (VAN blessyde)
					 (N feste)
					 (PP (P of)
					     (NP (NP (NPR Ihesu) (CONJ and) (NPR Marthe))
						 (, ,)
						 (CONJP (NP (NPR Marie) (CONJ and) (NPR La+gar)))))
					 (, ,)
					 (CP-REL (WADVP-1 (WADV wher))
						 (C 0)
						 (IP-SUB (ADVP-LOC *T*-1)
							 (NP-SBJ (VAN blessyde)
								 (NS bondes)
								 (PP (P of)
								     (NP (N loue) (CONJ and) (N frendschipe))))
							 (PP (P be)
							     (NP (D +te)
								 (N auctorite)
								 (PP (P of)
								     (NP (NPR Crist)))))
							 (BED were)
							 (VAN ysacryd))))))))
	  (. .))
  (ID CMAELR3,44.532))

/~*
Who+ter eny man woolde conseyle me forsake +tilke feet of Ihesu, +tat Marie so
swetly kyssede; or +tat I schulde turne awey myn e+gen fro +tat blessyde face
so fair and frehs, +tat Marye so entierly be-halde+t; or elles +tat I schulde
turne awey myn erys fro +tylke sauery talkyngge of Criste, of +te whiche so
fulsumly Marie is ived?
(CMAELR3,45.566)
*~/
/*
72 ADVP-DIR:  72 ADVP-DIR, 74 awey
139 ADVP-DIR:  139 ADVP-DIR, 141 awey
*/

( (CP-QUE (CP-QUE (WQ Who+ter)
		  (C 0)
		  (CODE <P_45>)
		  (IP-SUB (NP-SBJ (Q eny) (N man))
			  (MD woolde)
			  (VB conseyle)
			  (NP-OB2 (PRO me))
			  (IP-INF (VB forsake)
				  (NP-OB1 (D+ADJ +tilke)
					  (NS feet)
					  (PP (P of)
					      (NP (NPR Ihesu)))
					  (, ,)
					  (CP-REL (WNP-1 0)
						  (C +tat)
						  (IP-SUB (NP-OB1 *T*-1)
							  (NP-SBJ (NPR Marie))
							  (ADVP (ADVR so) (ADV swetly))
							  (VBD kyssede)))))))
	  (, ;)
	  (CONJP (CONJ or)
		 (CP-QUE (C +tat)
			 (IP-SUB (NP-SBJ (PRO I))
				 (MD schulde)
				 (VB turne)
				 (ADVP-DIR (ADV awey))
				 (NP-OB1 (PRO$ myn) (NS e+gen))
				 (PP (P fro)
				     (NP (D +tat)
					 (VAN blessyde)
					 (N face)
					 (ADJP (ADVR so)
					       (ADJ fair)
					       (CONJP (CONJ and)
						      (ADJX (ADJ frehs)))
					       (, ,))
					 (CP-REL (WNP-2 0)
						 (C +tat)
						 (IP-SUB (NP-OB1 *T*-2)
							 (NP-SBJ (NPR Marye))
							 (ADVP (ADVR so) (ADV entierly))
							 (VBD be-halde+t))))))))
	  (, ;)
	  (CONJP (CONJ or)
		 (ELSE elles)
		 (CP-QUE (C +tat)
			 (IP-SUB (NP-SBJ (PRO I))
				 (MD schulde)
				 (VB turne)
				 (ADVP-DIR (ADV awey))
				 (NP-OB1 (PRO$ myn) (NS erys))
				 (PP (P fro)
				     (NP (D+ADJ +tylke)
					 (ADJ sauery)
					 (N talkyngge)
					 (PP (P of)
					     (NP (NPR Criste)))
					 (, ,)
					 (CP-REL (WPP-3 (P of)
							(WNP (D +te) (WPRO whiche)))
						 (C 0)
						 (IP-SUB (PP *T*-3)
							 (ADVP (ADVR so) (ADV fulsumly))
							 (NP-SBJ (NPR Marie))
							 (BEP is)
							 (VAN ived))))))))
	  (. ?))
  (ID CMAELR3,45.566))

/~*
Bote now, suster, let vs aryse and walke ennys.
(CMAELR3,45.568)
*~/
/*
31 ADVP-DIR:  31 ADVP-DIR, 33 ennys
*/

( (IP-IMP (CONJ Bote)
	  (NP-TMP (ADV now))
	  (, ,)
	  (NP-VOC (N suster))
	  (, ,)
	  (VBI let)
	  (IP-INF (IP-INF (NP-SBJ (PRO vs))
			  (VB aryse))
		  (CONJP (CONJ and)
			 (IP-INF (NP-SBJ *con*)
				 (VB walke)
				 (ADVP-DIR (ADV ennys)))))
	  (. .))
  (ID CMAELR3,45.568))

/~*
and beyngge as hit were astonyed of +te grete honour and reuerence +tat is
idoo to hym in which aray, amang +te worschipyngge of +tilke deuoute children
of Ebru pote for+t +tat +tu canst doo, and cry: Osanna filio Dauid, benedictus
qui venit in nomine Domini.
(CMAELR3,45.571)
*~/
/*
98 ADVP-DIR:  98 ADVP-DIR, 100 for+t
*/

( (CONJP (CONJ and)
	 (IP-PPL (VAG beyngge)
		 (PP (P as)
		     (CP-ADV (C 0)
			     (IP-SUB (NP-SBJ (PRO hit))
				     (BED were))))
		 (VAN astonyed)
		 (PP (P of)
		     (NP (D +te)
			 (ADJ grete)
			 (N honour)
			 (CONJP (CONJ and)
				(NX (N reuerence)))
			 (CP-REL (WNP-1 0)
				 (C +tat)
				 (IP-SUB (NP-SBJ *T*-1)
					 (BEP is)
					 (DAN idoo)
					 (PP (P to)
					     (NP (PRO hym)))))))
		 (CP-CAR (WPP-2 (P in)
				(WNP (WD which) (N aray)))
			 (C 0)
			 (, ,)
			 (IP-IMP (IP-IMP (PP *T*-2)
					 (PP (P amang)
					     (NP (D +te)
						 (N worschipyngge)
						 (PP (P of)
						     (NP (D+ADJ +tilke)
							 (ADJ deuoute)
							 (NS children)
							 (PP (P of)
							     (NP (PRO Ebru)))))))
					 (VBI pote)
					 (ADVP-DIR (ADV for+t))
					 (NP-OB1 (CP-FRL (WNP-3 0)
							 (C +tat)
							 (IP-SUB (NP-OB1 *T*-3)
								 (NP-SBJ (PRO +tu))
								 (VBP canst)
								 (DO doo)))))
				 (, ,)
				 (CONJP (CONJ and)
					(IP-IMP (VBI cry)
						(, :)
						(QTP (LATIN (FW Osanna) (FW filio) (FW Dauid) (, ,) (FW benedictus) (FW qui) (FW venit) (FW in) (FW nomine) (FW Domini))))))))
	 (. .))
  (ID CMAELR3,45.571))

/~*
And +tanne walke for+t in-to +tat faire large halle $frehsly istrowed and
adi+gt for Cristes soper a Schere+tursday,
(CMAELR3,45.572)
*~/
/*
9 ADVP-DIR:  9 ADVP-DIR, 11 for+t
*/

( (IP-IMP (CONJ And)
	  (ADVP-TMP (ADV +tanne))
	  (VBI walke)
	  (ADVP-DIR (ADV for+t))
	  (PP (P in-to)
	      (NP (D +tat)
		  (ADJ faire)
		  (ADJ large)
		  (N halle)
		  (RRC (ADVP (ADV $frehsly))
		       (VAN (VAN istrowed) (CONJ and) (VAN adi+gt)))))
	  (PP (P for)
	      (NP (NPR$ Cristes) (N soper)))
	  (PP (P a)
	      (NP (NPR Schere+tursday)))
	  (. ,))
  (ID CMAELR3,45.572))

/~*
and as a pore wrecche poryngge on a gret lord, pote for+t +tyn hand, +tat +tu
mowe sumwhat gete,
(CMAELR3,45.578)
*~/
/*
31 ADVP-DIR:  31 ADVP-DIR, 33 for+t
*/

( (IP-IMP (CONJ and)
	  (PP (P as)
	      (NP (D a)
		  (ADJ pore)
		  (N wrecche)
		  (RRC (VAG poryngge)
		       (PP (P on)
			   (NP (D a) (ADJ gret) (N lord))))))
	  (, ,)
	  (VBI pote)
	  (ADVP-DIR (ADV for+t))
	  (NP-OB1 (PRO$ +tyn) (N hand))
	  (, ,)
	  (CP-ADV (C +tat)
		  (IP-SUB (NP-SBJ (PRO +tu))
			  (MD mowe)
			  (NP-OB1 (Q+WPRO sumwhat))
			  (VB gete)))
	  (. ,))
  (ID CMAELR3,45.578))

/~*
and ate laste of alle pote for+t deuoutly +tyn oune feet, to be whasschen as
o+tre ben -
(CMAELR3,45.583)
*~/
/*
18 ADVP-DIR:  18 ADVP-DIR, 20 for+t
*/

( (IP-IMP (CONJ and)
	  (PP (P ate)
	      (NP (N laste)
		  (PP (P of)
		      (NP (Q alle)))))
	  (VBI pote)
	  (ADVP-DIR (ADV for+t))
	  (ADVP (ADV deuoutly))
	  (NP-OB1 (PRO$ +tyn) (ADJ oune) (NS feet))
	  (, ,)
	  (IP-INF-PRP (TO to)
		      (BE be)
		      (VAN whasschen)
		      (PP (P as)
			  (CP-ADV (WADVP-1 0)
				  (C 0)
				  (IP-SUB (ADVP *T*-1)
					  (NP-SBJ (OTHERS o+tre))
					  (BEP ben)))))
	  (. -))
  (ID CMAELR3,45.583))

/~*
Suster, hast +tu eny haste to hye hens-ward?
(CMAELR3,45.585)
*~/
/*
23 ADVP-DIR:  23 ADVP-DIR, 25 hens-ward
*/

( (CP-QUE (IP-SUB (NP-VOC (N Suster))
		  (, ,)
		  (HVP hast)
		  (NP-SBJ (PRO +tu))
		  (NP-OB1 (Q eny) (N haste))
		  (IP-INF-PRP (TO to)
			      (VB hye)
			      (ADVP-DIR (ADV+WARD hens-ward))))
	  (. ?))
  (ID CMAELR3,45.585))

/~*
and wy+t +ty tounge likke awey +te dust of hijs feet.
(CMAELR3,46.621)
*~/
/*
14 ADVP-DIR:  14 ADVP-DIR, 16 awey
*/

( (IP-IMP (CONJ and)
	  (PP (P wy+t)
	      (NP (PRO$ +ty) (N tounge)))
	  (VBI likke)
	  (ADVP-DIR (ADV awey))
	  (NP-OB1 (D +te)
		  (N dust)
		  (PP (P of)
		      (NP (PRO$ hijs) (NS feet))))
	  (. .))
  (ID CMAELR3,46.621))

/~*
and +ter at +te gylous cus of +tis treccherous traytour tak heede how +tey
sette+t handes on +ty Lord, and how fersly +tey to-tery+t hym and drawy+t hym
for+t as a +tef, how cruelly +tey streyne+t and bynde+t wit coordes +too swete
tendre handes.
(CMAELR3,46.626)
*~/
/*
96 ADVP-DIR:  96 ADVP-DIR, 98 for+t
*/

( (IP-IMP (CONJ and)
	  (ADVP-LOC (ADV +ter))
	  (PP (P at)
	      (NP (D +te)
		  (ADJ gylous)
		  (N cus)
		  (PP (P of)
		      (NP (D +tis) (ADJ treccherous) (N traytour)))))
	  (VBI tak)
	  (NP-OB1 (N heede))
	  (CP-QUE (CP-QUE (WADVP-1 (WADV how))
			  (C 0)
			  (IP-SUB (ADVP *T*-1)
				  (NP-SBJ (PRO +tey))
				  (VBP sette+t)
				  (NP-OB1 (NS handes))
				  (PP (P on)
				      (NP (PRO$ +ty) (NPR Lord)))))
		  (, ,)
		  (CONJP (CONJ and)
			 (CP-QUE (WADVP-2 (WADV how) (ADV fersly))
				 (C 0)
				 (IP-SUB (IP-SUB (ADVP *T*-2)
						 (NP-SBJ (PRO +tey))
						 (VBP to-tery+t)
						 (NP-OB1 (PRO hym)))
					 (CONJP (CONJ and)
						(IP-SUB (ADVP *T*-2)
							(NP-SBJ *con*)
							(VBP drawy+t)
							(NP-OB1 (PRO hym))
							(ADVP-DIR (ADV for+t))
							(PP (P as)
							    (NP (D a) (N +tef))))))))
		  (, ,)
		  (CONJP (CP-QUE (WADVP-3 (WADV how) (ADV cruelly))
				 (C 0)
				 (IP-SUB (ADVP *T*-3)
					 (NP-SBJ (PRO +tey))
					 (VBP (VBP streyne+t) (CONJ and) (VBP bynde+t))
					 (PP (P wit)
					     (NP (NS coordes)))
					 (NP-OB1 (D +too) (ADJ swete) (ADJ tendre) (NS handes))))))
	  (. .))
  (ID CMAELR3,46.626))

/~*
and folwe hym for+t to +te prince of prestys halle +tat he was ydemed in;
(CMAELR3,47.638)
*~/
/*
9 ADVP-DIR:  9 ADVP-DIR, 11 for+t
*/

( (IP-IMP (CONJ and)
	  (VBI folwe)
	  (NP-OB1 (PRO hym))
	  (ADVP-DIR (ADV for+t))
	  (PP (P to)
	      (NP (D +te)
		  (N prince)
		  (PP (P of)
		      (NP (N$ prestys)
			  (N halle)
			  (CP-REL (WNP-1 0)
				  (C +tat)
				  (IP-SUB (NP-SBJ (PRO he))
					  (BED was)
					  (VAN ydemed)
					  (PP (P in)
					      (NP *T*-1))))))))
	  (. ;))
  (ID CMAELR3,47.638))

/~*
Go for+t after +tis holy man, suster,
(CMAELR3,49.739)
*~/
/*
4 ADVP-DIR:  4 ADVP-DIR, 6 for+t
*/

( (IP-IMP (VBI Go)
	  (ADVP-DIR (ADV for+t))
	  (PP (P after)
	      (NP (D +tis) (ADJ holy) (N man)))
	  (, ,)
	  (NP-VOC (N suster))
	  (. ,))
  (ID CMAELR3,49.739))

/~*
Behald fur+teremor how swetly and diligently +tilke holy man Nichodeme treti+t
wit his gentil fyngres +te sacrede menbres of Crist and anoynte+t hem wit
swete oynemens, and wit holy Ioseph how he lappe+t Cristes body in a clene
clo+t and lei+t hit in +te sepulcre.
(CMAELR3,49.744)
*~/
/*
17 ADVX:  17 ADVX, 19 diligently
*/

( (IP-IMP (IP-IMP-1 (VBI Behald)
		    (ADVP (ADV fur+teremor))
		    (CP-QUE (WADVP-2 (WADV how)
				     (ADV swetly)
				     (CONJP (CONJ and)
					    (ADVX (ADV diligently))))
			    (C 0)
			    (IP-SUB (IP-SUB (ADVP *T*-2)
					    (NP-SBJ (D+ADJ +tilke)
						    (ADJ holy)
						    (N man)
						    (NP-PRN (NPR Nichodeme)))
					    (VBP treti+t)
					    (PP (P wit)
						(NP (PRO$ his) (ADJ gentil) (NS fyngres)))
					    (NP-OB1 (D +te)
						    (ADJ sacrede)
						    (NS menbres)
						    (PP (P of)
							(NP (NPR Crist)))))
				    (CONJP (CONJ and)
					   (IP-SUB (ADVP *T*-2)
						   (NP-SBJ *con*)
						   (VBP anoynte+t)
						   (NP-OB1 (PRO hem))
						   (PP (P wit)
						       (NP (ADJ swete) (NS oynemens))))))))
	  (, ,)
	  (CONJP (CONJ and)
		 (IP-IMP=1 (PP (P wit)
			       (NP (ADJ holy) (NPR Ioseph)))
			   (CP-QUE (WADVP-3 (WADV how))
				   (C 0)
				   (IP-SUB (IP-SUB (ADVP *T*-3)
						   (NP-SBJ (PRO he))
						   (VBP lappe+t)
						   (NP-OB1 (NPR$ Cristes) (N body))
						   (PP (P in)
						       (NP (D a) (ADJ clene) (N clo+t))))
					   (CONJP (CONJ and)
						  (IP-SUB (ADVP *T*-3)
							  (NP-SBJ *con*)
							  (VBP lei+t)
							  (NP-OB1 (PRO hit))
							  (PP (P in)
							      (NP (D +te) (N sepulcre)))))))))
	  (. .))
  (ID CMAELR3,49.744))

/~*
+Tanne ren+t Marie for+t,
(CMAELR3,50.788)
*~/
/*
10 ADVP-DIR:  10 ADVP-DIR, 12 for+t
*/

( (IP-MAT (ADVP-TMP (ADV +Tanne))
	  (VBP ren+t)
	  (NP-SBJ (NPR Marie))
	  (ADVP-DIR (ADV for+t))
	  (. ,))
  (ID CMAELR3,50.788))

/~*
Whider am I went?
(CMAELR3,52.824)
*~/
/*
6 ADVP-DIR:  6 ADVP-DIR, 7 *T*-1
*/

( (CP-QUE (WADVP-1 (WADV Whider))
	  (IP-SUB (ADVP-DIR *T*-1)
		  (BEP am)
		  (NP-SBJ (PRO I))
		  (VBN went))
	  (. ?))
  (ID CMAELR3,52.824))

/~*
Whider was I aschaped?
(CMAELR3,52.825)
*~/
/*
6 ADVP-DIR:  6 ADVP-DIR, 7 *T*-1
*/

( (CP-QUE (WADVP-1 (WADV Whider))
	  (IP-SUB (ADVP-DIR *T*-1)
		  (BED was)
		  (NP-SBJ (PRO I))
		  (VBN aschaped))
	  (. ?))
  (ID CMAELR3,52.825))

/~*
Wyder was I runne awey fro +ty face?
(CMAELR3,52.826)
*~/
/*
6 ADVP-DIR:  6 ADVP-DIR, 7 *T*-1
*/

( (CP-QUE (WADVP-1 (WADV Wyder))
	  (IP-SUB (ADVP-DIR *T*-1)
		  (BED was)
		  (NP-SBJ (PRO I))
		  (VBN runne)
		  (PP (P awey)
		      (PP (P fro)
			  (NP (PRO$ +ty) (N face)))))
	  (. ?))
  (ID CMAELR3,52.826))

/~*
Whedur schulde an erraunt scheep gon,
(CMAELR3,52.834)
*~/
/*
6 ADVP-DIR:  6 ADVP-DIR, 7 *T*-1
*/

( (CP-QUE (WADVP-1 (WADV Whedur))
	  (IP-SUB (ADVP-DIR *T*-1)
		  (MD schulde)
		  (NP-SBJ (D an) (ADJ erraunt) (N scheep))
		  (VB gon))
	  (. ,))
  (ID CMAELR3,52.834))

/~*
and +ter I was custummablely alto-gydere y-vsed to vnclennesse, he drow me
awey +tens +torou+g sauour and tast of inwarde gostly swetnesse,
(CMAELR3,53.869)
*~/
/*
43 ADVP-DIR:  43 ADVP-DIR, 48 +tens
*/

( (IP-MAT (CONJ and)
	  (ADVP-LOC (CP-FRL (WADVP-1 (ADV +ter))
			    (C 0)
			    (IP-SUB (ADVP-LOC *T*-1)
				    (NP-SBJ (PRO I))
				    (BED was)
				    (ADVP (ADV custummablely))
				    (ADVP (ADV alto-gydere))
				    (VAN y-vsed)
				    (PP (P to)
					(NP (N vnclennesse))))))
	  (, ,)
	  (NP-SBJ (PRO he))
	  (VBD drow)
	  (NP-OB1 (PRO me))
	  (ADVP-DIR (P awey)
		    (ADVP (ADV +tens)))
	  (PP (P +torou+g)
	      (NP (N sauour)
		  (CONJ and)
		  (N tast)
		  (PP (P of)
		      (NP (ADJ inwarde) (ADJ gostly) (N swetnesse)))))
	  (. ,))
  (ID CMAELR3,53.869))

/~*
and on +tat o+ter syde, +tat chaungynge of euele maneres, and vertues comyngge
in after vices, wipe+t awey +te vilanows schame of oold vnclene conuersacioun.
(CMAELR3,54.888)
*~/
/*
53 ADVP-DIR:  53 ADVP-DIR, 55 awey
*/

( (IP-MAT (CONJ and)
	  (PP (P on)
	      (NP (D +tat) (OTHER o+ter) (N syde)))
	  (, ,)
	  (NP-SBJ (NP (D +tat)
		      (N chaungynge)
		      (PP (P of)
			  (NP (ADJ euele) (NS maneres))))
		  (, ,)
		  (CONJP (CONJ and)
			 (NP (NS vertues)
			     (RRC (VAG comyngge)
				  (RP in)
				  (PP (P after)
				      (NP (NS vices)))))))
	  (, ,)
	  (VBP wipe+t)
	  (ADVP-DIR (ADV awey))
	  (NP-OB1 (D +te)
		  (ADJ vilanows)
		  (N schame)
		  (PP (P of)
		      (NP (ADJ oold) (ADJ vnclene) (N conuersacioun))))
	  (. .))
  (ID CMAELR3,54.888))

/~*
For dee+t put awey heuynesse of +tys lyf,
(CMAELR3,55.931)
*~/
/*
9 ADVP-DIR:  9 ADVP-DIR, 11 awey
*/

( (IP-MAT (CONJ For)
	  (NP-SBJ (N dee+t))
	  (VBP put)
	  (ADVP-DIR (ADV awey))
	  (NP-OB1 (N heuynesse)
		  (PP (P of)
		      (NP (D +tys) (N lyf))))
	  (. ,))
  (ID CMAELR3,55.931))

/~*
and surtee of clene conscience put awey al drede.
(CMAELR3,56.940)
*~/
/*
17 ADVP-DIR:  17 ADVP-DIR, 19 awey
*/

( (IP-MAT (CONJ and)
	  (NP-SBJ (N surtee)
		  (PP (P of)
		      (NP (ADJ clene) (N conscience))))
	  (VBP put)
	  (ADVP-DIR (ADV awey))
	  (NP-OB1 (Q al) (N drede))
	  (. .))
  (ID CMAELR3,56.940))

/~*
+tey wolde renne a-way,
(CMAELR3,57.982)
*~/
/*
9 ADVP-DIR:  9 ADVP-DIR, 11 a-way
*/

( (IP-MAT (NP-SBJ (PRO +tey))
	  (MD wolde)
	  (VB renne)
	  (ADVP-DIR (ADV a-way))
	  (. ,))
  (ID CMAELR3,57.982))

/~*
+gif +tey loke+t dounward, +te orrour of +te put of helle is a+gens here face.
(CMAELR3,57.985)
*~/
/*
14 ADVP-DIR:  14 ADVP-DIR, 16 dounward
*/

( (IP-MAT (PP (P +gif)
	      (CP-ADV (C 0)
		      (IP-SUB (NP-SBJ (PRO +tey))
			      (VBP loke+t)
			      (ADVP-DIR (RP+WARD dounward)))))
	  (, ,)
	  (NP-SBJ (D +te)
		  (N orrour)
		  (PP (P of)
		      (NP (D +te)
			  (N put)
			  (PP (P of)
			      (NP (NPR helle))))))
	  (BEP is)
	  (PP (P a+gens)
	      (NP (PRO$ here) (N face)))
	  (. .))
  (ID CMAELR3,57.985))

/~*
And whan +tey be+t itake awey and departid otterlyche fro +te blisse of God,
and ri+gtwyse men after heere degree and heere meryt be+t iput in among +te
ordres of holy angeles; +tanne +tannys let +tilke gloriouse processioun go
for+t in-to +te he+ge Ierusalem, +te cite euerlastyngge of heuene, Crist
hym-self as oure verrey heed goynge to-fore, and alle his blisful menbres
folwynge after.
(CMAELR3,58.1016)
*~/
/*
20 ADVP-DIR:  20 ADVP-DIR, 22 awey
101 ADVP-DIR:  101 ADVP-DIR, 103 +tannys
116 ADVP-DIR:  116 ADVP-DIR, 118 for+t
*/

( (IP-IMP (CONJ And)
	  (PP (P whan)
	      (CP-ADV (C 0)
		      (IP-SUB (IP-SUB (IP-SUB-1 (NP-SBJ (PRO +tey))
						(BEP be+t)
						(VAN itake)
						(ADVP-DIR (ADV awey)))
				      (CONJP (CONJ and)
					     (IP-SUB=1 (VAN departid)
						       (ADVP (ADV otterlyche))
						       (PP (P fro)
							   (NP (D +te)
							       (N blisse)
							       (PP (P of)
								   (NP (NPR God))))))))
			      (, ,)
			      (CONJP (CONJ and)
				     (IP-SUB (NP-SBJ (ADJ ri+gtwyse) (NS men))
					     (PP (P after)
						 (NP (NP (PRO$ heere) (N degree))
						     (CONJP (CONJ and)
							    (NP (PRO$ heere) (N meryt)))))
					     (BEP be+t)
					     (VAN iput)
					     (PP (RP in)
						 (P among)
						 (NP (D +te)
						     (NS ordres)
						     (PP (P of)
							 (NP (ADJ holy) (NS angeles))))))))))
	  (, ;)
	  (ADVP-TMP (ADV +tanne))
	  (ADVP-DIR (ADV +tannys))
	  (VBI let)
	  (IP-INF (NP-SBJ (D+ADJ +tilke) (ADJ gloriouse) (N processioun))
		  (VB go)
		  (ADVP-DIR (ADV for+t))
		  (PP (P in-to)
		      (NP (D +te)
			  (ADJ he+ge)
			  (NPR Ierusalem)
			  (, ,)
			  (NP-PRN (D +te)
				  (N cite)
				  (ADV+VAG euerlastyngge)
				  (PP (P of)
				      (NP (NPR heuene)))))))
	  (, ,)
	  (IP-ABS (IP-ABS (NP-SBJ (NPR Crist)
				  (NP-PRN (PRO+N hym-self)))
			  (PP (P as)
			      (NP (PRO$ oure) (ADJ verrey) (N heed)))
			  (VAG goynge)
			  (ADVP-LOC (ADV to-fore)))
		  (, ,)
		  (CONJP (CONJ and)
			 (IP-ABS (NP-SBJ (Q alle) (PRO$ his) (ADJ blisful) (NS menbres))
				 (VAG folwynge)
				 (ADVP-LOC (ADV after)))))
	  (. .))
  (ID CMAELR3,58.1016))
/*
FOOTER
  source file, hits/tokens/total
  C:\Users\Shoo\Dropbox\workspace\CorpusSearch_Auto\data\corporas\PPCME2\temp1492106398658\rules_charters_wills_laws_ecclesiastical_laws_and_proceedingstrials\cmaelr3.m23.psd	46/43/1054
*/
/*
HEADER:
source file:  C:\Users\Shoo\Dropbox\workspace\CorpusSearch_Auto\data\corporas\PPCME2\temp1492106398658\rules_charters_wills_laws_ecclesiastical_laws_and_proceedingstrials\cmbenrul.m3.psd
*/

/~*
+tu sal $be +tidir broht.
(CMBENRUL,2.40)
*~/
/*
9 ADVP-DIR:  9 ADVP-DIR, 11 +tidir
*/

( (IP-MAT (NP-SBJ (PRO +tu))
	  (MD sal)
	  (BE $be)
	  (ADVP-DIR (ADV +tidir))
	  (VAN broht)
	  (. .))
  (ID CMBENRUL,2.40))

/~*
+te riht +tidir at cume +tai sal haue,
(CMBENRUL,2.44)
*~/
/*
8 ADVP-DIR:  8 ADVP-DIR, 10 +tidir
*/

( (IP-MAT (NP-OB1 (D +te)
		  (ADJ riht)
		  (IP-INF (ADVP-DIR (ADV +tidir))
			  (TO at)
			  (VB cume)))
	  (NP-SBJ (PRO +tai))
	  (MD sal)
	  (HV haue)
	  (. ,))
  (ID CMBENRUL,2.44))

/~*
wen it es forht broht, +tan es it als +te lede.
(CMBENRUL,4.106)
*~/
/*
14 ADVP-DIR:  14 ADVP-DIR, 16 forht
*/

( (IP-MAT (PP (P wen)
	      (CP-ADV (C 0)
		      (IP-SUB (NP-SBJ (PRO it))
			      (BEP es)
			      (ADVP-DIR (ADV forht))
			      (VAN broht))))
	  (, ,)
	  (ADVP-TMP (ADV +tan))
	  (BEP es)
	  (NP-SBJ (PRO it))
	  (PP (P als)
	      (NP (D +te) (N lede)))
	  (. .))
  (ID CMBENRUL,4.106))

/~*
Man ah ye noht at sla; na to licherie ga; Na til +tifte; Na cuuatus; Ne bere
fals witnes, bot onur alle men; & do til na man bot als tu walde man did to
+te; And leue +tin ahen wille, and foliz godis wil; and halde +te in chastite,
and iuil langingis do away;
(CMBENRUL,8.249)
*~/
/*
188 ADVP-DIR:  188 ADVP-DIR, 190 away
*/

( (IP-MAT (IP-MAT-1 (NP-OB1 (N Man))
		    (MD ah)
		    (NP-SBJ (PRO ye))
		    (NEG noht)
		    (TO at)
		    (VB sla))
	  (, ;)
	  (CONJP (CONJ na)
		 (IP-MAT=1 (PP (PP (P to)
				   (NP (N licherie)))
			       (CONJP *ICH*-2))
			   (VB ga)
			   (, ;)
			   (CONJP-2 (CONJ Na)
				    (PP (P til)
					(NP (NP (N +tifte))
					    (, ;)
					    (CONJP (CONJ Na)
						   (ADJP (ADJ cuuatus))))))))
	  (, ;)
	  (CONJP (CONJ Ne)
		 (IP-MAT=1 (VB bere)
			   (NP-OB1 (ADJ fals) (N witnes))))
	  (, ,)
	  (CONJP (CONJ bot)
		 (IP-MAT=1 (VB onur)
			   (NP-OB1 (Q alle) (NS men))))
	  (, ;)
	  (CONJP (CONJ &)
		 (IP-MAT=1 (DO do)
			   (PP (P til)
			       (NP (Q na) (N man)))
			   (PP (P bot)
			       (PP (P als)
				   (CP-ADV (WADVP-3 0)
					   (C 0)
					   (IP-SUB (ADVP *T*-3)
						   (NP-SBJ (PRO tu))
						   (VBP walde)
						   (CP-THT (C 0)
							   (IP-SUB (NP-SBJ (MAN man))
								   (DOD did)
								   (PP (P to)
								       (NP (PRO +te)))))))))))
	  (, ;)
	  (CONJP (CONJ And)
		 (IP-MAT=1 (VB leue)
			   (NP-OB1 (PRO$ +tin) (ADJ ahen) (N wille))))
	  (, ,)
	  (CONJP (CONJ and)
		 (IP-MAT=1 (VB foliz)
			   (NP-OB1 (NPR$ godis) (N wil))))
	  (, ;)
	  (CONJP (CONJ and)
		 (IP-MAT=1 (VB halde)
			   (NP-OB1 (PRO +te))
			   (PP (P in)
			       (NP (N chastite)))))
	  (, ,)
	  (CONJP (CONJ and)
		 (IP-MAT=1 (NP-OB1 (ADJ iuil) (NS langingis))
			   (DO do)
			   (ADVP-DIR (ADV away))))
	  (. ;))
  (ID CMBENRUL,8.249))

/~*
wicke +tohtis do oway +tat to yu cume,
(CMBENRUL,9.276)
*~/
/*
11 ADVP-DIR:  11 ADVP-DIR, 13 oway
*/

( (IP-IMP (NP-OB1 (ADJ wicke)
		  (NS +tohtis)
		  (CP-REL *ICH*-1))
	  (DOI do)
	  (ADVP-DIR (ADV oway))
	  (CP-REL-1 (WNP-2 0)
		    (C +tat)
		    (IP-SUB (NP-SBJ *T*-2)
			    (PP (P to)
				(NP (PRO yu)))
			    (VBP cume)))
	  (. ,))
  (ID CMBENRUL,9.276))

/~*
and bide +taim ga forz,
(CMBENRUL,9.277)
*~/
/*
12 ADVP-DIR:  12 ADVP-DIR, 14 forz
*/

( (IP-IMP (CONJ and)
	  (VBI bide)
	  (IP-INF (NP-SBJ (PRO +taim))
		  (VB ga)
		  (ADVP-DIR (ADV forz)))
	  (. ,))
  (ID CMBENRUL,9.277))

/~*
his cumandement do noht oway;
(CMBENRUL,9.288)
*~/
/*
11 ADVP-DIR:  11 ADVP-DIR, 13 oway
*/

( (IP-IMP (NP-OB1 (PRO$ his) (N cumandement))
	  (DOI do)
	  (NEG noht)
	  (ADVP-DIR (ADV oway))
	  (. ;))
  (ID CMBENRUL,9.288))

/~*
and kaste pride oway;
(CMBENRUL,9.290)
*~/
/*
9 ADVP-DIR:  9 ADVP-DIR, 11 oway
*/

( (IP-IMP (CONJ and)
	  (VBI kaste)
	  (NP-OB1 (N pride))
	  (ADVP-DIR (ADV oway))
	  (. ;))
  (ID CMBENRUL,9.290))

/~*
God giue us +tat ilke mede +tat he hizte til hise freendis, +tat nan eye may
se, ne erin here, ne herte forz telle, what god hauis graid til +ta +tat luues
him.
(CMBENRUL,9.300)
*~/
/*
82 ADVP-DIR:  82 ADVP-DIR, 84 forz
*/

( (IP-MAT (NP-SBJ (NPR God))
	  (VBP giue)
	  (NP-OB2 (PRO us))
	  (NP-OB1 (D +tat)
		  (ADJ ilke)
		  (N mede)
		  (CP-REL (WNP-1 0)
			  (C +tat)
			  (IP-SUB (NP-OB1 *T*-1)
				  (NP-SBJ (PRO he))
				  (VBP hizte)
				  (PP (P til)
				      (NP (PRO$ hise) (NS freendis)))))
		  (, ,)
		  (CP-REL (WNP-2 0)
			  (C +tat)
			  (IP-SUB (IP-SUB-3 (NP-OB1 *T*-2)
					    (NP-SBJ (Q nan) (N eye))
					    (MD may)
					    (VB se))
				  (, ,)
				  (CONJP (CONJ ne)
					 (IP-SUB=3 (NP-OB1 *T*-2)
						   (NP-SBJ (NS erin))
						   (VB here)))
				  (, ,)
				  (CONJP (CONJ ne)
					 (IP-SUB=3 (NP-OB1 *T*-2)
						   (NP-SBJ (N herte))
						   (ADVP-DIR (ADV forz))
						   (VB telle)))))
		  (, ,)
		  (CP-REL (WNP-4 (WPRO what))
			  (C 0)
			  (IP-SUB (NP-OB1 *T*-4)
				  (NP-SBJ (NPR god))
				  (HVP hauis)
				  (VBN graid)
				  (PP (P til)
				      (NP (D +ta)
					  (CP-REL (WNP-5 0)
						  (C +tat)
						  (IP-SUB (NP-SBJ *T*-5)
							  (VBP luues)
							  (NP-OB1 (PRO him)))))))))
	  (. .))
  (ID CMBENRUL,9.300))

/~*
Loke +tat ye fle sinne, yef ye wile cume to +te ioy of heuin fra +te pines of
helle; +tat yure wyl be euir at gete yu fra sca+te; +tat ye gete yu fra iuil
+tohtes, yure tunges fra iuil speche, yure eyen, yure hend, yure fete fra
vnait gate, fra iuil wylle; And scere o-way al +te langing of yure fleis.
(CMBENRUL,11.392)
*~/
/*
190 ADVP-DIR:  190 ADVP-DIR, 192 o-way
*/

( (IP-IMP (VBI Loke)
	  (CP-THT (CP-THT (C +tat)
			  (IP-SUB (NP-SBJ (PRO ye))
				  (VBP fle)
				  (NP-OB1 (N sinne))
				  (, ,)
				  (PP (P yef)
				      (CP-ADV (C 0)
					      (IP-SUB (NP-SBJ (PRO ye))
						      (MD wile)
						      (VB cume)
						      (PP (P to)
							  (NP (D +te)
							      (N ioy)
							      (PP (P of)
								  (NP (NPR heuin)))))
						      (PP (P fra)
							  (NP (D +te)
							      (NS pines)
							      (PP (P of)
								  (NP (NPR helle))))))))))
		  (, ;)
		  (CONJP (CP-THT (C +tat)
				 (IP-SUB (NP-SBJ (PRO$ yure) (N wyl))
					 (BEP be)
					 (ADVP-TMP (ADV euir))
					 (IP-INF (TO at)
						 (VB gete)
						 (NP-OB1 (PRO yu))
						 (PP (P fra)
						     (NP (N sca+te)))))))
		  (, ;)
		  (CONJP (CP-THT (C +tat)
				 (IP-SUB (IP-SUB (IP-SUB-1 (NP-SBJ (PRO ye))
							   (VBP gete)
							   (NP-OB1 (PRO yu))
							   (PP (P fra)
							       (NP (ADJ iuil) (NS +tohtes))))
						 (, ,)
						 (CONJP (IP-SUB=1 (NP-OB1 (PRO$ yure) (NS tunges))
								  (PP (P fra)
								      (NP (ADJ iuil) (N speche)))))
						 (, ,)
						 (CONJP (IP-SUB=1 (NP-OB1 (NP (PRO$ yure) (NS eyen))
									  (, ,)
									  (CONJP (NP (PRO$ yure) (N hend)))
									  (, ,)
									  (CONJP (NP (PRO$ yure) (NS fete))))
								  (PP (PP (P fra)
									  (NP (ADJ vnait) (N gate)))
								      (, ,)
								      (CONJP (PP (P fra)
										 (NP (ADJ iuil) (N wylle))))))))
					 (, ;)
					 (CONJP (CONJ And)
						(IP-SUB (NP-SBJ *con*)
							(VBP scere)
							(ADVP-DIR (ADV o-way))
							(NP-OB1 (Q al)
								(D +te)
								(N langing)
								(PP (P of)
								    (NP (PRO$ yure) (N fleis))))))))))
	  (. .))
  (ID CMBENRUL,11.392))

/~*
And whyder +tai wyl lede yu, resun sal ye yelde of +tam.
(CMBENRUL,12.398)
*~/
/*
12 ADVP-DIR:  12 ADVP-DIR, 13 *T*-1
*/

( (IP-MAT (CONJ And)
	  (ADVP-DIR (CP-FRL (WADVP-1 (WADV whyder))
			    (C 0)
			    (IP-SUB (ADVP-DIR *T*-1)
				    (NP-SBJ (PRO +tai))
				    (MD wyl)
				    (VB lede)
				    (NP-OB1 (PRO yu)))))
	  (, ,)
	  (NP-OB1 (N resun))
	  (MD sal)
	  (NP-SBJ (PRO ye))
	  (VB yelde)
	  (PP (P of)
	      (NP (PRO +tam)))
	  (. .))
  (ID CMBENRUL,12.398))

/~*
for +ti es gude +tat ye doe o-way yure wicke dedis & +tohtes;
(CMBENRUL,12.416)
*~/
/*
24 ADVP-DIR:  24 ADVP-DIR, 26 o-way
*/

( (IP-MAT (NP-SBJ-1 *exp*)
	  (PP (P for)
	      (NP (D +ti)))
	  (BEP es)
	  (ADJP (ADJ gude))
	  (CP-THT-1 (C +tat)
		    (IP-SUB (NP-SBJ (PRO ye))
			    (DOP doe)
			    (ADVP-DIR (ADV o-way))
			    (NP-OB1 (PRO$ yure)
				    (ADJ wicke)
				    (NS dedis)
				    (CONJP (CONJ &)
					   (NX (NS +tohtes))))))
	  (. ;))
  (ID CMBENRUL,12.416))

/~*
wen +tai ar said, +te hundred seuintende and +te sextid +te secunde, si+tin
+te benichune, and a leschun red of +ta apocalips wid gude deuocion, & te
respun, and te ymne ambrosine, and te uerset, and te antefen of +te gospel, &
te letanie, and sent forz.
(CMBENRUL,17.591)
*~/
/*
149 ADVP-DIR:  149 ADVP-DIR, 151 forz
*/

( (FRAG (PP (P wen)
	    (CP-ADV (C 0)
		    (IP-SUB (NP-SBJ (PRO +tai))
			    (BEP ar)
			    (VAN said))))
	(, ,)
	(NP (NP (D +te)
		(ADJP (NUM hundred) (ADJ seuintende)))
	    (CONJP (CONJ and)
		   (NP (D +te)
		       (ADJP (NUM sextid) (D +te) (ADJ secunde)))))
	(, ,)
	(ADVP-TMP (ADV si+tin))
	(NP (NP (D +te) (N benichune))
	    (, ,)
	    (CONJP (CONJ and)
		   (NP (D a)
		       (N leschun)
		       (RRC (VAN red)
			    (PP (P of)
				(NP (D +ta) (N apocalips)))
			    (PP (P wid)
				(NP (ADJ gude) (N deuocion))))))
	    (, ,)
	    (CONJP (CONJ &)
		   (NP (D te) (N respun)))
	    (, ,)
	    (CONJP (CONJ and)
		   (NP (D te)
		       (N ymne)
		       (ADJP (ADJ ambrosine))))
	    (, ,)
	    (CONJP (CONJ and)
		   (NP (D te) (N uerset)))
	    (, ,)
	    (CONJP (CONJ and)
		   (NP (D te)
		       (N antefen)
		       (PP (P of)
			   (NP (D +te) (NPR gospel)))))
	    (, ,)
	    (CONJP (CONJ &)
		   (NP (D te) (N letanie)))
	    (, ,)
	    (CONJP (CONJ and)
		   (FRAG (VAN sent)
			 (ADVP-DIR (ADV forz)))))
	(. .))
  (ID CMBENRUL,17.591))

/~*
And yef +tai be fa, saie it plane forde.
(CMBENRUL,18.625)
*~/
/*
29 ADVP-DIR:  29 ADVP-DIR, 31 forde
*/

( (IP-IMP (CONJ And)
	  (PP (P yef)
	      (CP-ADV (C 0)
		      (IP-SUB (NP-SBJ (PRO +tai))
			      (BEP be)
			      (NP-OB1 (Q fa)))))
	  (, ,)
	  (VBI saie)
	  (NP-OB1 (PRO it))
	  (ADVP (ADV plane))
	  (ADVP-DIR (ADV forde))
	  (. .))
  (ID CMBENRUL,18.625))

/~*
O +tis maner sal +te vris be sent forde.
(CMBENRUL,18.628)
*~/
/*
21 ADVP-DIR:  21 ADVP-DIR, 23 forde
*/

( (IP-MAT (PP (P O)
	      (NP (D +tis) (N maner)))
	  (MD sal)
	  (NP-SBJ (D +te) (NS vris))
	  (BE be)
	  (VAN sent)
	  (ADVP-DIR (ADV forde))
	  (. .))
  (ID CMBENRUL,18.628))

/~*
Cumplin sal be saide wid +tre salmis wid-vten antefens, & si+tin +te ymne +tat
fallis +tar-to, A lescun, and te verset, & si+tin "Kyryeleison," and te
benicun, and sent forde +te vris til god.
(CMBENRUL,18.629)
*~/
/*
107 ADVP-DIR:  107 ADVP-DIR, 109 forde
*/

( (IP-MAT (IP-MAT-1 (NP-SBJ (N Cumplin))
		    (MD sal)
		    (BE be)
		    (VAN saide)
		    (PP (P wid)
			(NP (NUM +tre)
			    (NS salmis)
			    (PP (P wid-vten)
				(NP (NS antefens)))))
		    (, ,)
		    (FRAG (FRAG (CONJ &)
				(ADVP-TMP (ADV si+tin))
				(NP (NP (D +te)
					(N ymne)
					(CP-REL (WNP-2 0)
						(C +tat)
						(IP-SUB (NP-SBJ *T*-2)
							(VBP fallis)
							(PP (ADV+P +tar-to)))))
				    (, ,)
				    (CONJP (NP (D A) (N lescun)))
				    (, ,)
				    (CONJP (CONJ and)
					   (NP (D te) (N verset)))))
			  (, ,)
			  (CONJP (CONJ &)
				 (FRAG (ADVP-TMP (ADV si+tin))
				       (" ")
				       (NP (NP (NPR Kyryeleison))
					   (, ,)
					   (" ")
					   (CONJP (CONJ and)
						  (NP (D te) (N benicun))))))))
	  (, ,)
	  (CONJP (CONJ and)
		 (IP-MAT=1 (VAN sent)
			   (ADVP-DIR (ADV forde))
			   (NP-SBJ (D +te) (NS vris))
			   (PP (P til)
			       (NP (NPR god)))))
	  (. .))
  (ID CMBENRUL,18.629))

/~*
Do a-way +te wycke fra yu. "
(CMBENRUL,23.777)
*~/
/*
4 ADVP-DIR:  4 ADVP-DIR, 6 a-way
*/

( (IP-IMP-SPE (DOI Do)
	      (ADVP-DIR (ADV a-way))
	      (NP-OB1 (D +te) (ADJ wycke))
	      (PP (P fra)
		  (NP (PRO yu)))
	      (. .)
	      (" "))
  (ID CMBENRUL,23.777))

/~*
yef so be vnleel, do hyr A-way. "
(CMBENRUL,23.779)
*~/
/*
24 ADVP-DIR:  24 ADVP-DIR, 26 A-way
*/

( (IP-IMP-SPE (PP (P yef)
		  (CP-ADV-SPE (C 0)
			      (IP-SUB-SPE (NP-SBJ (PRO so))
					  (BEP be)
					  (ADJP (ADJ vnleel)))))
	      (, ,)
	      (DOI do)
	      (NP-OB1 (PRO hyr))
	      (ADVP-DIR (ADV A-way))
	      (. .)
	      (" "))
  (ID CMBENRUL,23.779))

/~*
and sais +tat of alle o+tir vices sal man fle +tis, +tat nan be sua hardy,
+tat tay o-way do ne giue na +ting wid-vten leue of +tabbesse, ne +tat nan
haue in propirte, boke ne tabils, ne nan o+tir +ting;
(CMBENRUL,25.838)
*~/
/*
58 ADVP-DIR:  58 ADVP-DIR, 60 o-way
*/

( (IP-MAT (CONJ and)
	  (NP-SBJ *con*)
	  (VBP sais)
	  (CP-THT (C +tat)
		  (IP-SUB (PP (P of)
			      (NP (Q alle) (OTHER o+tir) (NS vices)))
			  (MD sal)
			  (NP-SBJ (MAN man))
			  (VB fle)
			  (NP-OB1 (D +tis))
			  (, ,)
			  (CP-ADV (C +tat)
				  (IP-SUB (NP-SBJ (Q nan))
					  (BEP be)
					  (ADJP (ADVR sua)
						(ADJ hardy)
						(, ,)
						(CP-DEG (CP-DEG (C +tat)
								(IP-SUB (NP-SBJ (PRO tay))
									(ADVP-DIR (ADV o-way))
									(DOP (DOP do)
									     (CONJP (CONJ ne) (VBP giue)))
									(NP-OB1 (Q na) (N +ting))
									(PP (P wid-vten)
									    (NP (N leue)
										(PP (P of)
										    (NP (D+N +tabbesse)))))))
							(, ,)
							(CONJP (CONJ ne)
							       (CP-DEG (C +tat)
								       (IP-SUB (NP-SBJ (Q nan))
									       (HVP haue)
									       (PP (P in)
										   (NP (N propirte)))
									       (, ,)
									       (NP-OB1 (NP (N boke))
										       (CONJP (CONJ ne)
											      (NP (NS tabils)))
										       (, ,)
										       (CONJP (CONJ ne)
											      (NP (Q nan) (OTHER o+tir) (N +ting)))))))))))))
	  (. ;))
  (ID CMBENRUL,25.838))

/~*
When +te cuuent cumes forz owte of +te kirke, sho sal lie dun agayne by-fore
+te dore til +tai be passid.
(CMBENRUL,31.1018)
*~/
/*
16 ADVP-DIR:  16 ADVP-DIR, 18 forz
*/

( (IP-MAT (PP (P When)
	      (CP-ADV (C 0)
		      (IP-SUB (NP-SBJ (D +te) (N cuuent))
			      (VBP cumes)
			      (ADVP-DIR (ADV forz))
			      (PP (RP owte)
				  (P of)
				  (NP (D +te) (N kirke))))))
	  (, ,)
	  (NP-SBJ (PRO sho))
	  (MD sal)
	  (VB lie)
	  (RP dun)
	  (ADVP (ADV agayne))
	  (PP (P by-fore)
	      (NP (D +te) (N dore)))
	  (PP (P til)
	      (CP-ADV (C 0)
		      (IP-SUB (NP-SBJ (PRO +tai))
			      (BEP be)
			      (VAN passid))))
	  (. .))
  (ID CMBENRUL,31.1018))

/~*
When +te vris of god es done, +tanne sal alle ga for+t and make reuerence to
god.
(CMBENRUL,34.1119)
*~/
/*
37 ADVP-DIR:  37 ADVP-DIR, 39 for+t
*/

( (IP-MAT (IP-MAT-1 (PP (P When)
			(CP-ADV (C 0)
				(IP-SUB (NP-SBJ (D +te)
						(NS vris)
						(PP (P of)
						    (NP (NPR god))))
					(BEP es)
					(DAN done)
					(, ,))))
		    (ADVP-TMP (ADV +tanne))
		    (MD sal)
		    (NP-SBJ (Q alle))
		    (VB ga)
		    (ADVP-DIR (ADV for+t)))
	  (CONJP (CONJ and)
		 (IP-MAT=1 (VB make)
			   (NP-OB1 (N reuerence))
			   (PP (P to)
			       (NP (NPR god)))))
	  (. .))
  (ID CMBENRUL,34.1119))

/~*
Yef ani sistir metis +tam, mekelike sal sho aske +tair benicun and si+tin
passe forz, yef sho hauis na leue for to speke wid +tam.
(CMBENRUL,36.1152)
*~/
/*
48 ADVP-DIR:  48 ADVP-DIR, 50 forz
*/

( (IP-MAT (IP-MAT-1 (PP (P Yef)
			(CP-ADV (C 0)
				(IP-SUB (NP-SBJ (Q ani) (N sistir))
					(VBP metis)
					(NP-OB1 (PRO +tam)))))
		    (, ,)
		    (ADVP (ADV mekelike))
		    (MD sal)
		    (CODE <P_36>)
		    (NP-SBJ (PRO sho))
		    (VB aske)
		    (NP-OB1 (PRO$ +tair) (N benicun)))
	  (CONJP (CONJ and)
		 (IP-MAT=1 (ADVP-TMP (ADV si+tin))
			   (VB passe)
			   (ADVP-DIR (ADV forz))
			   (, ,)
			   (PP (P yef)
			       (CP-ADV (C 0)
				       (IP-SUB (NP-SBJ (PRO sho))
					       (HVP hauis)
					       (NP-OB1 (Q na)
						       (N leue)
						       (IP-INF (FOR for)
							       (TO to)
							       (VB speke)
							       (PP (P wid)
								   (NP (PRO +tam))))))))))
	  (. .))
  (ID CMBENRUL,36.1152))

/~*
and yef +tu ne may, ga forz al deliuir. "
(CMBENRUL,38.1222)
*~/
/*
24 ADVP-DIR:  24 ADVP-DIR, 26 forz
*/

( (IP-IMP-SPE (CONJ and)
	      (PP (P yef)
		  (CP-ADV-SPE (C 0)
			      (IP-SUB-SPE (NP-SBJ (PRO +tu))
					  (NEG ne)
					  (MD may)
					  (VB *))))
	      (, ,)
	      (VBI ga)
	      (ADVP-DIR (ADV forz))
	      (ADJP-SPR (Q al) (ADJ deliuir))
	      (. .)
	      (" "))
  (ID CMBENRUL,38.1222))

/~*
Yef it sua be, +tat alle +te cuuent chesis ane +tat wil consent til +taire
vices, +te abbotis +tat es +tare, and +te folke of +te cuntre, sal defende
+tat tat felun lecciun be noht forth broth.
(CMBENRUL,42.1325)
*~/
/*
115 ADVP-DIR:  115 ADVP-DIR, 117 forth
*/

( (IP-MAT (PP (P Yef)
	      (CP-ADV (C 0)
		      (IP-SUB (NP-SBJ-1 (PRO it))
			      (ADVP (ADV sua))
			      (BEP be)
			      (, ,)
			      (CP-THT-1 (C +tat)
					(IP-SUB (NP-SBJ (Q alle) (D +te) (N cuuent))
						(VBP chesis)
						(NP-OB1 (ONE ane)
							(CP-REL (WNP-2 0)
								(C +tat)
								(IP-SUB (NP-SBJ *T*-2)
									(MD wil)
									(VB consent)
									(PP (P til)
									    (NP (PRO$ +taire) (NS vices)))))))))))
	  (, ,)
	  (NP-SBJ (NP (D +te)
		      (NS abbotis)
		      (CP-REL (WNP-3 0)
			      (C +tat)
			      (IP-SUB (NP-SBJ *T*-3)
				      (BEP es)
				      (ADVP-LOC (ADV +tare)))))
		  (, ,)
		  (CONJP (CONJ and)
			 (NP (D +te)
			     (N folke)
			     (PP (P of)
				 (NP (D +te) (N cuntre))))))
	  (, ,)
	  (MD sal)
	  (VB defende)
	  (CP-THT (C +tat)
		  (IP-SUB (NP-SBJ (D tat) (ADJ felun) (N lecciun))
			  (BEP be)
			  (NEG noht)
			  (ADVP-DIR (ADV forth))
			  (VAN broth)))
	  (. .))
  (ID CMBENRUL,42.1325))

/~*
Sho salle noht suffir +te beli pipe be brokin; +tat when sho seis ani of hir
sistirs be chargid with sinne, sho salle noht greue hir sua mikil, +tat sho
fle a-way,
(CMBENRUL,42.1334)
*~/
/*
97 ADVP-DIR:  97 ADVP-DIR, 99 a-way
*/

( (IP-MAT (NP-SBJ (PRO Sho))
	  (MD salle)
	  (NEG noht)
	  (VB suffir)
	  (IP-INF (NP-SBJ (D +te) (N beli) (N pipe))
		  (BE be)
		  (VAN brokin))
	  (, ;)
	  (CP-ADV (C +tat)
		  (IP-SUB (PP (P when)
			      (CP-ADV (C 0)
				      (IP-SUB (NP-SBJ (PRO sho))
					      (VBP seis)
					      (CP-THT (C 0)
						      (IP-SUB (NP-SBJ (Q ani)
								      (PP (P of)
									  (NP (PRO$ hir) (NS sistirs))))
							      (BEP be)
							      (VAN chargid)
							      (PP (P with)
								  (NP (N sinne))))))))
			  (, ,)
			  (NP-SBJ (PRO sho))
			  (MD salle)
			  (NEG noht)
			  (VB greue)
			  (NP-OB1 (PRO hir))
			  (NP-MSR (QP (ADVR sua) (Q mikil))
				  (, ,)
				  (CP-DEG (C +tat)
					  (IP-SUB (NP-SBJ (PRO sho))
						  (VBP fle)
						  (ADVP-DIR (ADV a-way)))))))
	  (. ,))
  (ID CMBENRUL,42.1334))
/*
FOOTER
  source file, hits/tokens/total
  C:\Users\Shoo\Dropbox\workspace\CorpusSearch_Auto\data\corporas\PPCME2\temp1492106398658\rules_charters_wills_laws_ecclesiastical_laws_and_proceedingstrials\cmbenrul.m3.psd	25/25/1454
*/
/*
SUMMARY:  
source files, hits/tokens/total
  C:\Users\Shoo\Dropbox\workspace\CorpusSearch_Auto\data\corporas\PPCME2\temp1492106398658\rules_charters_wills_laws_ecclesiastical_laws_and_proceedingstrials\cmaelr3.m23.psd	46/43/1054
  C:\Users\Shoo\Dropbox\workspace\CorpusSearch_Auto\data\corporas\PPCME2\temp1492106398658\rules_charters_wills_laws_ecclesiastical_laws_and_proceedingstrials\cmbenrul.m3.psd	25/25/1454
whole search, hits/tokens/total
		71/68/2508
*/
