/*
PREFACE:  
Copyright 2010 Beth Randall
Date:  Thu Apr 13 18:58:54 BST 2017

command file:     data\searches\queries\PENN\progressive_forms_in_reduced_relatives.q
output file:      C:\Users\Shoo\Dropbox\workspace\CorpusSearch_Auto\data\output\13-04-2017 18.46.36.333 PPCMBE\progressive_forms_in_reduced_relatives\fiction_romances_dramacomedies_and_verse\result.out

node:   RRC|BAG*|HAG*|VAG*|DAG*
query:  (BAG*|HAG*|VAG*|DAG* Dominates  !BAG*|HAG*|VAG*|DAG*) 
  AND  (RRC Dominates  BAG*|HAG*|VAG*|DAG*) 
*/
/*
HEADER:
source file:  C:\Users\Shoo\Dropbox\workspace\CorpusSearch_Auto\data\corporas\PPCMBE\temp1492106160469\fiction_romances_dramacomedies_and_verse\brougham-1861.psd
*/

/~*
Dr. S. You $can $n't think of any reason springing from yourself - any slight
jealousy or misconception?
(BROUGHAM-1861,8.254)
*~/
/*
29 VAG:  29 VAG, 30 springing, 28 RRC
*/
( (IP-MAT (META (NP (NPR Dr.) (NPR S.)))
	  (NP-SBJ (PRO You))
	  (MD $can)
	  (NEG $n't)
	  (CODE {TEXT:can't})
	  (VB think)
	  (PP (P of)
	      (NP (NP (Q any)
		      (N reason)
		      (RRC (VAG springing)
			   (PP (P from)
			       (NP (PRO$+N yourself)))))
		  (, -)
		  (CONJP (NP (Q any)
			     (ADJ slight)
			     (N jealousy)
			     (CONJP (CONJ or)
				    (NX (N misconception)))))))
	  (. ?))
  (ID BROUGHAM-1861,8.254))
/*
FOOTER
  source file, hits/tokens/total
  C:\Users\Shoo\Dropbox\workspace\CorpusSearch_Auto\data\corporas\PPCMBE\temp1492106160469\fiction_romances_dramacomedies_and_verse\brougham-1861.psd	1/1/1202
*/
/*
HEADER:
source file:  C:\Users\Shoo\Dropbox\workspace\CorpusSearch_Auto\data\corporas\PPCMBE\temp1492106160469\fiction_romances_dramacomedies_and_verse\collier-1835.psd
*/

/~*
- A handsome Apartment in Lady Caroline Butler's Mansion, opening on to a
spacious Lawn.
(COLLIER-1835,5.6)
*~/
/*
29 VAG:  29 VAG, 30 opening, 28 RRC
*/

( (META (NP (, -)
	    (CODE <font>)
	    (D A)
	    (ADJ handsome)
	    (N Apartment)
	    (PP (P in)
		(NP (NP-POS (NPR Lady) (NPR Caroline) (NPR$ Butler's))
		    (N Mansion)))
	    (, ,)
	    (RRC (VAG opening)
		 (PP (RP on)
		     (P to)
		     (NP (D a) (ADJ spacious) (N Lawn)))))
	(. .))
  (ID COLLIER-1835,5.6))

/~*
Lady Caroline, I am certain, must have received my uncle's letter, informing
her that we should be here to breakfast.
(COLLIER-1835,5.15)
*~/
/*
42 VAG:  42 VAG, 43 informing, 41 RRC
*/

( (IP-MAT (NP-TPC-1 (NPR Lady) (NPR Caroline))
	  (, ,)
	  (NP-SBJ (PRO I))
	  (BEP am)
	  (ADJP (ADJ certain)
		(, ,)
		(CP-THT (C 0)
			(IP-SUB (NP-SBJ *T*-1)
				(MD must)
				(HV have)
				(VBN received)
				(NP-OB1 (NP-POS (PRO$ my) (N$ uncle's))
					(N letter)
					(, ,)
					(RRC (VAG informing)
					     (NP-OB1 (PRO her))
					     (CP-THT (C that)
						     (IP-SUB (NP-SBJ (PRO we))
							     (MD should)
							     (BE be)
							     (ADVP-LOC (ADV here))
							     (PP (P to)
								 (NP (N breakfast))))))))))
	  (. .))
  (ID COLLIER-1835,5.15))

/~*
I shall, I fear, have too much reason to believe all the reports I have heard
concerning her ladyships strange mode of living.
(COLLIER-1835,5.16)
*~/
/*
55 VAG:  55 VAG, 56 concerning, 54 RRC
*/

( (IP-MAT (NP-SBJ (PRO I))
	  (MD shall)
	  (, ,)
	  (IP-MAT-PRN (NP-SBJ (PRO I))
		      (VBP fear))
	  (, ,)
	  (HV have)
	  (NP-OB1 (QP (ADVR too) (Q much))
		  (N reason)
		  (IP-INF (TO to)
			  (VB believe)
			  (NP-OB1 (Q all)
				  (D the)
				  (NS reports)
				  (CP-REL (WNP-1 0)
					  (C 0)
					  (IP-SUB (NP-OB1 *T*-1)
						  (NP-SBJ (PRO I))
						  (HVP have)
						  (VBN heard)))
				  (RRC (VAG concerning)
				       (NP-OB1 (NP-POS (PRO$ her) (N$ ladyships))
					       (CODE {COM:sic})
					       (ADJ strange)
					       (N mode)
					       (PP (P of)
						   (NP (N living))))))))
	  (. .))
  (ID COLLIER-1835,5.16))
/*
FOOTER
  source file, hits/tokens/total
  C:\Users\Shoo\Dropbox\workspace\CorpusSearch_Auto\data\corporas\PPCMBE\temp1492106160469\fiction_romances_dramacomedies_and_verse\collier-1835.psd	3/3/1122
*/
/*
HEADER:
source file:  C:\Users\Shoo\Dropbox\workspace\CorpusSearch_Auto\data\corporas\PPCMBE\temp1492106160469\fiction_romances_dramacomedies_and_verse\colman-1805.psd
*/

/~*
Frank. An annuity, flowing from the fortune, I suppose, of the woman I marry!
(COLMAN-1805,32.437)
*~/
/*
19 VAG:  19 VAG, 20 flowing, 18 RRC
*/

( (NP (META (CODE <font>)
	    (NP (NPR Frank))
	    (, .)
	    (CODE <$$font>))
      (D An)
      (N annuity)
      (, ,)
      (RRC (VAG flowing)
	   (PP (P from)
	       (NP (D the)
		   (N fortune)
		   (, ,)
		   (IP-MAT-PRN (NP-SBJ (PRO I))
			       (VBP suppose))
		   (, ,)
		   (PP (P of)
		       (NP (D the)
			   (N woman)
			   (CP-REL (WNP-1 0)
				   (C 0)
				   (IP-SUB (NP-OB1 *T*-1)
					   (NP-SBJ (PRO I))
					   (VBP marry))))))))
      (. !))
  (ID COLMAN-1805,32.437))

/~*
Sir Simon. Bless me! the epidemic, perhaps, raging among the members, at the
moment.
(COLMAN-1805,43.812)
*~/
/*
36 VAG:  36 VAG, 37 raging, 35 RRC
*/

( (NP (META (CODE <font>)
	    (NP (NPR Sir) (NPR Simon))
	    (, .)
	    (CODE <$$font>))
      (IP-MAT-PRN (NP-SBJ *pro*)
		  (VBP Bless)
		  (NP-OB1 (PRO me)))
      (, !)
      (D the)
      (N epidemic)
      (, ,)
      (ADVP (ADV perhaps))
      (, ,)
      (RRC (VAG raging)
	   (PP (P among)
	       (NP (D the) (NS members)))
	   (, ,)
	   (PP (P at)
	       (NP (D the) (N moment))))
      (. .))
  (ID COLMAN-1805,43.812))
/*
FOOTER
  source file, hits/tokens/total
  C:\Users\Shoo\Dropbox\workspace\CorpusSearch_Auto\data\corporas\PPCMBE\temp1492106160469\fiction_romances_dramacomedies_and_verse\colman-1805.psd	2/2/1185
*/
/*
HEADER:
source file:  C:\Users\Shoo\Dropbox\workspace\CorpusSearch_Auto\data\corporas\PPCMBE\temp1492106160469\fiction_romances_dramacomedies_and_verse\davys-1716.psd
*/

/~*
$'T $is like a Man growing a Sloven, for fear of being thought a Fop; or
turning Quaker, lest he should pass for a Papist.
(DAVYS-1716,46.759)
*~/
/*
19 VAG:  19 VAG, 20 growing, 18 RRC
19 VAG:  19 VAG, 20 growing, 17 RRC
38 BAG:  38 BAG, 39 being, 18 RRC
38 BAG:  38 BAG, 39 being, 17 RRC
56 VAG:  56 VAG, 57 turning, 55 RRC
56 VAG:  56 VAG, 57 turning, 17 RRC
*/

( (IP-MAT (NP-SBJ (PRO $'T))
	  (BEP $is)
	  (CODE {TEXT:'Tis})
	  (ADJP (ADJ like)
		(NP (D a)
		    (N Man)
		    (RRC (RRC (VAG growing)
			      (NP-OB1 (D a) (N Sloven))
			      (, ,)
			      (PP (P for)
				  (NP (N fear)
				      (PP (P of)
					  (IP-PPL (BAG being)
						  (VAN thought)
						  (IP-SMC (NP-SBJ *)
							  (NP-OB1 (D a) (N Fop))))))))
			 (, ;)
			 (CONJP (CONJ or)
				(RRC (VAG turning)
				     (NP-OB1 (NPR Quaker))
				     (, ,)
				     (PP (P lest)
					 (CP-ADV (C 0)
						 (IP-SUB (NP-SBJ (PRO he))
							 (MD should)
							 (VB pass)
							 (PP (P for)
							     (NP (D a) (NPR Papist)))))))))))
	  (. .))
  (ID DAVYS-1716,46.759))
/*
FOOTER
  source file, hits/tokens/total
  C:\Users\Shoo\Dropbox\workspace\CorpusSearch_Auto\data\corporas\PPCMBE\temp1492106160469\fiction_romances_dramacomedies_and_verse\davys-1716.psd	3/1/946
*/
/*
HEADER:
source file:  C:\Users\Shoo\Dropbox\workspace\CorpusSearch_Auto\data\corporas\PPCMBE\temp1492106160469\fiction_romances_dramacomedies_and_verse\defoe-1719.psd
*/

/~*
And our Men took one poor Fellow swimming for his Life, above an Hour after
they were all gone.
(DEFOE-1719,194.32)
*~/
/*
19 VAG:  19 VAG, 20 swimming, 18 RRC
*/

( (IP-MAT (CONJ And)
	  (NP-SBJ (PRO$ our) (NS Men))
	  (VBD took)
	  (NP-OB1 (ONE one)
		  (ADJ poor)
		  (N Fellow)
		  (RRC (VAG swimming)
		       (PP (P for)
			   (NP (PRO$ his) (N Life)))))
	  (, ,)
	  (PP (NP-MSR (PP (P above)
			  (NP (D an) (N Hour))))
	      (P after)
	      (CP-ADV (C 0)
		      (IP-SUB (NP-SBJ (PRO they))
			      (BED were)
			      (Q all)
			      (VBN gone))))
	  (. .))
  (ID DEFOE-1719,194.32))

/~*
and in about twelve Days Time we made Land in the Latitude of five Degrees
South of the Line, being the $Northeastermost Land of all that Part of America.
(DEFOE-1719,196.80)
*~/
/*
56 BAG:  56 BAG, 57 being, 55 RRC
*/

( (IP-MAT (CONJ and)
	  (PP (P in)
	      (NP (NP-MSR (NUMP (ADV about) (NUM twelve))
			  (NS Days))
		  (N Time)))
	  (NP-SBJ (PRO we))
	  (VBD made)
	  (NP-OB1 (N Land))
	  (PP (P in)
	      (NP (D the)
		  (N Latitude)
		  (PP (P of)
		      (NP (NUM five)
			  (NS Degrees)
			  (NP (N South)
			      (PP (P of)
				  (NP (D the) (N Line))))))
		  (, ,)
		  (RRC (BAG being)
		       (NP-OB1 (D the)
			       (ADJ $Northeastermost)
			       (CODE {TEXT:North_Eastermost})
			       (N Land)
			       (PP (P of)
				   (NP (Q all)
				       (D that)
				       (N Part)
				       (PP (P of)
					   (CODE <font>)
					   (NP (NPR America)))))))))
	  (. .)
	  (CODE <$$font>))
  (ID DEFOE-1719,196.80))

/~*
and tho' he knew not that I had the least Design of giving him any Thing, he
sent me on Board a Present of fresh Provisions, Wine, and Sweat-meats, worth
above 30 Moidores, including some Tobacco, and three or four fine Medals in
Gold:
(DEFOE-1719,197.90)
*~/
/*
109 VAG:  109 VAG, 110 including, 108 RRC
*/

( (IP-MAT (CONJ and)
	  (PP (P tho')
	      (CP-ADV (C 0)
		      (IP-SUB (NP-SBJ (PRO he))
			      (VBD knew)
			      (NEG not)
			      (CP-THT (C that)
				      (IP-SUB (NP-SBJ (PRO I))
					      (HVD had)
					      (NP-OB1 (D the)
						      (QS least)
						      (N Design)
						      (PP (P of)
							  (IP-PPL (VAG giving)
								  (NP-OB2 (PRO him))
								  (NP-OB1 (Q any) (N Thing))))))))))
	  (, ,)
	  (NP-SBJ (PRO he))
	  (VBD sent)
	  (NP-OB2 (PRO me))
	  (PP (P on)
	      (NP (N Board)))
	  (NP-OB1 (D a)
		  (N Present)
		  (PP (P of)
		      (NP (ADJ fresh)
			  (NS Provisions)
			  (, ,)
			  (CONJP (NX (N Wine)))
			  (, ,)
			  (CONJP (CONJ and)
				 (NX (ADJ+NS Sweat-meats)))))
		  (, ,)
		  (ADJP (ADJ worth)
			(NP (NUMP (PP (P above)
				      (NP (NUM 30))))
			    (NS Moidores)))
		  (, ,)
		  (RRC (VAG including)
		       (NP-OB1 (NP (Q some) (N Tobacco))
			       (, ,)
			       (CONJP (CONJ and)
				      (NP (NUMP (NUM three) (CONJ or) (NUM four))
					  (ADJ fine)
					  (NS Medals)
					  (PP (P in)
					      (NP (N Gold))))))))
	  (. :))
  (ID DEFOE-1719,197.90))

/~*
I had no more Business to go to the East-Indies, than a Man at full Liberty,
and having committed no Crime, has to go to the Turn-key at Newgate, and
desire him to lock him up among the Prisoners there, and starve him.
(DEFOE-1719,200.130)
*~/
/*
65 HAG:  65 HAG, 66 having, 64 RRC
*/

( (IP-MAT (NP-SBJ (PRO I))
	  (HVD had)
	  (NP-OB1 (NP-MSR (Q no) (QR more))
		  (N Business)
		  (IP-INF (TO to)
			  (VB go)
			  (PP (P to)
			      (NP (D the) (CODE <font>) (NPR+NPRS East-Indies))))
		  (CODE <$$font>)
		  (, ,)
		  (PP (P than)
		      (CP-CMP (WNP-1 0)
			      (C 0)
			      (IP-SUB (NP-MSR *T*-1)
				      (NP-SBJ (D a)
					      (N Man)
					      (PP (PP (P at)
						      (NP (ADJ full) (N Liberty)))
						  (, ,)
						  (CONJP (CONJ and)
							 (RRC (HAG having)
							      (VBN committed)
							      (NP-OB1 (Q no) (N Crime))))))
				      (, ,)
				      (HVP has)
				      (NP-OB1 (N *)
					      (IP-INF (IP-INF (TO to)
							      (VB go)
							      (PP (P to)
								  (NP (D the)
								      (N+N Turn-key)
								      (PP (P at)
									  (CODE <font>)
									  (NP (NPR Newgate))))))
						      (CODE <$$font>)
						      (, ,)
						      (CONJP (CONJ and)
							     (IP-INF (TO *)
								     (VB desire)
								     (NP-OB1 (PRO him))
								     (IP-INF (IP-INF (TO to)
										     (VB lock)
										     (NP-OB1 (PRO him))
										     (PP (RP up)
											 (P among)
											 (NP (D the)
											     (NS Prisoners)
											     (ADVP (ADV there)))))
									     (, ,)
									     (CONJP (CONJ and)
										    (IP-INF (TO *)
											    (VB starve)
											    (NP-OB1 (PRO him)))))))))))))
	  (. .))
  (ID DEFOE-1719,200.130))

/~*
and behold, to our Astonishment, three Women naked, and crying in a most
dreadful Manner, come flying, as if they had indeed had Wings, and after them
sixteen or seventeen Men, Natives, in the same Terror and Consternation, with
three of our English Butchers, for I can call them no better, in their Rear,
who, when they could not overtake them, fired in among them,
(DEFOE-1719,218.427)
*~/
/*
35 VAG:  35 VAG, 36 crying, 34 RRC
*/

( (IP-MAT (IP-MAT-1 (CONJ and)
		    (IP-IMP-PRN (VBI behold))
		    (, ,)
		    (PP (P to)
			(NP (PRO$ our) (N Astonishment)))
		    (, ,)
		    (NP-SBJ (NUM three)
			    (NS Women)
			    (ADJP (ADJP (ADJ naked))
				  (, ,)
				  (CONJP (CONJ and)
					 (RRC (VAG crying)
					      (PP (P in)
						  (NP (D a)
						      (ADJP (QS most) (ADJ dreadful))
						      (N Manner)))))))
		    (, ,)
		    (VBD come)
		    (IP-PPL (VAG flying))
		    (, ,)
		    (PP (P as)
			(PP (P if)
			    (CP-ADV (C 0)
				    (IP-SUB (NP-SBJ (PRO they))
					    (HVD had)
					    (PP (P+N indeed))
					    (HVN had)
					    (NP-OB1 (NS Wings)))))))
	  (, ,)
	  (CONJP (CONJ and)
		 (IP-MAT=1 (PP (P after)
			       (NP (PRO them)))
			   (NP-SBJ (NUMP (NUM sixteen) (CONJ or) (NUM seventeen))
				   (NS Men)
				   (, ,)
				   (NP-PRN (NS Natives)))
			   (, ,)
			   (PP (P in)
			       (NP (D the)
				   (ADJ same)
				   (N Terror)
				   (CONJP (CONJ and)
					  (NX (N Consternation)))))
			   (, ,)
			   (PP (P with)
			       (IP-SMC (NP-SBJ (NUM three)
					       (CODE <P_218>)
					       (PP (P of)
						   (NP (PRO$ our)
						       (CODE <font>)
						       (ADJ English)
						       (CODE <$$font>)
						       (NS Butchers)
						       (, ,)
						       (IP-MAT-PRN (CONJ for)
								   (NP-SBJ (PRO I))
								   (MD can)
								   (VB call)
								   (IP-SMC (NP-SBJ (PRO them))
									   (ADJP (Q no) (ADJR better))))))
					       (CP-REL *ICH*-2))
				       (, ,)
				       (PP (P in)
					   (NP (PRO$ their) (N Rear)))
				       (, ,)
				       (CP-REL-2 (WNP-3 (WPRO who))
						 (, ,)
						 (C 0)
						 (IP-SUB (NP-SBJ *T*-3)
							 (PP (P when)
							     (CP-ADV (C 0)
								     (IP-SUB (NP-SBJ (PRO they))
									     (MD could)
									     (NEG not)
									     (VB overtake)
									     (NP-OB1 (PRO them)))))
							 (, ,)
							 (VBD fired)
							 (PP (RP in)
							     (P among)
							     (NP (PRO them)))))))))
	  (. ,))
  (ID DEFOE-1719,218.427))

/~*
and two or three of the Men had Cuts in their Backs and Thighs from our Men
pursuing;
(DEFOE-1719,219.444)
*~/
/*
50 VAG:  50 VAG, 51 pursuing, 49 RRC
*/

( (IP-MAT (CONJ and)
	  (NP-SBJ (NUMP (NUM two) (CONJ or) (NUM three))
		  (PP (P of)
		      (NP (D the) (NS Men))))
	  (HVD had)
	  (NP-OB1 (NS Cuts)
		  (PP (P in)
		      (NP (PRO$ their)
			  (NS Backs)
			  (CONJP (CONJ and)
				 (CODE <P_219>)
				 (NX (NS Thighs))))))
	  (PP (P from)
	      (NP (PRO$ our)
		  (NS Men)
		  (RRC (VAG pursuing))))
	  (. ;))
  (ID DEFOE-1719,219.444))
/*
FOOTER
  source file, hits/tokens/total
  C:\Users\Shoo\Dropbox\workspace\CorpusSearch_Auto\data\corporas\PPCMBE\temp1492106160469\fiction_romances_dramacomedies_and_verse\defoe-1719.psd	6/6/495
*/
/*
HEADER:
source file:  C:\Users\Shoo\Dropbox\workspace\CorpusSearch_Auto\data\corporas\PPCMBE\temp1492106160469\fiction_romances_dramacomedies_and_verse\dickens-1837.psd
*/

/~*
As Roker turned somewhat fiercely upon Mr Pickwick in saying this, and
moreover muttered, in an excited fashion, certain unpleasant invocations
concerning his own eyes, limbs, and circulating fluids, the latter gentleman
deemed it advisable to pursue the discourse no further.
(DICKENS-1837,545.24)
*~/
/*
74 VAG:  74 VAG, 75 concerning, 73 RRC
95 VAG:  95 VAG, 96 circulating, 73 RRC
*/

( (IP-MAT (PP (P As)
	      (CP-ADV (C 0)
		      (IP-SUB (IP-SUB (NP-SBJ (NPR Roker))
				      (VBD turned)
				      (ADVP (NP-MSR (Q+WPRO somewhat))
					    (ADV fiercely))
				      (PP (P upon)
					  (NP (NPR Mr) (NPR Pickwick)))
				      (PP (P in)
					  (IP-PPL (VAG saying)
						  (NP-OB1 (D this)))))
			      (, ,)
			      (CONJP (CONJ and)
				     (IP-SUB (NP-SBJ *con*)
					     (ADVP (ADV moreover))
					     (VBD muttered)
					     (, ,)
					     (PP (P in)
						 (NP (D an) (VAN excited) (N fashion)))
					     (, ,)
					     (NP-OB1 (ADJP (ADJ certain) (ADJ unpleasant))
						     (NS invocations)
						     (RRC (VAG concerning)
							  (NP-OB1 (PRO$ his)
								  (ADJ own)
								  (NS eyes)
								  (, ,)
								  (CONJP (NX (NS limbs)))
								  (, ,)
								  (CONJP (CONJ and)
									 (NX (VAG circulating) (NS fluids)))))))))))
	  (, ,)
	  (NP-SBJ (D the) (ADJ latter) (ADJ+N gentleman))
	  (VBD deemed)
	  (IP-SMC (NP-SBJ-1 (PRO it))
		  (ADJP (ADJ advisable))
		  (IP-INF-1 (TO to)
			    (VB pursue)
			    (NP-OB1 (D the) (N discourse))
			    (NP-MSR (Q no) (ADJR further))))
	  (. .))
  (ID DICKENS-1837,545.24))

/~*
These staircases received light from sundry windows placed at some little
distance above the floor, and looking into a gravelled area bounded by a high
brick wall, with iron chevaux-de-frise at the top.
(DICKENS-1837,545.33)
*~/
/*
48 VAG:  48 VAG, 49 looking, 47 RRC
48 VAG:  48 VAG, 49 looking, 20 RRC
*/

( (IP-MAT (NP-SBJ (D These) (N+NS staircases))
	  (VBD received)
	  (NP-OB1 (N light))
	  (PP (P from)
	      (NP (ADJ sundry)
		  (NS windows)
		  (RRC (RRC (VAN placed)
			    (PP (PP (P at)
				    (NP (Q some) (ADJ little) (N distance)))
				(P above)
				(NP (D the) (N floor))))
		       (, ,)
		       (CONJP (CONJ and)
			      (RRC (VAG looking)
				   (PP (P into)
				       (NP (D a)
					   (VAN gravelled)
					   (N area)
					   (RRC (VAN bounded)
						(PP (P by)
						    (NP (D a)
							(ADJ high)
							(N brick)
							(N wall)
							(, ,)
							(PP (P with)
							    (IP-SMC (NP-SBJ (N iron) (CODE <font>) (FW chevaux-de-frise))
								    (CODE <$$font>)
								    (PP (P at)
									(NP (D the) (N top)))))))))))))))
	  (. .))
  (ID DICKENS-1837,545.33))

/~*
and disclosed an apartment of an appearance by no means inviting, containing
eight or nine iron bedsteads.
(DICKENS-1837,545.38)
*~/
/*
35 VAG:  35 VAG, 36 containing, 34 RRC
*/

( (IP-MAT (CONJ and)
	  (NP-SBJ *con*)
	  (VBD disclosed)
	  (NP-OB1 (D an)
		  (N apartment)
		  (PP (P of)
		      (NP (D an)
			  (N appearance)
			  (ADJP (PP (P by)
				    (NP (Q no) (N means)))
				(VAG inviting))))
		  (, ,)
		  (RRC (VAG containing)
		       (NP-OB1 (NUMP (NUM eight) (CONJ or) (NUM nine))
			       (N iron)
			       (N+NS bedsteads))))
	  (. .))
  (ID DICKENS-1837,545.38))

/~*
He was a tall fellow, with an olive complexion, long dark hair, and very thick
bushy whiskers meeting under his chin.
(DICKENS-1837,551.187)
*~/
/*
55 VAG:  55 VAG, 56 meeting, 54 RRC
*/

( (IP-MAT (NP-SBJ (PRO He))
	  (BED was)
	  (NP-OB1 (D a) (ADJ tall) (N fellow))
	  (, ,)
	  (PP (P with)
	      (NP (NP (D an) (ADJ olive) (N complexion))
		  (, ,)
		  (CONJP (NP (ADJ long) (ADJ dark) (N hair)))
		  (, ,)
		  (CONJP (CONJ and)
			 (NP-SBJ (ADJP (ADV very)
				       (ADJ thick)
				       (CONJP (ADJX (ADJ bushy))))
				 (NS whiskers)
				 (RRC (VAG meeting)
				      (PP (P under)
					  (NP (PRO$ his) (N chin))))))))
	  (. .))
  (ID DICKENS-1837,551.187))

/~*
An excellent understanding having been, by these means, promoted, Mr Smangle
proceeded to entertain his hearers with a relation of divers romantic
adventures in which he had been from time to time engaged, involving various
interesting anecdotes of a thorough-bred horse, and a magnificent Jewess, both
of surpassing beauty, and much coveted by the nobility and gentry of these
kingdoms.
(DICKENS-1837,556.308)
*~/
/*
102 VAG:  102 VAG, 103 involving, 101 RRC
107 VAG:  107 VAG, 108 interesting, 101 RRC
145 VAG:  145 VAG, 146 surpassing, 101 RRC
*/

( (IP-MAT (IP-PPL-ABS (NP-SBJ (D An) (ADJ excellent) (N understanding))
		      (HAG having)
		      (BEN been)
		      (, ,)
		      (PP (P by)
			  (NP (D these) (N means)))
		      (, ,)
		      (VAN promoted))
	  (, ,)
	  (NP-SBJ (NPR Mr) (NPR Smangle))
	  (VBD proceeded)
	  (IP-INF (TO to)
		  (VB entertain)
		  (NP-OB1 (PRO$ his) (NS hearers))
		  (PP (P with)
		      (NP (D a)
			  (N relation)
			  (PP (P of)
			      (NP (ADJ divers)
				  (ADJ romantic)
				  (NS adventures)
				  (CP-REL (WPP-1 (P in)
						 (WNP (WPRO which)))
					  (C 0)
					  (IP-SUB (PP *T*-1)
						  (NP-SBJ (PRO he))
						  (HVD had)
						  (BEN been)
						  (NP-MSR (PP (P from)
							      (NP (N time)))
							  (PP (P to)
							      (NP (N time))))
						  (VAN engaged)))
				  (, ,)
				  (RRC (VAG involving)
				       (NP-OB1 (ADJ various)
					       (VAG interesting)
					       (NS anecdotes)
					       (PP (P of)
						   (NP (NP (D a) (ADV+VAN thorough-bred) (N horse))
						       (, ,)
						       (CONJP (CONJ and)
							      (NP (D a) (ADJ magnificent) (N Jewess)))
						       (, ,)
						       (IP-ABS-PRN (NP-SBJ (Q both))
								   (PP (PP (P of)
									   (NP (VAG surpassing) (N beauty)))
								       (, ,)
								       (CONJP (CONJ and)
									      (IP-PPL (NP-MSR (Q much))
										      (VAN coveted)
										      (PP (P by)
											  (NP (D the)
											      (N nobility)
											      (CONJP (CONJ and)
												     (NX (N gentry)))
											      (PP (P of)
												  (NP (D these) (NS kingdoms))))))))))))))))))
	  (. .))
  (ID DICKENS-1837,556.308))

/~*
When Mr Pickwick opened his eyes next morning, the first object upon which
they rested was Samuel Weller, seated upon a small black portmanteau, intently
regarding, apparently in a condition of profound abstraction, the stately
figure of the dashing Mr Smangle, while Mr Smangle himself, who was already
partially dressed, was seated on his bedstead, occupied in the desperately
hopeless attempt of staring Mr Weller out of countenance.
(DICKENS-1837,557.319)
*~/
/*
83 VAG:  83 VAG, 84 regarding, 79 RRC
120 VAG:  120 VAG, 121 dashing, 79 RRC
200 VAG:  200 VAG, 201 staring, 79 RRC
*/

( (IP-MAT (PP (P When)
	      (CP-ADV (C 0)
		      (IP-SUB (NP-SBJ (NPR Mr) (NPR Pickwick))
			      (VBD opened)
			      (NP-OB1 (PRO$ his) (NS eyes))
			      (NP-TMP (ADJS next) (N morning)))))
	  (, ,)
	  (NP-SBJ (D the)
		  (ADJ first)
		  (N object)
		  (CP-REL (WPP-1 (P upon)
				 (WNP (WPRO which)))
			  (C 0)
			  (IP-SUB (PP *T*-1)
				  (NP-SBJ (PRO they))
				  (VBD rested))))
	  (BED was)
	  (NP-OB1 (NPR Samuel)
		  (NPR Weller)
		  (, ,)
		  (RRC (VAN seated)
		       (PP (P upon)
			   (NP (D a)
			       (ADJP (ADJ small) (ADJ black))
			       (N portmanteau))))
		  (, ,)
		  (RRC (ADVP (ADV intently))
		       (VAG regarding)
		       (, ,)
		       (PP (ADV apparently)
			   (P in)
			   (NP (D a)
			       (N condition)
			       (PP (P of)
				   (NP (ADJ profound) (N abstraction)))))
		       (, ,)
		       (NP-OB1 (D the)
			       (ADJ stately)
			       (N figure)
			       (PP (P of)
				   (NP (D the) (VAG dashing) (NPR Mr) (NPR Smangle))))
		       (, ,)
		       (PP (P while)
			   (CP-ADV (C 0)
				   (IP-SUB (NP-SBJ (NPR Mr)
						   (NPR Smangle)
						   (NP-PRN (PRO+N himself))
						   (, ,)
						   (CP-REL (WNP-2 (WPRO who))
							   (C 0)
							   (IP-SUB (NP-SBJ *T*-2)
								   (BED was)
								   (ADVP-TMP (ADV already))
								   (ADJP (ADV partially) (VAN dressed)))))
					   (, ,)
					   (BED was)
					   (VAN seated)
					   (PP (P on)
					       (NP (PRO$ his) (N+N bedstead)))
					   (, ,)
					   (IP-PPL (VAN occupied)
						   (PP (P in)
						       (NP (D the)
							   (ADJP (ADV desperately) (ADJ hopeless))
							   (N attempt)
							   (PP (P of)
							       (IP-PPL (VAG staring)
								       (NP-OB1 (NPR Mr) (NPR Weller))
								       (PP (RP out)
									   (P of)
									   (NP (N countenance)))))))))))))
	  (. .))
  (ID DICKENS-1837,557.319))

/~*
A prisoner having declared upon the poor side, pays neither rent nor chummage.
(DICKENS-1837,565.544)
*~/
/*
8 HAG:  8 HAG, 9 having, 7 RRC
*/

( (IP-MAT (NP-SBJ (D A)
		  (N prisoner)
		  (RRC (HAG having)
		       (VBN declared)
		       (PP (P upon)
			   (NP (D the) (ADJ poor) (N side)))))
	  (, ,)
	  (VBP pays)
	  (NP-OB1 (CONJ neither) (N rent) (CONJ nor) (N chummage))
	  (. .))
  (ID DICKENS-1837,565.544))
/*
FOOTER
  source file, hits/tokens/total
  C:\Users\Shoo\Dropbox\workspace\CorpusSearch_Auto\data\corporas\PPCMBE\temp1492106160469\fiction_romances_dramacomedies_and_verse\dickens-1837.psd	12/7/566
*/
/*
HEADER:
source file:  C:\Users\Shoo\Dropbox\workspace\CorpusSearch_Auto\data\corporas\PPCMBE\temp1492106160469\fiction_romances_dramacomedies_and_verse\fielding-1749.psd
*/

/~*
and in the mean Time was so eager in contemplating the Beauty of Innocence,
appearing in those lively Colours with which Infancy and Sleep always display
it, that his Thoughts were too much engaged to reflect that he was in his
Shirt, when the Matron came in.
(FIELDING-1749,1,9.49)
*~/
/*
43 VAG:  43 VAG, 44 appearing, 42 RRC
*/

( (IP-MAT (CONJ and)
	  (NP-SBJ *con*)
	  (PP (P in)
	      (NP (D the) (ADJ mean) (N Time)))
	  (BED was)
	  (ADJP (ADVR so)
		(ADJ eager)
		(PP (P in)
		    (IP-PPL (VAG contemplating)
			    (NP-OB1 (D the)
				    (N Beauty)
				    (PP (P of)
					(NP (N Innocence)))
				    (, ,)
				    (RRC (VAG appearing)
					 (PP (P in)
					     (NP (D those)
						 (ADJ lively)
						 (NS Colours)
						 (CP-REL (WPP-1 (P with)
								(WNP (WPRO which)))
							 (C 0)
							 (IP-SUB (PP *T*-1)
								 (NP-SBJ (N Infancy) (CONJ and) (N Sleep))
								 (ADVP-TMP (ADV always))
								 (VBP display)
								 (NP-OB1 (PRO it))))))))))
		(, ,)
		(CP-DEG (C that)
			(IP-SUB (NP-SBJ (PRO$ his) (NS Thoughts))
				(BED were)
				(ADJP (QP (ADVR too) (Q much))
				      (VAN engaged)
				      (IP-INF-DEG (TO to)
						  (VB reflect)
						  (CP-THT (C that)
							  (IP-SUB (NP-SBJ (PRO he))
								  (BED was)
								  (PP (P in)
								      (NP (PRO$ his) (N Shirt)))))))
				(, ,)
				(PP (P when)
				    (CP-ADV (C 0)
					    (IP-SUB (NP-SBJ (D the) (N Matron))
						    (VBD came)
						    (RP in)))))))
	  (. .))
  (ID FIELDING-1749,1,9.49))

/~*
For as to Jones, though Love had now gotten entire Possession of his Heart,
yet the pleasing Reflection on Mr. Allworthy 's Recovery, and the Presence of
his Mistress, joined to some tender Looks which she now and then could not
refrain from giving him, so elevated our Heroe, that he joined the Mirth of
the other three, who were perhaps as good-humoured People as any in the World.
(FIELDING-1749,2,6.96)
*~/
/*
141 VAG:  141 VAG, 142 giving, 99 RRC
*/

( (IP-MAT (CONJ For)
	  (PP (P as)
	      (PP (P to)
		  (CODE <font>)
		  (NP (NPR Jones))))
	  (CODE <$$font>)
	  (, ,)
	  (PP-LFD (P though)
		  (CP-ADV (C 0)
			  (IP-SUB (NP-SBJ (N Love))
				  (HVD had)
				  (ADVP-TMP (ADV now))
				  (VBN gotten)
				  (NP-OB1 (ADJ entire)
					  (N Possession)
					  (PP (P of)
					      (NP (PRO$ his) (N Heart)))))))
	  (, ,)
	  (ADVP-RSP (ADV yet))
	  (NP-SBJ (NP (D the)
		      (VAG pleasing)
		      (N Reflection)
		      (PP (P on)
			  (NP (NP-POS (NPR Mr.) (CODE <font>) (NPR Allworthy) (CODE <$$font>) ($ 's))
			      (N Recovery))))
		  (, ,)
		  (CONJP (CONJ and)
			 (NP (D the)
			     (N Presence)
			     (PP (P of)
				 (NP (PRO$ his) (N Mistress)))
			     (, ,)
			     (RRC (VAN joined)
				  (PP (P to)
				      (NP (Q some)
					  (ADJ tender)
					  (NS Looks)
					  (CP-REL (WNP-1 (WPRO which))
						  (C 0)
						  (IP-SUB (NP-SBJ (PRO she))
							  (ADVP-TMP (ADV now) (CONJ and) (ADV then))
							  (MD could)
							  (NEG not)
							  (VB refrain)
							  (PP (P from)
							      (IP-PPL (NP-OB1 *T*-1)
								      (VAG giving)
								      (NP-OB2 (PRO him))))))))))))
	  (, ,)
	  (ADVP (ADVR so)
		(CP-DEG *ICH*-2))
	  (VBD elevated)
	  (NP-OB1 (PRO$ our) (N Heroe))
	  (, ,)
	  (CP-DEG-2 (C that)
		    (IP-SUB (NP-SBJ (PRO he))
			    (VBD joined)
			    (NP-OB1 (D the)
				    (N Mirth)
				    (PP (P of)
					(NP (D the)
					    (OTHER other)
					    (NUM three)
					    (, ,)
					    (CP-REL (WNP-3 (WPRO who))
						    (C 0)
						    (IP-SUB (NP-SBJ *T*-3)
							    (BED were)
							    (ADVP (ADV perhaps))
							    (NP-OB1 (ADJP (ADVR as) (ADJ good-humoured))
								    (NS People)
								    (PP (P as)
									(NP (Q any)
									    (PP (P in)
										(NP (D the) (N World)))))))))))))
	  (. .))
  (ID FIELDING-1749,2,6.96))

/~*
The Reader may inform himself of her Answer, and, indeed, of her whole
Behaviour to the End of the Scene, by considering the Situation which she
affected, being that of a modest Lady, who was awakened out of her Sleep by
three strange Men in her Chamber.
(FIELDING-1749,3,11.410)
*~/
/*
90 BAG:  90 BAG, 91 being, 89 RRC
*/

( (IP-MAT-1 (NP-SBJ (D The) (N Reader))
	    (MD may)
	    (VB inform)
	    (NP-OB1 (PRO+N himself))
	    (PP (P of)
		(NP (PRO$ her) (N Answer)))
	    (, ,)
	    (IP-MAT-PRN=1 (CONJ and)
			  (, ,)
			  (PP (P+N indeed))
			  (, ,)
			  (PP (P of)
			      (NP (PRO$ her)
				  (ADJ whole)
				  (N Behaviour)
				  (PP (P to)
				      (NP (D the)
					  (N End)
					  (PP (P of)
					      (NP (D the) (N Scene))))))))
	    (, ,)
	    (PP (P by)
		(IP-PPL (VAG considering)
			(NP-OB1 (D the)
				(N Situation)
				(CP-REL (WNP-2 (WPRO which))
					(C 0)
					(IP-SUB (NP-OB1 *T*-2)
						(NP-SBJ (PRO she))
						(VBD affected)))
				(, ,)
				(RRC (BAG being)
				     (NP-OB1 (D that)
					     (PP (P of)
						 (NP (D a)
						     (ADJ modest)
						     (N Lady)
						     (, ,)
						     (CP-REL (WNP-3 (WPRO who))
							     (C 0)
							     (IP-SUB (NP-SBJ *T*-3)
								     (BED was)
								     (VAN awakened)
								     (PP (RP out)
									 (P of)
									 (NP (PRO$ her) (N Sleep)))
								     (PP (P by)
									 (NP (NUM three)
									     (ADJ strange)
									     (NS Men)
									     (PP (P in)
										 (NP (PRO$ her) (N Chamber))))))))))))))
	    (. .))
  (ID FIELDING-1749,3,11.410))
/*
FOOTER
  source file, hits/tokens/total
  C:\Users\Shoo\Dropbox\workspace\CorpusSearch_Auto\data\corporas\PPCMBE\temp1492106160469\fiction_romances_dramacomedies_and_verse\fielding-1749.psd	3/3/486
*/
/*
HEADER:
source file:  C:\Users\Shoo\Dropbox\workspace\CorpusSearch_Auto\data\corporas\PPCMBE\temp1492106160469\fiction_romances_dramacomedies_and_verse\godwin-1805.psd
*/

/~*
A dog, I believe, is not less attached to a fool than to a wise man, to a
peasant than to a lord, to a beggar inhabiting the poorest hut, than to a
prince swaying the sceptre of nations and dwelling in a palace.
(GODWIN-1805,69.281)
*~/
/*
89 VAG:  89 VAG, 90 inhabiting, 88 RRC
113 VAG:  113 VAG, 114 swaying, 112 RRC
113 VAG:  113 VAG, 114 swaying, 111 RRC
130 VAG:  130 VAG, 131 dwelling, 129 RRC
130 VAG:  130 VAG, 131 dwelling, 111 RRC
*/

( (IP-MAT (NP-TPC-1 (D A) (N dog))
	  (, ,)
	  (NP-SBJ (PRO I))
	  (VBP believe)
	  (, ,)
	  (CP-THT (C 0)
		  (IP-SUB (IP-SUB-2 (NP-SBJ *T*-1)
				    (BEP is)
				    (NEG not)
				    (ADJP (QR less)
					  (VAN attached)
					  (PP (P to)
					      (NP (D a) (N fool)))
					  (PP (P than)
					      (PP (P to)
						  (NP (D a) (ADJ wise) (N man))))))
			  (, ,)
			  (CONJP (IP-SUB=2 (PP (P to)
					       (NP (D a) (N peasant)))
					   (PP (P than)
					       (PP (P to)
						   (NP (D a) (N lord))))))
			  (, ,)
			  (CONJP (IP-SUB=2 (PP (P to)
					       (NP (D a)
						   (N beggar)
						   (RRC (VAG inhabiting)
							(NP-OB1 (D the) (ADJS poorest) (N hut)))))
					   (, ,)
					   (PP (P than)
					       (PP (P to)
						   (NP (D a)
						       (N prince)
						       (RRC (RRC (VAG swaying)
								 (NP-OB1 (D the)
									 (N sceptre)
									 (PP (P of)
									     (NP (NS nations)))))
							    (CONJP (CONJ and)
								   (RRC (VAG dwelling)
									(PP (P in)
									    (NP (D a) (N palace)))))))))))))
	  (. .))
  (ID GODWIN-1805,69.281))

/~*
A herald then entered with a proclamation, declaring that three hundred of the
king's oxen should be the prize of him who should restore the stable to a
wholesome and becoming state.
(GODWIN-1805,75.424)
*~/
/*
23 VAG:  23 VAG, 24 declaring, 22 RRC
90 VAG:  90 VAG, 91 becoming, 22 RRC
*/

( (IP-MAT (NP-SBJ (D A) (N herald))
	  (ADVP-TMP (ADV then))
	  (VBD entered)
	  (PP (P with)
	      (NP (D a)
		  (N proclamation)
		  (, ,)
		  (RRC (VAG declaring)
		       (CP-THT (C that)
			       (IP-SUB (NP-SBJ (NUMP (NUM three) (NUM hundred))
					       (PP (P of)
						   (NP (NP-POS (D the) (N$ king's))
						       (NS oxen))))
				       (MD should)
				       (BE be)
				       (NP-OB1 (D the)
					       (N prize)
					       (PP (P of)
						   (NP (PRO him)
						       (CP-REL (WNP-1 (WPRO who))
							       (C 0)
							       (IP-SUB (NP-SBJ *T*-1)
								       (MD should)
								       (VB restore)
								       (NP-OB1 (D the) (N stable))
								       (PP (P to)
									   (NP (D a)
									       (ADJP (ADJ wholesome) (CONJ and) (VAG becoming))
									       (N state)))))))))))))
	  (. .))
  (ID GODWIN-1805,75.424))

/~*
it was ultimately fixed for the day following.
(GODWIN-1805,79.478)
*~/
/*
21 VAG:  21 VAG, 22 following, 20 RRC
*/

( (IP-MAT (NP-SBJ (PRO it))
	  (BED was)
	  (ADVP (ADV ultimately))
	  (VAN fixed)
	  (PP (P for)
	      (NP (D the)
		  (N day)
		  (RRC (VAG following))))
	  (. .))
  (ID GODWIN-1805,79.478))

/~*
placed the poet, crowned with parsley, and trickling with wine, in a chair,
(GODWIN-1805,85.586)
*~/
/*
29 VAG:  29 VAG, 30 trickling, 28 RRC
29 VAG:  29 VAG, 30 trickling, 13 RRC
*/

( (IP-MAT (NP-SBJ *con*)
	  (VBD placed)
	  (NP-OB1 (D the)
		  (N poet)
		  (, ,)
		  (RRC (RRC (VAN crowned)
			    (PP (P with)
				(NP (N parsley))))
		       (, ,)
		       (CONJP (CONJ and)
			      (RRC (VAG trickling)
				   (PP (P with)
				       (NP (N wine)))))))
	  (, ,)
	  (PP (P in)
	      (NP (D a) (N chair)))
	  (. ,))
  (ID GODWIN-1805,85.586))
/*
FOOTER
  source file, hits/tokens/total
  C:\Users\Shoo\Dropbox\workspace\CorpusSearch_Auto\data\corporas\PPCMBE\temp1492106160469\fiction_romances_dramacomedies_and_verse\godwin-1805.psd	7/4/593
*/
/*
HEADER:
source file:  C:\Users\Shoo\Dropbox\workspace\CorpusSearch_Auto\data\corporas\PPCMBE\temp1492106160469\fiction_romances_dramacomedies_and_verse\goldsmith-1773.psd
*/

/~*
I never nick'd seven that I did not throw ames ace three times following.
(GOLDSMITH-1773,63.1032)
*~/
/*
37 VAG:  37 VAG, 38 following, 36 RRC
*/

( (IP-MAT (NP-SBJ (PRO I))
	  (ADVP-TMP (ADV never))
	  (VBD nick'd)
	  (NP-OB1 (NUM seven))
	  (CP-ADV (C that)
		  (IP-SUB (NP-SBJ (PRO I))
			  (DOD did)
			  (NEG not)
			  (VB throw)
			  (NP-OB1 (N ames) (N ace))
			  (NP-MSR (NUM three)
				  (NS times)
				  (RRC (VAG following)))))
	  (. .))
  (ID GOLDSMITH-1773,63.1032))
/*
FOOTER
  source file, hits/tokens/total
  C:\Users\Shoo\Dropbox\workspace\CorpusSearch_Auto\data\corporas\PPCMBE\temp1492106160469\fiction_romances_dramacomedies_and_verse\goldsmith-1773.psd	1/1/1065
*/
/*
HEADER:
source file:  C:\Users\Shoo\Dropbox\workspace\CorpusSearch_Auto\data\corporas\PPCMBE\temp1492106160469\fiction_romances_dramacomedies_and_verse\meredith-1895.psd
*/

/~*
and we hear of business affairs between them, involving payment of moneys due
to the young man; and how, whenever he touched on them, his uncle immediately
fell back on the honour of the family and Carinthia Jane's reputation, her
good name to be vindicated, and especially that there must be no delays,
together with as close a reckoning as he could make of the value of Lord
Fleetwood's estates in Kent and in Staffordshire and South Wales, and his
house property in London.
(MEREDITH-1895,19,134.30)
*~/
/*
27 VAG:  27 VAG, 28 involving, 26 RRC
*/

( (IP-MAT (CONJ and)
	  (NP-SBJ (PRO we))
	  (VBP hear)
	  (PP (PP (P of)
		  (NP (N business)
		      (NS affairs)
		      (PP (P between)
			  (NP (PRO them)))
		      (, ,)
		      (RRC (VAG involving)
			   (NP-OB1 (N payment)
				   (PP (P of)
				       (NP (NS moneys)
					   (ADJP (ADJ due)
						 (PP (P to)
						     (NP (D the) (ADJ young) (N man))))))))))
	      (, ;)
	      (CONJP (CONJ and)
		     (CP-QUE (WADVP-1 (WADV how))
			     (, ,)
			     (C 0)
			     (IP-SUB (IP-SUB-2 (ADVP *T*-1)
					       (PP (P+ADV whenever)
						   (CP-ADV (C 0)
							   (IP-SUB (NP-SBJ (PRO he))
								   (VBD touched)
								   (PP (P on)
								       (NP (PRO them))))))
					       (, ,)
					       (NP-SBJ (PRO$ his) (N uncle))
					       (ADVP-TMP (ADV immediately))
					       (VBD fell)
					       (PP (ADV back)
						   (P on)
						   (NP (NP (D the)
							   (N honour)
							   (PP (P of)
							       (NP (D the) (CODE <P_19,134>) (N family))))
						       (CONJP (CONJ and)
							      (NP (NP-POS (NPR Carinthia) (NPR$ Jane's))
								  (N reputation)
								  (, ,)
								  (NP-PRN-ELAB (PRO$ her)
									       (ADJ good)
									       (N name)
									       (CP-EOP (WNP-3 0)
										       (IP-INF (NP-SBJ *T*-3)
											       (TO to)
											       (BE be)
											       (VAN vindicated)))))))))
				     (, ,)
				     (CONJP (CONJ and)
					    (IP-SUB=2 (ADVP (ADV especially))
						      (CP-THT (C that)
							      (IP-SUB (NP-SBJ-4 (EX there))
								      (MD must)
								      (BE be)
								      (NP-4 (Q no) (NS delays))))
						      (, ,)
						      (PP (ADV together)
							  (P with)
							  (NP (ADJP (ADVR as) (ADJ close))
							      (D a)
							      (N reckoning)
							      (PP (P as)
								  (CP-CMP (WNP-5 0)
									  (C 0)
									  (IP-SUB (NP-OB1 *T*-5)
										  (NP-SBJ (PRO he))
										  (MD could)
										  (VB make))))
							      (PP (P of)
								  (NP (D the)
								      (N value)
								      (PP (P of)
									  (NP (NP (NP-POS (NPR Lord) (NPR$ Fleetwood's))
										  (NS estates)
										  (PP (PP (P in)
											  (NP (NPR Kent)))
										      (CONJP (CONJ and)
											     (PP (P in)
												 (NP (NP (NPR Staffordshire))
												     (CONJP (CONJ and)
													    (NP (NPR South) (NPR Wales))))))))
									      (, ,)
									      (CONJP (CONJ and)
										     (NP (PRO$ his)
											 (N house)
											 (N property)
											 (PP (P in)
											     (NP (NPR London)))))))))))))))))
	  (. .))
  (ID MEREDITH-1895,19,134.30))

/~*
and that was an arsenal containing every kind of sword and lance and musket,
rifle and fowling-piece and pistol, and more gunpowder than was, I believe,
allowed by law.
(MEREDITH-1895,19,134.33)
*~/
/*
15 VAG:  15 VAG, 16 containing, 14 RRC
*/

( (IP-MAT (CONJ and)
	  (NP-SBJ (D that))
	  (BED was)
	  (NP-OB1 (D an)
		  (N arsenal)
		  (RRC (VAG containing)
		       (NP-OB1 (NP (Q every)
				   (N kind)
				   (PP (P of)
				       (NP (N sword) (CONJ and) (N lance) (CONJ and) (N musket))
				       (, ,)
				       (CONJP (NP (N rifle)
						  (CONJ and)
						  (NP (N+N fowling-piece))
						  (CONJ and)
						  (NP (N pistol))))))
			       (, ,)
			       (CONJP (CONJ and)
				      (NP (QR more)
					  (N+N gunpowder)
					  (PP (P than)
					      (CP-CMP (WNP-1 0)
						      (C 0)
						      (IP-SUB (NP-SBJ *T*-1)
							      (BED was)
							      (, ,)
							      (IP-MAT-PRN (NP-SBJ (PRO I))
									  (VBP believe))
							      (, ,)
							      (VAN allowed)
							      (PP (P by)
								  (NP (N law)))))))))))
	  (. .))
  (ID MEREDITH-1895,19,134.33))

/~*
and his talk was like the sails of a big ship rattling to the first puff of
wind.
(MEREDITH-1895,19,136.74)
*~/
/*
30 VAG:  30 VAG, 31 rattling, 29 RRC
*/

( (IP-MAT (CONJ and)
	  (NP-SBJ (PRO$ his) (N talk))
	  (BED was)
	  (ADJP (ADJ like)
		(NP (D the)
		    (NS sails)
		    (PP (P of)
			(NP (D a) (ADJ big) (N ship)))
		    (RRC (VAG rattling)
			 (PP (P to)
			     (NP (D the)
				 (ADJ first)
				 (N puff)
				 (PP (P of)
				     (NP (N wind))))))))
	  (. .))
  (ID MEREDITH-1895,19,136.74))

/~*
and then, we read, he was for hours like a vessel rolling in the trough of the
sea.
(MEREDITH-1895,19,136.76)
*~/
/*
37 VAG:  37 VAG, 38 rolling, 36 RRC
*/

( (IP-MAT (CONJ and)
	  (ADVP-TMP (ADV then))
	  (, ,)
	  (IP-MAT-PRN (NP-SBJ (PRO we))
		      (VBP read))
	  (, ,)
	  (NP-SBJ (PRO he))
	  (BED was)
	  (PP (P for)
	      (NP (NS hours)))
	  (ADJP (ADJ like)
		(NP (D a)
		    (N vessel)
		    (RRC (VAG rolling)
			 (PP (P in)
			     (NP (D the)
				 (N trough)
				 (PP (P of)
				     (NP (D the) (N sea))))))))
	  (. .))
  (ID MEREDITH-1895,19,136.76))

/~*
So it was done, down in that Hampshire household on the heights near the downs,
whence you might behold, off a terra firma resembling a roll of billows,
England's big battle-ships in line fronting the island; when they were a
spectacle of beauty as well as power: which now they are no more, but will
have to be, if they are both to float and to fight.
(MEREDITH-1895,19,137.87)
*~/
/*
74 VAG:  74 VAG, 75 resembling, 73 RRC
*/

( (IP-MAT (ADVP (ADV So))
	  (NP-SBJ (PRO it))
	  (BED was)
	  (DAN done)
	  (, ,)
	  (PP (RP down)
	      (P in)
	      (NP (D that)
		  (NPR Hampshire)
		  (N+N household)
		  (PP (P on)
		      (NP (D the)
			  (NS heights)
			  (ADJP (ADJ near)
				(NP (D the) (NS downs)))))
		  (, ,)
		  (CP-REL (WADVP-1 (WADV whence))
			  (C 0)
			  (IP-SUB (ADVP *T*-1)
				  (NP-SBJ (PRO you))
				  (MD might)
				  (VB behold)
				  (, ,)
				  (PP (P off)
				      (NP (D a)
					  (LATIN (FW terra) (FW firma))
					  (RRC (VAG resembling)
					       (NP-OB1 (D a)
						       (N roll)
						       (PP (P of)
							   (NP (NS billows)))))))
				  (, ,)
				  (IP-PPL-OB1 (NP-SBJ (NPR$ England's) (ADJ big) (N+NS battle-ships))
					      (PP (P in)
						  (NP (N line)))
					      (VAG fronting)
					      (NP-OB1 (D the) (N island))
					      (, ;)
					      (PP (P when)
						  (CP-ADV (C 0)
							  (IP-SUB (NP-SBJ (PRO they))
								  (BED were)
								  (NP-OB1 (D a)
									  (N spectacle)
									  (PP (P of)
									      (NP (N beauty))))
								  (ADVP (ADVR as)
									(ADV well)
									(PP (P as)
									    (NP (N power))))
								  (, :)
								  (CP-CAR (WNP-2 (WPRO which))
									  (C 0)
									  (IP-SUB (IP-SUB (NP-OB1 *T*-2)
											  (ADVP-TMP (ADV now))
											  (NP-SBJ (PRO they))
											  (BEP are)
											  (NP-MSR (QP (Q no) (QR more))))
										  (, ,)
										  (CONJP (CONJ but)
											 (IP-SUB (NP-SBJ *con*)
												 (MD will)
												 (HV have)
												 (IP-INF (NP-OB1 *T*-2)
													 (TO to)
													 (BE be))
												 (, ,)
												 (PP (P if)
												     (CP-ADV (C 0)
													     (IP-SUB (NP-SBJ (PRO they))
														     (BEP are)
														     (IP-INF (CONJ both)
															     (IP-INF (TO to) (VB float))
															     (CONJP (CONJ and)
																    (IP-INF (TO to) (VB fight)))))))))))))))))))
	  (. .))
  (ID MEREDITH-1895,19,137.87))

/~*
Chillon John was the heir of a miserly uncle owing him sums and evading every
application for them,
(MEREDITH-1895,19,138.100)
*~/
/*
26 VAG:  26 VAG, 27 owing, 25 RRC
26 VAG:  26 VAG, 27 owing, 24 RRC
38 VAG:  38 VAG, 39 evading, 37 RRC
38 VAG:  38 VAG, 39 evading, 24 RRC
*/

( (IP-MAT (NP-SBJ (NPR Chillon) (NPR John))
	  (BED was)
	  (NP-OB1 (D the)
		  (N heir)
		  (PP (P of)
		      (NP (D a)
			  (ADJ miserly)
			  (N uncle)
			  (RRC (RRC (VAG owing)
				    (NP-OB2 (PRO him))
				    (NP-OB1 (NS sums)))
			       (CONJP (CONJ and)
				      (RRC (VAG evading)
					   (NP-OB1 (Q every)
						   (N application)
						   (PP (P for)
						       (NP (PRO them))))))))))
	  (. ,))
  (ID MEREDITH-1895,19,138.100))

/~*
Countess Livia attacked Carinthia Jane and the admiral backing her.
(MEREDITH-1895,19,139.124)
*~/
/*
24 VAG:  24 VAG, 25 backing, 23 RRC
*/

( (IP-MAT (NP-SBJ (NPR Countess) (NPR Livia))
	  (VBD attacked)
	  (NP-OB1 (NP (NPR Carinthia) (NPR Jane))
		  (CONJP (CONJ and)
			 (NP (D the)
			     (N admiral)
			     (RRC (VAG backing)
				  (NP-OB1 (PRO her))))))
	  (. .))
  (ID MEREDITH-1895,19,139.124))

/~*
The letter, lost for many years, turned up in the hands of a Kentish
auctioneer, selling it on behalf of a farm-serving man, who had it from Lord
Levellier's cook and housemaid, among the things she brought him as her wifely
portion after her master's death,
(MEREDITH-1895,19,141.158)
*~/
/*
47 VAG:  47 VAG, 48 selling, 46 RRC
*/

( (IP-MAT (NP-SBJ (D The)
		  (N letter)
		  (, ,)
		  (RRC (VAN lost)
		       (PP (P for)
			   (NP (Q many) (NS years)))))
	  (, ,)
	  (VBD turned)
	  (RP up)
	  (PP (P in)
	      (NP (D the)
		  (NS hands)
		  (PP (P of)
		      (NP (D a)
			  (ADJ Kentish)
			  (N auctioneer)
			  (, ,)
			  (RRC (VAG selling)
			       (NP-OB1 (PRO it))
			       (PP (P on)
				   (NP (N behalf)
				       (PP (P of)
					   (NP (D a)
					       (N+N farm-serving)
					       (N man)
					       (, ,)
					       (CP-REL (WNP-1 (WPRO who))
						       (C 0)
						       (IP-SUB (NP-SBJ *T*-1)
							       (HVD had)
							       (NP-OB1 (PRO it))
							       (PP (P from)
								   (NP (NP-POS (NPR Lord) (NPR$ Levellier's))
								       (N cook)
								       (CONJP (CONJ and)
									      (NX (N+N housemaid)))))
							       (, ,)
							       (PP (P among)
								   (NP (D the)
								       (NS things)
								       (CP-REL (WNP-2 0)
									       (C 0)
									       (IP-SUB (NP-OB1 *T*-2)
										       (NP-SBJ (PRO she))
										       (VBD brought)
										       (NP-OB2 (PRO him))
										       (PP (P as)
											   (NP (PRO$ her) (ADJ wifely) (N portion)))
										       (PP (P after)
											   (NP (NP-POS (PRO$ her) (N$ master's))
											       (N death))))))))))))))))))
	  (. ,))
  (ID MEREDITH-1895,19,141.158))

/~*
Such are the petty accidents affecting circumstances.
(MEREDITH-1895,19,142.187)
*~/
/*
15 VAG:  15 VAG, 16 affecting, 14 RRC
*/

( (IP-MAT (ADJP (SUCH Such))
	  (BEP are)
	  (NP-SBJ (D the)
		  (ADJ petty)
		  (NS accidents)
		  (RRC (VAG affecting)
		       (NP-OB1 (NS circumstances))))
	  (. .))
  (ID MEREDITH-1895,19,142.187))

/~*
There he lay, protesting that the ceremony could not possibly be for the
fourteenth, because Countess Livia had, he now remembered, written of her
engagement to meet Russett on the night of that day at a ball at Mrs. Cowper
Quillett's place, Canleys, lying south of the Surrey hills: a house famed for
its gatherings of beautiful women; whither Lord Fleetwood would be sure to
engage to go, the admiral now said;
(MEREDITH-1895,19,143.189)
*~/
/*
135 VAG:  135 VAG, 136 lying, 134 RRC
*/

( (IP-MAT (ADVP-LOC (ADV There))
	  (NP-SBJ (PRO he))
	  (VBD lay)
	  (, ,)
	  (IP-PPL (VAG protesting)
		  (CP-THT (C that)
			  (IP-SUB (NP-SBJ (D the) (N ceremony))
				  (MD could)
				  (NEG not)
				  (ADVP (ADV possibly))
				  (BE be)
				  (PP (P for)
				      (NP (D the) (ADJ fourteenth)))
				  (, ,)
				  (PP (P+N because)
				      (CP-ADV (C 0)
					      (IP-SUB (NP-SBJ (NPR Countess) (NPR Livia))
						      (HVD had)
						      (, ,)
						      (IP-MAT-PRN (NP-SBJ (PRO he))
								  (ADVP-TMP (ADV now))
								  (VBD remembered))
						      (, ,)
						      (VBN written)
						      (PP (P of)
							  (NP (PRO$ her)
							      (N engagement)
							      (IP-INF (TO to)
								      (CODE <P_19,143>)
								      (VB meet)
								      (NP-OB1 (NPR Russett))
								      (PP (P on)
									  (NP (D the)
									      (N night)
									      (PP (P of)
										  (NP (D that) (N day)))))
								      (PP (P at)
									  (NP (D a)
									      (N ball)
									      (PP (P at)
										  (NP (NP-POS (NPR Mrs.) (NPR Cowper) (NPR$ Quillett's))
										      (N place)
										      (, ,)
										      (NP-PRN (NPR Canleys))
										      (, ,)
										      (RRC (VAG lying)
											   (NP-DIR (N south)
												   (PP (P of)
												       (NP (D the) (NPR Surrey) (NS hills)))))
										      (, :)
										      (NP-PRN (D a)
											      (N house)
											      (RRC (VAN famed)
												   (PP (P for)
												       (NP (PRO$ its)
													   (NS gatherings)
													   (PP (P of)
													       (NP (ADJ beautiful) (NS women)))))))))
									      (, ;)
									      (CP-REL (WADVP-1 (WADV whither))
										      (C 0)
										      (IP-SUB (CP-THT (C 0)
												      (IP-SUB (NP-SBJ (NPR Lord) (NPR Fleetwood))
													      (MD would)
													      (BE be)
													      (ADJP (ADJ sure)
														    (IP-INF (TO to)
															    (VB engage)
															    (IP-INF (ADVP-DIR *T*-1)
																    (TO to)
																    (VB go))))))
											      (, ,)
											      (NP-SBJ (D the) (N admiral))
											      (ADVP-TMP (ADV now))
											      (VBD said))))))))))))))
	  (. ;))
  (ID MEREDITH-1895,19,143.189))

/~*
And thus we see how a pair of lovers, blind with the one object of lovers in
view; and a miserly uncle, all on edge to save himself the expense of
supporting his niece; and an idolatrous old admiral, on his back with gout;
conduced in turn and together to the marriage gradually exciting the world's
wonder, till it eclipsed the story of the Old Buccaneer and Countess Fanny,
which it caused to be discussed afresh.
(MEREDITH-1895,19,145.230)
*~/
/*
101 VAG:  101 VAG, 102 supporting, 75 RRC
168 VAG:  168 VAG, 169 exciting, 164 RRC
*/

( (IP-MAT (CONJ And)
	  (ADVP (ADV thus))
	  (NP-SBJ (PRO we))
	  (VBP see)
	  (CP-QUE (WADVP-1 (WADV how))
		  (C 0)
		  (IP-SUB (ADVP *T*-1)
			  (NP-SBJ (NP (D a)
				      (N pair)
				      (PP (P of)
					  (NP (NS lovers)))
				      (, ,)
				      (ADJP (ADJ blind)
					    (PP (P with)
						(IP-SMC (NP-SBJ (D the)
								(ONE one)
								(N object)
								(PP (P of)
								    (NP (NS lovers))))
							(PP (P in)
							    (NP (N view)))))))
				  (, ;)
				  (CONJP (CONJ and)
					 (NP (D a)
					     (ADJ miserly)
					     (N uncle)
					     (, ,)
					     (RRC (PP (Q all)
						      (P on)
						      (NP (N edge)))
						  (IP-INF-PRP (TO to)
							      (VB save)
							      (NP-OB2 (PRO+N himself))
							      (NP-OB1 (D the)
								      (N expense)
								      (PP (P of)
									  (IP-PPL (VAG supporting)
										  (NP-OB1 (PRO$ his) (N niece)))))))))
				  (, ;)
				  (CONJP (CONJ and)
					 (NP (D an)
					     (ADJ idolatrous)
					     (ADJ old)
					     (N admiral)
					     (, ,)
					     (RRC (PP (P on)
						      (NP (PRO$ his) (N back)))
						  (PP (P with)
						      (NP (N gout)))))))
			  (, ;)
			  (VBD conduced)
			  (PP (PP (P in)
				  (NP (N turn)))
			      (CONJP (CONJ and)
				     (ADVP (ADV together))))
			  (PP (P to)
			      (NP (D the)
				  (N marriage)
				  (RRC (ADVP (ADV gradually))
				       (VAG exciting)
				       (NP-OB1 (NP-POS (D the) (N$ world's))
					       (N wonder))
				       (, ,)
				       (PP (P till)
					   (CP-ADV (C 0)
						   (IP-SUB (NP-SBJ (PRO it))
							   (VBD eclipsed)
							   (NP-OB1 (D the)
								   (N story)
								   (PP (P of)
								       (NP (NP (D the) (ADJ Old) (N Buccaneer))
									   (CONJP (CONJ and)
										  (NP (NPR Countess) (NPR Fanny)))))
								   (, ,)
								   (CP-REL (WNP-2 (WPRO which))
									   (C 0)
									   (IP-SUB (NP-SBJ (PRO it))
										   (VBD caused)
										   (IP-INF (NP-SBJ *T*-2)
											   (TO to)
											   (BE be)
											   (VAN discussed)
											   (ADVP (P+ADJ afresh))))))))))))))
	  (. .))
  (ID MEREDITH-1895,19,145.230))

/~*
A day having the gale in its breast, sweeping the whole country and bending
the trees for the twigs to hiss like spray of the billows around our island,
was a day of golden splendour to the young bride of the Earl of Fleetwood,
though he scarcely addressed one syllable to her, and they sat side by side
all but dumb, he like a coachman driving an unknown lady fare, on a morning
after a night when his wife's tongue may have soured him for the sex.
(MEREDITH-1895,19,145.238)
*~/
/*
9 HAG:  9 HAG, 10 having, 8 RRC
9 HAG:  9 HAG, 10 having, 7 RRC
28 VAG:  28 VAG, 29 sweeping, 27 RRC
28 VAG:  28 VAG, 29 sweeping, 7 RRC
41 VAG:  41 VAG, 42 bending, 40 RRC
41 VAG:  41 VAG, 42 bending, 7 RRC
198 VAG:  198 VAG, 199 driving, 197 RRC
*/

( (IP-MAT (NP-SBJ (D A)
		  (N day)
		  (RRC (RRC (HAG having)
			    (NP-OB1 (D the) (N gale))
			    (PP (P in)
				(NP (PRO$ its) (N breast))))
		       (, ,)
		       (CONJP (RRC (VAG sweeping)
				   (NP-OB1 (D the) (ADJ whole) (N country))))
		       (CONJP (CONJ and)
			      (RRC (VAG bending)
				   (NP-OB1 (D the) (NS trees))
				   (IP-INF-PRP (FOR for)
					       (NP-SBJ (D the) (NS twigs))
					       (TO to)
					       (VB hiss)
					       (ADJP-SPR (ADJ like)
							 (NP (N spray)
							     (PP (P of)
								 (NP (D the) (NS billows)))))
					       (PP (P around)
						   (NP (PRO$ our) (N island))))))))
	  (, ,)
	  (BED was)
	  (NP-OB1 (D a)
		  (N day)
		  (PP (P of)
		      (NP (ADJ golden) (N splendour))))
	  (PP (P to)
	      (NP (D the)
		  (ADJ young)
		  (N bride)
		  (PP (P of)
		      (NP (D the)
			  (N Earl)
			  (PP (P of)
			      (NP (NPR Fleetwood)))))))
	  (, ,)
	  (PP (P though)
	      (CP-ADV (C 0)
		      (IP-SUB (IP-SUB (NP-SBJ (PRO he))
				      (ADVP (ADV scarcely))
				      (VBD addressed)
				      (NP-OB1 (ONE one) (N syllable))
				      (PP (P to)
					  (NP (PRO her))))
			      (, ,)
			      (CONJP (CONJ and)
				     (IP-SUB (IP-SUB-1 (NP-SBJ (PRO they))
						       (VBD sat)
						       (NP-ADV (N side)
							       (PP (P by)
								   (NP (N side))))
						       (ADJP-SPR (NP-MSR (Q all)
									 (PP (P but)))
								 (ADJ dumb)))
					     (, ,)
					     (CONJP (IP-SUB=1 (NP-SBJ (PRO he))
							      (ADJP-SPR (ADJ like)
									(NP (D a)
									    (N+N coachman)
									    (RRC (VAG driving)
										 (NP-OB1 (D an) (ADJ unknown) (N lady) (N fare))
										 (, ,)
										 (PP (P on)
										     (NP (D a)
											 (N morning)
											 (PP (P after)
											     (NP (D a)
												 (N night)
												 (CP-REL (WADVP-2 (WADV when))
													 (C 0)
													 (IP-SUB (ADVP-TMP *T*-2)
														 (NP-SBJ (NP-POS (PRO$ his) (N$ wife's))
															 (N tongue))
														 (MD may)
														 (HV have)
														 (VBN soured)
														 (NP-OB1 (PRO him))
														 (PP (P for)
														     (NP (D the) (N sex)))))))))))))))))))
	  (. .))
  (ID MEREDITH-1895,19,145.238))

/~*
Mention has been omitted or forgotten by the worthy Dame, in her vagrant
fowl's treatment of a story she $can $not incubate, will not relinquish, and
may ultimately addle, that the bridegroom, after walking with a disengaged arm
from the little village church at Croridge to his coach and four at the cross
of the roads to Lekkatts and the lowland, abruptly, and as one pursuing a
deferential line of conduct he had prescribed to himself, asked his bride,
what seat she would prefer.
(MEREDITH-1895,19,146.244)
*~/
/*
213 VAG:  213 VAG, 214 pursuing, 212 RRC
*/

( (IP-MAT (NP-SBJ (N Mention)
		  (CP-THT *ICH*-2))
	  (HVP has)
	  (BEN been)
	  (VAN (VAN omitted) (CONJ or) (VAN forgotten))
	  (PP (P by)
	      (NP (D the) (ADJ worthy) (N Dame)))
	  (, ,)
	  (PP (P in)
	      (NP (PRO$ her)
		  (NP-POS (ADJ vagrant) (N$ fowl's))
		  (N treatment)
		  (PP (P of)
		      (NP (D a)
			  (N story)
			  (CP-REL (WNP-1 0)
				  (C 0)
				  (IP-SUB (IP-SUB (NP-OB1 *T*-1)
						  (NP-SBJ (PRO she))
						  (MD $can)
						  (NEG $not)
						  (CODE {TEXT:cannot})
						  (VB incubate))
					  (, ,)
					  (CONJP (IP-SUB (NP-OB1 *T*-1)
							 (NP-SBJ *con*)
							 (MD will)
							 (NEG not)
							 (VB relinquish)))
					  (, ,)
					  (CONJP (CONJ and)
						 (IP-SUB (NP-OB1 *T*-1)
							 (NP-SBJ *con*)
							 (MD may)
							 (ADVP (ADV ultimately))
							 (VB addle)))))))))
	  (, ,)
	  (CP-THT-2 (C that)
		    (IP-SUB (NP-SBJ (D the) (N bridegroom))
			    (, ,)
			    (PP (P after)
				(IP-PPL (VAG walking)
					(PP (P with)
					    (NP (D a) (VAN disengaged) (N arm)))
					(NP-MSR (PP (P from)
						    (NP (D the)
							(ADJ little)
							(N village)
							(N church)
							(PP (P at)
							    (NP (NPR Croridge)))))
						(PP (P to)
						    (NP (PRO$ his)
							(N coach)
							(CONJP (CONJ and)
							       (NX (NUM four)))
							(PP (P at)
							    (NP (D the)
								(N cross)
								(PP (P of)
								    (NP (D the)
									(NS roads)
									(PP (P to)
									    (NP (NP (NPR Lekkatts))
										(CONJP (CONJ and)
										       (NP (D the) (N lowland))))))))))))))
			    (, ,)
			    (ADVP (ADVP (ADV abruptly))
				  (, ,)
				  (CONJP (CONJ and)
					 (PP (P as)
					     (NP (ONE one)
						 (RRC (VAG pursuing)
						      (NP-OB1 (D a)
							      (ADJ deferential)
							      (N line)
							      (PP (P of)
								  (NP (N conduct)))
							      (CP-REL (WNP-3 0)
								      (C 0)
								      (IP-SUB (NP-OB1 *T*-3)
									      (NP-SBJ (PRO he))
									      (HVD had)
									      (VBN prescribed)
									      (PP (P to)
										  (NP (PRO+N himself)))))))))))
			    (, ,)
			    (VBD asked)
			    (NP-OB2 (PRO$ his) (N bride))
			    (, ,)
			    (CP-QUE (WNP-4 (WD what) (N seat))
				    (C 0)
				    (IP-SUB (NP-OB1 *T*-4)
					    (NP-SBJ (PRO she))
					    (MD would)
					    (VB prefer)))))
	  (. .))
  (ID MEREDITH-1895,19,146.244))

/~*
Speculations regarding the chances of a fall of rain followed the coach until
it sank
(MEREDITH-1895,19,148.292)
*~/
/*
6 VAG:  6 VAG, 7 regarding, 5 RRC
*/

( (IP-MAT (NP-SBJ (NS Speculations)
		  (RRC (VAG regarding)
		       (NP-OB1 (D the)
			       (NS chances)
			       (PP (P of)
				   (NP (D a)
				       (N fall)
				       (PP (P of)
					   (NP (N rain))))))))
	  (VBD followed)
	  (NP-OB1 (D the) (N coach))
	  (PP (P until)
	      (CP-ADV (C 0)
		      (IP-SUB (NP-SBJ (PRO it))
			      (VBP sank)))))
  (ID MEREDITH-1895,19,148.292))

/~*
A famous maxim in the book of the Old Buccaneer, treating of Precaution, as '
The brave man's clean conscience,' with sound counsel to the adventurous, has
it: - 'Then you sail away into the tornado, happy as a sealed bottle of ripe
wine.'
(MEREDITH-1895,19,149.300)
*~/
/*
30 VAG:  30 VAG, 31 treating, 29 RRC
*/

( (IP-MAT (NP-SBJ (D A)
		  (ADJ famous)
		  (N maxim)
		  (PP (P in)
		      (NP (D the)
			  (N book)
			  (PP (P of)
			      (NP (D the) (ADJ Old) (N Buccaneer)))))
		  (, ,)
		  (RRC (VAG treating)
		       (PP (P of)
			   (NP (N Precaution)))
		       (, ,)
		       (PP (P as)
			   (CODE <font>)
			   (' ')
			   (NP (NP-POS (D The) (ADJ brave) (N$ man's))
			       (ADJ clean)
			       (N conscience)))
		       (, ,)
		       (' ')
		       (CODE <$$font>)
		       (PP (P with)
			   (NP (ADJ sound)
			       (N counsel)
			       (PP (P to)
				   (NP (D the) (ADJ adventurous)))))))
	  (, ,)
	  (HVP has)
	  (NP-OB1-1 (PRO it))
	  (, :)
	  (, -)
	  (CODE <font>)
	  (' ')
	  (IP-MAT-SPE-1 (ADVP-TMP (ADV Then))
			(NP-SBJ (PRO you))
			(VBP sail)
			(ADVP-DIR (ADV away))
			(PP (P into)
			    (NP (D the) (N tornado)))
			(, ,)
			(ADJP-SPR (ADJ happy)
				  (PP (P as)
				      (NP (D a)
					  (VAN sealed)
					  (N bottle)
					  (PP (P of)
					      (NP (ADJ ripe) (N wine)))))))
	  (. .)
	  (' ')
	  (CODE <$$font>))
  (ID MEREDITH-1895,19,149.300))

/~*
It should mean, that brave men entering the jaws of hurricanes are found to
have cheerful hearts in them when they know they have done their best.
(MEREDITH-1895,19,149.301)
*~/
/*
21 VAG:  21 VAG, 22 entering, 20 RRC
*/

( (IP-MAT (NP-SBJ (PRO It))
	  (MD should)
	  (VB mean)
	  (, ,)
	  (CP-THT (C that)
		  (IP-SUB (NP-SBJ (ADJ brave)
				  (NS men)
				  (RRC (VAG entering)
				       (NP-OB1 (D the)
					       (NS jaws)
					       (PP (P of)
						   (NP (NS hurricanes))))))
			  (BEP are)
			  (VAN found)
			  (IP-INF (TO to)
				  (HV have)
				  (NP-OB1 (ADJ cheerful) (NS hearts))
				  (PP (P in)
				      (NP (PRO them))))
			  (PP (P when)
			      (CP-ADV (C 0)
				      (IP-SUB (NP-SBJ (PRO they))
					      (VBP know)
					      (CP-THT (C 0)
						      (IP-SUB (NP-SBJ (PRO they))
							      (HVP have)
							      (DON done)
							      (NP-OB1 (PRO$ their) (ADJS best)))))))))
	  (. .))
  (ID MEREDITH-1895,19,149.301))

/~*
and the humming rush of the pace, the smooth torrent of the brown heath-knolls
and reddish pits and hedge-lines and grass-flats and copses pouring the
counter-way of her advance, belonged to his wizardry.
(MEREDITH-1895,19,150.317)
*~/
/*
67 VAG:  67 VAG, 68 pouring, 66 RRC
*/

( (IP-MAT (CONJ and)
	  (NP-SBJ (NP (D the)
		      (VAG humming)
		      (N rush)
		      (PP (P of)
			  (NP (D the) (N pace))))
		  (, ,)
		  (CONJP (NP (D the)
			     (ADJ smooth)
			     (N torrent)
			     (PP (P of)
				 (NP (D the)
				     (ADJ brown)
				     (NS heath-knolls)
				     (CONJP (CONJ and)
					    (NX (ADJ reddish) (NS pits)))
				     (CONJP (CONJ and)
					    (NX (N+NS hedge-lines)))
				     (CONJP (CONJ and)
					    (NX (N+NS grass-flats)))
				     (CONJP (CONJ and)
					    (NX (NS copses)))))
			     (RRC (VAG pouring)
				  (NP-OB1 (D the)
					  (N+N counter-way)
					  (PP (P of)
					      (NP (PRO$ her) (N advance))))))))
	  (, ,)
	  (VBD belonged)
	  (PP (P to)
	      (NP (PRO$ his) (N wizardry)))
	  (. .))
  (ID MEREDITH-1895,19,150.317))

/~*
He was to mix his blood with the blood of the Lincolnshire Kirbys, lying
pallid under the hesitating acquittal of a divided jury.
(MEREDITH-1895,19,152.380)
*~/
/*
38 VAG:  38 VAG, 39 lying, 37 RRC
49 VAG:  49 VAG, 50 hesitating, 37 RRC
*/

( (IP-MAT (NP-SBJ (PRO He))
	  (BED was)
	  (IP-INF (TO to)
		  (VB mix)
		  (NP-OB1 (PRO$ his) (N blood))
		  (PP (P with)
		      (NP (D the)
			  (N blood)
			  (PP (P of)
			      (NP (D the) (NPR Lincolnshire) (NPRS Kirbys)))
			  (, ,)
			  (RRC (VAG lying)
			       (ADJP-SPR (ADJ pallid))
			       (PP (P under)
				   (NP (D the)
				       (VAG hesitating)
				       (N acquittal)
				       (PP (P of)
					   (NP (D a) (VAN divided) (N jury)))))))))
	  (. .))
  (ID MEREDITH-1895,19,152.380))

/~*
She had come to love of the dark land with the warm lifting wind, the big
trees and the hedges, and the stately houses, and people requiring to be
studied, who mean well and are warm somewhere below, as chimney-pots are,
though they are so stiff.
(MEREDITH-1895,19,155.452)
*~/
/*
78 VAG:  78 VAG, 79 requiring, 77 RRC
*/

( (IP-MAT (NP-SBJ (PRO She))
	  (HVD had)
	  (VBN come)
	  (PP (P to)
	      (NP (N love)
		  (PP (P of)
		      (NP (D the)
			  (ADJ dark)
			  (N land)
			  (PP (P with)
			      (NP (NP (D the)
				      (ADJP (ADJ warm) (VAG lifting))
				      (N wind))
				  (, ,)
				  (CONJP (NP (D the) (ADJ big) (NS trees)))
				  (CONJP (CONJ and)
					 (NP (D the) (NS hedges)))
				  (, ,)
				  (CONJP (CONJ and)
					 (NP (D the) (ADJ stately) (NS houses)))
				  (, ,)
				  (CONJP (CONJ and)
					 (NP (NS people)
					     (RRC (VAG requiring)
						  (IP-INF (TO to) (BE be) (VAN studied)))
					     (, ,)
					     (CP-REL (WNP-1 (WPRO who))
						     (C 0)
						     (IP-SUB (IP-SUB (NP-SBJ *T*-1)
								     (VBP mean)
								     (ADVP (ADV well)))
							     (CONJP (CONJ and)
								    (IP-SUB (NP-SBJ *T*-1)
									    (BEP are)
									    (ADJP (ADJ warm))
									    (ADVP-LOC (Q+WADV somewhere) (ADV below))
									    (, ,)
									    (PP (P as)
										(CP-ADV (WADVP-2 0)
											(C 0)
											(IP-SUB (ADVP *T*-2)
												(NP-SBJ (N+NS chimney-pots))
												(BEP are))))
									    (, ,)
									    (PP (P though)
										(CP-ADV (C 0)
											(IP-SUB (NP-SBJ (PRO they))
												(BEP are)
												(ADJP (ADVR so) (ADJ stiff)))))))))))))))))
	  (. .))
  (ID MEREDITH-1895,19,155.452))

/~*
The devil possessing him gnawed so furiously that a partial mitigation of the
pain was afforded by sight of waving hats on a hill-rise of the road.
(MEREDITH-1895,19,158.541)
*~/
/*
8 VAG:  8 VAG, 9 possessing, 7 RRC
*/

( (IP-MAT (NP-SBJ (D The)
		  (N devil)
		  (RRC (VAG possessing)
		       (NP-OB1 (PRO him))))
	  (VBD gnawed)
	  (ADVP (ADVR so)
		(ADV furiously)
		(CP-DEG (C that)
			(IP-SUB (NP-SBJ (D a)
					(ADJ partial)
					(N mitigation)
					(PP (P of)
					    (NP (D the) (N pain))))
				(BED was)
				(VAN afforded)
				(PP (P by)
				    (NP (N sight)
					(PP (P of)
					    (NP (VAG waving) (NS hats)))
					(PP (P on)
					    (NP (D a)
						(N+N hill-rise)
						(PP (P of)
						    (NP (D the) (N road))))))))))
	  (. .))
  (ID MEREDITH-1895,19,158.541))

/~*
The scoring of a proposition of Euclid on the forehead of Potts amused him and
the other gentleman, who was hailed 'Mallard!' and cared nothing for problems
involving the female of man when such work was to the fore as the pugilistic
encounter of the Earl of $Fleetwood $'s chosen Kit Ines, with Lord
Brailstone's unbeaten and well-backed Ben Todds.
(MEREDITH-1895,19,159.581)
*~/
/*
94 VAG:  94 VAG, 95 involving, 93 RRC
*/

( (IP-MAT (NP-SBJ (D The)
		  (N scoring)
		  (PP (P of)
		      (NP (D a)
			  (N proposition)
			  (PP (P of)
			      (NP (NPR Euclid)))))
		  (PP (P on)
		      (NP (D the)
			  (N forehead)
			  (PP (P of)
			      (NP (NPR Potts))))))
	  (VBD amused)
	  (NP-OB1 (NP (PRO him))
		  (CONJP (CONJ and)
			 (NP (D the)
			     (OTHER other)
			     (ADJ+N gentleman)
			     (, ,)
			     (CP-REL (WNP-1 (WPRO who))
				     (C 0)
				     (IP-SUB (IP-SUB (NP-SBJ *T*-1)
						     (BED was)
						     (VAN hailed)
						     (' ')
						     (NP-SPR (NPR Mallard)))
					     (, !)
					     (' ')
					     (CONJP (CONJ and)
						    (IP-SUB (NP-SBJ *con*)
							    (VBD cared)
							    (NP-OB1 (Q+N nothing))
							    (PP (P for)
								(NP (NS problems)
								    (RRC (VAG involving)
									 (NP-OB1 (D the)
										 (N female)
										 (PP (P of)
										     (NP (N man)))))))
							    (PP (P when)
								(CP-ADV (C 0)
									(IP-SUB (NP-SBJ (SUCH such)
											(N work)
											(PP *ICH*-2))
										(BED was)
										(PP (P to)
										    (NP (D the) (ADJ fore)))
										(PP-2 (P as)
										      (NP (D the)
											  (ADJ pugilistic)
											  (N encounter)
											  (PP (P of)
											      (NP (NP-POS (D the)
													  (N Earl)
													  (PP (P of)
													      (NP (NPR $Fleetwood)))
													  ($ $'s))
												  (CODE {TEXT:Fleetwood's})
												  (VAN chosen)
												  (NP-PRN (NPR Kit) (NPR Ines))))
											  (, ,)
											  (PP (P with)
											      (NP (NP-POS (NPR Lord) (NPR$ Brailstone's))
												  (ADJP (ADJ unbeaten) (CONJ and) (ADJ well-backed))
												  (NPR Ben)
												  (NPR Todds)))))))))))))))
	  (. .))
  (ID MEREDITH-1895,19,159.581))

/~*
or else, which is more likely, this Genius of the Ring was tempted by his
genius on the summit of his perfected powers to believe the battle his own,
and celebrate it, as became a victor despising the drubbed antagonist.
(MEREDITH-1895,19,160.593)
*~/
/*
123 VAG:  123 VAG, 124 despising, 122 RRC
*/

( (IP-MAT (CONJP (CONJ or) (ELSE else))
	  (, ,)
	  (CP-CAR (WNP-1 (WPRO which))
		  (C 0)
		  (IP-SUB (NP-SBJ *T*-1)
			  (BEP is)
			  (ADJP (QR more) (ADJ likely))))
	  (, ,)
	  (NP-SBJ (D this)
		  (N Genius)
		  (PP (P of)
		      (NP (D the) (N Ring))))
	  (BED was)
	  (VAN tempted)
	  (PP (P by)
	      (NP (PRO$ his) (N genius)))
	  (PP (P on)
	      (NP (D the)
		  (N summit)
		  (PP (P of)
		      (NP (PRO$ his) (VAN perfected) (NS powers)))))
	  (IP-INF (IP-INF (TO to)
			  (VB believe)
			  (IP-SMC (NP-SBJ (D the) (N battle))
				  (NP-OB1 (PRO$ his) (ADJ own))))
		  (, ,)
		  (CONJP (CONJ and)
			 (IP-INF (TO *)
				 (VB celebrate)
				 (NP-OB1 (PRO it))
				 (, ,)
				 (PP (P as)
				     (CP-ADV (WADVP-2 0)
					     (C 0)
					     (IP-SUB (ADVP *T*-2)
						     (NP-SBJ *exp*)
						     (VBD became)
						     (NP-OB2 (D a)
							     (N victor)
							     (RRC (VAG despising)
								  (NP-OB1 (D the) (VAN drubbed) (N antagonist))))))))))
	  (. .))
  (ID MEREDITH-1895,19,160.593))

/~*
'Went into it puffy, came out of it bunged,' the chronicle resounding over
England ran.
(MEREDITH-1895,19,160.596)
*~/
/*
48 VAG:  48 VAG, 49 resounding, 47 RRC
*/

( (IP-MAT (' ')
	  (IP-MAT-SPE (IP-MAT-SPE (NP-SBJ *pro*)
				  (VBD Went)
				  (PP (P into)
				      (NP (PRO it)))
				  (ADJP-SPR (ADJ puffy)))
		      (, ,)
		      (CONJP (IP-MAT-SPE (NP-SBJ *pro*)
					 (VBD came)
					 (PP (RP out)
					     (P of)
					     (NP (PRO it)))
					 (ADJP-SPR (VAN bunged)))))
	  (, ,)
	  (' ')
	  (NP-SBJ (D the)
		  (N chronicle)
		  (RRC (VAG resounding)
		       (PP (P over)
			   (NP (NPR England)))))
	  (VBD ran)
	  (. .))
  (ID MEREDITH-1895,19,160.596))

/~*
This petty incident drew the attention of the Earl of Fleetwood, then
beginning to be known as the diamond of uncounted facets, patron of the pick
of all departments of manly activity in England.
(MEREDITH-1895,19,160.602)
*~/
/*
36 VAG:  36 VAG, 37 beginning, 32 RRC
*/

( (IP-MAT (NP-SBJ (D This) (ADJ petty) (N incident))
	  (VBD drew)
	  (NP-OB1 (D the)
		  (N attention)
		  (PP (P of)
		      (NP (D the)
			  (N Earl)
			  (PP (P of)
			      (NP (NPR Fleetwood)))
			  (, ,)
			  (RRC (ADVP-TMP (ADV then))
			       (VAG beginning)
			       (IP-INF (TO to)
				       (BE be)
				       (VAN known)
				       (PP (P as)
					   (NP (D the)
					       (N diamond)
					       (PP (P of)
						   (NP (ADJ uncounted) (NS facets)))
					       (, ,)
					       (CONJP (NX (N patron)
							  (PP (P of)
							      (NP (D the)
								  (N pick)
								  (PP (P of)
								      (NP (Q all)
									  (NS departments)
									  (PP (P of)
									      (NP (ADJ manly) (N activity)))
									  (PP (P in)
									      (NP (NPR England))))))))))))))))
	  (. .))
  (ID MEREDITH-1895,19,160.602))
/*
FOOTER
  source file, hits/tokens/total
  C:\Users\Shoo\Dropbox\workspace\CorpusSearch_Auto\data\corporas\PPCMBE\temp1492106160469\fiction_romances_dramacomedies_and_verse\meredith-1895.psd	30/24/652
*/
/*
HEADER:
source file:  C:\Users\Shoo\Dropbox\workspace\CorpusSearch_Auto\data\corporas\PPCMBE\temp1492106160469\fiction_romances_dramacomedies_and_verse\reeve-1777.psd
*/

/~*
The daughter fetched his horse, which he mounted, and set forward with the
servant, of whom he asked many questions concerning his master's family.
(REEVE-1777,11.253)
*~/
/*
77 VAG:  77 VAG, 78 concerning, 76 RRC
*/

( (IP-MAT (NP-SBJ (D The) (N daughter))
	  (VBD fetched)
	  (NP-OB1 (PRO$ his)
		  (N horse)
		  (, ,)
		  (CP-REL (WNP-1 (WPRO which))
			  (C 0)
			  (IP-SUB (IP-SUB (NP-OB1 *T*-1)
					  (NP-SBJ (PRO he))
					  (VBD mounted))
				  (, ,)
				  (CONJP (CONJ and)
					 (IP-SUB (NP-SBJ *con*)
						 (VBD set)
						 (ADVP-DIR (ADV+WARD forward))
						 (PP (P with)
						     (NP (D the)
							 (N servant)
							 (, ,)
							 (CP-REL (WPP-2 (P of)
									(WNP (WPRO whom)))
								 (C 0)
								 (IP-SUB (PP *T*-2)
									 (NP-SBJ (PRO he))
									 (VBD asked)
									 (NP-OB1 (Q many)
										 (NS questions)
										 (RRC (VAG concerning)
										      (NP-OB1 (NP-POS (PRO$ his) (N$ master's))
											      (N family)))))))))))))
	  (. .))
  (ID REEVE-1777,11.253))

/~*
my dear lord, I am and will be your servant, in preference to any man living,
(REEVE-1777,18.420)
*~/
/*
45 VAG:  45 VAG, 46 living, 44 RRC
*/

( (IP-MAT-SPE-1 (NP-VOC (PRO$ my) (ADJ dear) (N lord))
		(, ,)
		(NP-SBJ (PRO I))
		(BEP am)
		(IP-MAT-PRN-SPE=1 (CONJ and) (MD will) (BE be))
		(NP-OB1 (PRO$ your) (N servant))
		(, ,)
		(PP (P in)
		    (NP (N preference)))
		(PP (P to)
		    (NP (Q any)
			(N man)
			(RRC (VAG living))))
		(. ,))
  (ID REEVE-1777,18.420))

/~*
knighthood, said he, is an order belonging to gentlemen,
(REEVE-1777,31.681)
*~/
/*
23 VAG:  23 VAG, 24 belonging, 22 RRC
*/

( (IP-MAT-SPE (NP-SBJ (N knighthood))
	      (, ,)
	      (IP-MAT-PRN (VBD said)
			  (NP-SBJ (PRO he)))
	      (, ,)
	      (BEP is)
	      (NP-OB1 (D an)
		      (N order)
		      (RRC (VAG belonging)
			   (PP (P to)
			       (NP (ADJ+NS gentlemen)))))
	      (. ,))
  (ID REEVE-1777,31.681))
/*
FOOTER
  source file, hits/tokens/total
  C:\Users\Shoo\Dropbox\workspace\CorpusSearch_Auto\data\corporas\PPCMBE\temp1492106160469\fiction_romances_dramacomedies_and_verse\reeve-1777.psd	3/3/751
*/
/*
HEADER:
source file:  C:\Users\Shoo\Dropbox\workspace\CorpusSearch_Auto\data\corporas\PPCMBE\temp1492106160469\fiction_romances_dramacomedies_and_verse\stevens-1745.psd
*/

/~*
Sir Char. But I must tell you, Ned - The other Day, as I was talking with an
old Friend of ours, Ned Rakewell, all on a sudden he started, asking me, if I
did not smell Punch, meaning Sir Humphry
(STEVENS-1745,21.92)
*~/
/*
139 VAG:  139 VAG, 140 meaning, 138 RRC
*/

( (IP-MAT (META (CODE <font>)
		(NP (NPR Sir) (NPR Char.))
		(CODE <$$font>))
	  (CONJ But)
	  (NP-SBJ (PRO I))
	  (MD must)
	  (VB tell)
	  (NP-OB2 (PRO you))
	  (, ,)
	  (CODE <font>)
	  (NP-VOC (NPR Ned))
	  (CODE <$$font>)
	  (, -)
	  (CP-THT (C 0)
		  (IP-SUB (NP-TMP (D The) (OTHER other) (N Day))
			  (, ,)
			  (PP (P as)
			      (CP-ADV (C 0)
				      (IP-SUB (NP-SBJ (PRO I))
					      (BED was)
					      (VAG talking)
					      (PP (P with)
						  (NP (D an)
						      (ADJ old)
						      (N Friend)
						      (PP (P of)
							  (NP (PRO$ ours)))
						      (, ,)
						      (CODE <font>)
						      (NP-PRN (NPR Ned) (NPR Rakewell)))))))
			  (CODE <$$font>)
			  (, ,)
			  (PP (Q all)
			      (P on)
			      (NP (D a) (ADJ sudden)))
			  (NP-SBJ (PRO he))
			  (VBD started)
			  (, ,)
			  (IP-PPL (VAG asking)
				  (NP-OB2 (PRO me))
				  (, ,)
				  (CP-QUE (WQ if)
					  (C 0)
					  (IP-SUB (NP-SBJ (PRO I))
						  (DOD did)
						  (NEG not)
						  (VB smell)
						  (NP-OB1 (N Punch)
							  (, ,)
							  (CODE <paren>)
							  (RRC (VAG meaning)
							       (NP-OB1 (NPR Sir) (CODE <font>) (NPR Humphry)))))))))
	  (CODE <$$paren>)
	  (CODE <$$font>))
  (ID STEVENS-1745,21.92))

/~*
I, turning the Corner of the Street, meets Sir Humphry, puffing and blowing,
as if his Guts were about his Heels, infecting the wholesome Air with his rank
Breath.
(STEVENS-1745,21.97)
*~/
/*
40 VAG:  40 VAG, 41 puffing, 38 RRC
44 VAG:  44 VAG, 45 blowing, 38 RRC
76 VAG:  76 VAG, 77 infecting, 75 RRC
*/

( (IP-MAT (NP-SBJ (PRO I))
	  (, ,)
	  (IP-PPL (VAG turning)
		  (NP-OB1 (D the)
			  (N Corner)
			  (PP (P of)
			      (NP (D the) (N Street)))))
	  (, ,)
	  (VBP meets)
	  (NP-OB1 (NPR Sir)
		  (CODE <font>)
		  (NPR Humphry)
		  (CODE <$$font>)
		  (, ,)
		  (RRC (VAG (VAG puffing) (CONJ and) (VAG blowing))
		       (, ,)
		       (PP (P as)
			   (PP (P if)
			       (CP-ADV (C 0)
				       (IP-SUB (NP-SBJ (PRO$ his) (NS Guts))
					       (BED were)
					       (PP (P about)
						   (NP (PRO$ his) (NS Heels))))))))
		  (, ,)
		  (RRC (VAG infecting)
		       (NP-OB1 (D the) (ADJ wholesome) (N Air))
		       (PP (P with)
			   (NP (PRO$ his) (ADJ rank) (N Breath)))))
	  (. .))
  (ID STEVENS-1745,21.97))

/~*
A Back-Door leading to the Fields.
(STEVENS-1745,43.660)
*~/
/*
9 VAG:  9 VAG, 10 leading, 8 RRC
*/

( (NP (CODE <font>)
      (D A)
      (N+N Back-Door)
      (RRC (VAG leading)
	   (PP (P to)
	       (NP (D the) (NS Fields))))
      (. .)
      (CODE <$$font>))
  (ID STEVENS-1745,43.660))

/~*
and the Person seeing me, ask'd my Business, and, who I belong'd to;
(STEVENS-1745,46.750)
*~/
/*
10 VAG:  10 VAG, 11 seeing, 9 RRC
*/

( (IP-MAT (CONJ and)
	  (NP-SBJ (D the)
		  (N Person)
		  (RRC (VAG seeing)
		       (NP-OB1 (PRO me))))
	  (, ,)
	  (VBD ask'd)
	  (NP-OB1 (NP (PRO$ my) (N Business))
		  (, ,)
		  (CONJP (CONJ and)
			 (, ,)
			 (CP-QUE (WNP-1 (WPRO who))
				 (C 0)
				 (IP-SUB (NP-SBJ (PRO I))
					 (VBD belong'd)
					 (PP (P to)
					     (NP *T*-1))))))
	  (. ;))
  (ID STEVENS-1745,46.750))
/*
FOOTER
  source file, hits/tokens/total
  C:\Users\Shoo\Dropbox\workspace\CorpusSearch_Auto\data\corporas\PPCMBE\temp1492106160469\fiction_romances_dramacomedies_and_verse\stevens-1745.psd	6/4/1065
*/
/*
HEADER:
source file:  C:\Users\Shoo\Dropbox\workspace\CorpusSearch_Auto\data\corporas\PPCMBE\temp1492106160469\fiction_romances_dramacomedies_and_verse\wilde-1895.psd
*/

/~*
Lady Chiltern goes through the door leading to her boudoir.
(WILDE-1895,51.314)
*~/
/*
20 VAG:  20 VAG, 21 leading, 19 RRC
*/

( (IP-MAT (CODE <font>)
	  (NP-SBJ (NPR Lady) (NPR Chiltern))
	  (VBP goes)
	  (PP (P through)
	      (NP (D the)
		  (N door)
		  (RRC (VAG leading)
		       (PP (P to)
			   (NP (PRO$ her) (N boudoir))))))
	  (. .)
	  (CODE <$$font>))
  (ID WILDE-1895,51.314))

/~*
Lord Goring: A letter gravely compromising one's position.
(WILDE-1895,54.389)
*~/
/*
18 VAG:  18 VAG, 19 compromising, 14 RRC
*/

( (NP (META (NP (NPR Lord) (NPR Goring))
	    (, :))
      (D A)
      (N letter)
      (RRC (ADVP (ADV gravely))
	   (VAG compromising)
	   (NP-OB1 (ONE$ one's) (N position)))
      (. .))
  (ID WILDE-1895,54.389))

/~*
It has apparently been crowded out by the County Council, or the Lambeth
Conference, or something equally boring.
(WILDE-1895,55.433)
*~/
/*
51 VAG:  51 VAG, 52 boring, 47 RRC
*/

( (IP-MAT (NP-SBJ (PRO It))
	  (HVP has)
	  (ADVP (ADV apparently))
	  (BEN been)
	  (VAN crowded)
	  (RP out)
	  (PP (P by)
	      (NP (NP (D the) (N County) (N Council))
		  (, ,)
		  (CONJP (CONJ or)
			 (NP (D the) (NPR Lambeth) (N Conference)))
		  (, ,)
		  (CONJP (CONJ or)
			 (NP (Q+N something)
			     (RRC (ADVP (ADV equally))
				  (VAG boring))))))
	  (. .))
  (ID WILDE-1895,55.433))

/~*
On the right is the door leading into the hall. On the left, the door of the
smoking-room.
(WILDE-1895,72.899)
*~/
/*
20 VAG:  20 VAG, 21 leading, 19 RRC
*/

( (META (IP-MAT (IP-MAT-1 (PP (P On)
			      (NP (D the) (ADJ right)))
			  (BEP is)
			  (NP-SBJ (D the)
				  (N door)
				  (RRC (VAG leading)
				       (PP (P into)
					   (NP (D the) (N hall))))))
		(, .)
		(CONJP (IP-MAT=1 (PP (P On)
				     (NP (D the) (ADJ left)))
				 (, ,)
				 (NP-SBJ (D the)
					 (N door)
					 (PP (P of)
					     (NP (D the) (N+N smoking-room))))))
		(. .)))
  (ID WILDE-1895,72.899))
/*
FOOTER
  source file, hits/tokens/total
  C:\Users\Shoo\Dropbox\workspace\CorpusSearch_Auto\data\corporas\PPCMBE\temp1492106160469\fiction_romances_dramacomedies_and_verse\wilde-1895.psd	4/4/996
*/
/*
HEADER:
source file:  C:\Users\Shoo\Dropbox\workspace\CorpusSearch_Auto\data\corporas\PPCMBE\temp1492106160469\fiction_romances_dramacomedies_and_verse\yonge-1865.psd
*/

/~*
and came down on her with two fat manuscripts upon Human Reeds and Military
Society, preluding, however, by bitter complaints of the Traveller for never
having vouchsafed her an answer, nor having even restored "Curatocult," though
she had written three times, and sent a directed envelope and stamps for the
purpose.
(YONGE-1865,159.9)
*~/
/*
46 VAG:  46 VAG, 47 preluding, 45 RRC
83 HAG:  83 HAG, 84 having, 45 RRC
101 HAG:  101 HAG, 102 having, 45 RRC
*/

( (IP-MAT (CONJ and)
	  (NP-SBJ *con*)
	  (VBD came)
	  (RP down)
	  (PP (P on)
	      (NP (PRO her)))
	  (PP (P with)
	      (NP (NUM two)
		  (ADJ fat)
		  (NS manuscripts)
		  (PP (P upon)
		      (NP (NP (N Human) (NS Reeds))
			  (CONJP (CONJ and)
				 (NP (ADJ Military) (N Society)))))
		  (, ,)
		  (RRC (VAG preluding)
		       (, ,)
		       (ADVP (WADV+ADV however))
		       (, ,)
		       (PP (P by)
			   (NP (ADJ bitter)
			       (NS complaints)
			       (PP (P of)
				   (NP (D the) (CODE <font>) (NPR Traveller)))
			       (CODE <$$font>)
			       (PP (P for)
				   (IP-PPL (IP-PPL (ADVP-TMP (ADV never))
						   (HAG having)
						   (VBN vouchsafed)
						   (NP-OB2 (PRO her))
						   (NP-OB1 (D an) (N answer)))
					   (, ,)
					   (CONJP (CONJ nor)
						  (IP-PPL (HAG having)
							  (FP even)
							  (VBN restored)
							  (" ")
							  (NP-OB1 (NPR Curatocult))
							  (, ,)
							  (" ")
							  (PP (P though)
							      (CP-ADV (C 0)
								      (IP-SUB (IP-SUB-1 (NP-SBJ (PRO she))
											(HVD had)
											(VBN written)
											(NP-TMP (NUM three) (NS times)))
									      (, ,)
									      (CONJP (CONJ and)
										     (IP-SUB=1 (VBN sent)
											       (NP-OB1 (D a)
												       (VAN directed)
												       (N envelope)
												       (CONJP (CONJ and)
													      (NX (NS stamps))))
											       (PP (P for)
												   (NP (D the) (N purpose)))))))))))))))))
	  (. .))
  (ID YONGE-1865,159.9))

/~*
"If you meant the cathedral," she said, a little uncertainly, recollecting the
tone in which Mr. Clare had just been spoken of, and thinking that perhaps
Miss Keith might be a curatolatress, "I am afraid it is not of much benefit to
people living at this distance,
(YONGE-1865,162.81)
*~/
/*
150 VAG:  150 VAG, 151 living, 149 RRC
*/

( (IP-MAT-SPE (" ")
	      (PP (P If)
		  (CP-ADV-SPE (C 0)
			      (IP-SUB-SPE (NP-SBJ (PRO you))
					  (VBD meant)
					  (NP-OB1 (D the) (N cathedral)))))
	      (, ,)
	      (" ")
	      (IP-MAT-PRN (NP-SBJ (PRO she))
			  (VBD said)
			  (, ,)
			  (ADVP (NP-MSR (D a) (ADJ little))
				(ADV uncertainly))
			  (, ,)
			  (IP-PPL-SPE (IP-PPL-SPE (VAG recollecting)
						  (NP-OB1 (D the)
							  (N tone)
							  (CP-REL-SPE (WPP-1 (P in)
									     (WNP (WPRO which)))
								      (C 0)
								      (IP-SUB-SPE (PP *T*-1)
										  (NP-SBJ-2 (NPR Mr.) (NPR Clare))
										  (HVD had)
										  (ADVP-TMP (ADV just))
										  (BEN been)
										  (VAN spoken)
										  (PP (P of)
										      (NP *-2))))))
				      (, ,)
				      (CONJP (CONJ and)
					     (IP-PPL-SPE (VAG thinking)
							 (CP-THT-SPE (C that)
								     (IP-SUB-SPE (ADVP (ADV perhaps))
										 (NP-SBJ (NPR Miss) (NPR Keith))
										 (MD might)
										 (BE be)
										 (NP-OB1 (D a) (N curatolatress))))))))
	      (, ,)
	      (" ")
	      (NP-SBJ (PRO I))
	      (BEP am)
	      (ADJP (ADJ afraid)
		    (CP-THT-SPE (C 0)
				(IP-SUB-SPE (NP-SBJ (PRO it))
					    (BEP is)
					    (NEG not)
					    (PP (P of)
						(NP (Q much)
						    (N benefit)
						    (PP (P to)
							(NP (NS people)
							    (RRC (VAG living)
								 (PP (P at)
								     (NP (D this) (N distance)))))))))))
	      (. ,))
  (ID YONGE-1865,162.81))

/~*
If you could see the change from the petted creature she was with her mother
and husband, almost always the first lady in the place, and latterly with a
colonial court of her own, and now, ordered about, advised, domineered over,
made nobody of, and taking it as meekly and sweetly as if she were grateful
for it!
(YONGE-1865,169.271)
*~/
/*
167 VAG:  167 VAG, 168 taking, 166 RRC
167 VAG:  167 VAG, 168 taking, 116 RRC
167 VAG:  167 VAG, 168 taking, 59 RRC
*/

( (PP (P If)
      (CP-ADV (C 0)
	      (IP-SUB (NP-SBJ (PRO you))
		      (MD could)
		      (VB see)
		      (NP-OB1 (D the) (N change))
		      (PP (P from)
			  (NP (D the)
			      (VAN petted)
			      (N creature)
			      (CP-REL (WNP-1 0)
				      (C 0)
				      (IP-SUB (NP-OB1 *T*-1)
					      (NP-SBJ (PRO she))
					      (BED was)
					      (PP (P with)
						  (NP (PRO$ her)
						      (N mother)
						      (CONJP (CONJ and)
							     (NX (N husband)))))))
			      (, ,)
			      (RRC (RRC (RRC (ADVP-TMP (ADV almost) (CODE <P_169>) (ADV always))
					     (NP-OB1 (D the) (ADJ first) (N lady))
					     (PP (P in)
						 (NP (D the) (N place))))
					(, ,)
					(CONJP (CONJ and)
					       (RRC (ADVP-TMP (ADV latterly))
						    (PP (P with)
							(NP (D a)
							    (ADJ colonial)
							    (N court)
							    (PP (P of)
								(NP (PRO$ her) (ADJ own))))))))
				   (, ,)
				   (CONJP (CONJ and)
					  (RRC (RRC (ADVP-TMP (ADV now))
						    (, ,)
						    (VAN ordered)
						    (RP about))
					       (, ,)
					       (CONJP (RRC (VAN advised)))
					       (, ,)
					       (CONJP (RRC (VAN domineered)
							   (PP (P over)
							       (NP *))))
					       (, ,)
					       (CONJP (RRC (VAN made)
							   (IP-SMC (NP-SBJ *)
								   (NP-OB1 (Q+N nobody))
								   (PP (P of)
								       (NP *)))))
					       (, ,)
					       (CONJP (CONJ and)
						      (RRC (VAG taking)
							   (NP-OB1 (PRO it))
							   (ADVP (ADVR as)
								 (ADV meekly)
								 (CONJP (CONJ and)
									(ADVX (ADV sweetly)))
								 (PP (P as)
								     (PP (P if)
									 (CP-ADV (C 0)
										 (IP-SUB (NP-SBJ (PRO she))
											 (BED were)
											 (ADJP (ADJ grateful)
											       (PP (P for)
												   (NP (PRO it))))))))))))))))))
      (. !))
  (ID YONGE-1865,169.271))

/~*
Perhaps clever men, of a profession not necessarily requiring constant brain
work, are not so much inclined to rest the mind with feminine empty chatter,
as are those whose intellect is more on the strain.
(YONGE-1865,174.396)
*~/
/*
26 VAG:  26 VAG, 27 requiring, 20 RRC
*/

( (IP-MAT (ADVP (ADV Perhaps))
	  (NP-SBJ (ADJ clever)
		  (NS men)
		  (, ,)
		  (PP (P of)
		      (NP (D a)
			  (N profession)
			  (RRC (NEG not)
			       (ADVP (ADV necessarily))
			       (VAG requiring)
			       (NP-OB1 (ADJ constant) (N brain) (N work))))))
	  (, ,)
	  (BEP are)
	  (NEG not)
	  (NP-MSR (QP (ADVR so) (Q much))
		  (PP *ICH*-1))
	  (VAN inclined)
	  (IP-INF (TO to)
		  (VB rest)
		  (NP-OB1 (D the) (N mind))
		  (PP (P with)
		      (NP (ADJP (ADJ feminine) (ADJ empty))
			  (N chatter))))
	  (, ,)
	  (PP-1 (P as)
		(CP-CMP (WNP-2 0)
			(C 0)
			(IP-SUB (NP-MSR *T*-2)
				(BEP are)
				(NP-SBJ (D those)
					(CP-REL (WNP-3 (WPRO$ whose) (N intellect))
						(C 0)
						(IP-SUB (NP-SBJ *T*-3)
							(BEP is)
							(PP (NP-MSR (QR more))
							    (P on)
							    (NP (D the) (N strain)))))))))
	  (. .))
  (ID YONGE-1865,174.396))

/~*
yet Grace felt full of discomfort and distrust; a feeling shared by Alison,
who had never forgiven herself for her half confidence, and felt that it would
be wiser to tell the rest, but was withheld by knowing that her motive would
actuate her sister to a contrary course.
(YONGE-1865,177.474)
*~/
/*
121 VAG:  121 VAG, 122 knowing, 30 RRC
*/

( (IP-MAT (ADVP (ADV yet))
	  (NP-SBJ (NPR Grace))
	  (VBD felt)
	  (ADJP (ADJ full)
		(PP (P of)
		    (NP (N discomfort) (CONJ and) (N distrust)))
		(, ;)
		(NP-PRN (D a)
			(VAG feeling)
			(RRC (VAN shared)
			     (PP (P by)
				 (NP (NPR Alison)
				     (, ,)
				     (CP-REL (WNP-1 (WPRO who))
					     (C 0)
					     (IP-SUB (IP-SUB (NP-SBJ *T*-1)
							     (HVD had)
							     (ADVP-TMP (ADV never))
							     (VBN forgiven)
							     (NP-OB1 (PRO+N herself))
							     (PP (P for)
								 (NP (PRO$ her) (NUM half) (N confidence))))
						     (, ,)
						     (CONJP (CONJ and)
							    (IP-SUB (NP-SBJ *T*-1)
								    (VBD felt)
								    (CP-THT (C that)
									    (IP-SUB (NP-SBJ-2 (PRO it))
										    (MD would)
										    (BE be)
										    (ADJP (ADJR wiser))
										    (IP-INF-2 (TO to)
											      (VB tell)
											      (NP-OB1 (D the) (N rest)))))))
						     (, ,)
						     (CONJP (CONJ but)
							    (IP-SUB (NP-SBJ *T*-1)
								    (BED was)
								    (VAN withheld)
								    (PP (P by)
									(IP-PPL (VAG knowing)
										(CP-THT (C that)
											(IP-SUB (NP-SBJ (PRO$ her) (N motive))
												(MD would)
												(VB actuate)
												(NP-OB1 (PRO$ her) (N sister))
												(PP (P to)
												    (NP (D a) (ADJ contrary) (N course))))))))))))))))
	  (. .))
  (ID YONGE-1865,177.474))

/~*
Colin looked in on Ermine one morning to announce, with shrugged shoulders,
and a face almost making game of himself, that his brother was coming!
(YONGE-1865,177.482)
*~/
/*
50 VAG:  50 VAG, 51 making, 46 RRC
*/

( (IP-MAT (NP-SBJ (NPR Colin))
	  (VBD looked)
	  (RP in)
	  (PP (P on)
	      (NP (NPR Ermine)))
	  (NP-TMP (ONE one) (N morning))
	  (IP-INF-PRP (TO to)
		      (VB announce)
		      (, ,)
		      (PP (P with)
			  (NP (NP (VAN shrugged) (NS shoulders))
			      (, ,)
			      (CONJP (CONJ and)
				     (NP (D a)
					 (N face)
					 (RRC (ADVP (ADV almost))
					      (VAG making)
					      (NP-OB1 (N game))
					      (PP (P of)
						  (NP (PRO+N himself))))))))
		      (, ,)
		      (CP-THT (C that)
			      (IP-SUB (NP-SBJ (PRO$ his) (N brother))
				      (BED was)
				      (VAG coming))))
	  (. !))
  (ID YONGE-1865,177.482))

/~*
At that moment, Grace, as an act of general beneficence certainly pleasing to
her mother, began to sing.
(YONGE-1865,182.589)
*~/
/*
37 VAG:  37 VAG, 38 pleasing, 33 RRC
*/

( (IP-MAT (PP (P At)
	      (NP (D that) (N moment)))
	  (, ,)
	  (NP-SBJ (NPR Grace))
	  (, ,)
	  (PP (P as)
	      (NP (D an)
		  (N act)
		  (PP (P of)
		      (NP (ADJ general) (N beneficence)))
		  (RRC (ADVP (ADV certainly))
		       (VAG pleasing)
		       (PP (P to)
			   (NP (PRO$ her) (N mother))))))
	  (, ,)
	  (VBD began)
	  (IP-INF (TO to) (VB sing))
	  (. .))
  (ID YONGE-1865,182.589))

/~*
Here was, no doubt, the real enemy, while they had all been thinking of
Colonel Keith. A man only now expecting his company!
(YONGE-1865,182.595)
*~/
/*
64 VAG:  64 VAG, 65 expecting, 58 RRC
*/

( (IP-MAT (ADVP-LOC (ADV Here))
	  (BED was)
	  (, ,)
	  (NP-ADV (Q no) (N doubt))
	  (, ,)
	  (NP-SBJ (D the) (ADJ real) (N enemy))
	  (, ,)
	  (PP (P while)
	      (CP-ADV (C 0)
		      (IP-SUB (NP-SBJ (PRO they))
			      (HVD had)
			      (Q all)
			      (BEN been)
			      (VAG thinking)
			      (PP (P of)
				  (NP (NPR Colonel)
				      (NPR Keith)
				      (, .)
				      (NP-PRN (D A)
					      (N man)
					      (RRC (ADVP-TMP (FP only) (ADV now))
						   (VAG expecting)
						   (NP-OB1 (PRO$ his) (N company)))))))))
	  (. !))
  (ID YONGE-1865,182.595))
/*
FOOTER
  source file, hits/tokens/total
  C:\Users\Shoo\Dropbox\workspace\CorpusSearch_Auto\data\corporas\PPCMBE\temp1492106160469\fiction_romances_dramacomedies_and_verse\yonge-1865.psd	10/8/629
*/
/*
SUMMARY:  
source files, hits/tokens/total
  C:\Users\Shoo\Dropbox\workspace\CorpusSearch_Auto\data\corporas\PPCMBE\temp1492106160469\fiction_romances_dramacomedies_and_verse\brougham-1861.psd	1/1/1202
  C:\Users\Shoo\Dropbox\workspace\CorpusSearch_Auto\data\corporas\PPCMBE\temp1492106160469\fiction_romances_dramacomedies_and_verse\collier-1835.psd	3/3/1122
  C:\Users\Shoo\Dropbox\workspace\CorpusSearch_Auto\data\corporas\PPCMBE\temp1492106160469\fiction_romances_dramacomedies_and_verse\colman-1805.psd	2/2/1185
  C:\Users\Shoo\Dropbox\workspace\CorpusSearch_Auto\data\corporas\PPCMBE\temp1492106160469\fiction_romances_dramacomedies_and_verse\davys-1716.psd	3/1/946
  C:\Users\Shoo\Dropbox\workspace\CorpusSearch_Auto\data\corporas\PPCMBE\temp1492106160469\fiction_romances_dramacomedies_and_verse\defoe-1719.psd	6/6/495
  C:\Users\Shoo\Dropbox\workspace\CorpusSearch_Auto\data\corporas\PPCMBE\temp1492106160469\fiction_romances_dramacomedies_and_verse\dickens-1837.psd	12/7/566
  C:\Users\Shoo\Dropbox\workspace\CorpusSearch_Auto\data\corporas\PPCMBE\temp1492106160469\fiction_romances_dramacomedies_and_verse\fielding-1749.psd	3/3/486
  C:\Users\Shoo\Dropbox\workspace\CorpusSearch_Auto\data\corporas\PPCMBE\temp1492106160469\fiction_romances_dramacomedies_and_verse\godwin-1805.psd	7/4/593
  C:\Users\Shoo\Dropbox\workspace\CorpusSearch_Auto\data\corporas\PPCMBE\temp1492106160469\fiction_romances_dramacomedies_and_verse\goldsmith-1773.psd	1/1/1065
  C:\Users\Shoo\Dropbox\workspace\CorpusSearch_Auto\data\corporas\PPCMBE\temp1492106160469\fiction_romances_dramacomedies_and_verse\meredith-1895.psd	30/24/652
  C:\Users\Shoo\Dropbox\workspace\CorpusSearch_Auto\data\corporas\PPCMBE\temp1492106160469\fiction_romances_dramacomedies_and_verse\reeve-1777.psd	3/3/751
  C:\Users\Shoo\Dropbox\workspace\CorpusSearch_Auto\data\corporas\PPCMBE\temp1492106160469\fiction_romances_dramacomedies_and_verse\stevens-1745.psd	6/4/1065
  C:\Users\Shoo\Dropbox\workspace\CorpusSearch_Auto\data\corporas\PPCMBE\temp1492106160469\fiction_romances_dramacomedies_and_verse\wilde-1895.psd	4/4/996
  C:\Users\Shoo\Dropbox\workspace\CorpusSearch_Auto\data\corporas\PPCMBE\temp1492106160469\fiction_romances_dramacomedies_and_verse\yonge-1865.psd	10/8/629
whole search, hits/tokens/total
		91/71/11753
*/
