/*
PREFACE:  
Copyright 2010 Beth Randall
Date:  Thu Apr 13 19:02:49 BST 2017

command file:     data\searches\queries\PENN\progressive_forms_subjunctive_mood.q
output file:      C:\Users\Shoo\Dropbox\workspace\CorpusSearch_Auto\data\output\13-04-2017 18.46.36.333 PPCME2\progressive_forms_subjunctive_mood\travelogue\result.out

node:   IP-SUB|BAG*|HAG*|VAG*|DAG*
query:  (BAG*|HAG*|VAG*|DAG* Dominates  !BAG*|HAG*|VAG*|DAG*) 
  AND  (IP-SUB Dominates  BAG*|HAG*|VAG*|DAG*) 
*/
/*
HEADER:
source file:  C:\Users\Shoo\Dropbox\workspace\CorpusSearch_Auto\data\corporas\PPCME2\temp1492106398658\travelogue\cmmandev.m3.psd
*/

/~*
For als moche as the lond be+gonde the see +tat is to seye the holy lond +tat
men callen the lond of promyssioun or of beheste passynge all o+tere londes it
is the most worthi lond most excellent and lady & souereyn of all o+tere
londes & is blessed & halewed of the precyous body & blood of oure lord jhesu
crist; jn the whiche land it lykede him to take flesch & blood of the virgyne
Marie to envyrone +tat holy lond with his blessede feet;
(CMMANDEV,1.2)
*~/
/*
85 VAG:  85 VAG, 86 passynge, 17 IP-SUB
85 VAG:  85 VAG, 86 passynge, 16 IP-SUB
*/
( (IP-MAT (PP (P For)
	      (QP (ADVR als)
		  (Q moche)
		  (PP (P as)
		      (CP-ADV (C 0)
			      (IP-SUB (IP-SUB (NP-LFD (D the)
						      (N lond)
						      (PP (P be+gonde)
							  (NP (D the) (N see)))
						      (IP-MAT-PRN (NP-SBJ (D +tat))
								  (BEP is)
								  (IP-INF (TO to)
									  (VB seye)
									  (NP-OB1 (D the)
										  (NPR holy)
										  (NPR lond)
										  (CP-REL (WNP-1 0)
											  (C +tat)
											  (IP-SUB (NP-SBJ (NS men))
												  (VBP callen)
												  (IP-SMC (NP-SBJ *T*-1)
													  (NP-OB1 (D the)
														  (N lond)
														  (PP (PP (P of)
															  (NP (N promyssioun)))
														      (CONJP (CONJ or)
															     (PP (P of)
																 (NP (N beheste)))))))))))))
					      (IP-PPL (VAG passynge)
						      (NP-OB1 (Q all) (OTHER o+tere) (NS londes)))
					      (NP-SBJ-RSP (PRO it))
					      (BEP is)
					      (NP-OB1 (NP (D the)
							  (ADJP (QS most) (ADJ worthi))
							  (N lond)
							  (ADJP (QS most) (ADJ excellent)))
						      (CONJP (CONJ and)
							     (NP (N lady)
								 (CONJ &)
								 (N souereyn)
								 (PP (P of)
								     (NP (Q all) (OTHER o+tere) (NS londes)))))))
				      (CONJP (CONJ &)
					     (IP-SUB (NP-SBJ *con*)
						     (BEP is)
						     (VAN (VAN blessed) (CONJ &) (VAN halewed))
						     (PP (P of)
							 (NP (D the)
							     (ADJ precyous)
							     (N body)
							     (CONJP (CONJ &)
								    (NX (N blood)))
							     (PP (P of)
								 (NP (PRO$ oure)
								     (NPR lord)
								     (NP-PRN (NPR jhesu) (NPR crist)))))))))))))
	  (, ;)
	  (CP-CAR (WPP-2 (P jn)
			 (WNP (D the) (WD whiche) (N land)))
		  (C 0)
		  (IP-SUB (PP *T*-2)
			  (NP-SBJ-3 (PRO it))
			  (VBD lykede)
			  (NP-OB2 (PRO him))
			  (IP-INF-3 (TO to)
				    (VB take)
				    (NP-OB1 (N flesch)
					    (CONJ &)
					    (N blood)
					    (PP (P of)
						(NP (D the)
						    (N virgyne)
						    (NP-PRN (NPR Marie)))))
				    (IP-INF-PRP (TO to)
						(VB envyrone)
						(NP-OB1 (D +tat) (NPR holy) (NPR lond))
						(PP (P with)
						    (NP (PRO$ his) (VAN blessede) (NS feet)))))))
	  (. ;))
  (ID CMMANDEV,1.2))

/~*
And in +tat lond he wolde dye as seised for to leve it to vs his children.
Wherfore euery gode cristene man +tat is of powere & hath whereof scholde
peynen him with all his strengthe for to conquere oure right heritage & chacen
out all the mysbeleeuynge men.
(CMMANDEV,2.26)
*~/
/*
145 VAG:  145 VAG, 146 mysbeleeuynge, 54 IP-SUB
*/

( (IP-MAT (CONJ And)
	  (PP (P in)
	      (NP (D +tat) (N lond)))
	  (NP-SBJ (PRO he))
	  (MD wolde)
	  (VB dye)
	  (PP (P as)
	      (NP (VAN seised)))
	  (IP-INF-PRP (FOR for)
		      (TO to)
		      (VB leve)
		      (NP-OB1 (PRO it))
		      (PP (P to)
			  (NP (PRO vs)
			      (NP-PRN (PRO$ his) (NS children)))))
	  (, .)
	  (CP-CAR (WPP-1 (WADV+P Wherfore))
		  (C 0)
		  (IP-SUB (PP *T*-1)
			  (NP-SBJ (Q euery)
				  (ADJ gode)
				  (ADJ cristene)
				  (N man)
				  (CP-REL (WNP-2 0)
					  (C +tat)
					  (IP-SUB (IP-SUB (NP-SBJ *T*-2)
							  (BEP is)
							  (PP (P of)
							      (NP (N powere))))
						  (CONJP (CONJ &)
							 (IP-SUB (NP-SBJ *T*-2)
								 (HVP hath)
								 (NP-OB1 (CP-FRL (WPP (WADV+P whereof)))))))))
			  (MD scholde)
			  (VB peynen)
			  (NP-OB1 (PRO him))
			  (PP (P with)
			      (NP (Q all) (PRO$ his) (N strengthe)))
			  (IP-INF (IP-INF (FOR for)
					  (TO to)
					  (VB conquere)
					  (NP-OB1 (PRO$ oure) (ADJ right) (N heritage)))
				  (CONJP (CONJ &)
					 (IP-INF (FOR *)
						 (TO *)
						 (VB chacen)
						 (RP out)
						 (NP-OB1 (Q all) (D the) (VAG mysbeleeuynge) (NS men)))))))
	  (. .))
  (ID CMMANDEV,2.26))

/~*
And +gee schull vndirstonde +tat oure lord was ynaylled on the cros lyggynge
(CMMANDEV,7.112)
*~/
/*
33 VAG:  33 VAG, 34 lyggynge, 14 IP-SUB
*/

( (IP-MAT (CONJ And)
	  (NP-SBJ (PRO +gee))
	  (MD schull)
	  (VB vndirstonde)
	  (CP-THT (C +tat)
		  (IP-SUB (NP-SBJ (PRO$ oure) (NPR lord))
			  (BED was)
			  (VAN ynaylled)
			  (PP (P on)
			      (NP (D the) (NPR cros)))
			  (IP-PPL (VAG lyggynge)))))
  (ID CMMANDEV,7.112))

/~*
And also +tei seye +tat wee synne dedly in schauynge oure berdes.
(CMMANDEV,12.258)
*~/
/*
27 VAG:  27 VAG, 28 schauynge, 14 IP-SUB
*/

( (IP-MAT (CONJ And)
	  (ALSO also)
	  (NP-SBJ (PRO +tei))
	  (VBP seye)
	  (CP-THT (C +tat)
		  (IP-SUB (NP-SBJ (PRO wee))
			  (VBP synne)
			  (ADVP (ADV dedly))
			  (PP (P in)
			      (IP-PPL (VAG schauynge)
				      (NP-OB1 (PRO$ oure) (NS berdes))))))
	  (. .))
  (ID CMMANDEV,12.258))

/~*
And +tere is the welle of the whiche holy writt speketh offe & seyth: FONS
ORTORUM & PUTEUS AQUARUM VIUENCIOUM, +tat is to seye: the welle of gardyns &
the dych of lyuynge watres.
(CMMANDEV,18.424)
*~/
/*
102 VAG:  102 VAG, 103 lyuynge, 42 IP-SUB
102 VAG:  102 VAG, 103 lyuynge, 25 IP-SUB
*/

( (IP-MAT (CONJ And)
	  (ADVP-LOC (ADV +tere))
	  (BEP is)
	  (NP-SBJ (D the)
		  (N welle)
		  (CP-REL (WPP-1 (P of)
				 (WNP (D the) (WPRO whiche)))
			  (C 0)
			  (IP-SUB (IP-SUB (NP-SBJ (NPR holy) (NPR writt))
					  (VBP speketh)
					  (PP (P offe)
					      (PP *T*-1)))
				  (CONJP (CONJ &)
					 (IP-SUB (NP-SBJ *con*)
						 (VBP seyth)
						 (, :)
						 (QTP (LATIN (FW FONS)
							     (FW ORTORUM)
							     (FW &)
							     (FW PUTEUS)
							     (FW AQUARUM)
							     (FW VIUENCIOUM)
							     (, ,)
							     (IP-MAT-PRN (NP-SBJ (D +tat))
									 (BEP is)
									 (IP-INF (TO to)
										 (VB seye)
										 (, :)
										 (NP-OB1 (NP (D the)
											     (N welle)
											     (PP (P of)
												 (NP (NS gardyns))))
											 (CONJP (CONJ &)
												(NP (D the)
												    (N dych)
												    (PP (P of)
													(NP (VAG lyuynge) (NS watres)))))))))))))))
	  (. .))
  (ID CMMANDEV,18.424))

/~*
For +tei seyn +tat noman schall come before no Prynce but +tat the souldan is
bettre And schall be more gladdere in departynge from his presence +tanne he
was at the comynge before hym.
(CMMANDEV,24.596)
*~/
/*
65 VAG:  65 VAG, 66 departynge, 49 IP-SUB
65 VAG:  65 VAG, 66 departynge, 12 IP-SUB
*/

( (IP-MAT (CONJ For)
	  (NP-SBJ (PRO +tei))
	  (VBP seyn)
	  (CP-THT (C +tat)
		  (IP-SUB (IP-SUB (NP-SBJ (Q+N noman))
				  (MD schall)
				  (VB come)
				  (PP (P before)
				      (NP (Q no) (N Prynce)))
				  (PP (P but)
				      (CP-ADV (C +tat)
					      (IP-SUB (NP-SBJ (D the) (N souldan))
						      (BEP is)
						      (ADJP (ADJR bettre))))))
			  (CONJP (CONJ And)
				 (IP-SUB (NP-SBJ *con*)
					 (MD schall)
					 (BE be)
					 (ADJP (QR more)
					       (ADJR gladdere)
					       (PP (P in)
						   (IP-PPL (VAG departynge)
							   (PP (P from)
							       (NP (PRO$ his) (N presence)))))
					       (PP (P +tanne)
						   (CP-CMP (WADJP-1 0)
							   (C 0)
							   (IP-SUB (ADJP *T*-1)
								   (NP-SBJ (PRO he))
								   (BED was)
								   (PP (P at)
								       (NP (D the)
									   (N comynge)
									   (PP (P before)
									       (NP (PRO hym)))))))))))))
	  (. .))
  (ID CMMANDEV,24.596))

/~*
& seyde he was a dedly creature such as god hadde formed & duelled in +to
desertes in purchacynge his sustynance,
(CMMANDEV,30.737)
*~/
/*
66 VAG:  66 VAG, 67 purchacynge, 49 IP-SUB
66 VAG:  66 VAG, 67 purchacynge, 11 IP-SUB
*/

( (IP-MAT (CONJ &)
	  (NP-SBJ *con*)
	  (VBD seyde)
	  (CP-THT (C 0)
		  (IP-SUB (IP-SUB (NP-SBJ (PRO he))
				  (BED was)
				  (NP-OB1 (D a)
					  (ADJ dedly)
					  (N creature)
					  (ADJP (SUCH such))
					  (PP (P as)
					      (CP-CMP (WNP-1 0)
						      (C 0)
						      (IP-SUB (NP-OB1 *T*-1)
							      (NP-SBJ (NPR god))
							      (HVD hadde)
							      (VBN formed))))))
			  (CONJP (CONJ &)
				 (IP-SUB (NP-SBJ *con*)
					 (VBD duelled)
					 (PP (P in)
					     (NP (D +to) (NS desertes)))
					 (PP (P in)
					     (IP-PPL (VAG purchacynge)
						     (NP-OB1 (PRO$ his) (N sustynance))))))))
	  (. ,))
  (ID CMMANDEV,30.737))

/~*
& his nekke is +galow after colour of an Oriell +tat is a ston wel schynynge.
(CMMANDEV,31.759)
*~/
/*
46 VAG:  46 VAG, 47 schynynge, 33 IP-SUB
*/

( (IP-MAT (CONJ &)
	  (NP-SBJ (PRO$ his) (N nekke))
	  (BEP is)
	  (ADJP (ADJ +galow))
	  (PP (P after)
	      (NP (N colour)
		  (PP (P of)
		      (NP (D an)
			  (N Oriell)
			  (CP-REL (WNP-1 0)
				  (C +tat)
				  (IP-SUB (NP-SBJ *T*-1)
					  (BEP is)
					  (NP-OB1 (D a)
						  (N ston)
						  (ADJP (ADV wel) (VAG schynynge)))))))))
	  (. .))
  (ID CMMANDEV,31.759))

/~*
But in +tat cesoun +tat the bawme is growynge men put +tere to gode kepynge
+tat no man dar ben hardy to entre.
(CMMANDEV,32.795)
*~/
/*
27 VAG:  27 VAG, 28 growynge, 17 IP-SUB
*/

( (IP-MAT (CONJ But)
	  (PP (P in)
	      (NP (D +tat)
		  (N cesoun)
		  (CP-REL (WADVP-1 0)
			  (C +tat)
			  (IP-SUB (ADVP-TMP *T*-1)
				  (NP-SBJ (D the) (N bawme))
				  (BEP is)
				  (VAG growynge)))))
	  (NP-SBJ (NS men))
	  (VBD put)
	  (ADVP-LOC (ADV +tere))
	  (PP (P to)
	      (NP (ADJ gode) (N kepynge)))
	  (CP-ADV (C +tat)
		  (IP-SUB (NP-SBJ (Q no) (N man))
			  (MD dar)
			  (BE ben)
			  (ADJP (ADJ hardy)
				(IP-INF (TO to) (VB entre)))))
	  (. .))
  (ID CMMANDEV,32.795))

/~*
And summe destyllen clowes of gylofre & of spykenard of Spayne & of o+tere
spices +tat ben wel smellynge
(CMMANDEV,33.817)
*~/
/*
58 VAG:  58 VAG, 59 smellynge, 50 IP-SUB
*/

( (IP-MAT (CONJ And)
	  (NP-SBJ (Q summe))
	  (VBP destyllen)
	  (NP-OB1 (NS clowes)
		  (PP (PP (P of)
			  (NP (N gylofre)))
		      (CONJP (CONJ &)
			     (PP (P of)
				 (NP (N spykenard)
				     (PP (P of)
					 (NP (NPR Spayne))))))
		      (CONJP (CONJ &)
			     (PP (P of)
				 (NP (OTHER o+tere)
				     (NS spices)
				     (CP-REL (WNP-1 0)
					     (C +tat)
					     (IP-SUB (NP-SBJ *T*-1)
						     (BEP ben)
						     (ADJP (ADV wel) (VAG smellynge))))))))))
  (ID CMMANDEV,33.817))

/~*
First +gee schull wel knowe +tat the naturell bawme is full cleer & of cytryne
colour & strongly smellynge.
(CMMANDEV,33.826)
*~/
/*
51 VAG:  51 VAG, 52 smellynge, 18 IP-SUB
*/

( (IP-MAT (ADVP-TMP (ADV First))
	  (NP-SBJ (PRO +gee))
	  (MD schull)
	  (ADVP (ADV wel))
	  (VB knowe)
	  (CP-THT (C +tat)
		  (IP-SUB (NP-SBJ (D the) (ADJ naturell) (N bawme))
			  (BEP is)
			  (ADJP (ADJP (ADV full) (ADJ cleer))
				(CONJP (CONJ &)
				       (PP (P of)
					   (NP (ADJ cytryne) (N colour))))
				(CONJP (CONJ &)
				       (ADJP (ADV strongly) (VAG smellynge))))))
	  (. .))
  (ID CMMANDEV,33.826))

/~*
Also in +tat Ile is the Mount Ethna +tat men clepen Mount Gybell & the wlcanes
+tat ben eueremore brennynge.
(CMMANDEV,36.890)
*~/
/*
63 VAG:  63 VAG, 64 brennynge, 55 IP-SUB
*/

( (IP-MAT (ALSO Also)
	  (PP (P in)
	      (NP (D +tat) (N Ile)))
	  (BEP is)
	  (NP-SBJ (NP (D the)
		      (N Mount)
		      (NP-PRN (NPR Ethna))
		      (CP-REL (WNP-1 0)
			      (C +tat)
			      (IP-SUB (NP-SBJ (NS men))
				      (VBP clepen)
				      (IP-SMC (NP-SBJ *T*-1)
					      (NP-OB1 (NPR Mount) (NPR Gybell))))))
		  (CONJP (CONJ &)
			 (NP (D the)
			     (NS wlcanes)
			     (CP-REL (WNP-2 0)
				     (C +tat)
				     (IP-SUB (NP-SBJ *T*-2)
					     (BEP ben)
					     (ADVP-TMP (ADV eueremore))
					     (VAG brennynge))))))
	  (. .))
  (ID CMMANDEV,36.890))

/~*
And the Mount of Synay is clept the desert of Syne +tat is for to seyne the
bussch brennynge Because +tat Moyses sawgh oure lord god many tymes in forme
of fuyr brennynge vpon +tat hill And also in a bussch brennynge & spak to him
And +tat was at the foot of the hill.
(CMMANDEV,38.956)
*~/
/*
94 VAG:  94 VAG, 95 brennynge, 61 IP-SUB
94 VAG:  94 VAG, 95 brennynge, 60 IP-SUB
118 VAG:  118 VAG, 119 brennynge, 61 IP-SUB
118 VAG:  118 VAG, 119 brennynge, 60 IP-SUB
*/

( (IP-MAT (CONJ And)
	  (NP-SBJ-1 (D the)
		    (N Mount)
		    (PP (P of)
			(NP (NPR Synay))))
	  (BEP is)
	  (VAN clept)
	  (IP-SMC (NP-SBJ *-1)
		  (NP-OB1 (D the)
			  (N desert)
			  (PP (P of)
			      (NP (NPR Syne)
				  (IP-MAT-PRN (NP-SBJ (D +tat))
					      (BEP is)
					      (IP-INF (FOR for)
						      (TO to)
						      (VB seyne)
						      (NP-OB1 (D the)
							      (N bussch)
							      (RRC (VAG brennynge)))))))))
	  (PP (P+N Because)
	      (CP-ADV (C +tat)
		      (IP-SUB (IP-SUB (NP-SBJ (NPR Moyses))
				      (VBD sawgh)
				      (NP-OB1 (PRO$ oure)
					      (NPR lord)
					      (NP-PRN (NPR god)))
				      (NP-TMP (Q many) (NS tymes))
				      (PP (PP (P in)
					      (NP (N forme)
						  (PP (P of)
						      (NP (N fuyr)
							  (RRC (VAG brennynge)
							       (PP (P vpon)
								   (NP (D +tat) (N hill))))))))
					  (CONJP (CONJ And)
						 (ALSO also)
						 (PP (P in)
						     (NP (D a)
							 (N bussch)
							 (RRC (VAG brennynge)))))))
			      (CONJP (CONJ &)
				     (IP-SUB (NP-SBJ *con*)
					     (VBD spak)
					     (PP (P to)
						 (NP (PRO him)))))
			      (CONJP (CONJ And)
				     (IP-SUB (NP-SBJ (D +tat))
					     (BED was)
					     (PP (P at)
						 (NP (D the)
						     (N foot)
						     (PP (P of)
							 (NP (D the) (N hill))))))))))
	  (. .))
  (ID CMMANDEV,38.956))

/~*
+Tere is the chirche of seynte kateryne in the whiche ben manye lampes
brennynge
(CMMANDEV,38.965)
*~/
/*
43 VAG:  43 VAG, 44 brennynge, 31 IP-SUB
*/

( (IP-MAT (ADVP-LOC (ADV +Tere))
	  (BEP is)
	  (NP-SBJ (D the)
		  (N chirche)
		  (PP (P of)
		      (NP (NPR seynte) (NPR kateryne)))
		  (CP-REL (WPP-1 (P in)
				 (WNP (D the) (WPRO whiche)))
			  (C 0)
			  (IP-SUB (PP *T*-1)
				  (NP-SBJ-2 *exp*)
				  (BEP ben)
				  (NP-2 (Q manye) (NS lampes))
				  (VAG brennynge)))))
  (ID CMMANDEV,38.965))

/~*
Also behynde the awtier of +tat chirche is the place where Moyses saugh oure
lord god in a brennynge bussch
(CMMANDEV,39.974)
*~/
/*
55 VAG:  55 VAG, 56 brennynge, 33 IP-SUB
*/

( (IP-MAT (ALSO Also)
	  (PP (P behynde)
	      (NP (D the)
		  (N awtier)
		  (PP (P of)
		      (NP (D +tat) (N chirche)))))
	  (BEP is)
	  (NP-SBJ (D the)
		  (N place)
		  (CP-REL (WADVP-1 (WADV where))
			  (C 0)
			  (IP-SUB (ADVP-LOC *T*-1)
				  (NP-SBJ (NPR Moyses))
				  (VBD saugh)
				  (NP-OB1 (PRO$ oure)
					  (NPR lord)
					  (NP-PRN (NPR god)))
				  (PP (P in)
				      (NP (D a) (VAG brennynge) (N bussch)))))))
  (ID CMMANDEV,39.974))

/~*
And all be it +tat the Collect of seynte kateryne seye +tat it is the place
where oure lord betaughte the .x. commandementes to Moyses & +tere where the
blessed virgyne seynte kateryne was buryed, +tat is to vnderstonde in .o.
contree or in .o. place berynge .o. name, For bothe +tat on & +tat o+ter is
clept the mount of Synay, But +tere is a gret weye from +tat on to +tat o+ter
& a gret deep valeye betwene hem.
(CMMANDEV,41.1031)
*~/
/*
142 VAG:  142 VAG, 143 berynge, 36 IP-SUB
142 VAG:  142 VAG, 143 berynge, 17 IP-SUB
142 VAG:  142 VAG, 143 berynge, 8 IP-SUB
*/

( (IP-MAT (CONJ And)
	  (CP-ADV (ADVP (Q all))
		  (IP-SUB (BEP be)
			  (NP-SBJ-1 (PRO it))
			  (CP-THT-1 (C +tat)
				    (IP-SUB (NP-SBJ (D the)
						    (N Collect)
						    (PP (P of)
							(NP (NPR seynte) (NPR kateryne))))
					    (VBP seye)
					    (CP-THT (C +tat)
						    (IP-SUB (NP-SBJ (PRO it))
							    (BEP is)
							    (NP-OB1 (NP (D the)
									(N place)
									(CP-REL (WADVP-2 (WADV where))
										(C 0)
										(IP-SUB (ADVP-LOC *T*-2)
											(NP-SBJ (PRO$ oure) (NPR lord))
											(VBD betaughte)
											(NP-OB1 (D the) (NUM .x.) (NS commandementes))
											(PP (P to)
											    (NP (NS Moyses))))))
								    (CONJP (CONJ &)
									   (ADVP (ADV +tere)
										 (CP-REL (WADVP-3 (WADV where))
											 (C 0)
											 (IP-SUB (ADVP-LOC *T*-3)
												 (NP-SBJ (D the)
													 (VAN blessed)
													 (N virgyne)
													 (NP-PRN (NPR seynte) (NPR kateryne)))
												 (BED was)
												 (VAN buryed)))))
								    (, ,)
								    (IP-MAT-PRN (NP-SBJ (D +tat))
										(BEP is)
										(IP-INF (TO to)
											(VB vnderstonde)
											(PP (PP (P in)
												(NP (ONE .o.) (N contree)))
											    (CONJP (CONJ or)
												   (PP (P in)
												       (NP (ONE .o.)
													   (N place)
													   (RRC (VAG berynge)
														(NP-OB1 (ONE .o.) (N name))))))))))
							    (, ,)
							    (PP (P For)
								(CP-ADV (C 0)
									(IP-SUB (NP-SBJ-4 (CONJ bothe)
											  (NP (D +tat) (ONE on))
											  (CONJP (CONJ &)
												 (NP (D +tat) (OTHER o+ter))))
										(BEP is)
										(VAN clept)
										(IP-SMC (NP-SBJ *-4)
											(NP-OB1 (D the)
												(N mount)
												(PP (P of)
												    (NP (NPR Synay))))))))))))))
	  (, ,)
	  (CONJ But)
	  (NP-SBJ-5 (EX +tere))
	  (BEP is)
	  (NP-5 (NP (D a)
		    (ADJ gret)
		    (N weye)
		    (PP (P from)
			(NP (D +tat) (ONE on)))
		    (PP (P to)
			(NP (D +tat) (OTHER o+ter))))
		(CONJP (CONJ &)
		       (NP (D a)
			   (ADJ gret)
			   (ADJ deep)
			   (N valeye)
			   (PP (P betwene)
			       (NP (PRO hem))))))
	  (. .))
  (ID CMMANDEV,41.1031))

/~*
And whan men passen this desert in comynge toward Ieursalem +tei comen to
Bersabee +tat was wont to ben a full fair town & a delytable of cristene men
(CMMANDEV,43.1063)
*~/
/*
25 VAG:  25 VAG, 26 comynge, 10 IP-SUB
*/

( (IP-MAT (CONJ And)
	  (PP (P whan)
	      (CP-ADV (C 0)
		      (IP-SUB (NP-SBJ (NS men))
			      (VBP passen)
			      (NP-OB1 (D this) (N desert))
			      (PP (P in)
				  (IP-PPL (VAG comynge)
					  (PP (P toward)
					      (NP (NPR Ieursalem))))))))
	  (NP-SBJ (PRO +tei))
	  (VBP comen)
	  (PP (P to)
	      (NP (NPR Bersabee)
		  (CP-REL (WNP-1 0)
			  (C +tat)
			  (IP-SUB (NP-SBJ-2 *T*-1)
				  (BED was)
				  (VAN wont)
				  (IP-INF (NP-SBJ *-2)
					  (TO to)
					  (BE ben)
					  (NP-OB1 (NP (D a)
						      (ADJP (ADV full) (ADJ fair))
						      (N town))
						  (CONJP (CONJ &)
							 (NP (D a) (ADJ delytable)))
						  (PP (P of)
						      (NP (ADJ cristene) (NS men))))))))))
  (ID CMMANDEV,43.1063))

/~*
and become holle within, of whilk +ter er many +git standand in diuerse placez
of the world
(CMMANDEV,45.1111)
*~/
/*
40 VAG:  40 VAG, 41 standand, 25 IP-SUB
*/

( (IP-MAT (CONJ and)
	  (NP-SBJ *con*)
	  (VBD become)
	  (ADJP (ADJ holle))
	  (ADVP-LOC (ADV within))
	  (, ,)
	  (CP-CAR (WPP-1 (P of)
			 (WNP (WPRO whilk)))
		  (C 0)
		  (IP-SUB (PP *T*-1)
			  (NP-SBJ-2 (EX +ter))
			  (BEP er)
			  (NP-2 (Q many)
				(RRC (ADVP-TMP (ADV +git))
				     (VAG standand)))
			  (PP (P in)
			      (NP (ADJ diuerse)
				  (NS placez)
				  (PP (P of)
				      (NP (D the) (N world)))))))
	  (CODE <$$em>))
  (ID CMMANDEV,45.1111))

/~*
And the brondes +tat weren brennynge becomen red roseres
(CMMANDEV,46.1136)
*~/
/*
19 VAG:  19 VAG, 20 brennynge, 14 IP-SUB
*/

( (IP-MAT (CONJ And)
	  (NP-SBJ (D the)
		  (NS brondes)
		  (CP-REL (WNP-1 0)
			  (C +tat)
			  (IP-SUB (NP-SBJ *T*-1)
				  (BED weren)
				  (VAG brennynge))))
	  (VBD becomen)
	  (NP-OB1 (ADJ red) (NS roseres)))
  (ID CMMANDEV,46.1136))

/~*
And to o+tere +tat asken him grace, suche as han serued him he ne +geueth not
but his signett the whiche +tei make to be born before hem hangynge on a spere.
(CMMANDEV,54.1320)
*~/
/*
97 VAG:  97 VAG, 98 hangynge, 75 IP-SUB
*/

( (IP-MAT (CONJ And)
	  (PP (P to)
	      (NP (OTHERS o+tere)
		  (CP-REL (WNP-1 0)
			  (C +tat)
			  (IP-SUB (NP-SBJ *T*-1)
				  (VBP asken)
				  (NP-OB2 (PRO him))
				  (NP-OB1 (N grace))))
		  (, ,)
		  (ADJP (SUCH suche)
			(PP (P as)
			    (CP-CMP (WNP-2 0)
				    (C 0)
				    (IP-SUB (NP-SBJ *T*-2)
					    (HVP han)
					    (VBN serued)
					    (NP-OB1 (PRO him))))))))
	  (NP-SBJ (PRO he))
	  (NEG ne)
	  (VBP +geueth)
	  (NP-OB1 (Q not)
		  (PP (P but)
		      (NP (PRO$ his) (N signett)))
		  (CP-REL (WNP-3 (D the) (WPRO whiche))
			  (C 0)
			  (IP-SUB (NP-SBJ (PRO +tei))
				  (VBP make)
				  (IP-INF (NP-SBJ *T*-3)
					  (TO to)
					  (BE be)
					  (VAN born)
					  (PP (P before)
					      (NP (PRO hem)))
					  (IP-PPL (VAG hangynge)
						  (PP (P on)
						      (NP (D a) (N spere))))))))
	  (. .))
  (ID CMMANDEV,54.1320))

/~*
and seyde +tat he hadde synned betrayenge oure lord.
(CMMANDEV,62.1531)
*~/
/*
20 VAG:  20 VAG, 21 betrayenge, 11 IP-SUB
*/

( (IP-MAT (CONJ and)
	  (NP-SBJ *con*)
	  (VBD seyde)
	  (CP-THT (C +tat)
		  (IP-SUB (NP-SBJ (PRO he))
			  (HVD hadde)
			  (VBN synned)
			  (IP-PPL (VAG betrayenge)
				  (CODE <P_62>)
				  (NP-OB1 (PRO$ oure) (NPR lord)))))
	  (. .))
  (ID CMMANDEV,62.1531))

/~*
Summen clepen +tat see the lake dalfetidee, summe the flom of deueles & summe
the flom +tat is ouer stynkynge for +te water +teroff es stynkand.
(CMMANDEV,67.1688)
*~/
/*
71 VAG:  71 VAG, 72 stynkynge, 63 IP-SUB
*/

( (IP-MAT (IP-MAT-1 (NP-SBJ (Q+NS Summen))
		    (VBP clepen)
		    (IP-SMC (NP-SBJ (D +tat) (N see))
			    (NP-OB1 (D the)
				    (N lake)
				    (NP-OB1 (NPR dalfetidee)))))
	  (, ,)
	  (CONJP (IP-MAT=1 (NP-SBJ (Q summe))
			   (IP-SMC (NP-SBJ *)
				   (NP-OB1 (D the)
					   (N flom)
					   (PP (P of)
					       (NP (NS deueles)))))))
	  (CONJP (CONJ &)
		 (IP-MAT=1 (NP-SBJ (Q summe))
			   (IP-SMC (NP-SBJ *)
				   (NP-OB1 (D the)
					   (N flom)
					   (CP-REL (WNP-2 0)
						   (C +tat)
						   (IP-SUB (NP-SBJ *T*-2)
							   (BEP is)
							   (ADJP (ADVR ouer) (VAG stynkynge))))))
			   (CODE <em>)
			   (PP (P for)
			       (CP-ADV (C 0)
				       (IP-SUB (NP-SBJ (D +te)
						       (N water)
						       (PP (ADV+P +teroff)))
					       (BEP es)
					       (VAN stynkand))))))
	  (CODE <$$em>)
	  (. .))
  (ID CMMANDEV,67.1688))

/~*
But the fynger +tat schewed oure lord seyenge: ECCE AGNUS DEI, +tat is to
seyne: lo the lomb of god, +tat nolde neuere brenne
(CMMANDEV,71.1801)
*~/
/*
25 VAG:  25 VAG, 26 seyenge, 14 IP-SUB
*/

( (IP-MAT (CONJ But)
	  (NP-LFD (D the)
		  (N fynger)
		  (CP-REL (WNP-1 0)
			  (C +tat)
			  (IP-SUB (NP-SBJ *T*-1)
				  (VBD schewed)
				  (NP-OB1 (PRO$ oure) (NPR lord))
				  (IP-PPL (VAG seyenge)
					  (, :)
					  (QTP (LATIN (FW ECCE)
						      (FW AGNUS)
						      (FW DEI)
						      (, ,)
						      (IP-SUB (NP-SBJ (D +tat))
							      (BEP is)
							      (IP-INF (TO to)
								      (VB seyne)
								      (, :)
								      (QTP (INTJP (INTJ lo)
										  (NP (D the)
										      (N lomb)
										      (PP (P of)
											  (NP (NPR god))))))))))))))
	  (, ,)
	  (NP-SBJ-RSP (D +tat))
	  (NEG+MD nolde)
	  (ADVP-TMP (ADV neuere))
	  (VB brenne))
  (ID CMMANDEV,71.1801))

/~*
And for suche auctoritees +tei seyn +tat only to god schall a man knouleche
his defautes, +geldynge him self gylty & cryenge him mercy & behotynge to him
to amende himself.
(CMMANDEV,80.2016)
*~/
/*
47 VAG:  47 VAG, 48 +geldynge, 20 IP-SUB
62 VAG:  62 VAG, 63 cryenge, 20 IP-SUB
74 VAG:  74 VAG, 75 behotynge, 20 IP-SUB
*/

( (IP-MAT (CONJ And)
	  (PP (P for)
	      (NP (SUCH suche) (NS auctoritees)))
	  (NP-SBJ (PRO +tei))
	  (VBP seyn)
	  (CP-THT (C +tat)
		  (IP-SUB (PP (FP only)
			      (P to)
			      (NP (NPR god)))
			  (MD schall)
			  (NP-SBJ (D a) (N man))
			  (VB knouleche)
			  (NP-OB1 (PRO$ his) (NS defautes))
			  (, ,)
			  (IP-PPL (IP-PPL (VAG +geldynge)
					  (IP-SMC (NP-SBJ (PRO him) (N self))
						  (ADJP (ADJ gylty))))
				  (CONJP (CONJ &)
					 (IP-PPL (VAG cryenge)
						 (NP-OB2 (PRO him))
						 (NP-OB1 (N mercy))))
				  (CONJP (CONJ &)
					 (IP-PPL (VAG behotynge)
						 (PP (P to)
						     (NP (PRO him)))
						 (IP-INF (TO to)
							 (VB amende)
							 (NP-OB1 (PRO+N himself))))))))
	  (. .))
  (ID CMMANDEV,80.2016))

/~*
And +gif a man aske hem what paradys +tei menen +tei seyn to paradys +tat is a
place of delytes where men schull fynde all maner of frutes in all cesouns &
ryueres rennynge of mylk & hony & of wyn & of swete water & +tat +tei schull
haue faire houses & noble euery man after his dissert made of precyous stones
& of gold & of syluer. And +tat euery man schall haue .iiij=xx=. wyfes all
maydenes & he schall haue ado euery day with hem & +git he schall fynden hem
all weys maydenes.
(CMMANDEV,85.2136)
*~/
/*
115 VAG:  115 VAG, 116 rennynge, 77 IP-SUB
*/

( (IP-MAT (CONJ And)
	  (PP (P +gif)
	      (CP-ADV (C 0)
		      (IP-SUB (NP-SBJ (D a) (N man))
			      (VBP aske)
			      (NP-OB2 (PRO hem))
			      (CP-QUE (WNP-1 (WD what) (NPR paradys))
				      (C 0)
				      (IP-SUB (NP-OB1 *T*-1)
					      (NP-SBJ (PRO +tei))
					      (VBP menen))))))
	  (NP-SBJ (PRO +tei))
	  (VBP seyn)
	  (QTP (PP (P to)
		   (NP (NPR paradys)
		       (CP-REL (WNP-2 0)
			       (C +tat)
			       (IP-SUB (NP-SBJ *T*-2)
				       (BEP is)
				       (NP-OB1 (D a)
					       (N place)
					       (PP (P of)
						   (NP (NS delytes))))))
		       (CP-REL (CP-REL (WADVP-3 (WADV where))
				       (C 0)
				       (IP-SUB (IP-SUB-4 (ADVP-LOC *T*-3)
							 (NP-SBJ (NS men))
							 (MD schull)
							 (VB fynde)
							 (NP-OB1 (Q all)
								 (N maner)
								 (PP (P of)
								     (NP (NS frutes))))
							 (PP (P in)
							     (NP (Q all) (NS cesouns))))
					       (CONJP (CONJ &)
						      (IP-SUB=4 (NP-OB1 (NS ryueres))
								(IP-PPL (VAG rennynge)
									(PP (PP (P of)
										(NP (N mylk) (CONJ &) (N hony)))
									    (CONJP (CONJ &)
										   (PP (P of)
										       (NP (N wyn))))
									    (CONJP (CONJ &)
										   (PP (P of)
										       (NP (ADJ swete) (N water))))))))))
			       (CONJP (CONJ &)
				      (CP-REL (WADVP-5 0)
					      (C +tat)
					      (IP-SUB (ADVP-LOC *T*-5)
						      (NP-SBJ (PRO +tei))
						      (MD schull)
						      (HV haue)
						      (NP-OB1 (ADJP (ADJ faire)
								    (CONJP *ICH*-6))
							      (NS houses)
							      (CONJP-6 (CONJ &) (ADJ noble)))
						      (NP-ADV (NP (Q euery) (N man))
							      (PP (P after)
								  (NP (PRO$ his) (N dissert))))
						      (IP-PPL (VAN made)
							      (PP (PP (P of)
								      (NP (ADJ precyous) (NS stones)))
								  (CONJP (CONJ &)
									 (PP (P of)
									     (NP (N gold))))
								  (CONJP (CONJ &)
									 (PP (P of)
									     (NP (N syluer)))))))))
			       (, .)
			       (CONJP (CONJ And)
				      (CP-REL (WADVP-7 0)
					      (C +tat)
					      (IP-SUB (IP-SUB (ADVP-LOC *T*-7)
							      (NP-SBJ (Q euery) (CODE <P_85>) (N man))
							      (MD schall)
							      (HV haue)
							      (NP-OB1 (NUM .iiij=xx=.)
								      (NS wyfes)
								      (NP-PRN (Q all) (NS maydenes))))
						      (CONJP (CONJ &)
							     (IP-SUB (ADVP-LOC *T*-7)
								     (NP-SBJ (PRO he))
								     (MD schall)
								     (HV haue)
								     (NP-OB1 (N ado))
								     (NP-TMP (Q euery) (N day))
								     (PP (P with)
									 (NP (PRO hem)))))
						      (CONJP (CONJ &)
							     (IP-SUB (ADVP-LOC *T*-7)
								     (ADVP (ADV +git))
								     (NP-SBJ (PRO he))
								     (MD schall)
								     (VB fynden)
								     (IP-SMC (NP-SBJ (PRO hem))
									     (ADVP-TMP (ADV (ADV21 all) (ADV22 weys)))
									     (NP-OB1 (NS maydenes))))))))))))
	  (. .))
  (ID CMMANDEV,85.2136))

/~*
& seyth +tat +tei ben cursed for +tei wolde not beleuen +tat Ihesu crist was
comen of god & +tat +tei lyeden falsely on Marie & on hire sone Ihesu crist
seyenge +tat +tei hadden crucyfyed Ihesus the sone of Marie. For he was neuere
crucyfyed as +tei seyn, but +tat god made him to stye vp to him withouten deth
& withouten anoye,
(CMMANDEV,86.2166)
*~/
/*
94 VAG:  94 VAG, 95 seyenge, 61 IP-SUB
*/

( (IP-MAT (CONJ &)
	  (NP-SBJ *con*)
	  (VBP seyth)
	  (CP-THT (CP-THT (C +tat)
			  (IP-SUB (NP-SBJ (PRO +tei))
				  (BEP ben)
				  (VAN cursed)
				  (PP (P for)
				      (CP-ADV (C 0)
					      (IP-SUB (NP-SBJ (PRO +tei))
						      (MD wolde)
						      (NEG not)
						      (VB beleuen)
						      (CP-THT (C +tat)
							      (IP-SUB (NP-SBJ (NPR Ihesu) (NPR crist))
								      (BED was)
								      (VBN comen)
								      (PP (P of)
									  (NP (NPR god))))))))))
		  (CONJP (CONJ &)
			 (CP-THT (C +tat)
				 (IP-SUB (NP-SBJ (PRO +tei))
					 (VBD lyeden)
					 (ADVP (ADV falsely))
					 (PP (PP (P on)
						 (NP (NPR Marie)))
					     (CONJP (CONJ &)
						    (PP (P on)
							(NP (PRO$ hire)
							    (N sone)
							    (NP-PRN (NPR Ihesu) (NPR crist))))))
					 (IP-PPL (VAG seyenge)
						 (CP-THT (C +tat)
							 (IP-SUB (NP-SBJ (PRO +tei))
								 (HVD hadden)
								 (VBN crucyfyed)
								 (NP-OB1 (NPR Ihesus)
									 (NP-PRN (D the)
										 (N sone)
										 (PP (P of)
										     (NP (NPR Marie))))))))
					 (, .)
					 (PP (P For)
					     (CP-ADV (C 0)
						     (IP-SUB (NP-SBJ (PRO he))
							     (BED was)
							     (ADVP-TMP (ADV neuere))
							     (VAN crucyfyed)
							     (PP (P as)
								 (CP-ADV (WADVP-1 0)
									 (C 0)
									 (IP-SUB (ADVP *T*-1)
										 (NP-SBJ (PRO +tei))
										 (VBP seyn))))))))))
		  (, ,)
		  (CONJP (CONJ but)
			 (CP-THT (C +tat)
				 (IP-SUB (NP-SBJ (NPR god))
					 (VBD made)
					 (IP-INF (NP-SBJ (PRO him))
						 (TO to)
						 (VB stye)
						 (PP (RP vp)
						     (P to)
						     (NP (PRO him)))
						 (PP (PP (P withouten)
							 (NP (N deth)))
						     (CONJP (CONJ &)
							    (PP (P withouten)
								(NP (N anoye))))))))))
	  (. ,))
  (ID CMMANDEV,86.2166))

/~*
And Machomete fell often in the grete sikeness +tat men callen the fallynge
euyll, Wherfore the lady was full sory +tat euere sche toke him to husbonde.
(CMMANDEV,90.2258)
*~/
/*
39 VAG:  39 VAG, 40 fallynge, 27 IP-SUB
*/

( (IP-MAT (CONJ And)
	  (NP-SBJ (NPR Machomete))
	  (VBD fell)
	  (ADVP-TMP (ADV often))
	  (PP (P in)
	      (NP (D the)
		  (ADJ grete)
		  (N sikeness)
		  (CP-REL (WNP-1 0)
			  (C +tat)
			  (IP-SUB (NP-SBJ (NS men))
				  (VBP callen)
				  (IP-SMC (NP-SBJ *T*-1)
					  (NP-OB1 (D the) (VAG fallynge) (N euyll)))))))
	  (, ,)
	  (CP-CAR (WPP-2 (WADV+P Wherfore))
		  (C 0)
		  (IP-SUB (PP *T*-2)
			  (NP-SBJ (D the) (N lady))
			  (BED was)
			  (ADJP (ADV full)
				(ADJ sory)
				(CP-THT (C +tat)
					(IP-SUB (ADVP-TMP (ADV euere))
						(NP-SBJ (PRO sche))
						(VBD toke)
						(NP-OB1 (PRO him))
						(PP (P to)
						    (NP (N husbonde))))))))
	  (. .))
  (ID CMMANDEV,90.2258))

/~*
for +tei mowe not lyve ne dure for the gret hete of the sonne, because +tat
the water is euermore boyllynge for the gret hete.
(CMMANDEV,96.2317)
*~/
/*
55 VAG:  55 VAG, 56 boyllynge, 44 IP-SUB
*/

( (IP-MAT (CONJ for)
	  (NP-SBJ (PRO +tei))
	  (MD mowe)
	  (NEG not)
	  (VB (VB lyve) (CONJ ne) (VB dure))
	  (PP (P for)
	      (NP (D the)
		  (ADJ gret)
		  (N hete)
		  (PP (P of)
		      (NP (D the) (N sonne)))))
	  (, ,)
	  (PP (P+N because)
	      (CP-ADV (C +tat)
		      (IP-SUB (NP-SBJ (D the) (N water))
			      (BEP is)
			      (ADVP-TMP (ADV euermore))
			      (VAG boyllynge)
			      (PP (P for)
				  (NP (D the) (ADJ gret) (N hete))))))
	  (. .))
  (ID CMMANDEV,96.2317))

/~*
And +gif he fayle of takynge his praye it is an euyll signe.
(CMMANDEV,110.2696)
*~/
/*
20 VAG:  20 VAG, 21 takynge, 10 IP-SUB
*/

( (IP-MAT (CONJ And)
	  (PP (P +gif)
	      (CP-ADV (C 0)
		      (IP-SUB (NP-SBJ (PRO he))
			      (VBP fayle)
			      (PP (P of)
				  (IP-PPL (VAG takynge)
					  (NP (PRO$ his) (N praye)))))))
	  (NP-SBJ (PRO it))
	  (BEP is)
	  (NP-OB1 (D an) (ADJ euyll) (N signe))
	  (. .))
  (ID CMMANDEV,110.2696))

/~*
And whoso drynketh .iij. tymes fasting of +tat water of +tat welle he is hool
of all maner sykeness +tat he hath
(CMMANDEV,113.2762)
*~/
/*
22 VAG:  22 VAG, 23 fasting, 11 IP-SUB
*/

( (IP-MAT (CONJ And)
	  (NP-LFD (CP-FRL (WNP-1 (WPRO+ADV whoso))
			  (C 0)
			  (IP-SUB (NP-SBJ *T*-1)
				  (VBP drynketh)
				  (NP-TMP (NUM .iij.) (NS tymes))
				  (IP-PPL (VAG fasting))
				  (PP (P of)
				      (NP (D +tat)
					  (N water)
					  (PP (P of)
					      (NP (D +tat) (N welle))))))))
	  (NP-SBJ-RSP (PRO he))
	  (BEP is)
	  (ADJP (ADJ hool)
		(PP (P of)
		    (NP (Q all)
			(N maner)
			(NP-COM (N sykeness))
			(CP-REL (WNP-2 0)
				(C +tat)
				(IP-SUB (NP-OB1 *T*-2)
					(NP-SBJ (PRO he))
					(HVP hath)))))))
  (ID CMMANDEV,113.2762))

/~*
And summe +ter ben +tat comen fro ferr & in goynge toward this ydole at euery
thrydde pas +tat +tei gon fro here hows, +tei knelen & so contynuen till +tei
come thider.
(CMMANDEV,116.2842)
*~/
/*
39 VAG:  39 VAG, 40 goynge, 34 IP-SUB
39 VAG:  39 VAG, 40 goynge, 19 IP-SUB
*/

( (IP-MAT (CONJ And)
	  (NP-1 (Q summe)
		(CP-REL *ICH*-2))
	  (NP-SBJ-1 (EX +ter))
	  (BEP ben)
	  (CP-REL-2 (WNP-3 0)
		    (C +tat)
		    (IP-SUB (IP-SUB (NP-SBJ *T*-3)
				    (VBP comen)
				    (PP (P fro)
					(ADJP (ADJ ferr))))
			    (CONJP (CONJ &)
				   (IP-SUB (PP (P in)
					       (IP-PPL (VAG goynge)
						       (PP (P toward)
							   (NP (D this) (N ydole)))))
					   (PP (P at)
					       (NP (Q euery)
						   (ADJ thrydde)
						   (N pas)
						   (CP-REL (WNP-4 0)
							   (C +tat)
							   (IP-SUB (NP-MSR *T*-4)
								   (NP-SBJ (PRO +tei))
								   (VBP gon)
								   (PP (P fro)
								       (NP (PRO$ here) (N hows)))))))
					   (, ,)
					   (NP-SBJ-RSP-3 (PRO +tei))
					   (VBP knelen)))
			    (CONJP (CONJ &)
				   (IP-SUB (NP-SBJ *T*-3)
					   (ADVP (ADV so))
					   (VBP contynuen)
					   (PP (P till)
					       (CP-ADV (C 0)
						       (IP-SUB (NP-SBJ (PRO +tei))
							       (VBP come)
							       (ADVP-DIR (ADV thider)))))))))
	  (. .))
  (ID CMMANDEV,116.2842))

/~*
And the custome also +tere is this, +tat whan +tei +tat han such deuocioun &
entent for to sle himself for loue of his god, +tei senden for all here
frendes & han gret plentee of mynstrell & +tei gon before the ydole ledynge
him +tat wil sle himself for such deuocioun betwene hem with gret reuerence.
(CMMANDEV,117.2872)
*~/
/*
129 VAG:  129 VAG, 130 ledynge, 114 IP-SUB
129 VAG:  129 VAG, 130 ledynge, 24 IP-SUB
*/

( (IP-MAT (CONJ And)
	  (NP-SBJ (D the) (N custome))
	  (ALSO also)
	  (ADVP-LOC (ADV +tere))
	  (BEP is)
	  (NP-OB1 (D this)
		  (, ,)
		  (CP-THT-PRN (C +tat)
			      (IP-SUB (IP-SUB (PP (P whan)
						  (CP-ADV (C 0)
							  (IP-SUB (NP-SBJ (PRO +tei))
								  (X +tat)
								  (HVP han)
								  (NP-OB1 (SUCH such)
									  (N deuocioun)
									  (CONJP (CONJ &)
										 (NX (N entent)))
									  (IP-INF (FOR for)
										  (TO to)
										  (VB sle)
										  (NP-OB1 (PRO+N himself))
										  (PP (P for)
										      (NP (N loue)
											  (PP (P of)
											      (NP (PRO$ his) (N god))))))))))
					      (, ,)
					      (NP-SBJ (PRO +tei))
					      (VBP senden)
					      (PP (P for)
						  (NP (Q all) (PRO$ here) (NS frendes))))
				      (CONJP (CONJ &)
					     (IP-SUB (NP-SBJ *con*)
						     (HVP han)
						     (NP-OB1 (ADJ gret)
							     (N plentee)
							     (PP (P of)
								 (NP (N mynstrell))))))
				      (CONJP (CONJ &)
					     (IP-SUB (NP-SBJ (PRO +tei))
						     (VBP gon)
						     (PP (P before)
							 (NP (D the) (N ydole)))
						     (IP-PPL (VAG ledynge)
							     (NP-OB1 (PRO him)
								     (CP-REL (WNP-1 0)
									     (C +tat)
									     (IP-SUB (NP-SBJ *T*-1)
										     (MD wil)
										     (VB sle)
										     (NP-OB1 (PRO+N himself))
										     (PP (P for)
											 (NP (SUCH such) (N deuocioun))))))
							     (PP (P betwene)
								 (NP (PRO hem))
								 (PP (P with)
								     (NP (ADJ gret) (N reuerence))))))))))
	  (. .))
  (ID CMMANDEV,117.2872))

/~*
And +tei scornen whan thei seen ony strange folk goynge clothed
(CMMANDEV,118.2896)
*~/
/*
29 VAG:  29 VAG, 30 goynge, 15 IP-SUB
*/

( (IP-MAT (CONJ And)
	  (NP-SBJ (PRO +tei))
	  (VBP scornen)
	  (PP (P whan)
	      (CP-ADV (C 0)
		      (IP-SUB (NP-SBJ (PRO thei))
			      (VBP seen)
			      (NP-OB1 (Q ony) (ADJ strange) (NS folk))
			      (IP-PPL (VAG goynge)
				      (ADJP-SPR (VAN clothed)))))))
  (ID CMMANDEV,118.2896))

/~*
And so longe he wente be see & lond & so enviround the world be many seisons,
+tat he fond an yle where he herde speke his owne langage, callynge on oxen in
the plowgh suche wordes as men speken to bestes in his owne contree, Where of
he hadde gret meruayle, for he knew not how it myghte be.
(CMMANDEV,122.2973)
*~/
/*
92 VAG:  92 VAG, 93 callynge, 69 IP-SUB
92 VAG:  92 VAG, 93 callynge, 52 IP-SUB
*/

( (IP-MAT-1 (CONJ And)
	    (NP-MSR (ADVR so)
		    (ADJ longe)
		    (CP-DEG *ICH*-2))
	    (NP-SBJ (PRO he))
	    (VBD wente)
	    (PP (P be)
		(NP (N see) (CONJ &) (N lond)))
	    (IP-MAT-PRN=1 (CONJ &)
			  (ADVP (ADV so))
			  (VBD enviround)
			  (NP-OB1 (D the) (N world))
			  (PP (P be)
			      (NP (Q many) (NS seisons))))
	    (, ,)
	    (CP-DEG-2 (C +tat)
		      (IP-SUB (NP-SBJ (PRO he))
			      (VBD fond)
			      (NP-OB1 (D an)
				      (N yle)
				      (CP-REL (WADVP-3 (WADV where))
					      (C 0)
					      (IP-SUB (ADVP-LOC *T*-3)
						      (NP-SBJ (PRO he))
						      (VBD herde)
						      (IP-INF (NP-SBJ *arb*)
							      (VB speke)
							      (NP-OB1 (PRO$ his) (ADJ owne) (N langage)))
						      (, ,)
						      (IP-PPL (VAG callynge)
							      (PP (P on)
								  (NP (NS oxen)
								      (PP (P in)
									  (NP (D the) (N plowgh)))))
							      (NP-OB1 (SUCH suche)
								      (NS wordes)
								      (PP (P as)
									  (CP-CMP (WNP-4 0)
										  (C 0)
										  (IP-SUB (NP-OB1 *T*-4)
											  (NP-SBJ (NS men))
											  (VBP speken)
											  (PP (P to)
											      (NP (NS bestes)))
											  (PP (P in)
											      (NP (PRO$ his) (ADJ owne) (N contree))))))))
						      (, ,)
						      (CP-CAR (WPP-5 (WADVP (WADV Where))
								     (P of))
							      (C 0)
							      (IP-SUB (PP *T*-5)
								      (NP-SBJ (PRO he))
								      (HVD hadde)
								      (NP-OB1 (ADJ gret) (N meruayle))
								      (, ,)
								      (PP (P for)
									  (CP-ADV (C 0)
										  (IP-SUB (NP-SBJ (PRO he))
											  (VBD knew)
											  (NEG not)
											  (CP-QUE (WADVP-6 (WADV how))
												  (C 0)
												  (IP-SUB (ADVP *T*-6)
													  (NP-SBJ (PRO it))
													  (MD myghte)
													  (BE be)))))))))))))
	    (. .))
  (ID CMMANDEV,122.2973))

/~*
But I seye +tat he had gon so longe be londe & be see, +tat he had envyround
all the erthe, +tat he was comen a+gen envirounynge +tat is to seye goynge
aboute vnto his owne marches.
(CMMANDEV,122.2974)
*~/
/*
80 VAG:  80 VAG, 81 envirounynge, 68 IP-SUB
80 VAG:  80 VAG, 81 envirounynge, 48 IP-SUB
80 VAG:  80 VAG, 81 envirounynge, 12 IP-SUB
94 VAG:  94 VAG, 95 goynge, 68 IP-SUB
94 VAG:  94 VAG, 95 goynge, 48 IP-SUB
94 VAG:  94 VAG, 95 goynge, 12 IP-SUB
*/

( (IP-MAT (CONJ But)
	  (NP-SBJ (PRO I))
	  (VBP seye)
	  (CP-THT (C +tat)
		  (IP-SUB (NP-SBJ (PRO he))
			  (HVD had)
			  (VBN gon)
			  (NP-MSR (ADVR so)
				  (ADJ longe)
				  (CP-DEG *ICH*-1))
			  (PP (PP (P be)
				  (NP (N londe)))
			      (CONJP (CONJ &)
				     (PP (P be)
					 (NP (N see)))))
			  (, ,)
			  (CP-DEG-1 (C +tat)
				    (IP-SUB (NP-SBJ (PRO he))
					    (HVD had)
					    (VBN envyround)
					    (NP-OB1 (Q all) (D the) (NPR erthe))
					    (, ,)
					    (CP-ADV (C +tat)
						    (IP-SUB (NP-SBJ (PRO he))
							    (BED was)
							    (VBN comen)
							    (ADVP (ADV a+gen))
							    (IP-PPL (VAG envirounynge))
							    (IP-MAT-PRN (NP-SBJ (D +tat))
									(BEP is)
									(IP-INF (TO to)
										(VB seye)
										(IP-PPL (VAG goynge)
											(RP aboute)
											(PP (P vnto)
											    (NP (PRO$ his) (ADJ owne) (NS marches))))))))))))
	  (. .))
  (ID CMMANDEV,122.2974))

/~*
And +gee schull vndirstonde +tat after the opynyoun of olde wise Philosophres
& Astronomeres oure contree ne Irelond ne Wales ne Scotlong ne Norweye ne the
o+ter yles costynge to hem ne ben not in the superficyalte cownted abouen the
erthe, as it schewe+t be all the bokes of Astronomye.
(CMMANDEV,124.3010)
*~/
/*
79 VAG:  79 VAG, 80 costynge, 14 IP-SUB
*/

( (IP-MAT (CONJ And)
	  (NP-SBJ (PRO +gee))
	  (MD schull)
	  (VB vndirstonde)
	  (CP-THT (C +tat)
		  (IP-SUB (PP (P after)
			      (NP (D the)
				  (N opynyoun)
				  (PP (P of)
				      (NP (ADJ olde)
					  (ADJ wise)
					  (NS Philosophres)
					  (CONJ &)
					  (NX (NS Astronomeres))))))
			  (NP-SBJ (NP (PRO$ oure) (N contree))
				  (CONJP (CONJ ne)
					 (NP (NPR Irelond)))
				  (CONJP (CONJ ne)
					 (NP (NPR Wales)))
				  (CONJP (CONJ ne)
					 (NP (NPR Scotlong)))
				  (CONJP (CONJ ne)
					 (NP (NPR Norweye)))
				  (CONJP (CONJ ne)
					 (NP (D the)
					     (OTHER o+ter)
					     (NS yles)
					     (RRC (VAG costynge)
						  (PP (P to)
						      (NP (PRO hem)))))))
			  (NEG ne)
			  (BEP ben)
			  (NEG not)
			  (PP (P in)
			      (NP (D the)
				  (N superficyalte)
				  (RRC (VAN cownted)
				       (PP (P abouen)
					   (NP (D the) (NPR erthe))))))
			  (, ,)
			  (PP (P as)
			      (CP-ADV (WNP-1 0)
				      (C 0)
				      (IP-SUB (NP-OB1 *T*-1)
					      (NP-SBJ (PRO it))
					      (VBP schewe+t)
					      (PP (P be)
						  (NP (Q all)
						      (D the)
						      (NS bokes)
						      (PP (P of)
							  (NP (N Astronomye))))))))))
	  (. .))
  (ID CMMANDEV,124.3010))

/~*
And also of +to cannes +tei maken houses and schippes & o+ter thinges as wee
han here makynge houses and schippes of oke or of ony o+ter trees.
(CMMANDEV,127.3081)
*~/
/*
57 VAG:  57 VAG, 58 makynge, 45 IP-SUB
*/

( (IP-MAT (CONJ And)
	  (ALSO also)
	  (PP (P of)
	      (NP (D +to) (NS cannes)))
	  (NP-SBJ (PRO +tei))
	  (VBP maken)
	  (NP-OB1 (NP (NS houses))
		  (CONJP (CONJ and)
			 (NP (NS schippes)))
		  (CONJP (CONJ &)
			 (NP (OTHER o+ter) (NS thinges))))
	  (PP (P as)
	      (CP-ADV (WADVP-1 0)
		      (C 0)
		      (IP-SUB (ADVP *T*-1)
			      (NP-SBJ (PRO wee))
			      (HVP han)
			      (ADVP-LOC (ADV here))
			      (IP-PPL (VAG makynge)
				      (NP-OB1 (NS houses) (CONJ and) (NS schippes))
				      (PP (PP (P of)
					      (NP (N oke)))
					  (CONJP (CONJ or)
						 (PP (P of)
						     (NP (Q ony) (OTHER o+ter) (NS trees)))))))))
	  (. .))
  (ID CMMANDEV,127.3081))

/~*
And whan +tei seen ony men passynge +torgh here contrees +tei hyden hem in
here caves.
(CMMANDEV,130.3137)
*~/
/*
22 VAG:  22 VAG, 23 passynge, 10 IP-SUB
*/

( (IP-MAT (CONJ And)
	  (PP (P whan)
	      (CP-ADV (C 0)
		      (IP-SUB (NP-SBJ (PRO +tei))
			      (VBP seen)
			      (NP-OB1 (Q ony) (NS men))
			      (IP-PPL (VAG passynge)
				      (PP (P +torgh)
					  (NP (PRO$ here) (NS contrees)))))))
	  (NP-SBJ (PRO +tei))
	  (VBP hyden)
	  (NP-OB1 (PRO hem))
	  (PP (P in)
	      (NP (PRO$ here) (NS caves)))
	  (. .))
  (ID CMMANDEV,130.3137))

/~*
And in maner as wee seyn oure PATER NOSTRE & oure AUE MARIA, cowntynge the
PATER NOSTRES, right so this kyng seyth euery day deuoutly .ccc. preyeres to
his god or +tat he ete.
(CMMANDEV,130.3160)
*~/
/*
47 VAG:  47 VAG, 48 cowntynge, 18 IP-SUB
*/

( (IP-MAT (CONJ And)
	  (PP (P in)
	      (NP (N maner)
		  (PP (P as)
		      (CP-CMP (WADVP-1 0)
			      (C 0)
			      (IP-SUB (ADVP *T*-1)
				      (NP-SBJ (PRO wee))
				      (VBP seyn)
				      (NP-OB1 (NP (PRO$ oure) (NPR PATER) (NPR NOSTRE))
					      (CONJP (CONJ &)
						     (NP (PRO$ oure) (NPR AUE) (NPR MARIA))))
				      (, ,)
				      (IP-PPL (VAG cowntynge)
					      (NP-OB1 (D the) (NPR PATER) (NPRS NOSTRES))))))))
	  (, ,)
	  (ADVP (ADV right) (ADV so))
	  (NP-SBJ (D this) (N kyng))
	  (VBP seyth)
	  (NP-TMP (Q euery) (N day))
	  (ADVP (ADV deuoutly))
	  (NP-OB1 (NUM .ccc.) (NS preyeres))
	  (PP (P to)
	      (NP (PRO$ his) (N god)))
	  (PP (P or)
	      (CP-ADV (C +tat)
		      (IP-SUB (NP-SBJ (PRO he))
			      (VBP ete))))
	  (. .))
  (ID CMMANDEV,130.3160))

/~*
And all aboute +teise dyches & vyueres is the grete gardyn full of wylde
bestes so +tat whan the gret CANE wil haue ony desport ou+ter to taken ony of
the wylde bestes or of the foules, he wil lete chace hem & taken hem at the
windowes withouten goynge out of his chambre.
(CMMANDEV,141.3227)
*~/
/*
145 VAG:  145 VAG, 146 goynge, 46 IP-SUB
*/

( (IP-MAT (CONJ And)
	  (PP (Q all)
	      (P aboute)
	      (NP (D +teise)
		  (NS dyches)
		  (CONJP (CONJ &)
			 (NX (NS vyueres)))))
	  (BEP is)
	  (NP-SBJ (D the)
		  (ADJ grete)
		  (N gardyn)
		  (ADJP (ADJ full)
			(PP (P of)
			    (NP (ADJ wylde) (NS bestes)))))
	  (PP (P so)
	      (CP-ADV (C +tat)
		      (IP-SUB (PP (P whan)
				  (CP-ADV (C 0)
					  (IP-SUB (IP-SUB (NP-SBJ (D the) (ADJ gret) (NPR CANE))
							  (MD wil)
							  (HV haue)
							  (NP-OB1 (Q ony) (N desport)))
						  (CONJP (CONJ ou+ter)
							 (IP-INF (TO to)
								 (VB taken)
								 (NP-OB1 (Q ony)
									 (PP (PP (P of)
										 (NP (D the) (ADJ wylde) (NS bestes)))
									     (CONJP (CONJ or)
										    (PP (P of)
											(NP (D the) (NS foules)))))))))))
			      (, ,)
			      (NP-SBJ (PRO he))
			      (MD wil)
			      (VB lete)
			      (IP-INF (IP-INF (NP-SBJ *arb*)
					      (VB chace)
					      (NP-OB1 (PRO hem)))
				      (CONJP (CONJ &)
					     (IP-INF (NP-SBJ *con*)
						     (VB taken)
						     (NP-OB1 (PRO hem))
						     (PP (P at)
							 (NP (D the) (NS windowes)))
						     (PP (P withouten)
							 (IP-PPL (VAG goynge)
								 (PP (RP out)
								     (P of)
								     (NP (PRO$ his) (N chambre)))))))))))
	  (. .))
  (ID CMMANDEV,141.3227))

/~*
& all the walles ben couered withjnne of rede skynnes of bestes +tat men
clepen Panteres, +tat ben faire bestes & wel smellyng so +tat for the swete
odour of +to skynnes non euyll ayr may entre in to the palays.
(CMMANDEV,141.3230)
*~/
/*
76 VAG:  76 VAG, 77 smellyng, 56 IP-SUB
76 VAG:  76 VAG, 77 smellyng, 37 IP-SUB
*/

( (IP-MAT (CONJ &)
	  (NP-SBJ (Q all) (D the) (NS walles))
	  (BEP ben)
	  (VAN couered)
	  (ADVP-LOC (ADV withjnne))
	  (PP (P of)
	      (NP (ADJ rede)
		  (NS skynnes)
		  (PP (P of)
		      (NP (NS bestes)
			  (CP-REL (WNP-1 0)
				  (C +tat)
				  (IP-SUB (NP-SBJ (NS men))
					  (VBP clepen)
					  (IP-SMC (NP-SBJ *T*-1)
						  (NP-OB1 (NS Panteres)
							  (, ,)
							  (CP-REL (WNP-2 0)
								  (C +tat)
								  (IP-SUB (NP-SBJ *T*-2)
									  (BEP ben)
									  (NP-OB1 (ADJP (ADJP (ADJ faire))
											(CONJP *ICH*-3))
										  (NS bestes)
										  (CONJP-3 (CONJ &)
											   (ADJP (ADV wel) (VAG smellyng))))))))))))))
	  (PP (P so)
	      (CP-ADV (C +tat)
		      (IP-SUB (PP (P for)
				  (NP (D the)
				      (ADJ swete)
				      (N odour)
				      (PP (P of)
					  (NP (D +to) (NS skynnes)))))
			      (NP-SBJ (Q non) (ADJ euyll) (N ayr))
			      (MD may)
			      (VB entre)
			      (PP (RP in)
				  (P to)
				  (NP (D the) (N palays))))))
	  (. .))
  (ID CMMANDEV,141.3230))

/~*
And +tei ben all so propurlych made +tat it semeth a verry vyne berynge
kyndely grapes.
(CMMANDEV,143.3285)
*~/
/*
36 VAG:  36 VAG, 37 berynge, 22 IP-SUB
*/

( (IP-MAT (CONJ And)
	  (NP-SBJ (PRO +tei))
	  (BEP ben)
	  (Q all)
	  (ADJP (ADVP (ADVR so) (ADV propurlych))
		(VAN made)
		(CP-DEG (C +tat)
			(IP-SUB (NP-SBJ (PRO it))
				(VBP semeth)
				(NP-OB1 (D a)
					(ADJ verry)
					(N vyne)
					(RRC (VAG berynge)
					     (NP-OB1 (ADJ kyndely) (NS grapes)))))))
	  (. .))
  (ID CMMANDEV,143.3285))
/*
FOOTER
  source file, hits/tokens/total
  C:\Users\Shoo\Dropbox\workspace\CorpusSearch_Auto\data\corporas\PPCME2\temp1492106398658\travelogue\cmmandev.m3.psd	46/42/3314
*/
/*
SUMMARY:  
source files, hits/tokens/total
  C:\Users\Shoo\Dropbox\workspace\CorpusSearch_Auto\data\corporas\PPCME2\temp1492106398658\travelogue\cmmandev.m3.psd	46/42/3314
whole search, hits/tokens/total
		46/42/3314
*/
