/*
PREFACE:  
Copyright 2010 Beth Randall
Date:  Thu Apr 13 18:57:48 BST 2017

command file:     data\searches\queries\PENN\progressive_forms_added_to_an_appositive_or_parenthetical_constituent.q
output file:      C:\Users\Shoo\Dropbox\workspace\CorpusSearch_Auto\data\output\13-04-2017 18.46.36.333 PPCMBE\progressive_forms_added_to_an_appositive_or_parenthetical_constituent\history\result.out

node:   *PRN*|BAG*|HAG*|VAG*|DAG*
query:  (BAG*|HAG*|VAG*|DAG* Dominates  !BAG*|HAG*|VAG*|DAG*) 
  AND  (*PRN* Dominates  BAG*|HAG*|VAG*|DAG*) 
*/
/*
HEADER:
source file:  C:\Users\Shoo\Dropbox\workspace\CorpusSearch_Auto\data\corporas\PPCMBE\temp1492106160469\history\carlyle-1837.psd
*/

/~*
On the other hand, France may look for considerable constitutional blessings;
as specified in these Five-and-thirty Articles, which Garde-des-Sceaux is
waxing hoarse with reading. Which Five-and-thirty Articles, adds his Majesty
again rising, if the Three Orders most unfortunately $can $not agree together
to effect them, I myself will effect:
(CARLYLE-1837,1,140.93)
*~/
/*
106 VAG:  106 VAG, 107 rising, 94 IP-MAT-PRN-SPE
*/
( (IP-MAT (PP (P On)
	      (NP (D the) (OTHER other) (N hand)))
	  (, ,)
	  (NP-SBJ (NPR France))
	  (MD may)
	  (VB look)
	  (PP (P for)
	      (NP (ADJP (ADJ considerable) (ADJ constitutional))
		  (NS blessings)))
	  (, ;)
	  (PP (P as)
	      (IP-PPL (VAN specified)
		      (PP (P in)
			  (NP (D these)
			      (NUM+CONJ+NUM Five-and-thirty)
			      (NS Articles)
			      (, ,)
			      (CP-REL (WNP-1 (WPRO which))
				      (C 0)
				      (IP-SUB (NP-SBJ (NPR Garde-des-Sceaux))
					      (BEP is)
					      (VAG waxing)
					      (ADJP (ADJ hoarse))
					      (PP (P with)
						  (IP-PPL (NP-OB1 *T*-1)
							  (VAG reading)))))))))
	  (, .)
	  (CP-CAR-SPE (WNP-2 (WD Which) (NUM Five-and-thirty) (NS Articles))
		      (, ,)
		      (C 0)
		      (IP-SUB-SPE (NP-OB1 *T*-2)
				  (IP-MAT-PRN-SPE (VBP adds)
						  (NP-SBJ (PRO$ his) (N Majesty))
						  (IP-PPL-SPE (ADVP (ADV again))
							      (VAG rising)))
				  (, ,)
				  (PP (P if)
				      (CP-ADV-SPE (C 0)
						  (IP-SUB-SPE (NP-SBJ (D the) (NUM Three) (NS Orders))
							      (ADVP (QS most) (ADV unfortunately))
							      (MD $can)
							      (NEG $not)
							      (CODE {TEXT:cannot})
							      (VB agree)
							      (ADVP (ADV together))
							      (IP-INF-SPE (TO to)
									  (VB effect)
									  (NP-OB1 (PRO them))))))
				  (, ,)
				  (NP-SBJ (PRO I)
					  (NP-PRN (PRO$+N myself)))
				  (MD will)
				  (VB effect)))
	  (. :))
  (ID CARLYLE-1837,1,140.93))

/~*
- "Messieurs," shrills De Bre`ze`, repeating himself, "You have heard the
King's orders!"
(CARLYLE-1837,1,141.117)
*~/
/*
24 VAG:  24 VAG, 25 repeating, 13 IP-MAT-PRN
*/

( (IP-MAT-SPE (, -)
	      (" ")
	      (NP-VOC (FW Messieurs))
	      (, ,)
	      (" ")
	      (IP-MAT-PRN (VBP shrills)
			  (NP-SBJ (NPR De) (NPR Bre`ze`))
			  (, ,)
			  (IP-PPL-SPE (VAG repeating)
				      (NP-OB1 (PRO+N himself))))
	      (, ,)
	      (" ")
	      (NP-SBJ (PRO You))
	      (HVP have)
	      (VBN heard)
	      (NP-OB1 (NP-POS (D the) (N$ King's))
		      (NS orders))
	      (. !)
	      (" "))
  (ID CARLYLE-1837,1,141.117))

/~*
there sharpest gazes Suspicion into the pale dim World-Whirlpool; discerning
shapes and phantasms: imminent bloodthirsty Regiments camped on the
Champ-de-Mars; dispersed National Assembly; redhot cannon-balls to burn Paris:
- the mad War-god and Bellona's sounding thongs.
(CARLYLE-1837,1,145.221)
*~/
/*
116 VAG:  116 VAG, 117 sounding, 42 NP-PRN
*/

( (IP-MAT (ADVP-LOC (ADV there))
	  (ADVP (ADVS sharpest))
	  (NP-SBJ-1 *exp*)
	  (VBP gazes)
	  (NP-1 (N Suspicion))
	  (PP (P into)
	      (NP (D the)
		  (ADJP (ADJ pale) (ADJ dim))
		  (N+N World-Whirlpool)))
	  (, ;)
	  (IP-PPL (VAG discerning)
		  (NP-OB1 (NS shapes)
			  (CONJ and)
			  (NS phantasms)
			  (, :)
			  (NP-PRN (NP (ADJP (ADJ imminent) (ADJ bloodthirsty))
				      (NS Regiments)
				      (RRC (VAN camped)
					   (PP (P on)
					       (NP (D the) (NPR Champ-de-Mars)))))
				  (, ;)
				  (CONJP (NP (VAN dispersed) (ADJ National) (N Assembly)))
				  (, ;)
				  (CONJP (NP (N redhot)
					     (N+NS cannon-balls)
					     (CODE <paren>)
					     (CP-EOP (WNP-2 0)
						     (IP-INF (NP-SBJ *T*-2)
							     (TO to)
							     (VB burn)
							     (NP-OB1 (NPR Paris))))))
				  (CODE <$$paren>)
				  (, :)
				  (, -)
				  (CONJP (NP (NP (D the) (ADJ mad) (N+N War-god))
					     (CONJP (CONJ and)
						    (NP (N$ Bellona's) (VAG sounding) (NS thongs))))))))
	  (. .))
  (ID CARLYLE-1837,1,145.221))

/~*
In this manner march they, a mixed, continually increasing multitude; armed
with axes, staves and miscellanea; grim, many-sounding, through the streets.
(CARLYLE-1837,1,150.366)
*~/
/*
30 VAG:  30 VAG, 31 increasing, 17 NP-PRN
*/

( (IP-MAT (PP (P In)
	      (NP (D this) (N manner)))
	  (VBP march)
	  (NP-SBJ (PRO they)
		  (, ,)
		  (NP-PRN (D a)
			  (ADJP (ADJP (VAN mixed))
				(, ,)
				(CONJP (ADJP (ADV continually) (VAG increasing))))
			  (N multitude)))
	  (, ;)
	  (IP-PPL (VAN armed)
		  (PP (P with)
		      (NP (NS axes) (, ,) (NS staves) (CONJ and) (FW miscellanea))))
	  (, ;)
	  (ADJP-SPR (ADJ grim) (, ,) (ADJ many-sounding))
	  (, ,)
	  (PP (P through)
	      (NP (D the) (NS streets)))
	  (. .))
  (ID CARLYLE-1837,1,150.366))

/~*
Victorious Lambesc, in this his second or Tuileries charge, succeeds but in
overturning call it not slashing, for he struck with the flat of his sword one
man, a poor old schoolmaster, most pacifically tottering there;
(CARLYLE-1837,1,151.384)
*~/
/*
50 VAG:  50 VAG, 51 slashing, 40 IP-IMP-PRN
*/

( (IP-MAT (NP-SBJ (ADJ Victorious) (NPR Lambesc))
	  (, ,)
	  (PP (P in)
	      (NP (D this)
		  (PRO$ his)
		  (ADJP (ADJ second) (CONJ or) (NPR Tuileries))
		  (N charge)))
	  (, ,)
	  (VBP succeeds)
	  (PP (FP but)
	      (P in)
	      (IP-PPL (VAG overturning)
		      (CODE <paren>)
		      (IP-IMP-PRN (VBI call)
				  (IP-SMC (NP-SBJ (PRO it))
					  (NEG not)
					  (NP-OB1 (VAG slashing)))
				  (, ,)
				  (IP-MAT-PRN (CONJ for)
					      (NP-SBJ (PRO he))
					      (VBD struck)
					      (PP (P with)
						  (NP (D the)
						      (N flat)
						      (PP (P of)
							  (NP (PRO$ his) (N sword)))))))
		      (CODE <$$paren>)
		      (NP-OB1 (ONE one)
			      (N man)
			      (, ,)
			      (NP-PRN (D a)
				      (ADJP (ADJ poor) (ADJ old))
				      (N+N schoolmaster))
			      (, ,)
			      (RRC (ADVP (QS most) (ADV pacifically))
				   (VAG tottering)
				   (ADVP-LOC (ADV there))))))
	  (. ;))
  (ID CARLYLE-1837,1,151.384))

/~*
And so there go they, with clangour and terror, they know not as yet whether
running, swimming or flying, - headlong into the New Era.
(CARLYLE-1837,1,152.426)
*~/
/*
48 VAG:  48 VAG, 49 running, 29 IP-MAT-PRN
52 VAG:  52 VAG, 53 swimming, 29 IP-MAT-PRN
56 VAG:  56 VAG, 57 flying, 29 IP-MAT-PRN
*/

( (IP-MAT (CONJ And)
	  (ADVP (ADV so))
	  (ADVP-DIR (ADV there))
	  (VBP go)
	  (NP-SBJ (PRO they))
	  (, ,)
	  (PP (P with)
	      (NP (N clangour) (CONJ and) (N terror)))
	  (, ,)
	  (IP-MAT-PRN (NP-SBJ (PRO they))
		      (VBP know)
		      (NEG not)
		      (PP (P as)
			  (ADVP (ADV yet)))
		      (CP-QUE (WQ whether)
			      (FRAG (VAG (VAG running) (, ,) (VAG swimming) (CONJ or) (VAG flying)))))
	  (, ,)
	  (, -)
	  (PP (ADV headlong)
	      (P into)
	      (NP (D the) (ADJ New) (N Era)))
	  (. .))
  (ID CARLYLE-1837,1,152.426))

/~*
$'T $is a ticklish game, that of 'amusing' us.
(CARLYLE-1837,1,156.513)
*~/
/*
27 VAG:  27 VAG, 28 amusing, 18 NP-PRN
*/

( (IP-MAT (NP-SBJ (PRO $'T))
	  (BEP $is)
	  (CODE {TEXT:'Tis})
	  (NP-OB1 (D a)
		  (ADJ ticklish)
		  (N game)
		  (, ,)
		  (NP-PRN (D that)
			  (PP (P of)
			      (' ')
			      (IP-PPL (VAG amusing)
				      (' ')
				      (CODE <P_1,156>)
				      (NP-OB1 (PRO us))))))
	  (. .))
  (ID CARLYLE-1837,1,156.513))

/~*
Have scalding pitch, at least boiling water ready, ye weak old women, to pour
it and dash it on Royal-Allemand, with your old skinny arms:
(CARLYLE-1837,1,156.524)
*~/
/*
20 VAG:  20 VAG, 21 boiling, 12 IP-SMC-PRN=1
*/

( (IP-IMP (HVI Have)
	  (IP-SMC-1 (NP-SBJ (VAG scalding) (N pitch))
		    (, ,)
		    (IP-SMC-PRN=1 (PP (P at)
				      (QP (QS least)))
				  (NP (VAG boiling) (N water)))
		    (ADJP (ADJ ready)))
	  (, ,)
	  (NP-VOC (PRO ye) (ADJ weak) (ADJ old) (NS women))
	  (, ,)
	  (IP-INF-PRP (IP-INF (TO to)
			      (VB pour)
			      (NP-OB1 (PRO it)))
		      (CONJP (CONJ and)
			     (IP-INF (TO *)
				     (VB dash)
				     (NP-OB1 (PRO it))
				     (PP (P on)
					 (NP (NPRS Royal-Allemand)))
				     (, ,)
				     (PP (P with)
					 (NP (PRO$ your)
					     (ADJP (ADJ old) (ADJ skinny))
					     (NS arms))))))
	  (. :))
  (ID CARLYLE-1837,1,156.524))

/~*
In vain: his Majesty, with a singular composure, invites us to be busy rather
with our own duty, making the Constitution!
(CARLYLE-1837,1,157.557)
*~/
/*
58 VAG:  58 VAG, 59 making, 57 IP-PPL-PRN
*/

( (IP-MAT (PP (P In)
	      (NP (ADJ vain)))
	  (, :)
	  (NP-SBJ (PRO$ his) (N Majesty))
	  (, ,)
	  (PP (P with)
	      (NP (D a) (ADJ singular) (N composure)))
	  (, ,)
	  (VBP invites)
	  (NP-OB1 (PRO us))
	  (IP-INF (TO to)
		  (BE be)
		  (ADJP (ADJ busy))
		  (ADVP (ADVR rather))
		  (PP (P with)
		      (NP (PRO$ our)
			  (ADJ own)
			  (N duty)
			  (, ,)
			  (IP-PPL-PRN (VAG making)
				      (NP-OB1 (D the) (N Constitution))))))
	  (. !))
  (ID CARLYLE-1837,1,157.557))

/~*
This was the 13th day of July 1789; a worse day, many said, than the last 13th
was, when only hail fell out of Heaven, not madness rose out of Tophet,
ruining worse than crops!
(CARLYLE-1837,1,158.573)
*~/
/*
115 VAG:  115 VAG, 116 ruining, 24 NP-PRN
*/

( (IP-MAT (NP-SBJ (D This))
	  (BED was)
	  (NP-OB1 (D the)
		  (ADJ 13th)
		  (N day)
		  (PP (P of)
		      (NP (NPR July) (NUM 1789)))
		  (, ;)
		  (NP-PRN (D a)
			  (ADJR worse)
			  (N day)
			  (, ,)
			  (IP-MAT-PRN (NP-SBJ (Q many))
				      (VBD said))
			  (, ,)
			  (PP (P than)
			      (CP-CMP (WADJP-1 0)
				      (C 0)
				      (IP-SUB (ADJP *T*-1)
					      (NP-SBJ (D the)
						      (ADJP (ADJ last) (ADJ 13th))
						      (CP-REL *ICH*-2))
					      (BED was)
					      (, ,)
					      (CP-REL-2 (WADVP-3 (WADV when))
							(C 0)
							(IP-SUB (IP-SUB (ADVP-TMP *T*-3)
									(NP-SBJ (FP only) (N hail))
									(VBD fell)
									(RP out)
									(PP (P of)
									    (NP (NPR Heaven))))
								(, ,)
								(CONJP (IP-SUB (ADVP-TMP *T*-3)
									       (NEG not)
									       (NP-SBJ (N madness))
									       (VBD rose)
									       (PP (RP out)
										   (P of)
										   (NP (NPR Tophet)))
									       (, ,)
									       (IP-PPL (VAG ruining)
										       (NP-OB1 (ADJP (ADJR worse)
												     (PP (P than)
													 (NP (NS crops)))))))))))))))
	  (. !))
  (ID CARLYLE-1837,1,158.573))
/*
FOOTER
  source file, hits/tokens/total
  C:\Users\Shoo\Dropbox\workspace\CorpusSearch_Auto\data\corporas\PPCMBE\temp1492106160469\history\carlyle-1837.psd	12/10/626
*/
/*
HEADER:
source file:  C:\Users\Shoo\Dropbox\workspace\CorpusSearch_Auto\data\corporas\PPCMBE\temp1492106160469\history\gibbon-1776.psd
*/

/~*
His abilities were useful rather than splendid; a vigorous mind, improved by
the experience and study of mankind; dexterity and application in business; a
judicious mixture of liberality and oeconomy, of mildness and rigour; profound
dissimulation under the disguise of military frankness; steadiness to pursue
his ends; flexibility to vary his means; and above all the great art of
submitting his own passions, as well as those of others, to the interest of
his ambition, and of colouring his ambition with the most specious pretences
of justice and public utility.
(GIBBON-1776,1,357.26)
*~/
/*
186 VAG:  186 VAG, 187 submitting, 25 NP-PRN-1
241 VAG:  241 VAG, 242 colouring, 25 NP-PRN-1
*/

( (IP-MAT (NP-SBJ (PRO$ His)
		  (NS abilities)
		  (NP-PRN *ICH*-1))
	  (BED were)
	  (ADJP (ADJ useful))
	  (ADVP (ADVR rather)
		(PP (P than)
		    (ADJP (ADJ splendid))))
	  (, ;)
	  (NP-PRN-1 (NP (D a)
			(ADJ vigorous)
			(N mind)
			(, ,)
			(RRC (VAN improved)
			     (PP (P by)
				 (NP (D the)
				     (N experience)
				     (CONJP (CONJ and)
					    (NX (N study)))
				     (PP (P of)
					 (NP (N+N mankind)))))))
		    (, ;)
		    (CONJP (NP (N dexterity)
			       (CONJ and)
			       (N application)
			       (PP (P in)
				   (NP (N business)))))
		    (, ;)
		    (CONJP (NP (D a)
			       (ADJ judicious)
			       (N mixture)
			       (PP (PP (P of)
				       (NP (N liberality) (CONJ and) (N oeconomy)))
				   (, ,)
				   (PP (P of)
				       (NP (N mildness) (CONJ and) (N rigour))))))
		    (, ;)
		    (CONJP (NP (ADJ profound)
			       (N dissimulation)
			       (PP (P under)
				   (NP (D the)
				       (N disguise)
				       (PP (P of)
					   (NP (ADJ military) (N frankness)))))))
		    (, ;)
		    (CONJP (NP (N steadiness)
			       (IP-INF (TO to)
				       (VB pursue)
				       (NP-OB1 (PRO$ his) (NS ends)))))
		    (, ;)
		    (CONJP (NP (N flexibility)
			       (IP-INF (TO to)
				       (VB vary)
				       (NP-OB1 (PRO$ his) (N means)))))
		    (, ;)
		    (CONJP (CONJ and)
			   (PP-PRN (P above)
				   (NP (Q all)))
			   (NP (D the)
			       (ADJ great)
			       (N art)
			       (PP (PP (P of)
				       (IP-PPL (VAG submitting)
					       (NP-OB1 (PRO$ his) (ADJ own) (NS passions))
					       (, ,)
					       (ADVP (ADVR as)
						     (ADV well)
						     (PP (P as)
							 (NP (D those)
							     (PP (P of)
								 (NP (OTHERS others))))))
					       (, ,)
					       (PP (P to)
						   (NP (D the)
						       (N interest)
						       (PP (P of)
							   (NP (PRO$ his) (N ambition)))))))
				   (, ,)
				   (CONJP (CONJ and)
					  (PP (P of)
					      (IP-PPL (VAG colouring)
						      (NP-OB1 (PRO$ his) (N ambition))
						      (PP (P with)
							  (NP (D the)
							      (ADJP (QS most) (ADJ specious))
							      (NS pretences)
							      (PP (P of)
								  (NP (NP (N justice))
								      (CONJP (CONJ and)
									     (NP (ADJ public) (N utility))))))))))))))
	  (. .))
  (ID GIBBON-1776,1,357.26))
/*
FOOTER
  source file, hits/tokens/total
  C:\Users\Shoo\Dropbox\workspace\CorpusSearch_Auto\data\corporas\PPCMBE\temp1492106160469\history\gibbon-1776.psd	2/1/454
*/
/*
HEADER:
source file:  C:\Users\Shoo\Dropbox\workspace\CorpusSearch_Auto\data\corporas\PPCMBE\temp1492106160469\history\hind-1707.psd
*/

/~*
but fin'd him fifty Talents, the Sum that was expended in equipping the Fleet,
which he Commanded at Paros.
(HIND-1707,298.22)
*~/
/*
39 VAG:  39 VAG, 40 equipping, 18 NP-PRN
*/

( (IP-MAT (CONJ but)
	  (NP-SBJ *con*)
	  (VBD fin'd)
	  (NP-OB2 (PRO him))
	  (NP-OB1 (NUM fifty)
		  (NS Talents)
		  (, ,)
		  (NP-PRN (D the)
			  (N Sum)
			  (CP-REL (WNP-1 0)
				  (C that)
				  (IP-SUB (NP-SBJ *T*-1)
					  (BED was)
					  (VAN expended)
					  (PP (P in)
					      (IP-PPL (VAG equipping)
						      (NP-OB1 (D the)
							      (N Fleet)
							      (, ,)
							      (CP-REL (WNP-2 (WPRO which))
								      (C 0)
								      (IP-SUB (NP-OB1 *T*-2)
									      (NP-SBJ (PRO he))
									      (VBD Commanded)
									      (PP (P at)
										  (CODE <font>)
										  (NP (NPR Paros))))))))))))
	  (CODE <$$font>)
	  (. .))
  (ID HIND-1707,298.22))

/~*
Artemisia, the Daughter of Lygdamis, Queen of Halicarnassus and the Islands
adjoining, fitted out five Galleys,
(HIND-1707,303.67)
*~/
/*
51 VAG:  51 VAG, 52 adjoining, 28 NP-PRN
*/

( (IP-MAT (CODE <font>)
	  (NP-SBJ (NPR Artemisia)
		  (CODE <$$font>)
		  (, ,)
		  (NP-PRN (D the)
			  (N Daughter)
			  (PP (P of)
			      (CODE <font>)
			      (NP (NPR Lygdamis))))
		  (CODE <$$font>)
		  (, ,)
		  (NP-PRN (N Queen)
			  (PP (P of)
			      (CODE <font>)
			      (NP (NP (NPR Halicarnassus))
				  (CODE <$$font>)
				  (CONJP (CONJ and)
					 (NP (D the)
					     (NS Islands)
					     (RRC (VAG adjoining))))))))
	  (, ,)
	  (VBD fitted)
	  (RP out)
	  (NP-OB1 (NUM five) (NS Galleys))
	  (. ,))
  (ID HIND-1707,303.67))

/~*
All his land Forces met at Critala, with which having pass'd the River Halys,
he came to Celanae, a City of Phrygia, where one Pythius a Lydian entertain'd
him and his whole Army, and presented Xerxes himself with 2000 Talents of
Silver, and 4000000 in Gold, wanting 7000 of the Persian Darici.
(HIND-1707,303.72)
*~/
/*
190 VAG:  190 VAG, 191 wanting, 75 NP-PRN
*/

( (IP-MAT (NP-SBJ (Q All)
		  (PRO$ his)
		  (N land)
		  (NS Forces)
		  (CP-REL *ICH*-1))
	  (VBD met)
	  (PP (P at)
	      (CODE <font>)
	      (NP (NPR Critala)))
	  (CODE <$$font>)
	  (, ,)
	  (CP-REL-1 (WPP-2 (P with)
			   (WNP (WPRO which)))
		    (C 0)
		    (IP-SUB (IP-PPL (PP *T*-2)
				    (HAG having)
				    (VBN pass'd)
				    (NP-OB1 (D the)
					    (N River)
					    (CODE <font>)
					    (NP-PRN (NPR Halys))))
			    (CODE <$$font>)
			    (, ,)
			    (NP-SBJ (PRO he))
			    (VBD came)
			    (PP (P to)
				(CODE <font>)
				(NP (NPR Celanae)
				    (CODE <$$font>)
				    (, ,)
				    (NP-PRN (D a)
					    (N City)
					    (PP (P of)
						(CODE <font>)
						(NP (NPR Phrygia)
						    (CODE <$$font>)
						    (, ,)
						    (CP-REL (WADVP-3 (WADV where))
							    (C 0)
							    (IP-SUB (IP-SUB (ADVP-LOC *T*-3)
									    (NP-SBJ (ONE one)
										    (CODE <font>)
										    (NPR Pythius)
										    (CODE <$$font>)
										    (NP-PRN (D a) (CODE <font>) (NPR Lydian)))
									    (CODE <$$font>)
									    (VBD entertain'd)
									    (NP-OB1 (NP (PRO him))
										    (CONJP (CONJ and)
											   (NP (PRO$ his) (ADJ whole) (N Army)))))
								    (, ,)
								    (CONJP (CONJ and)
									   (IP-SUB (ADVP-LOC *T*-3)
										   (NP-SBJ *con*)
										   (VBD presented)
										   (CODE <font>)
										   (NP-OB1 (NPR Xerxes)
											   (CODE <$$font>)
											   (NP-PRN (PRO+N himself)))
										   (PP (P with)
										       (NP (NP (NUM 2000)
											       (NS Talents)
											       (PP (P of)
												   (NP (N Silver))))
											   (, ,)
											   (CONJP (CONJ and)
												  (NP (NUM 4000000)
												      (PP (P in)
													  (NP (N Gold)))
												      (, ,)
												      (RRC (VAG wanting)
													   (NP-OB1 (NUM 7000)
														   (PP (P of)
														       (NP (D the) (CODE <font>) (ADJ Persian) (FW Darici))))))))))))))))))))
	  (CODE <$$font>)
	  (. .))
  (ID HIND-1707,303.72))

/~*
Withal he mention'd Siris, a Town in Italy, belonging to the State of Athens,
of which an Oracle had foretold that the Athenians, in Process of time should
rebuild it;
(HIND-1707,319.237)
*~/
/*
37 VAG:  37 VAG, 38 belonging, 19 NP-PRN
*/

( (IP-MAT (ADVP (ADV Withal))
	  (NP-SBJ (PRO he))
	  (VBD mention'd)
	  (CODE <font>)
	  (NP-OB1 (NPR Siris)
		  (CODE <$$font>)
		  (, ,)
		  (NP-PRN (D a)
			  (N Town)
			  (PP (P in)
			      (CODE <font>)
			      (NP (NPR Italy)))
			  (CODE <$$font>)
			  (, ,)
			  (RRC (VAG belonging)
			       (PP (P to)
				   (NP (D the)
				       (N State)
				       (PP (P of)
					   (CODE <font>)
					   (NP (NPR Athens)))))))
		  (CODE <$$font>)
		  (, ,)
		  (CP-REL (WPP-1 (P of)
				 (WNP (WPRO which)))
			  (C 0)
			  (IP-SUB (PP *T*-1)
				  (NP-SBJ (D an) (N Oracle))
				  (HVD had)
				  (VBN foretold)
				  (CP-THT (C that)
					  (IP-SUB (NP-SBJ (D the) (CODE <font>) (NPRS Athenians))
						  (CODE <$$font>)
						  (, ,)
						  (PP (P in)
						      (NP (N Process)
							  (PP (P of)
							      (NP (N time)))))
						  (MD should)
						  (VB rebuild)
						  (NP-OB1 (PRO it)))))))
	  (. ;))
  (ID HIND-1707,319.237))
/*
FOOTER
  source file, hits/tokens/total
  C:\Users\Shoo\Dropbox\workspace\CorpusSearch_Auto\data\corporas\PPCMBE\temp1492106160469\history\hind-1707.psd	4/4/297
*/
/*
HEADER:
source file:  C:\Users\Shoo\Dropbox\workspace\CorpusSearch_Auto\data\corporas\PPCMBE\temp1492106160469\history\kimber-1742.psd
*/
/*
FOOTER
  source file, hits/tokens/total
  C:\Users\Shoo\Dropbox\workspace\CorpusSearch_Auto\data\corporas\PPCMBE\temp1492106160469\history\kimber-1742.psd	0/0/351
*/
/*
HEADER:
source file:  C:\Users\Shoo\Dropbox\workspace\CorpusSearch_Auto\data\corporas\PPCMBE\temp1492106160469\history\long-1866.psd
*/

/~*
P. Licinius Nerva hearing that the slaves were not fairly treated in some
matters, or being moved by a desire of gain, for he was not above taking a
bribe, sent round notice to all the slaves who had any cause of complaint
against their masters,
(LONG-1866,2,76.14)
*~/
/*
79 VAG:  79 VAG, 80 taking, 65 IP-MAT-PRN
*/

( (IP-MAT (NP-SBJ (NPR P.) (NPR Licinius) (NPR Nerva))
	  (IP-PPL (IP-PPL (VAG hearing)
			  (CP-THT (C that)
				  (IP-SUB (NP-SBJ (D the) (NS slaves))
					  (BED were)
					  (NEG not)
					  (ADVP (ADV fairly))
					  (VAN treated)
					  (PP (P in)
					      (NP (Q some) (NS matters))))))
		  (, ,)
		  (CONJP (CONJ or)
			 (IP-PPL (BAG being)
				 (VAN moved)
				 (PP (P by)
				     (NP (D a)
					 (N desire)
					 (PP (P of)
					     (NP (N gain)))))
				 (, ,)
				 (IP-MAT-PRN (CONJ for)
					     (NP-SBJ (PRO he))
					     (BED was)
					     (NEG not)
					     (PP (P above)
						 (IP-PPL (VAG taking)
							 (NP-OB1 (D a) (N bribe))))))))
	  (, ,)
	  (VBD sent)
	  (ADVP (ADV round))
	  (NP-OB1 (N notice))
	  (PP (P to)
	      (NP (Q all)
		  (D the)
		  (NS slaves)
		  (CP-REL (WNP-1 (WPRO who))
			  (C 0)
			  (IP-SUB (NP-SBJ *T*-1)
				  (HVD had)
				  (NP-OB1 (Q any)
					  (N cause)
					  (PP (P of)
					      (NP (N complaint))))
				  (PP (P against)
				      (NP (PRO$ their) (NS masters)))))))
	  (. ,))
  (ID LONG-1866,2,76.14))
/*
FOOTER
  source file, hits/tokens/total
  C:\Users\Shoo\Dropbox\workspace\CorpusSearch_Auto\data\corporas\PPCMBE\temp1492106160469\history\long-1866.psd	1/1/557
*/
/*
HEADER:
source file:  C:\Users\Shoo\Dropbox\workspace\CorpusSearch_Auto\data\corporas\PPCMBE\temp1492106160469\history\oman-1895.psd
*/

/~*
It was not likely that the king would accept the two conditions which the
Parliament made a sine qua non - the grant to them of the power of the sword
by the Militia Bill, and of the right to "reform" the Church by turning it
into a Presbyterian Kirk.
(OMAN-1895,385.125)
*~/
/*
136 VAG:  136 VAG, 137 turning, 65 NP-PRN
*/

( (IP-MAT (NP-SBJ-1 (PRO It))
	  (BED was)
	  (NEG not)
	  (ADJP (ADJ likely))
	  (CP-THT-1 (C that)
		    (IP-SUB (NP-SBJ (D the) (N king))
			    (MD would)
			    (VB accept)
			    (NP-OB1 (D the)
				    (NUM two)
				    (NS conditions)
				    (CP-REL (WNP-2 (WPRO which))
					    (C 0)
					    (IP-SUB (NP-SBJ (D the) (NPR Parliament))
						    (VBD made)
						    (IP-SMC (NP-SBJ *T*-2)
							    (NP-OB1 (D a)
								    (CODE <font>)
								    (LATIN (FW sine) (FW qua) (FW non))))))
				    (CODE <$$font>)
				    (, -)
				    (NP-PRN (D the)
					    (N grant)
					    (PP (P to)
						(NP (PRO them)))
					    (PP (PP (P of)
						    (NP (D the)
							(N power)
							(PP (P of)
							    (NP (D the) (N sword)))))
						(CONJP *ICH*-3))
					    (PP (P by)
						(NP (D the) (N Militia) (N Bill)))
					    (, ,)
					    (CONJP-3 (CONJ and)
						     (PP (P of)
							 (NP (D the)
							     (N right)
							     (IP-INF (TO to)
								     (" ")
								     (VB reform)
								     (" ")
								     (NP-OB1 (D the) (NPR Church))
								     (PP (P by)
									 (IP-PPL (VAG turning)
										 (NP-OB1 (PRO it))
										 (PP (P into)
										     (NP (D a) (ADJ Presbyterian) (N Kirk)))))))))))))
	  (. .))
  (ID OMAN-1895,385.125))

/~*
Hopton, with the army of the West, swept over Somerset and Wilts, routing Sir
William Waller - an enterprising but very unlucky general - at Lansdown July 5,
and afterwards at Roundway Down near Devizes July 13.
(OMAN-1895,386.144)
*~/
/*
57 VAG:  57 VAG, 58 enterprising, 52 NP-PRN
*/

( (IP-MAT (NP-SBJ (NPR Hopton))
	  (, ,)
	  (PP (P with)
	      (NP (D the)
		  (N army)
		  (PP (P of)
		      (NP (D the) (N West)))))
	  (, ,)
	  (VBD swept)
	  (PP (P over)
	      (NP (NPR Somerset) (CONJ and) (NPR Wilts)))
	  (, ,)
	  (IP-PPL (IP-PPL-1 (VAG routing)
			    (NP-OB1 (NPR Sir)
				    (NPR William)
				    (NPR Waller)
				    (, -)
				    (NP-PRN (D an)
					    (ADJP (ADJP (VAG enterprising))
						  (CONJP (CONJ but)
							 (ADJP (ADV very) (ADJ unlucky))))
					    (ADJ general)))
			    (, -)
			    (PP (P at)
				(NP (NPR Lansdown)))
			    (CODE <paren>)
			    (NP-TMP (NPR July) (NUM 5)))
		  (CODE <$$paren>)
		  (, ,)
		  (CONJP (CONJ and)
			 (IP-PPL=1 (ADVP-TMP (ADV+WARD afterwards))
				   (PP (P at)
				       (NP (NPR Roundway)
					   (NPR Down)
					   (ADJP-LOC (ADJ near)
						     (NP (NPR Devizes)))))
				   (CODE <paren>)
				   (NP-TMP (NPR July) (NUM 13)))))
	  (CODE <$$paren>)
	  (. .))
  (ID OMAN-1895,386.144))

/~*
and Lord Taaffe, one of the leading rebels, promised to make a beginning by
bringing over 2000 men.
(OMAN-1895,389.191)
*~/
/*
20 VAG:  20 VAG, 21 leading, 11 NP-PRN
*/

( (IP-MAT (CONJ and)
	  (NP-SBJ (NPR Lord)
		  (NPR Taaffe)
		  (, ,)
		  (NP-PRN (ONE one)
			  (PP (P of)
			      (NP (D the) (VAG leading) (NS rebels)))))
	  (, ,)
	  (VBD promised)
	  (IP-INF (TO to)
		  (VB make)
		  (NP-OB1 (D a) (N beginning))
		  (PP (P by)
		      (IP-PPL (VAG bringing)
			      (RP over)
			      (NP-OB1 (NUM 2000) (NS men)))))
	  (. .))
  (ID OMAN-1895,389.191))

/~*
To do away with these troubles, the Parliament now created the "New-Model Army,
" a standing force of some 20,000 picked men, to be led by Sir Thomas Fairfax,
with Cromwell as his second in command.
(OMAN-1895,393.302)
*~/
/*
46 VAG:  46 VAG, 47 standing, 43 NP-PRN
*/

( (IP-MAT (IP-INF-PRP (TO To)
		      (DO do)
		      (ADVP-DIR (ADV away))
		      (PP (P with)
			  (NP (D these) (NS troubles))))
	  (, ,)
	  (NP-SBJ (D the) (NPR Parliament))
	  (ADVP-TMP (ADV now))
	  (VBD created)
	  (NP-OB1 (D the)
		  (" ")
		  (N+N New-Model)
		  (N Army)
		  (, ,)
		  (" ")
		  (NP-PRN (D a)
			  (VAG standing)
			  (N force)
			  (PP (P of)
			      (NP (NUMP (Q some) (NUM 20,000))
				  (VAN picked)
				  (NS men))))
		  (, ,)
		  (CP-EOP (WNP-1 0)
			  (IP-INF (NP-SBJ *T*-1)
				  (TO to)
				  (BE be)
				  (VAN led)
				  (PP (P by)
				      (NP (NPR Sir) (NPR Thomas) (NPR Fairfax)))
				  (, ,)
				  (PP (P with)
				      (IP-SMC (NP-SBJ (NPR Cromwell))
					      (PP (P as)
						  (NP (PRO$ his)
						      (ADJ second)
						      (PP (P in)
							  (NP (N command))))))))))
	  (. .))
  (ID OMAN-1895,393.302))

/~*
This plan did not please the "Independents" - a party who consisted of men of
all sorts and conditions, who only agreed in disliking a State Church and a
compulsory uniformity.
(OMAN-1895,397.396)
*~/
/*
79 VAG:  79 VAG, 80 disliking, 24 NP-PRN
*/

( (IP-MAT (NP-SBJ (D This) (N plan))
	  (DOD did)
	  (NEG not)
	  (VB please)
	  (NP-OB2 (D the)
		  (" ")
		  (NPRS Independents)
		  (" ")
		  (, -)
		  (NP-PRN (D a)
			  (N party)
			  (CP-REL (WNP-1 (WPRO who))
				  (C 0)
				  (IP-SUB (NP-SBJ *T*-1)
					  (VBD consisted)
					  (PP (P of)
					      (NP (NS men)
						  (PP (P of)
						      (NP (Q all)
							  (NS sorts)
							  (CONJP (CONJ and)
								 (NX (NS conditions)))))
						  (, ,)
						  (CP-REL (WNP-2 (WPRO who))
							  (C 0)
							  (IP-SUB (NP-SBJ *T*-2)
								  (FP only)
								  (VBD agreed)
								  (PP (P in)
								      (IP-PPL (VAG disliking)
									      (NP-OB1 (NP (D a) (N State) (N Church))
										      (CONJP (CONJ and)
											     (NP (D a) (ADJ compulsory) (N uniformity))))))))))))))
	  (. .))
  (ID OMAN-1895,397.396))

/~*
and Cromwell, the coming man, was a pillar of their cause.
(OMAN-1895,397.402)
*~/
/*
12 VAG:  12 VAG, 13 coming, 9 NP-PRN
*/

( (IP-MAT (CONJ and)
	  (NP-SBJ (NPR Cromwell)
		  (, ,)
		  (NP-PRN (D the) (VAG coming) (N man)))
	  (, ,)
	  (BED was)
	  (NP-OB1 (D a)
		  (N pillar)
		  (PP (P of)
		      (NP (PRO$ their) (N cause))))
	  (. .))
  (ID OMAN-1895,397.402))

/~*
they were bent on two things - on tying the present king's hands so tightly
that he should never again be a danger to the common weal, and on forcing him
to consent to the establishment of Presbyterianism as the State religion.
(OMAN-1895,397.409)
*~/
/*
24 VAG:  24 VAG, 25 tying, 19 PP-PRN
81 VAG:  81 VAG, 82 forcing, 19 PP-PRN
*/

( (IP-MAT (NP-SBJ (PRO they))
	  (BED were)
	  (VAN bent)
	  (PP (P on)
	      (NP (NUM two) (NS things))
	      (, -)
	      (PP-PRN (PP (P on)
			  (IP-PPL (VAG tying)
				  (NP-OB1 (NP-POS (D the) (ADJ present) (N$ king's))
					  (NS hands))
				  (ADVP (ADVR so)
					(ADV tightly)
					(CP-DEG (C that)
						(IP-SUB (NP-SBJ (PRO he))
							(MD should)
							(ADVP-TMP (ADV never) (ADV again))
							(BE be)
							(NP-OB1 (D a)
								(N danger)
								(PP (P to)
								    (NP (D the) (ADJ common) (N weal)))))))))
		      (, ,)
		      (CONJP (CONJ and)
			     (PP (P on)
				 (IP-PPL (VAG forcing)
					 (NP-OB1 (PRO him))
					 (IP-INF (TO to)
						 (VB consent)
						 (PP (P to)
						     (NP (D the)
							 (N establishment)
							 (PP (P of)
							     (NP (N Presbyterianism)))))
						 (PP (P as)
						     (NP (D the) (N State) (N religion)))))))))
	  (. .))
  (ID OMAN-1895,397.409))

/~*
Colonel Pride, a leading Independent officer, marched his regiment to
Westminster on the 6th of December, 1648,
(OMAN-1895,401.491)
*~/
/*
12 VAG:  12 VAG, 13 leading, 9 NP-PRN
*/

( (IP-MAT (NP-SBJ (NPR Colonel)
		  (NPR Pride)
		  (, ,)
		  (NP-PRN (D a) (VAG leading) (ADJ Independent) (N officer)))
	  (, ,)
	  (VBD marched)
	  (NP-OB1 (PRO$ his) (N regiment))
	  (PP (P to)
	      (NP (NPR Westminster)))
	  (PP (P on)
	      (NP (D the)
		  (ADJ 6th)
		  (PP (P of)
		      (NP (NPR December)))
		  (, ,)
		  (NUM 1648)))
	  (. ,))
  (ID OMAN-1895,401.491))

/~*
Only sixty Independent members were allowed to enter, a body which was for the
future known by the insulting name of "the Rump," as being the "sitting part"
of the House.
(OMAN-1895,401.495)
*~/
/*
57 VAG:  57 VAG, 58 insulting, 25 NP-PRN-1
79 BAG:  79 BAG, 80 being, 25 NP-PRN-1
86 VAG:  86 VAG, 87 sitting, 25 NP-PRN-1
*/

( (IP-MAT (NP-SBJ (NUMP (FP Only) (NUM sixty))
		  (ADJ Independent)
		  (NS members)
		  (NP-PRN *ICH*-1))
	  (BED were)
	  (VAN allowed)
	  (IP-INF (TO to) (VB enter))
	  (, ,)
	  (NP-PRN-1 (D a)
		    (N body)
		    (CP-REL (WNP-2 (WPRO which))
			    (C 0)
			    (IP-SUB (NP-SBJ *T*-2)
				    (BED was)
				    (PP (P for)
					(NP (D the) (N future)))
				    (VAN known)
				    (PP (P by)
					(NP (D the)
					    (VAG insulting)
					    (N name)
					    (PP (P of)
						(" ")
						(NP (D the) (N Rump)))))
				    (, ,)
				    (" ")
				    (PP (P as)
					(IP-PPL (BAG being)
						(NP-OB1 (D the)
							(" ")
							(VAG sitting)
							(N part)
							(" ")
							(PP (P of)
							    (NP (D the) (NPR House)))))))))
	  (. .))
  (ID OMAN-1895,401.495))

/~*
But the majority of the army, and Cromwell, the guiding spirit of the whole,
were determined to go through with the business.
(OMAN-1895,401.507)
*~/
/*
31 VAG:  31 VAG, 32 guiding, 28 NP-PRN
*/

( (IP-MAT (CONJ But)
	  (NP-SBJ (NP (D the)
		      (N majority)
		      (PP (P of)
			  (NP (D the) (N army))))
		  (, ,)
		  (CONJP (CONJ and)
			 (NP (NPR Cromwell)
			     (, ,)
			     (NP-PRN (D the)
				     (VAG guiding)
				     (N spirit)
				     (PP (P of)
					 (NP (D the) (ADJ whole)))))))
	  (, ,)
	  (BED were)
	  (ADJP (VAN determined)
		(IP-INF (TO to)
			(VB go)
			(RP through)
			(PP (P with)
			    (NP (D the) (N business)))))
	  (. .))
  (ID OMAN-1895,401.507))
/*
FOOTER
  source file, hits/tokens/total
  C:\Users\Shoo\Dropbox\workspace\CorpusSearch_Auto\data\corporas\PPCMBE\temp1492106160469\history\oman-1895.psd	13/10/578
*/
/*
HEADER:
source file:  C:\Users\Shoo\Dropbox\workspace\CorpusSearch_Auto\data\corporas\PPCMBE\temp1492106160469\history\turner1-1799.psd
*/
/*
FOOTER
  source file, hits/tokens/total
  C:\Users\Shoo\Dropbox\workspace\CorpusSearch_Auto\data\corporas\PPCMBE\temp1492106160469\history\turner1-1799.psd	0/0/538
*/
/*
SUMMARY:  
source files, hits/tokens/total
  C:\Users\Shoo\Dropbox\workspace\CorpusSearch_Auto\data\corporas\PPCMBE\temp1492106160469\history\carlyle-1837.psd	12/10/626
  C:\Users\Shoo\Dropbox\workspace\CorpusSearch_Auto\data\corporas\PPCMBE\temp1492106160469\history\gibbon-1776.psd	2/1/454
  C:\Users\Shoo\Dropbox\workspace\CorpusSearch_Auto\data\corporas\PPCMBE\temp1492106160469\history\hind-1707.psd	4/4/297
  C:\Users\Shoo\Dropbox\workspace\CorpusSearch_Auto\data\corporas\PPCMBE\temp1492106160469\history\kimber-1742.psd	0/0/351
  C:\Users\Shoo\Dropbox\workspace\CorpusSearch_Auto\data\corporas\PPCMBE\temp1492106160469\history\long-1866.psd	1/1/557
  C:\Users\Shoo\Dropbox\workspace\CorpusSearch_Auto\data\corporas\PPCMBE\temp1492106160469\history\oman-1895.psd	13/10/578
  C:\Users\Shoo\Dropbox\workspace\CorpusSearch_Auto\data\corporas\PPCMBE\temp1492106160469\history\turner1-1799.psd	0/0/538
whole search, hits/tokens/total
		32/26/3401
*/
