/*
PREFACE:  
Copyright 2010 Beth Randall
Date:  Thu Apr 13 18:48:26 BST 2017

command file:     data\searches\queries\YCOE\progressive_forms_added_to_an_appositive_or_parenthetical_constituent.q
output file:      C:\Users\Shoo\Dropbox\workspace\CorpusSearch_Auto\data\output\13-04-2017 18.46.36.333 YCOE\progressive_forms_added_to_an_appositive_or_parenthetical_constituent\science_astronomy_geography\result.out

node:   *PRN*|AXG*|BAG*|HAG*|VAG*
query:  (AXG*|BAG*|HAG*|VAG* Dominates  !AXG*|BAG*|HAG*|VAG*) 
  AND  (*PRN* Dominates  AXG*|BAG*|HAG*|VAG*) 
*/
/*
HEADER:
source file:  C:\Users\Shoo\Dropbox\workspace\CorpusSearch_Auto\data\corporas\YCOE\temp1492105600559\science_astronomy_geography\cobyrhtf.o3.psd
*/

/~*
+T+at ys wislice to witanne +t+at bissextus, +te we ymbe synd sprecende, +t+at
he gebyra+d +ag+der ge to +t+are sunnan ryne ge to +t+as monan.
(cobyrhtf,ByrM_1_[Baker-Lapidge]:2.1.131.667)
*~/
/*
46 VAG:  46 VAG, 47 sprecende, 21 CP-THT-PRN-1
*/
( (CODE <T22710047700,2.1.131>)
  (IP-MAT (NP-NOM-2 (D^N +T+at)
		    (CP-THT-PRN *ICH*-1))
	  (BEPI ys)
	  (ADVP (ADV wislice))
	  (IP-INF (NP *-2)
		  (TO to)
		  (VB^D witanne))
	  (CP-THT-PRN-1 (C +t+at)
			(CP-THT (NP-LFD-4 (FW bissextus)
					  (, ,)
					  (CP-REL (WNP-3 0)
						  (C +te)
						  (IP-SUB (NP-NOM (PRO^N we))
							  (PP (NP *T*-3)
							      (P ymbe))
							  (BEPI synd)
							  (VAG sprecende))))
				(, ,)
				(C +t+at)
				(IP-SUB (NP-LFD *ICH*-4)
					(NP-NOM-RSP (PRO^N he))
					(VBPI gebyra+d)
					(PP (CONJ +ag+der)
					    (CONJ ge)
					    (PP (P to)
						(NP (NP-GEN (D^G +t+are) (N^G sunnan))
						    (N ryne)))
					    (CONJP (CONJ ge)
						   (PP (P to)
						       (NP (NP-GEN (D^G +t+as) (N^G monan)))))))))
	  (. .))
  (ID cobyrhtf,ByrM_1_[Baker-Lapidge]:2.1.131.667))
/*
FOOTER
  source file, hits/tokens/total
  C:\Users\Shoo\Dropbox\workspace\CorpusSearch_Auto\data\corporas\YCOE\temp1492105600559\science_astronomy_geography\cobyrhtf.o3.psd	1/1/813
*/
/*
HEADER:
source file:  C:\Users\Shoo\Dropbox\workspace\CorpusSearch_Auto\data\corporas\YCOE\temp1492105600559\science_astronomy_geography\comarvel.o23.psd
*/
/*
FOOTER
  source file, hits/tokens/total
  C:\Users\Shoo\Dropbox\workspace\CorpusSearch_Auto\data\corporas\YCOE\temp1492105600559\science_astronomy_geography\comarvel.o23.psd	0/0/163
*/
/*
HEADER:
source file:  C:\Users\Shoo\Dropbox\workspace\CorpusSearch_Auto\data\corporas\YCOE\temp1492105600559\science_astronomy_geography\cotempo.o3.psd
*/
/*
FOOTER
  source file, hits/tokens/total
  C:\Users\Shoo\Dropbox\workspace\CorpusSearch_Auto\data\corporas\YCOE\temp1492105600559\science_astronomy_geography\cotempo.o3.psd	0/0/384
*/
/*
SUMMARY:  
source files, hits/tokens/total
  C:\Users\Shoo\Dropbox\workspace\CorpusSearch_Auto\data\corporas\YCOE\temp1492105600559\science_astronomy_geography\cobyrhtf.o3.psd	1/1/813
  C:\Users\Shoo\Dropbox\workspace\CorpusSearch_Auto\data\corporas\YCOE\temp1492105600559\science_astronomy_geography\comarvel.o23.psd	0/0/163
  C:\Users\Shoo\Dropbox\workspace\CorpusSearch_Auto\data\corporas\YCOE\temp1492105600559\science_astronomy_geography\cotempo.o3.psd	0/0/384
whole search, hits/tokens/total
		1/1/1360
*/
