/*
PREFACE:  
Copyright 2010 Beth Randall
Date:  Thu Apr 13 18:57:06 BST 2017

command file:     data\searches\queries\PENN\other_adverbs.q
output file:      C:\Users\Shoo\Dropbox\workspace\CorpusSearch_Auto\data\output\13-04-2017 18.46.36.333 PPCMBE\other_adverbs\philosophy\result.out

node:   ADVP-DIR*|ADVX*|RP^DIR*
query:  (ADVP-DIR*|*DVX*|RP^DIR* Dominates  !ADVP-DIR*|ADVX*|RP^DIR*) 
*/
/*
HEADER:
source file:  C:\Users\Shoo\Dropbox\workspace\CorpusSearch_Auto\data\corporas\PPCMBE\temp1492106160469\philosophy\boethja-1897.psd
*/

/~*
'This much may well suffice to set forth the form of false happiness;
(BOETHJA-1897,95.5)
*~/
/*
21 ADVP-DIR:  21 ADVP-DIR, 23 forth
*/
( (IP-MAT-SPE (' ')
	      (NP-SBJ (D This) (Q much))
	      (MD may)
	      (ADVP (ADV well))
	      (VB suffice)
	      (IP-INF-PRP-SPE (TO to)
			      (VB set)
			      (ADVP-DIR (ADV forth))
			      (NP-OB1 (D the)
				      (N form)
				      (PP (P of)
					  (NP (ADJ false) (N happiness)))))
	      (. ;))
  (ID BOETHJA-1897,95.5))

/~*
'Yes; to this I have long been eagerly looking forward.'
(BOETHJA-1897,99.75)
*~/
/*
29 ADVP-DIR:  29 ADVP-DIR, 31 forward
*/

( (IP-MAT-SPE (' ')
	      (INTJ Yes)
	      (, ;)
	      (PP (P to)
		  (NP (D this)))
	      (NP-SBJ (PRO I))
	      (HVP have)
	      (NP-MSR (ADJ long))
	      (BEN been)
	      (ADVP (ADV eagerly))
	      (VAG looking)
	      (ADVP-DIR (ADV+WARD forward))
	      (. .)
	      (' '))
  (ID BOETHJA-1897,99.75))

/~*
see how strictly and incontrovertibly thou mayst prove this our assertion that
the supreme Godhead hath fullest possession of the highest good. '
(BOETHJA-1897,103.111)
*~/
/*
13 ADVX:  13 ADVX, 15 incontrovertibly
*/

( (IP-IMP-SPE (VBI see)
	      (CP-QUE-SPE (WADVP-1 (WADV how)
				   (ADV strictly)
				   (CONJP (CONJ and)
					  (ADVX (ADV incontrovertibly))))
			  (C 0)
			  (IP-SUB-SPE (ADVP *T*-1)
				      (NP-SBJ (PRO thou))
				      (MD mayst)
				      (VB prove)
				      (NP-OB1 (D this)
					      (NP-PRN (PRO$ our)
						      (N assertion)
						      (CP-THT-SPE (C that)
								  (IP-SUB-SPE (NP-SBJ (D the) (ADJ supreme) (NPR Godhead))
									      (HVP hath)
									      (NP-OB1 (ADJS fullest)
										      (N possession)
										      (PP (P of)
											  (NP (D the) (ADJS highest) (N good))))))))))
	      (. .)
	      (' '))
  (ID BOETHJA-1897,103.111))

/~*
and if you try to transplant these elsewhere, they wither away.
(BOETHJA-1897,112.221)
*~/
/*
24 ADVP-DIR:  24 ADVP-DIR, 26 elsewhere
34 ADVP-DIR:  34 ADVP-DIR, 36 away
*/

( (IP-MAT-SPE (CONJ and)
	      (PP (P if)
		  (CP-ADV-SPE (C 0)
			      (IP-SUB-SPE (NP-SBJ (PRO you))
					  (VBP try)
					  (IP-INF-SPE (TO to)
						      (VB transplant)
						      (NP-OB1 (D these))
						      (ADVP-DIR (ADV+WADV elsewhere))))))
	      (, ,)
	      (NP-SBJ (PRO they))
	      (VBP wither)
	      (ADVP-DIR (ADV away))
	      (. .))
  (ID BOETHJA-1897,112.221))

/~*
Why do the flames shoot lightly upward, while the earth presses downward with
its weight, if it is not that these motions and situations are suitable to
their respective natures?
(BOETHJA-1897,113.229)
*~/
/*
20 ADVP-DIR:  20 ADVP-DIR, 22 upward
39 ADVP-DIR:  39 ADVP-DIR, 41 downward
*/

( (CP-QUE-SPE (WADVP-1 (WADV Why))
	      (IP-SUB-SPE (ADVP *T*-1)
			  (DOP do)
			  (NP-SBJ (D the) (NS flames))
			  (VB shoot)
			  (ADVP (ADV lightly))
			  (ADVP-DIR (RP+WARD upward))
			  (, ,)
			  (PP (P while)
			      (CP-ADV-SPE (C 0)
					  (IP-SUB-SPE (NP-SBJ (D the) (N earth))
						      (VBP presses)
						      (ADVP-DIR (RP+WARD downward))
						      (PP (P with)
							  (NP (PRO$ its) (N weight))))))
			  (, ,)
			  (PP (P if)
			      (CP-ADV-SPE (C 0)
					  (IP-SUB-SPE (NP-SBJ-2 (PRO it))
						      (BEP is)
						      (NEG not)
						      (CP-THT-SPE-2 (C that)
								    (IP-SUB-SPE (NP-SBJ (D these)
											(NS motions)
											(CONJP (CONJ and)
											       (NX (NS situations))))
										(BEP are)
										(ADJP (ADJ suitable)
										      (PP (P to)
											  (NP (PRO$ their) (ADJ respective) (NS natures))))))))))
	      (. ?))
  (ID BOETHJA-1897,113.229))

/~*
but swiftly flow back
(BOETHJA-1897,113.233)
*~/
/*
11 ADVP-DIR:  11 ADVP-DIR, 13 back
*/

( (IP-MAT-SPE (CONJ but)
	      (NP-SBJ *con*)
	      (ADVP (ADV swiftly))
	      (VBP flow)
	      (ADVP-DIR (ADV back)))
  (ID BOETHJA-1897,113.233))

/~*
Yet if that licence which thou believest to be permitted to them were taken
away, the punishment of the wicked would be in great part remitted.
(BOETHJA-1897,144.271)
*~/
/*
48 ADVP-DIR:  48 ADVP-DIR, 50 away
*/

( (IP-MAT-SPE (ADVP (ADV Yet))
	      (PP (P if)
		  (CP-ADV-SPE (C 0)
			      (IP-SUB-SPE (NP-SBJ (D that)
						  (N licence)
						  (CP-REL-SPE (WNP-1 (WPRO which))
							      (C 0)
							      (IP-SUB-SPE (NP-SBJ (PRO thou))
									  (VBP believest)
									  (IP-INF-SPE (NP-SBJ *T*-1)
										      (TO to)
										      (BE be)
										      (VAN permitted)
										      (PP (P to)
											  (NP (PRO them)))))))
					  (BED were)
					  (VAN taken)
					  (ADVP-DIR (ADV away)))))
	      (, ,)
	      (NP-SBJ (D the)
		      (N punishment)
		      (PP (P of)
			  (NP (D the) (ADJ wicked))))
	      (MD would)
	      (BE be)
	      (PP (P in)
		  (NP (ADJ great) (N part)))
	      (VAN remitted)
	      (. .))
  (ID BOETHJA-1897,144.271))

/~*
advocates try to arouse the commiseration of the judges for those who have
endured some grievous and cruel wrong; whereas pity is rather due to the
criminal, who ought to be brought to the judgment-seat by his accusers in a
spirit not of anger, but of compassion and kindness, as a sick man to the
physician, to have the ulcer of his fault cut away by punishment. Whereby, the
business of the advocate would either wholly come to a standstill, or, did men
prefer to make it serviceable to mankind, would be restricted to the practice
of accusation.
(BOETHJA-1897,150.347)
*~/
/*
202 ADVP-DIR:  202 ADVP-DIR, 204 away
*/

( (IP-MAT-SPE (NP-SBJ (NS advocates))
	      (VBP try)
	      (IP-INF-SPE (TO to)
			  (VB arouse)
			  (NP-OB1 (D the)
				  (N commiseration)
				  (PP (P of)
				      (NP (D the) (NS judges))))
			  (PP (P for)
			      (NP (D those)
				  (CP-REL-SPE (WNP-1 (WPRO who))
					      (C 0)
					      (IP-SUB-SPE (NP-SBJ *T*-1)
							  (HVP have)
							  (VBN endured)
							  (NP-OB1 (Q some)
								  (ADJP (ADJ grievous) (CONJ and) (ADJ cruel))
								  (N wrong)))))))
	      (, ;)
	      (PP (WADV+P whereas)
		  (CP-ADV-SPE (C 0)
			      (IP-SUB-SPE (NP-SBJ (N pity))
					  (BEP is)
					  (ADVP (ADVR rather))
					  (ADJP (ADJ due)
						(PP (P to)
						    (NP (D the)
							(N criminal)
							(, ,)
							(CP-REL-SPE (WNP-2 (WPRO who))
								    (C 0)
								    (IP-SUB-SPE-3 (NP-SBJ *T*-2)
										  (MD ought)
										  (TO to)
										  (BE be)
										  (VAN brought)
										  (PP (P to)
										      (NP (D the) (N+N judgment-seat)))
										  (PP (P by)
										      (NP (PRO$ his) (NS accusers)))
										  (PP (P in)
										      (NP (D a)
											  (N spirit)
											  (PP (PP (NEG not)
												  (P of)
												  (NP (N anger)))
											      (, ,)
											      (CONJP (CONJ but)
												     (PP (P of)
													 (NP (N compassion) (CONJ and) (N kindness)))))))
										  (, ,)
										  (PP (P as)
										      (CP-ADV-SPE (WADVP-4 0)
												  (C 0)
												  (IP-SUB-SPE=3 (ADVP *T*-4)
														(NP-SBJ (D a) (ADJ sick) (N man))
														(PP (P to)
														    (NP (D the) (N physician))))))
										  (, ,)
										  (IP-INF-PRP-SPE (TO to)
												  (HV have)
												  (IP-SMC-SPE (NP-SBJ (D the)
														      (N ulcer)
														      (PP (P of)
															  (NP (PRO$ his) (N fault))))
													      (VAN cut)
													      (ADVP-DIR (ADV away))
													      (PP (P by)
														  (NP (N punishment)))))
										  (, .)
										  (CP-CAR-SPE (WPP-5 (WADV+P Whereby))
											      (, ,)
											      (C 0)
											      (IP-SUB-SPE (IP-SUB-SPE (PP *T*-5)
														      (NP-SBJ (D the)
															      (N business)
															      (PP (P of)
																  (NP (D the) (N advocate))))
														      (MD would)
														      (CONJ either)
														      (ADVP (ADV wholly))
														      (VB come)
														      (PP (P to)
															  (NP (D a) (N standstill))))
													  (, ,)
													  (CONJP (CONJ or)
														 (, ,)
														 (IP-SUB-SPE (PP *T*-5)
															     (CP-ADV-SPE (C 0)
																	 (IP-SUB-SPE (DOD did)
																		     (NP-SBJ (NS men))
																		     (VB prefer)
																		     (IP-INF-SPE (TO to)
																				 (VB make)
																				 (IP-SMC-SPE (NP-SBJ (PRO it))
																					     (ADJP (ADJ serviceable)
																						   (PP (P to)
																						       (NP (N+N mankind))))))))
															     (, ,)
															     (NP-SBJ *con*)
															     (MD would)
															     (BE be)
															     (VAN restricted)
															     (PP (P to)
																 (NP (D the)
																     (N practice)
																     (PP (P of)
																	 (NP (N accusation)))))))))))))))))
	      (. .))
  (ID BOETHJA-1897,150.347))

/~*
Such is its nature that, as fast as one doubt is cut away, innumerable others
spring up like Hydra's heads,
(BOETHJA-1897,155.362)
*~/
/*
45 ADVP-DIR:  45 ADVP-DIR, 47 away
*/

( (IP-MAT-SPE (ADJP (SUCH Such)
		    (CP-DEG-SPE *ICH*-1))
	      (BEP is)
	      (NP-SBJ (PRO$ its) (N nature))
	      (CP-DEG-SPE-1 (C that)
			    (, ,)
			    (IP-SUB-SPE (ADVP (ADVR as)
					      (ADV fast)
					      (PP (P as)
						  (CP-CMP-SPE (WADVP-2 0)
							      (C 0)
							      (IP-SUB-SPE (ADVP *T*-2)
									  (NP-SBJ (ONE one) (N doubt))
									  (BEP is)
									  (VAN cut)
									  (ADVP-DIR (ADV away))))))
					(, ,)
					(NP-SBJ (ADJ innumerable) (OTHERS others))
					(VBP spring)
					(RP up)
					(ADJP-SPR (ADJ like)
						  (NP (NPR$ Hydra's) (NS heads)))))
	      (. ,))
  (ID BOETHJA-1897,155.362))

/~*
Accordingly, the world is ruled for the best if this unity abiding in the
Divine mind puts forth an inflexible order of causes.
(BOETHJA-1897,158.393)
*~/
/*
51 ADVP-DIR:  51 ADVP-DIR, 53 forth
*/

( (IP-MAT-SPE (ADVP (ADV Accordingly))
	      (, ,)
	      (NP-SBJ (D the) (N world))
	      (BEP is)
	      (VAN ruled)
	      (PP (P for)
		  (NP (D the) (ADJS best)))
	      (PP (P if)
		  (CP-ADV-SPE (C 0)
			      (IP-SUB-SPE (NP-SBJ (D this)
						  (N unity)
						  (RRC (VAG abiding)
						       (PP (P in)
							   (NP (D the) (ADJ Divine) (N mind)))))
					  (VBP puts)
					  (ADVP-DIR (ADV forth))
					  (NP-OB1 (D an)
						  (ADJ inflexible)
						  (N order)
						  (PP (P of)
						      (NP (NS causes)))))))
	      (. .))
  (ID BOETHJA-1897,158.393))

/~*
far less can this order which sets out from the supreme centre of good turn
aside anywhither from the way in which it began. '
(BOETHJA-1897,159.399)
*~/
/*
49 ADVP-DIR:  49 ADVP-DIR, 51 anywhither
*/

( (IP-MAT-SPE (NP-MSR (NP-MSR (ADJ far))
		      (QR less))
	      (MD can)
	      (NP-SBJ (D this)
		      (N order)
		      (CP-REL-SPE (WNP-1 (WPRO which))
				  (C 0)
				  (IP-SUB-SPE (NP-SBJ *T*-1)
					      (VBP sets)
					      (RP out)
					      (PP (P from)
						  (NP (D the)
						      (ADJ supreme)
						      (N centre)
						      (PP (P of)
							  (NP (N good))))))))
	      (VB turn)
	      (PP (P+N aside))
	      (ADVP-DIR (Q+WADV anywhither))
	      (PP (P from)
		  (NP (D the)
		      (N way)
		      (CP-REL-SPE (WPP-2 (P in)
					 (WNP (WPRO which)))
				  (C 0)
				  (IP-SUB-SPE (PP *T*-2)
					      (NP-SBJ (PRO it))
					      (VBD began)))))
	      (. .)
	      (' '))
  (ID BOETHJA-1897,159.399))

/~*
And He looks forth from the lofty watch-tower of His providence,
(BOETHJA-1897,160.411)
*~/
/*
9 ADVP-DIR:  9 ADVP-DIR, 11 forth
*/

( (IP-MAT-SPE (CONJ And)
	      (NP-SBJ (PRO He))
	      (VBP looks)
	      (ADVP-DIR (ADV forth))
	      (PP (P from)
		  (NP (D the)
		      (ADJ lofty)
		      (N+N watch-tower)
		      (PP (P of)
			  (NP (PRO$ His) (N providence)))))
	      (. ,))
  (ID BOETHJA-1897,160.411))

/~*
Hence it is that this supreme providence brings to pass this notable marvel -
that the bad make the bad good.
(BOETHJA-1897,163.451)
*~/
/*
16 ADVP-DIR:  16 ADVP-DIR, 17 *T*-1
*/

( (IP-MAT-SPE (ADVP (ADV Hence))
	      (NP-SBJ (PRO it))
	      (BEP is)
	      (CP-CLF-SPE (WADVP-1 0)
			  (C that)
			  (IP-SUB-SPE (ADVP-DIR *T*-1)
				      (NP-SBJ (D this) (ADJ supreme) (N providence))
				      (VBP brings)
				      (IP-INF-SPE (TO to) (VB pass))
				      (NP-OB1 (D this)
					      (ADJ notable)
					      (N marvel)
					      (, -)
					      (CP-THT-PRN-SPE (C that)
							      (IP-SUB-SPE (NP-SBJ (D the) (ADJ bad))
									  (VBP make)
									  (IP-SMC-SPE (NP-SBJ (D the) (ADJ bad))
										      (ADJP (ADJ good))))))))
	      (. .))
  (ID BOETHJA-1897,163.451))

/~*
Nor, truly, is it lawful for man to compass in thought all the mechanism of
the Divine work, or set it forth in speech.
(BOETHJA-1897,163.457)
*~/
/*
66 ADVP-DIR:  66 ADVP-DIR, 68 forth
*/

( (IP-MAT-SPE (CONJ Nor)
	      (, ,)
	      (ADVP (ADV truly))
	      (, ,)
	      (BEP is)
	      (NP-SBJ-1 (PRO it))
	      (ADJP (ADJ lawful))
	      (IP-INF-SPE-1 (IP-INF-SPE (FOR for)
					(NP-SBJ (N man))
					(TO to)
					(VB compass)
					(PP (P in)
					    (NP (N thought)))
					(NP-OB1 (Q all)
						(D the)
						(N mechanism)
						(PP (P of)
						    (NP (D the) (ADJ Divine) (N work)))))
			    (, ,)
			    (CONJP (CONJ or)
				   (IP-INF-SPE (TO *)
					       (VB set)
					       (NP-OB1 (PRO it))
					       (ADVP-DIR (ADV forth))
					       (PP (P in)
						   (NP (N speech))))))
	      (. .))
  (ID BOETHJA-1897,163.457))
/*
FOOTER
  source file, hits/tokens/total
  C:\Users\Shoo\Dropbox\workspace\CorpusSearch_Auto\data\corporas\PPCMBE\temp1492106160469\philosophy\boethja-1897.psd	16/14/463
*/
/*
HEADER:
source file:  C:\Users\Shoo\Dropbox\workspace\CorpusSearch_Auto\data\corporas\PPCMBE\temp1492106160469\philosophy\boethri-1785.psd
*/

/~*
and immediately warbled forth, with delightful melody, the following hymn:
(BOETHRI-1785,109.85)
*~/
/*
11 ADVP-DIR:  11 ADVP-DIR, 13 forth
*/

( (IP-MAT (CONJ and)
	  (NP-SBJ *con*)
	  (ADVP-TMP (ADV immediately))
	  (VBD warbled)
	  (ADVP-DIR (ADV forth))
	  (, ,)
	  (PP (P with)
	      (NP (ADJ delightful) (N melody)))
	  (, ,)
	  (NP-OB1 (D the) (VAG following) (N hymn))
	  (. :))
  (ID BOETHRI-1785,109.85))

/~*
for if you take away perfection, imperfection ceases to exist,
(BOETHRI-1785,111.94)
*~/
/*
16 ADVP-DIR:  16 ADVP-DIR, 18 away
*/

( (IP-MAT-SPE (CONJ for)
	      (PP (P if)
		  (CP-ADV-SPE (C 0)
			      (IP-SUB-SPE (NP-SBJ (PRO you))
					  (VBP take)
					  (ADVP-DIR (ADV away))
					  (NP-OB1 (N perfection)))))
	      (, ,)
	      (NP-SBJ (N imperfection))
	      (VBP ceases)
	      (IP-INF-SPE (TO to) (VB exist))
	      (. ,))
  (ID BOETHRI-1785,111.94))

/~*
some are found sprouting forth among rocks;
(BOETHRI-1785,122.225)
*~/
/*
12 ADVP-DIR:  12 ADVP-DIR, 14 forth
*/

( (IP-MAT-SPE (NP-SBJ (Q some))
	      (BEP are)
	      (VAN found)
	      (IP-PPL-SPE (VAG sprouting)
			  (ADVP-DIR (ADV forth)))
	      (PP (P among)
		  (NP (NS rocks)))
	      (. ;))
  (ID BOETHRI-1785,122.225))

/~*
Why does flame mount upwards by its levity, and the earth gravitate to the
center by its weight, if it is not because these motions and tendencies are
agreeable to their respective natures?
(BOETHRI-1785,123.235)
*~/
/*
16 ADVP-DIR:  16 ADVP-DIR, 18 upwards
*/

( (CP-QUE-SPE (WADVP-1 (WADV Why))
	      (IP-SUB-SPE (IP-SUB-SPE-2 (ADVP *T*-1)
					(DOP does)
					(NP-SBJ (N flame))
					(VB mount)
					(ADVP-DIR (RP+WARD upwards))
					(PP (P by)
					    (NP (PRO$ its) (N levity))))
			  (, ,)
			  (CONJP (CONJ and)
				 (IP-SUB-SPE=2 (NP-SBJ (D the) (N earth))
					       (VB gravitate)
					       (PP (P to)
						   (NP (D the) (N center)))
					       (PP (P by)
						   (NP (PRO$ its) (N weight)))
					       (, ,)
					       (PP (P if)
						   (CP-ADV-SPE (C 0)
							       (IP-SUB-SPE (NP-SBJ (PRO it))
									   (BEP is)
									   (NEG not)
									   (PP (P+N because)
									       (CODE <P_123>)
									       (CP-ADV-SPE (C 0)
											   (IP-SUB-SPE (NP-SBJ (D these)
													       (NS motions)
													       (CONJP (CONJ and)
														      (NX (NS tendencies))))
												       (BEP are)
												       (ADJP (ADJ agreeable)
													     (PP (P to)
														 (NP (PRO$ their) (ADJ respective) (NS natures)))))))))))))
	      (. ?))
  (ID BOETHRI-1785,123.235))

/~*
Hence it is, that the will, induced by powerful reasons, sometimes chuses and
embraces death, altho' nature dreads and abhors it;
(BOETHRI-1785,123.244)
*~/
/*
18 ADVP-DIR:  18 ADVP-DIR, 19 *T*-1
*/

( (IP-MAT-SPE (ADVP (ADV Hence))
	      (NP-SBJ (PRO it))
	      (BEP is)
	      (, ,)
	      (CP-CLF-SPE (WADVP-1 0)
			  (C that)
			  (IP-SUB-SPE (ADVP-DIR *T*-1)
				      (NP-SBJ (D the) (N will))
				      (, ,)
				      (IP-PPL-SPE (VAN induced)
						  (PP (P by)
						      (NP (ADJ powerful) (NS reasons))))
				      (, ,)
				      (NP-TMP (Q+NS sometimes))
				      (VBP (VBP chuses) (CONJ and) (VBP embraces))
				      (NP-OB1 (N death))
				      (, ,)
				      (PP (P altho')
					  (CP-ADV-SPE (C 0)
						      (IP-SUB-SPE (NP-SBJ (N nature))
								  (VBP (VBP dreads) (CONJ and) (VBP abhors))
								  (NP-OB1 (PRO it)))))))
	      (. ;))
  (ID BOETHRI-1785,123.244))

/~*
for there is nothing that glides away in the narrow bounds of human life,
however slow and imperceptible its progress may be, which to an immortal soul
can appear to have a very long duration.
(BOETHRI-1785,153.284)
*~/
/*
22 ADVP-DIR:  22 ADVP-DIR, 24 away
*/

( (IP-MAT-SPE (CONJ for)
	      (NP-SBJ-1 (EX there))
	      (BEP is)
	      (NP-1 (Q+N nothing)
		    (CP-REL-SPE (WNP-2 0)
				(C that)
				(IP-SUB-SPE (NP-SBJ *T*-2)
					    (VBP glides)
					    (ADVP-DIR (ADV away))
					    (PP (P in)
						(NP (D the)
						    (ADJ narrow)
						    (NS bounds)
						    (PP (P of)
							(NP (ADJ human) (N life)))))))
		    (CP-REL-SPE *ICH*-4))
	      (, ,)
	      (NP-ADV (CP-FRL-SPE (WADJP-3 (WADV+ADV however)
					   (ADJ slow)
					   (CONJP (CONJ and)
						  (ADJX (ADJ imperceptible))))
				  (C 0)
				  (IP-SUB-SPE (ADJP *T*-3)
					      (NP-SBJ (PRO$ its) (N progress))
					      (MD may)
					      (BE be))))
	      (, ,)
	      (CP-REL-SPE-4 (WNP-5 (WPRO which))
			    (C 0)
			    (IP-SUB-SPE (NP-SBJ *T*-5)
					(PP (P to)
					    (NP (D an) (ADJ immortal) (N soul)))
					(MD can)
					(VB appear)
					(IP-INF-SPE (TO to)
						    (HV have)
						    (NP-OB1 (D a)
							    (ADJP (ADV very) (ADJ long))
							    (N duration)))))
	      (. .))
  (ID BOETHRI-1785,153.284))

/~*
but Destiny gives motion to every particular thing, in the mean time appointed
and in the place and under the form appropriated to it. So that the model of
this order of things, when we consider it, as wrapt up in the divine
Intelligence, is Providence; whereas the accomplishment of the same order,
drawn forth and executed in the course of time, is Destiny.
(BOETHRI-1785,167.381)
*~/
/*
172 ADVP-DIR:  172 ADVP-DIR, 174 forth
*/

( (IP-MAT-SPE (CONJ but)
	      (NP-SBJ (N Destiny))
	      (VBP gives)
	      (NP-OB1 (N motion))
	      (PP (P to)
		  (NP (Q every) (ADJ particular) (N thing)))
	      (, ,)
	      (PP (PP (P in)
		      (NP (D the)
			  (ADJ mean)
			  (N time)
			  (RRC (VAN appointed))))
		  (CONJP (CONJ and)
			 (PP (PP (P in)
				 (NP (D the) (N place)))
			     (CONJP (CONJ and)
				    (PP (P under)
					(NP (D the)
					    (N form)
					    (RRC (VAN appropriated)
						 (PP (P to)
						     (NP (PRO it))))))))))
	      (, .)
	      (PP (P So)
		  (CP-ADV-SPE (C that)
			      (IP-SUB-SPE (NP-SBJ (D the)
						  (N model)
						  (PP (P of)
						      (NP (D this)
							  (N order)
							  (PP (P of)
							      (NP (NS things))))))
					  (, ,)
					  (PP (P when)
					      (CP-ADV-SPE (C 0)
							  (IP-SUB-SPE (NP-SBJ (PRO we))
								      (VBP consider)
								      (NP-OB1 (PRO it))
								      (, ,)
								      (PP (P as)
									  (IP-PPL-SPE (VAN wrapt)
										      (RP up)
										      (PP (P in)
											  (NP (D the) (ADJ divine) (N Intelligence))))))))
					  (, ,)
					  (BEP is)
					  (NP-OB1 (N Providence)))))
	      (, ;)
	      (PP (WADV+P whereas)
		  (CP-ADV-SPE (C 0)
			      (IP-SUB-SPE (NP-SBJ (D the)
						  (N accomplishment)
						  (PP (P of)
						      (NP (D the) (ADJ same) (N order)))
						  (, ,)
						  (RRC (RRC (VAN drawn)
							    (ADVP-DIR (ADV forth)))
						       (CONJP (CONJ and)
							      (RRC (VAN executed)
								   (PP (P in)
								       (NP (D the)
									   (N course)
									   (PP (P of)
									       (NP (N time)))))))))
					  (, ,)
					  (BEP is)
					  (NP-OB1 (N Destiny)))))
	      (. .))
  (ID BOETHRI-1785,167.381))

/~*
for there is nothing done merely for the sake of evil, even by the wicked
themselves, who in their researches after good, as I have clearly proved to
you, are led astray from it by delusive error; but in no wise by that pure
order which flows from the centre of the Supreme Goodness, which $can $not
possibly mislead any creature from its origin.
(BOETHRI-1785,171.404)
*~/
/*
107 ADVP-DIR:  107 ADVP-DIR, 115 it
*/

( (IP-MAT-SPE (CONJ for)
	      (NP-SBJ-1 (EX there))
	      (BEP is)
	      (NP-1 (Q+N nothing))
	      (DAN done)
	      (ADVP (ADV merely))
	      (PP (P for)
		  (NP (D the)
		      (N sake)
		      (PP (P of)
			  (NP (N evil)))))
	      (, ,)
	      (PP (FP even)
		  (P by)
		  (NP (D the)
		      (ADJ wicked)
		      (NP-PRN (PRO+N themselves))
		      (, ,)
		      (CP-REL-SPE (WNP-2 (WPRO who))
				  (C 0)
				  (IP-SUB-SPE (IP-SUB-SPE-3 (NP-SBJ *T*-2)
							    (PP (P in)
								(NP (PRO$ their)
								    (NS researches)
								    (PP (P after)
									(NP (N good)))))
							    (, ,)
							    (PP (P as)
								(CP-ADV-SPE (WNP-4 0)
									    (C 0)
									    (IP-SUB-SPE (NP-OB1 *T*-4)
											(NP-SBJ (PRO I))
											(HVP have)
											(ADVP (ADV clearly))
											(VBN proved)
											(PP (P to)
											    (NP (PRO you))))))
							    (, ,)
							    (BEP are)
							    (VAN led)
							    (ADVP-DIR (ADV astray)
								      (PP (P from)
									  (NP (PRO it))))
							    (PP (P by)
								(NP (ADJ delusive) (N error))))
					      (, ;)
					      (CONJP (CONJ but)
						     (IP-SUB-SPE=3 (PP (P in)
								       (NP (Q no) (N wise)))
								   (PP (P by)
								       (NP (D that)
									   (ADJ pure)
									   (N order)
									   (CP-REL-SPE (WNP-5 (WPRO which))
										       (C 0)
										       (IP-SUB-SPE (NP-SBJ *T*-5)
												   (VBP flows)
												   (PP (P from)
												       (NP (D the)
													   (N centre)
													   (PP (P of)
													       (NP (D the) (ADJ Supreme) (N Goodness)))))))
									   (, ,)
									   (CP-REL-SPE (WNP-6 (WPRO which))
										       (C 0)
										       (IP-SUB-SPE (NP-SBJ *T*-6)
												   (MD $can)
												   (NEG $not)
												   (CODE {TEXT:cannot})
												   (ADVP (ADV possibly))
												   (VB mislead)
												   (NP-OB1 (Q any) (N creature))
												   (PP (P from)
												       (NP (PRO$ its) (N origin)))))))))))))
	      (. .))
  (ID BOETHRI-1785,171.404))
/*
FOOTER
  source file, hits/tokens/total
  C:\Users\Shoo\Dropbox\workspace\CorpusSearch_Auto\data\corporas\PPCMBE\temp1492106160469\philosophy\boethri-1785.psd	8/8/459
*/
/*
SUMMARY:  
source files, hits/tokens/total
  C:\Users\Shoo\Dropbox\workspace\CorpusSearch_Auto\data\corporas\PPCMBE\temp1492106160469\philosophy\boethja-1897.psd	16/14/463
  C:\Users\Shoo\Dropbox\workspace\CorpusSearch_Auto\data\corporas\PPCMBE\temp1492106160469\philosophy\boethri-1785.psd	8/8/459
whole search, hits/tokens/total
		24/22/922
*/
