/*
PREFACE:  
Copyright 2010 Beth Randall
Date:  Thu Apr 13 19:02:31 BST 2017

command file:     data\searches\queries\PENN\progressive_forms_in_prepositional_phrases_appositive_parenthetical.q
output file:      C:\Users\Shoo\Dropbox\workspace\CorpusSearch_Auto\data\output\13-04-2017 18.46.36.333 PPCME2\progressive_forms_in_prepositional_phrases_appositive_parenthetical\medicine_handbooks_religious_and_educational_treatises\result.out

node:   PP-*PRN*|BAG*|HAG*|VAG*|DAG*
query:  (BAG*|HAG*|VAG*|DAG* Dominates  !BAG*|HAG*|VAG*|DAG*) 
  AND  (PP-*PRN* Dominates  BAG*|HAG*|VAG*|DAG*) 
*/
/*
HEADER:
source file:  C:\Users\Shoo\Dropbox\workspace\CorpusSearch_Auto\data\corporas\PPCME2\temp1492106398658\medicine_handbooks_religious_and_educational_treatises\cmaelr4.m4.psd
*/
/*
FOOTER
  source file, hits/tokens/total
  C:\Users\Shoo\Dropbox\workspace\CorpusSearch_Auto\data\corporas\PPCME2\temp1492106398658\medicine_handbooks_religious_and_educational_treatises\cmaelr4.m4.psd	0/0/767
*/
/*
HEADER:
source file:  C:\Users\Shoo\Dropbox\workspace\CorpusSearch_Auto\data\corporas\PPCME2\temp1492106398658\medicine_handbooks_religious_and_educational_treatises\cmancriw-1.m1.psd
*/
/*
FOOTER
  source file, hits/tokens/total
  C:\Users\Shoo\Dropbox\workspace\CorpusSearch_Auto\data\corporas\PPCME2\temp1492106398658\medicine_handbooks_religious_and_educational_treatises\cmancriw-1.m1.psd	0/0/3558
*/
/*
HEADER:
source file:  C:\Users\Shoo\Dropbox\workspace\CorpusSearch_Auto\data\corporas\PPCME2\temp1492106398658\medicine_handbooks_religious_and_educational_treatises\cmancriw-2.m1.psd
*/
/*
FOOTER
  source file, hits/tokens/total
  C:\Users\Shoo\Dropbox\workspace\CorpusSearch_Auto\data\corporas\PPCME2\temp1492106398658\medicine_handbooks_religious_and_educational_treatises\cmancriw-2.m1.psd	0/0/1163
*/
/*
HEADER:
source file:  C:\Users\Shoo\Dropbox\workspace\CorpusSearch_Auto\data\corporas\PPCME2\temp1492106398658\medicine_handbooks_religious_and_educational_treatises\cmayenbi.m2.psd
*/
/*
FOOTER
  source file, hits/tokens/total
  C:\Users\Shoo\Dropbox\workspace\CorpusSearch_Auto\data\corporas\PPCME2\temp1492106398658\medicine_handbooks_religious_and_educational_treatises\cmayenbi.m2.psd	0/0/2757
*/
/*
HEADER:
source file:  C:\Users\Shoo\Dropbox\workspace\CorpusSearch_Auto\data\corporas\PPCME2\temp1492106398658\medicine_handbooks_religious_and_educational_treatises\cmcloud.m3.psd
*/
/*
FOOTER
  source file, hits/tokens/total
  C:\Users\Shoo\Dropbox\workspace\CorpusSearch_Auto\data\corporas\PPCME2\temp1492106398658\medicine_handbooks_religious_and_educational_treatises\cmcloud.m3.psd	0/0/828
*/
/*
HEADER:
source file:  C:\Users\Shoo\Dropbox\workspace\CorpusSearch_Auto\data\corporas\PPCME2\temp1492106398658\medicine_handbooks_religious_and_educational_treatises\cmctpars.m3.psd
*/

/~*
And everich of thise chief synnes hath his braunches and his twigges, as shal
be declared in hire chapitres folwynge.
(CMCTPARS,299.C1b.468)
*~/
/*
61 VAG:  61 VAG, 62 folwynge, 35 PP-PRN
*/
( (IP-MAT (CONJ And)
	  (NP-SBJ (Q everich)
		  (PP (P of)
		      (NP (D thise) (ADJ chief) (NS synnes))))
	  (HVP hath)
	  (NP-OB1 (NP (PRO$ his) (NS braunches))
		  (CONJP (CONJ and)
			 (NP (PRO$ his) (NS twigges))))
	  (, ,)
	  (PP-PRN (P as)
		  (CP-ADV (WNP-1 0)
			  (C 0)
			  (IP-SUB (NP-SBJ *T*-1)
				  (MD shal)
				  (BE be)
				  (VAN declared)
				  (PP (P in)
				      (NP (PRO$ hire)
					  (NS chapitres)
					  (RRC (VAG folwynge)))))))
	  (. .))
  (ID CMCTPARS,299.C1b.468))
/*
FOOTER
  source file, hits/tokens/total
  C:\Users\Shoo\Dropbox\workspace\CorpusSearch_Auto\data\corporas\PPCME2\temp1492106398658\medicine_handbooks_religious_and_educational_treatises\cmctpars.m3.psd	1/1/1674
*/
/*
HEADER:
source file:  C:\Users\Shoo\Dropbox\workspace\CorpusSearch_Auto\data\corporas\PPCME2\temp1492106398658\medicine_handbooks_religious_and_educational_treatises\cmedthor.m34.psd
*/
/*
FOOTER
  source file, hits/tokens/total
  C:\Users\Shoo\Dropbox\workspace\CorpusSearch_Auto\data\corporas\PPCME2\temp1492106398658\medicine_handbooks_religious_and_educational_treatises\cmedthor.m34.psd	0/0/795
*/
/*
HEADER:
source file:  C:\Users\Shoo\Dropbox\workspace\CorpusSearch_Auto\data\corporas\PPCME2\temp1492106398658\medicine_handbooks_religious_and_educational_treatises\cmedvern.m3.psd
*/
/*
FOOTER
  source file, hits/tokens/total
  C:\Users\Shoo\Dropbox\workspace\CorpusSearch_Auto\data\corporas\PPCME2\temp1492106398658\medicine_handbooks_religious_and_educational_treatises\cmedvern.m3.psd	0/0/936
*/
/*
HEADER:
source file:  C:\Users\Shoo\Dropbox\workspace\CorpusSearch_Auto\data\corporas\PPCME2\temp1492106398658\medicine_handbooks_religious_and_educational_treatises\cmhali.m1.psd
*/
/*
FOOTER
  source file, hits/tokens/total
  C:\Users\Shoo\Dropbox\workspace\CorpusSearch_Auto\data\corporas\PPCME2\temp1492106398658\medicine_handbooks_religious_and_educational_treatises\cmhali.m1.psd	0/0/511
*/
/*
HEADER:
source file:  C:\Users\Shoo\Dropbox\workspace\CorpusSearch_Auto\data\corporas\PPCME2\temp1492106398658\medicine_handbooks_religious_and_educational_treatises\cmhilton.m34.psd
*/
/*
FOOTER
  source file, hits/tokens/total
  C:\Users\Shoo\Dropbox\workspace\CorpusSearch_Auto\data\corporas\PPCME2\temp1492106398658\medicine_handbooks_religious_and_educational_treatises\cmhilton.m34.psd	0/0/218
*/
/*
HEADER:
source file:  C:\Users\Shoo\Dropbox\workspace\CorpusSearch_Auto\data\corporas\PPCME2\temp1492106398658\medicine_handbooks_religious_and_educational_treatises\cmhorses.m3.psd
*/

/~*
& of +te same cause +tat +te mangew wol gendre so wol +tis. of bi-stonding bi
a schabbed hors or bi gnappynge of an hors. or if he be whiped with a wippis
curreyed with a combe +tat a schabbed hors ha+t be curreyd with. or if he ete
of +te corn or of +te hey +tat a schabbed hors ha+t ymoneld on bi-fore. or if
+te oynde of a schabbed hors come+t muche in his nose.
(CMHORSES,105.198)
*~/
/*
52 VAG:  52 VAG, 53 bi-stonding, 47 PP-PRN
*/

( (IP-MAT (CONJ &)
	  (PP (P of)
	      (NP (D +te)
		  (ADJ same)
		  (N cause)
		  (CP-REL (WNP-1 0)
			  (C +tat)
			  (IP-SUB (PP (P (CODE {of}))
				      (NP *T*-1))
				  (NP-SBJ (D +te) (N mangew))
				  (MD wol)
				  (VB gendre)))))
	  (ADVP (ADV so))
	  (MD wol)
	  (VB *)
	  (NP-SBJ (D +tis))
	  (, .)
	  (PP-PRN (PP (P of)
		      (NP (VAG bi-stonding)
			  (PP (P bi)
			      (NP (D a) (VAN schabbed) (N hors)))))
		  (CONJP (CONJ or)
			 (PP (P bi)
			     (NP (N gnappynge)
				 (PP (P of)
				     (NP (D an) (N hors))))))
		  (, .)
		  (CONJP (CONJ or)
			 (PP (P if)
			     (CP-ADV (C 0)
				     (IP-SUB (IP-SUB-2 (NP-SBJ (PRO he))
						       (BEP be)
						       (VAN whiped)
						       (PP (P with)
							   (NP (D a) (NS wippis))))
					     (CONJP (IP-SUB=2 (VAN curreyed)
							      (PP (P with)
								  (NP (D a)
								      (N combe)
								      (CP-REL (WNP-3 0)
									      (C +tat)
									      (IP-SUB (NP-SBJ (D a) (VAN schabbed) (CODE <P_105>) (N hors))
										      (HVP ha+t)
										      (BEN be)
										      (VAN curreyd)
										      (PP (P with)
											  (NP *T*-3))))))))))))
		  (, .)
		  (CONJP (CONJ or)
			 (PP (P if)
			     (CP-ADV (C 0)
				     (IP-SUB (NP-SBJ (PRO he))
					     (VBP ete)
					     (PP (PP (P of)
						     (NP (D +te) (N corn)))
						 (CONJP (CONJ or)
							(PP (P of)
							    (NP (D +te) (N hey))))
						 (CP-REL (WNP-4 0)
							 (C +tat)
							 (IP-SUB (NP-SBJ (D a) (VAN schabbed) (N hors))
								 (HVP ha+t)
								 (VBN ymoneld)
								 (PP (P on)
								     (NP *T*-4))
								 (ADVP-TMP (ADV bi-fore)))))))))
		  (, .)
		  (CONJP (CONJ or)
			 (PP (P if)
			     (CP-ADV (C 0)
				     (IP-SUB (NP-SBJ (D +te)
						     (N oynde)
						     (PP (P of)
							 (NP (D a) (VAN schabbed) (N hors))))
					     (VBP come+t)
					     (NP-MSR (Q muche))
					     (PP (P in)
						 (NP (PRO$ his) (N nose))))))))
	  (. .))
  (ID CMHORSES,105.198))
/*
FOOTER
  source file, hits/tokens/total
  C:\Users\Shoo\Dropbox\workspace\CorpusSearch_Auto\data\corporas\PPCME2\temp1492106398658\medicine_handbooks_religious_and_educational_treatises\cmhorses.m3.psd	1/1/422
*/
/*
HEADER:
source file:  C:\Users\Shoo\Dropbox\workspace\CorpusSearch_Auto\data\corporas\PPCME2\temp1492106398658\medicine_handbooks_religious_and_educational_treatises\cmjulnor.m34.psd
*/
/*
FOOTER
  source file, hits/tokens/total
  C:\Users\Shoo\Dropbox\workspace\CorpusSearch_Auto\data\corporas\PPCME2\temp1492106398658\medicine_handbooks_religious_and_educational_treatises\cmjulnor.m34.psd	0/0/334
*/
/*
HEADER:
source file:  C:\Users\Shoo\Dropbox\workspace\CorpusSearch_Auto\data\corporas\PPCME2\temp1492106398658\medicine_handbooks_religious_and_educational_treatises\cmkempe.m4.psd
*/

/~*
Sche sey hem many dyuers tymes & in many dyuers placys, bo+te in chirche & in
hir chawmbre, at hir mete & in hir praerys, in felde & in towne, bothyn goyng
& syttyng.
(CMKEMPE,88.1989)
*~/
/*
103 VAG:  103 VAG, 104 goyng, 33 PP-PRN
107 VAG:  107 VAG, 108 syttyng, 33 PP-PRN
*/

( (IP-MAT (NP-SBJ (PRO Sche))
	  (VBD sey)
	  (NP-OB1 (PRO hem))
	  (NP-TMP (NP-TMP (Q many) (ADJ dyuers) (NS tymes))
		  (CONJP (CONJ &)
			 (PP (P in)
			     (NP (Q many) (ADJ dyuers) (NS placys))
			     (, ,)
			     (PP-PRN (PP (CONJ bo+te)
					 (PP (P in)
					     (NP (N chirche)))
					 (CONJP (CONJ &)
						(PP (P in)
						    (NP (PRO$ hir) (N chawmbre)))))
				     (, ,)
				     (CONJP (PP (PP (P at)
						    (NP (PRO$ hir) (N mete)))
						(CONJP (CONJ &)
						       (PP (P in)
							   (NP (PRO$ hir) (NS praerys))))))
				     (, ,)
				     (CONJP (PP (PP (P in)
						    (NP (N felde)))
						(CONJP (CONJ &)
						       (PP (P in)
							   (NP (N towne))))))
				     (, ,)
				     (CONJP (IP-PPL (VAG (CONJ bothyn) (VAG goyng) (CONJ &) (VAG syttyng))))))))
	  (. .))
  (ID CMKEMPE,88.1989))

/~*
& +tan wept sche ful sor for hir synne, preyng God of mercy & for+geuenes for
hem, seying to owr Lord, "Lord, as +tu seydyst hangyng on +te Cros for +ti
crucyfyerys,' Fadyr, for+geue hem;
(CMKEMPE,107.2447)
*~/
/*
89 VAG:  89 VAG, 90 hangyng, 72 PP-PRN
*/

( (IP-MAT (CONJ &)
	  (ADVP-TMP (ADV +tan))
	  (VBD wept)
	  (NP-SBJ (PRO sche))
	  (ADVP (ADV ful) (ADV sor))
	  (PP (P for)
	      (NP (PRO$ hir) (N synne)))
	  (, ,)
	  (IP-PPL (VAG preyng)
		  (NP-OB2 (NPR God))
		  (PP (P of)
		      (NP (N mercy)
			  (CONJ &)
			  (N for+geuenes)
			  (PP (P for)
			      (NP (PRO hem))))))
	  (, ,)
	  (IP-PPL (VAG seying)
		  (PP (P to)
		      (NP (PRO$ owr) (NPR Lord)))
		  (, ,)
		  (" ")
		  (IP-IMP-SPE (NP-VOC (NPR Lord))
			      (, ,)
			      (PP-PRN (P as)
				      (CP-ADV-SPE (WNP-1 0)
						  (C 0)
						  (IP-SUB-SPE (NP-OB1 *T*-1)
							      (NP-SBJ (PRO +tu))
							      (VBD seydyst)
							      (IP-PPL-SPE (VAG hangyng)
									  (PP (P on)
									      (NP (D +te) (NPR Cros)))
									  (PP (P for)
									      (NP (PRO$ +ti) (NS crucyfyerys)))))))
			      (, ,)
			      (' ')
			      (NP-VOC (N Fadyr))
			      (, ,)
			      (VBI for+geue)
			      (NP-OB2 (PRO hem))))
	  (. ;))
  (ID CMKEMPE,107.2447))
/*
FOOTER
  source file, hits/tokens/total
  C:\Users\Shoo\Dropbox\workspace\CorpusSearch_Auto\data\corporas\PPCME2\temp1492106398658\medicine_handbooks_religious_and_educational_treatises\cmkempe.m4.psd	3/2/3853
*/
/*
HEADER:
source file:  C:\Users\Shoo\Dropbox\workspace\CorpusSearch_Auto\data\corporas\PPCME2\temp1492106398658\medicine_handbooks_religious_and_educational_treatises\cmpurvey.m3.psd
*/

/~*
Specialy lordis setten idolis in Goddis hous, whanne thei maken vnworthi
prelatis either curatis in the chirche; for whi such vnable prelatis either
curatis ben idolis, as God seith in xj. c. of Zacarie to an vnable prelat, "A!
thou schepherde, and idole, forsakinge the floc;" wherfor Erchedekene in
Rosarie, which is oon of the famouseste doctouris, and of the popis lawe,
writith thus, "an yuel prelat is seid a rorynge lyoun, and a wolf rauysching
prey;"
(CMPURVEY,I,31.1517)
*~/
/*
152 VAG:  152 VAG, 153 forsakinge, 85 PP-PRN
*/

( (IP-MAT (ADVP (ADV Specialy))
	  (NP-SBJ (NS lordis))
	  (VBP setten)
	  (NP-OB1 (NS idolis))
	  (PP (P in)
	      (NP (NPR$ Goddis) (N hous)))
	  (, ,)
	  (PP (P whanne)
	      (CP-ADV (C 0)
		      (IP-SUB (NP-SBJ (PRO thei))
			      (VBP maken)
			      (NP-OB1 (ADJ vnworthi)
				      (NS prelatis)
				      (CONJP (CONJ either)
					     (NX (NS curatis))))
			      (PP (P in)
				  (NP (D the) (NPR chirche))))))
	  (, ;)
	  (PP (P for)
	      (WADV whi)
	      (CP-ADV (C 0)
		      (IP-SUB (NP-SBJ (SUCH such)
				      (ADJ vnable)
				      (NS prelatis)
				      (CONJP (CONJ either)
					     (NX (NS curatis))))
			      (BEP ben)
			      (NP-OB1 (NS idolis))
			      (, ,)
			      (PP-PRN (P as)
				      (CP-ADV (WNP-1 0)
					      (C 0)
					      (IP-SUB (NP-OB1 *T*-1)
						      (NP-SBJ (NPR God))
						      (VBP seith)
						      (PP (P in)
							  (NP (NUMP (NUM xj.) (N c.))
							      (PP (P of)
								  (NP (NPR Zacarie)))))
						      (PP (P to)
							  (NP (D an) (ADJ vnable) (N prelat)))
						      (, ,)
						      (QTP-PRN (FRAG (" ")
								     (INTJ A)
								     (, !)
								     (NP (PRO thou)
									 (N schepherde)
									 (, ,)
									 (CONJP (CONJ and)
										(NX (N idole))))
								     (, ,)
								     (IP-PPL (VAG forsakinge)
									     (NP-OB1 (D the) (N floc))))))))
			      (, ;)
			      (" ")
			      (CP-CAR (WPP-2 (WADV+P wherfor))
				      (C 0)
				      (IP-SUB (PP *T*-2)
					      (NP-SBJ (NPR Erchedekene)
						      (PP (P in)
							  (NP (NPR Rosarie)))
						      (, ,)
						      (CP-REL (WNP-3 (WPRO which))
							      (C 0)
							      (IP-SUB (NP-SBJ *T*-3)
								      (BEP is)
								      (NP-OB1 (ONE oon)
									      (PP (P of)
										  (NP (NP (D the) (ADJS famouseste) (NS doctouris))
										      (, ,)
										      (CONJP (CONJ and)
											     (PP (P of)
												 (NP (NP-POS (D the) (N$ popis))
												     (N lawe))))))))))
					      (, ,)
					      (VBP writith)
					      (ADVP (ADV thus))
					      (, ,)
					      (" ")
					      (IP-MAT-SPE (NP-SBJ-4 (D an) (ADJ yuel) (N prelat))
							  (BEP is)
							  (VAN seid)
							  (IP-SMC-SPE (NP-SBJ *-4)
								      (NP-OB1 (NP (D a) (VAG rorynge) (N lyoun))
									      (, ,)
									      (CONJP (CONJ and)
										     (NP (D a)
											 (N wolf)
											 (RRC (VAG rauysching)
											      (NP-OB1 (N prey)))))))))))))
	  (. ;)
	  (" "))
  (ID CMPURVEY,I,31.1517))
/*
FOOTER
  source file, hits/tokens/total
  C:\Users\Shoo\Dropbox\workspace\CorpusSearch_Auto\data\corporas\PPCME2\temp1492106398658\medicine_handbooks_religious_and_educational_treatises\cmpurvey.m3.psd	1/1/2368
*/
/*
HEADER:
source file:  C:\Users\Shoo\Dropbox\workspace\CorpusSearch_Auto\data\corporas\PPCME2\temp1492106398658\medicine_handbooks_religious_and_educational_treatises\cmreynes.m4.psd
*/
/*
FOOTER
  source file, hits/tokens/total
  C:\Users\Shoo\Dropbox\workspace\CorpusSearch_Auto\data\corporas\PPCME2\temp1492106398658\medicine_handbooks_religious_and_educational_treatises\cmreynes.m4.psd	0/0/681
*/
/*
HEADER:
source file:  C:\Users\Shoo\Dropbox\workspace\CorpusSearch_Auto\data\corporas\PPCME2\temp1492106398658\medicine_handbooks_religious_and_educational_treatises\cmrollep.m24.psd
*/
/*
FOOTER
  source file, hits/tokens/total
  C:\Users\Shoo\Dropbox\workspace\CorpusSearch_Auto\data\corporas\PPCME2\temp1492106398658\medicine_handbooks_religious_and_educational_treatises\cmrollep.m24.psd	0/0/1002
*/
/*
HEADER:
source file:  C:\Users\Shoo\Dropbox\workspace\CorpusSearch_Auto\data\corporas\PPCME2\temp1492106398658\medicine_handbooks_religious_and_educational_treatises\cmrolltr.m24.psd
*/
/*
FOOTER
  source file, hits/tokens/total
  C:\Users\Shoo\Dropbox\workspace\CorpusSearch_Auto\data\corporas\PPCME2\temp1492106398658\medicine_handbooks_religious_and_educational_treatises\cmrolltr.m24.psd	0/0/957
*/
/*
HEADER:
source file:  C:\Users\Shoo\Dropbox\workspace\CorpusSearch_Auto\data\corporas\PPCME2\temp1492106398658\medicine_handbooks_religious_and_educational_treatises\cmthorn.mx4.psd
*/
/*
FOOTER
  source file, hits/tokens/total
  C:\Users\Shoo\Dropbox\workspace\CorpusSearch_Auto\data\corporas\PPCME2\temp1492106398658\medicine_handbooks_religious_and_educational_treatises\cmthorn.mx4.psd	0/0/674
*/
/*
HEADER:
source file:  C:\Users\Shoo\Dropbox\workspace\CorpusSearch_Auto\data\corporas\PPCME2\temp1492106398658\medicine_handbooks_religious_and_educational_treatises\cmvices1.m1.psd
*/

/~*
+Ties hali mihte haue+d of +de hali gaste +trie +giues, +tat is, +tat naure
deuel ne mai hes ouercumen, +tar hie rixi+d, mid naneskennes galnesse, mid
lemes werchinde, ne mid un+deaufulle spaches specinde, ne mid fule +towtes
+tenkinde;
(CMVICES1,131.1621)
*~/
/*
93 VAG:  93 VAG, 94 werchinde, 85 PP-PRN
109 VAG:  109 VAG, 110 specinde, 85 PP-PRN
125 VAG:  125 VAG, 126 +tenkinde, 85 PP-PRN
*/

( (IP-MAT (NP-SBJ (D +Ties) (ADJ hali) (N mihte))
	  (HVP haue+d)
	  (PP (P of)
	      (NP (D +de) (NPR hali) (NPR gaste)))
	  (NP-OB1 (NUM +trie)
		  (NS +giues)
		  (, ,)
		  (IP-MAT-PRN (NP-SBJ (D +tat))
			      (BEP is)
			      (, ,)
			      (CP-THT (C +tat)
				      (IP-SUB (ADVP-TMP (ADV naure))
					      (NP-SBJ (NPR deuel))
					      (NEG ne)
					      (MD mai)
					      (NP-OB1 (PRO hes))
					      (VB ouercumen)
					      (, ,)
					      (ADVP-LOC (CP-FRL (WADVP-1 (ADV +tar))
								(C 0)
								(IP-SUB (ADVP-LOC *T*-1)
									(NP-SBJ (PRO hie))
									(VBP rixi+d))))
					      (, ,)
					      (PP (P mid)
						  (NP (NP-POS (Q+N$ naneskennes))
						      (N galnesse))
						  (, ,)
						  (PP-PRN (PP (P mid)
							      (IP-PPL (NP-OB1 (NS lemes))
								      (VAG werchinde)))
							  (, ,)
							  (CONJP (CONJ ne)
								 (PP (P mid)
								     (IP-PPL (NP-OB1 (ADJ un+deaufulle) (NS spaches))
									     (VAG specinde))))
							  (, ,)
							  (CONJP (CONJ ne)
								 (PP (P mid)
								     (IP-PPL (NP-OB1 (ADJ fule) (NS +towtes))
									     (VAG +tenkinde))))))))))
	  (. ;))
  (ID CMVICES1,131.1621))
/*
FOOTER
  source file, hits/tokens/total
  C:\Users\Shoo\Dropbox\workspace\CorpusSearch_Auto\data\corporas\PPCME2\temp1492106398658\medicine_handbooks_religious_and_educational_treatises\cmvices1.m1.psd	3/1/1893
*/
/*
HEADER:
source file:  C:\Users\Shoo\Dropbox\workspace\CorpusSearch_Auto\data\corporas\PPCME2\temp1492106398658\medicine_handbooks_religious_and_educational_treatises\cmvices4.m34.psd
*/
/*
FOOTER
  source file, hits/tokens/total
  C:\Users\Shoo\Dropbox\workspace\CorpusSearch_Auto\data\corporas\PPCME2\temp1492106398658\medicine_handbooks_religious_and_educational_treatises\cmvices4.m34.psd	0/0/364
*/
/*
SUMMARY:  
source files, hits/tokens/total
  C:\Users\Shoo\Dropbox\workspace\CorpusSearch_Auto\data\corporas\PPCME2\temp1492106398658\medicine_handbooks_religious_and_educational_treatises\cmaelr4.m4.psd	0/0/767
  C:\Users\Shoo\Dropbox\workspace\CorpusSearch_Auto\data\corporas\PPCME2\temp1492106398658\medicine_handbooks_religious_and_educational_treatises\cmancriw-1.m1.psd	0/0/3558
  C:\Users\Shoo\Dropbox\workspace\CorpusSearch_Auto\data\corporas\PPCME2\temp1492106398658\medicine_handbooks_religious_and_educational_treatises\cmancriw-2.m1.psd	0/0/1163
  C:\Users\Shoo\Dropbox\workspace\CorpusSearch_Auto\data\corporas\PPCME2\temp1492106398658\medicine_handbooks_religious_and_educational_treatises\cmayenbi.m2.psd	0/0/2757
  C:\Users\Shoo\Dropbox\workspace\CorpusSearch_Auto\data\corporas\PPCME2\temp1492106398658\medicine_handbooks_religious_and_educational_treatises\cmcloud.m3.psd	0/0/828
  C:\Users\Shoo\Dropbox\workspace\CorpusSearch_Auto\data\corporas\PPCME2\temp1492106398658\medicine_handbooks_religious_and_educational_treatises\cmctpars.m3.psd	1/1/1674
  C:\Users\Shoo\Dropbox\workspace\CorpusSearch_Auto\data\corporas\PPCME2\temp1492106398658\medicine_handbooks_religious_and_educational_treatises\cmedthor.m34.psd	0/0/795
  C:\Users\Shoo\Dropbox\workspace\CorpusSearch_Auto\data\corporas\PPCME2\temp1492106398658\medicine_handbooks_religious_and_educational_treatises\cmedvern.m3.psd	0/0/936
  C:\Users\Shoo\Dropbox\workspace\CorpusSearch_Auto\data\corporas\PPCME2\temp1492106398658\medicine_handbooks_religious_and_educational_treatises\cmhali.m1.psd	0/0/511
  C:\Users\Shoo\Dropbox\workspace\CorpusSearch_Auto\data\corporas\PPCME2\temp1492106398658\medicine_handbooks_religious_and_educational_treatises\cmhilton.m34.psd	0/0/218
  C:\Users\Shoo\Dropbox\workspace\CorpusSearch_Auto\data\corporas\PPCME2\temp1492106398658\medicine_handbooks_religious_and_educational_treatises\cmhorses.m3.psd	1/1/422
  C:\Users\Shoo\Dropbox\workspace\CorpusSearch_Auto\data\corporas\PPCME2\temp1492106398658\medicine_handbooks_religious_and_educational_treatises\cmjulnor.m34.psd	0/0/334
  C:\Users\Shoo\Dropbox\workspace\CorpusSearch_Auto\data\corporas\PPCME2\temp1492106398658\medicine_handbooks_religious_and_educational_treatises\cmkempe.m4.psd	3/2/3853
  C:\Users\Shoo\Dropbox\workspace\CorpusSearch_Auto\data\corporas\PPCME2\temp1492106398658\medicine_handbooks_religious_and_educational_treatises\cmpurvey.m3.psd	1/1/2368
  C:\Users\Shoo\Dropbox\workspace\CorpusSearch_Auto\data\corporas\PPCME2\temp1492106398658\medicine_handbooks_religious_and_educational_treatises\cmreynes.m4.psd	0/0/681
  C:\Users\Shoo\Dropbox\workspace\CorpusSearch_Auto\data\corporas\PPCME2\temp1492106398658\medicine_handbooks_religious_and_educational_treatises\cmrollep.m24.psd	0/0/1002
  C:\Users\Shoo\Dropbox\workspace\CorpusSearch_Auto\data\corporas\PPCME2\temp1492106398658\medicine_handbooks_religious_and_educational_treatises\cmrolltr.m24.psd	0/0/957
  C:\Users\Shoo\Dropbox\workspace\CorpusSearch_Auto\data\corporas\PPCME2\temp1492106398658\medicine_handbooks_religious_and_educational_treatises\cmthorn.mx4.psd	0/0/674
  C:\Users\Shoo\Dropbox\workspace\CorpusSearch_Auto\data\corporas\PPCME2\temp1492106398658\medicine_handbooks_religious_and_educational_treatises\cmvices1.m1.psd	3/1/1893
  C:\Users\Shoo\Dropbox\workspace\CorpusSearch_Auto\data\corporas\PPCME2\temp1492106398658\medicine_handbooks_religious_and_educational_treatises\cmvices4.m34.psd	0/0/364
whole search, hits/tokens/total
		9/6/25755
*/
