/*
PREFACE:  
Copyright 2010 Beth Randall
Date:  Thu Apr 13 18:58:51 BST 2017

command file:     data\searches\queries\PENN\progressive_forms_in_prepositional_phrases_appositive_parenthetical.q
output file:      C:\Users\Shoo\Dropbox\workspace\CorpusSearch_Auto\data\output\13-04-2017 18.46.36.333 PPCMBE\progressive_forms_in_prepositional_phrases_appositive_parenthetical\fiction_romances_dramacomedies_and_verse\result.out

node:   PP-*PRN*|BAG*|HAG*|VAG*|DAG*
query:  (BAG*|HAG*|VAG*|DAG* Dominates  !BAG*|HAG*|VAG*|DAG*) 
  AND  (PP-*PRN* Dominates  BAG*|HAG*|VAG*|DAG*) 
*/
/*
HEADER:
source file:  C:\Users\Shoo\Dropbox\workspace\CorpusSearch_Auto\data\corporas\PPCMBE\temp1492106160469\fiction_romances_dramacomedies_and_verse\brougham-1861.psd
*/
/*
FOOTER
  source file, hits/tokens/total
  C:\Users\Shoo\Dropbox\workspace\CorpusSearch_Auto\data\corporas\PPCMBE\temp1492106160469\fiction_romances_dramacomedies_and_verse\brougham-1861.psd	0/0/1202
*/
/*
HEADER:
source file:  C:\Users\Shoo\Dropbox\workspace\CorpusSearch_Auto\data\corporas\PPCMBE\temp1492106160469\fiction_romances_dramacomedies_and_verse\collier-1835.psd
*/
/*
FOOTER
  source file, hits/tokens/total
  C:\Users\Shoo\Dropbox\workspace\CorpusSearch_Auto\data\corporas\PPCMBE\temp1492106160469\fiction_romances_dramacomedies_and_verse\collier-1835.psd	0/0/1122
*/
/*
HEADER:
source file:  C:\Users\Shoo\Dropbox\workspace\CorpusSearch_Auto\data\corporas\PPCMBE\temp1492106160469\fiction_romances_dramacomedies_and_verse\colman-1805.psd
*/

/~*
- these charges are brought in like a bill. "To attending your ladyship, at
such a time; to dancing down twenty couple with your ladyship at another,"
(COLMAN-1805,50.993)
*~/
/*
32 VAG:  32 VAG, 33 attending, 27 PP-PRN
58 VAG:  58 VAG, 59 dancing, 27 PP-PRN
*/
( (IP-MAT (, -)
	  (NP-SBJ (D these) (NS charges))
	  (BEP are)
	  (VAN brought)
	  (RP in)
	  (ADJP-SPR (ADJ like)
		    (NP (D a) (N bill)))
	  (, .)
	  (" ")
	  (PP-PRN (PP (P To)
		      (IP-PPL (VAG attending)
			      (NP-OB1 (PRO$ your) (N ladyship))
			      (, ,)
			      (PP (P at)
				  (NP (SUCH such) (D a) (N time)))))
		  (, ;)
		  (CONJP (PP (P to)
			     (IP-PPL (VAG dancing)
				     (RP down)
				     (NP-OB1 (NUM twenty) (N couple))
				     (PP (P with)
					 (NP (PRO$ your) (N ladyship)))
				     (PP (P at)
					 (NP (D+OTHER another)))))))
	  (. ,)
	  (" "))
  (ID COLMAN-1805,50.993))
/*
FOOTER
  source file, hits/tokens/total
  C:\Users\Shoo\Dropbox\workspace\CorpusSearch_Auto\data\corporas\PPCMBE\temp1492106160469\fiction_romances_dramacomedies_and_verse\colman-1805.psd	2/1/1185
*/
/*
HEADER:
source file:  C:\Users\Shoo\Dropbox\workspace\CorpusSearch_Auto\data\corporas\PPCMBE\temp1492106160469\fiction_romances_dramacomedies_and_verse\davys-1716.psd
*/
/*
FOOTER
  source file, hits/tokens/total
  C:\Users\Shoo\Dropbox\workspace\CorpusSearch_Auto\data\corporas\PPCMBE\temp1492106160469\fiction_romances_dramacomedies_and_verse\davys-1716.psd	0/0/946
*/
/*
HEADER:
source file:  C:\Users\Shoo\Dropbox\workspace\CorpusSearch_Auto\data\corporas\PPCMBE\temp1492106160469\fiction_romances_dramacomedies_and_verse\defoe-1719.psd
*/
/*
FOOTER
  source file, hits/tokens/total
  C:\Users\Shoo\Dropbox\workspace\CorpusSearch_Auto\data\corporas\PPCMBE\temp1492106160469\fiction_romances_dramacomedies_and_verse\defoe-1719.psd	0/0/495
*/
/*
HEADER:
source file:  C:\Users\Shoo\Dropbox\workspace\CorpusSearch_Auto\data\corporas\PPCMBE\temp1492106160469\fiction_romances_dramacomedies_and_verse\dickens-1837.psd
*/
/*
FOOTER
  source file, hits/tokens/total
  C:\Users\Shoo\Dropbox\workspace\CorpusSearch_Auto\data\corporas\PPCMBE\temp1492106160469\fiction_romances_dramacomedies_and_verse\dickens-1837.psd	0/0/566
*/
/*
HEADER:
source file:  C:\Users\Shoo\Dropbox\workspace\CorpusSearch_Auto\data\corporas\PPCMBE\temp1492106160469\fiction_romances_dramacomedies_and_verse\fielding-1749.psd
*/
/*
FOOTER
  source file, hits/tokens/total
  C:\Users\Shoo\Dropbox\workspace\CorpusSearch_Auto\data\corporas\PPCMBE\temp1492106160469\fiction_romances_dramacomedies_and_verse\fielding-1749.psd	0/0/486
*/
/*
HEADER:
source file:  C:\Users\Shoo\Dropbox\workspace\CorpusSearch_Auto\data\corporas\PPCMBE\temp1492106160469\fiction_romances_dramacomedies_and_verse\godwin-1805.psd
*/
/*
FOOTER
  source file, hits/tokens/total
  C:\Users\Shoo\Dropbox\workspace\CorpusSearch_Auto\data\corporas\PPCMBE\temp1492106160469\fiction_romances_dramacomedies_and_verse\godwin-1805.psd	0/0/593
*/
/*
HEADER:
source file:  C:\Users\Shoo\Dropbox\workspace\CorpusSearch_Auto\data\corporas\PPCMBE\temp1492106160469\fiction_romances_dramacomedies_and_verse\goldsmith-1773.psd
*/
/*
FOOTER
  source file, hits/tokens/total
  C:\Users\Shoo\Dropbox\workspace\CorpusSearch_Auto\data\corporas\PPCMBE\temp1492106160469\fiction_romances_dramacomedies_and_verse\goldsmith-1773.psd	0/0/1065
*/
/*
HEADER:
source file:  C:\Users\Shoo\Dropbox\workspace\CorpusSearch_Auto\data\corporas\PPCMBE\temp1492106160469\fiction_romances_dramacomedies_and_verse\meredith-1895.psd
*/
/*
FOOTER
  source file, hits/tokens/total
  C:\Users\Shoo\Dropbox\workspace\CorpusSearch_Auto\data\corporas\PPCMBE\temp1492106160469\fiction_romances_dramacomedies_and_verse\meredith-1895.psd	0/0/652
*/
/*
HEADER:
source file:  C:\Users\Shoo\Dropbox\workspace\CorpusSearch_Auto\data\corporas\PPCMBE\temp1492106160469\fiction_romances_dramacomedies_and_verse\reeve-1777.psd
*/
/*
FOOTER
  source file, hits/tokens/total
  C:\Users\Shoo\Dropbox\workspace\CorpusSearch_Auto\data\corporas\PPCMBE\temp1492106160469\fiction_romances_dramacomedies_and_verse\reeve-1777.psd	0/0/751
*/
/*
HEADER:
source file:  C:\Users\Shoo\Dropbox\workspace\CorpusSearch_Auto\data\corporas\PPCMBE\temp1492106160469\fiction_romances_dramacomedies_and_verse\stevens-1745.psd
*/
/*
FOOTER
  source file, hits/tokens/total
  C:\Users\Shoo\Dropbox\workspace\CorpusSearch_Auto\data\corporas\PPCMBE\temp1492106160469\fiction_romances_dramacomedies_and_verse\stevens-1745.psd	0/0/1065
*/
/*
HEADER:
source file:  C:\Users\Shoo\Dropbox\workspace\CorpusSearch_Auto\data\corporas\PPCMBE\temp1492106160469\fiction_romances_dramacomedies_and_verse\wilde-1895.psd
*/
/*
FOOTER
  source file, hits/tokens/total
  C:\Users\Shoo\Dropbox\workspace\CorpusSearch_Auto\data\corporas\PPCMBE\temp1492106160469\fiction_romances_dramacomedies_and_verse\wilde-1895.psd	0/0/996
*/
/*
HEADER:
source file:  C:\Users\Shoo\Dropbox\workspace\CorpusSearch_Auto\data\corporas\PPCMBE\temp1492106160469\fiction_romances_dramacomedies_and_verse\yonge-1865.psd
*/
/*
FOOTER
  source file, hits/tokens/total
  C:\Users\Shoo\Dropbox\workspace\CorpusSearch_Auto\data\corporas\PPCMBE\temp1492106160469\fiction_romances_dramacomedies_and_verse\yonge-1865.psd	0/0/629
*/
/*
SUMMARY:  
source files, hits/tokens/total
  C:\Users\Shoo\Dropbox\workspace\CorpusSearch_Auto\data\corporas\PPCMBE\temp1492106160469\fiction_romances_dramacomedies_and_verse\brougham-1861.psd	0/0/1202
  C:\Users\Shoo\Dropbox\workspace\CorpusSearch_Auto\data\corporas\PPCMBE\temp1492106160469\fiction_romances_dramacomedies_and_verse\collier-1835.psd	0/0/1122
  C:\Users\Shoo\Dropbox\workspace\CorpusSearch_Auto\data\corporas\PPCMBE\temp1492106160469\fiction_romances_dramacomedies_and_verse\colman-1805.psd	2/1/1185
  C:\Users\Shoo\Dropbox\workspace\CorpusSearch_Auto\data\corporas\PPCMBE\temp1492106160469\fiction_romances_dramacomedies_and_verse\davys-1716.psd	0/0/946
  C:\Users\Shoo\Dropbox\workspace\CorpusSearch_Auto\data\corporas\PPCMBE\temp1492106160469\fiction_romances_dramacomedies_and_verse\defoe-1719.psd	0/0/495
  C:\Users\Shoo\Dropbox\workspace\CorpusSearch_Auto\data\corporas\PPCMBE\temp1492106160469\fiction_romances_dramacomedies_and_verse\dickens-1837.psd	0/0/566
  C:\Users\Shoo\Dropbox\workspace\CorpusSearch_Auto\data\corporas\PPCMBE\temp1492106160469\fiction_romances_dramacomedies_and_verse\fielding-1749.psd	0/0/486
  C:\Users\Shoo\Dropbox\workspace\CorpusSearch_Auto\data\corporas\PPCMBE\temp1492106160469\fiction_romances_dramacomedies_and_verse\godwin-1805.psd	0/0/593
  C:\Users\Shoo\Dropbox\workspace\CorpusSearch_Auto\data\corporas\PPCMBE\temp1492106160469\fiction_romances_dramacomedies_and_verse\goldsmith-1773.psd	0/0/1065
  C:\Users\Shoo\Dropbox\workspace\CorpusSearch_Auto\data\corporas\PPCMBE\temp1492106160469\fiction_romances_dramacomedies_and_verse\meredith-1895.psd	0/0/652
  C:\Users\Shoo\Dropbox\workspace\CorpusSearch_Auto\data\corporas\PPCMBE\temp1492106160469\fiction_romances_dramacomedies_and_verse\reeve-1777.psd	0/0/751
  C:\Users\Shoo\Dropbox\workspace\CorpusSearch_Auto\data\corporas\PPCMBE\temp1492106160469\fiction_romances_dramacomedies_and_verse\stevens-1745.psd	0/0/1065
  C:\Users\Shoo\Dropbox\workspace\CorpusSearch_Auto\data\corporas\PPCMBE\temp1492106160469\fiction_romances_dramacomedies_and_verse\wilde-1895.psd	0/0/996
  C:\Users\Shoo\Dropbox\workspace\CorpusSearch_Auto\data\corporas\PPCMBE\temp1492106160469\fiction_romances_dramacomedies_and_verse\yonge-1865.psd	0/0/629
whole search, hits/tokens/total
		2/1/11753
*/
