/*
PREFACE:  
Copyright 2010 Beth Randall
Date:  Thu Apr 13 19:02:15 BST 2017

command file:     data\searches\queries\PENN\progressive_forms_in_noun_phrases_predicate.q
output file:      C:\Users\Shoo\Dropbox\workspace\CorpusSearch_Auto\data\output\13-04-2017 18.46.36.333 PPCME2\progressive_forms_in_noun_phrases_predicate\travelogue\result.out

node:   NP-*PRD*|BAG*|HAG*|VAG*|DAG*
query:  (BAG*|HAG*|VAG*|DAG* Dominates  !BAG*|HAG*|VAG*|DAG*) 
  AND  (NP-*PRD* Dominates  BAG*|HAG*|VAG*|DAG*) 
*/
/*
HEADER:
source file:  C:\Users\Shoo\Dropbox\workspace\CorpusSearch_Auto\data\corporas\PPCME2\temp1492106398658\travelogue\cmmandev.m3.psd
*/
/*
FOOTER
  source file, hits/tokens/total
  C:\Users\Shoo\Dropbox\workspace\CorpusSearch_Auto\data\corporas\PPCME2\temp1492106398658\travelogue\cmmandev.m3.psd	0/0/3314
*/
/*
SUMMARY:  
source files, hits/tokens/total
  C:\Users\Shoo\Dropbox\workspace\CorpusSearch_Auto\data\corporas\PPCME2\temp1492106398658\travelogue\cmmandev.m3.psd	0/0/3314
whole search, hits/tokens/total
		0/0/3314
*/
