/*
PREFACE:  
Copyright 2010 Beth Randall
Date:  Thu Apr 13 19:02:34 BST 2017

command file:     data\searches\queries\PENN\progressive_forms_in_reduced_relatives.q
output file:      C:\Users\Shoo\Dropbox\workspace\CorpusSearch_Auto\data\output\13-04-2017 18.46.36.333 PPCME2\progressive_forms_in_reduced_relatives\fiction_romances_dramacomedies_and_verse\result.out

node:   RRC|BAG*|HAG*|VAG*|DAG*
query:  (BAG*|HAG*|VAG*|DAG* Dominates  !BAG*|HAG*|VAG*|DAG*) 
  AND  (RRC Dominates  BAG*|HAG*|VAG*|DAG*) 
*/
/*
HEADER:
source file:  C:\Users\Shoo\Dropbox\workspace\CorpusSearch_Auto\data\corporas\PPCME2\temp1492106398658\fiction_romances_dramacomedies_and_verse\cmctmeli.m3.psd
*/

/~*
and seide: "Lordynges, the nede for which we been assembled in this place is a
ful hevy thyng and an heigh matiere, by cause of the wrong and of the
wikkednesse that hath be doon, and eek by resoun of the grete damages that in
tyme comynge been possible to fallen for this same cause, and eek by resoun of
the grete richesse and power of the parties bothe, for the whiche resouns it
were a ful greet peril to erren in this matiere. Wherfore, Melibeus, this is
oure sentence:
(CMCTMELI,219.C1.67)
*~/
/*
154 VAG:  154 VAG, 155 comynge, 153 RRC
*/
( (IP-MAT (CONJ and)
	  (NP-SBJ *con*)
	  (VBD seide)
	  (, :)
	  (" ")
	  (IP-MAT-SPE (NP-VOC (NS Lordynges))
		      (, ,)
		      (NP-SBJ (D the)
			      (N nede)
			      (CP-REL-SPE (WPP-1 (P for)
						 (WNP (WPRO which)))
					  (C 0)
					  (IP-SUB-SPE (PP *T*-1)
						      (NP-SBJ (PRO we))
						      (BEP been)
						      (VAN assembled)
						      (PP (P in)
							  (NP (D this) (N place))))))
		      (BEP is)
		      (NP-OB1 (NP (D a)
				  (ADJP (ADV ful) (ADJ hevy))
				  (N thyng))
			      (CONJP (CONJ and)
				     (NP (D an) (ADJ heigh) (N matiere))))
		      (, ,)
		      (PP (PP (P by)
			      (NP (N cause)
				  (PP (PP (P of)
					  (NP (D the) (N wrong)))
				      (CONJP (CONJ and)
					     (PP (P of)
						 (NP (D the) (N wikkednesse))))
				      (CP-REL-SPE (WNP-2 0)
						  (C that)
						  (IP-SUB-SPE (NP-SBJ *T*-2)
							      (HVP hath)
							      (BEN be)
							      (DAN doon))))))
			  (, ,)
			  (CONJP (CONJ and)
				 (ALSO eek)
				 (PP (P by)
				     (NP (N resoun)
					 (PP (P of)
					     (NP (D the)
						 (ADJ grete)
						 (NS damages)
						 (CP-REL-SPE (WNP-3 0)
							     (C that)
							     (IP-SUB-SPE (NP-SBJ *T*-3)
									 (PP (P in)
									     (NP (N tyme)
										 (RRC (VAG comynge))))
									 (BEP been)
									 (ADJP (ADJ possible)
									       (IP-INF-SPE (TO to)
											   (VB fallen)
											   (PP (P for)
											       (NP (D this) (ADJ same) (N cause))))))))))))
			  (, ,)
			  (CONJP (CONJ and)
				 (ALSO eek)
				 (PP (P by)
				     (NP (N resoun)
					 (PP (P of)
					     (NP (D the)
						 (ADJ grete)
						 (N richesse)
						 (CONJP (CONJ and)
							(NX (N power)))
						 (PP (P of)
						     (NP (D the)
							 (NS parties)
							 (QP (Q bothe)))))))))))
	  (, ,)
	  (CP-CAR-SPE (WPP-4 (P for)
			     (WNP (D the) (WD whiche) (NS resouns)))
		      (C 0)
		      (IP-SUB-SPE (PP *T*-4)
				  (NP-SBJ-5 (PRO it))
				  (BED were)
				  (NP-OB1 (D a)
					  (CODE <P_219.C1>)
					  (ADJP (ADV ful) (ADJ greet))
					  (N peril))
				  (IP-INF-SPE-5 (TO to)
						(VB erren)
						(PP (P in)
						    (NP (D this) (N matiere))))))
	  (, .)
	  (CP-CAR-SPE (WPP-6 (WADV+P Wherfore))
		      (C 0)
		      (, ,)
		      (IP-SUB-SPE (PP *T*-6)
				  (NP-VOC (NPR Melibeus))
				  (, ,)
				  (NP-SBJ (D this))
				  (BEP is)
				  (NP-OB1 (PRO$ oure) (N sentence))))
	  (. :))
  (ID CMCTMELI,219.C1.67))

/~*
for they enforcen hem alwey rather to speken plesante wordes, enclynynge to
the lordes lust, than wordes that been trewe or profitable.
(CMCTMELI,222.C2.221)
*~/
/*
33 VAG:  33 VAG, 34 enclynynge, 32 RRC
*/

( (IP-MAT-SPE (CONJ for)
	      (NP-SBJ (PRO they))
	      (VBP enforcen)
	      (NP-OB1 (PRO hem))
	      (ADVP-TMP (ADV alwey))
	      (ADVP (ADVR rather)
		    (PP *ICH*-1))
	      (IP-INF-SPE (TO to)
			  (VB speken)
			  (NP-OB1 (ADJ plesante)
				  (NS wordes)
				  (, ,)
				  (RRC (VAG enclynynge)
				       (PP (P to)
					   (NP (NP-POS (D the) (N$ lordes))
					       (N lust))))))
	      (, ,)
	      (PP-1 (P than)
		    (NP (NS wordes)
			(CP-REL-SPE (WNP-2 0)
				    (C that)
				    (IP-SUB-SPE (NP-SBJ *T*-2)
						(BEP been)
						(ADJP (ADJ trewe) (CONJ or) (ADJ profitable))))))
	      (. .))
  (ID CMCTMELI,222.C2.221))
/*
FOOTER
  source file, hits/tokens/total
  C:\Users\Shoo\Dropbox\workspace\CorpusSearch_Auto\data\corporas\PPCME2\temp1492106398658\fiction_romances_dramacomedies_and_verse\cmctmeli.m3.psd	2/2/860
*/
/*
HEADER:
source file:  C:\Users\Shoo\Dropbox\workspace\CorpusSearch_Auto\data\corporas\PPCME2\temp1492106398658\fiction_romances_dramacomedies_and_verse\cmmalory.m4.psd
*/

/~*
and seyde they were moste welcom unto them before all the kynges men lyvynge.
(CMMALORY,16.486)
*~/
/*
42 VAG:  42 VAG, 43 lyvynge, 41 RRC
*/

( (IP-MAT (CONJ and)
	  (NP-SBJ *con*)
	  (VBD seyde)
	  (CP-THT (C 0)
		  (IP-SUB (NP-SBJ (PRO they))
			  (BED were)
			  (ADJP (QS moste)
				(ADJ welcom)
				(PP (P unto)
				    (NP (PRO them))))
			  (PP (P before)
			      (NP (NP-POS (Q all) (D the) (N$ kynges))
				  (NS men)
				  (RRC (VAG lyvynge))))))
	  (. .))
  (ID CMMALORY,16.486))

/~*
'Yes,' seyde Merlyon, 'I know hit bettir than ye or ony man lyvynge.'
(CMMALORY,34.1093)
*~/
/*
47 VAG:  47 VAG, 48 lyvynge, 46 RRC
*/

( (IP-MAT-SPE (' ')
	      (INTJ Yes)
	      (, ,)
	      (' ')
	      (IP-MAT-PRN-SPE (VBD seyde)
			      (NP-SBJ (NPR Merlyon)))
	      (, ,)
	      (' ')
	      (NP-SBJ (PRO I))
	      (VBP know)
	      (NP-OB1 (PRO hit))
	      (ADVP (ADVR bettir)
		    (PP (P than)
			(NP (NP (PRO ye))
			    (CONJP (CONJ or)
				   (NP (Q ony)
				       (N man)
				       (RRC (VAG lyvynge)))))))
	      (. .)
	      (' '))
  (ID CMMALORY,34.1093))

/~*
So on a day there com into the courte a squyre on horsebacke ledynge a knyght
tofore hym, wounded to the deth,
(CMMALORY,36.1163)
*~/
/*
38 VAG:  38 VAG, 39 ledynge, 37 RRC
*/

( (IP-MAT (ADVP (ADV So))
	  (PP (P on)
	      (NP (D a) (N day)))
	  (NP-SBJ-1 (EX there))
	  (VBD com)
	  (PP (P into)
	      (NP (D the) (N courte)))
	  (NP-1 (D a)
		(N squyre)
		(PP (P on)
		    (NP (N+N horsebacke)))
		(RRC (VAG ledynge)
		     (NP-OB1 (D a) (N knyght))
		     (PP (P tofore)
			 (NP (PRO hym)))
		     (, ,)
		     (IP-PPL (VAN wounded)
			     (PP (P to)
				 (NP (D the) (N deth))))))
	  (. ,))
  (ID CMMALORY,36.1163))

/~*
and he shall have two sonnes that shall be passyng good men as ony lyvynge:
(CMMALORY,41.1346)
*~/
/*
43 VAG:  43 VAG, 44 lyvynge, 42 RRC
*/

( (IP-MAT-SPE (CONJ and)
	      (NP-SBJ (PRO he))
	      (MD shall)
	      (HV have)
	      (NP-OB1 (NUM two)
		      (NS sonnes)
		      (CP-REL-SPE (WNP-1 0)
				  (C that)
				  (IP-SUB-SPE (NP-SBJ *T*-1)
					      (MD shall)
					      (BE be)
					      (NP-OB1 (ADJP (ADV passyng) (ADJ good))
						      (NS men)
						      (PP (P as)
							  (NP (Q ony)
							      (RRC (VAG lyvynge))))))))
	      (. :))
  (ID CMMALORY,41.1346))

/~*
Also he woll nat lyghtly be macched of one knyght lyvynge,
(CMMALORY,42.1408)
*~/
/*
27 VAG:  27 VAG, 28 lyvynge, 26 RRC
*/

( (IP-MAT-SPE (ALSO Also)
	      (NP-SBJ (PRO he))
	      (MD woll)
	      (NEG nat)
	      (ADVP (ADV lyghtly))
	      (BE be)
	      (VAN macched)
	      (PP (P of)
		  (NP (ONE one)
		      (N knyght)
		      (RRC (VAG lyvynge))))
	      (. ,))
  (ID CMMALORY,42.1408))

/~*
for this same lady was the untrwyste lady lyvynge,
(CMMALORY,49.1622)
*~/
/*
21 VAG:  21 VAG, 22 lyvynge, 20 RRC
*/

( (IP-MAT-SPE (CONJ for)
	      (NP-SBJ (D this) (ADJ same) (N lady))
	      (BED was)
	      (NP-OB1 (D the)
		      (ADJS untrwyste)
		      (N lady)
		      (RRC (VAG lyvynge)))
	      (. ,))
  (ID CMMALORY,49.1622))

/~*
So as they talked togydirs there com a kynge of Cornuwayle rydyng, which hyght
kyng Marke.
(CMMALORY,53.1772)
*~/
/*
37 VAG:  37 VAG, 38 rydyng, 36 RRC
*/

( (IP-MAT (ADVP (ADV So))
	  (PP (P as)
	      (CP-ADV (C 0)
		      (IP-SUB (NP-SBJ (PRO they))
			      (VBD talked)
			      (ADVP (ADV togydirs)))))
	  (NP-SBJ-1 (EX there))
	  (VBD com)
	  (NP-1 (D a)
		(N kynge)
		(PP (P of)
		    (NP (NPR Cornuwayle)))
		(RRC (VAG rydyng))
		(, ,)
		(CP-REL (WNP-2 (WPRO which))
			(C 0)
			(IP-SUB (NP-SBJ *T*-2)
				(VBD hyght)
				(NP-OB1 (NPR kyng) (NPR Marke)))))
	  (. .))
  (ID CMMALORY,53.1772))

/~*
and at that tyme hys ryght name was called Pellynore, which was a good man off
prouesse as few in tho dayes lyvynge.
(CMMALORY,58.1934)
*~/
/*
70 VAG:  70 VAG, 71 lyvynge, 61 RRC
*/

( (IP-MAT (CONJ and)
	  (PP (P at)
	      (NP (D that) (N tyme)))
	  (NP-SBJ-1 (PRO$ hys) (ADJ ryght) (N name))
	  (BED was)
	  (VAN called)
	  (IP-SMC (NP-SBJ *-1)
		  (NP-OB1 (NPR Pellynore)
			  (, ,)
			  (CP-REL (WNP-2 (WPRO which))
				  (C 0)
				  (IP-SUB (NP-SBJ *T*-2)
					  (BED was)
					  (NP-OB1 (D a)
						  (ADJ good)
						  (N man)
						  (PP (P off)
						      (NP (N prouesse)))
						  (PP (P as)
						      (NP (Q few)
							  (RRC (PP (P in)
								   (NP (D tho) (NS dayes)))
							       (VAG lyvynge)))))))))
	  (. .))
  (ID CMMALORY,58.1934))

/~*
And kynge Arthure was made in the sygne of a fygure stondynge aboven them with
a swerde drawyn in hys honde,
(CMMALORY,59.1953)
*~/
/*
30 VAG:  30 VAG, 31 stondynge, 29 RRC
*/

( (IP-MAT (CONJ And)
	  (NP-SBJ (NPR kynge) (NPR Arthure))
	  (BED was)
	  (VAN made)
	  (PP (P in)
	      (NP (D the)
		  (N sygne)
		  (PP (P of)
		      (NP (D a)
			  (N fygure)
			  (RRC (VAG stondynge)
			       (PP (P aboven)
				   (NP (PRO them)))
			       (PP (P with)
				   (NP (D a)
				       (N swerde)
				       (RRC (VAN drawyn)
					    (PP (P in)
						(NP (PRO$ hys) (N honde)))))))))))
	  (. ,))
  (ID CMMALORY,59.1953))

/~*
And at the last he enterde into a chambir $whych was mervaylously dyght and
ryche, and abedde arayed with cloth of golde, the rychiste that myght be, and
one lyyng therein,
(CMMALORY,64.2152)
*~/
/*
101 VAG:  101 VAG, 102 lyyng, 100 RRC
*/

( (IP-MAT (CONJ And)
	  (PP (P at)
	      (NP (D the) (ADJ last)))
	  (NP-SBJ (PRO he))
	  (VBD enterde)
	  (PP (P into)
	      (NP (D a)
		  (N chambir)
		  (CP-REL (WNP-1 (WPRO $whych))
			  (C 0)
			  (IP-SUB (NP-SBJ *T*-1)
				  (BED was)
				  (ADJP (ADJP (ADV mervaylously) (ADJ dyght))
					(CONJP (CONJ and)
					       (ADJX (ADJ ryche))))))
		  (, ,)
		  (XX (CONJP (CONJ and)
			     (NP (NP (D+N abedde)
				     (RRC (VAN arayed)
					  (PP (P with)
					      (NP (N cloth)
						  (PP (P of)
						      (NP (N golde)))
						  (, ,)
						  (NP-PRN (D the)
							  (ADJS rychiste)
							  (CP-REL (WNP-2 0)
								  (C that)
								  (IP-SUB (NP-SBJ *T*-2)
									  (MD myght)
									  (BE be))))))))
				 (, ,)
				 (CONJP (CONJ and)
					(NP (ONE one)
					    (RRC (VAG lyyng)
						 (PP (ADV+P therein))))))))))
	  (. ,))
  (ID CMMALORY,64.2152))

/~*
for of thy prowesse and hardynes thou hast no felawe lyvynge. '
(CMMALORY,67.2291)
*~/
/*
29 VAG:  29 VAG, 30 lyvynge, 28 RRC
*/

( (IP-MAT-SPE (CONJ for)
	      (PP (P of)
		  (NP (PRO$ thy)
		      (N prowesse)
		      (CONJP (CONJ and)
			     (NX (N hardynes)))))
	      (NP-SBJ (PRO thou))
	      (HVP hast)
	      (NP-OB1 (Q no)
		      (N felawe)
		      (RRC (VAG lyvynge)))
	      (. .)
	      (' '))
  (ID CMMALORY,67.2291))

/~*
Also Merlion lette make by hys suttelyte` that Balynes swerde was put into a
marbil stone stondynge upryght as grete as a mylstone, and hoved allwayes
above the watir, and dud many yeres.
(CMMALORY,70.2387)
*~/
/*
47 VAG:  47 VAG, 48 stondynge, 46 RRC
*/

( (IP-MAT (ALSO Also)
	  (NP-SBJ (NPR Merlion))
	  (VBD lette)
	  (IP-INF (NP-SBJ *arb*)
		  (VB make)
		  (PP (P by)
		      (NP (PRO$ hys) (N suttelyte`)))
		  (CP-THT (C that)
			  (IP-SUB (IP-SUB (NP-SBJ (NPR$ Balynes) (N swerde))
					  (BED was)
					  (VAN put)
					  (PP (P into)
					      (NP (D a)
						  (N marbil)
						  (N stone)
						  (RRC (VAG stondynge)
						       (ADVP (ADV upryght)))
						  (ADJP (ADVR as)
							(ADJ grete)
							(PP (P as)
							    (NP (D a) (N mylstone)))))))
				  (, ,)
				  (CONJP (CONJ and)
					 (IP-SUB (NP-SBJ *con*)
						 (VBD hoved)
						 (ADVP-TMP (ADV allwayes))
						 (PP (P above)
						     (NP (D the) (N watir)))))
				  (, ,)
				  (CONJP (CONJ and)
					 (IP-SUB (NP-SBJ *con*)
						 (DOD dud)
						 (NP-MSR (Q many) (NS yeres)))))))
	  (. .))
  (ID CMMALORY,70.2387))

/~*
and encheved the swerde that was in the marble stone hovynge uppon the watir.
(CMMALORY,70.2391)
*~/
/*
34 VAG:  34 VAG, 35 hovynge, 33 RRC
*/

( (IP-MAT (CONJ and)
	  (NP-SBJ *con*)
	  (VBD encheved)
	  (NP-OB1 (D the)
		  (N swerde)
		  (CP-REL (WNP-1 0)
			  (C that)
			  (IP-SUB (NP-SBJ *T*-1)
				  (BED was)
				  (PP (P in)
				      (NP (D the)
					  (N marble)
					  (N stone)
					  (RRC (VAG hovynge)
					       (PP (P uppon)
						   (NP (D the) (N watir)))))))))
	  (. .))
  (ID CMMALORY,70.2391))

/~*
And in the meanewhyle com there three knyghtes rydynge, as faste fleynge as
they myght ryde,
(CMMALORY,180.2432)
*~/
/*
23 VAG:  23 VAG, 24 rydynge, 22 RRC
35 VAG:  35 VAG, 36 fleynge, 27 RRC
*/

( (IP-MAT (CONJ And)
	  (PP (P in)
	      (NP (D the) (ADJ+N meanewhyle)))
	  (VBD com)
	  (ADVP-LOC (ADV there))
	  (NP-SBJ (NUM three)
		  (NS knyghtes)
		  (RRC (VAG rydynge))
		  (, ,)
		  (RRC (ADVP (ADVR as)
			     (ADV faste)
			     (PP *ICH*-1))
		       (VAG fleynge)
		       (PP-1 (P as)
			     (CP-CMP (WADVP-2 0)
				     (C 0)
				     (IP-SUB (ADVP *T*-2)
					     (NP-SBJ (PRO they))
					     (MD myght)
					     (VB ryde))))))
	  (. ,))
  (ID CMMALORY,180.2432))

/~*
And because that we undirstonde youre worthynesse, that thou art the noblest
knyght lyvyng,
(CMMALORY,183.2546)
*~/
/*
39 VAG:  39 VAG, 40 lyvyng, 38 RRC
*/

( (IP-MAT-SPE (CONJ And)
	      (PP (P+N because)
		  (NP (D that)))
	      (NP-SBJ (PRO we))
	      (VBP undirstonde)
	      (NP-OB1 (PRO$ youre)
		      (N worthynesse)
		      (, ,)
		      (CP-THT-PRN-SPE (C that)
				      (IP-SUB-SPE (NP-SBJ (PRO thou))
						  (BEP art)
						  (NP-OB1 (D the)
							  (ADJS noblest)
							  (N knyght)
							  (RRC (VAG lyvyng))))))
	      (. ,))
  (ID CMMALORY,183.2546))

/~*
But, sir, and ye wolde promyse me to helpe my fadir on Tewysday nexte commynge,
that hath made a turnemente betwyxt hym and the kynge of North Galys - for the
laste Tewysday past my fadir loste the felde thorow three knyghtes of Arthurs
courte - and yf ye woll be there on Tewysday next commynge and helpe my fadir;
and to-morne be pryme by the grace of God I shall delyver you clene. '
(CMMALORY,184.2576)
*~/
/*
51 VAG:  51 VAG, 52 commynge, 47 RRC
171 VAG:  171 VAG, 172 commynge, 167 RRC
*/

( (IP-MAT-SPE (CONJ But)
	      (, ,)
	      (NP-VOC (N sir))
	      (, ,)
	      (PP (PP (P and)
		      (CP-ADV-SPE (C 0)
				  (IP-SUB-SPE (NP-SBJ (PRO ye))
					      (MD wolde)
					      (VB promyse)
					      (NP-OB2 (PRO me))
					      (IP-INF-SPE (TO to)
							  (VB helpe)
							  (NP-OB2 (PRO$ my)
								  (N fadir)
								  (CP-REL-SPE *ICH*-1))
							  (PP (P on)
							      (NP (NPR Tewysday)
								  (RRC (ADVP-TMP (ADV nexte))
								       (VAG commynge))))
							  (, ,)
							  (CP-REL-SPE-1 (WNP-2 0)
									(C that)
									(IP-SUB-SPE (NP-SBJ *T*-2)
										    (HVP hath)
										    (VBN made)
										    (NP-OB1 (D a) (N turnemente))
										    (PP (P betwyxt)
											(NP (NP (PRO hym))
											    (CONJP (CONJ and)
												   (NP (D the)
												       (N kynge)
												       (PP (P of)
													   (NP (NPR North) (NPR Galys)))))))
										    (, -)
										    (IP-MAT-PRN-SPE (CONJ for)
												    (NP-TMP (D the)
													    (ADJ laste)
													    (NPR Tewysday)
													    (RRC (VAN past)))
												    (NP-SBJ (PRO$ my) (N fadir))
												    (VBD loste)
												    (NP-OB1 (D the) (N felde))
												    (PP (P thorow)
													(NP (NUM three)
													    (NS knyghtes)
													    (PP (P of)
														(NP (NPR$ Arthurs) (N courte))))))))))))
		  (, -)
		  (CONJP (CONJ and)
			 (PP (P yf)
			     (CP-ADV-SPE (C 0)
					 (IP-SUB-SPE (IP-SUB-SPE-3 (NP-SBJ (PRO ye))
								   (MD woll)
								   (BE be)
								   (ADVP-LOC (ADV there))
								   (PP (P on)
								       (NP (NPR Tewysday)
									   (RRC (ADVP-TMP (ADV next))
										(VAG commynge)))))
						     (CONJP (CONJ and)
							    (IP-SUB-SPE=3 (VB helpe)
									  (NP-OB2 (PRO$ my) (N fadir)))))))))
	      (, ;)
	      (CONJ and)
	      (NP-TMP (N to-morne))
	      (PP (P be)
		  (NP (N pryme)))
	      (PP (P by)
		  (NP (D the)
		      (N grace)
		      (PP (P of)
			  (NP (NPR God)))))
	      (NP-SBJ (PRO I))
	      (MD shall)
	      (VB delyver)
	      (NP-OB1 (PRO you))
	      (ADVP (ADV clene))
	      (. .)
	      (' '))
  (ID CMMALORY,184.2576))

/~*
'Than am I sure of your helpe,' seyde the kyng, 'on Tewysday next commyng?'
(CMMALORY,187.2678)
*~/
/*
50 VAG:  50 VAG, 51 commyng, 46 RRC
*/

( (CP-QUE-SPE (' ')
	      (IP-SUB-SPE (ADVP-TMP (ADV Than))
			  (BEP am)
			  (NP-SBJ (PRO I))
			  (ADJP (ADJ sure)
				(PP (P of)
				    (NP (PRO$ your) (N helpe))))
			  (, ,)
			  (' ')
			  (IP-MAT-PRN-SPE (VBD seyde)
					  (NP-SBJ (D the) (N kyng)))
			  (, ,)
			  (' ')
			  (PP (P on)
			      (NP (NPR Tewysday)
				  (RRC (ADVP-TMP (ADV next))
				       (VAG commyng)))))
	      (. ?)
	      (' '))
  (ID CMMALORY,187.2678))

/~*
and in the myddys of an hygheway he mette a damesel rydynge on a whyght
palfray,
(CMMALORY,189.2753)
*~/
/*
31 VAG:  31 VAG, 32 rydynge, 30 RRC
*/

( (IP-MAT (CONJ and)
	  (PP (P in)
	      (NP (D the)
		  (N myddys)
		  (PP (P of)
		      (NP (D an) (ADJ+N hygheway)))))
	  (NP-SBJ (PRO he))
	  (VBD mette)
	  (NP-OB1 (D a)
		  (N damesel)
		  (RRC (VAG rydynge)
		       (PP (P on)
			   (NP (D a) (ADJ whyght) (N palfray)))))
	  (. ,))
  (ID CMMALORY,189.2753))

/~*
and there he founde a yoman porter kepyng many keyes.
(CMMALORY,193.2866)
*~/
/*
20 VAG:  20 VAG, 21 kepyng, 19 RRC
*/

( (IP-MAT (CONJ and)
	  (ADVP-LOC (ADV there))
	  (NP-SBJ (PRO he))
	  (VBD founde)
	  (NP-OB1 (D a)
		  (N yoman)
		  (N porter)
		  (RRC (VAG kepyng)
		       (NP-OB1 (Q many) (NS keyes))))
	  (. .))
  (ID CMMALORY,193.2866))

/~*
'Than shall ye,' seyde sir Launcelot, 'on Whytsonday nexte commynge go unto
the courte of kynge Arthure,
(CMMALORY,197.3045)
*~/
/*
38 VAG:  38 VAG, 39 commynge, 34 RRC
*/

( (IP-MAT-SPE (' ')
	      (ADVP (ADV Than))
	      (MD shall)
	      (NP-SBJ (PRO ye))
	      (, ,)
	      (' ')
	      (IP-MAT-PRN-SPE (VBD seyde)
			      (NP-SBJ (NPR sir) (NPR Launcelot)))
	      (, ,)
	      (' ')
	      (PP (P on)
		  (NP (NPR Whytsonday)
		      (RRC (ADVP-TMP (ADV nexte))
			   (VAG commynge))))
	      (VB go)
	      (PP (P unto)
		  (NP (D the)
		      (N courte)
		      (PP (P of)
			  (NP (NPR kynge) (NPR Arthure)))))
	      (. ,))
  (ID CMMALORY,197.3045))

/~*
'Sir,' they seyde, 'hit shall be done, by the feyth of oure bodyes, and we be
men lyvyng.'
(CMMALORY,198.3047)
*~/
/*
66 VAG:  66 VAG, 67 lyvyng, 65 RRC
*/

( (IP-MAT-SPE (' ')
	      (NP-VOC (N Sir))
	      (, ,)
	      (' ')
	      (IP-MAT-PRN-SPE (NP-SBJ (PRO they))
			      (VBD seyde))
	      (, ,)
	      (' ')
	      (NP-SBJ (PRO hit))
	      (MD shall)
	      (BE be)
	      (DAN done)
	      (, ,)
	      (PP (P by)
		  (NP (D the)
		      (N feyth)
		      (PP (P of)
			  (NP (PRO$ oure) (NS bodyes)))))
	      (, ,)
	      (PP (P and)
		  (CP-ADV-SPE (C 0)
			      (IP-SUB-SPE (NP-SBJ (PRO we))
					  (BEP be)
					  (NP-OB1 (NS men)
						  (RRC (VAG lyvyng))))))
	      (. .)
	      (' '))
  (ID CMMALORY,198.3047))

/~*
And there he sawe no lyght but a dymme lampe brennyng,
(CMMALORY,203.3279)
*~/
/*
28 VAG:  28 VAG, 29 brennyng, 27 RRC
*/

( (IP-MAT (CONJ And)
	  (ADVP-LOC (ADV there))
	  (NP-SBJ (PRO he))
	  (VBD sawe)
	  (NP-OB1 (Q no)
		  (N lyght)
		  (PP (P but)
		      (NP (D a)
			  (ADJ dymme)
			  (N lampe)
			  (RRC (VAG brennyng)))))
	  (. ,))
  (ID CMMALORY,203.3279))

/~*
and bothe on foote, in rede armys, withoute swerde other shylde sauff a
scawberd hangynge by hys syde.
(CMMALORY,630.3637)
*~/
/*
46 VAG:  46 VAG, 47 hangynge, 45 RRC
*/

( (IP-MAT (CONJ and)
	  (NP-SBJ (Q bothe))
	  (BED *)
	  (PP (P on)
	      (NP (N foote)))
	  (, ,)
	  (PP (P in)
	      (NP (ADJ rede) (NS armys)))
	  (, ,)
	  (PP (P withoute)
	      (NP (N swerde)
		  (CONJ other)
		  (N shylde)
		  (PP (P sauff)
		      (NP (D a)
			  (N scawberd)
			  (RRC (VAG hangynge)
			       (PP (P by)
				   (NP (PRO$ hys) (N syde))))))))
	  (. .))
  (ID CMMALORY,630.3637))

/~*
'Sir,' seyde the ermyte, 'ye ought to thanke God more than ony knyght lyvynge,
(CMMALORY,655.4471)
*~/
/*
47 VAG:  47 VAG, 48 lyvynge, 46 RRC
*/

( (IP-MAT-SPE (' ')
	      (NP-VOC (N Sir))
	      (, ,)
	      (' ')
	      (IP-MAT-PRN-SPE (VBD seyde)
			      (NP-SBJ (D the) (N ermyte)))
	      (, ,)
	      (' ')
	      (NP-SBJ (PRO ye))
	      (MD ought)
	      (TO to)
	      (VB thanke)
	      (NP-OB1 (NPR God))
	      (NP-MSR (QR more)
		      (PP (P than)
			  (NP (Q ony)
			      (N knyght)
			      (RRC (VAG lyvynge)))))
	      (. ,))
  (ID CMMALORY,655.4471))

/~*
And there is no knyght now lyvynge that ought to yelde God so grete thanke os
ye,
(CMMALORY,655.4475)
*~/
/*
18 VAG:  18 VAG, 19 lyvynge, 14 RRC
*/

( (IP-MAT-SPE (CONJ And)
	      (NP-SBJ-1 (EX there))
	      (BEP is)
	      (NP-1 (Q no)
		    (N knyght)
		    (RRC (ADVP-TMP (ADV now))
			 (VAG lyvynge))
		    (CP-REL-SPE (WNP-2 0)
				(C that)
				(IP-SUB-SPE (NP-SBJ *T*-2)
					    (MD ought)
					    (TO to)
					    (VB yelde)
					    (NP-OB2 (NPR God))
					    (NP-OB1 (ADJP (ADVR so) (ADJ grete))
						    (N thanke)
						    (PP (P os)
							(NP (PRO ye)))))))
	      (. ,))
  (ID CMMALORY,655.4475))

/~*
And than he mette with a yoman rydyng uppon an hakeney which lad in hys ryght
honde a grete steede blacker than ony bere`.
(CMMALORY,662.4686)
*~/
/*
21 VAG:  21 VAG, 22 rydyng, 20 RRC
*/

( (IP-MAT (CONJ And)
	  (ADVP-TMP (ADV than))
	  (NP-SBJ (PRO he))
	  (VBD mette)
	  (PP (P with)
	      (NP (D a)
		  (N yoman)
		  (RRC (VAG rydyng)
		       (PP (P uppon)
			   (NP (D an) (N hakeney))))
		  (CP-REL (WNP-1 (WPRO which))
			  (C 0)
			  (IP-SUB (NP-SBJ *T*-1)
				  (VBD lad)
				  (PP (P in)
				      (NP (PRO$ hys) (ADJ ryght) (N honde)))
				  (NP-OB1 (D a)
					  (ADJ grete)
					  (ADJ steede)
					  (ADJP (ADJR blacker)
						(PP (P than)
						    (NP (Q ony) (N bere`)))))))))
	  (. .))
  (ID CMMALORY,662.4686))

/~*
And as he sate there cam a knyght rydynge on the horse that the yoman lad,
(CMMALORY,662.4698)
*~/
/*
27 VAG:  27 VAG, 28 rydynge, 26 RRC
*/

( (IP-MAT (CONJ And)
	  (PP (P as)
	      (CP-ADV (C 0)
		      (IP-SUB (NP-SBJ (PRO he))
			      (VBD sate))))
	  (NP-SBJ-1 (EX there))
	  (VBD cam)
	  (NP-1 (D a)
		(N knyght)
		(RRC (VAG rydynge)
		     (PP (P on)
			 (NP (D the) (N horse))
			 (CP-REL (WNP-2 0)
				 (C that)
				 (IP-SUB (NP-OB1 *T*-2)
					 (NP-SBJ (D the) (N yoman))
					 (VBD lad))))))
	  (. ,))
  (ID CMMALORY,662.4698))

/~*
and asked sir Percivale if he saw ony knyght rydyng on hys blacke steede.
(CMMALORY,662.4701)
*~/
/*
30 VAG:  30 VAG, 31 rydyng, 29 RRC
*/

( (IP-MAT (CONJ and)
	  (NP-SBJ *con*)
	  (VBD asked)
	  (NP-OB2 (NPR sir) (NPR Percivale))
	  (CP-QUE (WQ if)
		  (C 0)
		  (IP-SUB (NP-SBJ (PRO he))
			  (VBD saw)
			  (NP-OB1 (Q ony)
				  (N knyght)
				  (RRC (VAG rydyng)
				       (PP (P on)
					   (NP (PRO$ hys) (ADJ blacke) (N steede)))))))
	  (. .))
  (ID CMMALORY,662.4701))
/*
FOOTER
  source file, hits/tokens/total
  C:\Users\Shoo\Dropbox\workspace\CorpusSearch_Auto\data\corporas\PPCME2\temp1492106398658\fiction_romances_dramacomedies_and_verse\cmmalory.m4.psd	30/28/4999
*/
/*
HEADER:
source file:  C:\Users\Shoo\Dropbox\workspace\CorpusSearch_Auto\data\corporas\PPCME2\temp1492106398658\fiction_romances_dramacomedies_and_verse\cmreynar.m4.psd
*/

/~*
and yet aboue alle this he hath tolde the kynge of certayn tresour lyeng in
krekenpyt in hulsterlo.
(CMREYNAR,54.400)
*~/
/*
36 VAG:  36 VAG, 37 lyeng, 35 RRC
*/

( (IP-MAT-SPE (CONJ and)
	      (ADVP (ADV yet))
	      (PP (P aboue)
		  (NP (Q alle) (D this)))
	      (NP-SBJ (PRO he))
	      (HVP hath)
	      (VBN tolde)
	      (NP-OB2 (D the) (N kynge))
	      (PP (P of)
		  (NP (ADJ certayn)
		      (N tresour)
		      (RRC (VAG lyeng)
			   (PP (P in)
			       (NP (NPR krekenpyt)))
			   (PP (P in)
			       (NP (NPR hulsterlo))))))
	      (. .))
  (ID CMREYNAR,54.400))
/*
FOOTER
  source file, hits/tokens/total
  C:\Users\Shoo\Dropbox\workspace\CorpusSearch_Auto\data\corporas\PPCME2\temp1492106398658\fiction_romances_dramacomedies_and_verse\cmreynar.m4.psd	1/1/740
*/
/*
HEADER:
source file:  C:\Users\Shoo\Dropbox\workspace\CorpusSearch_Auto\data\corporas\PPCME2\temp1492106398658\fiction_romances_dramacomedies_and_verse\cmsiege.m4.psd
*/

/~*
and +terfor God warnyd +teme of gret wengans commyng to +tem, as +te good
clarke Josepphus reyhersyt in +tis wys:
(CMSIEGE,71.20)
*~/
/*
24 VAG:  24 VAG, 25 commyng, 23 RRC
*/

( (IP-MAT (CONJ and)
	  (PP (ADV+P +terfor))
	  (NP-SBJ (NPR God))
	  (VBD warnyd)
	  (NP-OB2 (PRO +teme))
	  (PP (P of)
	      (NP (ADJ gret)
		  (N wengans)
		  (RRC (VAG commyng)
		       (PP (P to)
			   (NP (PRO +tem))))))
	  (, ,)
	  (PP-PRN (P as)
		  (CP-ADV (WNP-1 0)
			  (C 0)
			  (IP-SUB (NP-OB1 *T*-1)
				  (NP-SBJ (D +te)
					  (ADJ good)
					  (N clarke)
					  (CODE <P_71>)
					  (NP-PRN (NPR Josepphus)))
				  (VBD reyhersyt)
				  (PP (P in)
				      (NP (D +tis) (N wys))))))
	  (. :))
  (ID CMSIEGE,71.20))

/~*
The ix tokon was charys and waynys in +te clovdys aperyng and anon frov +ter
sy+gt.
(CMSIEGE,72.68)
*~/
/*
28 VAG:  28 VAG, 29 aperyng, 19 RRC
28 VAG:  28 VAG, 29 aperyng, 18 RRC
*/

( (IP-MAT (NP-SBJ (D The) (NUM ix) (N tokon))
	  (BED was)
	  (NP-OB1 (NS charys)
		  (CONJ and)
		  (NS waynys)
		  (RRC (RRC (PP (P in)
				(NP (D +te) (NS clovdys)))
			    (VAG aperyng))
		       (CONJP (CONJ and)
			      (XX (ADVP-TMP (ADV anon))
				  (PP (P frov)
				      (NP (PRO$ +ter) (N sy+gt)))))))
	  (. .))
  (ID CMSIEGE,72.68))

/~*
and wytt +tat he made a condyte commynge into his hows a+genst her vsage.
(CMSIEGE,74.105)
*~/
/*
21 VAG:  21 VAG, 22 commynge, 20 RRC
*/

( (IP-MAT (CONJ and)
	  (PP (P wytt)
	      (NP (D +tat)))
	  (NP-SBJ (PRO he))
	  (VBD made)
	  (NP-OB1 (D a)
		  (N condyte)
		  (RRC (VAG commynge)
		       (PP (P into)
			   (NP (PRO$ his) (N hows)))))
	  (PP (P a+genst)
	      (NP (PRO$ her) (N vsage)))
	  (. .))
  (ID CMSIEGE,74.105))
/*
FOOTER
  source file, hits/tokens/total
  C:\Users\Shoo\Dropbox\workspace\CorpusSearch_Auto\data\corporas\PPCME2\temp1492106398658\fiction_romances_dramacomedies_and_verse\cmsiege.m4.psd	3/3/732
*/
/*
SUMMARY:  
source files, hits/tokens/total
  C:\Users\Shoo\Dropbox\workspace\CorpusSearch_Auto\data\corporas\PPCME2\temp1492106398658\fiction_romances_dramacomedies_and_verse\cmctmeli.m3.psd	2/2/860
  C:\Users\Shoo\Dropbox\workspace\CorpusSearch_Auto\data\corporas\PPCME2\temp1492106398658\fiction_romances_dramacomedies_and_verse\cmmalory.m4.psd	30/28/4999
  C:\Users\Shoo\Dropbox\workspace\CorpusSearch_Auto\data\corporas\PPCME2\temp1492106398658\fiction_romances_dramacomedies_and_verse\cmreynar.m4.psd	1/1/740
  C:\Users\Shoo\Dropbox\workspace\CorpusSearch_Auto\data\corporas\PPCME2\temp1492106398658\fiction_romances_dramacomedies_and_verse\cmsiege.m4.psd	3/3/732
whole search, hits/tokens/total
		36/34/7331
*/
