/*
PREFACE:  
Copyright 2010 Beth Randall
Date:  Thu Apr 13 19:01:39 BST 2017

command file:     data\searches\queries\PENN\progressive_forms_added_to_non-verbal_predicates.q
output file:      C:\Users\Shoo\Dropbox\workspace\CorpusSearch_Auto\data\output\13-04-2017 18.46.36.333 PPCME2\progressive_forms_added_to_nonverbal_predicates\homilies_and_sermons\result.out

node:   *SPR*|BAG*|HAG*|VAG*|DAG*
query:  (BAG*|HAG*|VAG*|DAG* Dominates  !BAG*|HAG*|VAG*|DAG*) 
  AND  (*SPR* Dominates  BAG*|HAG*|VAG*|DAG*) 
*/
/*
HEADER:
source file:  C:\Users\Shoo\Dropbox\workspace\CorpusSearch_Auto\data\corporas\PPCME2\temp1492106398658\homilies_and_sermons\cmcapser.m4.psd
*/
/*
FOOTER
  source file, hits/tokens/total
  C:\Users\Shoo\Dropbox\workspace\CorpusSearch_Auto\data\corporas\PPCME2\temp1492106398658\homilies_and_sermons\cmcapser.m4.psd	0/0/91
*/
/*
HEADER:
source file:  C:\Users\Shoo\Dropbox\workspace\CorpusSearch_Auto\data\corporas\PPCME2\temp1492106398658\homilies_and_sermons\cmfitzja.m4.psd
*/

/~*
For what co~maundid him to do. that gladly fulfylled he wythoute grutche or
reluctaco~n. leuynge example vnto all pryncis & rulers of the people vnder god
to doo the same.
(CMFITZJA,A4R.45)
*~/
/*
52 VAG:  52 VAG, 53 leuynge, 51 NP-SPR
*/
( (IP-MAT (CONJ For)
	  (NP-LFD (CP-FRL (WNP-1 (WPRO what))
			  (C 0)
			  (IP-SUB (NP-SBJ *pro*)
				  (VBD co~maundid)
				  (NP-OB2 (PRO him))
				  (IP-INF (NP-OB1 *T*-1)
					  (TO to)
					  (DO do)))))
	  (, .)
	  (NP-OB1-RSP (D that))
	  (ADVP (ADV gladly))
	  (VBD fulfylled)
	  (NP-SBJ (PRO he))
	  (PP (P wythoute)
	      (NP (N grutche) (CONJ or) (N reluctaco~n)))
	  (, .)
	  (NP-SPR (VAG leuynge)
		  (N example)
		  (PP (P vnto)
		      (NP (Q all)
			  (NS pryncis)
			  (CONJP (CONJ &)
				 (NX (NS rulers)))
			  (CODE <P_A4R>)
			  (PP (P of)
			      (NP (D the) (N people)))
			  (PP (P vnder)
			      (NP (NPR god)))))
		  (IP-INF (TO to)
			  (DO doo)
			  (NP-OB1 (D the) (ADJ same))))
	  (. .))
  (ID CMFITZJA,A4R.45))
/*
FOOTER
  source file, hits/tokens/total
  C:\Users\Shoo\Dropbox\workspace\CorpusSearch_Auto\data\corporas\PPCME2\temp1492106398658\homilies_and_sermons\cmfitzja.m4.psd	1/1/228
*/
/*
HEADER:
source file:  C:\Users\Shoo\Dropbox\workspace\CorpusSearch_Auto\data\corporas\PPCME2\temp1492106398658\homilies_and_sermons\cmgaytry.m34.psd
*/
/*
FOOTER
  source file, hits/tokens/total
  C:\Users\Shoo\Dropbox\workspace\CorpusSearch_Auto\data\corporas\PPCME2\temp1492106398658\homilies_and_sermons\cmgaytry.m34.psd	0/0/199
*/
/*
HEADER:
source file:  C:\Users\Shoo\Dropbox\workspace\CorpusSearch_Auto\data\corporas\PPCME2\temp1492106398658\homilies_and_sermons\cminnoce.m4.psd
*/
/*
FOOTER
  source file, hits/tokens/total
  C:\Users\Shoo\Dropbox\workspace\CorpusSearch_Auto\data\corporas\PPCME2\temp1492106398658\homilies_and_sermons\cminnoce.m4.psd	0/0/208
*/
/*
HEADER:
source file:  C:\Users\Shoo\Dropbox\workspace\CorpusSearch_Auto\data\corporas\PPCME2\temp1492106398658\homilies_and_sermons\cmkentho.m1.psd
*/
/*
FOOTER
  source file, hits/tokens/total
  C:\Users\Shoo\Dropbox\workspace\CorpusSearch_Auto\data\corporas\PPCME2\temp1492106398658\homilies_and_sermons\cmkentho.m1.psd	0/0/298
*/
/*
HEADER:
source file:  C:\Users\Shoo\Dropbox\workspace\CorpusSearch_Auto\data\corporas\PPCME2\temp1492106398658\homilies_and_sermons\cmkentse.m2.psd
*/
/*
FOOTER
  source file, hits/tokens/total
  C:\Users\Shoo\Dropbox\workspace\CorpusSearch_Auto\data\corporas\PPCME2\temp1492106398658\homilies_and_sermons\cmkentse.m2.psd	0/0/231
*/
/*
HEADER:
source file:  C:\Users\Shoo\Dropbox\workspace\CorpusSearch_Auto\data\corporas\PPCME2\temp1492106398658\homilies_and_sermons\cmlamb1.m1.psd
*/
/*
FOOTER
  source file, hits/tokens/total
  C:\Users\Shoo\Dropbox\workspace\CorpusSearch_Auto\data\corporas\PPCME2\temp1492106398658\homilies_and_sermons\cmlamb1.m1.psd	0/0/526
*/
/*
HEADER:
source file:  C:\Users\Shoo\Dropbox\workspace\CorpusSearch_Auto\data\corporas\PPCME2\temp1492106398658\homilies_and_sermons\cmlambx1.mx1.psd
*/

/~*
and alle hire stremes urnen fur berninde.
(CMLAMBX1,41.538)
*~/
/*
17 VAG:  17 VAG, 18 berninde, 13 NP-SPR
*/

( (IP-MAT (CONJ and)
	  (NP-SBJ (Q alle) (PRO$ hire) (NS stremes))
	  (VBD urnen)
	  (NP-SPR (N fur)
		  (ADJP (VAG berninde)))
	  (. .))
  (ID CMLAMBX1,41.538))
/*
FOOTER
  source file, hits/tokens/total
  C:\Users\Shoo\Dropbox\workspace\CorpusSearch_Auto\data\corporas\PPCME2\temp1492106398658\homilies_and_sermons\cmlambx1.mx1.psd	1/1/1410
*/
/*
HEADER:
source file:  C:\Users\Shoo\Dropbox\workspace\CorpusSearch_Auto\data\corporas\PPCME2\temp1492106398658\homilies_and_sermons\cmmirk.m34.psd
*/

/~*
and saythe thus: 'I haue be put ynto prison oft-tymes, and suffyrd wondys of
gret chaynes and o+ter dyuerse yrens; and fyue tymes betyn wyth scorgys of +te
Iewes, and had yche tyme nene and +trytty strokes on my bare body; and +tryse
beton wyth +gardys of paynones; and onys beton wyth stons; and +tryse ben yn
schipwrak on +te see, and was yn +te grond of +te see on nyght and on day; and
ofte-tyme in pareyle of flodys, and yn pareyl of +teves, and yn pareyle of
fals bre+tern +tat schewedon hom to me louyng and trewe, and werne false and
entyset o+ter to do me doses.'
(CMMIRK,70.1894)
*~/
/*
311 VAG:  311 VAG, 312 louyng, 310 ADJP-SPR
*/

( (IP-MAT (CONJ and)
	  (NP-SBJ *con*)
	  (VBP saythe)
	  (ADVP (ADV thus))
	  (, :)
	  (' ')
	  (IP-MAT-SPE (IP-MAT-SPE-1 (NP-SBJ (PRO I))
				    (HVP haue)
				    (BEN be)
				    (VAN put)
				    (PP (P ynto)
					(NP (N prison)))
				    (ADVP-TMP (ADV+NS oft-tymes)))
		      (, ,)
		      (CONJP (CONJ and)
			     (IP-MAT-SPE=1 (VBN suffyrd)
					   (NP-OB1 (NS wondys)
						   (PP (P of)
						       (NP (NP (ADJ gret) (NS chaynes))
							   (CONJP (CONJ and)
								  (NP (OTHER o+ter) (ADJ dyuerse) (NS yrens))))))))
		      (, ;)
		      (CONJP (CONJ and)
			     (IP-MAT-SPE=1 (NP-TMP (NUM fyue) (NS tymes))
					   (VAN betyn)
					   (PP (P wyth)
					       (NP (NS scorgys)))
					   (PP (P of)
					       (NP (D +te) (NPRS Iewes)))
					   (, ,)
					   (IP-MAT-PRN-SPE (CONJ and)
							   (NP-SBJ *con*)
							   (HVD had)
							   (NP-TMP (Q yche) (N tyme))
							   (NP-OB1 (NUMP (NUM nene) (CONJ and) (NUM +trytty))
								   (NS strokes))
							   (PP (P on)
							       (NP (PRO$ my) (ADJ bare) (N body))))))
		      (, ;)
		      (CODE <P_70>)
		      (CONJP (CONJ and)
			     (IP-MAT-SPE=1 (NP-TMP (NUM +tryse))
					   (VAN beton)
					   (PP (P wyth)
					       (NP (NS +gardys)
						   (PP (P of)
						       (NP (N paynones)))))))
		      (, ;)
		      (CONJP (CONJ and)
			     (IP-MAT-SPE=1 (NP-TMP (NUM onys))
					   (VAN beton)
					   (PP (P wyth)
					       (NP (NS stons)))))
		      (, ;)
		      (CONJP (CONJ and)
			     (IP-MAT-SPE=1 (NP-TMP (NUM +tryse))
					   (BEN ben)
					   (PP (P yn)
					       (NP (N+N schipwrak)))
					   (PP (P on)
					       (NP (D +te) (N see)))
					   (, ,)
					   (IP-MAT-PRN-SPE (CONJ and)
							   (NP-SBJ *con*)
							   (BED was)
							   (PP (P yn)
							       (NP (D +te)
								   (N grond)
								   (PP (P of)
								       (NP (D +te) (N see)))))
							   (NP-MSR (NP (ONE on) (N nyght))
								   (CONJP (CONJ and)
									  (NP (ONE on) (N day)))))))
		      (, ;)
		      (CONJP (CONJ and)
			     (IP-MAT-SPE=1 (NP-TMP (ADV+N ofte-tyme))
					   (PP (PP (P in)
						   (NP (N pareyle)
						       (PP (P of)
							   (NP (NS flodys)))))
					       (, ,)
					       (CONJP (CONJ and)
						      (PP (P yn)
							  (NP (N pareyl)
							      (PP (P of)
								  (NP (NS +teves))))))
					       (, ,)
					       (CONJP (CONJ and)
						      (PP (P yn)
							  (NP (N pareyle)
							      (PP (P of)
								  (NP (ADJ fals)
								      (NS bre+tern)
								      (CP-REL-SPE (WNP-2 0)
										  (C +tat)
										  (IP-SUB-SPE (IP-SUB-SPE (NP-SBJ *T*-2)
													  (VBD schewedon)
													  (NP-OB1 (PRO hom))
													  (PP (P to)
													      (NP (PRO me)))
													  (ADJP-SPR (VAG louyng) (CONJ and) (ADJ trewe)))
											      (, ,)
											      (CONJP (CONJ and)
												     (IP-SUB-SPE (NP-SBJ *T*-2)
														 (BED werne)
														 (ADJP (ADJ false))))
											      (CONJP (CONJ and)
												     (IP-SUB-SPE (NP-SBJ *T*-2)
														 (VBD entyset)
														 (NP-OB1 (OTHERS o+ter))
														 (IP-INF-SPE (TO to)
															     (DO do)
															     (NP-OB2 (PRO me))
															     (NP-OB1 (N doses))))))))))))))))
	  (. .)
	  (' '))
  (ID CMMIRK,70.1894))
/*
FOOTER
  source file, hits/tokens/total
  C:\Users\Shoo\Dropbox\workspace\CorpusSearch_Auto\data\corporas\PPCME2\temp1492106398658\homilies_and_sermons\cmmirk.m34.psd	1/1/3708
*/
/*
HEADER:
source file:  C:\Users\Shoo\Dropbox\workspace\CorpusSearch_Auto\data\corporas\PPCME2\temp1492106398658\homilies_and_sermons\cmorm.m1.psd
*/
/*
FOOTER
  source file, hits/tokens/total
  C:\Users\Shoo\Dropbox\workspace\CorpusSearch_Auto\data\corporas\PPCME2\temp1492106398658\homilies_and_sermons\cmorm.m1.psd	0/0/2638
*/
/*
HEADER:
source file:  C:\Users\Shoo\Dropbox\workspace\CorpusSearch_Auto\data\corporas\PPCME2\temp1492106398658\homilies_and_sermons\cmroyal.m34.psd
*/
/*
FOOTER
  source file, hits/tokens/total
  C:\Users\Shoo\Dropbox\workspace\CorpusSearch_Auto\data\corporas\PPCME2\temp1492106398658\homilies_and_sermons\cmroyal.m34.psd	0/0/399
*/
/*
HEADER:
source file:  C:\Users\Shoo\Dropbox\workspace\CorpusSearch_Auto\data\corporas\PPCME2\temp1492106398658\homilies_and_sermons\cmsawles.m1.psd
*/
/*
FOOTER
  source file, hits/tokens/total
  C:\Users\Shoo\Dropbox\workspace\CorpusSearch_Auto\data\corporas\PPCME2\temp1492106398658\homilies_and_sermons\cmsawles.m1.psd	0/0/276
*/
/*
HEADER:
source file:  C:\Users\Shoo\Dropbox\workspace\CorpusSearch_Auto\data\corporas\PPCME2\temp1492106398658\homilies_and_sermons\cmtrinit.mx1.psd
*/
/*
FOOTER
  source file, hits/tokens/total
  C:\Users\Shoo\Dropbox\workspace\CorpusSearch_Auto\data\corporas\PPCME2\temp1492106398658\homilies_and_sermons\cmtrinit.mx1.psd	0/0/3074
*/
/*
HEADER:
source file:  C:\Users\Shoo\Dropbox\workspace\CorpusSearch_Auto\data\corporas\PPCME2\temp1492106398658\homilies_and_sermons\cmwycser.m3.psd
*/

/~*
And +tere was of +te peple, hungry and longe $fastyng, as it were fowre
+towsande.
(CMWYCSER,249.460)
*~/
/*
30 VAG:  30 VAG, 31 $fastyng, 19 ADJP-SPR
*/

( (IP-MAT (CONJ And)
	  (NP-SBJ-1 (EX +tere))
	  (BED was)
	  (PP (P of)
	      (NP (D +te) (N peple)))
	  (, ,)
	  (ADJP-SPR (ADJP (ADJ hungry))
		    (CONJP (CONJ and)
			   (ADJP (NP-MSR (ADJ longe))
				 (VAG $fastyng))))
	  (, ,)
	  (NP-1 (PP (P as)
		    (CP-ADV (C 0)
			    (IP-SUB (NP-SBJ (PRO it))
				    (BED were))))
		(NUMP (NUM fowre) (NUM +towsande)))
	  (. .))
  (ID CMWYCSER,249.460))
/*
FOOTER
  source file, hits/tokens/total
  C:\Users\Shoo\Dropbox\workspace\CorpusSearch_Auto\data\corporas\PPCME2\temp1492106398658\homilies_and_sermons\cmwycser.m3.psd	1/1/3911
*/
/*
SUMMARY:  
source files, hits/tokens/total
  C:\Users\Shoo\Dropbox\workspace\CorpusSearch_Auto\data\corporas\PPCME2\temp1492106398658\homilies_and_sermons\cmcapser.m4.psd	0/0/91
  C:\Users\Shoo\Dropbox\workspace\CorpusSearch_Auto\data\corporas\PPCME2\temp1492106398658\homilies_and_sermons\cmfitzja.m4.psd	1/1/228
  C:\Users\Shoo\Dropbox\workspace\CorpusSearch_Auto\data\corporas\PPCME2\temp1492106398658\homilies_and_sermons\cmgaytry.m34.psd	0/0/199
  C:\Users\Shoo\Dropbox\workspace\CorpusSearch_Auto\data\corporas\PPCME2\temp1492106398658\homilies_and_sermons\cminnoce.m4.psd	0/0/208
  C:\Users\Shoo\Dropbox\workspace\CorpusSearch_Auto\data\corporas\PPCME2\temp1492106398658\homilies_and_sermons\cmkentho.m1.psd	0/0/298
  C:\Users\Shoo\Dropbox\workspace\CorpusSearch_Auto\data\corporas\PPCME2\temp1492106398658\homilies_and_sermons\cmkentse.m2.psd	0/0/231
  C:\Users\Shoo\Dropbox\workspace\CorpusSearch_Auto\data\corporas\PPCME2\temp1492106398658\homilies_and_sermons\cmlamb1.m1.psd	0/0/526
  C:\Users\Shoo\Dropbox\workspace\CorpusSearch_Auto\data\corporas\PPCME2\temp1492106398658\homilies_and_sermons\cmlambx1.mx1.psd	1/1/1410
  C:\Users\Shoo\Dropbox\workspace\CorpusSearch_Auto\data\corporas\PPCME2\temp1492106398658\homilies_and_sermons\cmmirk.m34.psd	1/1/3708
  C:\Users\Shoo\Dropbox\workspace\CorpusSearch_Auto\data\corporas\PPCME2\temp1492106398658\homilies_and_sermons\cmorm.m1.psd	0/0/2638
  C:\Users\Shoo\Dropbox\workspace\CorpusSearch_Auto\data\corporas\PPCME2\temp1492106398658\homilies_and_sermons\cmroyal.m34.psd	0/0/399
  C:\Users\Shoo\Dropbox\workspace\CorpusSearch_Auto\data\corporas\PPCME2\temp1492106398658\homilies_and_sermons\cmsawles.m1.psd	0/0/276
  C:\Users\Shoo\Dropbox\workspace\CorpusSearch_Auto\data\corporas\PPCME2\temp1492106398658\homilies_and_sermons\cmtrinit.mx1.psd	0/0/3074
  C:\Users\Shoo\Dropbox\workspace\CorpusSearch_Auto\data\corporas\PPCME2\temp1492106398658\homilies_and_sermons\cmwycser.m3.psd	1/1/3911
whole search, hits/tokens/total
		4/4/17197
*/
