/*
PREFACE:  
Copyright 2010 Beth Randall
Date:  Thu Apr 13 18:59:20 BST 2017

command file:     data\searches\queries\PENN\stranded_prepositions.q
output file:      C:\Users\Shoo\Dropbox\workspace\CorpusSearch_Auto\data\output\13-04-2017 18.46.36.333 PPCMBE\stranded_prepositions\travelogue\result.out

node:   *|P
query:  (P Dominates  !P) 
  AND  (* iDomsLast  P) 
*/
/*
HEADER:
source file:  C:\Users\Shoo\Dropbox\workspace\CorpusSearch_Auto\data\corporas\PPCMBE\temp1492106160469\travelogue\bradley-1905.psd
*/
/*
FOOTER
  source file, hits/tokens/total
  C:\Users\Shoo\Dropbox\workspace\CorpusSearch_Auto\data\corporas\PPCMBE\temp1492106160469\travelogue\bradley-1905.psd	0/0/437
*/
/*
HEADER:
source file:  C:\Users\Shoo\Dropbox\workspace\CorpusSearch_Auto\data\corporas\PPCMBE\temp1492106160469\travelogue\cook-1776.psd
*/

/~*
She took and played with the dog a considerable time, till he barked, which so
affrighted her that she let him go, and would never suffer him to come near
her afterwards, but kept as far from him as possible.
(COOK-1776,28.493)
*~/
/*
13 P:  13 P, 14 with, 12 PP
*/
( (IP-MAT-1 (NP-SBJ (PRO She))
	    (VBD took)
	    (IP-MAT-PRN=1 (CONJ and)
			  (VBD played)
			  (PP (P with)))
	    (NP-OB1 (D the) (N dog))
	    (NP-MSR (D a) (ADJ considerable) (N time))
	    (, ,)
	    (PP (P till)
		(CP-ADV (C 0)
			(IP-SUB (NP-SBJ (PRO he))
				(VBD barked)
				(, ,)
				(CP-CAR (WNP-2 (WPRO which))
					(C 0)
					(IP-SUB (NP-SBJ *T*-2)
						(ADVP (ADVR so)
						      (CP-DEG *ICH*-3))
						(VBD affrighted)
						(NP-OB1 (PRO her))
						(CP-DEG-3 (C that)
							  (IP-SUB (IP-SUB (NP-SBJ (PRO she))
									  (VBD let)
									  (IP-INF (NP-SBJ (PRO him))
										  (VB go)))
								  (, ,)
								  (CONJP (CONJ and)
									 (IP-SUB (NP-SBJ *con*)
										 (MD would)
										 (ADVP-TMP (ADV never))
										 (VB suffer)
										 (NP-OB1 (PRO him))
										 (IP-INF (TO to)
											 (VB come)
											 (ADJP-LOC (ADJ near)
												   (NP (PRO her))))
										 (ADVP-TMP (ADV+WARD afterwards))))
								  (, ,)
								  (CONJP (CONJ but)
									 (IP-SUB (NP-SBJ *con*)
										 (VBD kept)
										 (ADJP-LOC (ADJP (ADVR as) (ADJ far))
											   (PP (P from)
											       (NP (PRO him)))
											   (PP (P as)
											       (ADJP (ADJ possible)))))))))))))
	    (. .))
  (ID COOK-1776,28.493))

/~*
The thought of the ship's being alive must be very natural to those who never
saw or heard of a ship before,
(COOK-1776,31.616)
*~/
/*
57 P:  57 P, 58 of, 56 PP
*/

( (IP-MAT (NP-SBJ (D The)
		  (N thought)
		  (PP (P of)
		      (NP (NP-POS (D the) (N$ ship's))
			  (IP-PPL (BAG being)
				  (ADJP (P+N alive))))))
	  (MD must)
	  (BE be)
	  (ADJP (ADV very) (ADJ natural))
	  (PP (P to)
	      (NP (D those)
		  (CP-REL (WNP-1 (WPRO who))
			  (C 0)
			  (IP-SUB-2 (NP-SBJ *T*-1)
				    (ADVP-TMP (ADV never))
				    (VBD saw)
				    (IP-SUB-PRN=2 (CONJ or)
						  (VBD heard)
						  (PP (P of)))
				    (NP-OB1 (D a) (N ship))
				    (ADVP-TMP (ADV before))))))
	  (. ,))
  (ID COOK-1776,31.616))

/~*
As soon as they saw the war canoe they ran up and down the ship like
distracted people, not knowing which way to escape.
(COOK-1776,38.821)
*~/
/*
41 P:  41 P, 42 down, 36 P
*/

( (IP-MAT (ADVP-TMP (ADVR As)
		    (ADV soon)
		    (PP (P as)
			(CP-CMP (WADVP-1 0)
				(C 0)
				(IP-SUB (ADVP-TMP *T*-1)
					(NP-SBJ (PRO they))
					(VBD saw)
					(NP-OB1 (D the) (N war) (N canoe))))))
	  (NP-SBJ (PRO they))
	  (VBD ran)
	  (PP (P (P up) (CONJ and) (P down))
	      (NP (D the) (N ship)))
	  (ADJP-SPR (ADJ like)
		    (NP (VAN distracted) (NS people)))
	  (, ,)
	  (IP-PPL (NEG not)
		  (VAG knowing)
		  (CP-QUE (WNP-2 (WD which) (N way))
			  (IP-INF (NP-DIR *T*-2)
				  (TO to)
				  (VB escape))))
	  (. .))
  (ID COOK-1776,38.821))
/*
FOOTER
  source file, hits/tokens/total
  C:\Users\Shoo\Dropbox\workspace\CorpusSearch_Auto\data\corporas\PPCMBE\temp1492106160469\travelogue\cook-1776.psd	3/3/829
*/
/*
HEADER:
source file:  C:\Users\Shoo\Dropbox\workspace\CorpusSearch_Auto\data\corporas\PPCMBE\temp1492106160469\travelogue\cooke-1712.psd
*/

/~*
Whilst the Messages went forward and backward, to and from Mexico, and
Ferdinand Cortes prepar'd to advance to that City, Embassadors came to him,
from the neighbouring Province of Zempoala, to settle a strict Amity with him,
and declaring themselves mortal Enemies to the Mexicans, for their
Incroachments and Cruelty; which was very acceptable to Cortes, who, by this
Means, understood, that Motezuma was a haughty Tyrant, and as such hated by
his own Subjects, as well as Neighbours.
(COOKE-1712,1,419.28)
*~/
/*
32 P:  32 P, 33 from, 27 P
*/

( (IP-MAT (PP (P Whilst)
	      (CP-ADV (C 0)
		      (IP-SUB (IP-SUB (NP-SBJ (D the) (NS Messages))
				      (VBD went)
				      (ADVP-DIR (ADV+WARD forward) (CONJ and) (ADV+WARD backward))
				      (, ,)
				      (PP (P (P to) (CONJ and) (P from))
					  (CODE <font>)
					  (NP (NPR Mexico))))
			      (CODE <$$font>)
			      (, ,)
			      (CONJP (CONJ and)
				     (CODE <font>)
				     (IP-SUB (NP-SBJ (NPR Ferdinand) (NPR Cortes))
					     (CODE <$$font>)
					     (VBD prepar'd)
					     (IP-INF (TO to)
						     (VB advance)
						     (PP (P to)
							 (NP (D that) (N City)))))))))
	  (, ,)
	  (NP-SBJ (NS Embassadors)
		  (PP *ICH*-1))
	  (CODE <P_1,419>)
	  (VBD came)
	  (PP (P to)
	      (NP (PRO him)))
	  (, ,)
	  (PP-1 (P from)
		(NP (D the)
		    (VAG neighbouring)
		    (N Province)
		    (PP (P of)
			(CODE <font>)
			(NP (NPR Zempoala)))))
	  (CODE <$$font>)
	  (, ,)
	  (IP-INF-PRP (TO to)
		      (VB settle)
		      (NP-OB1 (D a) (ADJ strict) (N Amity))
		      (PP (P with)
			  (NP (PRO him))))
	  (, ,)
	  (IP-PPL (CONJ and)
		  (VAG declaring)
		  (IP-SMC (NP-SBJ (PRO+N themselves))
			  (NP-OB1 (ADJ mortal)
				  (NS Enemies)
				  (PP (P to)
				      (NP (D the) (CODE <font>) (NPRS Mexicans))))
			  (CODE <$$font>)
			  (, ,)
			  (PP (P for)
			      (NP (PRO$ their)
				  (NS Incroachments)
				  (CONJP (CONJ and)
					 (NX (N Cruelty))))))
		  (, ;)
		  (CP-CAR (WNP-2 (WPRO which))
			  (C 0)
			  (IP-SUB (NP-SBJ *T*-2)
				  (BED was)
				  (ADJP (ADV very)
					(ADJ acceptable)
					(PP (P to)
					    (CODE <font>)
					    (NP (NPR Cortes)
						(CODE <$$font>)
						(, ,)
						(CP-REL (WNP-3 (WPRO who))
							(, ,)
							(C 0)
							(IP-SUB (NP-SBJ *T*-3)
								(PP (P by)
								    (NP (D this) (N Means)))
								(, ,)
								(VBD understood)
								(, ,)
								(CP-THT (C that)
									(CODE <font>)
									(IP-SUB (IP-SUB-4 (NP-SBJ (NPR Motezuma))
											  (CODE <$$font>)
											  (BED was)
											  (NP-OB1 (D a) (ADJ haughty) (N Tyrant)))
										(, ,)
										(CONJP (CONJ and)
										       (IP-SUB=4 (PP (P as)
												     (NP (SUCH such)))
												 (VAN hated)
												 (PP (P by)
												     (NP (PRO$ his) (ADJ own) (NS Subjects)))
												 (, ,)
												 (ADVP (ADVR as)
												       (ADV well)
												       (PP (P as)
													   (NP (NS Neighbours))))))))))))))))
	  (. .))
  (ID COOKE-1712,1,419.28))

/~*
In speaking of the several Adventurers into the South Sea, we brought Sir
Francis Drake to the North Part of the Coast of Peru, whence he continu'd his
Course still Northward, out at Sea, without ever touching, or coming in Sight
of the Coast of New Spain, 'till the 5th of June 1578, when being in the
Latitude of 43 Degrees, and finding it very cold, he stood in for the Land,
which they tell us was not mountainous, and fell into a good Bay, in 38
Degrees Latitude.
(COOKE-1712,1,432.196)
*~/
/*
148 P:  148 P, 149 of, 147 PP
*/

( (IP-MAT (PP (P In)
	      (IP-PPL (VAG speaking)
		      (PP (P of)
			  (NP (D the)
			      (Q several)
			      (NS Adventurers)
			      (PP (P into)
				  (NP (D the) (CODE <font>) (NPR South) (NPR Sea)))))))
	  (CODE <$$font>)
	  (, ,)
	  (NP-SBJ (PRO we))
	  (VBD brought)
	  (NP-OB1 (NPR Sir) (CODE <font>) (NPR Francis) (NPR Drake))
	  (CODE <$$font>)
	  (PP (P to)
	      (NP (D the)
		  (CODE <font>)
		  (N North)
		  (CODE <$$font>)
		  (N Part)
		  (PP (P of)
		      (NP (D the)
			  (N Coast)
			  (PP (P of)
			      (CODE <font>)
			      (NP (NPR Peru)))))
		  (CODE <$$font>)
		  (, ,)
		  (CP-REL (WADVP-1 (WADV whence))
			  (C 0)
			  (IP-SUB (ADVP *T*-1)
				  (NP-SBJ (PRO he))
				  (VBD continu'd)
				  (NP-OB1 (PRO$ his) (N Course))
				  (ADVP-TMP (ADV still))
				  (CODE <font>)
				  (NP-DIR (N+WARD Northward))
				  (CODE <$$font>)
				  (, ,)
				  (PP (RP out)
				      (P at)
				      (NP (N Sea)))
				  (, ,)
				  (PP (P without)
				      (IP-PPL-2 (ADVP-TMP (ADV ever))
						(VAG touching)
						(, ,)
						(IP-PPL-PRN=2 (CONJ or)
							      (VAG coming)
							      (PP (P in)
								  (NP (N Sight)
								      (PP (P of)))))
						(NP-OB1 (D the)
							(N Coast)
							(PP (P of)
							    (CODE <font>)
							    (NP (ADJ New) (NPR Spain))))
						(CODE <$$font>)
						(, ,)
						(PP (P 'till)
						    (NP (D the)
							(ADJ 5th)
							(PP (P of)
							    (CODE <font>)
							    (NP (NPR June) (CODE <$$font>) (NUM 1578)))
							(, ,)
							(CP-REL (WADVP-3 (WADV when))
								(C 0)
								(IP-SUB (IP-SUB (ADVP-TMP *T*-3)
										(IP-PPL (IP-PPL (BAG being)
												(PP (P in)
												    (NP (D the)
													(N Latitude)
													(PP (P of)
													    (NP (NUM 43) (NS Degrees))))))
											(, ,)
											(CONJP (CONJ and)
											       (IP-PPL (VAG finding)
												       (IP-SMC (NP-SBJ (PRO it))
													       (ADJP (ADV very) (ADJ cold))))))
										(, ,)
										(NP-SBJ (PRO he))
										(VBD stood)
										(PP (RP in)
										    (P for)
										    (NP (D the)
											(N Land)
											(, ,)
											(CP-REL (WNP-4 (WPRO which))
												(C 0)
												(IP-SUB (NP-SBJ (PRO they))
													(VBP tell)
													(NP-OB2 (PRO us))
													(CP-THT (C 0)
														(IP-SUB (NP-SBJ *T*-4)
															(BED was)
															(NEG not)
															(ADJP (ADJ mountainous)))))))))
									(, ,)
									(CONJP (CONJ and)
									       (IP-SUB (ADVP-TMP *T*-3)
										       (NP-SBJ *con*)
										       (VBD fell)
										       (PP (P into)
											   (NP (D a) (ADJ good) (N Bay)))
										       (, ,)
										       (PP (P in)
											   (NP (NP-MSR (NUM 38) (NS Degrees))
											       (N Latitude)))))))))))))))
	  (. .))
  (ID COOKE-1712,1,432.196))
/*
FOOTER
  source file, hits/tokens/total
  C:\Users\Shoo\Dropbox\workspace\CorpusSearch_Auto\data\corporas\PPCMBE\temp1492106160469\travelogue\cooke-1712.psd	2/2/545
*/
/*
HEADER:
source file:  C:\Users\Shoo\Dropbox\workspace\CorpusSearch_Auto\data\corporas\PPCMBE\temp1492106160469\travelogue\montefiore-1836.psd
*/
/*
FOOTER
  source file, hits/tokens/total
  C:\Users\Shoo\Dropbox\workspace\CorpusSearch_Auto\data\corporas\PPCMBE\temp1492106160469\travelogue\montefiore-1836.psd	0/0/614
*/
/*
HEADER:
source file:  C:\Users\Shoo\Dropbox\workspace\CorpusSearch_Auto\data\corporas\PPCMBE\temp1492106160469\travelogue\officer-1744.psd
*/

/~*
thus furnished he diverted and provided for himself as well as he could.
(OFFICER-1744,240.588)
*~/
/*
19 P:  19 P, 20 for, 18 PP
*/

( (IP-MAT-1 (IP-PPL (ADVP (ADV thus))
		    (VAN furnished))
	    (NP-SBJ (PRO he))
	    (VBD diverted)
	    (IP-MAT-PRN=1 (CONJ and)
			  (VBD provided)
			  (PP (P for)))
	    (NP-RFL (PRO+N himself))
	    (ADVP (ADVR as)
		  (ADV well)
		  (PP (P as)
		      (CP-CMP (WADVP-2 0)
			      (C 0)
			      (IP-SUB (ADVP *T*-2)
				      (NP-SBJ (PRO he))
				      (MD could)
				      (VB *)))))
	    (. .))
  (ID OFFICER-1744,240.588))
/*
FOOTER
  source file, hits/tokens/total
  C:\Users\Shoo\Dropbox\workspace\CorpusSearch_Auto\data\corporas\PPCMBE\temp1492106160469\travelogue\officer-1744.psd	1/1/761
*/
/*
HEADER:
source file:  C:\Users\Shoo\Dropbox\workspace\CorpusSearch_Auto\data\corporas\PPCMBE\temp1492106160469\travelogue\reade-1863.psd
*/
/*
FOOTER
  source file, hits/tokens/total
  C:\Users\Shoo\Dropbox\workspace\CorpusSearch_Auto\data\corporas\PPCMBE\temp1492106160469\travelogue\reade-1863.psd	0/0/706
*/
/*
HEADER:
source file:  C:\Users\Shoo\Dropbox\workspace\CorpusSearch_Auto\data\corporas\PPCMBE\temp1492106160469\travelogue\turner2-1800.psd
*/
/*
FOOTER
  source file, hits/tokens/total
  C:\Users\Shoo\Dropbox\workspace\CorpusSearch_Auto\data\corporas\PPCMBE\temp1492106160469\travelogue\turner2-1800.psd	0/0/527
*/
/*
SUMMARY:  
source files, hits/tokens/total
  C:\Users\Shoo\Dropbox\workspace\CorpusSearch_Auto\data\corporas\PPCMBE\temp1492106160469\travelogue\bradley-1905.psd	0/0/437
  C:\Users\Shoo\Dropbox\workspace\CorpusSearch_Auto\data\corporas\PPCMBE\temp1492106160469\travelogue\cook-1776.psd	3/3/829
  C:\Users\Shoo\Dropbox\workspace\CorpusSearch_Auto\data\corporas\PPCMBE\temp1492106160469\travelogue\cooke-1712.psd	2/2/545
  C:\Users\Shoo\Dropbox\workspace\CorpusSearch_Auto\data\corporas\PPCMBE\temp1492106160469\travelogue\montefiore-1836.psd	0/0/614
  C:\Users\Shoo\Dropbox\workspace\CorpusSearch_Auto\data\corporas\PPCMBE\temp1492106160469\travelogue\officer-1744.psd	1/1/761
  C:\Users\Shoo\Dropbox\workspace\CorpusSearch_Auto\data\corporas\PPCMBE\temp1492106160469\travelogue\reade-1863.psd	0/0/706
  C:\Users\Shoo\Dropbox\workspace\CorpusSearch_Auto\data\corporas\PPCMBE\temp1492106160469\travelogue\turner2-1800.psd	0/0/527
whole search, hits/tokens/total
		6/6/4419
*/
