/*
PREFACE:  
Copyright 2010 Beth Randall
Date:  Thu Apr 13 19:01:42 BST 2017

command file:     data\searches\queries\PENN\progressive_forms_as_auxiliaries.q
output file:      C:\Users\Shoo\Dropbox\workspace\CorpusSearch_Auto\data\output\13-04-2017 18.46.36.333 PPCME2\progressive_forms_as_auxiliaries\medicine_handbooks_religious_and_educational_treatises\result.out

node:   MD|BAG*|HAG*|VAG*|DAG*
query:  (BAG*|HAG*|VAG*|DAG* Dominates  !BAG*|HAG*|VAG*|DAG*) 
  AND  (MD Dominates  BAG*|HAG*|VAG*|DAG*) 
*/
/*
HEADER:
source file:  C:\Users\Shoo\Dropbox\workspace\CorpusSearch_Auto\data\corporas\PPCME2\temp1492106398658\medicine_handbooks_religious_and_educational_treatises\cmaelr4.m4.psd
*/
/*
FOOTER
  source file, hits/tokens/total
  C:\Users\Shoo\Dropbox\workspace\CorpusSearch_Auto\data\corporas\PPCME2\temp1492106398658\medicine_handbooks_religious_and_educational_treatises\cmaelr4.m4.psd	0/0/767
*/
/*
HEADER:
source file:  C:\Users\Shoo\Dropbox\workspace\CorpusSearch_Auto\data\corporas\PPCME2\temp1492106398658\medicine_handbooks_religious_and_educational_treatises\cmancriw-1.m1.psd
*/
/*
FOOTER
  source file, hits/tokens/total
  C:\Users\Shoo\Dropbox\workspace\CorpusSearch_Auto\data\corporas\PPCME2\temp1492106398658\medicine_handbooks_religious_and_educational_treatises\cmancriw-1.m1.psd	0/0/3558
*/
/*
HEADER:
source file:  C:\Users\Shoo\Dropbox\workspace\CorpusSearch_Auto\data\corporas\PPCME2\temp1492106398658\medicine_handbooks_religious_and_educational_treatises\cmancriw-2.m1.psd
*/
/*
FOOTER
  source file, hits/tokens/total
  C:\Users\Shoo\Dropbox\workspace\CorpusSearch_Auto\data\corporas\PPCME2\temp1492106398658\medicine_handbooks_religious_and_educational_treatises\cmancriw-2.m1.psd	0/0/1163
*/
/*
HEADER:
source file:  C:\Users\Shoo\Dropbox\workspace\CorpusSearch_Auto\data\corporas\PPCME2\temp1492106398658\medicine_handbooks_religious_and_educational_treatises\cmayenbi.m2.psd
*/
/*
FOOTER
  source file, hits/tokens/total
  C:\Users\Shoo\Dropbox\workspace\CorpusSearch_Auto\data\corporas\PPCME2\temp1492106398658\medicine_handbooks_religious_and_educational_treatises\cmayenbi.m2.psd	0/0/2757
*/
/*
HEADER:
source file:  C:\Users\Shoo\Dropbox\workspace\CorpusSearch_Auto\data\corporas\PPCME2\temp1492106398658\medicine_handbooks_religious_and_educational_treatises\cmcloud.m3.psd
*/
/*
FOOTER
  source file, hits/tokens/total
  C:\Users\Shoo\Dropbox\workspace\CorpusSearch_Auto\data\corporas\PPCME2\temp1492106398658\medicine_handbooks_religious_and_educational_treatises\cmcloud.m3.psd	0/0/828
*/
/*
HEADER:
source file:  C:\Users\Shoo\Dropbox\workspace\CorpusSearch_Auto\data\corporas\PPCME2\temp1492106398658\medicine_handbooks_religious_and_educational_treatises\cmctpars.m3.psd
*/
/*
FOOTER
  source file, hits/tokens/total
  C:\Users\Shoo\Dropbox\workspace\CorpusSearch_Auto\data\corporas\PPCME2\temp1492106398658\medicine_handbooks_religious_and_educational_treatises\cmctpars.m3.psd	0/0/1674
*/
/*
HEADER:
source file:  C:\Users\Shoo\Dropbox\workspace\CorpusSearch_Auto\data\corporas\PPCME2\temp1492106398658\medicine_handbooks_religious_and_educational_treatises\cmedthor.m34.psd
*/
/*
FOOTER
  source file, hits/tokens/total
  C:\Users\Shoo\Dropbox\workspace\CorpusSearch_Auto\data\corporas\PPCME2\temp1492106398658\medicine_handbooks_religious_and_educational_treatises\cmedthor.m34.psd	0/0/795
*/
/*
HEADER:
source file:  C:\Users\Shoo\Dropbox\workspace\CorpusSearch_Auto\data\corporas\PPCME2\temp1492106398658\medicine_handbooks_religious_and_educational_treatises\cmedvern.m3.psd
*/
/*
FOOTER
  source file, hits/tokens/total
  C:\Users\Shoo\Dropbox\workspace\CorpusSearch_Auto\data\corporas\PPCME2\temp1492106398658\medicine_handbooks_religious_and_educational_treatises\cmedvern.m3.psd	0/0/936
*/
/*
HEADER:
source file:  C:\Users\Shoo\Dropbox\workspace\CorpusSearch_Auto\data\corporas\PPCME2\temp1492106398658\medicine_handbooks_religious_and_educational_treatises\cmhali.m1.psd
*/
/*
FOOTER
  source file, hits/tokens/total
  C:\Users\Shoo\Dropbox\workspace\CorpusSearch_Auto\data\corporas\PPCME2\temp1492106398658\medicine_handbooks_religious_and_educational_treatises\cmhali.m1.psd	0/0/511
*/
/*
HEADER:
source file:  C:\Users\Shoo\Dropbox\workspace\CorpusSearch_Auto\data\corporas\PPCME2\temp1492106398658\medicine_handbooks_religious_and_educational_treatises\cmhilton.m34.psd
*/
/*
FOOTER
  source file, hits/tokens/total
  C:\Users\Shoo\Dropbox\workspace\CorpusSearch_Auto\data\corporas\PPCME2\temp1492106398658\medicine_handbooks_religious_and_educational_treatises\cmhilton.m34.psd	0/0/218
*/
/*
HEADER:
source file:  C:\Users\Shoo\Dropbox\workspace\CorpusSearch_Auto\data\corporas\PPCME2\temp1492106398658\medicine_handbooks_religious_and_educational_treatises\cmhorses.m3.psd
*/
/*
FOOTER
  source file, hits/tokens/total
  C:\Users\Shoo\Dropbox\workspace\CorpusSearch_Auto\data\corporas\PPCME2\temp1492106398658\medicine_handbooks_religious_and_educational_treatises\cmhorses.m3.psd	0/0/422
*/
/*
HEADER:
source file:  C:\Users\Shoo\Dropbox\workspace\CorpusSearch_Auto\data\corporas\PPCME2\temp1492106398658\medicine_handbooks_religious_and_educational_treatises\cmjulnor.m34.psd
*/
/*
FOOTER
  source file, hits/tokens/total
  C:\Users\Shoo\Dropbox\workspace\CorpusSearch_Auto\data\corporas\PPCME2\temp1492106398658\medicine_handbooks_religious_and_educational_treatises\cmjulnor.m34.psd	0/0/334
*/
/*
HEADER:
source file:  C:\Users\Shoo\Dropbox\workspace\CorpusSearch_Auto\data\corporas\PPCME2\temp1492106398658\medicine_handbooks_religious_and_educational_treatises\cmkempe.m4.psd
*/
/*
FOOTER
  source file, hits/tokens/total
  C:\Users\Shoo\Dropbox\workspace\CorpusSearch_Auto\data\corporas\PPCME2\temp1492106398658\medicine_handbooks_religious_and_educational_treatises\cmkempe.m4.psd	0/0/3853
*/
/*
HEADER:
source file:  C:\Users\Shoo\Dropbox\workspace\CorpusSearch_Auto\data\corporas\PPCME2\temp1492106398658\medicine_handbooks_religious_and_educational_treatises\cmpurvey.m3.psd
*/
/*
FOOTER
  source file, hits/tokens/total
  C:\Users\Shoo\Dropbox\workspace\CorpusSearch_Auto\data\corporas\PPCME2\temp1492106398658\medicine_handbooks_religious_and_educational_treatises\cmpurvey.m3.psd	0/0/2368
*/
/*
HEADER:
source file:  C:\Users\Shoo\Dropbox\workspace\CorpusSearch_Auto\data\corporas\PPCME2\temp1492106398658\medicine_handbooks_religious_and_educational_treatises\cmreynes.m4.psd
*/
/*
FOOTER
  source file, hits/tokens/total
  C:\Users\Shoo\Dropbox\workspace\CorpusSearch_Auto\data\corporas\PPCME2\temp1492106398658\medicine_handbooks_religious_and_educational_treatises\cmreynes.m4.psd	0/0/681
*/
/*
HEADER:
source file:  C:\Users\Shoo\Dropbox\workspace\CorpusSearch_Auto\data\corporas\PPCME2\temp1492106398658\medicine_handbooks_religious_and_educational_treatises\cmrollep.m24.psd
*/
/*
FOOTER
  source file, hits/tokens/total
  C:\Users\Shoo\Dropbox\workspace\CorpusSearch_Auto\data\corporas\PPCME2\temp1492106398658\medicine_handbooks_religious_and_educational_treatises\cmrollep.m24.psd	0/0/1002
*/
/*
HEADER:
source file:  C:\Users\Shoo\Dropbox\workspace\CorpusSearch_Auto\data\corporas\PPCME2\temp1492106398658\medicine_handbooks_religious_and_educational_treatises\cmrolltr.m24.psd
*/
/*
FOOTER
  source file, hits/tokens/total
  C:\Users\Shoo\Dropbox\workspace\CorpusSearch_Auto\data\corporas\PPCME2\temp1492106398658\medicine_handbooks_religious_and_educational_treatises\cmrolltr.m24.psd	0/0/957
*/
/*
HEADER:
source file:  C:\Users\Shoo\Dropbox\workspace\CorpusSearch_Auto\data\corporas\PPCME2\temp1492106398658\medicine_handbooks_religious_and_educational_treatises\cmthorn.mx4.psd
*/
/*
FOOTER
  source file, hits/tokens/total
  C:\Users\Shoo\Dropbox\workspace\CorpusSearch_Auto\data\corporas\PPCME2\temp1492106398658\medicine_handbooks_religious_and_educational_treatises\cmthorn.mx4.psd	0/0/674
*/
/*
HEADER:
source file:  C:\Users\Shoo\Dropbox\workspace\CorpusSearch_Auto\data\corporas\PPCME2\temp1492106398658\medicine_handbooks_religious_and_educational_treatises\cmvices1.m1.psd
*/
/*
FOOTER
  source file, hits/tokens/total
  C:\Users\Shoo\Dropbox\workspace\CorpusSearch_Auto\data\corporas\PPCME2\temp1492106398658\medicine_handbooks_religious_and_educational_treatises\cmvices1.m1.psd	0/0/1893
*/
/*
HEADER:
source file:  C:\Users\Shoo\Dropbox\workspace\CorpusSearch_Auto\data\corporas\PPCME2\temp1492106398658\medicine_handbooks_religious_and_educational_treatises\cmvices4.m34.psd
*/
/*
FOOTER
  source file, hits/tokens/total
  C:\Users\Shoo\Dropbox\workspace\CorpusSearch_Auto\data\corporas\PPCME2\temp1492106398658\medicine_handbooks_religious_and_educational_treatises\cmvices4.m34.psd	0/0/364
*/
/*
SUMMARY:  
source files, hits/tokens/total
  C:\Users\Shoo\Dropbox\workspace\CorpusSearch_Auto\data\corporas\PPCME2\temp1492106398658\medicine_handbooks_religious_and_educational_treatises\cmaelr4.m4.psd	0/0/767
  C:\Users\Shoo\Dropbox\workspace\CorpusSearch_Auto\data\corporas\PPCME2\temp1492106398658\medicine_handbooks_religious_and_educational_treatises\cmancriw-1.m1.psd	0/0/3558
  C:\Users\Shoo\Dropbox\workspace\CorpusSearch_Auto\data\corporas\PPCME2\temp1492106398658\medicine_handbooks_religious_and_educational_treatises\cmancriw-2.m1.psd	0/0/1163
  C:\Users\Shoo\Dropbox\workspace\CorpusSearch_Auto\data\corporas\PPCME2\temp1492106398658\medicine_handbooks_religious_and_educational_treatises\cmayenbi.m2.psd	0/0/2757
  C:\Users\Shoo\Dropbox\workspace\CorpusSearch_Auto\data\corporas\PPCME2\temp1492106398658\medicine_handbooks_religious_and_educational_treatises\cmcloud.m3.psd	0/0/828
  C:\Users\Shoo\Dropbox\workspace\CorpusSearch_Auto\data\corporas\PPCME2\temp1492106398658\medicine_handbooks_religious_and_educational_treatises\cmctpars.m3.psd	0/0/1674
  C:\Users\Shoo\Dropbox\workspace\CorpusSearch_Auto\data\corporas\PPCME2\temp1492106398658\medicine_handbooks_religious_and_educational_treatises\cmedthor.m34.psd	0/0/795
  C:\Users\Shoo\Dropbox\workspace\CorpusSearch_Auto\data\corporas\PPCME2\temp1492106398658\medicine_handbooks_religious_and_educational_treatises\cmedvern.m3.psd	0/0/936
  C:\Users\Shoo\Dropbox\workspace\CorpusSearch_Auto\data\corporas\PPCME2\temp1492106398658\medicine_handbooks_religious_and_educational_treatises\cmhali.m1.psd	0/0/511
  C:\Users\Shoo\Dropbox\workspace\CorpusSearch_Auto\data\corporas\PPCME2\temp1492106398658\medicine_handbooks_religious_and_educational_treatises\cmhilton.m34.psd	0/0/218
  C:\Users\Shoo\Dropbox\workspace\CorpusSearch_Auto\data\corporas\PPCME2\temp1492106398658\medicine_handbooks_religious_and_educational_treatises\cmhorses.m3.psd	0/0/422
  C:\Users\Shoo\Dropbox\workspace\CorpusSearch_Auto\data\corporas\PPCME2\temp1492106398658\medicine_handbooks_religious_and_educational_treatises\cmjulnor.m34.psd	0/0/334
  C:\Users\Shoo\Dropbox\workspace\CorpusSearch_Auto\data\corporas\PPCME2\temp1492106398658\medicine_handbooks_religious_and_educational_treatises\cmkempe.m4.psd	0/0/3853
  C:\Users\Shoo\Dropbox\workspace\CorpusSearch_Auto\data\corporas\PPCME2\temp1492106398658\medicine_handbooks_religious_and_educational_treatises\cmpurvey.m3.psd	0/0/2368
  C:\Users\Shoo\Dropbox\workspace\CorpusSearch_Auto\data\corporas\PPCME2\temp1492106398658\medicine_handbooks_religious_and_educational_treatises\cmreynes.m4.psd	0/0/681
  C:\Users\Shoo\Dropbox\workspace\CorpusSearch_Auto\data\corporas\PPCME2\temp1492106398658\medicine_handbooks_religious_and_educational_treatises\cmrollep.m24.psd	0/0/1002
  C:\Users\Shoo\Dropbox\workspace\CorpusSearch_Auto\data\corporas\PPCME2\temp1492106398658\medicine_handbooks_religious_and_educational_treatises\cmrolltr.m24.psd	0/0/957
  C:\Users\Shoo\Dropbox\workspace\CorpusSearch_Auto\data\corporas\PPCME2\temp1492106398658\medicine_handbooks_religious_and_educational_treatises\cmthorn.mx4.psd	0/0/674
  C:\Users\Shoo\Dropbox\workspace\CorpusSearch_Auto\data\corporas\PPCME2\temp1492106398658\medicine_handbooks_religious_and_educational_treatises\cmvices1.m1.psd	0/0/1893
  C:\Users\Shoo\Dropbox\workspace\CorpusSearch_Auto\data\corporas\PPCME2\temp1492106398658\medicine_handbooks_religious_and_educational_treatises\cmvices4.m34.psd	0/0/364
whole search, hits/tokens/total
		0/0/25755
*/
