/*
PREFACE:  
Copyright 2010 Beth Randall
Date:  Thu Apr 13 18:49:30 BST 2017

command file:     data\searches\queries\YCOE\progressive_forms_in_participal_phrases.q
output file:      C:\Users\Shoo\Dropbox\workspace\CorpusSearch_Auto\data\output\13-04-2017 18.46.36.333 YCOE\progressive_forms_in_participal_phrases\fiction_romances_dramacomedies_and_verse\result.out

node:   PTP*|AXG*|BAG*|HAG*|VAG*
query:  (AXG*|BAG*|HAG*|VAG* Dominates  !AXG*|BAG*|HAG*|VAG*) 
  AND  (PTP* Dominates  AXG*|BAG*|HAG*|VAG*) 
*/
/*
HEADER:
source file:  C:\Users\Shoo\Dropbox\workspace\CorpusSearch_Auto\data\corporas\YCOE\temp1492105600559\fiction_romances_dramacomedies_and_verse\coapollo.o3.psd
*/

/~*
Mid +ti +te heo becom to giftelicre yldo, +ta gyrnde hyre m+anig m+are man
micele m+ar+da beodende.
(coapollo,ApT:1.4.6)
*~/
/*
48 VAG^N:  48 VAG^N, 49 beodende, 42 PTP-NOM
*/
( (CODE <T06080000400,1.4>)
  (IP-MAT (CP-ADV (P Mid)
		  (D^I +ti)
		  (C +te)
		  (IP-SUB (NP-NOM (PRO^N heo))
			  (VBDI becom)
			  (PP (P to)
			      (NP-DAT (ADJ^D giftelicre) (N^D yldo)))))
	  (, ,)
	  (ADVP-TMP (ADV^T +ta))
	  (VBD gyrnde)
	  (NP-DAT (PRO^D hyre))
	  (NP-NOM (Q^N m+anig)
		  (ADJ^N m+are)
		  (N^N man)
		  (PTP-NOM (NP-ACC (Q^A micele) (N^A m+ar+da))
			   (VAG^N beodende)))
	  (. .))
  (ID coapollo,ApT:1.4.6))

/~*
And to +dam +t+at he +te lengc brucan mihte his dohtor arleasan bridbeddes and
him fram adryfan +ta +de hyre girndon to rihtum gesynscipum, he asette +da
r+adels +tus cwe+dende:
(coapollo,ApT:3.5.29)
*~/
/*
91 VAG^N:  91 VAG^N, 92 cwe+dende, 87 PTP-NOM
*/

( (CODE <T06080001900,3.5>)
  (IP-MAT (CONJ And)
	  (CP-ADV (P to)
		  (D^D +dam)
		  (C +t+at)
		  (IP-SUB (IP-SUB-0 (NP-NOM (PRO^N he))
				    (CODE <TEXT:hi>)
				    (ADVP-TMP (D^I +te) (ADVR^T lengc))
				    (VB brucan)
				    (MDD mihte)
				    (NP-GEN (NP-GEN (PRO$ his) (N^G dohtor))
					    (ADJ^G arleasan)
					    (N^G bridbeddes)))
			  (CONJP (CONJ and)
				 (IPX-SUB-CON=0 (PP (NP-DAT-RFL (PRO^D him))
						    (P fram))
						(VB adryfan)
						(NP-ACC (D^A +ta)
							(CP-REL (WNP-NOM-1 0)
								(C +de)
								(IP-SUB (NP-NOM *T*-1)
									(NP-DAT (PRO^D hyre))
									(VBDI girndon)
									(PP (P to)
									    (NP-DAT (ADJ^D rihtum) (N^D gesynscipum))))))))))
	  (, ,)
	  (NP-NOM (PRO^N he))
	  (VBD asette)
	  (NP-ACC (D^A +da) (N^A r+adels))
	  (PTP-NOM (ADVP (ADV +tus))
		   (VAG^N cwe+dende))
	  (. :))
  (ID coapollo,ApT:3.5.29))

/~*
He +ta Antiochus se cyningc gesette +tis geban +tus cwe+dende:
(coapollo,ApT:7.23.111)
*~/
/*
31 VAG^N:  31 VAG^N, 32 cwe+dende, 27 PTP-NOM
*/

( (CODE <T06080005400,7.23>)
  (IP-MAT (NP-NOM (PRO^N He)
		  (NP-NOM-PRN *ICH*-1))
	  (ADVP-TMP (ADV^T +ta))
	  (NP-NOM-PRN-1 (NR^N Antiochus)
			(NP-NOM-PRN (D^N se) (N^N cyningc)))
	  (VBD gesette)
	  (NP-ACC (D^A +tis) (N^A geban))
	  (PTP-NOM (ADVP (ADV +tus))
		   (VAG^N cwe+dende))
	  (. :))
  (ID coapollo,ApT:7.23.111))

/~*
Hellanicus s+ade: Swa hwilc man swa +de lifigende to him bring+d, onfo se
fiftig punda goldes.
(coapollo,ApT:8.17.136)
*~/
/*
29 VAG^A:  29 VAG^A, 30 lifigende, 28 PTP-ACC
*/

( (CODE <T06080006900,8.17>)
  (IP-MAT (NP-NOM (NR^N Hellanicus))
	  (VBD s+ade)
	  (, :)
	  (IP-MAT-SPE (CP-FRL-LFD-SPE (WNP-NOM-1 (ADV Swa) (WADJ^N hwilc) (N^N man))
				      (C swa)
				      (IP-SUB-SPE (NP-NOM *T*-1)
						  (NP-ACC (PRO^A +de)
							  (PTP-ACC (VAG^A lifigende)))
						  (PP (P to)
						      (NP-DAT (PRO^D him)))
						  (VBPI bring+d)))
		      (, ,)
		      (RP+VBPS onfo)
		      (NP-NOM-RSP (D^N se))
		      (NP (NUM fiftig)
			  (NP-GEN (N^G punda)
				  (NP-GEN (N^G goldes)))))
	  (. .))
  (ID coapollo,ApT:8.17.136))

/~*
ac for eowre ges+al+de $gefultumigendum Gode ic eom hider cumen.
(coapollo,ApT:10.5.169)
*~/
/*
13 VAG^D:  13 VAG^D, 14 $gefultumigendum, 12 PTP-DAT-ABS
*/

( (IP-MAT-SPE (CONJ ac)
	      (PP (P for)
		  (NP (PRO$ eowre) (N ges+al+de)))
	      (PTP-DAT-ABS (VAG^D $gefultumigendum)
			   (NP-DAT-SBJ (NR^D Gode)))
	      (NP-NOM (PRO^N ic))
	      (BEPI eom)
	      (ADVP-DIR (ADV^D hider))
	      (VBN cumen)
	      (. .))
  (ID coapollo,ApT:10.5.169))

/~*
and sealde Apollonige +tone healfan d+al +tus cwe+dende:
(coapollo,ApT:12.19.213)
*~/
/*
22 VAG^N:  22 VAG^N, 23 cwe+dende, 18 PTP-NOM
*/

( (IP-MAT (CONJ and)
	  (NP-NOM *con*)
	  (VBD sealde)
	  (NP-DAT (NR^D Apollonige))
	  (NP-ACC (D^A +tone) (NUM^A healfan) (N^A d+al))
	  (PTP-NOM (ADVP (ADV +tus))
		   (VAG^N cwe+dende))
	  (. :))
  (ID coapollo,ApT:12.19.213))

/~*
+Teahhw+a+dre ic mynegie +te, gif +du fultumiendum $Gode becymst to +dinum
+arran wur+dmynte, +t+at +tu ne forgite mine +tearfendlican gegirlan.
(coapollo,ApT:12.26.220)
*~/
/*
28 VAG^D:  28 VAG^D, 29 fultumiendum, 27 PTP-DAT-ABS
*/

( (CODE <T06080011200,12.26>)
  (IP-MAT-SPE (ADVP (ADV +Teahhw+a+dre))
	      (NP-NOM (PRO^N ic))
	      (VBP mynegie)
	      (NP (PRO +te))
	      (, ,)
	      (CP-THT-SPE (CP-ADV-SPE-1 (P gif)
					(C 0)
					(IP-SUB-SPE (NP-NOM (PRO^N +du))
						    (PTP-DAT-ABS (VAG^D fultumiendum)
								 (NP-DAT-SBJ (NR^D $Gode)))
						    (VBPI becymst)
						    (PP (P to)
							(NP-DAT (PRO$^D +dinum) (ADJR^D +arran) (N^D wur+dmynte)))))
			  (, ,)
			  (C +t+at)
			  (IP-SUB-SPE (CP-ADV-SPE *ICH*-1)
				      (NP-NOM (PRO^N +tu))
				      (NEG ne)
				      (VBPS forgite)
				      (NP-ACC (PRO$^A mine) (ADJ^A +tearfendlican) (N^A gegirlan))))
	      (. .))
  (ID coapollo,ApT:12.26.220))

/~*
Mid +ti +te he +tohte hw+ane he byddan mihte lifes fultum, +ta geseah he +anne
nacodne cnapan geond +ta str+ate yrnan, se w+as mid ele gesmerod and mid
scitan begird and b+ar iungra manna plegan on handa to +dam b+a+dstede
belimpende.
(coapollo,ApT:13.3.224)
*~/
/*
136 VAG:  136 VAG, 137 belimpende, 127 PTP-4
*/

( (CODE <T06080011500,13.3>)
  (IP-MAT (CP-ADV (P Mid)
		  (D^I +ti)
		  (C +te)
		  (IP-SUB (NP-NOM (PRO^N he))
			  (VBD +tohte)
			  (CP-QUE (WNP-DAT-1 (WPRO^D hw+ane))
				  (C 0)
				  (IP-SUB (NP-DAT *T*-1)
					  (NP-NOM (PRO^N he))
					  (VB byddan)
					  (MDD mihte)
					  (NP-ACC (NP-GEN (N^G lifes))
						  (N^A fultum))))))
	  (, ,)
	  (ADVP-TMP (ADV^T +ta))
	  (VBDI geseah)
	  (NP-NOM (PRO^N he))
	  (IP-INF (NP-ACC (NUM^A +anne)
			  (ADJ^A nacodne)
			  (N^A cnapan)
			  (CP-REL *ICH*-2))
		  (PP (P geond)
		      (NP-ACC (D^A +ta) (N^A str+ate)))
		  (VB yrnan)
		  (, ,)
		  (CP-REL-2 (WNP-NOM-3 (D^N se))
			    (C 0)
			    (IP-SUB (IP-SUB-0 (NP-NOM *T*-3)
					      (BEDI w+as)
					      (PP (P mid)
						  (NP (N ele)))
					      (VBN gesmerod))
				    (CONJP (CONJ and)
					   (IPX-SUB-CON=0 (PP (P mid)
							      (NP (N scitan)))
							  (VBN begird)))
				    (CONJP (CONJ and)
					   (IP-SUB-CON (NP-NOM *T*-3)
						       (VBDI b+ar)
						       (NP (NP-GEN (ADJ^G iungra) (N^G manna))
							   (N plegan)
							   (PTP *ICH*-4))
						       (PP (P on)
							   (NP (N handa)))
						       (PTP-4 (PP (P to)
								  (NP-DAT (D^D +dam) (N^D b+a+dstede)))
							      (VAG belimpende)))))))
	  (. .))
  (ID coapollo,ApT:13.3.224))

/~*
and yrnende +tone +do+dor gel+ahte,
(coapollo,ApT:13.14.237)
*~/
/*
7 VAG^N:  7 VAG^N, 8 yrnende, 6 PTP-NOM
*/

( (IP-MAT (CONJ and)
	  (NP-NOM *con*)
	  (PTP-NOM (VAG^N yrnende))
	  (NP-ACC (D^A +tone) (N^A +do+dor))
	  (VBD gel+ahte)
	  (. ,))
  (ID coapollo,ApT:13.14.237))

/~*
+Da cw+a+d se cyningc: Apolloni, nu +du dest yfele, for+dam +te ealle men
heria+d mine dohtor on hyre swegcr+afte and +tu ana hi swigende t+alst.
(coapollo,ApT:16.17.319)
*~/
/*
75 VAG^N:  75 VAG^N, 76 swigende, 74 PTP-NOM
*/

( (CODE <T06080016000,16.17>)
  (IP-MAT (ADVP-TMP (ADV^T +Da))
	  (VBDI cw+a+d)
	  (NP-NOM (D^N se) (N^N cyningc))
	  (, :)
	  (IP-MAT-SPE (NP-VOC (NR Apolloni))
		      (, ,)
		      (ADVP-TMP (ADV^T nu))
		      (NP-NOM (PRO^N +du))
		      (VBPI dest)
		      (ADVP (ADV yfele))
		      (, ,)
		      (CP-ADV-SPE (P for+dam)
				  (C +te)
				  (IP-SUB-SPE (IP-SUB-SPE (NP-NOM (Q^N ealle) (N^N men))
							  (VBPI heria+d)
							  (NP-ACC (PRO$^A mine) (N^A dohtor))
							  (PP (P on)
							      (NP-DAT (PRO$ hyre) (N^D swegcr+afte))))
					      (CONJP (CONJ and)
						     (IP-SUB-CON-SPE (NP-NOM (PRO^N +tu) (FP ana))
								     (NP-ACC (PRO^A hi))
								     (PTP-NOM (VAG^N swigende))
								     (VBPI t+alst))))))
	  (. .))
  (ID coapollo,ApT:16.17.319))

/~*
and +dar in eode Gode +tancigende +de him ne forwyrnde cynelices wur+dscipes
and frofres.
(coapollo,ApT:17.28.368)
*~/
/*
20 VAG^N:  20 VAG^N, 21 +tancigende, 14 PTP-NOM
*/

( (IP-MAT (CONJ and)
	  (NP-NOM *con*)
	  (PP (ADVP-LOC (ADV^L +dar))
	      (P in))
	  (VBD eode)
	  (PTP-NOM (NP-DAT (NR^D Gode)
			   (CP-REL *ICH*-1))
		   (VAG^N +tancigende)
		   (CP-REL-1 (WNP-NOM-2 0)
			     (C +de)
			     (IP-SUB (NP-NOM *T*-2)
				     (NP-DAT (PRO^D him))
				     (NEG ne)
				     (VBD forwyrnde)
				     (NP-GEN (ADJ^G cynelices)
					     (N^G wur+dscipes)
					     (CONJP (CONJ and)
						    (NX-GEN (N^G frofres)))))))
	  (. .))
  (ID coapollo,ApT:17.28.368))

/~*
and sealde Apollonio +tus cwe+dende:
(coapollo,ApT:19.18.403)
*~/
/*
15 VAG^N:  15 VAG^N, 16 cwe+dende, 11 PTP-NOM
*/

( (IP-MAT (CONJ and)
	  (NP-NOM *con*)
	  (VBD sealde)
	  (NP-DAT (NR^D Apollonio))
	  (PTP-NOM (ADVP (ADV +tus))
		   (VAG^N cwe+dende))
	  (. :))
  (ID coapollo,ApT:19.18.403))

/~*
+Da arehte heo me mid wope betweox o+dre spr+ace +tas +tingc +tus cwe+dende:
(coapollo,ApT:22.15.477)
*~/
/*
38 VAG^N:  38 VAG^N, 39 cwe+dende, 29 PTP-NOM
*/

( (CODE <T06080023500,22.15>)
  (IP-MAT (ADVP-TMP (ADV^T +Da))
	  (VBD arehte)
	  (NP-NOM (PRO^N heo))
	  (NP (PRO me))
	  (PP (P mid)
	      (NP-DAT (N^D wope)))
	  (PP (P betweox)
	      (NP (ADJ o+dre) (N spr+ace)))
	  (PTP-NOM (NP-ACC (D^A +tas) (N^A +tingc))
		   (ADVP (ADV +tus))
		   (VAG^N cwe+dende))
	  (. :))
  (ID coapollo,ApT:22.15.477))
/*
FOOTER
  source file, hits/tokens/total
  C:\Users\Shoo\Dropbox\workspace\CorpusSearch_Auto\data\corporas\YCOE\temp1492105600559\fiction_romances_dramacomedies_and_verse\coapollo.o3.psd	13/13/593
*/
/*
SUMMARY:  
source files, hits/tokens/total
  C:\Users\Shoo\Dropbox\workspace\CorpusSearch_Auto\data\corporas\YCOE\temp1492105600559\fiction_romances_dramacomedies_and_verse\coapollo.o3.psd	13/13/593
whole search, hits/tokens/total
		13/13/593
*/
