/*
PREFACE:  
Copyright 2010 Beth Randall
Date:  Thu Apr 13 18:57:49 BST 2017

command file:     data\searches\queries\PENN\progressive_forms_added_to_non-verbal_predicates.q
output file:      C:\Users\Shoo\Dropbox\workspace\CorpusSearch_Auto\data\output\13-04-2017 18.46.36.333 PPCMBE\progressive_forms_added_to_nonverbal_predicates\prefaces_epilogues_nonprivate_and_private_letters\result.out

node:   *SPR*|BAG*|HAG*|VAG*|DAG*
query:  (BAG*|HAG*|VAG*|DAG* Dominates  !BAG*|HAG*|VAG*|DAG*) 
  AND  (*SPR* Dominates  BAG*|HAG*|VAG*|DAG*) 
*/
/*
HEADER:
source file:  C:\Users\Shoo\Dropbox\workspace\CorpusSearch_Auto\data\corporas\PPCMBE\temp1492106160469\prefaces_epilogues_nonprivate_and_private_letters\austen-180x.psd
*/

/~*
I left Henry, I hope, free from his tiresome complaint, in other respects well,
and thinking with great pleasure of Cheltenham and Stoneleigh.
(AUSTEN-180X,189.658)
*~/
/*
54 VAG:  54 VAG, 55 thinking, 20 ADJP-SPR
*/
( (IP-MAT (NP-SBJ (PRO I))
	  (VBD left)
	  (NP-OB1 (NPR Henry))
	  (, ,)
	  (IP-MAT-PRN (NP-SBJ (PRO I))
		      (VBP hope))
	  (, ,)
	  (ADJP-SPR (ADJP (ADJ free)
			  (PP (P from)
			      (NP (PRO$ his) (ADJ tiresome) (N complaint))))
		    (, ,)
		    (CONJP (ADJP (PP (P in)
				     (NP (OTHER other) (NS respects)))
				 (ADJ well)))
		    (, ,)
		    (CONJP (CONJ and)
			   (IP-PPL (VAG thinking)
				   (PP (P with)
				       (NP (ADJ great) (N pleasure)))
				   (PP (P of)
				       (NP (NPR Cheltenham) (CONJ and) (NPR Stoneleigh))))))
	  (. .))
  (ID AUSTEN-180X,189.658))
/*
FOOTER
  source file, hits/tokens/total
  C:\Users\Shoo\Dropbox\workspace\CorpusSearch_Auto\data\corporas\PPCMBE\temp1492106160469\prefaces_epilogues_nonprivate_and_private_letters\austen-180x.psd	1/1/741
*/
/*
HEADER:
source file:  C:\Users\Shoo\Dropbox\workspace\CorpusSearch_Auto\data\corporas\PPCMBE\temp1492106160469\prefaces_epilogues_nonprivate_and_private_letters\carlyle-1835.psd
*/

/~*
however, I was not without good thoughts too that came like healing life into
me;
(CARLYLE-1835,2,289.509)
*~/
/*
42 VAG:  42 VAG, 43 healing, 38 ADJP-SPR
*/

( (IP-MAT (ADVP (CP-FRL (WADV+ADV however)))
	  (, ,)
	  (NP-SBJ (PRO I))
	  (BED was)
	  (NEG not)
	  (PP (P without)
	      (NP (ADJ good)
		  (NS thoughts)
		  (CP-REL *ICH*-1)))
	  (ADVP (ADV too))
	  (CP-REL-1 (WNP-2 0)
		    (C that)
		    (IP-SUB (NP-SBJ *T*-2)
			    (VBD came)
			    (ADJP-SPR (ADJ like)
				      (NP (VAG healing) (N life)))
			    (PP (P into)
				(NP (PRO me)))))
	  (. ;))
  (ID CARLYLE-1835,2,289.509))
/*
FOOTER
  source file, hits/tokens/total
  C:\Users\Shoo\Dropbox\workspace\CorpusSearch_Auto\data\corporas\PPCMBE\temp1492106160469\prefaces_epilogues_nonprivate_and_private_letters\carlyle-1835.psd	1/1/699
*/
/*
HEADER:
source file:  C:\Users\Shoo\Dropbox\workspace\CorpusSearch_Auto\data\corporas\PPCMBE\temp1492106160469\prefaces_epilogues_nonprivate_and_private_letters\george-1763.psd
*/
/*
FOOTER
  source file, hits/tokens/total
  C:\Users\Shoo\Dropbox\workspace\CorpusSearch_Auto\data\corporas\PPCMBE\temp1492106160469\prefaces_epilogues_nonprivate_and_private_letters\george-1763.psd	0/0/288
*/
/*
HEADER:
source file:  C:\Users\Shoo\Dropbox\workspace\CorpusSearch_Auto\data\corporas\PPCMBE\temp1492106160469\prefaces_epilogues_nonprivate_and_private_letters\gladstone-1873.psd
*/
/*
FOOTER
  source file, hits/tokens/total
  C:\Users\Shoo\Dropbox\workspace\CorpusSearch_Auto\data\corporas\PPCMBE\temp1492106160469\prefaces_epilogues_nonprivate_and_private_letters\gladstone-1873.psd	0/0/925
*/
/*
HEADER:
source file:  C:\Users\Shoo\Dropbox\workspace\CorpusSearch_Auto\data\corporas\PPCMBE\temp1492106160469\prefaces_epilogues_nonprivate_and_private_letters\holmes-letters-1749.psd
*/
/*
FOOTER
  source file, hits/tokens/total
  C:\Users\Shoo\Dropbox\workspace\CorpusSearch_Auto\data\corporas\PPCMBE\temp1492106160469\prefaces_epilogues_nonprivate_and_private_letters\holmes-letters-1749.psd	0/0/298
*/
/*
HEADER:
source file:  C:\Users\Shoo\Dropbox\workspace\CorpusSearch_Auto\data\corporas\PPCMBE\temp1492106160469\prefaces_epilogues_nonprivate_and_private_letters\johnson-1775.psd
*/
/*
FOOTER
  source file, hits/tokens/total
  C:\Users\Shoo\Dropbox\workspace\CorpusSearch_Auto\data\corporas\PPCMBE\temp1492106160469\prefaces_epilogues_nonprivate_and_private_letters\johnson-1775.psd	0/0/914
*/
/*
HEADER:
source file:  C:\Users\Shoo\Dropbox\workspace\CorpusSearch_Auto\data\corporas\PPCMBE\temp1492106160469\prefaces_epilogues_nonprivate_and_private_letters\montagu-1718.psd
*/
/*
FOOTER
  source file, hits/tokens/total
  C:\Users\Shoo\Dropbox\workspace\CorpusSearch_Auto\data\corporas\PPCMBE\temp1492106160469\prefaces_epilogues_nonprivate_and_private_letters\montagu-1718.psd	0/0/492
*/
/*
HEADER:
source file:  C:\Users\Shoo\Dropbox\workspace\CorpusSearch_Auto\data\corporas\PPCMBE\temp1492106160469\prefaces_epilogues_nonprivate_and_private_letters\nightingale-188x.psd
*/
/*
FOOTER
  source file, hits/tokens/total
  C:\Users\Shoo\Dropbox\workspace\CorpusSearch_Auto\data\corporas\PPCMBE\temp1492106160469\prefaces_epilogues_nonprivate_and_private_letters\nightingale-188x.psd	0/0/211
*/
/*
HEADER:
source file:  C:\Users\Shoo\Dropbox\workspace\CorpusSearch_Auto\data\corporas\PPCMBE\temp1492106160469\prefaces_epilogues_nonprivate_and_private_letters\nightingale-189x.psd
*/

/~*
So far from Kaiserswerth having trained me, after having seen some of the best
Hospitals on the Continent, I went to Paris,
(NIGHTINGALE-189X,433.296)
*~/
/*
14 HAG:  14 HAG, 15 having, 2 ADJP-SPR
*/

( (IP-MAT (ADJP-SPR (ADVR So)
		    (ADJ far)
		    (PP (P from)
			(IP-PPL (NP-SBJ (NPR Kaiserswerth))
				(HAG having)
				(VBN trained)
				(NP-OB1 (PRO me)))))
	  (, ,)
	  (PP (P after)
	      (IP-PPL (HAG having)
		      (VBN seen)
		      (NP-OB1 (Q some)
			      (PP (P of)
				  (NP (D the) (ADJS best) (NS Hospitals))))
		      (PP (P on)
			  (NP (D the) (N Continent)))))
	  (, ,)
	  (NP-SBJ (PRO I))
	  (VBD went)
	  (PP (P to)
	      (NP (NPR Paris)))
	  (. ,))
  (ID NIGHTINGALE-189X,433.296))
/*
FOOTER
  source file, hits/tokens/total
  C:\Users\Shoo\Dropbox\workspace\CorpusSearch_Auto\data\corporas\PPCMBE\temp1492106160469\prefaces_epilogues_nonprivate_and_private_letters\nightingale-189x.psd	1/1/429
*/
/*
HEADER:
source file:  C:\Users\Shoo\Dropbox\workspace\CorpusSearch_Auto\data\corporas\PPCMBE\temp1492106160469\prefaces_epilogues_nonprivate_and_private_letters\victoria-186x.psd
*/
/*
FOOTER
  source file, hits/tokens/total
  C:\Users\Shoo\Dropbox\workspace\CorpusSearch_Auto\data\corporas\PPCMBE\temp1492106160469\prefaces_epilogues_nonprivate_and_private_letters\victoria-186x.psd	0/0/826
*/
/*
HEADER:
source file:  C:\Users\Shoo\Dropbox\workspace\CorpusSearch_Auto\data\corporas\PPCMBE\temp1492106160469\prefaces_epilogues_nonprivate_and_private_letters\walpole-174x.psd
*/
/*
FOOTER
  source file, hits/tokens/total
  C:\Users\Shoo\Dropbox\workspace\CorpusSearch_Auto\data\corporas\PPCMBE\temp1492106160469\prefaces_epilogues_nonprivate_and_private_letters\walpole-174x.psd	0/0/665
*/
/*
HEADER:
source file:  C:\Users\Shoo\Dropbox\workspace\CorpusSearch_Auto\data\corporas\PPCMBE\temp1492106160469\prefaces_epilogues_nonprivate_and_private_letters\wellesley-1815.psd
*/

/~*
and disputes will arise, not very creditable to the Allies or encouraging to
the loyal party in France, or beneficial to the operations of the Allies.
(WELLESLEY-1815,854.347)
*~/
/*
32 VAG:  32 VAG, 33 encouraging, 13 ADJP-SPR
*/

( (IP-MAT (CONJ and)
	  (NP-SBJ (NS disputes))
	  (MD will)
	  (VB arise)
	  (, ,)
	  (ADJP-SPR (NEG not)
		    (ADV very)
		    (ADJ creditable)
		    (PP (P to)
			(NP (D the) (NS Allies)))
		    (CONJP (CONJ or)
			   (ADJX (VAG encouraging)
				 (PP (P to)
				     (NP (D the)
					 (ADJ loyal)
					 (N party)
					 (PP (P in)
					     (NP (NPR France)))))))
		    (, ,)
		    (CONJP (CONJ or)
			   (ADJX (ADJ beneficial)
				 (PP (P to)
				     (NP (D the)
					 (NS operations)
					 (PP (P of)
					     (NP (D the) (NS Allies))))))))
	  (. .))
  (ID WELLESLEY-1815,854.347))
/*
FOOTER
  source file, hits/tokens/total
  C:\Users\Shoo\Dropbox\workspace\CorpusSearch_Auto\data\corporas\PPCMBE\temp1492106160469\prefaces_epilogues_nonprivate_and_private_letters\wellesley-1815.psd	1/1/543
*/
/*
SUMMARY:  
source files, hits/tokens/total
  C:\Users\Shoo\Dropbox\workspace\CorpusSearch_Auto\data\corporas\PPCMBE\temp1492106160469\prefaces_epilogues_nonprivate_and_private_letters\austen-180x.psd	1/1/741
  C:\Users\Shoo\Dropbox\workspace\CorpusSearch_Auto\data\corporas\PPCMBE\temp1492106160469\prefaces_epilogues_nonprivate_and_private_letters\carlyle-1835.psd	1/1/699
  C:\Users\Shoo\Dropbox\workspace\CorpusSearch_Auto\data\corporas\PPCMBE\temp1492106160469\prefaces_epilogues_nonprivate_and_private_letters\george-1763.psd	0/0/288
  C:\Users\Shoo\Dropbox\workspace\CorpusSearch_Auto\data\corporas\PPCMBE\temp1492106160469\prefaces_epilogues_nonprivate_and_private_letters\gladstone-1873.psd	0/0/925
  C:\Users\Shoo\Dropbox\workspace\CorpusSearch_Auto\data\corporas\PPCMBE\temp1492106160469\prefaces_epilogues_nonprivate_and_private_letters\holmes-letters-1749.psd	0/0/298
  C:\Users\Shoo\Dropbox\workspace\CorpusSearch_Auto\data\corporas\PPCMBE\temp1492106160469\prefaces_epilogues_nonprivate_and_private_letters\johnson-1775.psd	0/0/914
  C:\Users\Shoo\Dropbox\workspace\CorpusSearch_Auto\data\corporas\PPCMBE\temp1492106160469\prefaces_epilogues_nonprivate_and_private_letters\montagu-1718.psd	0/0/492
  C:\Users\Shoo\Dropbox\workspace\CorpusSearch_Auto\data\corporas\PPCMBE\temp1492106160469\prefaces_epilogues_nonprivate_and_private_letters\nightingale-188x.psd	0/0/211
  C:\Users\Shoo\Dropbox\workspace\CorpusSearch_Auto\data\corporas\PPCMBE\temp1492106160469\prefaces_epilogues_nonprivate_and_private_letters\nightingale-189x.psd	1/1/429
  C:\Users\Shoo\Dropbox\workspace\CorpusSearch_Auto\data\corporas\PPCMBE\temp1492106160469\prefaces_epilogues_nonprivate_and_private_letters\victoria-186x.psd	0/0/826
  C:\Users\Shoo\Dropbox\workspace\CorpusSearch_Auto\data\corporas\PPCMBE\temp1492106160469\prefaces_epilogues_nonprivate_and_private_letters\walpole-174x.psd	0/0/665
  C:\Users\Shoo\Dropbox\workspace\CorpusSearch_Auto\data\corporas\PPCMBE\temp1492106160469\prefaces_epilogues_nonprivate_and_private_letters\wellesley-1815.psd	1/1/543
whole search, hits/tokens/total
		4/4/7031
*/
