/*
PREFACE:  
Copyright 2010 Beth Randall
Date:  Thu Apr 13 18:47:43 BST 2017

command file:     data\searches\queries\YCOE\other_adverbs.q
output file:      C:\Users\Shoo\Dropbox\workspace\CorpusSearch_Auto\data\output\13-04-2017 18.46.36.333 YCOE\other_adverbs\prefaces_epilogues_nonprivate_and_private_letters\result.out

node:   ADVP-DIR*|ADV^D*|ADVX*|ADV+P*|ADV21*|ADV22*|NEG+ADV^D*|RP^D*
query:  (ADVP-DIR*|ADV^D*|ADVX*|ADV+P*|ADV21*|ADV22*|NEG+ADV^D*|RP^D* Dominates 
   !ADVP-DIR*|ADV^D*|ADVX*|ADV+P*|ADV21*|ADV22*|NEG+ADV^D*|RP^D*) 
*/
/*
HEADER:
source file:  C:\Users\Shoo\Dropbox\workspace\CorpusSearch_Auto\data\corporas\YCOE\temp1492105600559\prefaces_epilogues_nonprivate_and_private_letters\coepigen.o3.psd
*/

/~*
sume ferdon hindan, o+d +t+at +ta undeadlican lagon ealle deade;
(coepigen,+AGenEp:65.49)
*~/
/*
7 ADVP-DIR:  7 ADVP-DIR, 9 hindan
*/
( (IP-MAT (NP-NOM (Q^N sume))
	  (VBDI ferdon)
	  (ADVP-DIR (ADV^L hindan))
	  (, ,)
	  (CP-ADV (P o+d)
		  (D^A +t+at)
		  (C 0)
		  (IP-SUB (NP-NOM (D^N +ta) (ADJ^N undeadlican))
			  (VBDI lagon)
			  (QP-NOM (Q^N ealle))
			  (ADJP-NOM (ADJ^N deade))))
	  (. ;))
  (ID coepigen,+AGenEp:65.49))
/*
FOOTER
  source file, hits/tokens/total
  C:\Users\Shoo\Dropbox\workspace\CorpusSearch_Auto\data\corporas\YCOE\temp1492105600559\prefaces_epilogues_nonprivate_and_private_letters\coepigen.o3.psd	1/1/68
*/
/*
HEADER:
source file:  C:\Users\Shoo\Dropbox\workspace\CorpusSearch_Auto\data\corporas\YCOE\temp1492105600559\prefaces_epilogues_nonprivate_and_private_letters\coprefcath1.o3.psd
*/
/*
FOOTER
  source file, hits/tokens/total
  C:\Users\Shoo\Dropbox\workspace\CorpusSearch_Auto\data\corporas\YCOE\temp1492105600559\prefaces_epilogues_nonprivate_and_private_letters\coprefcath1.o3.psd	0/0/58
*/
/*
HEADER:
source file:  C:\Users\Shoo\Dropbox\workspace\CorpusSearch_Auto\data\corporas\YCOE\temp1492105600559\prefaces_epilogues_nonprivate_and_private_letters\coprefcath2.o3.psd
*/
/*
FOOTER
  source file, hits/tokens/total
  C:\Users\Shoo\Dropbox\workspace\CorpusSearch_Auto\data\corporas\YCOE\temp1492105600559\prefaces_epilogues_nonprivate_and_private_letters\coprefcath2.o3.psd	0/0/17
*/
/*
HEADER:
source file:  C:\Users\Shoo\Dropbox\workspace\CorpusSearch_Auto\data\corporas\YCOE\temp1492105600559\prefaces_epilogues_nonprivate_and_private_letters\coprefcura.o2.psd
*/

/~*
& +de cy+dan hate +d+at me com swi+de oft on gemynd, hwelce wiotan iu w+aron
giond Angelcynn, +ag+der ge godcundra hada ge woruldcundra; & hu ges+aliglica
tida +da w+aron giond Angelcynn; & hu +da kyningas +de +done onwald h+afdon
+d+as folces on +dam dagum Gode & his +arendwrecum hyrsumedon; & hie +ag+der
ge hiora sibbe ge hiora siodo ge hiora onweald innanbordes wel gehioldon, &
eac ut hiora e+del gerymdon; & hu him +da speow +ag+der ge mid wige ge mid
wisdome; & eac +da godcundan hadas hu giorne hie w+aron +ag+der ge ymb lare ge
ymb liornunga, ge ymb ealle +da +diowotdomas +de hie Gode don scoldon; & hu
man utanbordes wisdom & lare hieder on lond sohte, & hu we hie nu sceoldon ute
begietan gif we hie habban sceoldon.
(coprefcura,CPLetW+arf:2.4)
*~/
/*
415 ADV^D:  415 ADV^D, 416 hieder
*/

( (CODE <T06540000300,2>)
  (IP-MAT (CONJ &)
	  (NP-NOM *con*)
	  (IP-INF (NP (PRO +de))
		  (VB cy+dan)
		  (CP-THT *ICH*-1))
	  (VBP hate)
	  (CP-THT-1 (C +d+at)
		    (IP-SUB (NP-NOM-x *exp*)
			    (NP (PRO me))
			    (VBDI com)
			    (ADVP-TMP (ADV swi+de) (ADV^T oft))
			    (PP (P on)
				(NP-ACC (N^A gemynd)))
			    (, ,)
			    (CP-QUE-x (CP-QUE (WNP-NOM-2 (Q^N hwelce)
							 (N^N wiotan)
							 (NP-GEN *ICH*-14))
					      (C 0)
					      (IP-SUB (NP-NOM *T*-2)
						      (ADVP-TMP (ADV^T iu))
						      (BEDI w+aron)
						      (PP (P giond)
							  (NP-ACC (NR^A Angelcynn)))
						      (, ,)
						      (NP-GEN-14 (CONJ +ag+der)
								 (CONJ ge)
								 (NP-GEN (ADJ^G godcundra) (N^G hada))
								 (CONJP (CONJ ge)
									(NP-GEN (ADJ^G woruldcundra))))))
				      (, ;)
				      (CODE <T06540000400,4>)
				      (CONJP (CONJ &)
					     (CP-QUE (WNP-NOM-4 (WADJP-NOM (WADV hu) (ADJ^N ges+aliglica))
								(N^N tida))
						     (C 0)
						     (IP-SUB (NP-NOM *T*-4)
							     (ADVP-TMP (ADV^T +da))
							     (BEDI w+aron)
							     (PP (P giond)
								 (NP-ACC (NR^A Angelcynn))))))
				      (, ;)
				      (CODE <T06540000500,5>)
				      (CONJP (CONJ &)
					     (CP-QUE (WADVP-5 (WADV hu))
						     (C 0)
						     (IP-SUB (IP-SUB (ADVP *T*-5)
								     (NP-NOM (D^N +da)
									     (N^N kyningas)
									     (CP-REL (WNP-NOM-6 0)
										     (C +de)
										     (IP-SUB (NP-NOM *T*-6)
											     (NP-ACC (D^A +done)
												     (N^A onwald)
												     (NP-GEN *ICH*-7))
											     (HVDI h+afdon)
											     (NP-GEN-7 (D^G +d+as) (N^G folces)))))
								     (PP (P on)
									 (NP-DAT (D^D +dam) (N^D dagum)))
								     (NP-DAT (NP-DAT (NR^D Gode))
									     (CONJP (CONJ &)
										    (NP-DAT (PRO$ his) (N^D +arendwrecum))))
								     (VBDI hyrsumedon))
							     (, ;)
							     (CODE <T06540000600,6>)
							     (CONJP (CONJ &)
								    (IP-SUB-CON (ADVP *T*-5)
										(NP-NOM (PRO^N hie))
										(NP-ACC (CONJ +ag+der)
											(CONJ ge)
											(NP-ACC (PRO$ hiora) (N^A sibbe))
											(CONJP (CONJ ge)
											       (NP-ACC (PRO$ hiora) (N^A siodo)))
											(CONJP (CONJ ge)
											       (NP-ACC (PRO$ hiora) (N^A onweald))))
										(ADVP-LOC (ADV^L innanbordes))
										(ADVP (ADV wel))
										(VBDI gehioldon))
								    (, ,)
								    (CONJP (CONJ &)
									   (IP-SUB-CON (ADVP *T*-5)
										       (NP-NOM *con*)
										       (ADVP (ADV eac))
										       (RP ut)
										       (NP-ACC (PRO$ hiora) (N^A e+del))
										       (VBDI gerymdon)))))))
				      (, ;)
				      (CODE <T06540000700,8>)
				      (CONJP (CONJ &)
					     (CP-QUE (WADVP-8 (WADV hu))
						     (C 0)
						     (IP-SUB (ADVP *T*-8)
							     (NP-NOM *exp*)
							     (NP-DAT (PRO^D him))
							     (ADVP-TMP (ADV^T +da))
							     (VBDI speow)
							     (PP (CONJ +ag+der)
								 (CONJ ge)
								 (PP (P mid)
								     (NP-DAT (N^D wige)))
								 (CONJP (CONJ ge)
									(PP (P mid)
									    (NP-DAT (N^D wisdome))))))))
				      (, ;)
				      (CODE <T06540000800,9>)
				      (CONJP (CONJ &)
					     (ADV eac)
					     (CP-QUE (NP-NOM-LFD-9 (D^N +da) (ADJ^N godcundan) (N^N hadas))
						     (WADJP-NOM-10 (WADV hu) (ADJ^N giorne))
						     (C 0)
						     (IP-SUB (ADJP-NOM-PRD *T*-10)
							     (NP-NOM-LFD *ICH*-9)
							     (NP-NOM-RSP (PRO^N hie))
							     (BEDI w+aron)
							     (PP (CONJ +ag+der)
								 (CONJ ge)
								 (PP (P ymb)
								     (NP (N lare)))
								 (CONJP (CONJ ge)
									(PP (P ymb)
									    (NP (N liornunga))))
								 (, ,)
								 (CONJP (CONJ ge)
									(PP (P ymb)
									    (NP-ACC (Q^A ealle)
										    (D^A +da)
										    (N^A +diowotdomas)
										    (CP-REL (WNP-11 0)
											    (C +de)
											    (IP-SUB (NP *T*-11)
												    (NP-NOM (PRO^N hie))
												    (NP-DAT (NR^D Gode))
												    (VB don)
												    (MDDI scoldon))))))))))
				      (, ;)
				      (CODE <T06540000900,11>)
				      (CONJP (CONJ &)
					     (CP-QUE (WADVP-12 (WADV hu))
						     (C 0)
						     (IP-SUB (ADVP *T*-12)
							     (NP-NOM (MAN^N man))
							     (ADVP-LOC (ADV^L utanbordes))
							     (NP-ACC (N^A wisdom) (CONJ &) (N^A lare))
							     (ADVP-DIR (ADV^D hieder))
							     (PP (P on)
								 (NP-ACC (N^A lond)))
							     (VBD sohte))))
				      (, ,)
				      (CONJP (CONJ &)
					     (CP-QUE (WADVP-13 (WADV hu))
						     (C 0)
						     (IP-SUB (ADVP *T*-13)
							     (NP-NOM (PRO^N we))
							     (NP-ACC (PRO^A hie))
							     (ADVP-TMP (ADV^T nu))
							     (MDDI sceoldon)
							     (ADVP-LOC (ADV^L ute))
							     (VB begietan)
							     (CP-ADV (P gif)
								     (C 0)
								     (IP-SUB (NP-NOM (PRO^N we))
									     (NP-ACC (PRO^A hie))
									     (HV habban)
									     (MDDI sceoldon)))))))))
	  (. .))
  (ID coprefcura,CPLetW+arf:2.4))
/*
FOOTER
  source file, hits/tokens/total
  C:\Users\Shoo\Dropbox\workspace\CorpusSearch_Auto\data\corporas\YCOE\temp1492105600559\prefaces_epilogues_nonprivate_and_private_letters\coprefcura.o2.psd	1/1/37
*/
/*
HEADER:
source file:  C:\Users\Shoo\Dropbox\workspace\CorpusSearch_Auto\data\corporas\YCOE\temp1492105600559\prefaces_epilogues_nonprivate_and_private_letters\coprefgen.o3.psd
*/

/~*
ac hi ne cunnon swa +teah +t+at gastlice andgit +t+arto, & hu seo ealde +a
w+as getacnung toweardra +tinga o+t+te hu seo niwe gecy+tnis +after Cristes
menniscnisse w+as gefillednys ealra +t+ara +tinga, +te seo ealde gecy+dnis
getacnode towearde be Criste & be hys gecorenum.
(coprefgen,+AGenPref:23.19)
*~/
/*
27 ADV+P:  27 ADV+P, 28 +t+arto
*/

( (IP-MAT (CONJ ac)
	  (NP-NOM (PRO^N hi))
	  (NEG ne)
	  (MDPI cunnon)
	  (ADVP (ADV swa) (ADV +teah))
	  (NP-ACC (NP-ACC (D^A +t+at) (ADJ^A gastlice) (N^A andgit))
		  (CONJP *ICH*-1))
	  (PP (ADV+P +t+arto))
	  (, ,)
	  (CONJP-1 (CONJ &)
		   (CP-QUE (CP-QUE (WADVP-2 (WADV hu))
				   (C 0)
				   (IP-SUB (ADVP *T*-2)
					   (NP-NOM (D^N seo) (ADJ^N ealde) (N^N +a))
					   (BEDI w+as)
					   (NP-NOM-PRD (N^N getacnung)
						       (NP-GEN (ADJ^G toweardra) (N^G +tinga)))))
			   (CONJP (CONJ o+t+te)
				  (CP-QUE (WADVP-3 (WADV hu))
					  (C 0)
					  (IP-SUB (ADVP *T*-3)
						  (NP-NOM (D^N seo) (ADJ^N niwe) (N^N gecy+tnis))
						  (PP (P +after)
						      (NP (NP-GEN (NR^G Cristes))
							  (N menniscnisse)))
						  (BEDI w+as)
						  (NP-NOM-PRD (N^N gefillednys)
							      (NP-GEN (Q^G ealra)
								      (D^G +t+ara)
								      (N^G +tinga)
								      (, ,)
								      (CP-REL (WNP-4 0)
									      (C +te)
									      (IP-SUB (NP-NOM (D^N seo) (ADJ^N ealde) (N^N gecy+dnis))
										      (VBD getacnode)
										      (IP-SMC (NP-SBJ *T*-4)
											      (ADJP-ACC-PRD (ADJ^A towearde)
													    (PP (PP (P be)
														    (NP-DAT (NR^D Criste)))
														(CONJP (CONJ &)
														       (PP (P be)
															   (NP-DAT (PRO$ hys) (VBN^D gecorenum))))))))))))))))
	  (. .))
  (ID coprefgen,+AGenPref:23.19))
/*
FOOTER
  source file, hits/tokens/total
  C:\Users\Shoo\Dropbox\workspace\CorpusSearch_Auto\data\corporas\YCOE\temp1492105600559\prefaces_epilogues_nonprivate_and_private_letters\coprefgen.o3.psd	1/1/79
*/
/*
HEADER:
source file:  C:\Users\Shoo\Dropbox\workspace\CorpusSearch_Auto\data\corporas\YCOE\temp1492105600559\prefaces_epilogues_nonprivate_and_private_letters\copreflives.o3.psd
*/
/*
FOOTER
  source file, hits/tokens/total
  C:\Users\Shoo\Dropbox\workspace\CorpusSearch_Auto\data\corporas\YCOE\temp1492105600559\prefaces_epilogues_nonprivate_and_private_letters\copreflives.o3.psd	0/0/22
*/
/*
HEADER:
source file:  C:\Users\Shoo\Dropbox\workspace\CorpusSearch_Auto\data\corporas\YCOE\temp1492105600559\prefaces_epilogues_nonprivate_and_private_letters\coprefsolilo.psd
*/

/~*
Ne com ic na+ter mid anre byr+dene ham +te me ne lyste ealne +tane wude ham
brengan, gif ic hyne ealne aberan meihte.
(coprefsolilo,SolilPref:1.5.3)
*~/
/*
22 ADV^D:  22 ADV^D, 23 ham
46 ADV^D:  46 ADV^D, 47 ham
*/

( (CODE <T06670000200,1.5>)
  (IP-MAT (NEG Ne)
	  (VBDI com)
	  (NP-NOM (PRO^N ic))
	  (NEG+CONJ na+ter)
	  (PP (P mid)
	      (NP-DAT (NUM^D anre) (N^D byr+dene)))
	  (ADVP-DIR (ADV^D ham))
	  (CP-ADV (C +te)
		  (IP-SUB (NP-NOM-x *exp*)
			  (NP (PRO me))
			  (NEG ne)
			  (VBD lyste)
			  (IP-INF-x (NP-ACC (Q^A ealne) (D^A +tane) (N^A wude))
				    (ADVP-DIR (ADV^D ham))
				    (VB brengan))
			  (, ,)
			  (CP-ADV (P gif)
				  (C 0)
				  (IP-SUB (NP-NOM (PRO^N ic))
					  (NP-ACC (PRO^A hyne) (Q^A ealne))
					  (VB aberan)
					  (MDD meihte)))))
	  (. .))
  (ID coprefsolilo,SolilPref:1.5.3))

/~*
Se +de +ag+ter gescop and +ag+deres wilt, forgife me +t+at me to +ag+drum
onhagige: ge her nytwyrde to beonne, ge huru +tider to cumane.
(coprefsolilo,SolilPref:2.9.12)
*~/
/*
83 ADV^D:  83 ADV^D, 84 +tider
*/

( (CODE <T06670000900,2.9>)
  (IP-MAT (NP-NOM (D^N Se)
		  (CP-REL (WNP-NOM-1 0)
			  (C +de)
			  (IP-SUB (IP-SUB (NP-NOM *T*-1)
					  (NP-ACC (Q^A +ag+ter))
					  (VBDI gescop))
				  (CONJP (CONJ and)
					 (IP-SUB-CON (NP-NOM *T*-1)
						     (NP-GEN (Q^G +ag+deres))
						     (VBPI wilt))))))
	  (, ,)
	  (VBPS forgife)
	  (NP (PRO me))
	  (CP-THT (C +t+at)
		  (IP-SUB (NP-NOM *exp*)
			  (NP (PRO me))
			  (PP (P to)
			      (NP-DAT (Q^D +ag+drum)
				      (IP-INF-PRN *ICH*-2)))
			  (VBPS onhagige)
			  (, :)
			  (IP-INF-PRN-2 (CONJ ge)
					(IP-INF (ADVP-LOC (ADV^L her))
						(ADJP-ACC-PRD (ADJ^A nytwyrde))
						(TO to)
						(BE^D beonne))
					(, ,)
					(CONJP (CONJ ge)
					       (IP-INF (FP huru)
						       (ADVP-DIR (ADV^D +tider))
						       (TO to)
						       (VB^D cumane))))))
	  (. .))
  (ID coprefsolilo,SolilPref:2.9.12))
/*
FOOTER
  source file, hits/tokens/total
  C:\Users\Shoo\Dropbox\workspace\CorpusSearch_Auto\data\corporas\YCOE\temp1492105600559\prefaces_epilogues_nonprivate_and_private_letters\coprefsolilo.psd	3/2/14
*/
/*
SUMMARY:  
source files, hits/tokens/total
  C:\Users\Shoo\Dropbox\workspace\CorpusSearch_Auto\data\corporas\YCOE\temp1492105600559\prefaces_epilogues_nonprivate_and_private_letters\coepigen.o3.psd	1/1/68
  C:\Users\Shoo\Dropbox\workspace\CorpusSearch_Auto\data\corporas\YCOE\temp1492105600559\prefaces_epilogues_nonprivate_and_private_letters\coprefcath1.o3.psd	0/0/58
  C:\Users\Shoo\Dropbox\workspace\CorpusSearch_Auto\data\corporas\YCOE\temp1492105600559\prefaces_epilogues_nonprivate_and_private_letters\coprefcath2.o3.psd	0/0/17
  C:\Users\Shoo\Dropbox\workspace\CorpusSearch_Auto\data\corporas\YCOE\temp1492105600559\prefaces_epilogues_nonprivate_and_private_letters\coprefcura.o2.psd	1/1/37
  C:\Users\Shoo\Dropbox\workspace\CorpusSearch_Auto\data\corporas\YCOE\temp1492105600559\prefaces_epilogues_nonprivate_and_private_letters\coprefgen.o3.psd	1/1/79
  C:\Users\Shoo\Dropbox\workspace\CorpusSearch_Auto\data\corporas\YCOE\temp1492105600559\prefaces_epilogues_nonprivate_and_private_letters\copreflives.o3.psd	0/0/22
  C:\Users\Shoo\Dropbox\workspace\CorpusSearch_Auto\data\corporas\YCOE\temp1492105600559\prefaces_epilogues_nonprivate_and_private_letters\coprefsolilo.psd	3/2/14
whole search, hits/tokens/total
		6/5/295
*/
