/*
PREFACE:  
Copyright 2010 Beth Randall
Date:  Thu Apr 13 18:48:30 BST 2017

command file:     data\searches\queries\YCOE\progressive_forms_added_to_non-verbal_predicates.q
output file:      C:\Users\Shoo\Dropbox\workspace\CorpusSearch_Auto\data\output\13-04-2017 18.46.36.333 YCOE\progressive_forms_added_to_nonverbal_predicates\rules_charters_wills_laws_ecclesiastical_laws_and_proceedingstrials\result.out

node:   *PRD*|AXG*|BAG*|HAG*|VAG*
query:  (AXG*|BAG*|HAG*|VAG* Dominates  !AXG*|BAG*|HAG*|VAG*) 
  AND  (*PRD* Dominates  AXG*|BAG*|HAG*|VAG*) 
*/
/*
HEADER:
source file:  C:\Users\Shoo\Dropbox\workspace\CorpusSearch_Auto\data\corporas\YCOE\temp1492105600559\rules_charters_wills_laws_ecclesiastical_laws_and_proceedingstrials\cobenrul.o3.psd
*/

/~*
Hw+at is lustlicre to gehyrenne +tenne +teos la+tiende Godes stefn?
(cobenrul,BenR:3.3.30)
*~/
/*
36 VAG^N:  36 VAG^N, 37 la+tiende, 12 ADJP-NOM-PRD
*/
( (CODE <T06980001000,3.3>)
  (CP-QUE (WNP-NOM-1 (WPRO^N Hw+at))
	  (IP-SUB-0 (NP-NOM-2 *T*-1)
		    (BEPI is)
		    (ADJP-NOM-PRD (ADJR^N lustlicre)
				  (IP-INF (NP *-2)
					  (TO to)
					  (VB^D gehyrenne))
				  (PP (P +tenne)
				      (CP-CMP (WADJP-3 0)
					      (C 0)
					      (IPX-SUB=0 (ADJP-PRD *T*-3)
							 (NP-NOM (D^N +teos)
								 (VAG^N la+tiende)
								 (NP-GEN (NR^G Godes))
								 (N^N stefn)))))))
	  (. ?))
  (ID cobenrul,BenR:3.3.30))

/~*
O+ter cyn is ancrena, +t+at is westensetlena, +te no on niwan wylme, ac on
lancsumere mynsteres drohtnunge geleornia+d, +t+at hie anstandonde mid Godes
fultume +turh bro+dra getrymnesse ongean deofol and his fl+asces and ge+tohta
leahtras winnan magan.
(cobenrul,BenR:1.9.5.148)
*~/
/*
77 VAG^N:  77 VAG^N, 78 anstandonde, 13 NP-GEN-PRD
*/

( (CODE <T06980010900,1.9.5>)
  (IP-MAT (NP-NOM (ADJ^N O+ter)
		  (N^N cyn)
		  (CP-REL *ICH*-1))
	  (BEPI is)
	  (NP-GEN-PRD (N^G ancrena)
		      (, ,)
		      (IP-MAT-PRN (NP-NOM (D^N +t+at))
				  (BEPI is)
				  (XP (NP-GEN (N^G westensetlena)
					      (, ,)
					      (CP-REL (WNP-NOM-2 0)
						      (C +te)
						      (IP-SUB (NP-NOM *T*-2)
							      (PP (PP (NEG+ADV no)
								      (P on)
								      (NP-DAT (ADJ^D niwan) (N^D wylme)))
								  (, ,)
								  (CONJP (CONJ ac)
									 (PP (P on)
									     (NP-DAT (ADJ^D lancsumere)
										     (NP-GEN (N^G mynsteres))
										     (N^D drohtnunge)))))
							      (VBPI geleornia+d)
							      (, ,)
							      (CP-THT (C +t+at)
								      (IP-SUB (NP-NOM (PRO^N hie)
										      (PTP-NOM (VAG^N anstandonde)
											       (PP (P mid)
												   (NP-DAT (NP-GEN (NR^G Godes))
													   (N^D fultume)))))
									      (PP (P +turh)
										  (NP (NP-GEN (N^G bro+dra))
										      (N getrymnesse)))
									      (PP (P ongean)
										  (NP-ACC (NP-ACC (N^A deofol))
											  (CONJP (CONJ and)
												 (NP-ACC (NP-GEN (PRO$ his)
														 (N^G fl+asces)
														 (CONJP (CONJ and)
															(NX-GEN (N^G ge+tohta))))
													 (N^A leahtras)))))
									      (VB winnan)
									      (MDPI magan)))))))))
	  (. .))
  (ID cobenrul,BenR:1.9.5.148))

/~*
+T+at feor+de muneca cyn is, +te is widscri+tul gen+amned, +ta ealle heora
liflade geond missenlice +teoda fara+d and twam and +trim dagum geond
missenlicra monna husum wunia+d, +afre unsta+tolf+aste and woriende, agenum
lustum and heora gitsunge unalyfedlice fylia+d and hyrsumia+d.
(cobenrul,BenR:1.9.20.154)
*~/
/*
105 VAG^N:  105 VAG^N, 106 woriende, 37 NP-NOM-PRD
*/

( (CODE <T06980011200,1.9.20>)
  (IP-MAT (NP-NOM (D^N +T+at)
		  (ADJ^N feor+de)
		  (NP-GEN (N^G muneca))
		  (N^N cyn)
		  (CP-REL *ICH*-2))
	  (BEPI is)
	  (, ,)
	  (CP-REL-2 (WNP-NOM-1 0)
		    (C +te)
		    (IP-SUB (NP-NOM *T*-1)
			    (BEPI is)
			    (ADJP-NOM-PRD (ADJ^N widscri+tul))
			    (VBN gen+amned)))
	  (, ,)
	  (NP-NOM-PRD (D^N +ta)
		      (CP-REL (WNP-NOM-3 0)
			      (C 0)
			      (IP-SUB (IP-SUB (NP-NOM *T*-3)
					      (NP-ACC-TMP (Q^A ealle) (PRO$ heora) (N^A liflade))
					      (PP (P geond)
						  (NP-ACC (ADJ^A missenlice) (N^A +teoda)))
					      (VBPI fara+d))
				      (CONJP (CONJ and)
					     (IP-SUB-CON (NP-NOM *T*-3)
							 (NP-DAT-TMP (NUMP-DAT (NUM^D twam) (CONJ and) (NUM^D +trim))
								     (N^D dagum))
							 (PP (P geond)
							     (NP-DAT (NP-GEN (ADJ^G missenlicra) (N^G monna))
								     (N^D husum)))
							 (VBPI wunia+d)
							 (, ,)
							 (ADVP-TMP (ADV^T +afre))
							 (ADJP-NOM (ADJ^N unsta+tolf+aste) (CONJ and) (VAG^N woriende))))
				      (, ,)
				      (CONJP (IP-SUB-CON (NP-NOM *T*-3)
							 (NP-DAT (NP-DAT (ADJ^D agenum) (N^D lustum))
								 (CONJP (CONJ and)
									(NP-DAT (PRO$ heora) (N^D gitsunge))))
							 (ADVP (ADV unalyfedlice))
							 (VBPI (VBPI fylia+d) (CONJ and) (VBPI hyrsumia+d)))))))
	  (. .))
  (ID cobenrul,BenR:1.9.20.154))

/~*
Ne sceal mon beon ofermod, ne druncengeorn, ne ofer+ate, ne toslapol, ne slaw,
ne gnorniende, ne t+alende.
(cobenrul,BenR:4.17.15.257)
*~/
/*
44 VAG^N:  44 VAG^N, 45 gnorniende, 13 ADJP-NOM-PRD
50 VAG^N:  50 VAG^N, 51 t+alende, 13 ADJP-NOM-PRD
*/

( (CODE <T06980016000,4.17.15>)
  (IP-MAT (NEG Ne)
	  (MDPI sceal)
	  (NP-NOM (MAN^N mon))
	  (BE beon)
	  (ADJP-NOM-PRD (ADJ^N ofermod) (, ,) (NEG+CONJ ne) (ADJ^N druncengeorn) (, ,) (NEG+CONJ ne) (ADJ^N ofer+ate) (, ,) (NEG+CONJ ne) (ADJ^N toslapol) (, ,) (NEG+CONJ ne) (ADJ^N slaw) (, ,) (NEG+CONJ ne) (VAG^N gnorniende) (, ,) (NEG+CONJ ne) (VAG^N t+alende))
	  (. .))
  (ID cobenrul,BenR:4.17.15.257))

/~*
+D+at is on andgite: Se went o+ter hleor to sleandum, se +te god de+t +t+am,
+te him yfeles u+te,
(cobenrul,BenR:7.28.3.405)
*~/
/*
35 VAG^D:  35 VAG^D, 36 sleandum, 17 XP-PRD
*/

( (CODE <T06980022500,7.28.3>)
  (IP-MAT (NP-NOM (D^N +D+at))
	  (BEPI is)
	  (PP (P on)
	      (NP-DAT (N^D andgite)))
	  (, :)
	  (XP-PRD (IP-MAT (NP-NOM (D^N Se)
				  (CP-REL *ICH*-1))
			  (VBPI went)
			  (NP-ACC (ADJ^A o+ter) (N^A hleor))
			  (PP (P to)
			      (NP-DAT (VAG^D sleandum)))
			  (, ,)
			  (CP-REL-1 (WNP-NOM-2 (D^N se))
				    (C +te)
				    (IP-SUB (NP-NOM *T*-2)
					    (NP-ACC (N^A god))
					    (VBPI de+t)
					    (NP-DAT (D^D +t+am)
						    (, ,)
						    (CP-REL (WNP-NOM-3 0)
							    (C +te)
							    (IP-SUB (NP-NOM *T*-3)
								    (NP-DAT (PRO^D him))
								    (NP-GEN (N^G yfeles))
								    (VBD u+te))))))))
	  (. ,))
  (ID cobenrul,BenR:7.28.3.405))

/~*
and syn gesette to teo+dingealdrum, +da syn emhydige and cariende embe heora
ealdorscypas on eallum +tingum +after Godes bebodum and heora abbodes h+ase.
(cobenrul,BenR:21.46.8.588)
*~/
/*
32 VAG^N:  32 VAG^N, 33 cariende, 27 ADJP-NOM-PRD
*/

( (IP-MAT (CONJ and)
	  (BEPS syn)
	  (VBN^N gesette)
	  (PP (P to)
	      (NP-DAT (N^D teo+dingealdrum)))
	  (, ,)
	  (CP-FRL-SBJ (WNP-NOM-1 (D^N +da))
		      (C 0)
		      (IP-SUB (NP-NOM *T*-1)
			      (BEPS syn)
			      (ADJP-NOM-PRD (ADJ^N emhydige) (CONJ and) (VAG^N cariende))
			      (PP (P embe)
				  (NP-ACC (PRO$ heora) (N^A ealdorscypas)))
			      (PP (P on)
				  (NP-DAT (Q^D eallum) (N^D +tingum)))
			      (PP (P +after)
				  (NP-DAT (NP-DAT (NP-GEN (NR^G Godes))
						  (N^D bebodum))
					  (CONJP (CONJ and)
						 (NP-DAT (NP-GEN (PRO$ heora) (N^G abbodes))
							 (N^D h+ase)))))))
	  (. .))
  (ID cobenrul,BenR:21.46.8.588))

/~*
Gyf hwylc bro+dor ongyten bi+d to+tunden, o+t+te ungehyrsum, o+t+te modig,
o+d+te ceoriende, o+t+te on +anigum +tinge wi+derweard wuniende +tam halgum
regule, and his yldrena geboda oferhogiend, +tes +tyllica +after Godes gebode
sy dyhlice mid wordum tuwa o+d+te +triwa gemyngod.
(cobenrul,BenR:23.48.3.608)
*~/
/*
45 VAG^N:  45 VAG^N, 46 ceoriende, 19 ADJP-NOM-PRD
66 VAG^N:  66 VAG^N, 67 wuniende, 19 ADJP-NOM-PRD
*/

( (CODE <T06980034700,23.48.3>)
  (IP-MAT (CP-ADV (P Gyf)
		  (C 0)
		  (IP-SUB (NP-NOM (Q^N hwylc) (N^N bro+dor))
			  (VBN ongyten)
			  (BEPI bi+d)
			  (ADJP-NOM-PRD (PTP-NOM (RP+VBN^N to+tunden))
					(, ,)
					(CONJP (CONJ o+t+te)
					       (ADJP-NOM (ADJ^N ungehyrsum)))
					(, ,)
					(CONJP (CONJ o+t+te)
					       (ADJP-NOM (ADJ^N modig)))
					(, ,)
					(CONJP (CONJ o+d+te)
					       (PTP-NOM (VAG^N ceoriende)))
					(, ,)
					(CONJP (CONJ o+t+te)
					       (PTP-NOM (PP (P on)
							    (NP-DAT (Q^D +anigum) (N^D +tinge)))
							(ADJP-NOM (ADJ^N wi+derweard)
								  (NP-DAT *ICH*-1))
							(VAG^N wuniende)
							(NP-DAT-1 (D^D +tam) (ADJ^D halgum) (N^D regule))))
					(, ,)
					(CONJP (CONJ and)
					       (NP-NOM (NP-GEN (NP-GEN (PRO$ his) (N^G yldrena))
							       (N^G geboda))
						       (N^N oferhogiend))))))
	  (, ,)
	  (NP-NOM (D^N +tes) (ADJ^N +tyllica))
	  (PP (P +after)
	      (NP-DAT (NP-GEN (NR^G Godes))
		      (N^D gebode)))
	  (BEPS sy)
	  (ADVP (ADV dyhlice))
	  (PP (P mid)
	      (NP-DAT (N^D wordum)))
	  (ADVP-TMP (ADV^T tuwa) (CONJ o+d+te) (ADV^T +triwa))
	  (VBN gemyngod)
	  (. .))
  (ID cobenrul,BenR:23.48.3.608))
/*
FOOTER
  source file, hits/tokens/total
  C:\Users\Shoo\Dropbox\workspace\CorpusSearch_Auto\data\corporas\YCOE\temp1492105600559\rules_charters_wills_laws_ecclesiastical_laws_and_proceedingstrials\cobenrul.o3.psd	9/7/1288
*/
/*
HEADER:
source file:  C:\Users\Shoo\Dropbox\workspace\CorpusSearch_Auto\data\corporas\YCOE\temp1492105600559\rules_charters_wills_laws_ecclesiastical_laws_and_proceedingstrials\cocanedgD.psd
*/
/*
FOOTER
  source file, hits/tokens/total
  C:\Users\Shoo\Dropbox\workspace\CorpusSearch_Auto\data\corporas\YCOE\temp1492105600559\rules_charters_wills_laws_ecclesiastical_laws_and_proceedingstrials\cocanedgD.psd	0/0/79
*/
/*
HEADER:
source file:  C:\Users\Shoo\Dropbox\workspace\CorpusSearch_Auto\data\corporas\YCOE\temp1492105600559\rules_charters_wills_laws_ecclesiastical_laws_and_proceedingstrials\cocanedgX.psd
*/
/*
FOOTER
  source file, hits/tokens/total
  C:\Users\Shoo\Dropbox\workspace\CorpusSearch_Auto\data\corporas\YCOE\temp1492105600559\rules_charters_wills_laws_ecclesiastical_laws_and_proceedingstrials\cocanedgX.psd	0/0/105
*/
/*
HEADER:
source file:  C:\Users\Shoo\Dropbox\workspace\CorpusSearch_Auto\data\corporas\YCOE\temp1492105600559\rules_charters_wills_laws_ecclesiastical_laws_and_proceedingstrials\cochdrul.psd
*/

/~*
& ne beon hig modige ne wy+dercwe+dende ne forhicgende, ac cl+ane & syfre,
ge+tyldige, welwyllende, & mildheorte,
(cochdrul,ChrodR_1:8.29.206)
*~/
/*
19 VAG^N:  19 VAG^N, 20 wy+dercwe+dende, 13 ADJP-NOM-PRD
23 VAG^N:  23 VAG^N, 24 forhicgende, 13 ADJP-NOM-PRD
*/

( (CODE <T07030016300,8.29>)
  (IP-MAT (CONJ &)
	  (NEG ne)
	  (BEPS beon)
	  (NP-NOM (PRO^N hig))
	  (ADJP-NOM-PRD (ADJP-NOM (ADJ^N modige) (NEG+CONJ ne) (VAG^N wy+dercwe+dende) (NEG+CONJ ne) (VAG^N forhicgende))
			(, ,)
			(CONJP (CONJ ac)
			       (ADJP-NOM (ADJP-NOM (ADJ^N cl+ane) (CONJ &) (ADJ^N syfre))
					 (, ,)
					 (CONJP (ADJP-NOM (ADJ^N ge+tyldige) (, ,) (ADJ^N welwyllende) (, ,) (CONJ &) (ADJ^N mildheorte))))))
	  (. ,))
  (ID cochdrul,ChrodR_1:8.29.206))

/~*
Gif hwylc bro+dor an preosthyrede bi+d +te +ta gesettan tida forgymeleasa+d,
o+d+de into cyrcan un+awf+astlice & prutlice o+d+de unsydelice g+a+d, & Godes
+teowdom gymeleaslice de+d, & to heora +afencollationem ne cym+d, & gif hwa
+ta hyrsumnysse +te his lareowas him bebeoda+d fors+ac+d & nele be his mihtum
gefillan an r+adincge o+d+de an sange o+d+de an +anigum cyrclicum larum,
o+d+de gif hwa to beodferse, na for neode, ac for gymeleaste, to late cym+d,
o+d+de gif hwa butan leafe ut of claustre g+a+d & +t+ar leng bi+d +tonne o+d
gesettan timan, o+d+de gif hwa g+a+d ut on str+ate, o+d+de g+a+d sittan +at
wega gel+atan, o+d+de gif hwa +anig +ting un+t+aslices o+d+de ungerislices an
worde o+d+de an weorce innan sl+aperne de+d, o+d+de gif +anig ge+tristl+ace
butan sl+aperne to sl+apenne butan he neadneode h+abbe, o+d+de gif hwa
forgymeleasa+d mid so+dre lufe eadmodlice his bro+dran to hyrsumienne, o+d+de
gif hwa +ta asceoniendlican wrohte s+aw+d betwyx gebro+drum, o+d+de gif hwa
angean +tas gesetednyssa o+d+de o+dre swilce rihtgesetednyssa beo to+tunden
o+d+de modig o+d+de murcniende, styre ma him +after Godes bebode,
(cochdrul,ChrodR_1:50.16.646)
*~/
/*
559 VAG^N:  559 VAG^N, 560 murcniende, 550 ADJP-NOM-PRD
*/

( (CODE <T07030046100,50.16>)
  (IP-MAT (CP-ADV (CP-ADV (P Gif)
			  (C 0)
			  (IP-SUB (NP-NOM (Q^N hwylc)
					  (N^N bro+dor)
					  (CP-REL *ICH*-1))
				  (PP (P an)
				      (NP-DAT (N^D preosthyrede)))
				  (BEPI bi+d)
				  (CP-REL-1 (WNP-NOM-2 0)
					    (C +te)
					    (IP-SUB (IP-SUB (NP-NOM *T*-2)
							    (NP-ACC (D^A +ta) (VBN^A gesettan) (N^A tida))
							    (VBPI forgymeleasa+d))
						    (, ,)
						    (CONJP (CONJ o+d+de)
							   (IP-SUB-CON (NP-NOM *T*-2)
								       (PP (P into)
									   (NP (N cyrcan)))
								       (ADVP (ADV un+awf+astlice) (CONJ &) (ADV prutlice) (CONJ o+d+de) (ADV unsydelice))
								       (VBPI g+a+d)))
						    (, ,)
						    (CONJP (CONJ &)
							   (IP-SUB-CON (NP-NOM *T*-2)
								       (NP-ACC (NP-GEN (NR^G Godes))
									       (N^A +teowdom))
								       (ADVP (ADV gymeleaslice))
								       (VBPI de+d)))
						    (, ,)
						    (CONJP (CONJ &)
							   (IP-SUB-CON (NP-NOM *T*-2)
								       (PP (P to)
									   (NP-DAT (PRO$ heora) (N^D +afencollationem)))
								       (NEG ne)
								       (VBPI cym+d)))))))
		  (, ,)
		  (CONJP (CONJ &)
			 (CP-ADV (P gif)
				 (C 0)
				 (IP-SUB (IP-SUB (NP-NOM (Q^N hwa))
						 (NP-ACC (D^A +ta)
							 (N^A hyrsumnysse)
							 (CP-REL (WNP-3 0)
								 (C +te)
								 (IP-SUB (NP *T*-3)
									 (NP-NOM (PRO$ his) (N^N lareowas))
									 (NP-DAT (PRO^D him))
									 (VBPI bebeoda+d))))
						 (VBPI fors+ac+d))
					 (CONJP (CONJ &)
						(IP-SUB-CON (NP-NOM *con*)
							    (NEG+MDP nele)
							    (PP (P be)
								(NP-DAT (PRO$ his) (N^D mihtum)))
							    (VB gefillan)
							    (PP (PP (P an)
								    (NP (N r+adincge)))
								(CONJP (CONJ o+d+de)
								       (PP (P an)
									   (NP-DAT (N^D sange))))
								(CONJP (CONJ o+d+de)
								       (PP (P an)
									   (NP-DAT (Q^D +anigum) (ADJ^D cyrclicum) (N^D larum))))))))))
		  (, ,)
		  (CONJP (CONJ o+d+de)
			 (CP-ADV (P gif)
				 (C 0)
				 (IP-SUB (NP-NOM (Q^N hwa))
					 (PP (P to)
					     (NP-DAT (N^D beodferse)))
					 (, ,)
					 (PP (PP (NEG+ADV na)
						 (P for)
						 (NP (N neode)))
					     (, ,)
					     (CONJP (CONJ ac)
						    (PP (P for)
							(NP (N gymeleaste)))))
					 (, ,)
					 (ADVP-TMP (ADV to) (ADV^T late))
					 (VBPI cym+d))))
		  (, ,)
		  (CONJP (CONJ o+d+de)
			 (CP-ADV (P gif)
				 (C 0)
				 (IP-SUB (IP-SUB (NP-NOM (Q^N hwa))
						 (PP (P butan)
						     (NP (N leafe)))
						 (PP (RP ut)
						     (P of)
						     (NP-DAT (N^D claustre)))
						 (VBPI g+a+d))
					 (CONJP (CONJ &)
						(IP-SUB-CON-0 (NP-NOM *con*)
							      (ADVP-LOC (ADV^L +t+ar))
							      (ADVP-TMP (ADVR^T leng))
							      (BEPI bi+d)
							      (PP (P +tonne)
								  (CP-CMP (WADVP-TMP-4 0)
									  (C 0)
									  (IPX-SUB=0 (ADVP-TMP *T*-4)
										     (PP (P o+d)
											 (NP (VBN gesettan) (N timan)))))))))))
		  (, ,)
		  (CONJP (CONJ o+d+de)
			 (CP-ADV (P gif)
				 (C 0)
				 (IP-SUB (IP-SUB (NP-NOM (Q^N hwa))
						 (VBPI g+a+d)
						 (PP (RP ut)
						     (P on)
						     (NP (N str+ate))))
					 (, ,)
					 (CONJP (CONJ o+d+de)
						(IP-SUB-CON (NP-NOM *con*)
							    (AXPI g+a+d)
							    (VB sittan)
							    (PP (P +at)
								(NP (NP-GEN (N^G wega))
								    (N gel+atan))))))))
		  (, ,)
		  (CONJP (CONJ o+d+de)
			 (CP-ADV (P gif)
				 (C 0)
				 (IP-SUB (NP-NOM (Q^N hwa))
					 (NP-ACC (Q^A +anig)
						 (N^A +ting)
						 (ADJP-GEN (ADJ^G un+t+aslices) (CONJ o+d+de) (ADJ^G ungerislices)))
					 (PP (PP (P an)
						 (NP-DAT (N^D worde)))
					     (CONJP (CONJ o+d+de)
						    (PP (P an)
							(NP-DAT (N^D weorce)))))
					 (PP (P innan)
					     (NP-DAT (N^D sl+aperne)))
					 (VBPI de+d))))
		  (, ,)
		  (CONJP (CONJ o+d+de)
			 (CP-ADV (P gif)
				 (C 0)
				 (IP-SUB (NP-NOM (Q^N +anig))
					 (VBPS ge+tristl+ace)
					 (IP-INF (PP (P butan)
						     (NP-DAT (N^D sl+aperne)))
						 (TO to)
						 (VB^D sl+apenne))
					 (CP-ADV (P butan)
						 (C 0)
						 (IP-SUB (NP-NOM (PRO^N he))
							 (NP (N neadneode))
							 (HVPS h+abbe))))))
		  (, ,)
		  (CONJP (CONJ o+d+de)
			 (CP-ADV (P gif)
				 (C 0)
				 (IP-SUB (NP-NOM (Q^N hwa))
					 (VBPI forgymeleasa+d)
					 (IP-INF (PP (P mid)
						     (NP-DAT (ADJ^D so+dre) (N^D lufe)))
						 (ADVP (ADV eadmodlice))
						 (NP-DAT (PRO$ his) (N^D bro+dran))
						 (TO to)
						 (VB^D hyrsumienne)))))
		  (, ,)
		  (CONJP (CONJ o+d+de)
			 (CP-ADV (P gif)
				 (C 0)
				 (IP-SUB (NP-NOM (Q^N hwa))
					 (NP-ACC (D^A +ta) (ADJ^A asceoniendlican) (N^A wrohte))
					 (VBPI s+aw+d)
					 (PP (P betwyx)
					     (NP-DAT (N^D gebro+drum))))))
		  (, ,)
		  (CONJP (CONJ o+d+de)
			 (CP-ADV (P gif)
				 (C 0)
				 (IP-SUB (NP-NOM (Q^N hwa))
					 (PP (P angean)
					     (NP-ACC (NP-ACC (D^A +tas) (N^A gesetednyssa))
						     (CONJP (CONJ o+d+de)
							    (NP-ACC (ADJ^A o+dre) (ADJ^A swilce) (N^A rihtgesetednyssa)))))
					 (BEPS beo)
					 (ADJP-NOM-PRD (RP+VBN^N to+tunden) (CONJ o+d+de) (ADJ^N modig) (CONJ o+d+de) (VAG^N murcniende))))))
	  (, ,)
	  (VBPS styre)
	  (NP-NOM (MAN^N ma))
	  (NP-DAT (PRO^D him))
	  (PP (P +after)
	      (NP-DAT (NP-GEN (NR^G Godes))
		      (N^D bebode)))
	  (. ,))
  (ID cochdrul,ChrodR_1:50.16.646))
/*
FOOTER
  source file, hits/tokens/total
  C:\Users\Shoo\Dropbox\workspace\CorpusSearch_Auto\data\corporas\YCOE\temp1492105600559\rules_charters_wills_laws_ecclesiastical_laws_and_proceedingstrials\cochdrul.psd	3/2/1132
*/
/*
HEADER:
source file:  C:\Users\Shoo\Dropbox\workspace\CorpusSearch_Auto\data\corporas\YCOE\temp1492105600559\rules_charters_wills_laws_ecclesiastical_laws_and_proceedingstrials\codocu1.o1.psd
*/
/*
FOOTER
  source file, hits/tokens/total
  C:\Users\Shoo\Dropbox\workspace\CorpusSearch_Auto\data\corporas\YCOE\temp1492105600559\rules_charters_wills_laws_ecclesiastical_laws_and_proceedingstrials\codocu1.o1.psd	0/0/90
*/
/*
HEADER:
source file:  C:\Users\Shoo\Dropbox\workspace\CorpusSearch_Auto\data\corporas\YCOE\temp1492105600559\rules_charters_wills_laws_ecclesiastical_laws_and_proceedingstrials\codocu2.o12.psd
*/
/*
FOOTER
  source file, hits/tokens/total
  C:\Users\Shoo\Dropbox\workspace\CorpusSearch_Auto\data\corporas\YCOE\temp1492105600559\rules_charters_wills_laws_ecclesiastical_laws_and_proceedingstrials\codocu2.o12.psd	0/0/11
*/
/*
HEADER:
source file:  C:\Users\Shoo\Dropbox\workspace\CorpusSearch_Auto\data\corporas\YCOE\temp1492105600559\rules_charters_wills_laws_ecclesiastical_laws_and_proceedingstrials\codocu2.o2.psd
*/
/*
FOOTER
  source file, hits/tokens/total
  C:\Users\Shoo\Dropbox\workspace\CorpusSearch_Auto\data\corporas\YCOE\temp1492105600559\rules_charters_wills_laws_ecclesiastical_laws_and_proceedingstrials\codocu2.o2.psd	0/0/123
*/
/*
HEADER:
source file:  C:\Users\Shoo\Dropbox\workspace\CorpusSearch_Auto\data\corporas\YCOE\temp1492105600559\rules_charters_wills_laws_ecclesiastical_laws_and_proceedingstrials\codocu3.o23.psd
*/
/*
FOOTER
  source file, hits/tokens/total
  C:\Users\Shoo\Dropbox\workspace\CorpusSearch_Auto\data\corporas\YCOE\temp1492105600559\rules_charters_wills_laws_ecclesiastical_laws_and_proceedingstrials\codocu3.o23.psd	0/0/35
*/
/*
HEADER:
source file:  C:\Users\Shoo\Dropbox\workspace\CorpusSearch_Auto\data\corporas\YCOE\temp1492105600559\rules_charters_wills_laws_ecclesiastical_laws_and_proceedingstrials\codocu3.o3.psd
*/
/*
FOOTER
  source file, hits/tokens/total
  C:\Users\Shoo\Dropbox\workspace\CorpusSearch_Auto\data\corporas\YCOE\temp1492105600559\rules_charters_wills_laws_ecclesiastical_laws_and_proceedingstrials\codocu3.o3.psd	0/0/401
*/
/*
HEADER:
source file:  C:\Users\Shoo\Dropbox\workspace\CorpusSearch_Auto\data\corporas\YCOE\temp1492105600559\rules_charters_wills_laws_ecclesiastical_laws_and_proceedingstrials\codocu4.o24.psd
*/
/*
FOOTER
  source file, hits/tokens/total
  C:\Users\Shoo\Dropbox\workspace\CorpusSearch_Auto\data\corporas\YCOE\temp1492105600559\rules_charters_wills_laws_ecclesiastical_laws_and_proceedingstrials\codocu4.o24.psd	0/0/23
*/
/*
HEADER:
source file:  C:\Users\Shoo\Dropbox\workspace\CorpusSearch_Auto\data\corporas\YCOE\temp1492105600559\rules_charters_wills_laws_ecclesiastical_laws_and_proceedingstrials\coinspolD.o34.psd
*/

/~*
+Tonne motan +ta hyrdas beon swi+de wacole and geornlice clipigende, +te wi+d
+tone +teodsca+dan folce sculon scyldan.
(coinspolD,WPol_2.1.2_[Jost]:49.67)
*~/
/*
31 VAG^N:  31 VAG^N, 32 clipigende, 18 ADJP-NOM-PRD
*/

( (CODE <T09130004300,49>)
  (IP-MAT (ADVP-TMP (ADV^T +Tonne))
	  (MDPI motan)
	  (NP-NOM (D^N +ta)
		  (N^N hyrdas)
		  (CP-REL *ICH*-1))
	  (BE beon)
	  (ADJP-NOM-PRD (ADJP-NOM (ADV swi+de) (ADJ^N wacole))
			(CONJP (CONJ and)
			       (PTP-NOM (ADVP (ADV geornlice))
					(VAG^N clipigende))))
	  (, ,)
	  (CP-REL-1 (WNP-NOM-2 0)
		    (C +te)
		    (IP-SUB (NP-NOM *T*-2)
			    (PP (P wi+d)
				(NP-ACC (D^A +tone) (N^A +teodsca+dan)))
			    (NP (N folce))
			    (MDPI sculon)
			    (VB scyldan)))
	  (. .))
  (ID coinspolD,WPol_2.1.2_[Jost]:49.67))
/*
FOOTER
  source file, hits/tokens/total
  C:\Users\Shoo\Dropbox\workspace\CorpusSearch_Auto\data\corporas\YCOE\temp1492105600559\rules_charters_wills_laws_ecclesiastical_laws_and_proceedingstrials\coinspolD.o34.psd	1/1/169
*/
/*
HEADER:
source file:  C:\Users\Shoo\Dropbox\workspace\CorpusSearch_Auto\data\corporas\YCOE\temp1492105600559\rules_charters_wills_laws_ecclesiastical_laws_and_proceedingstrials\coinspolX.psd
*/

/~*
+Tonne motan +ta hyrdas beon swi+te wacore and geornlice clypiende, +te wi+d
+tone +teodscea+dan folce scylan scyldan.
(coinspolX,WPol_2.1.1_[Jost]:66.98)
*~/
/*
31 VAG^N:  31 VAG^N, 32 clypiende, 18 ADJP-NOM-PRD
*/

( (CODE <T09120007100,66>)
  (IP-MAT (ADVP-TMP (ADV^T +Tonne))
	  (MDPI motan)
	  (NP-NOM (D^N +ta)
		  (N^N hyrdas)
		  (CP-REL *ICH*-1))
	  (BE beon)
	  (ADJP-NOM-PRD (ADJP-NOM (ADV swi+te) (ADJ^N wacore))
			(CONJP (CONJ and)
			       (PTP-NOM (ADVP (ADV geornlice))
					(VAG^N clypiende))))
	  (, ,)
	  (CP-REL-1 (WNP-NOM-2 0)
		    (C +te)
		    (IP-SUB (NP-NOM *T*-2)
			    (PP (P wi+d)
				(NP-ACC (D^A +tone) (N^A +teodscea+dan)))
			    (NP (N folce))
			    (MDPS scylan)
			    (VB scyldan)))
	  (. .))
  (ID coinspolX,WPol_2.1.1_[Jost]:66.98))

/~*
+Tonne motan +ta hyrdas beon swy+de wacore and georne clypiende, +te wi+d
+tone +teodscea+tan $folce gescyldan sculan.
(coinspolX,WPol_2.1.1_[Jost]:108.153)
*~/
/*
31 VAG^N:  31 VAG^N, 32 clypiende, 18 ADJP-NOM-PRD
*/

( (CODE <T09120011300,108>)
  (IP-MAT (ADVP-TMP (ADV^T +Tonne))
	  (MDPI motan)
	  (NP-NOM (D^N +ta)
		  (N^N hyrdas)
		  (CP-REL *ICH*-1))
	  (BE beon)
	  (ADJP-NOM-PRD (ADJP-NOM (ADV swy+de) (ADJ^N wacore))
			(CONJP (CONJ and)
			       (PTP-NOM (ADVP (ADV georne))
					(VAG^N clypiende))))
	  (, ,)
	  (CP-REL-1 (WNP-NOM-2 0)
		    (C +te)
		    (IP-SUB (NP-NOM *T*-2)
			    (PP (P wi+d)
				(NP-ACC (D^A +tone) (N^A +teodscea+tan)))
			    (NP-DAT (N^D $folce))
			    (VB gescyldan)
			    (MDPI sculan)))
	  (. .))
  (ID coinspolX,WPol_2.1.1_[Jost]:108.153))
/*
FOOTER
  source file, hits/tokens/total
  C:\Users\Shoo\Dropbox\workspace\CorpusSearch_Auto\data\corporas\YCOE\temp1492105600559\rules_charters_wills_laws_ecclesiastical_laws_and_proceedingstrials\coinspolX.psd	2/2/327
*/
/*
HEADER:
source file:  C:\Users\Shoo\Dropbox\workspace\CorpusSearch_Auto\data\corporas\YCOE\temp1492105600559\rules_charters_wills_laws_ecclesiastical_laws_and_proceedingstrials\colaw1cn.o3.psd
*/

/~*
+Tonne moton +ta hyrdas beon swy+de wacore & geornlice clypigende, +te wi+d
+tone +teodscea+dan folce sceolon scyldan:
(colaw1cn,LawICn:26.3.144)
*~/
/*
31 VAG^N:  31 VAG^N, 32 clypigende, 18 ADJP-NOM-PRD
*/

( (CODE <T09630008800,26.3>)
  (IP-MAT (ADVP-TMP (ADV^T +Tonne))
	  (MDPI moton)
	  (NP-NOM (D^N +ta)
		  (N^N hyrdas)
		  (CP-REL *ICH*-1))
	  (BE beon)
	  (ADJP-NOM-PRD (ADJP-NOM (ADV swy+de) (ADJ^N wacore))
			(CONJP (CONJ &)
			       (PTP-NOM (ADVP (ADV geornlice))
					(VAG^N clypigende))))
	  (, ,)
	  (CP-REL-1 (WNP-NOM-2 0)
		    (C +te)
		    (IP-SUB (NP-NOM *T*-2)
			    (PP (P wi+d)
				(NP-ACC (D^A +tone) (N^A +teodscea+dan)))
			    (NP-DAT (N^D folce))
			    (MDPI sceolon)
			    (VB scyldan)))
	  (. :))
  (ID colaw1cn,LawICn:26.3.144))
/*
FOOTER
  source file, hits/tokens/total
  C:\Users\Shoo\Dropbox\workspace\CorpusSearch_Auto\data\corporas\YCOE\temp1492105600559\rules_charters_wills_laws_ecclesiastical_laws_and_proceedingstrials\colaw1cn.o3.psd	1/1/146
*/
/*
HEADER:
source file:  C:\Users\Shoo\Dropbox\workspace\CorpusSearch_Auto\data\corporas\YCOE\temp1492105600559\rules_charters_wills_laws_ecclesiastical_laws_and_proceedingstrials\colaw2cn.o3.psd
*/
/*
FOOTER
  source file, hits/tokens/total
  C:\Users\Shoo\Dropbox\workspace\CorpusSearch_Auto\data\corporas\YCOE\temp1492105600559\rules_charters_wills_laws_ecclesiastical_laws_and_proceedingstrials\colaw2cn.o3.psd	0/0/304
*/
/*
HEADER:
source file:  C:\Users\Shoo\Dropbox\workspace\CorpusSearch_Auto\data\corporas\YCOE\temp1492105600559\rules_charters_wills_laws_ecclesiastical_laws_and_proceedingstrials\colaw5atr.o3.psd
*/
/*
FOOTER
  source file, hits/tokens/total
  C:\Users\Shoo\Dropbox\workspace\CorpusSearch_Auto\data\corporas\YCOE\temp1492105600559\rules_charters_wills_laws_ecclesiastical_laws_and_proceedingstrials\colaw5atr.o3.psd	0/0/79
*/
/*
HEADER:
source file:  C:\Users\Shoo\Dropbox\workspace\CorpusSearch_Auto\data\corporas\YCOE\temp1492105600559\rules_charters_wills_laws_ecclesiastical_laws_and_proceedingstrials\colaw6atr.o3.psd
*/
/*
FOOTER
  source file, hits/tokens/total
  C:\Users\Shoo\Dropbox\workspace\CorpusSearch_Auto\data\corporas\YCOE\temp1492105600559\rules_charters_wills_laws_ecclesiastical_laws_and_proceedingstrials\colaw6atr.o3.psd	0/0/111
*/
/*
HEADER:
source file:  C:\Users\Shoo\Dropbox\workspace\CorpusSearch_Auto\data\corporas\YCOE\temp1492105600559\rules_charters_wills_laws_ecclesiastical_laws_and_proceedingstrials\colawaf.o2.psd
*/
/*
FOOTER
  source file, hits/tokens/total
  C:\Users\Shoo\Dropbox\workspace\CorpusSearch_Auto\data\corporas\YCOE\temp1492105600559\rules_charters_wills_laws_ecclesiastical_laws_and_proceedingstrials\colawaf.o2.psd	0/0/210
*/
/*
HEADER:
source file:  C:\Users\Shoo\Dropbox\workspace\CorpusSearch_Auto\data\corporas\YCOE\temp1492105600559\rules_charters_wills_laws_ecclesiastical_laws_and_proceedingstrials\colawafint.o2.psd
*/

/~*
+Tis sindan +da domas +te se +almihtega God self sprecende w+as to Moyse & him
bebead to healdanne.
(colawafint,LawAfEl:49.115)
*~/
/*
32 VAG:  32 VAG, 33 sprecende, 9 NP-NOM-PRD
*/

( (CODE <T09280007700,49>)
  (IP-MAT-SPE (NP-NOM (D^N +Tis))
	      (BEPI sindan)
	      (NP-NOM-PRD (D^N +da)
			  (N^N domas)
			  (CP-REL-SPE (WNP-1 0)
				      (C +te)
				      (IP-SUB-SPE (IP-SUB-SPE (NP *T*-1)
							      (NP-NOM (D^N se) (ADJ^N +almihtega) (NR^N God) (ADJ^N self))
							      (VAG sprecende)
							      (BEDI w+as)
							      (PP (P to)
								  (NP-DAT (NR^D Moyse))))
						  (CONJP (CONJ &)
							 (IP-SUB-CON-SPE (NP-NOM *con*)
									 (NP-DAT (PRO^D him))
									 (VBDI bebead)
									 (IP-INF-SPE (NP *T*-1)
										     (TO to)
										     (VB^D healdanne)))))))
	      (. .))
  (ID colawafint,LawAfEl:49.115))
/*
FOOTER
  source file, hits/tokens/total
  C:\Users\Shoo\Dropbox\workspace\CorpusSearch_Auto\data\corporas\YCOE\temp1492105600559\rules_charters_wills_laws_ecclesiastical_laws_and_proceedingstrials\colawafint.o2.psd	1/1/146
*/
/*
HEADER:
source file:  C:\Users\Shoo\Dropbox\workspace\CorpusSearch_Auto\data\corporas\YCOE\temp1492105600559\rules_charters_wills_laws_ecclesiastical_laws_and_proceedingstrials\colawger.o34.psd
*/
/*
FOOTER
  source file, hits/tokens/total
  C:\Users\Shoo\Dropbox\workspace\CorpusSearch_Auto\data\corporas\YCOE\temp1492105600559\rules_charters_wills_laws_ecclesiastical_laws_and_proceedingstrials\colawger.o34.psd	0/0/35
*/
/*
HEADER:
source file:  C:\Users\Shoo\Dropbox\workspace\CorpusSearch_Auto\data\corporas\YCOE\temp1492105600559\rules_charters_wills_laws_ecclesiastical_laws_and_proceedingstrials\colawine.ox2.psd
*/
/*
FOOTER
  source file, hits/tokens/total
  C:\Users\Shoo\Dropbox\workspace\CorpusSearch_Auto\data\corporas\YCOE\temp1492105600559\rules_charters_wills_laws_ecclesiastical_laws_and_proceedingstrials\colawine.ox2.psd	0/0/192
*/
/*
HEADER:
source file:  C:\Users\Shoo\Dropbox\workspace\CorpusSearch_Auto\data\corporas\YCOE\temp1492105600559\rules_charters_wills_laws_ecclesiastical_laws_and_proceedingstrials\colawnorthu.o3.psd
*/
/*
FOOTER
  source file, hits/tokens/total
  C:\Users\Shoo\Dropbox\workspace\CorpusSearch_Auto\data\corporas\YCOE\temp1492105600559\rules_charters_wills_laws_ecclesiastical_laws_and_proceedingstrials\colawnorthu.o3.psd	0/0/98
*/
/*
HEADER:
source file:  C:\Users\Shoo\Dropbox\workspace\CorpusSearch_Auto\data\corporas\YCOE\temp1492105600559\rules_charters_wills_laws_ecclesiastical_laws_and_proceedingstrials\colawwllad.o4.psd
*/
/*
FOOTER
  source file, hits/tokens/total
  C:\Users\Shoo\Dropbox\workspace\CorpusSearch_Auto\data\corporas\YCOE\temp1492105600559\rules_charters_wills_laws_ecclesiastical_laws_and_proceedingstrials\colawwllad.o4.psd	0/0/14
*/
/*
SUMMARY:  
source files, hits/tokens/total
  C:\Users\Shoo\Dropbox\workspace\CorpusSearch_Auto\data\corporas\YCOE\temp1492105600559\rules_charters_wills_laws_ecclesiastical_laws_and_proceedingstrials\cobenrul.o3.psd	9/7/1288
  C:\Users\Shoo\Dropbox\workspace\CorpusSearch_Auto\data\corporas\YCOE\temp1492105600559\rules_charters_wills_laws_ecclesiastical_laws_and_proceedingstrials\cocanedgD.psd	0/0/79
  C:\Users\Shoo\Dropbox\workspace\CorpusSearch_Auto\data\corporas\YCOE\temp1492105600559\rules_charters_wills_laws_ecclesiastical_laws_and_proceedingstrials\cocanedgX.psd	0/0/105
  C:\Users\Shoo\Dropbox\workspace\CorpusSearch_Auto\data\corporas\YCOE\temp1492105600559\rules_charters_wills_laws_ecclesiastical_laws_and_proceedingstrials\cochdrul.psd	3/2/1132
  C:\Users\Shoo\Dropbox\workspace\CorpusSearch_Auto\data\corporas\YCOE\temp1492105600559\rules_charters_wills_laws_ecclesiastical_laws_and_proceedingstrials\codocu1.o1.psd	0/0/90
  C:\Users\Shoo\Dropbox\workspace\CorpusSearch_Auto\data\corporas\YCOE\temp1492105600559\rules_charters_wills_laws_ecclesiastical_laws_and_proceedingstrials\codocu2.o12.psd	0/0/11
  C:\Users\Shoo\Dropbox\workspace\CorpusSearch_Auto\data\corporas\YCOE\temp1492105600559\rules_charters_wills_laws_ecclesiastical_laws_and_proceedingstrials\codocu2.o2.psd	0/0/123
  C:\Users\Shoo\Dropbox\workspace\CorpusSearch_Auto\data\corporas\YCOE\temp1492105600559\rules_charters_wills_laws_ecclesiastical_laws_and_proceedingstrials\codocu3.o23.psd	0/0/35
  C:\Users\Shoo\Dropbox\workspace\CorpusSearch_Auto\data\corporas\YCOE\temp1492105600559\rules_charters_wills_laws_ecclesiastical_laws_and_proceedingstrials\codocu3.o3.psd	0/0/401
  C:\Users\Shoo\Dropbox\workspace\CorpusSearch_Auto\data\corporas\YCOE\temp1492105600559\rules_charters_wills_laws_ecclesiastical_laws_and_proceedingstrials\codocu4.o24.psd	0/0/23
  C:\Users\Shoo\Dropbox\workspace\CorpusSearch_Auto\data\corporas\YCOE\temp1492105600559\rules_charters_wills_laws_ecclesiastical_laws_and_proceedingstrials\coinspolD.o34.psd	1/1/169
  C:\Users\Shoo\Dropbox\workspace\CorpusSearch_Auto\data\corporas\YCOE\temp1492105600559\rules_charters_wills_laws_ecclesiastical_laws_and_proceedingstrials\coinspolX.psd	2/2/327
  C:\Users\Shoo\Dropbox\workspace\CorpusSearch_Auto\data\corporas\YCOE\temp1492105600559\rules_charters_wills_laws_ecclesiastical_laws_and_proceedingstrials\colaw1cn.o3.psd	1/1/146
  C:\Users\Shoo\Dropbox\workspace\CorpusSearch_Auto\data\corporas\YCOE\temp1492105600559\rules_charters_wills_laws_ecclesiastical_laws_and_proceedingstrials\colaw2cn.o3.psd	0/0/304
  C:\Users\Shoo\Dropbox\workspace\CorpusSearch_Auto\data\corporas\YCOE\temp1492105600559\rules_charters_wills_laws_ecclesiastical_laws_and_proceedingstrials\colaw5atr.o3.psd	0/0/79
  C:\Users\Shoo\Dropbox\workspace\CorpusSearch_Auto\data\corporas\YCOE\temp1492105600559\rules_charters_wills_laws_ecclesiastical_laws_and_proceedingstrials\colaw6atr.o3.psd	0/0/111
  C:\Users\Shoo\Dropbox\workspace\CorpusSearch_Auto\data\corporas\YCOE\temp1492105600559\rules_charters_wills_laws_ecclesiastical_laws_and_proceedingstrials\colawaf.o2.psd	0/0/210
  C:\Users\Shoo\Dropbox\workspace\CorpusSearch_Auto\data\corporas\YCOE\temp1492105600559\rules_charters_wills_laws_ecclesiastical_laws_and_proceedingstrials\colawafint.o2.psd	1/1/146
  C:\Users\Shoo\Dropbox\workspace\CorpusSearch_Auto\data\corporas\YCOE\temp1492105600559\rules_charters_wills_laws_ecclesiastical_laws_and_proceedingstrials\colawger.o34.psd	0/0/35
  C:\Users\Shoo\Dropbox\workspace\CorpusSearch_Auto\data\corporas\YCOE\temp1492105600559\rules_charters_wills_laws_ecclesiastical_laws_and_proceedingstrials\colawine.ox2.psd	0/0/192
  C:\Users\Shoo\Dropbox\workspace\CorpusSearch_Auto\data\corporas\YCOE\temp1492105600559\rules_charters_wills_laws_ecclesiastical_laws_and_proceedingstrials\colawnorthu.o3.psd	0/0/98
  C:\Users\Shoo\Dropbox\workspace\CorpusSearch_Auto\data\corporas\YCOE\temp1492105600559\rules_charters_wills_laws_ecclesiastical_laws_and_proceedingstrials\colawwllad.o4.psd	0/0/14
whole search, hits/tokens/total
		17/14/5118
*/
