/*
PREFACE:  
Copyright 2010 Beth Randall
Date:  Thu Apr 13 18:48:56 BST 2017

command file:     data\searches\queries\YCOE\progressive_forms_in_a_generic_predicate.q
output file:      C:\Users\Shoo\Dropbox\workspace\CorpusSearch_Auto\data\output\13-04-2017 18.46.36.333 YCOE\progressive_forms_in_a_generic_predicate\homilies_and_sermons\result.out

node:   CPX*|AXG*|BAG*|HAG*|VAG*
query:  (AXG*|BAG*|HAG*|VAG* Dominates  !AXG*|BAG*|HAG*|VAG*) 
  AND  (CPX* Dominates  AXG*|BAG*|HAG*|VAG*) 
*/
/*
HEADER:
source file:  C:\Users\Shoo\Dropbox\workspace\CorpusSearch_Auto\data\corporas\YCOE\temp1492105600559\homilies_and_sermons\coaelhom.o3.psd
*/

/~*
Godes finger so+dlice getacnode +tone Halgan Gast, swa swa Matheus awrat,
+tisum wordum cwe+tende:
(coaelhom,+AHom_4:135.594)
*~/
/*
44 VAG^N:  44 VAG^N, 45 cwe+tende, 29 CPX-CMP
*/
( (CODE <T03390003600,135>)
  (IP-MAT (NP-NOM (NP-GEN (NR^G Godes))
		  (N^N finger))
	  (ADVP (ADV so+dlice))
	  (VBD getacnode)
	  (NP-ACC (D^A +tone) (ADJ^A Halgan) (N^A Gast))
	  (, ,)
	  (PP (ADV swa)
	      (P swa)
	      (CPX-CMP (IPX-SUB (NP-NOM (NR^N Matheus))
				(VBDI awrat)
				(, ,)
				(PTP-NOM (NP-DAT-ADT (D^D +tisum) (N^D wordum))
					 (VAG^N cwe+tende)))))
	  (. :))
  (ID coaelhom,+AHom_4:135.594))

/~*
ac he ne com na swa swutellice swa swa he sy+d+dan dyde, on scinendre
beorhtnesse, swilce byrnende fyr, to +tam Godes bydelum +te bodedon mancynne.
(coaelhom,+AHom_7:67.1096)
*~/
/*
58 VAG^N:  58 VAG^N, 59 byrnende, 55 CPX-CMP
*/

( (IP-MAT (CONJ ac)
	  (NP-NOM (PRO^N he))
	  (NEG ne)
	  (VBDI com)
	  (ADVP (NEG+ADV na))
	  (ADVP (ADV swa)
		(ADV swutellice)
		(PP (ADV swa)
		    (P swa)
		    (CP-CMP (WADVP-1 0)
			    (C 0)
			    (IP-SUB (ADVP *T*-1)
				    (NP-NOM (PRO^N he))
				    (ADVP-TMP (ADV^T sy+d+dan))
				    (VBD dyde)))))
	  (, ,)
	  (PP (P on)
	      (NP-DAT (VAG^D scinendre) (N^D beorhtnesse)))
	  (, ,)
	  (PP (P swilce)
	      (CPX-CMP (IPX-SUB (NP-NOM (VAG^N byrnende) (N^N fyr)))))
	  (, ,)
	  (PP (P to)
	      (NP-DAT (D^D +tam)
		      (NP-GEN (NR^G Godes))
		      (N^D bydelum)
		      (CP-REL (WNP-NOM-2 0)
			      (C +te)
			      (IP-SUB (NP-NOM *T*-2)
				      (VBDI bodedon)
				      (NP-DAT (N^D mancynne))))))
	  (. .))
  (ID coaelhom,+AHom_7:67.1096))

/~*
and +t+at is swy+de god spell, +turh Godes tocyme us to gehyrenne +t+at we
habban moton +ta heofonlican wununge mid him sylfum +afre, swa swa he +tam
eallum behet +te hine lufia+d, on rihtwisnysse and on rihtum geleafan and on
so+df+astnysse hine secende.
(coaelhom,+AHom_8:3.1167)
*~/
/*
142 VAG^N:  142 VAG^N, 143 secende, 82 CPX-CMP
*/

( (IP-MAT (CONJ and)
	  (NP-NOM (D^N +t+at)
		  (CP-THT-PRN *ICH*-3))
	  (BEPI is)
	  (NP-NOM-PRD (ADJP-NOM (ADV swy+de) (ADJ^N god))
		      (N^N spell)
		      (CP-EOP *ICH*-1))
	  (, ,)
	  (PP (P +turh)
	      (NP (NP-GEN (NR^G Godes))
		  (N tocyme)))
	  (NP-DAT-ADT (PRO^D us))
	  (CP-EOP-1 (WNP-2 0)
		    (IP-INF (NP *T*-2)
			    (TO to)
			    (VB^D gehyrenne)))
	  (CP-THT-PRN-3 (C +t+at)
			(IP-SUB (NP-NOM (PRO^N we))
				(HV habban)
				(MDPI moton)
				(NP-ACC (D^A +ta) (ADJ^A heofonlican) (N^A wununge))
				(PP (P mid)
				    (NP-DAT (PRO^D him)
					    (ADJP-DAT (ADJ^D sylfum))))
				(ADVP-TMP (ADV^T +afre))
				(, ,)
				(PP (ADV swa)
				    (P swa)
				    (CPX-CMP (IPX-SUB (NP-NOM (PRO^N he))
						      (NP-DAT (D^D +tam)
							      (Q^D eallum)
							      (CP-REL *ICH*-4))
						      (VBDI behet)
						      (CP-REL-4 (WNP-NOM-5 0)
								(C +te)
								(IP-SUB (NP-NOM *T*-5)
									(NP-ACC (PRO^A hine))
									(VBPI lufia+d)
									(, ,)
									(PTP-NOM (PP (PP (P on)
											 (NP (N rihtwisnysse)))
										     (CONJP (CONJ and)
											    (PP (P on)
												(NP-DAT (ADJ^D rihtum) (N^D geleafan))))
										     (CONJP (CONJ and)
											    (PP (P on)
												(NP (N so+df+astnysse)))))
										 (NP-ACC (PRO^A hine))
										 (VAG^N secende)))))))))
	  (. .))
  (ID coaelhom,+AHom_8:3.1167))

/~*
We sceolon us gebletsian and abiddan +at Gode +tat he us gehealde, and urne
mu+d $+turhhlynne, swa swa se witega b+ad, +tysum wordum cwe+dende:
(coaelhom,+AHom_16:178.2338)
*~/
/*
77 VAG^N:  77 VAG^N, 78 cwe+dende, 60 CPX-CMP
*/

( (CODE <T03510003400,178>)
  (IP-MAT (NP-NOM (PRO^N We))
	  (MDPI sceolon)
	  (NP (PRO us))
	  (VB (VB gebletsian) (CONJ and) (VB abiddan))
	  (PP (P +at)
	      (NP-DAT (NR^D Gode)))
	  (CP-THT (C +tat)
		  (IP-SUB (IP-SUB (NP-NOM (PRO^N he))
				  (NP (PRO us))
				  (VBPS gehealde))
			  (, ,)
			  (CONJP (CONJ and)
				 (IP-SUB-CON (NP-NOM *con*)
					     (NP-ACC (PRO$^A urne) (N^A mu+d))
					     (RP+VBPS $+turhhlynne)
					     (, ,)
					     (PP (ADV swa)
						 (P swa)
						 (CPX-CMP (IPX-SUB (NP-NOM (D^N se) (N^N witega))
								   (VBDI b+ad)
								   (, ,)
								   (PTP-NOM (NP-DAT (D^D +tysum) (N^D wordum))
									    (VAG^N cwe+dende)))))))))
	  (. :))
  (ID coaelhom,+AHom_16:178.2338))

/~*
ne menn ne cwe+ta+d na, efne he cym+d nu; for +tam +te he cym+d f+arlice, swa
swa f+arlic liget, +te scyt fram eastd+ale scinende o+d westd+al.
(coaelhom,+AHom_19:2.2666)
*~/
/*
79 VAG^N:  79 VAG^N, 80 scinende, 53 CPX-CMP
*/

( (IP-MAT-SPE (NEG+CONJ ne)
	      (NP-NOM (N^N menn))
	      (NEG ne)
	      (VBPI cwe+ta+d)
	      (ADVP (NEG+ADV na))
	      (, ,)
	      (IP-MAT-SPE (ADVP (ADV efne))
			  (NP-NOM (PRO^N he))
			  (VBPI cym+d)
			  (ADVP-TMP (ADV^T nu)))
	      (, ;)
	      (CP-ADV (P for)
		      (D^D +tam)
		      (C +te)
		      (IP-SUB (NP-NOM (PRO^N he))
			      (VBPI cym+d)
			      (ADVP (ADV f+arlice))
			      (, ,)
			      (PP (ADV swa)
				  (P swa)
				  (CPX-CMP (IPX-SUB (NP-NOM (ADJ^N f+arlic)
							    (N^N liget)
							    (, ,)
							    (CP-REL (WNP-NOM-1 0)
								    (C +te)
								    (IP-SUB (NP-NOM *T*-1)
									    (VBPI scyt)
									    (PP (P fram)
										(NP-DAT (N^D eastd+ale)))
									    (PTP-NOM (VAG^N scinende))
									    (PP (P o+d)
										(NP-ACC (N^A westd+al)))))))))))
	      (. .))
  (ID coaelhom,+AHom_19:2.2666))

/~*
Be +dam we magon secgan sume so+de bysne, swa swa Beda awrat, +dysum wordum
secgende:
(coaelhom,+AHom_20:136.3000)
*~/
/*
46 VAG^N:  46 VAG^N, 47 secgende, 31 CPX-CMP
*/

( (CODE <T03550005900,136>)
  (IP-MAT (PP (P Be)
	      (NP-DAT (D^D +dam)))
	  (NP-NOM (PRO^N we))
	  (MDPI magon)
	  (VB secgan)
	  (NP-ACC (Q^A sume) (ADJ^A so+de) (N^A bysne))
	  (, ,)
	  (PP (ADV swa)
	      (P swa)
	      (CPX-CMP (IPX-SUB (NP-NOM (NR^N Beda))
				(VBDI awrat)
				(, ,)
				(PTP-NOM (NP-DAT-ADT (D^D +dysum) (N^D wordum))
					 (VAG^N secgende)))))
	  (. :))
  (ID coaelhom,+AHom_20:136.3000))

/~*
+Da sette se deofol sona his $force swylce glowende isen into his heortan
(coaelhom,+AHom_28:42.4030)
*~/
/*
28 VAG:  28 VAG, 29 glowende, 25 CPX-CMP
*/

( (CODE <T03650001200,42>)
  (IP-MAT (ADVP-TMP (ADV^T +Da))
	  (VBD sette)
	  (NP-NOM (D^N se) (N^N deofol))
	  (ADVP-TMP (ADV^T sona))
	  (NP-DAT (PRO$ his) (N^D $force))
	  (PP (P swylce)
	      (CPX-CMP (IPX-SUB (NP (VAG glowende) (N isen)))))
	  (PP (P into)
	      (NP (PRO$ his) (N heortan))))
  (ID coaelhom,+AHom_28:42.4030))

/~*
+Da geseah se munuc mycelne $getruman, swylce ridendra manna mid swy+te re+tum
$anginne, ansynes mid eallsweartum lichaman,
(coaelhom,+AHom_28:90.4054)
*~/
/*
27 VAG^G:  27 VAG^G, 28 ridendra, 24 CPX-CMP
*/

( (CODE <T03650002300,90>)
  (IP-MAT (ADVP-TMP (ADV^T +Da))
	  (VBDI geseah)
	  (NP-NOM (D^N se) (N^N munuc))
	  (NP-ACC (Q^A mycelne) (N^A $getruman))
	  (, ,)
	  (PP (P swylce)
	      (CPX-CMP (IPX-SUB (NP-GEN (VAG^G ridendra) (N^G manna)))))
	  (PP (P mid)
	      (NP-DAT (ADJP-DAT (ADV swy+te) (ADJ^D re+tum))
		      (N^D $anginne)))
	  (, ,)
	  (CODE <COM:text_missing>)
	  (NP-GEN (N^G ansynes))
	  (PP (P mid)
	      (NP-DAT (ADJ^D eallsweartum) (N^D lichaman)))
	  (. ,))
  (ID coaelhom,+AHom_28:90.4054))

/~*
Se +almihtiga God, +te us ealle +ting forgif+d, wile habban +at us +ta
teo+tunga his agenre gife, na for his neode, ac for ure, him to wyr+dmynte and
us to +tearfe, for +t+are gehyrsumnysse, swa swa he behet +turh his witegan,
+tus cwe+dende:
(coaelhom,+AHom_31:87.4174)
*~/
/*
140 VAG^N:  140 VAG^N, 141 cwe+dende, 119 CPX-CMP
*/

( (CODE <T03680002000,87>)
  (IP-MAT-0 (NP-NOM (D^N Se)
		    (ADJ^N +almihtiga)
		    (NR^N God)
		    (, ,)
		    (CP-REL (WNP-NOM-1 0)
			    (C +te)
			    (IP-SUB (NP-NOM *T*-1)
				    (NP (PRO us))
				    (NP-ACC (Q^A ealle) (N^A +ting))
				    (VBPI forgif+d))))
	    (, ,)
	    (MDP wile)
	    (HV habban)
	    (PP (P +at)
		(NP (PRO us)))
	    (NP-ACC (D^A +ta)
		    (N^A teo+tunga)
		    (NP-GEN (PRO$ his) (ADJ^G agenre) (N^G gife)))
	    (, ,)
	    (PP (PP (NEG+ADV na)
		    (P for)
		    (NP (PRO$ his) (N neode)))
		(, ,)
		(CONJP (CONJ ac)
		       (PP (P for)
			   (NP (PRO$ ure)))))
	    (, ,)
	    (NP-DAT-RFL-ADT (PRO^D him))
	    (PP (P to)
		(NP (N wyr+dmynte)))
	    (IPX-MAT-PRN=0 (CONJ and)
			   (NP-ADT (PRO us))
			   (PP (P to)
			       (NP (N +tearfe))))
	    (, ,)
	    (PP (P for)
		(NP-DAT (D^D +t+are) (N^D gehyrsumnysse)))
	    (, ,)
	    (PP (ADV swa)
		(P swa)
		(CPX-CMP (IPX-SUB (NP-NOM (PRO^N he))
				  (VBDI behet)
				  (PP (P +turh)
				      (NP (PRO$ his) (N witegan)))
				  (, ,)
				  (PTP-NOM (ADVP (ADV +tus))
					   (VAG^N cwe+dende)))))
	    (. :))
  (ID coaelhom,+AHom_31:87.4174))
/*
FOOTER
  source file, hits/tokens/total
  C:\Users\Shoo\Dropbox\workspace\CorpusSearch_Auto\data\corporas\YCOE\temp1492105600559\homilies_and_sermons\coaelhom.o3.psd	9/9/4186
*/
/*
HEADER:
source file:  C:\Users\Shoo\Dropbox\workspace\CorpusSearch_Auto\data\corporas\YCOE\temp1492105600559\homilies_and_sermons\coaugust.psd
*/
/*
FOOTER
  source file, hits/tokens/total
  C:\Users\Shoo\Dropbox\workspace\CorpusSearch_Auto\data\corporas\YCOE\temp1492105600559\homilies_and_sermons\coaugust.psd	0/0/4
*/
/*
HEADER:
source file:  C:\Users\Shoo\Dropbox\workspace\CorpusSearch_Auto\data\corporas\YCOE\temp1492105600559\homilies_and_sermons\coblick.o23.psd
*/

/~*
& +ta swa se hyhtenda gigant, swa Drihten on middangearde bli+de wunode
o+t+t+at he becom to +t+am heahsetle +t+are rode
(coblick,HomU_18_[BlHom_1]:9.121.119)
*~/
/*
15 VAG^N:  15 VAG^N, 16 hyhtenda, 10 CPX-CMP
*/

( (IP-MAT (CONJ &)
	  (ADVP-TMP (ADV^T +ta))
	  (PP (P swa)
	      (CPX-CMP (IPX-SUB (NP-NOM (D^N se) (VAG^N hyhtenda) (N^N gigant)))))
	  (, ,)
	  (ADVP (ADV swa))
	  (NP-NOM (NR^N Drihten))
	  (PP (P on)
	      (NP-DAT (N^D middangearde)))
	  (ADVP (ADV bli+de))
	  (VBD wunode)
	  (CP-ADV (P o+t+t+at)
		  (C 0)
		  (IP-SUB (NP-NOM (PRO^N he))
			  (VBDI becom)
			  (PP (P to)
			      (NP-DAT (D^D +t+am)
				      (N^D heahsetle)
				      (NP-GEN (D^G +t+are) (N^G rode)))))))
  (ID coblick,HomU_18_[BlHom_1]:9.121.119))

/~*
for+ton seo gehyrnes & seo geornnes ne bi+d nyt on +t+am ungelyfdum mannum, &
on +t+am gymeleasum; swa Dauid se sealmsceop cwe+tende w+as.
(coblick,HomS_17_[BlHom_5]:5526.699)
*~/
/*
65 VAG:  65 VAG, 66 cwe+tende, 55 CPX-CMP
*/

( (IP-MAT (ADVP (ADV for+ton))
	  (NP-NOM (NP-NOM (D^N seo) (N^N gehyrnes))
		  (CONJP (CONJ &)
			 (NP-NOM (D^N seo) (N^N geornnes))))
	  (NEG ne)
	  (BEPI bi+d)
	  (ADJP-NOM-PRD (ADJ^N nyt))
	  (PP (PP (P on)
		  (NP-DAT (D^D +t+am) (ADJ^D ungelyfdum) (N^D mannum)))
	      (, ,)
	      (CONJP (CONJ &)
		     (PP (P on)
			 (NP-DAT (D^D +t+am) (ADJ^D gymeleasum)))))
	  (, ;)
	  (PP (P swa)
	      (CPX-CMP (IPX-SUB (NP-NOM (NR^N Dauid)
					(NP-NOM-PRN (D^N se) (N^N sealmsceop)))
				(VAG cwe+tende)
				(BEDI w+as))))
	  (. .))
  (ID coblick,HomS_17_[BlHom_5]:5526.699))

/~*
For+ton, men +ta leofestan, ic eow bidde & halsige +t+at anra manna $gehwylc
sceawige hine sylfne on his heortan, swigende mode, hwylc se deadlica lichama
bi+t, +tonne seo saul of bi+d, & seo f+agernes +te he her on worlde lufade,
swylc +tes blowenda wudu & +tas blowendan wyrta.
(coblick,HomS_17_[BlHom_5]:57.62.718)
*~/
/*
152 VAG^N:  152 VAG^N, 153 blowenda, 146 CPX-CMP
162 VAG^N:  162 VAG^N, 163 blowendan, 146 CPX-CMP
*/

( (CODE <T04460001800,57.62>)
  (IP-MAT (ADVP (ADV For+ton))
	  (, ,)
	  (NP-NOM-VOC (N^N men)
		      (NP-NOM-PRN (D^N +ta) (ADJS^N leofestan)))
	  (, ,)
	  (NP-NOM (PRO^N ic))
	  (NP (PRO eow))
	  (VBP (VBP bidde) (CONJ &) (VBP halsige))
	  (CP-THT (C +t+at)
		  (IP-SUB (NP-NOM (NP-GEN (NUM^G anra) (N^G manna))
				  (Q^N $gehwylc))
			  (VBPS sceawige)
			  (NP-ACC-RFL (PRO^A hine)
				      (ADJP-ACC (ADJ^A sylfne))
				      (CP-QUE-PRN *ICH*-4))
			  (PP (P on)
			      (NP (PRO$ his) (N heortan)))
			  (, ,)
			  (NP-DAT-ADT (VAG^D swigende) (N^D mode))
			  (, ,)
			  (CP-QUE-4 (WADJP-NOM-1 (WADJ^N hwylc))
				    (C 0)
				    (IP-SUB (ADJP-NOM-PRD *T*-1)
					    (NP-NOM (NP-NOM (D^N se) (ADJ^N deadlica) (N^N lichama))
						    (CONJP *ICH*-3))
					    (BEPI bi+t)
					    (, ,)
					    (CP-ADV (P +tonne)
						    (C 0)
						    (IP-SUB (NP-NOM (D^N seo) (N^N saul))
							    (RPX of)
							    (BEPI bi+d)))
					    (, ,)
					    (CONJP-3 (CONJ &)
						     (NP-NOM (D^N seo)
							     (N^N f+agernes)
							     (CP-REL (WNP-2 0)
								     (C +te)
								     (IP-SUB (NP *T*-2)
									     (NP-NOM (PRO^N he))
									     (ADVP-LOC (ADV^L her))
									     (PP (P on)
										 (NP (N worlde)))
									     (VBD lufade)))))
					    (, ,)
					    (PP (P swylc)
						(CPX-CMP (IPX-SUB (NP-NOM (NP-NOM (D^N +tes) (VAG^N blowenda) (N^N wudu))
									  (CONJP (CONJ &)
										 (NP-NOM (D^N +tas) (VAG^N blowendan) (N^N wyrta)))))))))))
	  (. .))
  (ID coblick,HomS_17_[BlHom_5]:57.62.718))
/*
FOOTER
  source file, hits/tokens/total
  C:\Users\Shoo\Dropbox\workspace\CorpusSearch_Auto\data\corporas\YCOE\temp1492105600559\homilies_and_sermons\coblick.o23.psd	4/3/3050
*/
/*
HEADER:
source file:  C:\Users\Shoo\Dropbox\workspace\CorpusSearch_Auto\data\corporas\YCOE\temp1492105600559\homilies_and_sermons\cocathom1.o3.psd
*/

/~*
Mid store bi+d geswutelod halig gebed. be +tam sang se sealmscop: Drihten sy
min gebed asend swa swa byrnende stor on +tinre gesih+de.
(cocathom1,+ACHom_I,_7:239.230.1362)
*~/
/*
63 VAG^N:  63 VAG^N, 64 byrnende, 60 CPX-CMP-SPE
*/

( (CODE <T02110010600,239.230>)
  (IP-MAT (PP (P Mid)
	      (NP-DAT (N^D store)))
	  (BEPI bi+d)
	  (VBN geswutelod)
	  (NP-NOM (ADJ^N halig)
		  (N^N gebed)
		  (, .)
		  (CP-REL (WPP-1 (P be)
				 (NP-DAT (D^D +tam)))
			  (C 0)
			  (IP-SUB (PP *T*-1)
				  (VBDI sang)
				  (NP-NOM (D^N se) (N^N sealmscop))
				  (, :)
				  (IP-MAT-SPE (NP-NOM-VOC (NR^N Drihten))
					      (BEPS sy)
					      (NP-NOM (PRO$^N min) (N^N gebed))
					      (VBN asend)
					      (PP (ADV swa)
						  (P swa)
						  (CPX-CMP-SPE (IPX-SUB-SPE (NP-NOM (VAG^N byrnende) (N^N stor)))))
					      (PP (P on)
						  (NP-DAT (PRO$^D +tinre) (N^D gesih+de)))))))
	  (. .))
  (ID cocathom1,+ACHom_I,_7:239.230.1362))

/~*
Seo wur+dfulle sand wear+d on +disum d+age gefylled. swa swa Cristesboc us
gewissa+d. +tus cwe+dende.
(cocathom1,+ACHom_I,_13:282.41.2379)
*~/
/*
46 VAG^N:  46 VAG^N, 47 cwe+dende, 30 CPX-CMP
*/

( (CODE <T02190001200,282.41>)
  (IP-MAT (NP-NOM (D^N Seo) (ADJ^N wur+dfulle) (N^N sand))
	  (BEDI wear+d)
	  (PP (P on)
	      (NP-DAT (D^D +disum) (N^D d+age)))
	  (VBN gefylled)
	  (, .)
	  (PP (ADV swa)
	      (P swa)
	      (CPX-CMP (IPX-SUB (NP-NOM (NR^N Cristesboc))
				(NP (PRO us))
				(VBPI gewissa+d)
				(, .)
				(PTP-NOM (ADVP (ADV +tus))
					 (VAG^N cwe+dende)))))
	  (. .))
  (ID cocathom1,+ACHom_I,_13:282.41.2379))

/~*
ac cw+a+d ic eom Godes +tinen. Swa swa us mynega+d +t+at halige gewrit +tus
cwe+dende.
(cocathom1,+ACHom_I,_13:286.145.2481)
*~/
/*
47 VAG^N:  47 VAG^N, 48 cwe+dende, 29 CPX-CMP
*/

( (IP-MAT (CONJ ac)
	  (NP-NOM *con*)
	  (VBDI cw+a+d)
	  (IP-MAT-SPE (NP-NOM (PRO^N ic))
		      (BEPI eom)
		      (NP-NOM-PRD (NP-GEN (NR^G Godes))
				  (N^N +tinen)))
	  (, .)
	  (CODE <T02190007600,286.145>)
	  (PP (ADV Swa)
	      (P swa)
	      (CPX-CMP (IPX-SUB (NP (PRO us))
				(VBPI mynega+d)
				(NP-NOM (D^N +t+at)
					(ADJ^N halige)
					(N^N gewrit)
					(PTP-NOM (ADVP (ADV +tus))
						 (VAG^N cwe+dende))))))
	  (. .))
  (ID cocathom1,+ACHom_I,_13:286.145.2481))

/~*
Mare miht w+as +t+at he +done dea+d mid his ariste tobr+ac. +tonne he his lif
geheolde: of +d+are rode astigende.
(cocathom1,+ACHom_I,_15:305.151.2878)
*~/
/*
73 VAG^N:  73 VAG^N, 74 astigende, 50 CPX-THT
*/

( (CODE <T02220009100,305.151>)
  (IP-MAT-0 (NP-NOM-x *exp*)
	    (NP-NOM-PRD (QR^N Mare)
			(N^N miht)
			(PP *ICH*-1))
	    (BEDI w+as)
	    (CP-THT-x (C +t+at)
		      (IP-SUB (NP-NOM (PRO^N he))
			      (NP-ACC (D^A +done) (N^A dea+d))
			      (PP (P mid)
				  (NP (PRO$ his) (N ariste)))
			      (RP+VBDI tobr+ac)))
	    (, .)
	    (PP-1 (P +tonne)
		  (CP-CMP (WNP-2 0)
			  (C 0)
			  (IPX-SUB=0 (NP-PRD *T*-2)
				     (CPX-THT (IP-SUB (NP-NOM (PRO^N he))
						      (NP-ACC (PRO$ his) (N^A lif))
						      (VBDS geheolde)
						      (, :)
						      (PTP-NOM (PP (P of)
								   (NP-DAT (D^D +d+are) (N^D rode)))
							       (VAG^N astigende)))))))
	    (. .))
  (ID cocathom1,+ACHom_I,_15:305.151.2878))

/~*
Wite ge so+dlice +t+at Crist aras of dea+de. & on ure gewitnysse astah to
heofonum. & sit +at his f+ader swi+dran swa swa Dauid be him witegode +tus
cwe+dende.
(cocathom1,+ACHom_I,_22:356.62.4362)
*~/
/*
95 VAG^N:  95 VAG^N, 96 cwe+dende, 78 CPX-CMP-SPE
*/

( (CODE <T02310002900,356.62>)
  (IP-MAT-SPE (VBP Wite)
	      (NP-NOM (PRO^N ge))
	      (ADVP (ADV so+dlice))
	      (CP-THT-SPE (C +t+at)
			  (IP-SUB-SPE (IP-SUB-SPE (NP-NOM (NR^N Crist))
						  (VBDI aras)
						  (PP (P of)
						      (NP-DAT (N^D dea+de))))
				      (, .)
				      (CONJP (CONJ &)
					     (IP-SUB-CON-SPE (NP-NOM *con*)
							     (PP (P on)
								 (NP (PRO$ ure) (N gewitnysse)))
							     (VBDI astah)
							     (PP (P to)
								 (NP-DAT (N^D heofonum)))))
				      (, .)
				      (CONJP (CONJ &)
					     (IP-SUB-CON-SPE (NP-NOM *con*)
							     (VBPI sit)
							     (PP (P +at)
								 (NP (NP-GEN (PRO$ his) (N^G f+ader))
								     (ADJR swi+dran)))
							     (PP (ADV swa)
								 (P swa)
								 (CPX-CMP-SPE (IPX-SUB-SPE (NP-NOM (NR^N Dauid))
											   (PP (P be)
											       (NP-DAT (PRO^D him)))
											   (VBD witegode)
											   (PTP-NOM (ADVP (ADV +tus))
												    (VAG^N cwe+dende)))))))))
	      (. .))
  (ID cocathom1,+ACHom_I,_22:356.62.4362))

/~*
hyre bearn on dea+de hreosa+d. +tonne +da unalyfedlican ge+tohtas. +te heo nu
acen+d beo+d on +t+are endenextan wrace eallunga toworpene: swa swa se
sealmsceop be +tam gyddigende sang.
(cocathom1,+ACHom_I,_28:415.143.5547)
*~/
/*
86 VAG^N:  86 VAG^N, 87 gyddigende, 72 CPX-CMP
*/

( (IP-MAT (NP-NOM (PRO$ hyre) (N^N bearn))
	  (PP (P on)
	      (NP-DAT (N^D dea+de)))
	  (VBPI hreosa+d)
	  (, .)
	  (CP-ADV (P +tonne)
		  (C 0)
		  (IP-SUB (NP-NOM (D^N +da)
				  (ADJ^N unalyfedlican)
				  (N^N ge+tohtas)
				  (, .)
				  (CP-REL (WNP-1 0)
					  (C +te)
					  (IP-SUB (NP *T*-1)
						  (NP-NOM (PRO^N heo))
						  (ADVP-TMP (ADV^T nu))
						  (VBPI acen+d))))
			  (BEPI beo+d)
			  (PP (P on)
			      (NP-DAT (D^D +t+are) (ADJS^D endenextan) (N^D wrace)))
			  (ADVP (ADV eallunga))
			  (RP+VBN^N toworpene)
			  (, :)
			  (PP (ADV swa)
			      (P swa)
			      (CPX-CMP (IPX-SUB (NP-NOM (D^N se) (N^N sealmsceop))
						(PP (P be)
						    (NP-DAT (D^D +tam)))
						(PTP-NOM (VAG^N gyddigende))
						(VBDI sang))))))
	  (. .))
  (ID cocathom1,+ACHom_I,_28:415.143.5547))

/~*
Hw+at is +teos +te her astih+d swilce arisende d+aigrima swa wlitig swa mona
swa gecoren swa sunne & swa egeslic swa fyrdtruma?
(cocathom1,+ACHom_I,_30:433.114.5943)
*~/
/*
34 VAG^N:  34 VAG^N, 35 arisende, 31 CPX-CMP-SPE
*/

( (CODE <T02390004200,433.114>)
  (CP-QUE-SPE (WNP-NOM-1 (WPRO^N Hw+at))
	      (IP-SUB-SPE (NP-NOM-PRD *T*-1)
			  (BEPI is)
			  (NP-NOM (D^N +teos)
				  (CP-REL-SPE (WNP-NOM-2 0)
					      (C +te)
					      (IP-SUB-SPE-0 (NP-NOM *T*-2)
							    (ADVP-LOC (ADV^L her))
							    (VBPI astih+d)
							    (PP (P swilce)
								(CPX-CMP-SPE (IPX-SUB-SPE (NP-NOM (VAG^N arisende) (N^N d+aigrima)))))
							    (ADJP-NOM (ADJP-NOM (ADV swa)
										(ADJ^N wlitig)
										(PP (P swa)
										    (CP-CMP-SPE (WADJP-3 0)
												(C 0)
												(IPX-SUB-SPE=0 (ADJP *T*-3)
													       (NP-NOM (N^N mona))))))
								      (CONJP (ADJP-NOM (ADV swa)
										       (VBN^N gecoren)
										       (PP (P swa)
											   (CP-CMP-SPE (WADJP-4 0)
												       (C 0)
												       (IPX-SUB-SPE=0 (ADJP *T*-4)
														      (NP-NOM (N^N sunne)))))))
								      (CONJP (CONJ &)
									     (ADJP-NOM (ADV swa)
										       (ADJ^N egeslic)
										       (PP (P swa)
											   (CP-CMP-SPE (WADJP-5 0)
												       (C 0)
												       (IPX-SUB-SPE=0 (ADJP *T*-5)
														      (NP-NOM (N^N fyrdtruma))))))))))))
	      (. ?))
  (ID cocathom1,+ACHom_I,_30:433.114.5943))

/~*
ac Crist geswutelode +t+at he wolde swa synfulle sawle geliff+astan: gif he
mid geornfullum gebedum togela+dod bi+d: +ta +da he ar+arde +t+at m+aden
binnon +tam huse swa swa digolne leahter on menniscre heortan lutiende.
(cocathom1,+ACHom_I,_33:462.87.6628)
*~/
/*
100 VAG^A:  100 VAG^A, 101 lutiende, 84 CPX-CMP
*/

( (IP-MAT (CONJ ac)
	  (NP-NOM (NR^N Crist))
	  (VBD geswutelode)
	  (CP-THT (C +t+at)
		  (IP-SUB (NP-NOM (PRO^N he))
			  (MDD wolde)
			  (NP-ACC (ADJP-ACC (ADV swa) (ADJ^A synfulle))
				  (N^A sawle))
			  (VB geliff+astan)
			  (, :)
			  (CP-ADV (P gif)
				  (C 0)
				  (IP-SUB (NP-NOM (PRO^N he))
					  (PP (P mid)
					      (NP-DAT (ADJ^D geornfullum) (N^D gebedum)))
					  (RP+VBN togela+dod)
					  (BEPI bi+d)))))
	  (, :)
	  (CP-ADV (ADV^T +ta)
		  (P +da)
		  (C 0)
		  (IP-SUB (NP-NOM (PRO^N he))
			  (VBD ar+arde)
			  (NP-ACC (D^A +t+at) (N^A m+aden))
			  (PP (P binnon)
			      (NP-DAT (D^D +tam) (N^D huse)))
			  (PP (ADV swa)
			      (P swa)
			      (CPX-CMP (IPX-SUB (NP-ACC (ADJ^A digolne)
							(N^A leahter)
							(PTP-ACC (PP (P on)
								     (NP-DAT (ADJ^D menniscre) (N^D heortan)))
								 (VAG^A lutiende))))))))
	  (. .))
  (ID cocathom1,+ACHom_I,_33:462.87.6628))

/~*
Micel wur+dscipe $is cristenra manna +t+at gehwylc h+abbe fram his
acennednysse him bet+ahtne engel to hyrdr+adene swa swa be +tam apostole Petre
awriten is +ta +da se engel hine of +tam cwearterne gel+adde. & he to his
geferum becom. & cnuciende inganges b+ad.
(cocathom1,+ACHom_I,_34:474.247.6866)
*~/
/*
133 VAG^N:  133 VAG^N, 134 cnuciende, 59 CPX-CMP
*/

( (CODE <T02430012300,474.247>)
  (IP-MAT (NP-NOM-x *exp*)
	  (NP-NOM-PRD (Q^N Micel)
		      (N^N wur+dscipe)
		      (NP-GEN *ICH*-1))
	  (BEPI $is)
	  (CODE <COM:emendation_from_mss.BCT>)
	  (NP-GEN-1 (ADJ^G cristenra) (N^G manna))
	  (CP-THT-x (C +t+at)
		    (IP-SUB (NP-NOM (Q^N gehwylc))
			    (HVPS h+abbe)
			    (PP (P fram)
				(NP (PRO$ his) (N acennednysse)))
			    (NP-ACC (PTP-ACC (NP-DAT (PRO^D him))
					     (VBN^A bet+ahtne))
				    (N^A engel)
				    (PP (P to)
					(NP (N hyrdr+adene))))
			    (PP (ADV swa)
				(P swa)
				(CPX-CMP (IPX-SUB (NP-NOM *exp*)
						  (PP (P be)
						      (NP-DAT (D^D +tam)
							      (N^D apostole)
							      (NP-DAT-PRN (NR^D Petre))))
						  (VBN awriten)
						  (BEPI is)
						  (CP-ADV (ADV^T +ta)
							  (P +da)
							  (C 0)
							  (IP-SUB (IP-SUB (NP-NOM (D^N se) (N^N engel))
									  (NP-ACC (PRO^A hine))
									  (PP (P of)
									      (NP-DAT (D^D +tam) (N^D cwearterne)))
									  (VBD gel+adde))
								  (, .)
								  (CONJP (CONJ &)
									 (IP-SUB-CON (NP-NOM (PRO^N he))
										     (PP (P to)
											 (NP-DAT (PRO$ his) (N^D geferum)))
										     (VBDI becom)))
								  (, .)
								  (CONJP (CONJ &)
									 (IP-SUB-CON (NP-NOM *con*)
										     (PTP-NOM (VAG^N cnuciende))
										     (NP-GEN (N^G inganges))
										     (VBDI b+ad))))))))))
	  (. .))
  (ID cocathom1,+ACHom_I,_34:474.247.6866))

/~*
HALIGE lareowas r+addon +t+at seo geleaffulle gela+tung +tisne d+ag eallum
halgum to wur+dmynte m+arsie. & arwur+tlice freolsie. for +tan +de hi ne
mihton heora +alcum synderlice freolstide gesettan ne nanum men on andwerdum
life nis $heora ealra nama cu+d swa swa Iohannes se godspellere on his
gastlicere gesih+te. awrat +tus cwe+tende.
(cocathom1,+ACHom_I,_36:486.1.7137)
*~/
/*
147 VAG^N:  147 VAG^N, 148 cwe+tende, 119 CPX-CMP
*/

( (IP-MAT (NP-NOM (ADJ^N HALIGE) (N^N lareowas))
	  (VBDI r+addon)
	  (CP-THT (C +t+at)
		  (IP-SUB (IP-SUB (NP-NOM (D^N seo) (ADJ^N geleaffulle) (N^N gela+tung))
				  (NP-ACC (D^A +tisne) (N^A d+ag))
				  (NP-DAT-ADT (Q^D eallum) (N^D halgum))
				  (PP (P to)
				      (NP (N wur+dmynte)))
				  (VBPS m+arsie))
			  (, .)
			  (CONJP (CONJ &)
				 (IP-SUB-CON (NP-NOM *con*)
					     (ADVP (ADV arwur+tlice))
					     (VBPS freolsie)))))
	  (, .)
	  (CP-ADV (P for)
		  (D^I +tan)
		  (C +de)
		  (IP-SUB (IP-SUB (NP-NOM (PRO^N hi))
				  (NEG ne)
				  (MDDI mihton)
				  (NP-DAT-ADT (NP-GEN (PRO^G heora))
					      (Q^D +alcum))
				  (ADVP (ADV synderlice))
				  (NP (N freolstide))
				  (VB gesettan))
			  (CONJP (NEG+CONJ ne)
				 (IP-SUB-CON (NP-DAT (NEG+Q^D nanum) (N^D men))
					     (PP (P on)
						 (NP-DAT (ADJ^D andwerdum) (N^D life)))
					     (NEG+BEPI nis)
					     (NP-NOM (NP-GEN (PRO^G $heora) (Q^G ealra))
						     (N^N nama))
					     (ADJP-NOM-PRD (ADJ^N cu+d))
					     (PP (ADV swa)
						 (P swa)
						 (CPX-CMP (IPX-SUB (NP-NOM (NR^N Iohannes)
									   (NP-NOM-PRN (D^N se) (N^N godspellere)))
								   (PP (P on)
								       (NP-DAT (PRO$ his) (ADJ^D gastlicere) (N^D gesih+te)))
								   (, .)
								   (VBDI awrat)
								   (PTP-NOM (ADVP (ADV +tus))
									    (VAG^N cwe+tende)))))))))
	  (. .))
  (ID cocathom1,+ACHom_I,_36:486.1.7137))

/~*
Sind eac o+tre +tearfan: na +turh hafenleaste. ac on gaste. for +tan +de hi
sind +after +t+as apostolican cwyde. swa swa naht h+abbende. & ealle +ting
geahniende.
(cocathom1,+ACHom_I,_36:492.185.7256)
*~/
/*
77 HAG:  77 HAG, 78 h+abbende, 69 CPX-CMP-SPE
90 VAG:  90 VAG, 91 geahniende, 69 CPX-CMP-SPE
*/

( (CODE <T02450009000,492.185>)
  (IP-MAT (BEPI Sind)
	  (ADVP (ADV eac))
	  (NP-NOM (ADJ^N o+tre) (N^N +tearfan))
	  (, :)
	  (PP (PP (NEG+ADV na)
		  (P +turh)
		  (NP (N hafenleaste)))
	      (, .)
	      (CONJP (CONJ ac)
		     (PP (P on)
			 (NP-DAT (N^D gaste)))))
	  (, .)
	  (CP-ADV (P for)
		  (D^I +tan)
		  (C +de)
		  (IP-SUB (NP-NOM (PRO^N hi))
			  (BEPI sind)
			  (PP (P +after)
			      (NP (NP-GEN (D^G +t+as) (ADJ^G apostolican))
				  (N cwyde)))
			  (, .)
			  (PP (ADV swa)
			      (P swa)
			      (CPX-CMP-SPE (IPX-SUB-SPE (QTP (PTP (PTP (NP-ACC (NEG+Q^A naht))
								       (HAG h+abbende))
								  (, .)
								  (CONJP (CONJ &)
									 (PTP (NP-ACC (Q^A ealle) (N^A +ting))
									      (VAG geahniende))))))))))
	  (. .))
  (ID cocathom1,+ACHom_I,_36:492.185.7256))

/~*
ac he bi+d +afre ungesewenlice mid his gecorenum +teowum. swa swa he sylf
behet +tus cwe+dende.
(cocathom1,+ACHom_I,_39:520.13.7821)
*~/
/*
46 VAG^N:  46 VAG^N, 47 cwe+dende, 32 CPX-CMP
*/

( (IP-MAT (CONJ ac)
	  (NP-NOM (PRO^N he))
	  (BEPI bi+d)
	  (ADVP-TMP (ADV^T +afre))
	  (ADVP (ADV ungesewenlice))
	  (PP (P mid)
	      (NP-DAT (PRO$ his) (VBN^D gecorenum) (N^D +teowum)))
	  (, .)
	  (PP (ADV swa)
	      (P swa)
	      (CPX-CMP (IPX-SUB (NP-NOM (PRO^N he)
					(ADJP-NOM (ADJ^N sylf)))
				(VBDI behet)
				(PTP-NOM (ADVP (ADV +tus))
					 (VAG^N cwe+dende)))))
	  (. .))
  (ID cocathom1,+ACHom_I,_39:520.13.7821))
/*
FOOTER
  source file, hits/tokens/total
  C:\Users\Shoo\Dropbox\workspace\CorpusSearch_Auto\data\corporas\YCOE\temp1492105600559\homilies_and_sermons\cocathom1.o3.psd	13/12/8049
*/
/*
HEADER:
source file:  C:\Users\Shoo\Dropbox\workspace\CorpusSearch_Auto\data\corporas\YCOE\temp1492105600559\homilies_and_sermons\cocathom2.o3.psd
*/

/~*
On +dam munte Synay. +te se +almihtiga on becom wear+d micel +dunor gehyred.
and stemn and liget gesewen. swa swa scinende leohtfatu.
(cocathom2,+ACHom_II,_12.1:116.226.2531)
*~/
/*
70 VAG^N:  70 VAG^N, 71 scinende, 67 CPX-CMP
*/

( (CODE <T02630008700,116.226>)
  (IP-MAT (IP-MAT-0 (PP (P On)
			(NP-DAT (D^D +dam)
				(N^D munte)
				(NP-PRN (NR Synay))
				(, .)
				(CP-REL (WNP-1 0)
					(C +te)
					(IP-SUB (NP-NOM (D^N se) (ADJ^N +almihtiga))
						(PP (NP *T*-1)
						    (P on))
						(VBDI becom)))))
		    (BEDI wear+d)
		    (NP-NOM (Q^N micel) (N^N +dunor))
		    (VBN gehyred))
	  (, .)
	  (CONJP (CONJ and)
		 (IPX-MAT=0 (NP-NOM (N^N stemn) (CONJ and) (N^N liget))
			    (VBN gesewen)
			    (, .)
			    (PP (ADV swa)
				(P swa)
				(CPX-CMP (IPX-SUB (NP-NOM (VAG^N scinende) (N^N leohtfatu)))))))
	  (. .))
  (ID cocathom2,+ACHom_II,_12.1:116.226.2531))

/~*
And rihtwisra si+df+at is swilce scinende leoht. and weaxende symle. o+d
so+dre fulfremednysse;
(cocathom2,+ACHom_II,_21:184.151.4077)
*~/
/*
21 VAG^N:  21 VAG^N, 22 scinende, 18 CPX-CMP-SPE
*/

( (CODE <T02740007700,184.151>)
  (IP-MAT-SPE (IP-MAT-SPE-0 (CONJ And)
			    (NP-NOM (NP-GEN (ADJ^G rihtwisra))
				    (N^N si+df+at))
			    (BEPI is)
			    (PP (P swilce)
				(CPX-CMP-SPE (IPX-SUB-SPE (NP-NOM (VAG^N scinende) (N^N leoht))))))
	      (, .)
	      (CONJP (CONJ and)
		     (IPX-MAT-SPE=0 (VAG weaxende)
				    (ADVP-TMP (ADV^T symle))
				    (, .)
				    (PP (P o+d)
					(NP-DAT (ADJ^D so+dre) (N^D fulfremednysse)))))
	      (. ;))
  (ID cocathom2,+ACHom_II,_21:184.151.4077))

/~*
Efne +ta f+arlice +ateowde min latteow swa swa scinende steorra feorran
fleogende
(cocathom2,+ACHom_II,_23:201.55.4454)
*~/
/*
28 VAG^N:  28 VAG^N, 29 scinende, 25 CPX-CMP-SPE
*/

( (CODE <T02760002500,201.55>)
  (IP-MAT-SPE (ADVP (ADV Efne))
	      (ADVP-TMP (ADV^T +ta))
	      (ADVP (ADV f+arlice))
	      (VBD +ateowde)
	      (NP-NOM (PRO$^N min) (N^N latteow))
	      (PP (ADV swa)
		  (P swa)
		  (CPX-CMP-SPE (IPX-SUB-SPE (NP-NOM (VAG^N scinende) (N^N steorra)))))
	      (PTP-NOM (ADVP-DIR (ADV^D feorran))
		       (VAG^N fleogende)))
  (ID cocathom2,+ACHom_II,_23:201.55.4454))

/~*
We r+ada+d gehw+ar on halgum gewritum +t+at seo halige m+asse micclum fremige.
+ag+der ge +dam lybbendum. ge +dam for+dfarenum. swa swa Beda se snotera
lareow awrat on historia anglorum be sumum +degene. +tisum andgite reccende;
(cocathom2,+ACHom_II,_24:204.138.4517)
*~/
/*
101 VAG^N:  101 VAG^N, 102 reccende, 63 CPX-CMP
*/

( (IP-MAT (NP-NOM (PRO^N We))
	  (VBPI r+ada+d)
	  (ADVP-LOC (ADV^L gehw+ar))
	  (PP (P on)
	      (NP-DAT (ADJ^D halgum) (N^D gewritum)))
	  (CP-THT (C +t+at)
		  (IP-SUB (NP-NOM (D^N seo) (ADJ^N halige) (N^N m+asse))
			  (QP-DAT-ADT (Q^D micclum))
			  (VBPS fremige)
			  (, .)
			  (NP-DAT (CONJ +ag+der)
				  (CONJ ge)
				  (NP-DAT (D^D +dam) (VAG^D lybbendum))
				  (, .)
				  (CONJP (CONJ ge)
					 (NP-DAT (D^D +dam) (RP+VBN^D for+dfarenum))))
			  (, .)
			  (PP (ADV swa)
			      (P swa)
			      (CPX-CMP (IPX-SUB (NP-NOM (NR^N Beda)
							(NP-NOM-PRN (D^N se) (ADJ^N snotera) (N^N lareow)))
						(VBDI awrat)
						(PP (P on)
						    (NP (FW historia) (FW anglorum)))
						(PP (P be)
						    (NP-DAT (Q^D sumum) (N^D +degene)))
						(, .)
						(PTP-NOM (NP-DAT-ADT (D^D +tisum) (N^D andgite))
							 (VAG^N reccende)))))))
	  (. ;))
  (ID cocathom2,+ACHom_II,_24:204.138.4517))

/~*
ac +t+arrihte wear+d gesewen swilce anes mannes hand writende on +d+are healle
wage. +atforan +dam cyninge +tas word;
(cocathom2,+ACHom_II,_33:253.139.5657)
*~/
/*
29 VAG:  29 VAG, 30 writende, 16 CPX-CMP
*/

( (IP-MAT (CONJ ac)
	  (NP-NOM *exp*)
	  (ADVP-TMP (ADV^T +t+arrihte))
	  (BEDI wear+d)
	  (VBN gesewen)
	  (PP (P swilce)
	      (CPX-CMP (IPX-SUB (NP-NOM-1 (NP-GEN (NUM^G anes) (N^G mannes))
					  (N^N hand))
				(IP-SMC (NP-SBJ *-1)
					(VAG writende)
					(PP (P on)
					    (NP-DAT (NP-GEN (D^G +d+are) (N^G healle))
						    (N^D wage)))
					(, .)
					(PP (P +atforan)
					    (NP-DAT (D^D +dam) (N^D cyninge)))
					(NP-ACC (D^A +tas) (N^A word))))))
	  (. ;))
  (ID cocathom2,+ACHom_II,_33:253.139.5657))

/~*
ac hire is +t+at +atbroden. for +dan +de Crist hi gebrohte to ecere reste on
his rice. swa swa he behet eallum him +deniendum. +tus cwe+dende;
(cocathom2,+ACHom_II,_34:257.63.5747)
*~/
/*
69 VAG^D:  69 VAG^D, 70 +deniendum, 55 CPX-CMP
77 VAG^N:  77 VAG^N, 78 cwe+dende, 55 CPX-CMP
*/

( (IP-MAT (CONJ ac)
	  (NP-DAT (PRO^D hire))
	  (BEPI is)
	  (NP-NOM (D^N +t+at))
	  (VBN +atbroden)
	  (, .)
	  (CP-ADV (P for)
		  (D^I +dan)
		  (C +de)
		  (IP-SUB (NP-NOM (NR^N Crist))
			  (NP-ACC (PRO^A hi))
			  (VBD gebrohte)
			  (PP (P to)
			      (NP-DAT (ADJ^D ecere) (N^D reste)))
			  (PP (P on)
			      (NP (PRO$ his) (N rice)))
			  (, .)
			  (PP (ADV swa)
			      (P swa)
			      (CPX-CMP (IPX-SUB (NP-NOM (PRO^N he))
						(VBDI behet)
						(NP-DAT (Q^D eallum)
							(PTP-DAT (NP-DAT (PRO^D him))
								 (VAG^D +deniendum)))
						(, .)
						(PTP-NOM (ADVP (ADV +tus))
							 (VAG^N cwe+dende)))))))
	  (. ;))
  (ID cocathom2,+ACHom_II,_34:257.63.5747))

/~*
Beo+d syfre and wacole. for +dan +de se deofol eower wi+derwinna. f+ar+d
onbutan swa swa grymetende leo. secende hw+ane he abite.
(cocathom2,+ACHom_II,_35:261.34.5832)
*~/
/*
48 VAG^N:  48 VAG^N, 49 grymetende, 45 CPX-CMP-SPE
*/

( (CODE <T02870002200,261.34>)
  (IP-MAT-SPE (BEI Beo+d)
	      (ADJP-NOM-PRD (ADJ^N syfre) (CONJ and) (ADJ^N wacole))
	      (, .)
	      (CP-ADV-SPE (P for)
			  (D^I +dan)
			  (C +de)
			  (IP-SUB-SPE (NP-NOM (D^N se)
					      (N^N deofol)
					      (NP-NOM-PRN (PRO$^N eower) (N^N wi+derwinna)))
				      (, .)
				      (VBPI f+ar+d)
				      (ADVP (ADV onbutan))
				      (PP (ADV swa)
					  (P swa)
					  (CPX-CMP-SPE (IPX-SUB-SPE (NP-NOM (VAG^N grymetende) (N^N leo)))))
				      (, .)
				      (PTP-NOM (VAG^N secende)
					       (CP-FRL-SPE (WNP-ACC-1 (WPRO^A hw+ane))
							   (C 0)
							   (IP-SUB-SPE (NP-ACC *T*-1)
								       (NP-NOM (PRO^N he))
								       (VBPS abite))))))
	      (. .))
  (ID cocathom2,+ACHom_II,_35:261.34.5832))

/~*
Ic do +t+at +tin tunge clifa+d to +dinum goman. and +du bist dumb. na swa swa
+dreagende wer. for +dan +te seo hiwr+aden is swi+de +dwyr;
(cocathom2,+ACHom_II,_41:305.42.6945)
*~/
/*
54 VAG^N:  54 VAG^N, 55 +dreagende, 51 CPX-CMP-SPE
*/

( (IP-MAT-SPE (NP-NOM (PRO^N Ic))
	      (VBP do)
	      (CP-THT-SPE (C +t+at)
			  (IP-SUB-SPE (IP-SUB-SPE (NP-NOM (PRO$^N +tin) (N^N tunge))
						  (VBPI clifa+d)
						  (PP (P to)
						      (NP-DAT (PRO$^D +dinum) (N^D goman))))
				      (, .)
				      (CONJP (CONJ and)
					     (IP-SUB-CON-SPE (NP-NOM (PRO^N +du))
							     (BEPI bist)
							     (ADJP-NOM-PRD (ADJ^N dumb))
							     (, .)
							     (ADVP (NEG+ADV na))
							     (PP (ADV swa)
								 (P swa)
								 (CPX-CMP-SPE (IPX-SUB-SPE (NP-NOM (VAG^N +dreagende) (N^N wer)))))
							     (, .)
							     (CP-ADV-SPE (P for)
									 (D^I +dan)
									 (C +te)
									 (IP-SUB-SPE (NP-NOM (D^N seo) (N^N hiwr+aden))
										     (BEPI is)
										     (ADJP-NOM-PRD (ADV swi+de) (ADJ^N +dwyr))))))))
	      (. ;))
  (ID cocathom2,+ACHom_II,_41:305.42.6945))

/~*
And beo+d ge sylfe ofer +dam stane getimbrode. swa swa lybbende stanas on
gastlicum husum;
(cocathom2,+ACHom_II,_45:338.91.7580)
*~/
/*
34 VAG^N:  34 VAG^N, 35 lybbende, 31 CPX-CMP
*/

( (CODE <T02990004200,338.91>)
  (IP-MAT (CONJ And)
	  (BEI beo+d)
	  (NP-NOM (PRO^N ge)
		  (ADJP-NOM (ADJ^N sylfe)))
	  (PP (P ofer)
	      (NP-DAT (D^D +dam) (N^D stane)))
	  (VBN^N getimbrode)
	  (, .)
	  (PP (ADV swa)
	      (P swa)
	      (CPX-CMP (IPX-SUB (NP-NOM (VAG^N lybbende) (N^N stanas))
				(PP (P on)
				    (NP-DAT (ADJ^D gastlicum) (N^D husum))))))
	  (. ;))
  (ID cocathom2,+ACHom_II,_45:338.91.7580))
/*
FOOTER
  source file, hits/tokens/total
  C:\Users\Shoo\Dropbox\workspace\CorpusSearch_Auto\data\corporas\YCOE\temp1492105600559\homilies_and_sermons\cocathom2.o3.psd	10/9/7727
*/
/*
HEADER:
source file:  C:\Users\Shoo\Dropbox\workspace\CorpusSearch_Auto\data\corporas\YCOE\temp1492105600559\homilies_and_sermons\coverhom.psd
*/

/~*
+arest he bi+d on medmicles mannes hiwe, +tonne +at nehstan on +tam
f+agerestan manes hiwe; swa +at nehstan +t+at he +tara wyrta f+agernesse,
lilian & rosan, & +tonne swa for+d +t+at he h+af+d gelic hiw golde & seolfre &
swa +tam $deorwyr+destan gymcynne & eorcnanstanum; & +at nehstan +t+at he
glitena+d swa steorra, & lyht swa mone, & beorhta+t swa sunna +tonne hio
biorhtust bi+d scinende.
(coverhom,HomU_9_[ScraggVerc_4]:155.667)
*~/
/*
226 VAG:  226 VAG, 227 scinende, 207 CPX-CMP
*/

( (IP-MAT (IP-MAT-0 (ADVP-TMP (ADVS^T +arest))
		    (NP-NOM (PRO^N he))
		    (BEPI bi+d)
		    (PP (P on)
			(NP-DAT (NP-GEN (ADJ^G medmicles) (N^G mannes))
				(N^D hiwe))))
	  (, ,)
	  (IPX-MAT=0 (ADVP-TMP (ADV^T +tonne))
		     (PP (P +at)
			 (NP (ADJS nehstan)))
		     (PP (P on)
			 (NP-DAT (D^D +tam)
				 (ADJS^D f+agerestan)
				 (NP-GEN (N^G manes))
				 (N^D hiwe))))
	  (, ;)
	  (IPX-MAT=0 (ADVP (ADV swa))
		     (PP (P +at)
			 (NP (ADJS nehstan)))
		     (CP-ADV (C +t+at)
			     (X (NP-NOM (PRO^N he))
				(NP (NP-GEN (D^G +tara)
					    (N^G wyrta)
					    (NP-GEN-PRN *ICH*-1))
				    (N f+agernesse)
				    (, ,)
				    (NP-GEN-PRN-1 (N^G lilian) (CONJ &) (N^G rosan))))))
	  (, ,)
	  (CONJP (CONJ &)
		 (IPX-MAT=0 (ADVP-TMP (ADV^T +tonne))
			    (ADVP (ADV swa))
			    (RP for+d)
			    (CP-ADV (C +t+at)
				    (IP-SUB (NP-NOM (PRO^N he))
					    (HVPI h+af+d)
					    (NP-ACC (ADJP-ACC (ADJ^A gelic)
							      (NP-DAT *ICH*-5))
						    (N^A hiw)
						    (NP-DAT-5 (NP-DAT (N^D golde))
							      (CONJP (CONJ &)
								     (NP-DAT (N^D seolfre)))
							      (CONJP (CONJ &)
								     (ADV swa)
								     (NP-DAT (D^D +tam)
									     (ADJS^D $deorwyr+destan)
									     (N^D gymcynne)
									     (CONJP (CONJ &)
										    (NX-DAT (N^D eorcnanstanum)))))))))))
	  (, ;)
	  (CONJP (CONJ &)
		 (IPX-MAT=0 (PP (P +at)
				(NP (ADJS nehstan)))
			    (CP-ADV (C +t+at)
				    (IP-SUB (IP-SUB (NP-NOM (PRO^N he))
						    (VBPI glitena+d)
						    (PP (P swa)
							(CPX-CMP (IPX-SUB (ADVP *T*-2)
									  (NP-NOM (N^N steorra))))))
					    (, ,)
					    (CONJP (CONJ &)
						   (IP-SUB-CON (NP-NOM *con*)
							       (VBPI lyht)
							       (PP (P swa)
								   (CPX-CMP (IPX-SUB (NP-NOM (N^N mone)))))))
					    (, ,)
					    (CONJP (CONJ &)
						   (IP-SUB-CON (NP-NOM *con*)
							       (VBPI beorhta+t)
							       (PP (P swa)
								   (CPX-CMP (IPX-SUB (NP-NOM (N^N sunna))
										     (CP-ADV (P +tonne)
											     (C 0)
											     (IP-SUB (NP-NOM (PRO^N hio))
												     (ADVP (ADVS biorhtust))
												     (BEPI bi+d)
												     (VAG scinende))))))))))))
	  (. .))
  (ID coverhom,HomU_9_[ScraggVerc_4]:155.667))

/~*
gewite+d swa swa glidende scuwa.
(coverhom,HomS_43_[ScraggVerc_13]:19.1745)
*~/
/*
14 VAG^N:  14 VAG^N, 15 glidende, 11 CPX-CMP
*/

( (IP-MAT (NP-NOM *pro*)
	  (VBPI gewite+d)
	  (PP (ADV swa)
	      (P swa)
	      (CPX-CMP (IPX-SUB (NP-NOM (VAG^N glidende) (N^N scuwa)))))
	  (. .))
  (ID coverhom,HomS_43_[ScraggVerc_13]:19.1745))

/~*
Selre bi+d men +t+at he swelte +tonne he yfele lybbe mid synnum & on Godes
unwillan sy & unges+aliglice drohtiende, for +tan +te seo synfulle sawl cwi+d
to +dam deoflum +tonne hie hie tintregia+t: Ic eow bidde: arisa+d minum sare
to fultumme
(coverhom,HomU_7_[ScraggVerc_22]:56.2862)
*~/
/*
77 VAG:  77 VAG, 78 drohtiende, 36 CPX-THT-SPE
*/

( (CODE <T05350003500,56>)
  (IP-MAT-SPE-0 (NP-NOM-x *exp*)
		(ADJP-NOM-PRD (ADJR^N Selre)
			      (PP *ICH*-2))
		(BEPI bi+d)
		(NP-DAT (N^D men))
		(CP-THT-SPE-x (C +t+at)
			      (IP-SUB-SPE (NP-NOM (PRO^N he))
					  (VBPS swelte)))
		(PP-2 (P +tonne)
		      (CP-CMP-SPE (WADJP-1 0)
				  (C 0)
				  (IPX-SUB-SPE=0 (ADJP-PRD *T*-1)
						 (CPX-THT-SPE (IP-SUB-SPE (IP-SUB-SPE (NP-NOM (PRO^N he))
										      (ADVP (ADV yfele))
										      (VBPS lybbe)
										      (PP (P mid)
											  (NP-DAT (N^D synnum))))
									  (CONJP (CONJ &)
										 (IP-SUB-CON-SPE-00 (NP-NOM *con*)
												    (PP (P on)
													(NP (NP-GEN (NR^G Godes))
													    (N unwillan)))
												    (BEPS sy)))
									  (CONJP (CONJ &)
										 (IPX-SUB-CON-SPE=00 (ADVP (ADV unges+aliglice))
												     (VAG drohtiende))))))))
		(, ,)
		(CP-ADV-SPE (P for)
			    (D^I +tan)
			    (C +te)
			    (IP-SUB-SPE (NP-NOM (D^N seo) (ADJ^N synfulle) (N^N sawl))
					(VBPI cwi+d)
					(PP (P to)
					    (NP-DAT (D^D +dam) (N^D deoflum)))
					(CP-ADV-SPE (P +tonne)
						    (C 0)
						    (IP-SUB-SPE (NP-NOM (PRO^N hie))
								(NP-ACC (PRO^A hie))
								(VBPI tintregia+t)))
					(, :)
					(IP-MAT-SPE (NP-NOM (PRO^N Ic))
						    (NP (PRO eow))
						    (VBP bidde)
						    (, :)
						    (IP-MAT-SPE (VBI arisa+d)
								(NP-DAT-ADT (PRO$^D minum) (N^D sare))
								(PP (P to)
								    (NP-DAT (N^D fultumme))))))))
  (ID coverhom,HomU_7_[ScraggVerc_22]:56.2862))
/*
FOOTER
  source file, hits/tokens/total
  C:\Users\Shoo\Dropbox\workspace\CorpusSearch_Auto\data\corporas\YCOE\temp1492105600559\homilies_and_sermons\coverhom.psd	3/3/3021
*/
/*
HEADER:
source file:  C:\Users\Shoo\Dropbox\workspace\CorpusSearch_Auto\data\corporas\YCOE\temp1492105600559\homilies_and_sermons\coverhomE.psd
*/
/*
FOOTER
  source file, hits/tokens/total
  C:\Users\Shoo\Dropbox\workspace\CorpusSearch_Auto\data\corporas\YCOE\temp1492105600559\homilies_and_sermons\coverhomE.psd	0/0/361
*/
/*
HEADER:
source file:  C:\Users\Shoo\Dropbox\workspace\CorpusSearch_Auto\data\corporas\YCOE\temp1492105600559\homilies_and_sermons\coverhomL.psd
*/
/*
FOOTER
  source file, hits/tokens/total
  C:\Users\Shoo\Dropbox\workspace\CorpusSearch_Auto\data\corporas\YCOE\temp1492105600559\homilies_and_sermons\coverhomL.psd	0/0/94
*/
/*
HEADER:
source file:  C:\Users\Shoo\Dropbox\workspace\CorpusSearch_Auto\data\corporas\YCOE\temp1492105600559\homilies_and_sermons\cowulf.o34.psd
*/
/*
FOOTER
  source file, hits/tokens/total
  C:\Users\Shoo\Dropbox\workspace\CorpusSearch_Auto\data\corporas\YCOE\temp1492105600559\homilies_and_sermons\cowulf.o34.psd	0/0/1889
*/
/*
SUMMARY:  
source files, hits/tokens/total
  C:\Users\Shoo\Dropbox\workspace\CorpusSearch_Auto\data\corporas\YCOE\temp1492105600559\homilies_and_sermons\coaelhom.o3.psd	9/9/4186
  C:\Users\Shoo\Dropbox\workspace\CorpusSearch_Auto\data\corporas\YCOE\temp1492105600559\homilies_and_sermons\coaugust.psd	0/0/4
  C:\Users\Shoo\Dropbox\workspace\CorpusSearch_Auto\data\corporas\YCOE\temp1492105600559\homilies_and_sermons\coblick.o23.psd	4/3/3050
  C:\Users\Shoo\Dropbox\workspace\CorpusSearch_Auto\data\corporas\YCOE\temp1492105600559\homilies_and_sermons\cocathom1.o3.psd	13/12/8049
  C:\Users\Shoo\Dropbox\workspace\CorpusSearch_Auto\data\corporas\YCOE\temp1492105600559\homilies_and_sermons\cocathom2.o3.psd	10/9/7727
  C:\Users\Shoo\Dropbox\workspace\CorpusSearch_Auto\data\corporas\YCOE\temp1492105600559\homilies_and_sermons\coverhom.psd	3/3/3021
  C:\Users\Shoo\Dropbox\workspace\CorpusSearch_Auto\data\corporas\YCOE\temp1492105600559\homilies_and_sermons\coverhomE.psd	0/0/361
  C:\Users\Shoo\Dropbox\workspace\CorpusSearch_Auto\data\corporas\YCOE\temp1492105600559\homilies_and_sermons\coverhomL.psd	0/0/94
  C:\Users\Shoo\Dropbox\workspace\CorpusSearch_Auto\data\corporas\YCOE\temp1492105600559\homilies_and_sermons\cowulf.o34.psd	0/0/1889
whole search, hits/tokens/total
		39/36/28381
*/
