/*
PREFACE:  
Copyright 2010 Beth Randall
Date:  Thu Apr 13 19:03:13 BST 2017

command file:     data\searches\queries\PENN\wh-questions.q
output file:      C:\Users\Shoo\Dropbox\workspace\CorpusSearch_Auto\data\output\13-04-2017 18.46.36.333 PPCME2\whquestions\rules_charters_wills_laws_ecclesiastical_laws_and_proceedingstrials\result.out

node:   CP-QUE|CP-QUE-SBJ|WADV*|WCP*|WIP*|WNP*|WQP*
query:  (WADV*|WCP*|WIP*|WNP*|WQP* Dominates  !WADV*|WCP*|WIP*|WNP*|WQP*) 
  AND  (CP-QUE|CP-QUE-SBJ iDominates  WADV*|WCP*|WIP*|WNP*|WQP*) 
*/
/*
HEADER:
source file:  C:\Users\Shoo\Dropbox\workspace\CorpusSearch_Auto\data\corporas\PPCME2\temp1492106398658\rules_charters_wills_laws_ecclesiastical_laws_and_proceedingstrials\cmaelr3.m23.psd
*/

/~*
Lord, who may?
(CMAELR3,26.12)
*~/
/*
7 WNP-1:  7 WNP-1, 9 who, 1 CP-QUE
*/
( (CP-QUE (NP-VOC (NPR Lord))
	  (, ,)
	  (WNP-1 (WPRO who))
	  (IP-SUB (NP-SBJ *T*-1)
		  (MD may)
		  (VB *))
	  (. ?))
  (ID CMAELR3,26.12))

/~*
And what may be moor precious +tanne +tis tresoor, wi+t +te whuche heuene is
ibou+gt, angeles be+t delyted, of +te whuche Crist is coueytous, and by +te
whyche God is idrawe to loue - and also forto +geue:
(CMAELR3,26.16)
*~/
/*
4 WNP-1:  4 WNP-1, 6 what, 1 CP-QUE
*/

( (CP-QUE (CONJ And)
	  (WNP-1 (WPRO what))
	  (IP-SUB (NP-SBJ *T*-1)
		  (MD may)
		  (BE be)
		  (ADJP (QR moor)
			(ADJ precious)
			(PP (P +tanne)
			    (NP (D +tis) (N tresoor))))
		  (, ,)
		  (CP-REL (CP-REL (WPP-2 (P wi+t)
					 (WNP (D +te) (WPRO whuche)))
				  (C 0)
				  (IP-SUB (IP-SUB (PP *T*-2)
						  (NP-SBJ (NPR heuene))
						  (BEP is)
						  (VAN ibou+gt))
					  (, ,)
					  (CONJP (IP-SUB (PP *T*-2)
							 (NP-SBJ (NS angeles))
							 (BEP be+t)
							 (VAN delyted)))))
			  (, ,)
			  (CONJP (CP-REL (WPP-3 (P of)
						(WNP (D +te) (WPRO whuche)))
					 (C 0)
					 (IP-SUB (NP-SBJ (NPR Crist))
						 (BEP is)
						 (ADJP (PP *T*-3)
						       (ADJ coueytous)))))
			  (, ,)
			  (CONJP (CONJ and)
				 (CP-REL (WPP-4 (P by)
						(WNP (D +te) (WPRO whyche)))
					 (C 0)
					 (IP-SUB (PP *T*-4)
						 (NP-SBJ (NPR God))
						 (BEP is)
						 (VAN idrawe)
						 (IP-INF (IP-INF (TO to) (VB loue))
							 (, -)
							 (CONJP (CONJ and)
								(ALSO also)
								(IP-INF (FOR+TO forto) (VB +geue)))))))))
	  (. :))
  (ID CMAELR3,26.16))

/~*
what +gyfte?
(CMAELR3,26.17)
*~/
/*
2 WNP:  2 WNP, 6 +gyfte, 1 CP-QUE
*/

( (CP-QUE (WNP (WD what) (N +gyfte))
	  (. ?))
  (ID CMAELR3,26.17))

/~*
Behold now whuche a spouse +tu hast ychose, whyche a vrend +tu hast ygete.
(CMAELR3,26.20)
*~/
/*
9 WNP-1:  9 WNP-1, 15 spouse, 8 CP-QUE
32 WNP-2:  32 WNP-2, 38 vrend, 31 CP-QUE
*/

( (IP-IMP (VBI Behold)
	  (ADVP-TMP (ADV now))
	  (CP-QUE (CP-QUE (WNP-1 (WD whuche) (ONE a) (N spouse))
			  (C 0)
			  (IP-SUB (NP-OB1 *T*-1)
				  (NP-SBJ (PRO +tu))
				  (HVP hast)
				  (VBN ychose)))
		  (, ,)
		  (CONJP (CP-QUE (WNP-2 (WPRO whyche) (ONE a) (N vrend))
				 (C 0)
				 (IP-SUB (NP-OB1 *T*-2)
					 (NP-SBJ (PRO +tu))
					 (HVP hast)
					 (VBN ygete)))))
	  (. .))
  (ID CMAELR3,26.20))

/~*
And what dude he +tanne bote sum-tyme caste hym-self in cold fresyngge water,
(CMAELR3,29.102)
*~/
/*
4 WNP-1:  4 WNP-1, 6 what, 1 CP-QUE
*/

( (CP-QUE (CONJ And)
	  (WNP-1 (WPRO what))
	  (IP-SUB (NP-OB1 *T*-1)
		  (DOD dude)
		  (NP-SBJ (PRO he))
		  (ADVP-TMP (ADV +tanne))
		  (PP (P bote)
		      (CP-ADV (C 0)
			      (IP-SUB (NP-SBJ *pro*)
				      (NP-TMP (Q+N sum-tyme))
				      (VBD caste)
				      (NP-OB1 (PRO+N hym-self))
				      (PP (P in)
					  (NP (ADJ cold) (VAG fresyngge) (N water)))))))
	  (. ,))
  (ID CMAELR3,29.102))

/~*
Lord, what fors is it who+ter be abstinence o+ter be syknesse +te proude
carayne be halde a-doun and chastete be kept?
(CMAELR3,31.148)
*~/
/*
7 WNP-1:  7 WNP-1, 11 fors, 1 CP-QUE
*/

( (CP-QUE (NP-VOC (NPR Lord))
	  (, ,)
	  (WNP-1 (WD what) (N fors))
	  (IP-SUB (NP-OB1 *T*-1)
		  (BEP is)
		  (NP-SBJ (PRO it))
		  (CP-QUE-ADV (WQ who+ter)
			      (C 0)
			      (IP-SUB (IP-SUB (PP (PP (P be)
						      (NP (N abstinence)))
						  (CONJP (CONJ o+ter)
							 (PP (P be)
							     (NP (N syknesse)))))
					      (NP-SBJ (D +te) (ADJ proude) (N carayne))
					      (BEP be)
					      (VAN halde)
					      (PP (P+RP a-doun)))
				      (CONJP (CONJ and)
					     (IP-SUB (NP-SBJ (N chastete))
						     (BEP be)
						     (VAN kept))))))
	  (. ?))
  (ID CMAELR3,31.148))

/~*
And what?
(CMAELR3,32.166)
*~/
/*
4 WNP:  4 WNP, 6 what, 1 CP-QUE
*/

( (CP-QUE (CONJ And)
	  (WNP (WPRO what))
	  (. ?))
  (ID CMAELR3,32.166))

/~*
What +tanne almesse or good schalt +tu doo to +tyn emcristen, as I sayde
byforn, whan I spake of beneficience?
(CMAELR3,38.347)
*~/
/*
2 WNP-1:  2 WNP-1, 14 good, 1 CP-QUE
*/

( (CP-QUE (WNP-1 (WPRO What)
		 (ADV +tanne)
		 (N almesse)
		 (CONJP (CONJ or)
			(NX (N good))))
	  (IP-SUB (NP-OB1 *T*-1)
		  (MD schalt)
		  (NP-SBJ (PRO +tu))
		  (DO doo)
		  (PP (P to)
		      (NP (PRO$ +tyn) (ADJ+N emcristen)))
		  (, ,)
		  (PP-PRN (P as)
			  (CP-ADV (WNP-2 0)
				  (C 0)
				  (IP-SUB (NP-OB1 *T*-2)
					  (NP-SBJ (PRO I))
					  (VBD sayde)
					  (ADVP-TMP (ADV byforn))
					  (, ,)
					  (PP (P whan)
					      (CP-ADV (C 0)
						      (IP-SUB (NP-SBJ (PRO I))
							      (VBD spake)
							      (PP (P of)
								  (NP (N beneficience))))))))))
	  (. ?))
  (ID CMAELR3,38.347))

/~*
What is more profitable +tan deuout preyere?
(CMAELR3,38.350)
*~/
/*
2 WNP-1:  2 WNP-1, 4 What, 1 CP-QUE
*/

( (CP-QUE (WNP-1 (WPRO What))
	  (IP-SUB (NP-SBJ *T*-1)
		  (BEP is)
		  (ADJP (QR more)
			(ADJ profitable)
			(PP (P +tan)
			    (NP (ADJ deuout) (N preyere)))))
	  (. ?))
  (ID CMAELR3,38.350))

/~*
What is more ful of manhoode +tan pite?
(CMAELR3,38.352)
*~/
/*
2 WNP-1:  2 WNP-1, 4 What, 1 CP-QUE
*/

( (CP-QUE (WNP-1 (WPRO What))
	  (IP-SUB (NP-SBJ *T*-1)
		  (BEP is)
		  (ADJP (QR more)
			(ADJ ful)
			(PP (P of)
			    (NP (N manhoode)))
			(PP (P +tan)
			    (NP (N pite)))))
	  (. ?))
  (ID CMAELR3,38.352))

/~*
And what schal I say more?
(CMAELR3,38.375)
*~/
/*
4 WNP-1:  4 WNP-1, 6 what, 1 CP-QUE
*/

( (CP-QUE (CONJ And)
	  (WNP-1 (WPRO what))
	  (IP-SUB (NP-OB1 *T*-1)
		  (MD schal)
		  (NP-SBJ (PRO I))
		  (VB say)
		  (NP-MSR (QR more)))
	  (. ?))
  (ID CMAELR3,38.375))

/~*
What dost +tu, suster?
(CMAELR3,40.408)
*~/
/*
2 WNP-1:  2 WNP-1, 4 What, 1 CP-QUE
*/

( (CP-QUE (WNP-1 (WPRO What))
	  (IP-SUB (NP-OB1 *T*-1)
		  (DOP dost)
		  (NP-SBJ (PRO +tu))
		  (, ,)
		  (NP-VOC (N suster)))
	  (. ?))
  (ID CMAELR3,40.408))

/~*
And, suster, wanne after +tat he is twelf +ger old, and go+t to Ierusalem
in-to +te temple wit his fadur and his moder and, hem vnwytyngge, leue+t in
+te citee +tre dayes be-hynde, as +te gospel sey+t; +gif +tu wilt bysyly seke
hym +tyse +tre dayes, gode suster, what sorwe schalt +tu haue?
(CMAELR3,41.460)
*~/
/*
171 WNP-2:  171 WNP-2, 175 sorwe, 1 CP-QUE
*/

( (CP-QUE (CONJ And)
	  (, ,)
	  (NP-VOC (N suster))
	  (, ,)
	  (PP (P wanne)
	      (CP-ADV (C 0)
		      (IP-SUB (IP-SUB (PP (P after)
					  (NP (D +tat)))
				      (NP-SBJ (PRO he))
				      (BEP is)
				      (ADJP (NP-MSR (NUM twelf) (N +ger))
					    (ADJ old)))
			      (, ,)
			      (CONJP (CONJ and)
				     (IP-SUB (NP-SBJ *con*)
					     (VBP go+t)
					     (PP (P to)
						 (NP (NPR Ierusalem)))
					     (PP (P in-to)
						 (NP (D +te) (N temple)))
					     (PP (P wit)
						 (NP (NP (PRO$ his) (N fadur))
						     (CONJP (CONJ and)
							    (NP (PRO$ his) (N moder)))))
					     (CONJP (CONJ and)
						    (, ,)
						    (IP-SUB (IP-ABS (NP-SBJ (PRO hem))
								    (VAG vnwytyngge))
							    (, ,)
							    (NP-SBJ *con*)
							    (VBP leue+t)
							    (PP (P in)
								(NP (D +te) (N citee)))
							    (NP-MSR (NUM +tre) (NS dayes))
							    (ADVP-LOC (ADV be-hynde))
							    (, ,)
							    (PP-PRN (P as)
								    (CP-ADV (WNP-1 0)
									    (C 0)
									    (IP-SUB (NP-OB1 *T*-1)
										    (NP-SBJ (D +te) (NPR gospel))
										    (VBP sey+t)))))))))))
	  (, ;)
	  (PP (P +gif)
	      (CP-ADV (C 0)
		      (IP-SUB (NP-SBJ (PRO +tu))
			      (MD wilt)
			      (ADVP (ADV bysyly))
			      (VB seke)
			      (NP-OB1 (PRO hym))
			      (NP-MSR (D +tyse) (NUM +tre) (NS dayes))
			      (, ,)
			      (NP-VOC (ADJ gode) (N suster)))))
	  (, ,)
	  (WNP-2 (WD what) (N sorwe))
	  (IP-SUB (NP-OB1 *T*-2)
		  (MD schalt)
		  (NP-SBJ (PRO +tu))
		  (HV haue))
	  (. ?))
  (ID CMAELR3,41.460))

/~*
and was tempted of +te deuel, techyngge vs wrecchen what conflit we mote haue
and batayle a+gens vre gostly enemy.
(CMAELR3,42.468)
*~/
/*
29 WNP-1:  29 WNP-1, 35 *ICH*-2, 28 CP-QUE
*/

( (IP-MAT (CONJ and)
	  (NP-SBJ *con*)
	  (BED was)
	  (VAN tempted)
	  (PP (P of)
	      (NP (D +te) (NPR deuel)))
	  (, ,)
	  (IP-PPL (VAG techyngge)
		  (NP-OB2 (PRO vs) (NS wrecchen))
		  (CP-QUE (WNP-1 (WD what)
				 (N conflit)
				 (CONJP *ICH*-2))
			  (C 0)
			  (IP-SUB (NP-OB1 *T*-1)
				  (NP-SBJ (PRO we))
				  (MD mote)
				  (HV haue)
				  (CONJP-2 (CONJ and)
					   (NX (N batayle)))
				  (PP (P a+gens)
				      (NP (PRO$ vre) (ADJ gostly) (N enemy))))))
	  (. .))
  (ID CMAELR3,42.468))

/~*
and be+tenk +te entierly what Ihesus dude and wat he seyde whanne he was
prey+gid to +gyue +to doom a+gens here.
(CMAELR3,42.471)
*~/
/*
16 WNP-1:  16 WNP-1, 18 what, 15 CP-QUE
33 WNP-2:  33 WNP-2, 35 wat, 32 CP-QUE
*/

( (IP-IMP (CONJ and)
	  (VBI be+tenk)
	  (NP-OB2 (PRO +te))
	  (LB |)
	  (ADVP (ADV entierly))
	  (CP-QUE (CP-QUE (WNP-1 (WPRO what))
			  (C 0)
			  (IP-SUB (NP-OB1 *T*-1)
				  (NP-SBJ (NPR Ihesus))
				  (DOD dude)))
		  (CONJP (CONJ and)
			 (CP-QUE (WNP-2 (WPRO wat))
				 (C 0)
				 (IP-SUB (NP-OB1 *T*-2)
					 (NP-SBJ (PRO he))
					 (VBD seyde)
					 (PP (P whanne)
					     (CP-ADV (C 0)
						     (IP-SUB (NP-SBJ (PRO he))
							     (BED was)
							     (VAN prey+gid)
							     (IP-INF (TO to)
								     (VB +gyue)
								     (NP-OB1 (D +to)
									     (N doom)
									     (PP (P a+gens)
										 (NP (PRO here))))))))))))
	  (. .))
  (ID CMAELR3,42.471))

/~*
Gode Ihesu, whanne +tu seyst 'I nel not dampne', ho is it +tat may dampne?
(CMAELR3,42.479)
*~/
/*
37 WNP-1:  37 WNP-1, 39 ho, 1 CP-QUE
*/

( (CP-QUE (NP-VOC (ADJ Gode) (NPR Ihesu))
	  (, ,)
	  (PP (P whanne)
	      (CP-ADV (C 0)
		      (IP-SUB (NP-SBJ (PRO +tu))
			      (VBP seyst)
			      (' ')
			      (IP-MAT-SPE (NP-SBJ (PRO I))
					  (NEG+MD nel)
					  (NEG not)
					  (VB dampne)))))
	  (' ')
	  (, ,)
	  (WNP-1 (WPRO ho))
	  (IP-SUB-SPE (NP-OB1 *T*-1)
		      (BEP is)
		      (NP-SBJ (PRO it))
		      (CP-CLF-SPE (WNP-2 0)
				  (C +tat)
				  (IP-SUB-SPE (NP-SBJ *T*-2)
					      (MD may)
					      (VB dampne))))
	  (. ?))
  (ID CMAELR3,42.479))

/~*
Whan God iustefye+t, ho may acuse?
(CMAELR3,42.480)
*~/
/*
16 WNP-1:  16 WNP-1, 18 ho, 1 CP-QUE
*/

( (CP-QUE (PP (P Whan)
	      (CP-ADV (C 0)
		      (IP-SUB (NP-SBJ (NPR God))
			      (VBP iustefye+t))))
	  (, ,)
	  (WNP-1 (WPRO ho))
	  (IP-SUB (NP-SBJ *T*-1)
		  (MD may)
		  (VB acuse))
	  (. ?))
  (ID CMAELR3,42.480))

/~*
what is +tat?
(CMAELR3,42.482)
*~/
/*
2 WNP-1:  2 WNP-1, 4 what, 1 CP-QUE
*/

( (CP-QUE (WNP-1 (WPRO what))
	  (IP-SUB (NP-OB1 *T*-1)
		  (BEP is)
		  (NP-SBJ (D +tat)))
	  (. ?))
  (ID CMAELR3,42.482))

/~*
Bote what?
(CMAELR3,44.554)
*~/
/*
4 WNP:  4 WNP, 6 what, 1 CP-QUE
*/

( (CP-QUE (CONJ Bote)
	  (WNP (WPRO what))
	  (. ?))
  (ID CMAELR3,44.554))

/~*
and taak good kep ho it is +tat lene+t hym so boldely to Cristes brest and
slep+t so sauerly in his lappe.
(CMAELR3,45.587)
*~/
/*
12 WNP-1:  12 WNP-1, 14 ho, 11 CP-QUE
*/

( (IP-IMP (CONJ and)
	  (VBI taak)
	  (NP-OB1 (ADJ good) (N kep))
	  (CP-QUE (WNP-1 (WPRO ho))
		  (C 0)
		  (IP-SUB (NP-OB1 *T*-1)
			  (NP-SBJ (PRO it))
			  (BEP is)
			  (CP-CLF (WNP-2 0)
				  (C +tat)
				  (IP-SUB (IP-SUB (NP-SBJ *T*-2)
						  (VBP lene+t)
						  (NP-OB1 (PRO hym))
						  (ADVP (ADVR so) (ADV boldely))
						  (PP (P to)
						      (NP (NPR$ Cristes) (N brest))))
					  (CONJP (CONJ and)
						 (IP-SUB (NP-SBJ *T*-2)
							 (VBD slep+t)
							 (ADVP (ADVR so) (ADV sauerly))
							 (PP (P in)
							     (NP (PRO$ his) (N lappe)))))))))
	  (. .))
  (ID CMAELR3,45.587))

/~*
and +terof suk out melke, +tat +tu mowe gostly be fed in +tenkyngge what he
dude for vs in vre flehs.
(CMAELR3,46.606)
*~/
/*
39 WNP-1:  39 WNP-1, 41 what, 38 CP-QUE
*/

( (IP-IMP (CONJ and)
	  (PP (ADV+P +terof))
	  (VBI suk)
	  (RP out)
	  (NP-OB1 (N melke))
	  (, ,)
	  (CP-ADV (C +tat)
		  (IP-SUB (NP-SBJ (PRO +tu))
			  (MD mowe)
			  (ADVP (ADV gostly))
			  (BE be)
			  (VAN fed)
			  (PP (P in)
			      (IP-PPL (VAG +tenkyngge)
				      (CP-QUE (WNP-1 (WPRO what))
					      (C 0)
					      (IP-SUB (NP-OB1 *T*-1)
						      (NP-SBJ (PRO he))
						      (DOD dude)
						      (PP (P for)
							  (NP (PRO vs)))
						      (PP (P in)
							  (NP (PRO$ vre) (N flehs)))))))))
	  (. .))
  (ID CMAELR3,46.606))

/~*
My goode lord God, what is +tis?
(CMAELR3,46.613)
*~/
/*
13 WNP-1:  13 WNP-1, 15 what, 1 CP-QUE
*/

( (CP-QUE (NP-VOC (PRO$ My) (ADJ goode) (NPR lord) (NPR God))
	  (, ,)
	  (WNP-1 (WPRO what))
	  (IP-SUB (NP-OB1 *T*-1)
		  (BEP is)
		  (NP-SBJ (D +tis)))
	  (. ?))
  (ID CMAELR3,46.613))

/~*
And anoon after +tis behald how Iudas +te traytour ge+t before, and which
acursyd compaynye of Iewes come+t after;
(CMAELR3,46.625)
*~/
/*
44 WNP-2:  44 WNP-2, 56 Iewes, 43 CP-QUE
*/

( (IP-IMP (CONJ And)
	  (ADVP-TMP (ADV anoon))
	  (PP (P after)
	      (NP (D +tis)))
	  (VBI behald)
	  (CP-QUE (CP-QUE (WADVP-1 (WADV how))
			  (C 0)
			  (IP-SUB (ADVP *T*-1)
				  (NP-SBJ (NPR Iudas)
					  (NP-PRN (D +te) (N traytour)))
				  (VBP ge+t)
				  (ADVP-LOC (ADV before))))
		  (, ,)
		  (CONJP (CONJ and)
			 (CP-QUE (WNP-2 (WD which)
					(VAN acursyd)
					(N compaynye)
					(PP (P of)
					    (NP (NPRS Iewes))))
				 (C 0)
				 (IP-SUB (NP-SBJ *T*-2)
					 (VBP come+t)
					 (ADVP-LOC (ADV after))))))
	  (. ;))
  (ID CMAELR3,46.625))

/~*
Alas, ho may suffre +tis?
(CMAELR3,46.627)
*~/
/*
6 WNP-1:  6 WNP-1, 8 ho, 1 CP-QUE
*/

( (CP-QUE (INTJ Alas)
	  (, ,)
	  (WNP-1 (WPRO ho))
	  (IP-SUB (NP-SBJ *T*-1)
		  (MD may)
		  (VB suffre)
		  (NP-OB1 (D +tis)))
	  (. ?))
  (ID CMAELR3,46.627))

/~*
who doute+t hit?
(CMAELR3,47.662)
*~/
/*
2 WNP-1:  2 WNP-1, 4 who, 1 CP-QUE
*/

( (CP-QUE (WNP-1 (WPRO who))
	  (IP-SUB (NP-SBJ *T*-1)
		  (VBP doute+t)
		  (NP-OB1 (PRO hit)))
	  (. ?))
  (ID CMAELR3,47.662))

/~*
By-hold, suster, wat a signe of princehood and wurschipe +tyn husbounde Crist
ber+t vp his schuldre - as +te book seyt:
(CMAELR3,47.676)
*~/
/*
12 WNP-1:  12 WNP-1, 28 wurschipe, 11 CP-QUE
*/

( (IP-IMP (VBI By-hold)
	  (, ,)
	  (NP-VOC (N suster))
	  (, ,)
	  (CP-QUE (WNP-1 (WD wat)
			 (D a)
			 (N signe)
			 (PP (P of)
			     (NP (N princehood) (CONJ and) (N wurschipe))))
		  (C 0)
		  (IP-SUB (NP-OB1 *T*-1)
			  (NP-SBJ (PRO$ +tyn)
				  (N husbounde)
				  (NP-PRN (NPR Crist)))
			  (VBP ber+t)
			  (PP (P vp)
			      (NP (PRO$ his) (N schuldre)))))
	  (, -)
	  (PP-PRN (P as)
		  (CP-ADV (WNP-2 0)
			  (C 0)
			  (IP-SUB (NP-OB1 *T*-2)
				  (NP-SBJ (D +te) (N book))
				  (VBP seyt))))
	  (. :))
  (ID CMAELR3,47.676))

/~*
A, what was swettere +tan +tis voys?
(CMAELR3,50.753)
*~/
/*
6 WNP-1:  6 WNP-1, 8 what, 1 CP-QUE
*/

( (CP-QUE (INTJ A)
	  (, ,)
	  (WNP-1 (WPRO what))
	  (IP-SUB (NP-SBJ *T*-1)
		  (BED was)
		  (ADJP (ADJR swettere)
			(PP (P +tan)
			    (NP (D +tis) (NS voys)))))
	  (. ?))
  (ID CMAELR3,50.753))

/~*
What was mor ioyeful or mor blisful?
(CMAELR3,50.754)
*~/
/*
2 WNP-1:  2 WNP-1, 4 What, 1 CP-QUE
*/

( (CP-QUE (WNP-1 (WPRO What))
	  (IP-SUB (NP-SBJ *T*-1)
		  (BED was)
		  (ADJP (ADJP (QR mor) (ADJ ioyeful))
			(CONJP (CONJ or)
			       (ADJP (QR mor) (ADJ blisful)))))
	  (. ?))
  (ID CMAELR3,50.754))

/~*
And what +gif we be+tenke vs hou God had ymad vs hole menbres and sounde, and
not ysuffred vs be bore in meselrye or palsye or elles croked or lame, or so
for+t of o+tre, +tat we schulde haue ibe in sorwe to vs-self, and to o+tre to
dispyt and schame.
(CMAELR3,51.809)
*~/
/*
4 WNP:  4 WNP, 6 what, 1 CP-QUE
*/

( (CP-QUE (CONJ And)
	  (WNP (WPRO what))
	  (PP (P +gif)
	      (CP-ADV (C 0)
		      (IP-SUB (NP-SBJ (PRO we))
			      (VBP be+tenke)
			      (NP-OB2 (PRO vs))
			      (CP-QUE (WADVP-1 (WADV hou))
				      (C 0)
				      (IP-SUB (IP-SUB-2 (ADVP *T*-1)
							(NP-SBJ (NPR God))
							(HVD had)
							(VBN ymad)
							(IP-SMC (NP-SBJ (PRO vs))
								(NP-OB1 (ADJP (ADJ hole)
									      (CONJP *ICH*-3))
									(NS menbres)
									(CONJP-3 (CONJ and) (ADJ sounde)))))
					      (, ,)
					      (CONJP (CONJ and)
						     (IP-SUB=2 (NEG not)
							       (VBN ysuffred)
							       (NP-OB2 (PRO vs))
							       (IP-INF (BE be)
								       (VAN bore)
								       (PP (PP (P in)
									       (NP (N meselrye) (CONJ or) (N palsye)))
									   (CONJP (CONJ or)
										  (ELSE elles)
										  (ADJP (ADJ croked) (CONJ or) (ADJ lame)))
									   (, ,)
									   (CONJP (CONJ or)
										  (ADVP (ADV so)
											(ADV for+t)
											(PP (P of)
											    (NP (OTHERS o+tre))))))
								       (, ,)
								       (CP-ADV (C +tat)
									       (IP-SUB (NP-SBJ (PRO we))
										       (MD schulde)
										       (HV haue)
										       (BEN ibe)
										       (PP (P in)
											   (NP (N sorwe)))
										       (PP (PP (P to)
											       (NP (PRO+N vs-self)))
											   (, ,)
											   (CONJP (CONJ and)
												  (PP (P to)
												      (NP (OTHERS o+tre)))))
										       (PP (P to)
											   (NP (N dispyt) (CONJ and) (N schame)))))))))))))
	  (. .))
  (ID CMAELR3,51.809))

/~*
and let vs behoolde what a benefys it is of God +tat we were ynursched, whanne
whe cowde no mor good +tan a best, of oure fader and moder, and ikept so +tat
whe nere not ybrend in +te fuyr, as many ano+ter ha+t ibe, not idreynt in
water, not wood and trauayled of +te deuel, not ysmyte ne venymed of no foul
wurm, not yfalle and broke vre necke; +tat we be+t to couenable age itau+gt in
hool fey, and in sacramens of holy churche.
(CMAELR3,51.815)
*~/
/*
13 WNP-1:  13 WNP-1, 21 *ICH*-3, 12 CP-QUE
*/

( (IP-IMP (CONJ and)
	  (VBI let)
	  (IP-INF (NP-SBJ (PRO vs))
		  (VB behoolde)
		  (CP-QUE (WNP-1 (WD what)
				 (D a)
				 (NS benefys)
				 (PP *ICH*-3))
			  (C 0)
			  (IP-SUB (NP-OB1 *T*-1)
				  (NP-SBJ-2 (PRO it))
				  (BEP is)
				  (PP-3 (P of)
					(NP (NPR God)))
				  (CP-THT-2 (C +tat)
					    (IP-SUB (IP-SUB-4 (NP-SBJ (PRO we))
							      (BED were)
							      (VAN ynursched)
							      (, ,)
							      (PP (P whanne)
								  (CP-ADV (C 0)
									  (IP-SUB (NP-SBJ (PRO whe))
										  (VBD cowde)
										  (NP-OB1 (QP (Q no) (QR mor))
											  (N good)
											  (PP (P +tan)
											      (NP (D a) (N best)))))))
							      (, ,)
							      (PP (P of)
								  (NP (PRO$ oure)
								      (N fader)
								      (CONJP (CONJ and)
									     (NX (N moder))))))
						    (, ,)
						    (CONJP (CONJ and)
							   (IP-SUB=4 (VAN ikept)
								     (PP (P so)
									 (CP-ADV (CP-ADV (C +tat)
											 (IP-SUB (IP-SUB-5 (NP-SBJ (PRO whe))
													   (NEG+BED nere)
													   (NEG not)
													   (VAN ybrend)
													   (PP (P in)
													       (NP (D +te) (N fuyr)))
													   (, ,)
													   (PP (P as)
													       (CP-ADV (WADVP-6 0)
														       (C 0)
														       (IP-SUB (ADVP *T*-6)
															       (NP-SBJ (Q many) (D+OTHER ano+ter))
															       (HVP ha+t)
															       (BEN ibe)))))
												 (, ,)
												 (CONJP (CONJ not)
													(IP-SUB=5 (VAN idreynt)
														  (PP (P in)
														      (NP (N water)))))
												 (, ,)
												 (CONJP (CONJ not)
													(IP-SUB=5 (VAN (VAN wood) (CONJ and) (VAN trauayled))
														  (PP (P of)
														      (NP (D +te) (N deuel)))))
												 (, ,)
												 (CONJP (CONJ not)
													(IP-SUB=5 (VAN (VAN ysmyte) (CONJ ne) (VAN venymed))
														  (PP (P of)
														      (NP (Q no) (ADJ foul) (N wurm)))))
												 (, ,)
												 (CONJP (CONJ not)
													(IP-SUB=5 (VBN (VBN yfalle) (CONJ and) (VBN broke))
														  (NP-OB1 (PRO$ vre) (N necke))))))
										 (, ;)
										 (CONJP (CP-ADV (C +tat)
												(IP-SUB (NP-SBJ (PRO we))
													(BEP be+t)
													(PP (P to)
													    (NP (ADJ couenable) (N age)))
													(VAN itau+gt)
													(PP (PP (P in)
														(NP (ADJ hool) (N fey)))
													    (, ,)
													    (CONJP (CONJ and)
														   (PP (P in)
														       (NP (NS sacramens)
															   (PP (P of)
															       (NP (ADJ holy) (N churche)))))))))))))))))))
	  (. .))
  (ID CMAELR3,51.815))

/~*
Bote auyse +te inwardly what God ha+t ido to +te graciously to +ty soule -
(CMAELR3,52.819)
*~/
/*
13 WNP-1:  13 WNP-1, 15 what, 12 CP-QUE
*/

( (IP-IMP (CONJ Bote)
	  (VBI auyse)
	  (NP-OB1 (PRO +te))
	  (ADVP-LOC (ADV inwardly))
	  (CP-QUE (WNP-1 (WPRO what))
		  (C 0)
		  (IP-SUB (NP-OB1 *T*-1)
			  (NP-SBJ (NPR God))
			  (HVP ha+t)
			  (DON ido)
			  (PP (P to)
			      (NP (PRO +te)))
			  (ADVP (ADV graciously))
			  (PP (P to)
			      (NP (PRO$ +ty) (N soule)))))
	  (. -))
  (ID CMAELR3,52.819))

/~*
for what scholde a wrecche creature doo, forsaken of his creatour?
(CMAELR3,52.833)
*~/
/*
4 WNP-1:  4 WNP-1, 6 what, 1 CP-QUE
*/

( (CP-QUE (CONJ for)
	  (WNP-1 (WPRO what))
	  (IP-SUB (NP-OB1 *T*-1)
		  (MD scholde)
		  (NP-SBJ (D a) (ADJ wrecche) (N creature))
		  (DO doo)
		  (, ,)
		  (IP-PPL (VAN forsaken)
			  (PP (P of)
			      (NP (PRO$ his) (N creatour)))))
	  (. ?))
  (ID CMAELR3,52.833))

/~*
What ha+t eny wrecche of eny goodnesse bote +tat +tat he ha+t receyued of God?
(CMAELR3,53.875)
*~/
/*
2 WNP-1:  2 WNP-1, 8 *ICH*-3, 1 CP-QUE
*/

( (CP-QUE (WNP-1 (WPRO What)
		 (PP *ICH*-2)
		 (PP *ICH*-3))
	  (IP-SUB (NP-OB1 *T*-1)
		  (HVP ha+t)
		  (NP-SBJ (Q eny) (N wrecche))
		  (PP-2 (P of)
			(NP (Q eny) (ADJ goodnesse)))
		  (PP-3 (P bote)
			(NP (D +tat)
			    (CP-REL (WNP-4 0)
				    (C +tat)
				    (IP-SUB (NP-OB1 *T*-4)
					    (NP-SBJ (PRO he))
					    (HVP ha+t)
					    (VBN receyued)
					    (PP (P of)
						(NP (NPR God))))))))
	  (. ?))
  (ID CMAELR3,53.875))

/~*
Bote +tu askest me, par caas, what I haue lasse +tan +tu of Godes +giftes.
(CMAELR3,54.882)
*~/
/*
23 WNP-1:  23 WNP-1, 27 *ICH*-2, 22 CP-QUE
*/

( (IP-MAT (CONJ Bote)
	  (NP-SBJ (PRO +tu))
	  (VBP askest)
	  (NP-OB2 (PRO me))
	  (, ,)
	  (PP (P par)
	      (NP (N caas)))
	  (, ,)
	  (CP-QUE (WNP-1 (WPRO what)
			 (PP *ICH*-2))
		  (C 0)
		  (IP-SUB (NP-OB1 *T*-1)
			  (NP-SBJ (PRO I))
			  (HVP haue)
			  (NP-MSR (QR lasse)
				  (PP (P +tan)
				      (NP (PRO +tu))))
			  (PP-2 (P of)
				(NP (NPR$ Godes) (NS +giftes)))))
	  (. .))
  (ID CMAELR3,54.882))

/~*
For +gif God, only of his gret mercyful benignite, ha+t not ylete me al
wy+touten experience of his wundurful and gostly confortes, wych ne am bote a
fugitif and a rebel wrecche, what swetnesse may $I trowe +tat he +gyue to +te
+tat art and euere were a clene mayde.
(CMAELR3,54.895)
*~/
/*
101 WNP-3:  101 WNP-3, 105 swetnesse, 1 CP-QUE
*/

( (CP-QUE (CONJ For)
	  (PP (P +gif)
	      (CP-ADV (C 0)
		      (IP-SUB (NP-SBJ (NPR God))
			      (, ,)
			      (PP (FP only)
				  (P of)
				  (NP (PRO$ his) (ADJ gret) (ADJ mercyful) (N benignite)))
			      (, ,)
			      (HVP ha+t)
			      (NEG not)
			      (VBN ylete)
			      (NP-OB2 (PRO me)
				      (CP-REL *ICH*-1))
			      (NP-OB1 (Q al))
			      (PP (P wy+touten)
				  (NP (N experience)
				      (PP (P of)
					  (NP (PRO$ his)
					      (ADJP (ADJ wundurful) (CONJ and) (ADJ gostly))
					      (NS confortes)))))
			      (, ,)
			      (CP-REL-1 (WNP-2 (WPRO wych))
					(C 0)
					(IP-SUB (NP-SBJ *T*-2)
						(NEG ne)
						(BEP am)
						(NP-OB1 (FP bote)
							(D a)
							(N fugitif)
							(CONJP (CONJ and)
							       (NX (D a) (ADJ rebel) (N wrecche)))))))))
	  (, ,)
	  (WNP-3 (WD what) (ADJR swetnesse))
	  (IP-SUB (MD may)
		  (NP-SBJ (PRO $I))
		  (VB trowe)
		  (CP-THT (C +tat)
			  (IP-SUB (NP-OB1 *T*-3)
				  (NP-SBJ (PRO he))
				  (VBP +gyue)
				  (PP (P to)
				      (NP (PRO +te)
					  (CP-REL (WNP-4 0)
						  (C +tat)
						  (IP-SUB-5 (NP-SBJ *T*-4)
							    (BEP art)
							    (IP-SUB-PRN=5 (CONJ and)
									  (ADVP-TMP (ADV euere))
									  (BED were))
							    (NP-OB1 (D a) (ADJ clene) (N mayde)))))))))
	  (. .))
  (ID CMAELR3,54.895))

/~*
+Te principle and +te bykynnyng of +tynges +tat be+t to comene, and +te final
ende of +tynges +tat now be+t present, +tat is deed. Of +te whyche deed, wat
nature is hit +tat ha+t not horrour +trof? What herte is hit +tat drede+t hit
nou+gt?
(CMAELR3,55.926)
*~/
/*
99 WNP-3:  99 WNP-3, 103 nature, 98 CP-QUE
134 WNP-5:  134 WNP-5, 138 herte, 133 CP-QUE
*/

( (IP-MAT (NP-LFD (NP (NP (D +Te) (N principle))
		      (CONJP (CONJ and)
			     (NP (D +te) (N bykynnyng)))
		      (PP (P of)
			  (NP (NS +tynges)
			      (CP-REL (WNP-1 0)
				      (C +tat)
				      (IP-SUB (NP-SBJ *T*-1)
					      (BEP be+t)
					      (IP-INF (TO to) (VB comene)))))))
		  (, ,)
		  (CONJP (CONJ and)
			 (NP (D +te)
			     (ADJ final)
			     (N ende)
			     (PP (P of)
				 (NP (NS +tynges)
				     (CP-REL (WNP-2 0)
					     (C +tat)
					     (IP-SUB (NP-SBJ *T*-2)
						     (ADVP-TMP (ADV now))
						     (BEP be+t)
						     (ADJP (ADJ present)))))))))
	  (, ,)
	  (NP-SBJ-RSP (D +tat))
	  (BEP is)
	  (NP-OB1 (N deed))
	  (, .)
	  (CP-CAR (WPP (P Of)
		       (WNP (D +te) (WD whyche) (N deed)))
		  (, ,)
		  (CP-QUE (CP-QUE (WNP-3 (WD wat) (N nature))
				  (IP-SUB (NP-OB1 *T*-3)
					  (BEP is)
					  (NP-SBJ (PRO hit))
					  (CP-CLF (WNP-4 0)
						  (C +tat)
						  (IP-SUB (NP-SBJ *T*-4)
							  (HVP ha+t)
							  (NEG not)
							  (NP-OB1 (N horrour))
							  (PP (ADV+P +trof))))))
			  (, ?)
			  (CONJP (CP-QUE (WNP-5 (WD What) (N herte))
					 (IP-SUB (NP-OB1 *T*-5)
						 (BEP is)
						 (NP-SBJ (PRO hit))
						 (CP-CLF (WNP-6 0)
							 (C +tat)
							 (IP-SUB (NP-SBJ *T*-6)
								 (VBP drede+t)
								 (NP-OB1 (PRO hit))
								 (NEG nou+gt))))))))
	  (. ?))
  (ID CMAELR3,55.926))

/~*
Bote +git, suster, ententyfly auyse +te in +tyn owne herte wat +tyn owne
conscience answer+t to +te in +tis matere; what +ty feyt is bold on, and what
+ty parfyt hope byhoot +te and +ty desyr coueyte+t.
(CMAELR3,55.929)
*~/
/*
34 WNP-1:  34 WNP-1, 36 wat, 33 CP-QUE
69 WNP-2:  69 WNP-2, 71 what, 68 CP-QUE
95 WNP-3:  95 WNP-3, 97 what, 94 CP-QUE
*/

( (IP-IMP (CONJ Bote)
	  (ADVP (ADV +git))
	  (, ,)
	  (NP-VOC (N suster))
	  (, ,)
	  (ADVP (ADV ententyfly))
	  (VBI auyse)
	  (NP-OB1 (PRO +te))
	  (PP (P in)
	      (NP (PRO$ +tyn) (ADJ owne) (N herte)))
	  (CP-QUE (CP-QUE (WNP-1 (WPRO wat))
			  (C 0)
			  (IP-SUB (NP-OB1 *T*-1)
				  (NP-SBJ (PRO$ +tyn) (ADJ owne) (N conscience))
				  (VBP answer+t)
				  (PP (P to)
				      (NP (PRO +te)))
				  (PP (P in)
				      (NP (D +tis) (N matere)))))
		  (, ;)
		  (CONJP (CP-QUE (WNP-2 (WPRO what))
				 (C 0)
				 (IP-SUB (NP-SBJ (PRO$ +ty) (N feyt))
					 (BEP is)
					 (VAN bold)
					 (PP (P on)
					     (NP *T*-2)))))
		  (, ,)
		  (CONJP (CONJ and)
			 (CP-QUE (WNP-3 (WPRO what))
				 (C 0)
				 (IP-SUB (IP-SUB (NP-OB1 *T*-3)
						 (NP-SBJ (PRO$ +ty) (ADJ parfyt) (N hope))
						 (VBP byhoot)
						 (NP-OB2 (PRO +te)))
					 (CONJP (CONJ and)
						(IP-SUB (NP-OB1 *T*-3)
							(NP-SBJ (PRO$ +ty) (N desyr))
							(VBP coueyte+t)))))))
	  (. .))
  (ID CMAELR3,55.929))

/~*
What sorwe schal be +tanne to cursede wrecchen whom now lecherye defoyled,
cursede coueytise al disturbe+t, Luciferes pruyde areyse+t an hei+g.
(CMAELR3,57.972)
*~/
/*
2 WNP-1:  2 WNP-1, 6 sorwe, 1 CP-QUE
*/

( (CP-QUE (WNP-1 (WD What) (N sorwe))
	  (IP-SUB (NP-SBJ *T*-1)
		  (MD schal)
		  (BE be)
		  (ADVP-TMP (ADV +tanne))
		  (PP (P to)
		      (NP (VAN cursede)
			  (NS wrecchen)
			  (CP-REL (WNP-2 (WPRO whom))
				  (C 0)
				  (IP-SUB (IP-SUB (NP-OB1 *T*-2)
						  (ADVP-TMP (ADV now))
						  (NP-SBJ (N lecherye))
						  (VBD defoyled))
					  (, ,)
					  (CONJP (IP-SUB (NP-OB1 *T*-2)
							 (NP-SBJ (VAN cursede) (N coueytise))
							 (ADVP (Q al))
							 (VBP disturbe+t)))
					  (, ,)
					  (CONJP (IP-SUB (NP-OB1 *T*-2)
							 (NP-SBJ (NPR$ Luciferes) (N pruyde))
							 (VBP areyse+t)
							 (PP (P an)
							     (ADJP (ADJ hei+g))))))))))
	  (. .))
  (ID CMAELR3,57.972))

/~*
A, suster, wat stench is $ter +ter,
(CMAELR3,57.977)
*~/
/*
11 WNP-1:  11 WNP-1, 15 stench, 1 CP-QUE
*/

( (CP-QUE (INTJ A)
	  (, ,)
	  (NP-VOC (N suster))
	  (, ,)
	  (WNP-1 (WD wat) (N stench))
	  (IP-SUB (NP-2 *T*-1)
		  (BEP is)
		  (NP-SBJ-2 (EX $ter))
		  (ADVP-LOC (ADV +ter)))
	  (. ,))
  (ID CMAELR3,57.977))

/~*
A, Ihesu, what fayrnesse is in hem,
(CMAELR3,57.992)
*~/
/*
11 WNP-1:  11 WNP-1, 15 fayrnesse, 1 CP-QUE
*/

( (CP-QUE (INTJ A)
	  (, ,)
	  (NP-VOC (NPR Ihesu))
	  (, ,)
	  (WNP-1 (WD what) (N fayrnesse))
	  (IP-SUB (NP-SBJ *T*-1)
		  (BEP is)
		  (PP (P in)
		      (NP (PRO hem))))
	  (. ,))
  (ID CMAELR3,57.992))

/~*
+Ter +tat noon of alle +tyse +tynges be+t, what may +ter be bote parfyt ioye,
parfit mur+te, parfit tranquillite, parfit surtee, most parfit loue and
charite, parfit rychesse, parfit fayrnesse, parfit reste, parfit strencthe,
parfit hele, and parfit si+gt of +te face of God; and in +tyse,
euere-lastyngge, abydyngge and euere-durynge lyf.
(CMAELR3,59.1023)
*~/
/*
30 WNP-2:  30 WNP-2, 34 *ICH*-5, 1 CP-QUE
*/

( (CP-QUE (ADVP (ADV +Ter)
		(CP-REL (WADVP-1 0)
			(C +tat)
			(IP-SUB (ADVP-LOC *T*-1)
				(NP-SBJ (Q noon)
					(PP (P of)
					    (NP (Q alle) (D +tyse) (NS +tynges))))
				(BEP be+t))))
	  (, ,)
	  (WNP-2 (WPRO what)
		 (PP *ICH*-5))
	  (IP-SUB (IP-SUB-3 (NP-4 *T*-2)
			    (MD may)
			    (NP-SBJ-4 (EX +ter))
			    (BE be)
			    (PP-5 (P bote)
				  (NP (NP (ADJ parfyt) (N ioye))
				      (, ,)
				      (CONJP (NP (ADJ parfit) (N mur+te)))
				      (, ,)
				      (CONJP (NP (ADJ parfit) (N tranquillite) (, ,)))
				      (CONJP (NP (ADJ parfit) (N surtee)))
				      (, ,)
				      (CONJP (NP (ADJP (QS most) (ADJ parfit))
						 (N loue)
						 (CONJP (CONJ and)
							(NX (N charite)))))
				      (, ,)
				      (CONJP (NP (ADJ parfit) (N rychesse)))
				      (, ,)
				      (CONJP (NP (ADJ parfit) (N fayrnesse)))
				      (, ,)
				      (CONJP (NP (ADJ parfit) (N reste)))
				      (, ,)
				      (CONJP (NP (ADJ parfit) (N strencthe)))
				      (, ,)
				      (CONJP (NP (ADJ parfit) (N hele)))
				      (, ,)
				      (CONJP (CONJ and)
					     (NP (ADJ parfit)
						 (N si+gt)
						 (PP (P of)
						     (NP (D +te)
							 (N face)
							 (PP (P of)
							     (NP (NPR God))))))))))
		  (, ;)
		  (CONJP (CONJ and)
			 (IP-SUB=3 (PP (P in)
				       (NP (D +tyse)))
				   (, ,)
				   (NP (ADJP (ADV+VAG euere-lastyngge) (, ,) (N abydyngge) (CONJ and) (ADV+VAG euere-durynge))
				       (N lyf)))))
	  (. .))
  (ID CMAELR3,59.1023))

/~*
+Tanne schal be seyn +tilke swete, amyable and desiderable face of God +tat
angeles coueyten to loke in; of whos fayrnasse, of whos cliernesse, of whos
swetnesse hoo may au+gt seyn worthyly?
(CMAELR3,59.1027)
*~/
/*
87 WNP-3:  87 WNP-3, 89 hoo, 86 CP-QUE
*/

( (IP-MAT (ADVP-TMP (ADV +Tanne))
	  (MD schal)
	  (BE be)
	  (VAN seyn)
	  (NP-SBJ (D+ADJ +tilke)
		  (ADJP (ADJ swete) (, ,) (ADJ amyable) (CONJ and) (ADJ desiderable))
		  (N face)
		  (PP (P of)
		      (NP (NPR God)))
		  (CP-REL (WNP-1 0)
			  (C +tat)
			  (IP-SUB (NP-SBJ (NS angeles))
				  (VBP coueyten)
				  (IP-INF (TO to)
					  (VB loke)
					  (PP (P in)
					      (NP *T*-1))))))
	  (, ;)
	  (CP-CAR (WPP-2 (WPP (P of)
			      (WNP (WPRO$ whos) (N fayrnasse)))
			 (, ,)
			 (WPP (P of)
			      (WNP (WPRO$ whos) (N cliernesse)))
			 (, ,)
			 (WPP (P of)
			      (WNP (WPRO$ whos) (ADJR swetnesse))))
		  (CP-QUE (WNP-3 (WPRO hoo))
			  (IP-SUB (NP-SBJ *T*-3)
				  (MD may)
				  (NP-OB1 (Q au+gt)
					  (PP *T*-2))
				  (VB seyn)
				  (ADVP (ADV worthyly)))))
	  (. ?))
  (ID CMAELR3,59.1027))

/~*
And wat is al +tis, forto seyn hit in fiewe wordes?
(CMAELR3,59.1038)
*~/
/*
4 WNP-1:  4 WNP-1, 6 wat, 1 CP-QUE
*/

( (CP-QUE (CONJ And)
	  (WNP-1 (WPRO wat))
	  (IP-SUB (NP-OB1 *T*-1)
		  (BEP is)
		  (NP-SBJ (Q al) (D +tis))
		  (, ,)
		  (IP-INF-ADT (FOR+TO forto)
			      (VB seyn)
			      (NP-OB1 (PRO hit))
			      (PP (P in)
				  (NP (ADJ fiewe) (NS wordes)))))
	  (. ?))
  (ID CMAELR3,59.1038))
/*
FOOTER
  source file, hits/tokens/total
  C:\Users\Shoo\Dropbox\workspace\CorpusSearch_Auto\data\corporas\PPCME2\temp1492106398658\rules_charters_wills_laws_ecclesiastical_laws_and_proceedingstrials\cmaelr3.m23.psd	48/43/1054
*/
/*
HEADER:
source file:  C:\Users\Shoo\Dropbox\workspace\CorpusSearch_Auto\data\corporas\PPCME2\temp1492106398658\rules_charters_wills_laws_ecclesiastical_laws_and_proceedingstrials\cmbenrul.m3.psd
*/

/~*
wat sais he?
(CMBENRUL,2.18)
*~/
/*
2 WNP-1:  2 WNP-1, 4 wat, 1 CP-QUE
*/

( (CP-QUE (WNP-1 (WPRO wat))
	  (IP-SUB (NP-OB1 *T*-1)
		  (VBP sais)
		  (NP-SBJ (PRO he)))
	  (. ?))
  (ID CMBENRUL,2.18))

/~*
we aske +te, lauerd, +turz +te muz of +te profete, Wha in +ti tabernakil sal
wne.
(CMBENRUL,2.41)
*~/
/*
36 WNP-1:  36 WNP-1, 38 Wha, 35 CP-QUE
*/

( (IP-MAT (NP-SBJ (PRO we))
	  (VBP aske)
	  (NP-OB2 (PRO +te))
	  (, ,)
	  (NP-VOC (NPR lauerd))
	  (, ,)
	  (PP (P +turz)
	      (NP (D +te)
		  (N muz)
		  (PP (P of)
		      (NP (D +te) (N profete)))))
	  (, ,)
	  (CP-QUE (WNP-1 (WPRO Wha))
		  (C 0)
		  (IP-SUB (NP-SBJ *T*-1)
			  (PP (P in)
			      (NP (PRO$ +ti) (N tabernakil)))
			  (MD sal)
			  (VB wne)))
	  (. .))
  (ID CMBENRUL,2.41))

/~*
And heris wat ure lauerd sais in +te gospel:
(CMBENRUL,3.62)
*~/
/*
7 WNP-1:  7 WNP-1, 9 wat, 6 CP-QUE
*/

( (IP-IMP (CONJ And)
	  (VBI heris)
	  (CP-QUE (WNP-1 (WPRO wat))
		  (C 0)
		  (IP-SUB (NP-OB1 *T*-1)
			  (NP-SBJ (PRO$ ure) (NPR lauerd))
			  (VBP sais)
			  (PP (P in)
			      (NP (D +te) (NPR gospel)))))
	  (. :))
  (ID CMBENRUL,3.62))

/~*
wen we aske +te, lauerd, wha in +ti tabernakill sall wone, and we here +ti
cumandement, and dos te werkis +tat fallis +tar-to, +tan sall we be ayris in
+ti ioye.
(CMBENRUL,3.72)
*~/
/*
26 WNP-1:  26 WNP-1, 28 wha, 25 CP-QUE
*/

( (IP-MAT (PP (P wen)
	      (CP-ADV (C 0)
		      (IP-SUB (IP-SUB (NP-SBJ (PRO we))
				      (VBP aske)
				      (NP-OB2 (PRO +te))
				      (, ,)
				      (NP-VOC (NPR lauerd))
				      (, ,)
				      (CP-QUE (WNP-1 (WPRO wha))
					      (C 0)
					      (IP-SUB (NP-SBJ *T*-1)
						      (PP (P in)
							  (NP (PRO$ +ti) (N tabernakill)))
						      (MD sall)
						      (VB wone))))
			      (, ,)
			      (CONJP (CONJ and)
				     (IP-SUB (NP-SBJ (PRO we))
					     (VBP here)
					     (NP-OB1 (PRO$ +ti) (N cumandement))))
			      (, ,)
			      (CONJP (CONJ and)
				     (IP-SUB (NP-SBJ *con*)
					     (DOP dos)
					     (NP-OB1 (D te)
						     (NS werkis)
						     (CP-REL (WNP-2 0)
							     (C +tat)
							     (IP-SUB (NP-SBJ *T*-2)
								     (VBP fallis)
								     (PP (ADV+P +tar-to))))))))))
	  (, ,)
	  (ADVP-TMP (ADV +tan))
	  (MD sall)
	  (NP-SBJ (PRO we))
	  (BE be)
	  (NS ayris)
	  (PP (P in)
	      (NP (PRO$ +ti) (N ioye)))
	  (. .))
  (ID CMBENRUL,3.72))

/~*
In +tis sentence mustirs sain benet wat man az at be abot.
(CMBENRUL,5.124)
*~/
/*
18 WNP-1:  18 WNP-1, 22 man, 17 CP-QUE
*/

( (IP-MAT (PP (P In)
	      (NP (D +tis) (N sentence)))
	  (VBP mustirs)
	  (NP-SBJ (NPR sain) (NPR benet))
	  (CP-QUE (WNP-1 (WD wat) (N man))
		  (C 0)
		  (IP-SUB (NP-SBJ *T*-1)
			  (MD az)
			  (TO at)
			  (BE be)
			  (NP-OB1 (N abot))))
	  (. .))
  (ID CMBENRUL,5.124))

/~*
+Te abot ah $for to wite what his name singnefiis and whi he beris +te curun.
(CMBENRUL,5.125)
*~/
/*
17 WNP:  17 WNP, 19 what, 16 CP-QUE
*/

( (IP-MAT (NP-SBJ (D +Te) (N abot))
	  (MD ah)
	  (FOR $for)
	  (TO to)
	  (VB wite)
	  (CP-QUE (CP-QUE (WNP (WPRO what))
			  (C 0)
			  (IP-SUB (NP-SBJ (PRO$ his) (N name))
				  (VBP singnefiis)))
		  (CONJP (CONJ and)
			 (CP-QUE (WADVP-1 (WADV whi))
				 (C 0)
				 (IP-SUB (ADVP *T*-1)
					 (NP-SBJ (PRO he))
					 (VBP beris)
					 (NP-OB1 (D +te) (N curun))))))
	  (. .))
  (ID CMBENRUL,5.125))

/~*
and here what haly boke sais:
(CMBENRUL,7.202)
*~/
/*
7 WNP-1:  7 WNP-1, 9 what, 6 CP-QUE
*/

( (IP-IMP (CONJ and)
	  (VBI here)
	  (CP-QUE (WNP-1 (WPRO what))
		  (C 0)
		  (IP-SUB (NP-OB1 *T*-1)
			  (NP-SBJ (NPR haly) (NPR boke))
			  (VBP sais)))
	  (. :))
  (ID CMBENRUL,7.202))

/~*
Scho sall calle +te cuuent to-gidir and muster +taim +te nede, and loke whilke
sais best resun, and proue +tair wit sua.
(CMBENRUL,7.223)
*~/
/*
41 WNP-2:  41 WNP-2, 43 whilke, 40 CP-QUE
*/

( (IP-MAT (IP-MAT-1 (NP-SBJ (PRO Scho))
		    (MD sall)
		    (VB calle)
		    (NP-OB1 (D +te) (N cuuent))
		    (ADVP (ADV to-gidir)))
	  (CONJP (CONJ and)
		 (IP-MAT=1 (VB muster)
			   (NP-OB2 (PRO +taim))
			   (NP-OB1 (D +te) (N nede))))
	  (, ,)
	  (CONJP (CONJ and)
		 (IP-MAT=1 (VB loke)
			   (CP-QUE (WNP-2 (WPRO whilke))
				   (C 0)
				   (IP-SUB (NP-OB1 *T*-2)
					   (VBP sais)
					   (ADVP (ADVS best))
					   (NP-SBJ (N resun))))))
	  (, ,)
	  (CONJP (CONJ and)
		 (IP-MAT=1 (VB proue)
			   (NP-OB1 (PRO$ +tair) (N wit))
			   (ADVP (ADV sua))))
	  (. .))
  (ID CMBENRUL,7.223))

/~*
and mustirs til his cuuent what +taire god dedes ah at be.
(CMBENRUL,8.246)
*~/
/*
17 WNP-1:  17 WNP-1, 19 what, 16 CP-QUE
*/

( (IP-MAT (CONJ and)
	  (NP-SBJ *con*)
	  (VBP mustirs)
	  (PP (P til)
	      (NP (PRO$ his) (N cuuent)))
	  (CP-QUE (WNP-1 (WPRO what))
		  (C 0)
		  (IP-SUB (NP-OB1 *T*-1)
			  (NP-SBJ (PRO$ +taire) (ADJ god) (NS dedes))
			  (MD ah)
			  (TO at)
			  (BE be)))
	  (. .))
  (ID CMBENRUL,8.246))

/~*
IN +tis sentence spekis sain benet of obedience, what it is at saie.
(CMBENRUL,9.308)
*~/
/*
27 WNP-1:  27 WNP-1, 29 what, 26 CP-QUE
*/

( (IP-MAT (PP (P IN)
	      (NP (D +tis) (N sentence)))
	  (VBP spekis)
	  (NP-SBJ (NPR sain) (NPR benet))
	  (PP (P of)
	      (NP (N obedience)))
	  (, ,)
	  (IP-INF-ADT (CP-QUE (WNP-1 (WPRO what))
			      (C 0)
			      (IP-SUB (NP-OB1 *T*-1)
				      (NP-SBJ (PRO it))
				      (BEP is)))
		      (TO at)
		      (VB saie))
	  (. .))
  (ID CMBENRUL,9.308))

/~*
loke whe+ter +ge wil take to.
(CMBENRUL,10.359)
*~/
/*
5 WNP-1:  5 WNP-1, 7 whe+ter, 4 CP-QUE
*/

( (IP-IMP (VBI loke)
	  (CP-QUE (WNP-1 (WPRO whe+ter))
		  (C 0)
		  (IP-SUB (NP-SBJ (PRO +ge))
			  (MD wil)
			  (VB take)
			  (PP (P to)
			      (NP *T*-1))))
	  (, .))
  (ID CMBENRUL,10.359))

/~*
and +tinkes what +te prophete sais:
(CMBENRUL,14.513)
*~/
/*
9 WNP-1:  9 WNP-1, 11 what, 8 CP-QUE
*/

( (IP-MAT (CONJ and)
	  (NP-SBJ *con*)
	  (VBP +tinkes)
	  (CP-QUE (WNP-1 (WPRO what))
		  (C 0)
		  (IP-SUB (NP-OB1 *T*-1)
			  (NP-SBJ (D +te) (N prophete))
			  (VBP sais)))
	  (. :))
  (ID CMBENRUL,14.513))

/~*
In what labur sam ye be, +toz ye be in +te kirke, Ou+tir in +te garde, Ou+tir
in gate, Ou+tir in felde, ou+tir what labur sam ye do, +tat ye haue yure
heuidis enclind to +ter+te, And +teneke on yure synnys for to mende +taim, And
tat ye be als rad als ye saz +te iugiment of god, And +tinke what +te
puplicane saide, when he laide hym by-hinde +te dore, Als te gospel telles:
(CMBENRUL,15.530)
*~/
/*
214 WNP-3:  214 WNP-3, 216 what, 213 CP-QUE
*/

( (CP-THT (CP-THT (PP (CP-FRL (WPP-1 (P In)
				     (WNP (WD what) (N labur) (ADV sam)))
			      (C 0)
			      (IP-SUB (PP *T*-1)
				      (NP-SBJ (PRO ye))
				      (BEP be)
				      (, ,)
				      (PP (P +toz)
					  (CP-ADV (C 0)
						  (IP-SUB (NP-SBJ (PRO ye))
							  (BEP be)
							  (PP (PP (P in)
								  (NP (D +te) (N kirke)))
							      (, ,)
							      (CONJP (CONJ Ou+tir)
								     (PP (P in)
									 (NP (D +te) (N garde))))
							      (, ,)
							      (CONJP (CONJ Ou+tir)
								     (PP (P in)
									 (NP (N gate))))
							      (, ,)
							      (CONJP (CONJ Ou+tir)
								     (PP (P in)
									 (NP (N felde))))
							      (, ,)
							      (CONJP (CONJ ou+tir)
								     (NP (CP-FRL (WNP-2 (WD what) (N labur) (ADV sam))
										 (C 0)
										 (IP-SUB (NP-OB1 *T*-2)
											 (NP-SBJ (PRO ye))
											 (DOP do))))))))))))
		  (, ,)
		  (C +tat)
		  (IP-SUB (IP-SUB (NP-SBJ (PRO ye))
				  (HVP haue)
				  (IP-SMC (NP-SBJ (PRO$ yure) (NS heuidis))
					  (VAN enclind)
					  (PP (P to)
					      (NP (D+NPR +ter+te)))))
			  (, ,)
			  (CONJP (CONJ And)
				 (IP-SUB (NP-SBJ *con*)
					 (VBP +teneke)
					 (PP (P on)
					     (NP (PRO$ yure) (NS synnys)))
					 (IP-INF-PRP (FOR for)
						     (TO to)
						     (VB mende)
						     (NP-OB1 (PRO +taim)))))))
	  (, ,)
	  (CONJP (CONJ And)
		 (CP-THT (C tat)
			 (IP-SUB (IP-SUB (NP-SBJ (PRO ye))
					 (BEP be)
					 (ADJP (ADVR als)
					       (ADJ rad)
					       (PP (P als)
						   (CP-ADV (C 0)
							   (IP-SUB (NP-SBJ (PRO ye))
								   (VBP saz)
								   (NP-OB1 (D +te)
									   (N iugiment)
									   (PP (P of)
									       (NP (NPR god)))))))))
				 (, ,)
				 (CONJP (CONJ And)
					(IP-SUB (NP-SBJ *con*)
						(VBP +tinke)
						(CP-QUE (WNP-3 (WPRO what))
							(C 0)
							(IP-SUB (NP-OB1 *T*-3)
								(NP-SBJ (D +te) (N puplicane))
								(VBD saide)
								(, ,)
								(PP (P when)
								    (CP-ADV (C 0)
									    (IP-SUB (NP-SBJ (PRO he))
										    (VBD laide)
										    (NP-OB1 (PRO hym))
										    (PP (P by-hinde)
											(NP (D +te) (N dore))))))
								(, ,)
								(PP-PRN (P Als)
									(CP-ADV (WNP-4 0)
										(C 0)
										(IP-SUB (NP-OB1 *T*-4)
											(NP-SBJ (D te) (NPR gospel))
											(VBP telles)))))))))))
	  (. :))
  (ID CMBENRUL,15.530))

/~*
loke what +te prophete sais til oure lauerd in haly writ:
(CMBENRUL,15.533)
*~/
/*
5 WNP-1:  5 WNP-1, 7 what, 4 CP-QUE
*/

( (IP-IMP (VBI loke)
	  (CP-QUE (WNP-1 (WPRO what))
		  (C 0)
		  (IP-SUB (NP-OB1 *T*-1)
			  (NP-SBJ (D +te) (N prophete))
			  (VBP sais)
			  (PP (P til)
			      (NP (PRO$ oure) (NPR lauerd)))
			  (PP (P in)
			      (NP (NPR haly) (NPR writ)))))
	  (. :))
  (ID CMBENRUL,15.533))

/~*
Whilke haly seuin sy+te er +ta +tat sal be ful-fild wid vs o +tis maner, yef
we folih +te vris of god:
(CMBENRUL,17.608)
*~/
/*
2 WNP-1:  2 WNP-1, 10 sy+te, 1 CP-QUE
*/

( (CP-QUE (WNP-1 (WD Whilke) (ADJ haly) (NUM seuin) (NS sy+te))
	  (IP-SUB (NP-OB1 *T*-1)
		  (BEP er)
		  (NP-SBJ (D +ta)
			  (CP-REL (WNP-2 0)
				  (C +tat)
				  (IP-SUB (NP-SBJ *T*-2)
					  (MD sal)
					  (BE be)
					  (VAN ful-fild)
					  (PP (P wid)
					      (NP (PRO vs)))
					  (PP (P o)
					      (NP (D +tis) (N maner)))
					  (, ,)
					  (PP (P yef)
					      (CP-ADV (C 0)
						      (IP-SUB (NP-SBJ (PRO we))
							      (VBP folih)
							      (NP-OB1 (D +te)
								      (NS vris)
								      (PP (P of)
									  (NP (NPR god)))))))))))
	  (. :))
  (ID CMBENRUL,17.608))

/~*
for ye sal vmbe-+tinke yu what resun fallis to +tis vers, when ye it saie:
(CMBENRUL,18.636)
*~/
/*
15 WNP-1:  15 WNP-1, 19 resun, 14 CP-QUE
*/

( (IP-MAT (CONJ for)
	  (NP-SBJ (PRO ye))
	  (MD sal)
	  (VB vmbe-+tinke)
	  (NP-OB1 (PRO yu))
	  (CP-QUE (WNP-1 (WD what) (N resun))
		  (C 0)
		  (IP-SUB (NP-SBJ *T*-1)
			  (VBP fallis)
			  (PP (P to)
			      (NP (D +tis)
				  (N vers)
				  (LATIN *ICH*-2)))))
	  (, ,)
	  (PP (P when)
	      (CP-ADV (C 0)
		      (IP-SUB (NP-SBJ (PRO ye))
			      (NP-OB1 (PRO it))
			      (VBP saie))))
	  (. :))
  (ID CMBENRUL,18.636))

/~*
Ye az at say yure seruise als ye stode by-fore god, wyd als gude deuocyon, And
+tink wat te prophete saide:
(CMBENRUL,19.650)
*~/
/*
57 WNP-2:  57 WNP-2, 59 wat, 56 CP-QUE
*/

( (IP-MAT (IP-MAT-1 (NP-SBJ (PRO Ye))
		    (MD az)
		    (TO at)
		    (VB say)
		    (NP-OB1 (PRO$ yure) (N seruise))
		    (PP (P als)
			(CP-ADV (C 0)
				(IP-SUB (NP-SBJ (PRO ye))
					(VBP stode)
					(PP (P by-fore)
					    (NP (NPR god))))))
		    (, ,)
		    (PP (P wyd)
			(NP (ADJP (ADVR als) (ADJ gude))
			    (N deuocyon))))
	  (, ,)
	  (CONJP (CONJ And)
		 (IP-MAT=1 (VB +tink)
			   (CP-QUE (WNP-2 (WPRO wat))
				   (C 0)
				   (IP-SUB (NP-OB1 *T*-2)
					   (NP-SBJ (D te) (N prophete))
					   (VBD saide)))))
	  (. :))
  (ID CMBENRUL,19.650))

/~*
& for +ti +te barnis +tat ere yunge, +tat vnderstandis noht what paine fallis
til cursing, when +tai misdo, wid fasting ou+tir wid smerte beriing sal +tai
be chastid;
(CMBENRUL,23.794)
*~/
/*
43 WNP-3:  43 WNP-3, 47 paine, 42 CP-QUE
*/

( (IP-MAT (CONJ &)
	  (PP (P for)
	      (NP (D +ti)))
	  (NP-LFD (D +te)
		  (NS barnis)
		  (CP-REL (WNP-1 0)
			  (C +tat)
			  (IP-SUB (NP-SBJ *T*-1)
				  (BEP ere)
				  (ADJP (ADJ yunge))))
		  (, ,)
		  (CP-REL (WNP-2 0)
			  (C +tat)
			  (IP-SUB (NP-SBJ *T*-2)
				  (VBP vnderstandis)
				  (NEG noht)
				  (CP-QUE (WNP-3 (WD what) (N paine))
					  (C 0)
					  (IP-SUB (NP-SBJ *T*-3)
						  (VBP fallis)
						  (PP (P til)
						      (NP (N cursing))))))))
	  (, ,)
	  (PP (P when)
	      (CP-ADV (C 0)
		      (IP-SUB (NP-SBJ (PRO +tai))
			      (VBP misdo))))
	  (, ,)
	  (PP (PP (P wid)
		  (NP (N fasting)))
	      (CONJP (CONJ ou+tir)
		     (PP (P wid)
			 (NP (ADJ smerte) (N beriing)))))
	  (MD sal)
	  (NP-SBJ-RSP (PRO +tai))
	  (BE be)
	  (VAN chastid)
	  (. ;))
  (ID CMBENRUL,23.794))

/~*
Ouir al +ting sal sho gete hir saul & +tincke what ta apostil sais:
(CMBENRUL,24.807)
*~/
/*
30 WNP-2:  30 WNP-2, 32 what, 29 CP-QUE
*/

( (IP-MAT (IP-MAT-1 (PP (P Ouir)
			(NP (Q al) (N +ting)))
		    (MD sal)
		    (NP-SBJ (PRO sho))
		    (VB gete)
		    (NP-OB1 (PRO$ hir) (N saul)))
	  (CONJP (CONJ &)
		 (IP-MAT=1 (VB +tincke)
			   (CP-QUE (WNP-2 (WPRO what))
				   (C 0)
				   (IP-SUB (NP-OB1 *T*-2)
					   (NP-SBJ (D ta) (N apostil))
					   (VBP sais)))))
	  (. :))
  (ID CMBENRUL,24.807))

/~*
And do +tat tabbes cumandis hir;
(CMBENRUL,24.818)
*~/
/*
9 WNP-1:  9 WNP-1, 10 0, 8 CP-QUE
*/

( (IP-MAT (CONJ And)
	  (NP-SBJ *con*)
	  (DOP do)
	  (CP-QUE (WNP-1 0)
		  (C +tat)
		  (IP-SUB (NP-OB1 *T*-1)
			  (NP-SBJ (D+N tabbes))
			  (VBP cumandis)
			  (NP-OB2 (PRO hir))))
	  (. ;))
  (ID CMBENRUL,24.818))

/~*
Sho sal grai+te +te cuuent mete wid-vten greuching and wid-vten duelling, +tat
tay be noht sclaundird; And +tincke what vre lauerd sais in +te gospel of
+taim +tat sclandirs any of his barnis:
(CMBENRUL,24.820)
*~/
/*
57 WNP:  57 WNP, 59 what, 56 CP-QUE
*/

( (IP-MAT (IP-MAT-1 (NP-SBJ (PRO Sho))
		    (MD sal)
		    (VB grai+te)
		    (NP-OB1 (D +te) (N cuuent) (N mete))
		    (PP (PP (P wid-vten)
			    (NP (N greuching)))
			(CONJP (CONJ and)
			       (PP (P wid-vten)
				   (NP (N duelling)))))
		    (, ,)
		    (CP-ADV (C +tat)
			    (IP-SUB (NP-SBJ (PRO tay))
				    (BEP be)
				    (NEG noht)
				    (VAN sclaundird))))
	  (, ;)
	  (CONJP (CONJ And)
		 (IP-MAT=1 (VB +tincke)
			   (CP-QUE (WNP (WPRO what))
				   (C 0)
				   (IP-SUB (NP-SBJ (PRO$ vre) (NPR lauerd))
					   (VBP sais)
					   (PP (P in)
					       (NP (D +te) (NPR gospel)))
					   (PP (P of)
					       (NP (PRO +taim)
						   (CP-REL (WNP-2 0)
							   (C +tat)
							   (IP-SUB (NP-SBJ *T*-2)
								   (VBP sclandirs)
								   (NP-OB1 (Q any)
									   (PP (P of)
									       (NP (PRO$ his) (NS barnis))))))))))))
	  (. :))
  (ID CMBENRUL,24.820))

/~*
Sho sal haue +tam enbreuid, alle +tingis +tat fallis til +te hus, for to wite
what sho recauis and what sho giuis, when sho sal remue +tat ere in officis.
(CMBENRUL,24.829)
*~/
/*
53 WNP-3:  53 WNP-3, 55 what, 52 CP-QUE
70 WNP-4:  70 WNP-4, 72 what, 69 CP-QUE
*/

( (IP-MAT (NP-SBJ (PRO Sho))
	  (MD sal)
	  (HV haue)
	  (IP-SMC (NP-SBJ (PRO +tam)
			  (NP-PRN *ICH*-1))
		  (VAN enbreuid)
		  (, ,)
		  (NP-PRN-1 (Q alle)
			    (NS +tingis)
			    (CP-REL (WNP-2 0)
				    (C +tat)
				    (IP-SUB (NP-SBJ *T*-2)
					    (VBP fallis)
					    (PP (P til)
						(NP (D +te) (N hus)))))))
	  (, ,)
	  (IP-INF-PRP (FOR for)
		      (TO to)
		      (VB wite)
		      (CP-QUE (CP-QUE (WNP-3 (WPRO what))
				      (C 0)
				      (IP-SUB (NP-OB1 *T*-3)
					      (NP-SBJ (PRO sho))
					      (VBP recauis)))
			      (CONJP (CONJ and)
				     (CP-QUE (WNP-4 (WPRO what))
					     (C 0)
					     (IP-SUB (NP-OB1 *T*-4)
						     (NP-SBJ (PRO sho))
						     (VBP giuis))))
			      (, ,)
			      (CP-QUE (WADVP-5 (WADV when))
				      (C 0)
				      (IP-SUB (ADVP-TMP *T*-5)
					      (NP-SBJ (PRO sho))
					      (MD sal)
					      (VB remue)
					      (NP-OB1 (CP-FRL (WNP-6 0)
							      (C +tat)
							      (IP-SUB (NP-SBJ *T*-6)
								      (BEP ere)
								      (PP (P in)
									  (NP (NS officis))))))))))
	  (. .))
  (ID CMBENRUL,24.829))

/~*
sho salle noht loke what man he es and of what kinredin, Bot te sekenes of
ilkain, and do +tam efter +tat tay haue ned.
(CMBENRUL,25.855)
*~/
/*
14 WNP-2:  14 WNP-2, 20 *ICH*-3, 13 CP-QUE
*/

( (IP-MAT (IP-MAT-1 (NP-SBJ (PRO sho))
		    (MD salle)
		    (NEG noht)
		    (VB loke)
		    (CP-QUE (CP-QUE (WNP-2 (WD what)
					   (N man)
					   (CONJP *ICH*-3))
				    (C 0)
				    (IP-SUB (NP-OB1 *T*-2)
					    (NP-SBJ (PRO he))
					    (BEP es)
					    (CONJP-3 (CONJ and)
						     (WPP (P of)
							  (WNP (WD what) (N kinredin))))))
			    (, ,)
			    (CONJP (CONJ Bot)
				   (NP (D te)
				       (N sekenes)
				       (PP (P of)
					   (NP (Q+ONE ilkain)))))))
	  (, ,)
	  (CONJP (CONJ and)
		 (IP-MAT=1 (DO do)
			   (NP-OB1 (PRO +tam))
			   (PP (P efter)
			       (CP-ADV (C +tat)
				       (IP-SUB (NP-SBJ (PRO tay))
					       (HVP haue)
					       (NP-OB1 (N ned)))))))
	  (. .))
  (ID CMBENRUL,25.855))

/~*
and sho sal loke what sho yeldis & what sho recaiuis.
(CMBENRUL,26.875)
*~/
/*
13 WNP-1:  13 WNP-1, 15 what, 12 CP-QUE
30 WNP-2:  30 WNP-2, 32 what, 29 CP-QUE
*/

( (IP-MAT (CONJ and)
	  (NP-SBJ (PRO sho))
	  (MD sal)
	  (VB loke)
	  (CP-QUE (CP-QUE (WNP-1 (WPRO what))
			  (C 0)
			  (IP-SUB (NP-OB1 *T*-1)
				  (NP-SBJ (PRO sho))
				  (VBP yeldis)))
		  (CONJP (CONJ &)
			 (CP-QUE (WNP-2 (WPRO what))
				 (C 0)
				 (IP-SUB (NP-OB1 *T*-2)
					 (NP-SBJ (PRO sho))
					 (VBP recaiuis)))))
	  (. .))
  (ID CMBENRUL,26.875))

/~*
In +tis sentence kennis sain Benet vs what amendement +tai sal do +tat es in
cursing, +tat es don owte of +te kirke for greue faute and owte of +te fraitur.
(CMBENRUL,31.1016)
*~/
/*
21 WNP-1:  21 WNP-1, 25 amendement, 20 CP-QUE
*/

( (IP-MAT (PP (P In)
	      (NP (D +tis) (N sentence)))
	  (VBP kennis)
	  (NP-SBJ (NPR sain) (NPR Benet))
	  (NP-OB2 (PRO vs))
	  (CP-QUE (WNP-1 (WD what) (N amendement))
		  (C 0)
		  (IP-SUB (NP-OB1 *T*-1)
			  (NP-SBJ (PRO +tai)
				  (CP-REL *ICH*-2))
			  (MD sal)
			  (DO do)
			  (CP-REL-2 (WNP-3 0)
				    (C +tat)
				    (IP-SUB (NP-SBJ *T*-3)
					    (BEP es)
					    (PP (P in)
						(NP (N cursing)))
					    (, ,)
					    (IP-MAT-PRN (NP-SBJ (D +tat))
							(BEP es)
							(VP (DAN don)
							    (PP (PP (RP owte)
								    (P of)
								    (NP (D +te) (NPR kirke)))
								(CONJP *ICH*-4))
							    (PP (P for)
								(NP (ADJ greue) (N faute)))
							    (CONJP-4 (CONJ and)
								     (PP (RP owte)
									 (P of)
									 (NP (D +te) (N fraitur))))))))))
	  (. .))
  (ID CMBENRUL,31.1016))

/~*
+Tabbesse sal loke a simpil nunne ou+tir tua for to ga imangis taim atte timis
+tat tay sal saie for to loke +tat nane site vnait, And for to loke wilke
attendis mare til vnait +tan til hir lescun.
(CMBENRUL,33.1077)
*~/
/*
90 WNP-2:  90 WNP-2, 92 wilke, 89 CP-QUE
*/

( (IP-MAT (NP-SBJ (D+N +Tabbesse))
	  (MD sal)
	  (VB loke)
	  (NP-OB1 (NP (D a) (ADJ simpil) (N nunne))
		  (CONJP (CONJ ou+tir)
			 (NP (NUM tua))))
	  (IP-INF-PRP (FOR for)
		      (TO to)
		      (VB ga)
		      (PP (P imangis)
			  (NP (PRO taim)))
		      (PP (P atte)
			  (NP (NS timis)
			      (CP-REL (WADVP-1 0)
				      (C +tat)
				      (IP-SUB (ADVP-TMP *T*-1)
					      (NP-SBJ (PRO tay))
					      (MD sal)
					      (VB saie)))))
		      (IP-INF-PRP (IP-INF-PRP (FOR for)
					      (TO to)
					      (VB loke)
					      (CP-THT (C +tat)
						      (IP-SUB (NP-SBJ (Q nane))
							      (VBP site)
							      (ADVP (ADV vnait)))))
				  (, ,)
				  (CONJP (CONJ And)
					 (IP-INF-PRP (FOR for)
						     (TO to)
						     (VB loke)
						     (CP-QUE (WNP-2 (WPRO wilke))
							     (C 0)
							     (IP-SUB (NP-SBJ *T*-2)
								     (VBP attendis)
								     (NP-MSR (QR mare)
									     (PP *ICH*-3))
								     (PP (P til)
									 (NP (N vnait)))
								     (PP-3 (P +tan)
									   (PP (P til)
									       (NP (PRO$ hir) (N lescun))))))))))
	  (. .))
  (ID CMBENRUL,33.1077))

/~*
bot ilkain salle mustir til +tabbesse what ye wille offir to god, wid yure
azen wil, of vresuns;
(CMBENRUL,34.1098)
*~/
/*
18 WNP-1:  18 WNP-1, 20 what, 17 CP-QUE
*/

( (IP-MAT (CONJ bot)
	  (NP-SBJ (Q+ONE ilkain))
	  (MD salle)
	  (VB mustir)
	  (PP (P til)
	      (NP (D+N +tabbesse)))
	  (CP-QUE (WNP-1 (WPRO what))
		  (C 0)
		  (IP-SUB (NP-OB1 *T*-1)
			  (NP-SBJ (PRO ye))
			  (MD wille)
			  (VB offir)
			  (PP (P to)
			      (NP (NPR god)))
			  (, ,)
			  (PP (P wid)
			      (NP (PRO$ yure) (ADJ azen) (N wil)))
			  (, ,)
			  (PP (P of)
			      (NP (NS vresuns)))))
	  (. ;))
  (ID CMBENRUL,34.1098))

/~*
In alle hir iugement sal sho unbe-+tinke hir what mede sho sal haue at god.
(CMBENRUL,37.1183)
*~/
/*
23 WNP-1:  23 WNP-1, 27 mede, 22 CP-QUE
*/

( (IP-MAT (PP (P In)
	      (NP (Q alle) (PRO$ hir) (N iugement)))
	  (MD sal)
	  (NP-SBJ (PRO sho))
	  (VB unbe-+tinke)
	  (NP-RFL (PRO hir))
	  (CP-QUE (WNP-1 (WD what) (N mede))
		  (C 0)
		  (IP-SUB (NP-OB1 *T*-1)
			  (NP-SBJ (PRO sho))
			  (MD sal)
			  (HV haue)
			  (PP (P at)
			      (NP (NPR god)))))
	  (. .))
  (ID CMBENRUL,37.1183))

/~*
When sho hauis nane gestis, sho sal take wilke of hir sistirs sam sho wille;
bot +tat sho leue in +te fraitur an ordene nunne ou+tir tua +te ordir for to
gete.
(CMBENRUL,37.1190)
*~/
/*
29 WNP-1:  29 WNP-1, 41 sam, 28 CP-QUE
*/

( (IP-MAT (PP (P When)
	      (CP-ADV (C 0)
		      (IP-SUB (NP-SBJ (PRO sho))
			      (HVP hauis)
			      (NP-OB1 (Q nane) (NS gestis)))))
	  (, ,)
	  (NP-SBJ (PRO sho))
	  (MD sal)
	  (VB take)
	  (CP-QUE (WNP-1 (WPRO wilke)
			 (PP (P of)
			     (NP (PRO$ hir) (NS sistirs)))
			 (ADV sam))
		  (C 0)
		  (IP-SUB (NP-OB1 *T*-1)
			  (NP-SBJ (PRO sho))
			  (VBP wille)))
	  (, ;)
	  (PP (P bot)
	      (CP-ADV (C +tat)
		      (IP-SUB (NP-SBJ (PRO sho))
			      (VBP leue)
			      (PP (P in)
				  (NP (D +te) (N fraitur)))
			      (NP-OB1 (NP (D an) (ADJ ordene) (N nunne))
				      (CONJP (CONJ ou+tir)
					     (NP (NUM tua))))
			      (IP-INF-PRP (NP-OB1 (D +te) (N ordir))
					  (FOR for)
					  (TO to)
					  (VB gete)))))
	  (. .))
  (ID CMBENRUL,37.1190))

/~*
Yef any makis any +tinge +tat sal be salde, Loke what it is wrz, +tat ye ne
sette an felun price +tar-on.
(CMBENRUL,37.1197)
*~/
/*
38 WNP:  38 WNP, 40 what, 37 CP-QUE
*/

( (IP-IMP (PP (P Yef)
	      (CP-ADV (C 0)
		      (IP-SUB (NP-SBJ (Q any))
			      (VBP makis)
			      (NP-OB1 (Q any)
				      (N +tinge)
				      (CP-REL (WNP-1 0)
					      (C +tat)
					      (IP-SUB (NP-SBJ *T*-1)
						      (MD sal)
						      (BE be)
						      (VAN salde)))))))
	  (, ,)
	  (VBI Loke)
	  (CP-QUE (WNP (WPRO what))
		  (C 0)
		  (IP-SUB (NP-SBJ (PRO it))
			  (BEP is)
			  (ADJP (ADJ wrz))
			  (, ,)
			  (CP-ADV (C +tat)
				  (IP-SUB (NP-SBJ (PRO ye))
					  (NEG ne)
					  (VBP sette)
					  (NP-OB1 (D an) (ADJ felun) (N price))
					  (PP (ADV+P +tar-on))))))
	  (. .))
  (ID CMBENRUL,37.1197))

/~*
Yef +tar be ani labur at do in +te kirke, Of him sal man ta yeme what he dose,
when he is entird in; And noght for +tat he es preste and +tai haue done him
reuerence, be vnbuxum.
(CMBENRUL,40.1264)
*~/
/*
57 WNP-4:  57 WNP-4, 59 what, 56 CP-QUE
*/

( (IP-MAT (IP-MAT-1 (PP (P Yef)
			(CP-ADV (C 0)
				(IP-SUB (NP-SBJ-2 (EX +tar))
					(BEP be)
					(NP-2 (Q ani)
					      (N labur)
					      (CP-EOP (WNP-3 0)
						      (IP-INF (NP-OB1 *T*-3)
							      (TO at)
							      (DO do)
							      (PP (P in)
								  (NP (D +te) (N kirke)))))))))
		    (, ,)
		    (PP (P Of)
			(NP (PRO him)))
		    (MD sal)
		    (NP-SBJ (MAN man))
		    (VB ta)
		    (NP-OB1 (N yeme))
		    (CP-QUE (WNP-4 (WPRO what))
			    (C 0)
			    (IP-SUB (NP-OB1 *T*-4)
				    (NP-SBJ (PRO he))
				    (DOP dose)))
		    (, ,)
		    (PP (P when)
			(CP-ADV (C 0)
				(IP-SUB (NP-SBJ (PRO he))
					(BEP is)
					(VAN entird)
					(RP in)))))
	  (, ;)
	  (CONJP (CONJ And)
		 (IP-MAT=1 (PP (NEG noght)
			       (P for)
			       (CP-ADV (C +tat)
				       (IP-SUB (IP-SUB (NP-SBJ (PRO he))
						       (BEP es)
						       (NP-OB1 (N preste)))
					       (CONJP (CONJ and)
						      (IP-SUB (NP-SBJ (PRO +tai))
							      (HVP haue)
							      (DON done)
							      (NP-OB2 (PRO him))
							      (NP-OB1 (N reuerence)))))))
			   (, ,)
			   (CODE <P_40>)
			   (BE be)
			   (ADJP (ADJ vnbuxum))))
	  (. .))
  (ID CMBENRUL,40.1264))

/~*
+Te abbes, when sho es ordainde, sho salle vmbe-+tinke hir what charge sho
hase recaiuid, And +tat sho sal yelde resun of alle.
(CMBENRUL,42.1328)
*~/
/*
37 WNP-1:  37 WNP-1, 41 charge, 36 CP-QUE
*/

( (IP-MAT (NP-LFD (D +Te) (N abbes))
	  (, ,)
	  (PP (P when)
	      (CP-ADV (C 0)
		      (IP-SUB (NP-SBJ (PRO sho))
			      (BEP es)
			      (VAN ordainde))))
	  (, ,)
	  (NP-SBJ-RSP (PRO sho))
	  (MD salle)
	  (VB vmbe-+tinke)
	  (NP-OB1 (PRO hir))
	  (CP-QUE (CP-QUE (WNP-1 (WD what) (N charge))
			  (C 0)
			  (IP-SUB (NP-OB1 *T*-1)
				  (NP-SBJ (PRO sho))
				  (HVP hase)
				  (VBN recaiuid)))
		  (, ,)
		  (CONJP (CONJ And)
			 (CP-THT (C +tat)
				 (IP-SUB (NP-SBJ (PRO sho))
					 (MD sal)
					 (VB yelde)
					 (NP-OB1 (N resun))
					 (PP (P of)
					     (NP (Q alle)))))))
	  (. .))
  (ID CMBENRUL,42.1328))

/~*
For +ti hauis sain Benet forlokid +tat tabbes sal chese whilke sam sho wille,
for to halde pese and charite.
(CMBENRUL,43.1350)
*~/
/*
29 WNP-1:  29 WNP-1, 33 sam, 28 CP-QUE
*/

( (IP-MAT (PP (P For)
	      (NP (D +ti)))
	  (HVP hauis)
	  (NP-SBJ (NPR sain) (NPR Benet))
	  (VBN forlokid)
	  (CP-THT (C +tat)
		  (IP-SUB (NP-SBJ (D+N tabbes))
			  (MD sal)
			  (VB chese)
			  (CP-QUE (WNP-1 (WPRO whilke) (ADV sam))
				  (C 0)
				  (IP-SUB (NP-OB1 *T*-1)
					  (NP-SBJ (PRO sho))
					  (VBP wille)))
			  (, ,)
			  (IP-INF-PRP (FOR for)
				      (TO to)
				      (VB halde)
				      (NP-OB1 (N pese) (CONJ and) (N charite)))))
	  (. .))
  (ID CMBENRUL,43.1350))
/*
FOOTER
  source file, hits/tokens/total
  C:\Users\Shoo\Dropbox\workspace\CorpusSearch_Auto\data\corporas\PPCME2\temp1492106398658\rules_charters_wills_laws_ecclesiastical_laws_and_proceedingstrials\cmbenrul.m3.psd	35/33/1454
*/
/*
SUMMARY:  
source files, hits/tokens/total
  C:\Users\Shoo\Dropbox\workspace\CorpusSearch_Auto\data\corporas\PPCME2\temp1492106398658\rules_charters_wills_laws_ecclesiastical_laws_and_proceedingstrials\cmaelr3.m23.psd	48/43/1054
  C:\Users\Shoo\Dropbox\workspace\CorpusSearch_Auto\data\corporas\PPCME2\temp1492106398658\rules_charters_wills_laws_ecclesiastical_laws_and_proceedingstrials\cmbenrul.m3.psd	35/33/1454
whole search, hits/tokens/total
		83/76/2508
*/
