/*
PREFACE:  
Copyright 2010 Beth Randall
Date:  Thu Apr 13 19:01:32 BST 2017

command file:     data\searches\queries\PENN\progressive_forms_added_to_an_appositive_or_parenthetical_constituent.q
output file:      C:\Users\Shoo\Dropbox\workspace\CorpusSearch_Auto\data\output\13-04-2017 18.46.36.333 PPCME2\progressive_forms_added_to_an_appositive_or_parenthetical_constituent\bible_and_apocrypha\result.out

node:   *PRN*|BAG*|HAG*|VAG*|DAG*
query:  (BAG*|HAG*|VAG*|DAG* Dominates  !BAG*|HAG*|VAG*|DAG*) 
  AND  (*PRN* Dominates  BAG*|HAG*|VAG*|DAG*) 
*/
/*
HEADER:
source file:  C:\Users\Shoo\Dropbox\workspace\CorpusSearch_Auto\data\corporas\PPCME2\temp1492106398658\bible_and_apocrypha\cmearlps.m2.psd
*/

/~*
ha +ge folk, where-to loke +ge in-to +te heuens ful of ioies? 17. +Te heuen in
which it is wele likeand to God to wonen in it;
(CMEARLPS,78.3435)
*~/
/*
67 VAG:  67 VAG, 68 likeand, 44 NP-PRN
*/
( (CP-QUE (INTJ ha)
	  (NP-VOC (PRO +ge) (N folk))
	  (, ,)
	  (WPP-1 (WADV+P where-to))
	  (IP-SUB (PP *T*-1)
		  (VBP loke)
		  (NP-SBJ (PRO +ge))
		  (PP (P in-to)
		      (NP (D +te)
			  (NS heuens)
			  (ADJP (ADJ ful)
				(PP (P of)
				    (NP (NS ioies))))
			  (, ?)
			  (NUMP (NUM 17.))
			  (NP-PRN (D +Te)
				  (NPR heuen)
				  (CP-REL (WPP-2 (P in)
						 (WNP (WPRO which)))
					  (C 0)
					  (IP-SUB (NP-SBJ-3 (PRO it))
						  (BEP is)
						  (ADVP (ADV wele))
						  (VAG likeand)
						  (PP (P to)
						      (NP (NPR God)))
						  (IP-INF-3 (TO to)
							    (VB wonen)
							    (PP-RSP-2 (P in)
								      (NP (PRO it))))))))))
	  (. ;))
  (ID CMEARLPS,78.3435))

/~*
And bi-+tou+gt hym +tat hij ben flesshe, gost going and nou+gt turneing o+gain.
(CMEARLPS,96.4179)
*~/
/*
30 VAG:  30 VAG, 31 going, 25 NP-PRN
38 VAG:  38 VAG, 39 turneing, 25 NP-PRN
*/

( (IP-MAT (CONJ And)
	  (NP-SBJ *con*)
	  (VBD bi-+tou+gt)
	  (NP-RFL (PRO hym))
	  (CP-THT (C +tat)
		  (IP-SUB (NP-SBJ (PRO hij))
			  (BEP ben)
			  (NP-OB1 (N flesshe)
				  (, ,)
				  (NP-PRN (N gost)
					  (RRC (RRC (VAG going))
					       (CONJP (CONJ and)
						      (RRC (NEG nou+gt)
							   (VAG turneing)
							   (ADVP (ADV o+gain)))))))))
	  (. .))
  (ID CMEARLPS,96.4179))

/~*
and hij ordeined testament in +te tabernacles of +te Ydumens and of Ysmaelites.
6. Moab & Agareni, Gebal, Amon, & Amalech, cum-linges wy+t +te woniand in Tyre.
(CMEARLPS,102.4473)
*~/
/*
76 VAG:  76 VAG, 77 woniand, 66 NP-PRN
76 VAG:  76 VAG, 77 woniand, 43 NP-PRN
*/

( (IP-MAT (CONJ and)
	  (NP-SBJ (PRO hij))
	  (VBD ordeined)
	  (NP-OB1 (N testament))
	  (PP (P in)
	      (NP (D +te)
		  (NS tabernacles)
		  (PP (PP (P of)
			  (NP (D +te) (NPRS Ydumens)))
		      (CONJP (CONJ and)
			     (PP (P of)
				 (NP (NPRS Ysmaelites)))))))
	  (, .)
	  (NUMP (NUM 6.))
	  (NP-PRN (NPR Moab)
		  (CONJ &)
		  (NPR Agareni)
		  (, ,)
		  (NPR Gebal)
		  (, ,)
		  (NPR Amon)
		  (, ,)
		  (CONJ &)
		  (NPR Amalech)
		  (, ,)
		  (NP-PRN (NS cum-linges)
			  (PP (P wy+t)
			      (NP (D +te)
				  (RRC (VAG woniand)
				       (PP (P in)
					   (NP (NPR Tyre))))))))
	  (. .))
  (ID CMEARLPS,102.4473))

/~*
and +te fole ne shal nou+gt vnderstonde +tes +tynges. 7. Whan syn+gers ben
born as hay multipliand, and alle +tat wirchen wickednisse apered, 8. +Tat hij
dyen in +te world of worldes,
(CMEARLPS,114.4971)
*~/
/*
50 VAG:  50 VAG, 51 multipliand, 27 CP-THT-PRN
*/

( (IP-MAT (CONJ and)
	  (NP-SBJ (D +te) (N fole))
	  (NEG ne)
	  (MD shal)
	  (NEG nou+gt)
	  (VB vnderstonde)
	  (NP-OB1 (D +tes)
		  (NS +tynges)
		  (, .)
		  (NUMP (NUM 7.))
		  (CP-THT-PRN (PP-1 (P Whan)
				    (CP-ADV (C 0)
					    (IP-SUB (IP-SUB (NP-SBJ (NS syn+gers))
							    (BEP ben)
							    (VAN born)
							    (PP (P as)
								(NP (N hay)
								    (RRC (VAG multipliand)))))
						    (, ,)
						    (CONJP (CONJ and)
							   (IP-SUB (NP-SBJ (Q alle)
									   (CP-REL (WNP-2 0)
										   (C +tat)
										   (IP-SUB (NP-SBJ *T*-2)
											   (VBP wirchen)
											   (NP-OB1 (N wickednisse)))))
								   (VBD apered))))))
			      (, ,)
			      (NUMP (NUM 8.))
			      (C +Tat)
			      (IP-SUB (PP *ICH*-1)
				      (NP-SBJ (PRO hij))
				      (VBP dyen)
				      (PP (P in)
					  (NP (D +te)
					      (N world)
					      (PP (P of)
						  (NP (NS worldes))))))))
	  (. ,))
  (ID CMEARLPS,114.4971))

/~*
Ha +tou heuen, our fete wer stondand in +tin halles, whan we do wele. 3. +Te
heuen +tat is edefied as cite, of wham takyng part is in +tat ich +ting.
(CMEARLPS,157.7000)
*~/
/*
89 VAG:  89 VAG, 90 takyng, 51 NP-PRN-1
*/

( (IP-MAT (INTJ Ha)
	  (NP-VOC (PRO +tou)
		  (NPR heuen)
		  (NP-PRN *ICH*-1))
	  (, ,)
	  (NP-SBJ (PRO$ our) (NS fete))
	  (BED wer)
	  (VAG stondand)
	  (PP (P in)
	      (NP (PRO$ +tin) (NS halles)))
	  (, ,)
	  (PP (P whan)
	      (CP-ADV (C 0)
		      (IP-SUB (NP-SBJ (PRO we))
			      (DOP do)
			      (ADV wele))))
	  (, .)
	  (NUMP (NUM 3.))
	  (NP-PRN-1 (D +Te)
		    (NPR heuen)
		    (CP-REL (WNP-2 0)
			    (C +tat)
			    (IP-SUB (NP-SBJ *T*-2)
				    (BEP is)
				    (VAN edefied)
				    (PP (P as)
					(NP (N cite)))))
		    (, ,)
		    (CP-REL (WPP-3 (P of)
				   (WNP (WPRO wham)))
			    (C 0)
			    (IP-SUB (PP *T*-3)
				    (IP-PPL-SBJ (VAG takyng)
						(NP-OB1 (N part)))
				    (BEP is)
				    (PP (P in)
					(NP (D +tat) (ADJ ich) (N +ting))))))
	  (. .))
  (ID CMEARLPS,157.7000))

/~*
Our Lord is ne+ge to alle +te clepand him, +te clepand hym in ri+gtfulnes.
(CMEARLPS,174.7704)
*~/
/*
32 VAG:  32 VAG, 33 clepand, 28 NP-PRN
*/

( (IP-MAT (NP-SBJ (PRO$ Our) (NPR Lord))
	  (BEP is)
	  (ADJP-LOC (ADJ ne+ge)
		    (PP (P to)
			(NP (Q alle)
			    (D +te)
			    (RRC (VAG clepand)
				 (NP-OB1 (PRO him)))
			    (, ,)
			    (NP-PRN (D +te)
				    (RRC (VAG clepand)
					 (NP-OB1 (PRO hym)
						 (PP (P in)
						     (NP (N ri+gtfulnes)))))))))
	  (. .))
  (ID CMEARLPS,174.7704))
/*
FOOTER
  source file, hits/tokens/total
  C:\Users\Shoo\Dropbox\workspace\CorpusSearch_Auto\data\corporas\PPCME2\temp1492106398658\bible_and_apocrypha\cmearlps.m2.psd	7/6/7869
*/
/*
HEADER:
source file:  C:\Users\Shoo\Dropbox\workspace\CorpusSearch_Auto\data\corporas\PPCME2\temp1492106398658\bible_and_apocrypha\cmntest.m3.psd
*/

/~*
And he seide to hem, Treuli, treuli, Y seie to +gou, +ge schulen se heuene
opened, and the aungels of God stiynge vp and comynge doun on mannys sone.
(CMNTEST,1,40J.115)
*~/
/*
81 VAG:  81 VAG, 82 comynge, 78 IP-PPL-PRN-SPE=2
*/

( (IP-MAT (CONJ And)
	  (NP-SBJ (PRO he))
	  (VBD seide)
	  (PP (P to)
	      (NP (PRO hem)))
	  (, ,)
	  (IP-MAT-SPE (ADVP (ADV Treuli))
		      (, ,)
		      (ADVP (ADV treuli))
		      (, ,)
		      (NP-SBJ (PRO Y))
		      (VBP seie)
		      (PP (P to)
			  (NP (PRO +gou)))
		      (, ,)
		      (IP-MAT-SPE (IP-MAT-SPE-1 (NP-SBJ (PRO +ge))
						(MD schulen)
						(VB se)
						(NP-OB1 (NPR heuene))
						(IP-PPL-SPE (VAN opened)))
				  (, ,)
				  (CONJP (CONJ and)
					 (IP-MAT-SPE=1 (NP-OB1 (D the)
							       (NS aungels)
							       (PP (P of)
								   (NP (NPR God))))
						       (IP-PPL-SPE-2 (VAG stiynge)
								     (RP vp)
								     (IP-PPL-PRN-SPE=2 (CONJ and) (VAG comynge) (RP doun))
								     (PP (P on)
									 (NP (N$ mannys) (N sone))))))))
	  (. .))
  (ID CMNTEST,1,40J.115))

/~*
Sche seith to hym, +Ge, Lord, Y haue bileued, that thou art Crist, the sone of
the lyuynge God, that hast come in to this world.
(CMNTEST,11,20J.1094)
*~/
/*
59 VAG:  59 VAG, 60 lyuynge, 48 NP-PRN
*/

( (IP-MAT (NP-SBJ (PRO Sche))
	  (VBP seith)
	  (PP (P to)
	      (NP (PRO hym)))
	  (, ,)
	  (IP-MAT-SPE (INTJ +Ge)
		      (, ,)
		      (NP-VOC (NPR Lord))
		      (, ,)
		      (NP-SBJ (PRO Y))
		      (HVP haue)
		      (VBN bileued)
		      (, ,)
		      (CP-THT-SPE (C that)
				  (IP-SUB-SPE (NP-SBJ (PRO thou))
					      (BEP art)
					      (NP-OB1 (NPR Crist)
						      (, ,)
						      (NP-PRN (D the)
							      (N sone)
							      (PP (P of)
								  (NP (D the) (VAG lyuynge) (NPR God))))
						      (, ,)
						      (CP-REL-SPE (WNP-1 0)
								  (C that)
								  (IP-SUB-SPE (NP-SBJ *T*-1)
									      (HVP hast)
									      (VBN come)
									      (PP (RP in)
										  (P to)
										  (NP (D this) (N world)))))))))
	  (. .))
  (ID CMNTEST,11,20J.1094))
/*
FOOTER
  source file, hits/tokens/total
  C:\Users\Shoo\Dropbox\workspace\CorpusSearch_Auto\data\corporas\PPCME2\temp1492106398658\bible_and_apocrypha\cmntest.m3.psd	2/2/1152
*/
/*
HEADER:
source file:  C:\Users\Shoo\Dropbox\workspace\CorpusSearch_Auto\data\corporas\PPCME2\temp1492106398658\bible_and_apocrypha\cmotest.m3.psd
*/
/*
FOOTER
  source file, hits/tokens/total
  C:\Users\Shoo\Dropbox\workspace\CorpusSearch_Auto\data\corporas\PPCME2\temp1492106398658\bible_and_apocrypha\cmotest.m3.psd	0/0/811
*/
/*
SUMMARY:  
source files, hits/tokens/total
  C:\Users\Shoo\Dropbox\workspace\CorpusSearch_Auto\data\corporas\PPCME2\temp1492106398658\bible_and_apocrypha\cmearlps.m2.psd	7/6/7869
  C:\Users\Shoo\Dropbox\workspace\CorpusSearch_Auto\data\corporas\PPCME2\temp1492106398658\bible_and_apocrypha\cmntest.m3.psd	2/2/1152
  C:\Users\Shoo\Dropbox\workspace\CorpusSearch_Auto\data\corporas\PPCME2\temp1492106398658\bible_and_apocrypha\cmotest.m3.psd	0/0/811
whole search, hits/tokens/total
		9/8/9832
*/
