/*
PREFACE:  
Copyright 2010 Beth Randall
Date:  Thu Apr 13 18:49:28 BST 2017

command file:     data\searches\queries\YCOE\progressive_forms_in_participal_absolutes.q
output file:      C:\Users\Shoo\Dropbox\workspace\CorpusSearch_Auto\data\output\13-04-2017 18.46.36.333 YCOE\progressive_forms_in_participal_absolutes\science_astronomy_geography\result.out

node:   *PTP*ABS*|AXG*|BAG*|HAG*|VAG*
query:  (AXG*|BAG*|HAG*|VAG* Dominates  !AXG*|BAG*|HAG*|VAG*) 
  AND  (*PTP*ABS* Dominates  AXG*|BAG*|HAG*|VAG*) 
*/
/*
HEADER:
source file:  C:\Users\Shoo\Dropbox\workspace\CorpusSearch_Auto\data\corporas\YCOE\temp1492105600559\science_astronomy_geography\cobyrhtf.o3.psd
*/

/~*
We cwe+da+d openlice +ta tod+alednyssa +t+as seofonfealdan get+ales on +t+at
gerad +t+at we magon, Criste miltsigendum, +te ea+d gesundfullice ingan to
+tam +tingum +te we ymbe spreca+d.
(cobyrhtf,ByrM_1_[Baker-Lapidge]:1.2.119.226)
*~/
/*
47 VAG^D:  47 VAG^D, 48 miltsigendum, 43 PTP-DAT-ABS
*/
( (CODE <T22710017200,1.2.119>)
  (IP-MAT (NP-NOM (PRO^N We))
	  (VBPI cwe+da+d)
	  (ADVP (ADV openlice))
	  (NP-ACC (D^A +ta)
		  (N^A tod+alednyssa)
		  (NP-GEN (D^G +t+as) (ADJ^G seofonfealdan) (N^G get+ales)))
	  (PP (P on)
	      (NP-ACC (D^A +t+at)
		      (N^A gerad)
		      (CP-THT (C +t+at)
			      (IP-SUB (NP-NOM (PRO^N we))
				      (MDPI magon)
				      (, ,)
				      (PTP-DAT-ABS (NP-DAT-SBJ (NR^D Criste))
						   (VAG^D miltsigendum))
				      (, ,)
				      (ADVP (D^I +te) (ADVR ea+d))
				      (ADVP (ADV gesundfullice))
				      (RP+VB ingan)
				      (PP (P to)
					  (NP-DAT (D^D +tam)
						  (N^D +tingum)
						  (CP-REL (WNP-1 0)
							  (C +te)
							  (IP-SUB (NP-NOM (PRO^N we))
								  (PP (P ymbe)
								      (NP *T*-1))
								  (VBPI spreca+d)))))))))
	  (. .))
  (ID cobyrhtf,ByrM_1_[Baker-Lapidge]:1.2.119.226))
/*
FOOTER
  source file, hits/tokens/total
  C:\Users\Shoo\Dropbox\workspace\CorpusSearch_Auto\data\corporas\YCOE\temp1492105600559\science_astronomy_geography\cobyrhtf.o3.psd	1/1/813
*/
/*
HEADER:
source file:  C:\Users\Shoo\Dropbox\workspace\CorpusSearch_Auto\data\corporas\YCOE\temp1492105600559\science_astronomy_geography\comarvel.o23.psd
*/
/*
FOOTER
  source file, hits/tokens/total
  C:\Users\Shoo\Dropbox\workspace\CorpusSearch_Auto\data\corporas\YCOE\temp1492105600559\science_astronomy_geography\comarvel.o23.psd	0/0/163
*/
/*
HEADER:
source file:  C:\Users\Shoo\Dropbox\workspace\CorpusSearch_Auto\data\corporas\YCOE\temp1492105600559\science_astronomy_geography\cotempo.o3.psd
*/
/*
FOOTER
  source file, hits/tokens/total
  C:\Users\Shoo\Dropbox\workspace\CorpusSearch_Auto\data\corporas\YCOE\temp1492105600559\science_astronomy_geography\cotempo.o3.psd	0/0/384
*/
/*
SUMMARY:  
source files, hits/tokens/total
  C:\Users\Shoo\Dropbox\workspace\CorpusSearch_Auto\data\corporas\YCOE\temp1492105600559\science_astronomy_geography\cobyrhtf.o3.psd	1/1/813
  C:\Users\Shoo\Dropbox\workspace\CorpusSearch_Auto\data\corporas\YCOE\temp1492105600559\science_astronomy_geography\comarvel.o23.psd	0/0/163
  C:\Users\Shoo\Dropbox\workspace\CorpusSearch_Auto\data\corporas\YCOE\temp1492105600559\science_astronomy_geography\cotempo.o3.psd	0/0/384
whole search, hits/tokens/total
		1/1/1360
*/
