/*
PREFACE:  
Copyright 2010 Beth Randall
Date:  Thu Apr 13 18:53:11 BST 2017

command file:     data\searches\queries\PENN\progressive_forms_added_to_non-verbal_predicates.q
output file:      C:\Users\Shoo\Dropbox\workspace\CorpusSearch_Auto\data\output\13-04-2017 18.46.36.333 PPCEME\progressive_forms_added_to_nonverbal_predicates\bible_and_apocrypha\result.out

node:   *SPR*|BAG*|HAG*|VAG*|DAG*
query:  (BAG*|HAG*|VAG*|DAG* Dominates  !BAG*|HAG*|VAG*|DAG*) 
  AND  (*SPR* Dominates  BAG*|HAG*|VAG*|DAG*) 
*/
/*
HEADER:
source file:  C:\Users\Shoo\Dropbox\workspace\CorpusSearch_Auto\data\corporas\PPCEME\temp1492105854173\bible_and_apocrypha\authnew-e2-h.psd
*/
/*
FOOTER
  source file, hits/tokens/total
  C:\Users\Shoo\Dropbox\workspace\CorpusSearch_Auto\data\corporas\PPCEME\temp1492105854173\bible_and_apocrypha\authnew-e2-h.psd	0/0/1613
*/
/*
HEADER:
source file:  C:\Users\Shoo\Dropbox\workspace\CorpusSearch_Auto\data\corporas\PPCEME\temp1492105854173\bible_and_apocrypha\authnew-e2-p1.psd
*/

/~*
And Ioses, who by the Apostles was surnamed Barnabas which is, being
interpreted, The sonne of consolation a Leuite, and of the Countrey of Cyprus,
37 Hauing land, sold it,
(AUTHNEW-E2-P1,4,20A.1425)
*~/
/*
49 BAG:  49 BAG, 50 being, 30 NP-SPR
*/
( (IP-MAT (CONJ And)
	  (NP-SBJ (NS Ioses)
		  (, ,)
		  (CP-REL (WNP-1 (WPRO who))
			  (C 0)
			  (IP-SUB (NP-SBJ *T*-1)
				  (PP (P by)
				      (NP (D the) (NPRS Apostles)))
				  (BED was)
				  (VAN surnamed)
				  (NP-SPR (NPR Barnabas)
					  (CODE <paren>)
					  (CP-REL (WNP-2 (WPRO which))
						  (C 0)
						  (IP-SUB (NP-SBJ *T*-2)
							  (BEP is)
							  (, ,)
							  (IP-PPL (BAG being) (VAN interpreted))
							  (, ,)
							  (NP-OB1 (D The)
								  (N sonne)
								  (PP (P of)
								      (NP (N consolation)))))))))
		  (CODE <$$paren>)
		  (NP-PRN (NP (D a) (NPR Leuite))
			  (, ,)
			  (CONJP (CONJ and)
				 (PP (P of)
				     (NP (D the)
					 (N Countrey)
					 (PP (P of)
					     (NP (NPR Cyprus))))))))
	  (, ,)
	  (CODE (NUM 37))
	  (IP-PPL (HAG Hauing)
		  (NP-OB1 (N land)))
	  (, ,)
	  (VBD sold)
	  (NP-OB1 (PRO it))
	  (. ,))
  (ID AUTHNEW-E2-P1,4,20A.1425))
/*
FOOTER
  source file, hits/tokens/total
  C:\Users\Shoo\Dropbox\workspace\CorpusSearch_Auto\data\corporas\PPCEME\temp1492105854173\bible_and_apocrypha\authnew-e2-p1.psd	1/1/1558
*/
/*
HEADER:
source file:  C:\Users\Shoo\Dropbox\workspace\CorpusSearch_Auto\data\corporas\PPCEME\temp1492105854173\bible_and_apocrypha\authnew-e2-p2.psd
*/
/*
FOOTER
  source file, hits/tokens/total
  C:\Users\Shoo\Dropbox\workspace\CorpusSearch_Auto\data\corporas\PPCEME\temp1492105854173\bible_and_apocrypha\authnew-e2-p2.psd	0/0/1255
*/
/*
HEADER:
source file:  C:\Users\Shoo\Dropbox\workspace\CorpusSearch_Auto\data\corporas\PPCEME\temp1492105854173\bible_and_apocrypha\authold-e2-h.psd
*/
/*
FOOTER
  source file, hits/tokens/total
  C:\Users\Shoo\Dropbox\workspace\CorpusSearch_Auto\data\corporas\PPCEME\temp1492105854173\bible_and_apocrypha\authold-e2-h.psd	0/0/1234
*/
/*
HEADER:
source file:  C:\Users\Shoo\Dropbox\workspace\CorpusSearch_Auto\data\corporas\PPCEME\temp1492105854173\bible_and_apocrypha\authold-e2-p1.psd
*/
/*
FOOTER
  source file, hits/tokens/total
  C:\Users\Shoo\Dropbox\workspace\CorpusSearch_Auto\data\corporas\PPCEME\temp1492105854173\bible_and_apocrypha\authold-e2-p1.psd	0/0/1385
*/
/*
HEADER:
source file:  C:\Users\Shoo\Dropbox\workspace\CorpusSearch_Auto\data\corporas\PPCEME\temp1492105854173\bible_and_apocrypha\authold-e2-p2.psd
*/
/*
FOOTER
  source file, hits/tokens/total
  C:\Users\Shoo\Dropbox\workspace\CorpusSearch_Auto\data\corporas\PPCEME\temp1492105854173\bible_and_apocrypha\authold-e2-p2.psd	0/0/912
*/
/*
HEADER:
source file:  C:\Users\Shoo\Dropbox\workspace\CorpusSearch_Auto\data\corporas\PPCEME\temp1492105854173\bible_and_apocrypha\tyndnew-e1-h.psd
*/
/*
FOOTER
  source file, hits/tokens/total
  C:\Users\Shoo\Dropbox\workspace\CorpusSearch_Auto\data\corporas\PPCEME\temp1492105854173\bible_and_apocrypha\tyndnew-e1-h.psd	0/0/1078
*/
/*
HEADER:
source file:  C:\Users\Shoo\Dropbox\workspace\CorpusSearch_Auto\data\corporas\PPCEME\temp1492105854173\bible_and_apocrypha\tyndnew-e1-p1.psd
*/
/*
FOOTER
  source file, hits/tokens/total
  C:\Users\Shoo\Dropbox\workspace\CorpusSearch_Auto\data\corporas\PPCEME\temp1492105854173\bible_and_apocrypha\tyndnew-e1-p1.psd	0/0/1102
*/
/*
HEADER:
source file:  C:\Users\Shoo\Dropbox\workspace\CorpusSearch_Auto\data\corporas\PPCEME\temp1492105854173\bible_and_apocrypha\tyndnew-e1-p2.psd
*/
/*
FOOTER
  source file, hits/tokens/total
  C:\Users\Shoo\Dropbox\workspace\CorpusSearch_Auto\data\corporas\PPCEME\temp1492105854173\bible_and_apocrypha\tyndnew-e1-p2.psd	0/0/889
*/
/*
HEADER:
source file:  C:\Users\Shoo\Dropbox\workspace\CorpusSearch_Auto\data\corporas\PPCEME\temp1492105854173\bible_and_apocrypha\tyndold-e1-h.psd
*/
/*
FOOTER
  source file, hits/tokens/total
  C:\Users\Shoo\Dropbox\workspace\CorpusSearch_Auto\data\corporas\PPCEME\temp1492105854173\bible_and_apocrypha\tyndold-e1-h.psd	0/0/811
*/
/*
HEADER:
source file:  C:\Users\Shoo\Dropbox\workspace\CorpusSearch_Auto\data\corporas\PPCEME\temp1492105854173\bible_and_apocrypha\tyndold-e1-p1.psd
*/
/*
FOOTER
  source file, hits/tokens/total
  C:\Users\Shoo\Dropbox\workspace\CorpusSearch_Auto\data\corporas\PPCEME\temp1492105854173\bible_and_apocrypha\tyndold-e1-p1.psd	0/0/1317
*/
/*
HEADER:
source file:  C:\Users\Shoo\Dropbox\workspace\CorpusSearch_Auto\data\corporas\PPCEME\temp1492105854173\bible_and_apocrypha\tyndold-e1-p2.psd
*/

/~*
But vnderstonde this daye that the Lorde thy God which goeth ouer before the a
consumyng fire, he shall destroye them and he shall subdue them before the.
(TYNDOLD-E1-P2,9,1D.670)
*~/
/*
48 VAG:  48 VAG, 49 consumyng, 45 NP-SPR
*/

( (IP-IMP-SPE (CONJ But)
	      (VBI vnderstonde)
	      (NP-TMP (D this) (N daye))
	      (CP-THT-SPE (C that)
			  (IP-SUB-SPE (IP-SUB-SPE (NP-LFD-1 (D the)
							    (NPR Lorde)
							    (NP-PRN (PRO$ thy) (NPR God))
							    (CP-REL-SPE (WNP-2 (WPRO which))
									(C 0)
									(IP-SUB-SPE (NP-SBJ *T*-2)
										    (VBP goeth)
										    (RP ouer)
										    (PP (P before)
											(NP (PRO the)))
										    (NP-SPR (D a) (VAG consumyng) (N fire)))))
						  (, ,)
						  (NP-SBJ-RSP=1 (PRO he))
						  (MD shall)
						  (VB destroye)
						  (NP-OB1 (PRO them)))
				      (CONJP (CONJ and)
					     (IP-SUB-SPE (NP-SBJ (PRO he))
							 (MD shall)
							 (VB subdue)
							 (NP-OB1 (PRO them))
							 (PP (P before)
							     (NP (PRO the)))))))
	      (. .))
  (ID TYNDOLD-E1-P2,9,1D.670))
/*
FOOTER
  source file, hits/tokens/total
  C:\Users\Shoo\Dropbox\workspace\CorpusSearch_Auto\data\corporas\PPCEME\temp1492105854173\bible_and_apocrypha\tyndold-e1-p2.psd	1/1/866
*/
/*
SUMMARY:  
source files, hits/tokens/total
  C:\Users\Shoo\Dropbox\workspace\CorpusSearch_Auto\data\corporas\PPCEME\temp1492105854173\bible_and_apocrypha\authnew-e2-h.psd	0/0/1613
  C:\Users\Shoo\Dropbox\workspace\CorpusSearch_Auto\data\corporas\PPCEME\temp1492105854173\bible_and_apocrypha\authnew-e2-p1.psd	1/1/1558
  C:\Users\Shoo\Dropbox\workspace\CorpusSearch_Auto\data\corporas\PPCEME\temp1492105854173\bible_and_apocrypha\authnew-e2-p2.psd	0/0/1255
  C:\Users\Shoo\Dropbox\workspace\CorpusSearch_Auto\data\corporas\PPCEME\temp1492105854173\bible_and_apocrypha\authold-e2-h.psd	0/0/1234
  C:\Users\Shoo\Dropbox\workspace\CorpusSearch_Auto\data\corporas\PPCEME\temp1492105854173\bible_and_apocrypha\authold-e2-p1.psd	0/0/1385
  C:\Users\Shoo\Dropbox\workspace\CorpusSearch_Auto\data\corporas\PPCEME\temp1492105854173\bible_and_apocrypha\authold-e2-p2.psd	0/0/912
  C:\Users\Shoo\Dropbox\workspace\CorpusSearch_Auto\data\corporas\PPCEME\temp1492105854173\bible_and_apocrypha\tyndnew-e1-h.psd	0/0/1078
  C:\Users\Shoo\Dropbox\workspace\CorpusSearch_Auto\data\corporas\PPCEME\temp1492105854173\bible_and_apocrypha\tyndnew-e1-p1.psd	0/0/1102
  C:\Users\Shoo\Dropbox\workspace\CorpusSearch_Auto\data\corporas\PPCEME\temp1492105854173\bible_and_apocrypha\tyndnew-e1-p2.psd	0/0/889
  C:\Users\Shoo\Dropbox\workspace\CorpusSearch_Auto\data\corporas\PPCEME\temp1492105854173\bible_and_apocrypha\tyndold-e1-h.psd	0/0/811
  C:\Users\Shoo\Dropbox\workspace\CorpusSearch_Auto\data\corporas\PPCEME\temp1492105854173\bible_and_apocrypha\tyndold-e1-p1.psd	0/0/1317
  C:\Users\Shoo\Dropbox\workspace\CorpusSearch_Auto\data\corporas\PPCEME\temp1492105854173\bible_and_apocrypha\tyndold-e1-p2.psd	1/1/866
whole search, hits/tokens/total
		2/2/14020
*/
