/*
PREFACE:  
Copyright 2010 Beth Randall
Date:  Thu Apr 13 18:57:50 BST 2017

command file:     data\searches\queries\PENN\progressive_forms_added_to_non-verbal_predicates.q
output file:      C:\Users\Shoo\Dropbox\workspace\CorpusSearch_Auto\data\output\13-04-2017 18.46.36.333 PPCMBE\progressive_forms_added_to_nonverbal_predicates\rules_charters_wills_laws_ecclesiastical_laws_and_proceedingstrials\result.out

node:   *SPR*|BAG*|HAG*|VAG*|DAG*
query:  (BAG*|HAG*|VAG*|DAG* Dominates  !BAG*|HAG*|VAG*|DAG*) 
  AND  (*SPR* Dominates  BAG*|HAG*|VAG*|DAG*) 
*/
/*
HEADER:
source file:  C:\Users\Shoo\Dropbox\workspace\CorpusSearch_Auto\data\corporas\PPCMBE\temp1492106160469\rules_charters_wills_laws_ecclesiastical_laws_and_proceedingstrials\holmes-trial-1749.psd
*/
/*
FOOTER
  source file, hits/tokens/total
  C:\Users\Shoo\Dropbox\workspace\CorpusSearch_Auto\data\corporas\PPCMBE\temp1492106160469\rules_charters_wills_laws_ecclesiastical_laws_and_proceedingstrials\holmes-trial-1749.psd	0/0/1593
*/
/*
HEADER:
source file:  C:\Users\Shoo\Dropbox\workspace\CorpusSearch_Auto\data\corporas\PPCMBE\temp1492106160469\rules_charters_wills_laws_ecclesiastical_laws_and_proceedingstrials\statutes-171x.psd
*/
/*
FOOTER
  source file, hits/tokens/total
  C:\Users\Shoo\Dropbox\workspace\CorpusSearch_Auto\data\corporas\PPCMBE\temp1492106160469\rules_charters_wills_laws_ecclesiastical_laws_and_proceedingstrials\statutes-171x.psd	0/0/192
*/
/*
HEADER:
source file:  C:\Users\Shoo\Dropbox\workspace\CorpusSearch_Auto\data\corporas\PPCMBE\temp1492106160469\rules_charters_wills_laws_ecclesiastical_laws_and_proceedingstrials\statutes-1745.psd
*/
/*
FOOTER
  source file, hits/tokens/total
  C:\Users\Shoo\Dropbox\workspace\CorpusSearch_Auto\data\corporas\PPCMBE\temp1492106160469\rules_charters_wills_laws_ecclesiastical_laws_and_proceedingstrials\statutes-1745.psd	0/0/225
*/
/*
HEADER:
source file:  C:\Users\Shoo\Dropbox\workspace\CorpusSearch_Auto\data\corporas\PPCMBE\temp1492106160469\rules_charters_wills_laws_ecclesiastical_laws_and_proceedingstrials\statutes-1775.psd
*/
/*
FOOTER
  source file, hits/tokens/total
  C:\Users\Shoo\Dropbox\workspace\CorpusSearch_Auto\data\corporas\PPCMBE\temp1492106160469\rules_charters_wills_laws_ecclesiastical_laws_and_proceedingstrials\statutes-1775.psd	0/0/222
*/
/*
HEADER:
source file:  C:\Users\Shoo\Dropbox\workspace\CorpusSearch_Auto\data\corporas\PPCMBE\temp1492106160469\rules_charters_wills_laws_ecclesiastical_laws_and_proceedingstrials\statutes-1805.psd
*/
/*
FOOTER
  source file, hits/tokens/total
  C:\Users\Shoo\Dropbox\workspace\CorpusSearch_Auto\data\corporas\PPCMBE\temp1492106160469\rules_charters_wills_laws_ecclesiastical_laws_and_proceedingstrials\statutes-1805.psd	0/0/142
*/
/*
HEADER:
source file:  C:\Users\Shoo\Dropbox\workspace\CorpusSearch_Auto\data\corporas\PPCMBE\temp1492106160469\rules_charters_wills_laws_ecclesiastical_laws_and_proceedingstrials\statutes-1835.psd
*/
/*
FOOTER
  source file, hits/tokens/total
  C:\Users\Shoo\Dropbox\workspace\CorpusSearch_Auto\data\corporas\PPCMBE\temp1492106160469\rules_charters_wills_laws_ecclesiastical_laws_and_proceedingstrials\statutes-1835.psd	0/0/171
*/
/*
HEADER:
source file:  C:\Users\Shoo\Dropbox\workspace\CorpusSearch_Auto\data\corporas\PPCMBE\temp1492106160469\rules_charters_wills_laws_ecclesiastical_laws_and_proceedingstrials\statutes-1865.psd
*/
/*
FOOTER
  source file, hits/tokens/total
  C:\Users\Shoo\Dropbox\workspace\CorpusSearch_Auto\data\corporas\PPCMBE\temp1492106160469\rules_charters_wills_laws_ecclesiastical_laws_and_proceedingstrials\statutes-1865.psd	0/0/238
*/
/*
HEADER:
source file:  C:\Users\Shoo\Dropbox\workspace\CorpusSearch_Auto\data\corporas\PPCMBE\temp1492106160469\rules_charters_wills_laws_ecclesiastical_laws_and_proceedingstrials\statutes-1895.psd
*/

/~*
2. The Guardians shall sell such seed subject to the following provisions:
(STATUTES-1895,32,2.32)
*~/
/*
34 VAG:  34 VAG, 35 following, 25 ADJP-SPR
*/
( (IP-MAT (CODE <paren>)
	  (LS (NUM 2))
	  (, .)
	  (CODE <$$paren>)
	  (NP-SBJ (D The) (NS Guardians))
	  (MD shall)
	  (VB sell)
	  (NP-OB1 (SUCH such) (N seed))
	  (ADJP-SPR (ADJ subject)
		    (PP (P to)
			(NP (D the) (VAG following) (NS provisions))))
	  (. :))
  (ID STATUTES-1895,32,2.32))
/*
FOOTER
  source file, hits/tokens/total
  C:\Users\Shoo\Dropbox\workspace\CorpusSearch_Auto\data\corporas\PPCMBE\temp1492106160469\rules_charters_wills_laws_ecclesiastical_laws_and_proceedingstrials\statutes-1895.psd	1/1/342
*/
/*
HEADER:
source file:  C:\Users\Shoo\Dropbox\workspace\CorpusSearch_Auto\data\corporas\PPCMBE\temp1492106160469\rules_charters_wills_laws_ecclesiastical_laws_and_proceedingstrials\townley-1746.psd
*/
/*
FOOTER
  source file, hits/tokens/total
  C:\Users\Shoo\Dropbox\workspace\CorpusSearch_Auto\data\corporas\PPCMBE\temp1492106160469\rules_charters_wills_laws_ecclesiastical_laws_and_proceedingstrials\townley-1746.psd	0/0/625
*/
/*
HEADER:
source file:  C:\Users\Shoo\Dropbox\workspace\CorpusSearch_Auto\data\corporas\PPCMBE\temp1492106160469\rules_charters_wills_laws_ecclesiastical_laws_and_proceedingstrials\watson-1817.psd
*/
/*
FOOTER
  source file, hits/tokens/total
  C:\Users\Shoo\Dropbox\workspace\CorpusSearch_Auto\data\corporas\PPCMBE\temp1492106160469\rules_charters_wills_laws_ecclesiastical_laws_and_proceedingstrials\watson-1817.psd	0/0/2658
*/
/*
SUMMARY:  
source files, hits/tokens/total
  C:\Users\Shoo\Dropbox\workspace\CorpusSearch_Auto\data\corporas\PPCMBE\temp1492106160469\rules_charters_wills_laws_ecclesiastical_laws_and_proceedingstrials\holmes-trial-1749.psd	0/0/1593
  C:\Users\Shoo\Dropbox\workspace\CorpusSearch_Auto\data\corporas\PPCMBE\temp1492106160469\rules_charters_wills_laws_ecclesiastical_laws_and_proceedingstrials\statutes-171x.psd	0/0/192
  C:\Users\Shoo\Dropbox\workspace\CorpusSearch_Auto\data\corporas\PPCMBE\temp1492106160469\rules_charters_wills_laws_ecclesiastical_laws_and_proceedingstrials\statutes-1745.psd	0/0/225
  C:\Users\Shoo\Dropbox\workspace\CorpusSearch_Auto\data\corporas\PPCMBE\temp1492106160469\rules_charters_wills_laws_ecclesiastical_laws_and_proceedingstrials\statutes-1775.psd	0/0/222
  C:\Users\Shoo\Dropbox\workspace\CorpusSearch_Auto\data\corporas\PPCMBE\temp1492106160469\rules_charters_wills_laws_ecclesiastical_laws_and_proceedingstrials\statutes-1805.psd	0/0/142
  C:\Users\Shoo\Dropbox\workspace\CorpusSearch_Auto\data\corporas\PPCMBE\temp1492106160469\rules_charters_wills_laws_ecclesiastical_laws_and_proceedingstrials\statutes-1835.psd	0/0/171
  C:\Users\Shoo\Dropbox\workspace\CorpusSearch_Auto\data\corporas\PPCMBE\temp1492106160469\rules_charters_wills_laws_ecclesiastical_laws_and_proceedingstrials\statutes-1865.psd	0/0/238
  C:\Users\Shoo\Dropbox\workspace\CorpusSearch_Auto\data\corporas\PPCMBE\temp1492106160469\rules_charters_wills_laws_ecclesiastical_laws_and_proceedingstrials\statutes-1895.psd	1/1/342
  C:\Users\Shoo\Dropbox\workspace\CorpusSearch_Auto\data\corporas\PPCMBE\temp1492106160469\rules_charters_wills_laws_ecclesiastical_laws_and_proceedingstrials\townley-1746.psd	0/0/625
  C:\Users\Shoo\Dropbox\workspace\CorpusSearch_Auto\data\corporas\PPCMBE\temp1492106160469\rules_charters_wills_laws_ecclesiastical_laws_and_proceedingstrials\watson-1817.psd	0/0/2658
whole search, hits/tokens/total
		1/1/6408
*/
