/*
PREFACE:  
Copyright 2010 Beth Randall
Date:  Thu Apr 13 18:48:49 BST 2017

command file:     data\searches\queries\YCOE\progressive_forms_in_a_generic_empty_category.q
output file:      C:\Users\Shoo\Dropbox\workspace\CorpusSearch_Auto\data\output\13-04-2017 18.46.36.333 YCOE\progressive_forms_in_a_generic_empty_category\fiction_romances_dramacomedies_and_verse\result.out

node:   PTPX|AXG*|BAG*|HAG*|VAG*
query:  (AXG*|BAG*|HAG*|VAG* Dominates  !AXG*|BAG*|HAG*|VAG*) 
  AND  (PTPX Dominates  AXG*|BAG*|HAG*|VAG*) 
*/
/*
HEADER:
source file:  C:\Users\Shoo\Dropbox\workspace\CorpusSearch_Auto\data\corporas\YCOE\temp1492105600559\fiction_romances_dramacomedies_and_verse\coapollo.o3.psd
*/
/*
FOOTER
  source file, hits/tokens/total
  C:\Users\Shoo\Dropbox\workspace\CorpusSearch_Auto\data\corporas\YCOE\temp1492105600559\fiction_romances_dramacomedies_and_verse\coapollo.o3.psd	0/0/593
*/
/*
SUMMARY:  
source files, hits/tokens/total
  C:\Users\Shoo\Dropbox\workspace\CorpusSearch_Auto\data\corporas\YCOE\temp1492105600559\fiction_romances_dramacomedies_and_verse\coapollo.o3.psd	0/0/593
whole search, hits/tokens/total
		0/0/593
*/
