/*
PREFACE:  
Copyright 2010 Beth Randall
Date:  Thu Apr 13 18:47:00 BST 2017

command file:     data\searches\queries\YCOE\attributive_adjetives.q
output file:      C:\Users\Shoo\Dropbox\workspace\CorpusSearch_Auto\data\output\13-04-2017 18.46.36.333 YCOE\attributive_adjetives\rules_charters_wills_laws_ecclesiastical_laws_and_proceedingstrials\result.out

node:   $ROOT|ADJ|ADJR|ADJS|ADJX
query:  (ADJ|ADJR|ADJS|ADJX Dominates  !ADJ|ADJR|ADJS|ADJX) 
  AND  (ADJ|ADJR|ADJS|ADJX Precedes  N|NR|NX) 
*/
/*
HEADER:
source file:  C:\Users\Shoo\Dropbox\workspace\CorpusSearch_Auto\data\corporas\YCOE\temp1492105600559\rules_charters_wills_laws_ecclesiastical_laws_and_proceedingstrials\cobenrul.o3.psd
*/

/~*
Swa eac Paulus +turh his m+aran bodunge him sylfan nanes lofes ne tilade,
(cobenrul,BenR:4.4.42)
*~/
/*
19 ADJ:  19 ADJ, 20 m+aran, 21 N
*/
( (CODE <T06980001600,4.4>)
  (IP-MAT (ADVP (ADV Swa))
	  (ADVP (ADV eac))
	  (NP-NOM (NR^N Paulus))
	  (PP (P +turh)
	      (NP (PRO$ his) (ADJ m+aran) (N bodunge)))
	  (NP-DAT-RFL-ADT (PRO^D him)
			  (ADJP-DAT (ADJ^D sylfan)))
	  (NP-GEN (NEG+Q^G nanes) (N^G lofes))
	  (NEG ne)
	  (VBD tilade)
	  (. ,))
  (ID cobenrul,BenR:4.4.42))

/~*
be heora ealra earman drohtunge sel is to swigienne, +tonne embe to sprecenne.
(cobenrul,BenR:1.10.1.156)
*~/
/*
13 ADJ:  13 ADJ, 14 earman, 15 N
*/

( (IP-MAT-0 (NP-NOM-x *exp*)
	    (PP (P be)
		(NP (NP-GEN (PRO^G heora) (Q^G ealra))
		    (ADJ earman)
		    (N drohtunge)))
	    (ADJP-NOM-PRD (ADJR^N sel)
			  (PP *ICH*-2))
	    (BEPI is)
	    (IP-INF-x (TO to) (VB^D swigienne))
	    (, ,)
	    (PP-2 (P +tonne)
		  (CP-CMP (WADJP-1 0)
			  (C 0)
			  (IPX-SUB=0 (ADJP-PRD *T*-1)
				     (IP-INF (RPX embe) (TO to) (VB^D sprecenne)))))
	    (. .))
  (ID cobenrul,BenR:1.10.1.156))

/~*
he sceal ge+tencean +t+at hit is awriten: +dam dysegan ne m+ag mon na mid
wordum gestyran, and eft on o+tre stowe: Sleah +tine sunu mid gyrde, +tonne
alyst +tu his saule from dea+de.
(cobenrul,BenR:2.13.19.206)
*~/
/*
60 ADJ:  60 ADJ, 61 o+tre, 62 N
60 ADJ:  60 ADJ, 61 o+tre, 78 N
60 ADJ:  60 ADJ, 61 o+tre, 94 N
*/

( (IP-MAT (NP-NOM (PRO^N he))
	  (MDPI sceal)
	  (VB ge+tencean)
	  (CP-THT (C +t+at)
		  (IP-SUB (IP-SUB-0 (NP-NOM-x (PRO^N hit))
				    (BEPI is)
				    (VBN awriten)
				    (, :)
				    (IP-MAT-SPE-x (NP-DAT (D^D +dam) (ADJ^D dysegan))
						  (NEG ne)
						  (MDPI m+ag)
						  (NP-NOM (MAN^N mon))
						  (ADVP (NEG+ADV na))
						  (PP (P mid)
						      (NP-DAT (N^D wordum)))
						  (VB gestyran)))
			  (, ,)
			  (CONJP (CONJ and)
				 (IPX-SUB-CON=0 (ADVP-TMP (ADV^T eft))
						(PP (P on)
						    (NP (ADJ o+tre) (N stowe)))
						(, :)
						(IP-MAT-SPE (VBI Sleah)
							    (NP-ACC (PRO$^A +tine) (N^A sunu))
							    (PP (P mid)
								(NP (N gyrde))))
						(, ,)
						(IP-MAT-SPE (ADVP-TMP (ADV^T +tonne))
							    (VBPI alyst)
							    (NP-NOM (PRO^N +tu))
							    (NP (PRO$ his) (N saule))
							    (PP (P from)
								(NP-DAT (N^D dea+de))))))))
	  (. .))
  (ID cobenrul,BenR:2.13.19.206))

/~*
Gif hwylc bro+dor oft r+adlice ge+tread for hwylcum gylte bi+d, ne he fur+don
for amansunge gebetan nelle, ne his +teawas gerihtl+acan, hine man +treage mid
teartran steore, +t+at is him sige on swingella wracu.
(cobenrul,BenR:28.52.4.643)
*~/
/*
82 ADJR:  82 ADJR, 83 teartran, 84 N
*/

( (CODE <T06980037000,28.52.4>)
  (IP-MAT (CP-ADV (P Gif)
		  (C 0)
		  (IP-SUB (IP-SUB (NP-NOM (Q^N hwylc) (N^N bro+dor))
				  (ADVP-TMP (ADV^T oft))
				  (ADVP (ADV r+adlice))
				  (VBN ge+tread)
				  (PP (P for)
				      (NP-DAT (Q^D hwylcum) (N^D gylte)))
				  (BEPI bi+d))
			  (, ,)
			  (CONJP (NEG+CONJ ne)
				 (IP-SUB-CON-0 (NP-NOM (PRO^N he))
					       (FP fur+don)
					       (PP (P for)
						   (NP (N amansunge)))
					       (VB gebetan)
					       (NEG+MDP nelle)))
			  (, ,)
			  (CONJP (NEG+CONJ ne)
				 (IPX-SUB-CON=0 (NP-ACC (PRO$ his) (N^A +teawas))
						(VB gerihtl+acan)))))
	  (, ,)
	  (NP-ACC (PRO^A hine))
	  (NP-NOM (MAN^N man))
	  (VBPS +treage)
	  (PP (P mid)
	      (NP (ADJR teartran) (N steore)))
	  (, ,)
	  (IP-MAT-PRN (NP-NOM (D^N +t+at))
		      (BEPI is)
		      (XP (IP-MAT (NP-DAT-1 (PRO^D him))
				  (BEPS sige)
				  (PP (NP-DAT *ICH*-1)
				      (P on))
				  (NP-NOM (NP-GEN (N^G swingella))
					  (N^N wracu)))))
	  (. .))
  (ID cobenrul,BenR:28.52.4.643))

/~*
gif he betan nele, underlicgge he rihtlicre +treale.
(cobenrul,BenR:32.56.11.696)
*~/
/*
23 ADJ:  23 ADJ, 24 rihtlicre, 25 N
*/

( (IP-MAT (CP-ADV (P gif)
		  (C 0)
		  (IP-SUB (NP-NOM (PRO^N he))
			  (VB betan)
			  (NEG+MDP nele)))
	  (, ,)
	  (RP+VBPS underlicgge)
	  (NP-NOM (PRO^N he))
	  (NP (ADJ rihtlicre) (N +treale))
	  (. .))
  (ID cobenrul,BenR:32.56.11.696))

/~*
Ne fur+ton hyra nan ne gedyrstl+ace, +t+at he be +t+are sylfan r+adinge
+t+arinne +anig +ding ahsige, o+d+te be +anigum o+d+trum +tingum, +tel+as +te
+anig incca geseald sy, butan hit +t+at sy, +t+at se ealder hw+at scortlice of
+t+are r+adinge to hyra gastlican getimbrunge gereccan wille.
(cobenrul,BenR:38.62.17.772)
*~/
/*
131 ADJ:  131 ADJ, 132 gastlican, 133 N
*/

( (CODE <T06980043400,38.62.17>)
  (IP-MAT (NEG+CONJ Ne)
	  (FP fur+ton)
	  (NP-NOM (NP-GEN (PRO^G hyra))
		  (NEG+Q^N nan))
	  (NEG ne)
	  (VBPS gedyrstl+ace)
	  (, ,)
	  (CP-THT (C +t+at)
		  (IP-SUB (NP-NOM (PRO^N he))
			  (PP (PP (P be)
				  (NP-DAT (D^D +t+are) (ADJ^D sylfan) (N^D r+adinge)))
			      (CONJP *ICH*-1))
			  (PP (ADV+P +t+arinne))
			  (NP-ACC (Q^A +anig) (N^A +ding))
			  (VBPS ahsige)
			  (, ,)
			  (CONJP-1 (CONJ o+d+te)
				   (PP (P be)
				       (NP-DAT (Q^D +anigum) (ADJ^D o+d+trum) (N^D +tingum))))
			  (, ,)
			  (CP-ADV (P +tel+as)
				  (C +te)
				  (IP-SUB (NP-NOM (Q^N +anig) (N^N incca))
					  (VBN geseald)
					  (BEPS sy)))
			  (, ,)
			  (CP-ADV (P butan)
				  (C 0)
				  (IP-SUB (NP-NOM (PRO^N hit))
					  (NP-NOM-PRD (D^N +t+at)
						      (CP-THT-PRN *ICH*-2))
					  (BEPS sy)
					  (, ,)
					  (CP-THT-PRN-2 (C +t+at)
							(IP-SUB (NP-NOM (D^N se) (N^N ealder))
								(NP-ACC (Q^A hw+at))
								(ADVP (ADV scortlice))
								(PP (P of)
								    (NP-DAT (D^D +t+are) (N^D r+adinge)))
								(PP (P to)
								    (NP (PRO$ hyra) (ADJ gastlican) (N getimbrunge)))
								(VB gereccan)
								(MDP wille)))))))
	  (. .))
  (ID cobenrul,BenR:38.62.17.772))

/~*
Gif hwylc bro+dor w+ag+d and misfeh+d on boduncge sealma, o+d+te r+apsa,
o+d+te antefena, o+d+te r+adincge, butan he +t+arrihte beforan eallum hine
d+adbetende geea+dmede, he sti+dran and teartran steore underfo, eornostlice,
+ta he +ar mid ea+dmodnesse his gylt geh+alan nolde.
(cobenrul,BenR:45.71.5.864)
*~/
/*
84 ADJR:  84 ADJR, 85 sti+dran, 90 N
84 ADJR:  84 ADJR, 85 sti+dran, 117 N
88 ADJR:  88 ADJR, 89 teartran, 90 N
88 ADJR:  88 ADJR, 89 teartran, 117 N
*/

( (CODE <T06980049200,45.71.5>)
  (IP-MAT (CP-ADV (P Gif)
		  (C 0)
		  (IP-SUB (NP-NOM (Q^N hwylc) (N^N bro+dor))
			  (VBPI (VBPI w+ag+d) (CONJ and) (VBPI misfeh+d))
			  (PP (P on)
			      (NP (N boduncge)))
			  (NP-ACC (N^A sealma) (, ,) (CONJ o+d+te) (N^A r+apsa) (, ,) (CONJ o+d+te) (N^A antefena) (, ,) (CONJ o+d+te) (N^A r+adincge))))
	  (, ,)
	  (CP-ADV (P butan)
		  (C 0)
		  (IP-SUB (NP-NOM (PRO^N he))
			  (ADVP-TMP (ADV^T +t+arrihte))
			  (PP (P beforan)
			      (NP-DAT (Q^D eallum)))
			  (PTP-NOM (NP-ACC-RFL (PRO^A hine))
				   (VAG^N d+adbetende))
			  (VBPS geea+dmede)))
	  (, ,)
	  (NP-NOM (PRO^N he))
	  (NP (ADJP (ADJR sti+dran) (CONJ and) (ADJR teartran))
	      (N steore))
	  (RP+VBPS underfo)
	  (, ,)
	  (ADVP (ADV eornostlice))
	  (, ,)
	  (CP-ADV (P +ta)
		  (C 0)
		  (IP-SUB (NP-NOM (PRO^N he))
			  (ADVP-TMP (ADV^T +ar))
			  (PP (P mid)
			      (NP (N ea+dmodnesse)))
			  (NP-ACC (PRO$ his) (N^A gylt))
			  (VB geh+alan)
			  (NEG+MDD nolde)))
	  (. .))
  (ID cobenrul,BenR:45.71.5.864))

/~*
Se bro+dor, se +te giltig ameldod bi+d +tam abbode and his gebro+trum +turh
o+derne man and no +turh hine selfne, he maran and sti+tran steore underfo,
gif he a+dor dyde, o+d+te ofergimde, o+d+te forgeat, o+d+te tobr+ac +anig
+ting on +t+are hyrsumnesse, +te he $on $hyrsumode, a+ter o+d+te on kycenan,
o+t+te on hederne, o+d+te on mynstres b+acerne, o+t+te on wyrtune, o+d+te on
+anigum o+derum cr+afte, +te he mid lichomlicum geswince $on $hyrsumode.
(cobenrul,BenR:46.71.13.867)
*~/
/*
78 ADJR:  78 ADJR, 79 sti+tran, 80 N
78 ADJR:  78 ADJR, 79 sti+tran, 161 N
*/

( (CODE <T06980049500,46.71.13>)
  (IP-MAT (NP-NOM-LFD (D^N Se)
		      (N^N bro+dor)
		      (, ,)
		      (CP-REL (WNP-NOM-1 (D^N se))
			      (C +te)
			      (IP-SUB (NP-NOM-2 *T*-1)
				      (IP-SMC (NP-SBJ *-2)
					      (ADJP-NOM-PRD (ADJ^N giltig)))
				      (VBN ameldod)
				      (BEPI bi+d)
				      (NP-DAT (NP-DAT (D^D +tam) (N^D abbode))
					      (CONJP (CONJ and)
						     (NP-DAT (PRO$ his) (N^D gebro+trum))))
				      (PP (PP (P +turh)
					      (NP-ACC (ADJ^A o+derne) (N^A man)))
					  (CONJP (CONJ and)
						 (PP (NEG+ADV no)
						     (P +turh)
						     (NP-ACC-RFL (PRO^A hine)
								 (ADJP-ACC (ADJ^A selfne)))))))))
	  (, ,)
	  (NP-NOM-RSP (PRO^N he))
	  (NP (ADJP (QR maran) (CONJ and) (ADJR sti+tran))
	      (N steore))
	  (RP+VBPS underfo)
	  (, ,)
	  (CP-ADV (P gif)
		  (C 0)
		  (IP-SUB (NP-NOM (PRO^N he))
			  (VBDI (CONJ a+dor) (VBD dyde) (, ,) (CONJ o+d+te) (RP+VBD ofergimde) (, ,) (CONJ o+d+te) (VBDI forgeat) (, ,) (CONJ o+d+te) (RP+VBDI tobr+ac))
			  (NP-ACC (Q^A +anig) (N^A +ting))
			  (PP (P on)
			      (NP-DAT (D^D +t+are)
				      (N^D hyrsumnesse)
				      (, ,)
				      (CP-REL (WNP-3 0)
					      (C +te)
					      (IP-SUB (NP *T*-3)
						      (NP-NOM (PRO^N he))
						      (RP $on)
						      (VBD $hyrsumode)
						      (CODE <TEXT:onhyrsumode>)))))
			  (, ,)
			  (PP (CONJ a+ter)
			      (CONJ o+d+te)
			      (PP (P on)
				  (NP (N kycenan)))
			      (, ,)
			      (CONJP (CONJ o+t+te)
				     (PP (P on)
					 (NP-DAT (N^D hederne))))
			      (, ,)
			      (CONJP (CONJ o+d+te)
				     (PP (P on)
					 (NP-DAT (NP-GEN (N^G mynstres))
						 (N^D b+acerne))))
			      (, ,)
			      (CONJP (CONJ o+t+te)
				     (PP (P on)
					 (NP-DAT (N^D wyrtune))))
			      (, ,)
			      (CONJP (CONJ o+d+te)
				     (PP (P on)
					 (NP-DAT (Q^D +anigum)
						 (ADJ^D o+derum)
						 (N^D cr+afte)
						 (, ,)
						 (CP-REL (WNP-4 0)
							 (C +te)
							 (IP-SUB (NP *T*-4)
								 (NP-NOM (PRO^N he))
								 (PP (P mid)
								     (NP-DAT (ADJ^D lichomlicum) (N^D geswince)))
								 (RP $on)
								 (VBD $hyrsumode)
								 (CODE <TEXT:onhyrsumode>)))))))))
	  (. .))
  (ID cobenrul,BenR:46.71.13.867))

/~*
gif he hit +tonne ne gebete, beo he +t+are regolican steore under+deod, swa
+teah, +t+at +ta o+dre +ty maran ege habban.
(cobenrul,BenR:48.74.18.901)
*~/
/*
31 ADJ:  31 ADJ, 32 regolican, 33 N
31 ADJ:  31 ADJ, 32 regolican, 61 N
*/

( (IP-MAT (CP-ADV (P gif)
		  (C 0)
		  (IP-SUB (NP-NOM (PRO^N he))
			  (NP-ACC (PRO^A hit))
			  (ADVP-TMP (ADV^T +tonne))
			  (NEG ne)
			  (VBPS gebete)))
	  (, ,)
	  (BEPS beo)
	  (NP-NOM (PRO^N he))
	  (NP (D +t+are) (ADJ regolican) (N steore))
	  (RP+VBN under+deod)
	  (, ,)
	  (ADVP (ADV swa) (ADV +teah))
	  (, ,)
	  (CP-ADV (C +t+at)
		  (IP-SUB (NP-NOM (D^N +ta) (ADJ^N o+dre))
			  (NP (QP (D^I +ty) (QR maran))
			      (N ege))
			  (HVPS habban)))
	  (. .))
  (ID cobenrul,BenR:48.74.18.901))

/~*
Se +te o+derlicor gedyrstl+ace, underhnige +t+are regulican +treale.
(cobenrul,BenR:54.87.19.982)
*~/
/*
27 ADJ:  27 ADJ, 28 regulican, 29 N
*/

( (CODE <T06980055800,54.87.19>)
  (IP-MAT (NP-NOM (D^N Se)
		  (CP-REL (WNP-NOM-1 0)
			  (C +te)
			  (IP-SUB (NP-NOM *T*-1)
				  (ADVP (ADVR o+derlicor))
				  (VBPS gedyrstl+ace))))
	  (, ,)
	  (RP+VBPS underhnige)
	  (NP (D +t+are) (ADJ regulican) (N +treale))
	  (. .))
  (ID cobenrul,BenR:54.87.19.982))

/~*
h+abban hy eac mid to wyrcenne scapulare, +t+at is gehw+ade cugelan and
slyflease;
(cobenrul,BenR:55.89.9.990)
*~/
/*
36 ADJ:  36 ADJ, 37 gehw+ade, 40 N
*/

( (IP-MAT (HVPS h+abban)
	  (NP-NOM (PRO^N hy))
	  (ADVP (ADV eac))
	  (NP (CP-EOP (WNP-2 0)
		      (IP-INF-NCO (PP (NP *T*-2)
				      (P mid))
				  (TO to)
				  (VB^D wyrcenne)))
	      (N scapulare)
	      (, ,)
	      (IP-MAT-PRN (NP-NOM (D^N +t+at))
			  (BEPI is)
			  (XP (ADJP (ADJ gehw+ade)
				    (CONJP *ICH*-1))
			      (N cugelan)
			      (CONJP-1 (CONJ and) (ADJ slyflease)))))
	  (. ;))
  (ID cobenrul,BenR:55.89.9.990))

/~*
Gif hi hwa h+abbe, o+d+te on his bedde funden sy, +t+at he from his abbode ne
onfeng and +turh his sylen ne n+afde, underlicge se +t+are hefigestan and
+t+are sti+testan +treale.
(cobenrul,BenR:55.91.18.1008)
*~/
/*
95 ADJS:  95 ADJS, 96 hefigestan, 105 N
103 ADJS:  103 ADJS, 104 sti+testan, 105 N
*/

( (CODE <T06980057200,55.91.18>)
  (IP-MAT (CP-ADV (P Gif)
		  (C 0)
		  (IP-SUB (IP-SUB (NP-ACC (PRO^A hi))
				  (NP-NOM (Q^N hwa))
				  (HVPS h+abbe))
			  (, ,)
			  (CONJP (CONJ o+d+te)
				 (IP-SUB-CON (PP (P on)
						 (NP-DAT (PRO$ his) (N^D bedde)))
					     (VBN funden)
					     (BEPS sy)
					     (, ,)
					     (CP-FRL-SBJ (WNP-ACC-1 (D^A +t+at))
							 (C 0)
							 (IP-SUB (IP-SUB (NP-ACC *T*-1)
									 (NP-NOM (PRO^N he))
									 (PP (P from)
									     (NP-DAT (PRO$ his) (N^D abbode)))
									 (NEG ne)
									 (RP+VBDI onfeng))
								 (CONJP (CONJ and)
									(IP-SUB-CON (NP-ACC *T*-1)
										    (NP-NOM *con*)
										    (PP (P +turh)
											(NP-ACC (PRO$ his) (N^A sylen)))
										    (NEG ne)
										    (NEG+HVD n+afde)))))))))
	  (, ,)
	  (RP+VBPS underlicge)
	  (NP-NOM (D^N se))
	  (NP (NP (D +t+are) (ADJS hefigestan))
	      (CONJP (CONJ and)
		     (NP (D +t+are) (ADJS sti+testan) (N +treale))))
	  (. .))
  (ID cobenrul,BenR:55.91.18.1008))

/~*
Gif he +t+anne swa aredad bi+d on +t+are cumli+dnesse, +t+at he ne sy wyr+de
+t+are scyrunge, +teah he na ne bidde, hine mon georne weme, +t+at he wununge
healde, to+ti +t+at o+dre +turh his godan bysenunge gel+arede syn and
gebeterade, for+ty +te on +alcere stowe is anum Drihtne, +t+am heofonlican
cyninge, ge+teowad and gehyrsumod.
(cobenrul,BenR:61.109.20.1108)
*~/
/*
114 ADJ:  114 ADJ, 115 godan, 116 N
*/

( (CODE <T06980062800,61.109.20>)
  (IP-MAT (CP-ADV (P Gif)
		  (C 0)
		  (IP-SUB (NP-NOM (PRO^N he))
			  (ADVP-TMP (ADV^T +t+anne))
			  (ADVP (ADV swa))
			  (VBN aredad)
			  (BEPI bi+d)
			  (PP (P on)
			      (NP-DAT (D^D +t+are) (N^D cumli+dnesse)))
			  (, ,)
			  (CP-ADV (C +t+at)
				  (IP-SUB (NP-NOM (PRO^N he))
					  (NEG ne)
					  (BEPS sy)
					  (ADJP-NOM-PRD (ADJ^N wyr+de)
							(NP-GEN (D^G +t+are) (N^G scyrunge)))))))
	  (, ,)
	  (CP-ADV (P +teah)
		  (C 0)
		  (IP-SUB (NP-NOM (PRO^N he))
			  (ADVP (NEG+ADV na))
			  (NEG ne)
			  (VBPS bidde)))
	  (, ,)
	  (NP-ACC (PRO^A hine))
	  (NP-NOM (MAN^N mon))
	  (ADVP (ADV georne))
	  (VBPS weme)
	  (, ,)
	  (CP-THT (C +t+at)
		  (IP-SUB (NP-NOM (PRO^N he))
			  (NP (N wununge))
			  (VBPS healde)
			  (, ,)
			  (CP-ADV (P to+ti)
				  (C +t+at)
				  (IP-SUB (NP-NOM (ADJ^N o+dre))
					  (PP (P +turh)
					      (NP (PRO$ his) (ADJ godan) (N bysenunge)))
					  (VBN^N (VBN^N gel+arede)
						 (CONJP *ICH*-1))
					  (BEPS syn)
					  (CONJP-1 (CONJ and) (VBN^N gebeterade))
					  (, ,)
					  (CP-ADV (P for+ty)
						  (C +te)
						  (IP-SUB (NP-NOM *exp*)
							  (PP (P on)
							      (NP-DAT (Q^D +alcere) (N^D stowe)))
							  (BEPI is)
							  (NP-DAT (NUM^D anum)
								  (NR^D Drihtne)
								  (, ,)
								  (NP-DAT-PRN (D^D +t+am) (ADJ^D heofonlican) (N^D cyninge)))
							  (, ,)
							  (VBN (VBN ge+teowad) (CONJ and) (VBN gehyrsumod))))))))
	  (. .))
  (ID cobenrul,BenR:61.109.20.1108))

/~*
Gif hwylc hyra +turh gedyrstignesse on maran ylde bet+ac+t and +treale gebyt,
butan +t+as abbodes h+ase, $he underlicge rihtlicre steore.
(cobenrul,BenR:70.130.4.1250)
*~/
/*
63 ADJ:  63 ADJ, 64 rihtlicre, 65 N
*/

( (CODE <T06980071400,70.130.4>)
  (IP-MAT (CP-ADV (P Gif)
		  (C 0)
		  (IP-SUB-0 (NP-NOM (Q^N hwylc)
				    (NP-GEN (PRO^G hyra)))
			    (PP (P +turh)
				(NP (N gedyrstignesse)))
			    (PP (P on)
				(NP (QR maran) (N ylde)))
			    (VBPI bet+ac+t)
			    (IPX-SUB=0 (CONJ and)
				       (NP (N +treale))
				       (VBPI gebyt))
			    (, ,)
			    (PP (P butan)
				(NP (NP-GEN (D^G +t+as) (N^G abbodes))
				    (N h+ase)))))
	  (, ,)
	  (NP-NOM (D^N $he))
	  (CODE <TEXT:+te;he_from_mss.OF>)
	  (RP+VBPS underlicge)
	  (NP (ADJ rihtlicre) (N steore))
	  (. .))
  (ID cobenrul,BenR:70.130.4.1250))
/*
FOOTER
  source file, hits/tokens/total
  C:\Users\Shoo\Dropbox\workspace\CorpusSearch_Auto\data\corporas\YCOE\temp1492105600559\rules_charters_wills_laws_ecclesiastical_laws_and_proceedingstrials\cobenrul.o3.psd	16/14/1288
*/
/*
HEADER:
source file:  C:\Users\Shoo\Dropbox\workspace\CorpusSearch_Auto\data\corporas\YCOE\temp1492105600559\rules_charters_wills_laws_ecclesiastical_laws_and_proceedingstrials\cocanedgD.psd
*/
/*
FOOTER
  source file, hits/tokens/total
  C:\Users\Shoo\Dropbox\workspace\CorpusSearch_Auto\data\corporas\YCOE\temp1492105600559\rules_charters_wills_laws_ecclesiastical_laws_and_proceedingstrials\cocanedgD.psd	0/0/79
*/
/*
HEADER:
source file:  C:\Users\Shoo\Dropbox\workspace\CorpusSearch_Auto\data\corporas\YCOE\temp1492105600559\rules_charters_wills_laws_ecclesiastical_laws_and_proceedingstrials\cocanedgX.psd
*/
/*
FOOTER
  source file, hits/tokens/total
  C:\Users\Shoo\Dropbox\workspace\CorpusSearch_Auto\data\corporas\YCOE\temp1492105600559\rules_charters_wills_laws_ecclesiastical_laws_and_proceedingstrials\cocanedgX.psd	0/0/105
*/
/*
HEADER:
source file:  C:\Users\Shoo\Dropbox\workspace\CorpusSearch_Auto\data\corporas\YCOE\temp1492105600559\rules_charters_wills_laws_ecclesiastical_laws_and_proceedingstrials\cochdrul.psd
*/

/~*
Gif +t+ara +treo hundred & eahtatyne f+adra +te w+aron gesamnode on +tam
sino+de +te we Nicena nemna+d, & o+dra haligra f+adera gesetednyssa w+aron
ungewemmedlice gehealdene, & gif +ag+der ge biscopas ge preostas +after heora
rihtan gesettednesse lifedon, +tonne w+are hit oferflowennis us litlingum
awiht niwes to trahtnienne o+d+de to secgenne ofer swa m+arlice geendebyrd
+ting.
(cochdrul,ChrodR_1:0.1.2)
*~/
/*
113 ADJ:  113 ADJ, 114 rihtan, 115 N
*/

( (CODE <T07030000100,0.1>)
  (IP-MAT (CP-ADV (CP-ADV (P Gif)
			  (C 0)
			  (IP-SUB (NP-NOM (NP-GEN (NP-GEN (D^G +t+ara)
							  (NUMP (NUM +treo) (NUM hundred) (CONJ &) (NUM eahtatyne))
							  (N^G f+adra)
							  (CP-REL (WNP-NOM-1 0)
								  (C +te)
								  (IP-SUB (NP-NOM *T*-1)
									  (BEDI w+aron)
									  (VBN^N gesamnode)
									  (PP (P on)
									      (NP-DAT (D^D +tam)
										      (N^D sino+de)
										      (CP-REL (WNP-2 0)
											      (C +te)
											      (IP-SUB (NP-NOM (PRO^N we))
												      (IP-SMC (NP-SBJ *T*-2)
													      (NP-PRD (NR Nicena)))
												      (VBPI nemna+d))))))))
						  (, ,)
						  (CONJP (CONJ &)
							 (NP-GEN (ADJ^G o+dra) (ADJ^G haligra) (N^G f+adera))))
					  (N^N gesetednyssa))
				  (BEDI w+aron)
				  (ADVP (ADV ungewemmedlice))
				  (VBN^N gehealdene)))
		  (, ,)
		  (CONJP (CONJ &)
			 (CP-ADV (P gif)
				 (C 0)
				 (IP-SUB (NP-NOM (CONJ +ag+der) (CONJ ge) (N^N biscopas) (CONJ ge) (N^N preostas))
					 (PP (P +after)
					     (NP (PRO$ heora) (ADJ rihtan) (N gesettednesse)))
					 (VBDI lifedon)))))
	  (, ,)
	  (ADVP-TMP (ADV^T +tonne))
	  (BEDS w+are)
	  (NP-NOM-x (PRO^N hit))
	  (NP-NOM-PRD (N^N oferflowennis))
	  (NP-DAT (PRO^D us)
		  (NP-DAT-PRN (N^D litlingum)))
	  (IP-INF-x (IP-INF (NP-ACC (Q^A awiht)
				    (ADJP-GEN (ADJ^G niwes)))
			    (TO to)
			    (VB^D trahtnienne))
		    (CONJP (CONJ o+d+de)
			   (IP-INF (TO to)
				   (VB^D secgenne)
				   (PP (P ofer)
				       (NP-ACC (PTP-ACC (ADVP (ADV swa) (ADV m+arlice))
							(VBN^A geendebyrd))
					       (N^A +ting))))))
	  (. .))
  (ID cochdrul,ChrodR_1:0.1.2))

/~*
Hit is gewuna on manegum preosthiredum +t+at mid miclum ungesceade & ungefade
sume +ta preostas +te woroldwelan habba+d, & lytle o+d+de nane nytwyr+dnysse
do+d on mynstre, scolon maran & creaslicran fodan habban on mynstre +tonne +ta
+te ealne +tone godcundan +teowdom for+d do+d,
(cochdrul,ChrodR_1:5.1.147)
*~/
/*
95 ADJR:  95 ADJR, 96 creaslicran, 97 N
*/

( (CODE <T07030012600,5.1>)
  (IP-MAT (NP-NOM-x (PRO^N Hit))
	  (BEPI is)
	  (ADJP-NOM-PRD (ADJ^N gewuna))
	  (PP (P on)
	      (NP-DAT (Q^D manegum) (N^D preosthiredum)))
	  (CP-THT-x (C +t+at)
		    (IP-SUB-0 (PP (P mid)
				  (NP-DAT (Q^D miclum)
					  (N^D ungesceade)
					  (CONJP (CONJ &)
						 (NX-DAT (N^D ungefade)))))
			      (NP-NOM (Q^N sume)
				      (D^N +ta)
				      (N^N preostas)
				      (CP-REL (WNP-NOM-1 0)
					      (C +te)
					      (IP-SUB (IP-SUB (NP-NOM *T*-1)
							      (NP (N woroldwelan))
							      (HVPI habba+d))
						      (, ,)
						      (CONJP (CONJ &)
							     (IP-SUB-CON (NP-NOM *T*-1)
									 (NP-ACC (QP-ACC (Q^A lytle) (CONJ o+d+de) (NEG+Q^A nane))
										 (N^A nytwyr+dnysse))
									 (VBPI do+d)
									 (PP (P on)
									     (NP-DAT (N^D mynstre))))))))
			      (, ,)
			      (MDPI scolon)
			      (NP (ADJP (QR maran) (CONJ &) (ADJR creaslicran))
				  (N fodan)
				  (PP *ICH*-2))
			      (HV habban)
			      (PP (P on)
				  (NP-DAT (N^D mynstre)))
			      (PP-2 (P +tonne)
				    (CP-CMP (WNP-3 0)
					    (C 0)
					    (IPX-SUB=0 (NP *T*-3)
						       (NP-NOM (D^N +ta)
							       (CP-REL (WNP-NOM-4 0)
								       (C +te)
								       (IP-SUB (NP-NOM *T*-4)
									       (NP-ACC (Q^A ealne) (D^A +tone) (ADJ^A godcundan) (N^A +teowdom))
									       (RP for+d)
									       (VBPI do+d)))))))))
	  (. ,))
  (ID cochdrul,ChrodR_1:5.1.147))

/~*
Ge+tencean +ta ealderas hu frecedlice an +t+are ealdan +a Heli se sacerd
geferde +turh +t+at +t+at he nolde steoran & gerihtan his gymeleasan suna.
(cochdrul,ChrodR_1:8.16.196)
*~/
/*
65 ADJ:  65 ADJ, 66 gymeleasan, 67 N
*/

( (CODE <T07030015800,8.16>)
  (IP-MAT (VBPS Ge+tencean)
	  (NP-NOM (D^N +ta) (N^N ealderas))
	  (CP-QUE (WADVP-1 (WADV hu) (ADV frecedlice))
		  (C 0)
		  (IP-SUB (ADVP *T*-1)
			  (PP (P an)
			      (NP-DAT (D^D +t+are) (ADJ^D ealdan) (N^D +a)))
			  (NP-NOM (NR^N Heli)
				  (NP-NOM-PRN (D^N se) (N^N sacerd)))
			  (VBD geferde)
			  (CP-ADV (P +turh)
				  (D^A +t+at)
				  (C +t+at)
				  (IP-SUB (NP-NOM (PRO^N he))
					  (NEG+MDD nolde)
					  (VB (VB steoran) (CONJ &) (VB gerihtan))
					  (NP (PRO$ his) (ADJ gymeleasan) (N suna))))))
	  (. .))
  (ID cochdrul,ChrodR_1:8.16.196))

/~*
& Dauid cw+a+d, Middre nihte ic aras +t+at ic wolde herian +te, Drihten, for
+tam domon +tyre rihtwysnysse.
(cochdrul,ChrodR_1:14.3.274)
*~/
/*
15 ADJ:  15 ADJ, 16 Middre, 17 N
*/

( (CODE <T07030020600,14.3>)
  (IP-MAT (NP-NOM (CONJ &) (NR^N Dauid))
	  (VBDI cw+a+d)
	  (, ,)
	  (IP-MAT-SPE (NP-TMP (ADJ Middre) (N nihte))
		      (NP-NOM (PRO^N ic))
		      (VBDI aras)
		      (CP-ADV-SPE (C +t+at)
				  (IP-SUB-SPE (NP-NOM (PRO^N ic))
					      (MDD wolde)
					      (VB herian)
					      (NP (PRO +te))
					      (, ,)
					      (NP-NOM-VOC (NR^N Drihten))
					      (, ,)
					      (PP (P for)
						  (NP-DAT (D^D +tam)
							  (N^D domon)
							  (NP-GEN (PRO$^G +tyre) (N^G rihtwysnysse)))))))
	  (. .))
  (ID cochdrul,ChrodR_1:14.3.274))

/~*
witodlice +t+are sylfan tide is gelyfed eallum se hopa +t+as toweardan
+arystes, +tonne +ta rihtwysan swylce of sl+apes sw+afcunge arisa+d & sy+d+dan
a on ecnysse wacia+d on myrh+de.
(cochdrul,ChrodR_1:15.7.303)
*~/
/*
8 ADJ:  8 ADJ, 9 sylfan, 10 N
8 ADJ:  8 ADJ, 9 sylfan, 55 N
8 ADJ:  8 ADJ, 9 sylfan, 75 N
8 ADJ:  8 ADJ, 9 sylfan, 83 N
*/

( (IP-MAT (ADVP (ADV witodlice))
	  (NP-TMP (D +t+are) (ADJ sylfan) (N tide))
	  (BEPI is)
	  (VBN gelyfed)
	  (NP-DAT (Q^D eallum))
	  (NP-NOM (D^N se)
		  (N^N hopa)
		  (NP-GEN (D^G +t+as) (ADJ^G toweardan) (N^G +arystes)))
	  (, ,)
	  (CP-ADV (P +tonne)
		  (C 0)
		  (IP-SUB (IP-SUB (NP-NOM (D^N +ta) (ADJ^N rihtwysan))
				  (ADVP (ADV swylce))
				  (PP (P of)
				      (NP (NP-GEN (N^G sl+apes))
					  (N sw+afcunge)))
				  (VBPI arisa+d))
			  (CONJP (CONJ &)
				 (IP-SUB-CON (NP-NOM *con*)
					     (ADVP-TMP (ADV^T sy+d+dan))
					     (ADVP-TMP (ADV^T a))
					     (PP (P on)
						 (NP (N ecnysse)))
					     (VBPI wacia+d)
					     (PP (P on)
						 (NP (N myrh+de)))))))
	  (. .))
  (ID cochdrul,ChrodR_1:15.7.303))

/~*
& an o+dre stowe hit cwy+d, Se +te behyt his leahtras, ne bi+d he gerihtwysad;
(cochdrul,ChrodR_1:29.7.444)
*~/
/*
10 ADJ:  10 ADJ, 11 o+dre, 12 N
*/

( (CODE <T07030031300,29.7>)
  (IP-MAT (CONJ &)
	  (PP (P an)
	      (NP (ADJ o+dre) (N stowe)))
	  (NP-NOM (PRO^N hit))
	  (VBPI cwy+d)
	  (, ,)
	  (IP-MAT-SPE (NP-NOM-LFD (D^N Se)
				  (CP-REL-SPE (WNP-NOM-1 0)
					      (C +te)
					      (IP-SUB-SPE (NP-NOM *T*-1)
							  (VBPI behyt)
							  (NP-ACC (PRO$ his) (N^A leahtras)))))
		      (, ,)
		      (NEG ne)
		      (BEPI bi+d)
		      (NP-NOM-RSP (PRO^N he))
		      (VBN gerihtwysad))
	  (. ;))
  (ID cochdrul,ChrodR_1:29.7.444))

/~*
& +ta +ting +te hi bro+dron don sceolon, don hi mid lufe gedafenlicum tidum
butan gewande, +t+at hi +at Drihtene $+turh hyra getrywan hrysumnysse godne
wur+dmynt begytan.
(cochdrul,ChrodR_1:44.12.590)
*~/
/*
74 ADJ:  74 ADJ, 75 getrywan, 76 N
*/

( (CODE <T07030041800,44.12>)
  (IP-MAT (CONJ &)
	  (NP-ACC (D^A +ta)
		  (N^A +ting)
		  (CP-REL (WNP-1 0)
			  (C +te)
			  (IP-SUB (NP *T*-1)
				  (NP-NOM (PRO^N hi))
				  (NP-DAT (N^D bro+dron))
				  (VB don)
				  (MDPI sceolon))))
	  (, ,)
	  (VBPS don)
	  (NP-NOM (PRO^N hi))
	  (PP (P mid)
	      (NP (N lufe)))
	  (NP-DAT-TMP (ADJ^D gedafenlicum) (N^D tidum))
	  (PP (P butan)
	      (NP-DAT (N^D gewande)))
	  (, ,)
	  (CP-ADV (C +t+at)
		  (IP-SUB (NP-NOM (PRO^N hi))
			  (PP (P +at)
			      (NP-DAT (NR^D Drihtene)))
			  (PP (P $+turh)
			      (NP (PRO$ hyra) (ADJ getrywan) (N hrysumnysse)))
			  (NP-ACC (ADJ^A godne) (N^A wur+dmynt))
			  (VBPS begytan)))
	  (. .))
  (ID cochdrul,ChrodR_1:44.12.590))

/~*
& ealswa hi on lareowdome forest+appa+d o+dre, swa don hi eac mid gebisnunge
unscea+d+tiges lifes +t+at, ealswa se apostol cw+a+d, hi beon to bysne o+drum,
ge an wordlare, ge an drohtnunge, ge an so+dre lufe, ge an geleaffulnysse, ge
an cl+annysse, ge an eallum godum weorcum.
(cochdrul,ChrodR_1:45.10.597)
*~/
/*
29 ADJ:  29 ADJ, 30 o+dre, 48 N
29 ADJ:  29 ADJ, 30 o+dre, 90 N
29 ADJ:  29 ADJ, 30 o+dre, 104 N
29 ADJ:  29 ADJ, 30 o+dre, 115 N
29 ADJ:  29 ADJ, 30 o+dre, 139 N
29 ADJ:  29 ADJ, 30 o+dre, 150 N
*/

( (CODE <T07030042400,45.10>)
  (IP-MAT (CONJ &)
	  (PP (P ealswa)
	      (CP-CMP (WADVP-1 0)
		      (C 0)
		      (IP-SUB (ADVP *T*-1)
			      (NP-NOM (PRO^N hi))
			      (PP (P on)
				  (NP-DAT (N^D lareowdome)))
			      (RP+VBPI forest+appa+d)
			      (NP (ADJ o+dre)))))
	  (, ,)
	  (ADVP (ADV swa))
	  (VBPS don)
	  (NP-NOM (PRO^N hi))
	  (ADVP (ADV eac))
	  (PP (P mid)
	      (NP (N gebisnunge)
		  (NP-GEN (ADJ^G unscea+d+tiges) (N^G lifes))))
	  (NP-ACC (D^A +t+at))
	  (, ,)
	  (PP (P ealswa)
	      (CP-CMP (WADVP-2 0)
		      (C 0)
		      (IP-SUB (ADVP *T*-2)
			      (NP-NOM (D^N se) (N^N apostol))
			      (VBDI cw+a+d)
			      (, ,)
			      (IP-MAT-SPE (NP-NOM (PRO^N hi))
					  (BEPS beon)
					  (PP (P to)
					      (NP (N bysne)))
					  (NP-DAT (ADJ^D o+drum))
					  (, ,)
					  (PP (CONJ ge)
					      (PP (P an)
						  (NP (N wordlare)))
					      (, ,)
					      (CONJP (CONJ ge)
						     (PP (P an)
							 (NP (N drohtnunge))))
					      (, ,)
					      (CONJP (CONJ ge)
						     (PP (P an)
							 (NP-DAT (ADJ^D so+dre) (N^D lufe))))
					      (, ,)
					      (CONJP (CONJ ge)
						     (PP (P an)
							 (NP (N geleaffulnysse))))
					      (, ,)
					      (CONJP (CONJ ge)
						     (PP (P an)
							 (NP (N cl+annysse))))
					      (, ,)
					      (CONJP (CONJ ge)
						     (PP (P an)
							 (NP-DAT (Q^D eallum) (ADJ^D godum) (N^D weorcum)))))))))
	  (. .))
  (ID cochdrul,ChrodR_1:45.10.597))

/~*
Hyt is to gymene miclum worce +tam sangerum, +t+at hi mid leahtrum ne awl+aton
hira godcundan gyfe, ac ma hig geglengan mid ea+dmodnysse & mid cl+annysse &
mid syfernysse & mid haligra m+agna fr+atwunge, +t+at se dream +t+as folces
mod +te hine gehyr+d, anbryrde to gemynde & to lufe +t+ara heofenlicra myrh+da,
na +t+at mid hludnysse +t+ara worda, ac ma mid wynsumnysse +t+ara dreama.
(cochdrul,ChrodR_1:48.1.622)
*~/
/*
49 ADJ:  49 ADJ, 50 godcundan, 51 N
49 ADJ:  49 ADJ, 50 godcundan, 74 N
49 ADJ:  49 ADJ, 50 godcundan, 83 N
49 ADJ:  49 ADJ, 50 godcundan, 92 N
49 ADJ:  49 ADJ, 50 godcundan, 106 N
49 ADJ:  49 ADJ, 50 godcundan, 151 N
49 ADJ:  49 ADJ, 50 godcundan, 160 N
49 ADJ:  49 ADJ, 50 godcundan, 180 N
49 ADJ:  49 ADJ, 50 godcundan, 198 N
*/

( (CODE <T07030044100,48.1>)
  (IP-MAT (NP-NOM-x-1 (PRO^N Hyt))
	  (BEPI is)
	  (IP-INF (NP-x *-1)
		  (TO to)
		  (VB^D gymene)
		  (NP-DAT-ADT (Q^D miclum) (N^D worce)))
	  (NP-DAT (D^D +tam) (N^D sangerum))
	  (, ,)
	  (CP-THT-x (C +t+at)
		    (IP-SUB (IP-SUB (NP-NOM (PRO^N hi))
				    (PP (P mid)
					(NP-DAT (N^D leahtrum)))
				    (NEG ne)
				    (VBPS awl+aton)
				    (NP (PRO$ hira) (ADJ godcundan) (N gyfe)))
			    (, ,)
			    (CONJP (CONJ ac)
				   (IP-SUB-CON (NP-NOM *con*)
					       (QP-ADT (QR ma))
					       (NP-ACC (PRO^A hig))
					       (VBPS geglengan)
					       (PP (PP (P mid)
						       (NP (N ea+dmodnysse)))
						   (CONJP (CONJ &)
							  (PP (P mid)
							      (NP (N cl+annysse))))
						   (CONJP (CONJ &)
							  (PP (P mid)
							      (NP (N syfernysse))))
						   (CONJP (CONJ &)
							  (PP (P mid)
							      (NP (NP-GEN (ADJ^G haligra) (N^G m+agna))
								  (N fr+atwunge)))))
					       (, ,)
					       (CP-ADV (C +t+at)
						       (IP-SUB (NP-NOM (D^N se) (N^N dream))
							       (NP-ACC (NP-GEN (D^G +t+as)
									       (N^G folces)
									       (CP-REL *ICH*-2))
								       (N^A mod)
								       (CP-REL-2 (WNP-NOM-3 0)
										 (C +te)
										 (IP-SUB (NP-NOM *T*-3)
											 (NP-ACC (PRO^A hine))
											 (VBPI gehyr+d))))
							       (, ,)
							       (VBPS anbryrde)
							       (PP (PP (P to)
								       (NP (N gemynde)))
								   (CONJP (CONJ &)
									  (PP (P to)
									      (NP (N lufe))))
								   (NP-GEN (D^G +t+ara) (ADJ^G heofenlicra) (N^G myrh+da)))
							       (, ,)
							       (PP (NEG+ADV na)
								   (D +t+at)
								   (PP (P mid)
								       (NP (N hludnysse)
									   (NP-GEN (D^G +t+ara) (N^G worda))))
								   (, ,)
								   (CONJP (CONJ ac)
									  (QR ma)
									  (PP (P mid)
									      (NP (N wynsumnysse)
										  (NP-GEN (D^G +t+ara) (N^G dreama))))))))))))
	  (. .))
  (ID cochdrul,ChrodR_1:48.1.622))

/~*
For +tam +teah hit an o+drum +tenungum gewuna sy +t+at ma hludre stefne bruce,
an +tam sealmsange ma +afre sceal +ta hludan stefne forbugan.
(cochdrul,ChrodR_1:48.23.630)
*~/
/*
40 ADJ:  40 ADJ, 41 hludre, 42 N
*/

( (CODE <T07030044800,48.23>)
  (IP-MAT (PP (P For)
	      (NP-DAT (D^D +tam)))
	  (CP-ADV (P +teah)
		  (C 0)
		  (IP-SUB (NP-NOM-x (PRO^N hit))
			  (PP (P an)
			      (NP-DAT (ADJ^D o+drum) (N^D +tenungum)))
			  (ADJP-NOM-PRD (ADJ^N gewuna))
			  (BEPS sy)
			  (CP-THT-x (C +t+at)
				    (IP-SUB (NP-NOM (MAN^N ma))
					    (NP (ADJ hludre) (N stefne))
					    (VBPS bruce)))))
	  (, ,)
	  (PP (P an)
	      (NP-DAT (D^D +tam) (N^D sealmsange)))
	  (NP-NOM (MAN^N ma))
	  (ADVP-TMP (ADV^T +afre))
	  (MDPI sceal)
	  (NP-ACC (D^A +ta) (ADJ^A hludan) (N^A stefne))
	  (VB forbugan)
	  (. .))
  (ID cochdrul,ChrodR_1:48.23.630))

/~*
& wilnion hi swi+dor an +t+are r+adinge & an +tam sange +t+as folces
getydnysse +tonne heora ydelan herunge.
(cochdrul,ChrodR_1:49.1.635)
*~/
/*
50 ADJ:  50 ADJ, 51 ydelan, 52 N
*/

( (IP-MAT (CONJ &)
	  (VBPS wilnion)
	  (NP-NOM (PRO^N hi))
	  (ADVP (ADVR swi+dor)
		(PP *ICH*-1))
	  (PP (PP (P an)
		  (NP-DAT (D^D +t+are) (N^D r+adinge)))
	      (CONJP (CONJ &)
		     (PP (P an)
			 (NP-DAT (D^D +tam) (N^D sange)))))
	  (NP (NP-GEN (D^G +t+as) (N^G folces))
	      (N getydnysse))
	  (PP-1 (P +tonne)
		(CPX-CMP (IPX-SUB (NP (PRO$ heora) (ADJ ydelan) (N herunge)))))
	  (. .))
  (ID cochdrul,ChrodR_1:49.1.635))

/~*
Gif hig +tonne gyt eallunga ungerihte & ungecyrrede beon, +te l+as heora gylta
attru to manige +turhsmugon, hit is neod +t+at hi ma ascirie of +t+are
geferr+adene eallswa co+dige sceap,
(cochdrul,ChrodR_1:50.61.659)
*~/
/*
93 ADJ:  93 ADJ, 94 co+dige, 95 N
*/

( (CODE <T07030046900,50.61>)
  (IP-MAT (CP-ADV (P Gif)
		  (C 0)
		  (IP-SUB (NP-NOM (PRO^N hig))
			  (ADVP-TMP (ADV^T +tonne))
			  (ADVP-TMP (ADV^T gyt))
			  (ADVP (ADV eallunga))
			  (ADJP-NOM-PRD (ADJ^N ungerihte) (CONJ &) (ADJ^N ungecyrrede))
			  (BEPS beon)))
	  (, ,)
	  (CP-ADV (D^I +te)
		  (P l+as)
		  (C 0)
		  (IP-SUB (NP-NOM (NP-GEN (PRO$ heora) (N^G gylta))
				  (N^N attru))
			  (NP-ACC (QP-ACC (ADV to) (Q^A manige)))
			  (RP+VBPS +turhsmugon)))
	  (, ,)
	  (NP-NOM-x (PRO^N hit))
	  (BEPI is)
	  (NP-NOM-PRD (N^N neod))
	  (CP-THT-x (C +t+at)
		    (IP-SUB (NP-ACC (PRO^A hi))
			    (NP-NOM (MAN^N ma))
			    (VBPS ascirie)
			    (PP (P of)
				(NP-DAT (D^D +t+are) (N^D geferr+adene)))
			    (PP (P eallswa)
				(CPX-CMP (IPX-SUB (NP (ADJ co+dige) (N sceap)))))))
	  (. ,))
  (ID cochdrul,ChrodR_1:50.61.659))

/~*
For +tig gerist preostum +t+at hig hyron +t+are halgan ealdorlicnysse, &
+awf+astlice +atywen ea+dmodnysse an heortan & an mode & an d+ade & an
gegyrlan & an f+arelde & an rihtwisnysse, & +t+at hig gyrnon swi+dor to
scinenne an haligre drohtnunge & an +a+delum +teawum +tonne an reafes
fr+atwunge.
(cochdrul,ChrodR_1:52.17.689)
*~/
/*
31 ADJ:  31 ADJ, 32 halgan, 33 N
31 ADJ:  31 ADJ, 32 halgan, 49 N
31 ADJ:  31 ADJ, 32 halgan, 56 N
31 ADJ:  31 ADJ, 32 halgan, 74 N
31 ADJ:  31 ADJ, 32 halgan, 83 N
31 ADJ:  31 ADJ, 32 halgan, 101 N
31 ADJ:  31 ADJ, 32 halgan, 159 N
*/

( (CODE <T07030049200,52.17>)
  (IP-MAT (NP-NOM-x *exp*)
	  (PP (P For)
	      (NP-DAT (D^I +tig)))
	  (VBPI gerist)
	  (NP-DAT (N^D preostum))
	  (CP-THT-x (CP-THT (C +t+at)
			    (IP-SUB (IP-SUB (NP-NOM (PRO^N hig))
					    (VBPS hyron)
					    (NP (D +t+are) (ADJ halgan) (N ealdorlicnysse)))
				    (, ,)
				    (CONJP (CONJ &)
					   (IP-SUB-CON (NP-NOM *con*)
						       (ADVP (ADV +awf+astlice))
						       (VBPS +atywen)
						       (NP (N ea+dmodnysse))
						       (PP (PP (P an)
							       (NP (N heortan)))
							   (CONJP (CONJ &)
								  (PP (P an)
								      (NP-DAT (N^D mode))))
							   (CONJP (CONJ &)
								  (PP (P an)
								      (NP (N d+ade))))
							   (CONJP (CONJ &)
								  (PP (P an)
								      (NP (N gegyrlan))))
							   (CONJP (CONJ &)
								  (PP (P an)
								      (NP-DAT (N^D f+arelde))))
							   (CONJP (CONJ &)
								  (PP (P an)
								      (NP (N rihtwisnysse)))))))))
		    (, ,)
		    (CONJP (CONJ &)
			   (CP-THT (C +t+at)
				   (IP-SUB (NP-NOM (PRO^N hig))
					   (VBPS gyrnon)
					   (ADVP (ADVR swi+dor)
						 (PP *ICH*-1))
					   (IP-INF (TO to)
						   (VB^D scinenne)
						   (PP (PP (P an)
							   (NP-DAT (ADJ^D haligre) (N^D drohtnunge)))
						       (CONJP (CONJ &)
							      (PP (P an)
								  (NP-DAT (ADJ^D +a+delum) (N^D +teawum))))))
					   (PP-1 (P +tonne)
						 (CPX-CMP (IPX-SUB (PP (P an)
								       (NP (NP-GEN (N^G reafes))
									   (N fr+atwunge))))))))))
	  (. .))
  (ID cochdrul,ChrodR_1:52.17.689))

/~*
& hi sceolon gemunan +t+at neorxnawoncges bigencga, Adam, wear+d of his
gecyndan are +turh Euan his wif ut adr+afed.
(cochdrul,ChrodR_1:54.24.732)
*~/
/*
36 ADJ:  36 ADJ, 37 gecyndan, 38 N
*/

( (IP-MAT (CONJ &)
	  (NP-NOM (PRO^N hi))
	  (MDPI sceolon)
	  (VB gemunan)
	  (CP-THT (C +t+at)
		  (IP-SUB (NP-NOM (NP-GEN (N^G neorxnawoncges))
				  (N^N bigencga)
				  (, ,)
				  (NP-NOM-PRN (NR^N Adam)))
			  (, ,)
			  (BEDI wear+d)
			  (PP (P of)
			      (NP (PRO$ his) (ADJ gecyndan) (N are)))
			  (PP (P +turh)
			      (NP-ACC (NR^A Euan)
				      (NP-ACC-PRN (PRO$ his) (N^A wif))))
			  (RP ut)
			  (VBN adr+afed)))
	  (. .))
  (ID cochdrul,ChrodR_1:54.24.732))

/~*
Preost +te bi+d cypa & of +tam arist of w+adlan to rican men, & of unwur+dum
men to wur+dfullum, se bi+d to forfleonne swilce unco+du o+d+de cwyld.
(cochdrul,ChrodR_1:56.19.754)
*~/
/*
43 ADJ:  43 ADJ, 44 w+adlan, 95 N
43 ADJ:  43 ADJ, 44 w+adlan, 99 N
49 ADJ:  49 ADJ, 50 rican, 95 N
49 ADJ:  49 ADJ, 50 rican, 99 N
*/

( (CODE <T07030053900,56.19>)
  (IP-MAT (NP-NOM-LFD (N^N Preost)
		      (CP-REL (CP-REL (WNP-NOM-1 0)
				      (C +te)
				      (IP-SUB (NP-NOM *T*-1)
					      (BEPI bi+d)
					      (NP-NOM-PRD (N^N cypa))))
			      (CONJP (CONJ &)
				     (CP-REL (WPP-2 (P of)
						    (NP-DAT (D^D +tam)))
					     (C 0)
					     (IP-SUB (IP-SUB-0 (PP *T*-2)
							       (VBPI arist)
							       (PP (P of)
								   (NP (ADJ w+adlan)))
							       (PP (P to)
								   (NP (ADJ rican)))
							       (NP-NOM (N^N men)))
						     (, ,)
						     (CONJP (CONJ &)
							    (IPX-SUB-CON=0 (PP (P of)
									       (NP-DAT (ADJ^D unwur+dum)))
									   (NP-NOM (N^N men))
									   (PP (P to)
									       (NP-DAT (ADJ^D wur+dfullum))))))))))
	  (, ,)
	  (NP-NOM-RSP-3 (D^N se))
	  (BEPI bi+d)
	  (IP-INF (NP *-3)
		  (TO to)
		  (VB^D forfleonne)
		  (PP (P swilce)
		      (CPX-CMP (IPX-SUB (NP (N unco+du) (CONJ o+d+de) (N cwyld))))))
	  (. .))
  (ID cochdrul,ChrodR_1:56.19.754))

/~*
& an o+dre stowe hit cwy+d, Druncen wyrhta ne wyr+d he na welig.
(cochdrul,ChrodR_1:60.6.795)
*~/
/*
10 ADJ:  10 ADJ, 11 o+dre, 12 N
*/

( (CODE <T07030057100,60.6>)
  (IP-MAT (CONJ &)
	  (PP (P an)
	      (NP (ADJ o+dre) (N stowe)))
	  (NP-NOM (PRO^N hit))
	  (VBPI cwy+d)
	  (, ,)
	  (IP-MAT-SPE (NP-NOM-LFD (ADJ^N Druncen) (N^N wyrhta))
		      (NEG ne)
		      (BEPI wyr+d)
		      (NP-NOM-RSP (PRO^N he))
		      (ADVP (NEG+ADV na))
		      (ADJP-NOM-PRD (ADJ^N welig)))
	  (. .))
  (ID cochdrul,ChrodR_1:60.6.795))

/~*
& an o+dre stowe hit cwy+d, Wa +tam +te beo+d strange win to drincenne, & cafe
weras druncen to mengenne.
(cochdrul,ChrodR_1:60.25.811)
*~/
/*
10 ADJ:  10 ADJ, 11 o+dre, 12 N
*/

( (CODE <T07030058400,60.25>)
  (IP-MAT (CONJ &)
	  (PP (P an)
	      (NP (ADJ o+dre) (N stowe)))
	  (NP-NOM (PRO^N hit))
	  (VBPI cwy+d)
	  (, ,)
	  (QTP (NP-NOM (N^N Wa))
	       (NP-DAT (D^D +tam)
		       (CP-REL-SPE (WNP-NOM-1 0)
				   (C +te)
				   (IP-SUB-SPE (NP-NOM *T*-1)
					       (BEPI beo+d)
					       (ADJP-NOM-PRD (ADJP-NOM (ADJ^N strange)
								       (IP-INF-SPE (NP-ACC (N^A win))
										   (TO to)
										   (VB^D drincenne)))
							     (, ,)
							     (CONJP (CONJ &)
								    (NP-NOM (ADJP-NOM (ADJ^N cafe)
										      (IP-INF-SPE *ICH*-2))
									    (N^N weras)
									    (IP-INF-SPE-2 (NP-ACC (N^A druncen))
											  (TO to)
											  (VB^D mengenne)))))))))
	  (. .))
  (ID cochdrul,ChrodR_1:60.25.811))

/~*
ac +ateowien cl+anlice sydefulnysse modes mid heora bilwittan gyrlan &
f+arelde.
(cochdrul,ChrodR_1:62.12.854)
*~/
/*
22 ADJ:  22 ADJ, 23 bilwittan, 24 N
22 ADJ:  22 ADJ, 23 bilwittan, 29 NX
22 ADJ:  22 ADJ, 23 bilwittan, 30 N
*/

( (IP-MAT (CONJ ac)
	  (NP-NOM *con*)
	  (VBPS +ateowien)
	  (NP-ACC (ADJ^A cl+anlice)
		  (N^A sydefulnysse)
		  (NP-GEN (N^G modes)))
	  (PP (P mid)
	      (NP (PRO$ heora)
		  (ADJ bilwittan)
		  (N gyrlan)
		  (CONJP (CONJ &)
			 (NX (N f+arelde)))))
	  (. .))
  (ID cochdrul,ChrodR_1:62.12.854))

/~*
We habba+d gesett +t+at preostas nagon to wunigenne ne to m+assigenne ne to
fulligenne an nanre cyrcan +te to o+dre burge gebyrige ne an nanes l+awedes
mannes anwealde, ac +turhwunian +t+ar hig +arest had underfengon, butan hwilc
heora to o+dre cyrcan for hwylcere neode cume.
(cochdrul,ChrodR_1:78.1.941)
*~/
/*
64 ADJ:  64 ADJ, 65 o+dre, 66 N
64 ADJ:  64 ADJ, 65 o+dre, 136 N
134 ADJ:  134 ADJ, 135 o+dre, 136 N
*/

( (CODE <T07030067500,78.1>)
  (IP-MAT (NP-NOM (PRO^N We))
	  (HVPI habba+d)
	  (VBN gesett)
	  (CP-THT (C +t+at)
		  (IP-SUB (IP-SUB (NP-NOM (N^N preostas))
				  (NEG+AXPI nagon)
				  (IP-INF (IP-INF (TO to) (VB^D wunigenne))
					  (CONJP (NEG+CONJ ne)
						 (IP-INF (TO to) (VB^D m+assigenne)))
					  (CONJP (NEG+CONJ ne)
						 (IP-INF (TO to) (VB^D fulligenne))))
				  (PP (PP (P an)
					  (NP-DAT (NEG+Q^D nanre)
						  (N^D cyrcan)
						  (CP-REL (WNP-NOM-1 0)
							  (C +te)
							  (IP-SUB (NP-NOM *T*-1)
								  (PP (P to)
								      (NP (ADJ o+dre) (N burge)))
								  (VBPS gebyrige)))))
				      (CONJP (NEG+CONJ ne)
					     (PP (P an)
						 (NP-DAT (NP-GEN (NEG+Q^G nanes) (ADJ^G l+awedes) (N^G mannes))
							 (N^D anwealde))))))
			  (, ,)
			  (CONJP (CONJ ac)
				 (IP-SUB-CON (NP-NOM *con*)
					     (RP+VBPS +turhwunian)
					     (CP-FRL-LOC (WADVP-LOC-2 (ADV^L +t+ar))
							 (C 0)
							 (IP-SUB (ADVP-LOC *T*-2)
								 (NP-NOM (PRO^N hig))
								 (ADVP-TMP (ADVS^T +arest))
								 (NP-ACC (N^A had))
								 (RP+VBDI underfengon)))
					     (, ,)
					     (CP-ADV (P butan)
						     (C 0)
						     (IP-SUB (NP-NOM (Q^N hwilc)
								     (NP-GEN (PRO^G heora)))
							     (PP (P to)
								 (NP (ADJ o+dre) (N cyrcan)))
							     (PP (P for)
								 (NP-DAT (Q^D hwylcere) (N^D neode)))
							     (VBPS cume)))))))
	  (. .))
  (ID cochdrul,ChrodR_1:78.1.941))

/~*
& swa micelum swa we syn ungewisse +t+as d+ages ures endes, swa miclum beo we
gearwe an ure godan d+ade, +t+at swa hw+anne swa he cume, +t+at he us gearwe
finde.
(cochdrul,ChrodR_1:79.29.961)
*~/
/*
59 ADJ:  59 ADJ, 60 godan, 61 N
*/

( (IP-MAT (CONJ &)
	  (QP-DAT-ADT (ADV swa)
		      (Q^D micelum)
		      (PP (P swa)
			  (CP-CMP (WQP-1 0)
				  (C 0)
				  (IP-SUB (QP-ADT *T*-1)
					  (NP-NOM (PRO^N we))
					  (BEPS syn)
					  (ADJP-NOM-PRD (ADJ^N ungewisse)
							(NP-GEN (D^G +t+as)
								(N^G d+ages)
								(NP-GEN (PRO$^G ures) (N^G endes))))))))
	  (, ,)
	  (QP-DAT-ADT (ADV swa) (Q^D miclum))
	  (BEP beo)
	  (NP-NOM (PRO^N we))
	  (ADJP-NOM-PRD (ADJ^N gearwe))
	  (PP (P an)
	      (NP (PRO$ ure) (ADJ godan) (N d+ade)))
	  (, ,)
	  (CP-ADV (C +t+at)
		  (CP-ADV (CP-FRL-TMP-3 (WADVP-TMP-2 (ADV swa) (WADV^T hw+anne))
					(C swa)
					(IP-SUB (ADVP-TMP *T*-2)
						(NP-NOM (PRO^N he))
						(VBPS cume)))
			  (, ,)
			  (C +t+at)
			  (IP-SUB (CP-FRL-TMP *ICH*-3)
				  (NP-NOM (PRO^N he))
				  (NP-ACC (PRO^A us)
					  (ADJP-ACC (ADJ^A gearwe)))
				  (VBPS finde))))
	  (. .))
  (ID cochdrul,ChrodR_1:79.29.961))

/~*
+Ta s+at sum ceorl an his huse to his gledan mid his wife & mid his geongan
suna,
(cochdrul,ChrodR_1:84.33.1124)
*~/
/*
48 ADJ:  48 ADJ, 49 geongan, 50 N
*/

( (CODE <T07030079200,84.33>)
  (IP-MAT (ADVP-TMP (ADV^T +Ta))
	  (VBDI s+at)
	  (NP-NOM (Q^N sum) (N^N ceorl))
	  (PP (P an)
	      (NP-DAT (PRO$ his) (N^D huse)))
	  (PP (P to)
	      (NP (PRO$ his) (N gledan)))
	  (PP (PP (P mid)
		  (NP-DAT (PRO$ his) (N^D wife)))
	      (CONJP (CONJ &)
		     (PP (P mid)
			 (NP (PRO$ his) (ADJ geongan) (N suna)))))
	  (. ,))
  (ID cochdrul,ChrodR_1:84.33.1124))

/~*
+Ta amancg +tam +te hi him an o+der betwynan spr+acon, +ta eode se sylfa
awyrgeda gast on +t+as ceorles geongan sunu,
(cochdrul,ChrodR_1:84.36.1129)
*~/
/*
58 ADJ:  58 ADJ, 59 geongan, 60 N
*/

( (CODE <T07030079300,84.36>)
  (IP-MAT (ADVP-TMP (ADV^T +Ta))
	  (CP-ADV (P amancg)
		  (D^D +tam)
		  (C +te)
		  (IP-SUB (NP-NOM (PRO^N hi))
			  (NP-DAT-RFL-1 (PRO^D him))
			  (NP-ACC (NUM^A an) (ADJ^A o+der))
			  (PP (NP-DAT-RFL *ICH*-1)
			      (P betwynan))
			  (VBDI spr+acon)))
	  (, ,)
	  (ADVP-TMP (ADV^T +ta))
	  (VBD eode)
	  (NP-NOM (D^N se) (ADJ^N sylfa) (VBN^N awyrgeda) (N^N gast))
	  (PP (P on)
	      (NP (NP-GEN (D^G +t+as) (N^G ceorles))
		  (ADJ geongan)
		  (N sunu)))
	  (. ,))
  (ID cochdrul,ChrodR_1:84.36.1129))
/*
FOOTER
  source file, hits/tokens/total
  C:\Users\Shoo\Dropbox\workspace\CorpusSearch_Auto\data\corporas\YCOE\temp1492105600559\rules_charters_wills_laws_ecclesiastical_laws_and_proceedingstrials\cochdrul.psd	24/22/1132
*/
/*
HEADER:
source file:  C:\Users\Shoo\Dropbox\workspace\CorpusSearch_Auto\data\corporas\YCOE\temp1492105600559\rules_charters_wills_laws_ecclesiastical_laws_and_proceedingstrials\codocu1.o1.psd
*/
/*
FOOTER
  source file, hits/tokens/total
  C:\Users\Shoo\Dropbox\workspace\CorpusSearch_Auto\data\corporas\YCOE\temp1492105600559\rules_charters_wills_laws_ecclesiastical_laws_and_proceedingstrials\codocu1.o1.psd	0/0/90
*/
/*
HEADER:
source file:  C:\Users\Shoo\Dropbox\workspace\CorpusSearch_Auto\data\corporas\YCOE\temp1492105600559\rules_charters_wills_laws_ecclesiastical_laws_and_proceedingstrials\codocu2.o12.psd
*/
/*
FOOTER
  source file, hits/tokens/total
  C:\Users\Shoo\Dropbox\workspace\CorpusSearch_Auto\data\corporas\YCOE\temp1492105600559\rules_charters_wills_laws_ecclesiastical_laws_and_proceedingstrials\codocu2.o12.psd	0/0/11
*/
/*
HEADER:
source file:  C:\Users\Shoo\Dropbox\workspace\CorpusSearch_Auto\data\corporas\YCOE\temp1492105600559\rules_charters_wills_laws_ecclesiastical_laws_and_proceedingstrials\codocu2.o2.psd
*/

/~*
& ic wille +t+at +Affe feormige of +t+am +trim d+alum +at Ingepenne +ta Godes
+teowas +at Cynetanbyrig +trie dagas on twelf mon+tum +anne d+ag for me
o+terne for minne f+ader +triddan for minne ieldran f+ader.
(codocu2,Ch_1533_[Rob_26]:23.118)
*~/
/*
90 ADJ:  90 ADJ, 91 +triddan, 98 N
*/

( (CODE <T13870001000,23>)
  (IP-MAT (CONJ &)
	  (NP-NOM (PRO^N ic))
	  (MDP wille)
	  (CP-THT (C +t+at)
		  (IP-SUB (IP-SUB-0 (NP-NOM (NR^N +Affe))
				    (VBPS feormige)
				    (PP (P of)
					(NP-DAT (D^D +t+am)
						(NUM^D +trim)
						(N^D d+alum)
						(PP (P +at)
						    (NP (NR Ingepenne)))))
				    (NP-ACC (D^A +ta)
					    (NP-GEN (NR^G Godes))
					    (N^A +teowas))
				    (PP (P +at)
					(NP-DAT (NR^D Cynetanbyrig)))
				    (NP-ACC-TMP (NUM^A +trie) (N^A dagas))
				    (PP (P on)
					(NP-DAT (NUM twelf) (N^D mon+tum))))
			  (IPX-SUB=0 (NP-ACC (NUM^A +anne) (N^A d+ag))
				     (PP (P for)
					 (NP (PRO me))))
			  (IPX-SUB=0 (NP-ACC (ADJ^A o+terne))
				     (PP (P for)
					 (NP-ACC (PRO$^A minne) (N^A f+ader))))
			  (IPX-SUB=0 (NP-ACC (ADJ +triddan))
				     (PP (P for)
					 (NP-ACC (PRO$^A minne) (N ieldran) (N^A f+ader))))))
	  (. .))
  (ID codocu2,Ch_1533_[Rob_26]:23.118))
/*
FOOTER
  source file, hits/tokens/total
  C:\Users\Shoo\Dropbox\workspace\CorpusSearch_Auto\data\corporas\YCOE\temp1492105600559\rules_charters_wills_laws_ecclesiastical_laws_and_proceedingstrials\codocu2.o2.psd	1/1/123
*/
/*
HEADER:
source file:  C:\Users\Shoo\Dropbox\workspace\CorpusSearch_Auto\data\corporas\YCOE\temp1492105600559\rules_charters_wills_laws_ecclesiastical_laws_and_proceedingstrials\codocu3.o23.psd
*/
/*
FOOTER
  source file, hits/tokens/total
  C:\Users\Shoo\Dropbox\workspace\CorpusSearch_Auto\data\corporas\YCOE\temp1492105600559\rules_charters_wills_laws_ecclesiastical_laws_and_proceedingstrials\codocu3.o23.psd	0/0/35
*/
/*
HEADER:
source file:  C:\Users\Shoo\Dropbox\workspace\CorpusSearch_Auto\data\corporas\YCOE\temp1492105600559\rules_charters_wills_laws_ecclesiastical_laws_and_proceedingstrials\codocu3.o3.psd
*/

/~*
& +after heora twegra d+age fo se arcebisceop Eadsige +t+arto gyf he leng
libbe +t+anne hi o+d+de loc hwa his +aftergencga +t+anne beo butan sum heora
freonda +ta land fur+tor on +t+as arcebisceopes gemede ofgan mage to rihtan
gafole o+d+de to o+tran forewyrdan swa hit man +t+anne findan mage wi+d +tone
arcebisceop +te +tanne libbe.
(codocu3,Ch_1471_[Rob_101]:18.204)
*~/
/*
140 ADJ:  140 ADJ, 141 o+tran, 142 N
*/

( (CODE <T13320000500,18>)
  (IP-MAT (CONJ &)
	  (PP (P +after)
	      (NP-DAT (NP-GEN (PRO^G heora) (NUM^G twegra))
		      (N^D d+age)))
	  (VBPS fo)
	  (NP-NOM (NP-NOM (D^N se)
			  (N^N arcebisceop)
			  (NP-NOM-PRN (NR^N Eadsige)))
		  (CONJP *ICH*-3))
	  (PP (ADV+P +t+arto))
	  (CP-ADV (P gyf)
		  (C 0)
		  (IP-SUB-0 (NP-NOM (PRO^N he))
			    (ADVP-TMP (ADVR^T leng)
				      (PP *ICH*-1))
			    (VBPS libbe)
			    (PP-1 (P +t+anne)
				  (CP-CMP (WADVP-TMP-2 0)
					  (C 0)
					  (IPX-SUB=0 (ADVP-TMP *T*-2)
						     (NP-NOM (PRO^N hi)))))))
	  (CONJP-3 (CONJ o+d+de)
		   (CP-FRL (WNP-NOM-4 (ADV loc) (WPRO^N hwa))
			   (C 0)
			   (IP-SUB (NP-NOM-PRD *T*-4)
				   (NP-NOM (PRO$ his) (N^N +aftergencga))
				   (ADVP-TMP (ADV^T +t+anne))
				   (BEPS beo)
				   (CP-ADV (P butan)
					   (C 0)
					   (IP-SUB (NP-NOM (Q^N sum)
							   (NP-GEN (PRO$ heora) (N^G freonda)))
						   (NP-ACC (D^A +ta) (N^A land))
						   (ADVP (ADVR fur+tor))
						   (PP (P on)
						       (NP (NP-GEN (D^G +t+as) (N^G arcebisceopes))
							   (N gemede)))
						   (RP+VB ofgan)
						   (MDPS mage)
						   (PP (PP (P to)
							   (NP-DAT (ADJ^D rihtan) (N^D gafole)))
						       (CONJP (CONJ o+d+de)
							      (PP (P to)
								  (NP (ADJ o+tran) (N forewyrdan)))))
						   (PP (P swa)
						       (CP-CMP (WADVP-5 0)
							       (C 0)
							       (IP-SUB (ADVP *T*-5)
								       (NP-ACC (PRO^A hit))
								       (NP-NOM (MAN^N man))
								       (ADVP-TMP (ADV^T +t+anne))
								       (VB findan)
								       (MDPS mage)
								       (PP (P wi+d)
									   (NP-ACC (D^A +tone)
										   (N^A arcebisceop)
										   (CP-REL (WNP-NOM-6 0)
											   (C +te)
											   (IP-SUB (NP-NOM *T*-6)
												   (ADVP-TMP (ADV^T +tanne))
												   (VBPS libbe)))))))))))))
	  (. .))
  (ID codocu3,Ch_1471_[Rob_101]:18.204))

/~*
& +t+at land +at Merelafan +te ic gebohte +at minum f+ader mid +tridde healf
hund mancosan goldes be gewihte & +t+at land +at Mordune +t+at min f+ader me
to let ic gean into +t+are stowe for uncer begra saule.
(codocu3,Ch_1503_[Whitelock_20]:9.356)
*~/
/*
44 ADJ:  44 ADJ, 45 +tridde, 59 N
44 ADJ:  44 ADJ, 45 +tridde, 73 NR
44 ADJ:  44 ADJ, 45 +tridde, 119 N
*/

( (CODE <T13610000500,9>)
  (IP-MAT (CONJ &)
	  (NP-ACC (NP-ACC (D^A +t+at)
			  (N^A land)
			  (PP (P +at)
			      (NP (NR Merelafan)))
			  (CP-REL (WNP-1 0)
				  (C +te)
				  (IP-SUB (NP *T*-1)
					  (NP-NOM (PRO^N ic))
					  (VBD gebohte)
					  (PP (P +at)
					      (NP-DAT (PRO$^D minum) (N^D f+ader)))
					  (PP (P mid)
					      (NP-DAT (NUMP (ADJ +tridde) (NUM healf) (NUM hund))
						      (N^D mancosan)
						      (NP-GEN (N^G goldes))
						      (PP (P be)
							  (NP (N gewihte))))))))
		  (CONJP (CONJ &)
			 (NP-ACC (D^A +t+at)
				 (N^A land)
				 (PP (P +at)
				     (NP (NR Mordune)))
				 (CP-REL (WNP-ACC-2 (D^A +t+at))
					 (C 0)
					 (IP-SUB (NP-ACC *T*-2)
						 (NP-NOM (PRO$^N min) (N^N f+ader))
						 (PP (NP (PRO me))
						     (P to))
						 (VBDI let))))))
	  (NP-NOM (PRO^N ic))
	  (VBPI gean)
	  (PP (P into)
	      (NP-DAT (D^D +t+are) (N^D stowe)))
	  (PP (P for)
	      (NP (NP-GEN (PRO^G uncer) (Q^G begra))
		  (N saule)))
	  (. .))
  (ID codocu3,Ch_1503_[Whitelock_20]:9.356))

/~*
& ic geann +Alfswy+de minre fostermeder for hire myclon geearnungon +t+as
landes +at Westune +te ic gebohte +at minon f+ader mid +tridde healf hund
mancusan goldes be gewihte.
(codocu3,Ch_1503_[Whitelock_20]:53.373)
*~/
/*
66 ADJ:  66 ADJ, 67 +tridde, 81 N
*/

( (CODE <T13610002100,53>)
  (IP-MAT (CONJ &)
	  (NP-NOM (PRO^N ic))
	  (VBPI geann)
	  (NP-DAT (NR^D +Alfswy+de)
		  (NP-DAT-PRN (PRO$^D minre) (N^D fostermeder)))
	  (PP (P for)
	      (NP-DAT (PRO$ hire) (Q^D myclon) (N^D geearnungon)))
	  (NP-GEN (D^G +t+as)
		  (N^G landes)
		  (PP (P +at)
		      (NP-DAT (NR^D Westune)))
		  (CP-REL (WNP-1 0)
			  (C +te)
			  (IP-SUB (NP *T*-1)
				  (NP-NOM (PRO^N ic))
				  (VBD gebohte)
				  (PP (P +at)
				      (NP-DAT (PRO$^D minon) (N^D f+ader)))
				  (PP (P mid)
				      (NP-DAT (NUMP (ADJ +tridde) (NUM healf) (NUM hund))
					      (N^D mancusan)
					      (NP-GEN (N^G goldes))
					      (PP (P be)
						  (NP (N gewihte))))))))
	  (. .))
  (ID codocu3,Ch_1503_[Whitelock_20]:53.373))
/*
FOOTER
  source file, hits/tokens/total
  C:\Users\Shoo\Dropbox\workspace\CorpusSearch_Auto\data\corporas\YCOE\temp1492105600559\rules_charters_wills_laws_ecclesiastical_laws_and_proceedingstrials\codocu3.o3.psd	3/3/401
*/
/*
HEADER:
source file:  C:\Users\Shoo\Dropbox\workspace\CorpusSearch_Auto\data\corporas\YCOE\temp1492105600559\rules_charters_wills_laws_ecclesiastical_laws_and_proceedingstrials\codocu4.o24.psd
*/

/~*
of wudumore in w+atan sihtran,
(codocu4,Ch_126_[Rob_2]:10.10)
*~/
/*
12 ADJ:  12 ADJ, 13 w+atan, 14 N
*/

( (FRAG (PP (P of)
	    (NP-DAT (N^D wudumore)))
	(PP (P in)
	    (NP (ADJ w+atan) (N sihtran)))
	(. ,))
  (ID codocu4,Ch_126_[Rob_2]:10.10))
/*
FOOTER
  source file, hits/tokens/total
  C:\Users\Shoo\Dropbox\workspace\CorpusSearch_Auto\data\corporas\YCOE\temp1492105600559\rules_charters_wills_laws_ecclesiastical_laws_and_proceedingstrials\codocu4.o24.psd	1/1/23
*/
/*
HEADER:
source file:  C:\Users\Shoo\Dropbox\workspace\CorpusSearch_Auto\data\corporas\YCOE\temp1492105600559\rules_charters_wills_laws_ecclesiastical_laws_and_proceedingstrials\coinspolD.o34.psd
*/
/*
FOOTER
  source file, hits/tokens/total
  C:\Users\Shoo\Dropbox\workspace\CorpusSearch_Auto\data\corporas\YCOE\temp1492105600559\rules_charters_wills_laws_ecclesiastical_laws_and_proceedingstrials\coinspolD.o34.psd	0/0/169
*/
/*
HEADER:
source file:  C:\Users\Shoo\Dropbox\workspace\CorpusSearch_Auto\data\corporas\YCOE\temp1492105600559\rules_charters_wills_laws_ecclesiastical_laws_and_proceedingstrials\coinspolX.psd
*/

/~*
And se +te nele Godes bodan hyran mid rihte ne godcundre lare gyman, swa he
sceolde, he sceall hyran feondan, gyf he nele freondan.
(coinspolX,WPol_2.1.1_[Jost]:48.69)
*~/
/*
39 ADJ:  39 ADJ, 40 godcundre, 41 N
*/

( (CODE <T09120005300,48>)
  (IP-MAT-00 (CONJ And)
	     (NP-NOM-LFD (D^N se)
			 (CP-REL (WNP-NOM-1 0)
				 (C +te)
				 (IP-SUB (IP-SUB-0 (NP-NOM *T*-1)
						   (NEG+MDP nele)
						   (NP-DAT (NP-GEN (NR^G Godes))
							   (N^D bodan))
						   (VB hyran)
						   (PP (P mid)
						       (NP-DAT (N^D rihte))))
					 (CONJP (NEG+CONJ ne)
						(IPX-SUB-CON=0 (NP (ADJ godcundre) (N lare))
							       (VB gyman)
							       (, ,)
							       (PP (P swa)
								   (CPX-CMP (IPX-SUB (NP-NOM (PRO^N he))
										     (MDD sceolde)))))))))
	     (, ,)
	     (NP-NOM-RSP (PRO^N he))
	     (MDPI sceall)
	     (VB hyran)
	     (NP-DAT (N^D feondan))
	     (, ,)
	     (CP-ADV (P gyf)
		     (C 0)
		     (IPX-SUB=00 (NP-NOM (PRO^N he))
				 (NEG+MDP nele)
				 (NP-DAT (N^D freondan))))
	     (. .))
  (ID coinspolX,WPol_2.1.1_[Jost]:48.69))

/~*
Hy rypa+d +ta earman butan +alcere scylde o+dre hwile
(coinspolX,WPol_2.1.1_[Jost]:96.136)
*~/
/*
23 ADJ:  23 ADJ, 24 o+dre, 25 N
*/

( (CODE <T09120010000,96>)
  (IP-MAT (NP-NOM (PRO^N Hy))
	  (VBPI rypa+d)
	  (NP-ACC (D^A +ta) (ADJ^A earman))
	  (PP (P butan)
	      (NP-DAT (Q^D +alcere) (N^D scylde)))
	  (NP-TMP (ADJ o+dre) (N hwile)))
  (ID coinspolX,WPol_2.1.1_[Jost]:96.136))
/*
FOOTER
  source file, hits/tokens/total
  C:\Users\Shoo\Dropbox\workspace\CorpusSearch_Auto\data\corporas\YCOE\temp1492105600559\rules_charters_wills_laws_ecclesiastical_laws_and_proceedingstrials\coinspolX.psd	2/2/327
*/
/*
HEADER:
source file:  C:\Users\Shoo\Dropbox\workspace\CorpusSearch_Auto\data\corporas\YCOE\temp1492105600559\rules_charters_wills_laws_ecclesiastical_laws_and_proceedingstrials\colaw1cn.o3.psd
*/

/~*
+D+at is +tonne +arest, +t+at hi ofer ealle o+tre +tingc +anne God +afre
woldan lufian & wur+dian & +anne Cristendom anr+adlice healdan, and Cnut cingc
lufian mid rihtan getryw+tan. And Godes cyrican gri+dian & fri+dian &
gelomlice secean saulum to h+ale & us sylfum to +tearfe.
(colaw1cn,LawICn:1.4)
*~/
/*
83 ADJ:  83 ADJ, 84 rihtan, 85 N
83 ADJ:  83 ADJ, 84 rihtan, 99 N
83 ADJ:  83 ADJ, 84 rihtan, 124 N
83 ADJ:  83 ADJ, 84 rihtan, 140 N
*/

( (CODE <T09630000200,1>)
  (IP-MAT (NP-NOM (D^N +D+at))
	  (BEPI is)
	  (ADVP-TMP (ADV^T +tonne))
	  (ADVP-TMP (ADVS^T +arest))
	  (, ,)
	  (CP-THT (C +t+at)
		  (IP-SUB (IP-SUB-0 (NP-NOM (PRO^N hi))
				    (PP (P ofer)
					(NP-ACC (Q^A ealle) (ADJ^A o+tre) (N^A +tingc)))
				    (NP-ACC (NUM^A +anne) (NR^A God))
				    (ADVP-TMP (ADV^T +afre))
				    (MDDI woldan)
				    (VB (VB lufian) (CONJ &) (VB wur+dian)))
			  (CONJP (CONJ &)
				 (IPX-SUB-CON=0 (NP-ACC (NUM^A +anne) (N^A Cristendom))
						(ADVP (ADV anr+adlice))
						(VB healdan)))
			  (, ,)
			  (CONJP (CONJ and)
				 (IPX-SUB-CON=0 (NP-ACC (NR^A Cnut) (N^A cingc))
						(VB lufian)
						(PP (P mid)
						    (NP (ADJ rihtan) (N getryw+tan)))))
			  (, .)
			  (CODE <T09630000300,2>)
			  (CONJP (CONJ And)
				 (IPX-SUB-CON=0 (NP (NP-GEN (NR^G Godes))
						    (N cyrican))
						(VB (VB gri+dian) (CONJ &) (VB fri+dian))))
			  (CONJP (CONJ &)
				 (IPX-SUB-CON=0 (ADVP (ADV gelomlice))
						(VB secean)
						(NP-DAT-ADT (N^D saulum))
						(PP (P to)
						    (NP (N h+ale)))))
			  (CONJP (CONJ &)
				 (IPX-SUB-CON=0 (NP-DAT-RFL-ADT (PRO^D us)
								(ADJP-DAT (ADJ^D sylfum)))
						(PP (P to)
						    (NP (N +tearfe)))))))
	  (. .))
  (ID colaw1cn,LawICn:1.4))

/~*
& gif hit +tonne to bote gega, & se cyningc +t+at ge+tafige, +tonne bete man
+t+at cyricgri+d into +t+are cyricean be ciningces fullan mundbryce,
(colaw1cn,LawICn:2.5.12)
*~/
/*
73 ADJ:  73 ADJ, 74 fullan, 75 N
*/

( (CODE <T09630000800,2.5>)
  (IP-MAT (CONJ &)
	  (CP-ADV (P gif)
		  (C 0)
		  (IP-SUB (IP-SUB (NP-NOM (PRO^N hit))
				  (ADVP-TMP (ADV^T +tonne))
				  (PP (P to)
				      (NP (N bote)))
				  (VBPS gega))
			  (, ,)
			  (CONJP (CONJ &)
				 (IP-SUB-CON (NP-NOM (D^N se) (N^N cyningc))
					     (NP-ACC (D^A +t+at))
					     (VBPS ge+tafige)))))
	  (, ,)
	  (ADVP-TMP (ADV^T +tonne))
	  (VBPS bete)
	  (NP-NOM (MAN^N man))
	  (NP-ACC (D^A +t+at) (N^A cyricgri+d))
	  (PP (P into)
	      (NP-DAT (D^D +t+are) (N^D cyricean)))
	  (PP (P be)
	      (NP (NP-GEN (N^G ciningces))
		  (ADJ fullan)
		  (N mundbryce)))
	  (. ,))
  (ID colaw1cn,LawICn:2.5.12))

/~*
+t+at syndan bisceopas & m+assepreostas, +te godcunde heorda bewarian &
bewerian sceolon mid wislican laran, +t+at se wodfreca werewulf to swy+de ne
slite, ne to fela ne abite of godcundre heorde.
(colaw1cn,LawICn:26.3.145)
*~/
/*
42 ADJ:  42 ADJ, 43 wislican, 44 N
*/

( (IP-MAT (NP-NOM (D^N +t+at))
	  (BEPI syndan)
	  (NP-NOM-PRD (N^N bisceopas)
		      (CONJ &)
		      (N^N m+assepreostas)
		      (, ,)
		      (CP-REL (WNP-NOM-1 0)
			      (C +te)
			      (IP-SUB (NP-NOM *T*-1)
				      (NP-ACC (ADJ^A godcunde) (N^A heorda))
				      (VB (VB bewarian) (CONJ &) (VB bewerian))
				      (MDPI sceolon)
				      (PP (P mid)
					  (NP (ADJ wislican) (N laran)))
				      (, ,)
				      (CP-THT (C +t+at)
					      (IP-SUB (IP-SUB (NP-NOM (D^N se) (ADJ^N wodfreca) (N^N werewulf))
							      (ADVP (ADV to) (ADV swy+de))
							      (NEG ne)
							      (VBPS slite))
						      (, ,)
						      (CONJP (NEG+CONJ ne)
							     (IP-SUB-CON (NP-NOM *con*)
									 (NP (QP (ADV to) (Q fela)))
									 (NEG ne)
									 (VBPS abite)
									 (PP (P of)
									     (NP-DAT (ADJ^D godcundre) (N^D heorde))))))))))
	  (. .))
  (ID colaw1cn,LawICn:26.3.145))
/*
FOOTER
  source file, hits/tokens/total
  C:\Users\Shoo\Dropbox\workspace\CorpusSearch_Auto\data\corporas\YCOE\temp1492105600559\rules_charters_wills_laws_ecclesiastical_laws_and_proceedingstrials\colaw1cn.o3.psd	3/3/146
*/
/*
HEADER:
source file:  C:\Users\Shoo\Dropbox\workspace\CorpusSearch_Auto\data\corporas\YCOE\temp1492105600559\rules_charters_wills_laws_ecclesiastical_laws_and_proceedingstrials\colaw2cn.o3.psd
*/

/~*
Witodlice, se +de freondleasan & feorrancumenan wyrsan dom deme+d +tonne his
geferan, he dere+d him sylfum.
(colaw2cn,LawIICn:35.1.137)
*~/
/*
22 ADJ:  22 ADJ, 23 freondleasan, 53 N
28 ADJ:  28 ADJ, 29 feorrancumenan, 53 N
*/

( (CODE <T09640009500,35.1>)
  (IP-MAT (ADVP (ADV Witodlice))
	  (, ,)
	  (NP-NOM-LFD (D^N se)
		      (CP-REL (WNP-NOM-1 0)
			      (C +de)
			      (IP-SUB-0 (NP-NOM *T*-1)
					(NP (NP (ADJ freondleasan))
					    (CONJP (CONJ &)
						   (NP (ADJ feorrancumenan))))
					(NP-ACC (ADJR^A wyrsan)
						(N^A dom)
						(PP *ICH*-2))
					(VBPI deme+d)
					(PP-2 (P +tonne)
					      (CP-CMP (WNP-3 0)
						      (C 0)
						      (IPX-SUB=0 (NP *T*-3)
								 (NP (PRO$ his) (N geferan))))))))
	  (, ,)
	  (NP-NOM-RSP (PRO^N he))
	  (VBPI dere+d)
	  (NP-DAT-RFL (PRO^D him)
		      (ADJP-DAT (ADJ^D sylfum)))
	  (. .))
  (ID colaw2cn,LawIICn:35.1.137))

/~*
And gif hwa cwydeleas of +tysum life gewite, si hit +turh his gymeleaste, si
hit +turh f+arlicne dea+d, +tonne ne teo se hlaford na mare on his +ahta butan
his rihtan heregeata.
(colaw2cn,LawIICn:70.246)
*~/
/*
98 ADJ:  98 ADJ, 99 rihtan, 100 N
*/

( (CODE <T09640016500,70>)
  (IP-MAT-0 (CONJ And)
	    (CP-ADV (P gif)
		    (C 0)
		    (IP-SUB (NP-NOM (Q^N hwa) (ADJ^N cwydeleas))
			    (PP (P of)
				(NP-DAT (D^D +tysum) (N^D life)))
			    (VBPS gewite)))
	    (, ,)
	    (CP-ADV (IP-SUB (BEPS si)
			    (NP-NOM (PRO^N hit))
			    (PP (P +turh)
				(NP (PRO$ his) (N gymeleaste)))))
	    (, ,)
	    (CP-ADV (IP-SUB (BEPS si)
			    (NP-NOM (PRO^N hit))
			    (PP (P +turh)
				(NP-ACC (ADJ^A f+arlicne) (N^A dea+d)))))
	    (, ,)
	    (ADVP-TMP (ADV^T +tonne))
	    (NEG ne)
	    (VBPS teo)
	    (NP-NOM (D^N se) (N^N hlaford))
	    (ADVP (NEG+ADV na))
	    (NP-ACC (QR^A mare))
	    (PP (P on)
		(NP (PRO$ his) (N +ahta)))
	    (CP-ADV (P butan)
		    (C 0)
		    (IPX-SUB=0 (NP (PRO$ his) (ADJ rihtan) (N heregeata))))
	    (. .))
  (ID colaw2cn,LawIICn:70.246))
/*
FOOTER
  source file, hits/tokens/total
  C:\Users\Shoo\Dropbox\workspace\CorpusSearch_Auto\data\corporas\YCOE\temp1492105600559\rules_charters_wills_laws_ecclesiastical_laws_and_proceedingstrials\colaw2cn.o3.psd	3/2/304
*/
/*
HEADER:
source file:  C:\Users\Shoo\Dropbox\workspace\CorpusSearch_Auto\data\corporas\YCOE\temp1492105600559\rules_charters_wills_laws_ecclesiastical_laws_and_proceedingstrials\colaw5atr.o3.psd
*/

/~*
& ures hlafordes ger+adnes & his witena is, +t+at man rihte laga up ar+are &
+alce unlaga georne afylle, & +t+at man l+ate beon +aghwylcne man rihtes
wyr+te, & +t+at man fri+d & freondscype rihtlice healde innan +tysan earde for
Gode & for worolde.
(colaw5atr,LawVAtr:1.1.5)
*~/
/*
92 ADJ:  92 ADJ, 93 wyr+te, 140 N
*/

( (CODE <T09540000400,1.1>)
  (IP-MAT (CONJ &)
	  (NP-NOM-x *exp*)
	  (NP-NOM-PRD (NP-GEN (NP-GEN (PRO$^G ures) (N^G hlafordes))
			      (CONJP *ICH*-1))
		      (N^N ger+adnes)
		      (CONJP-1 (CONJ &)
			       (NP-GEN (PRO$ his) (N^G witena))))
	  (BEPI is)
	  (, ,)
	  (CP-THT-x (CP-THT (C +t+at)
			    (IP-SUB (IP-SUB (NP-NOM (MAN^N man))
					    (NP-ACC (ADJ^A rihte) (N^A laga))
					    (RP up)
					    (VBPS ar+are))
				    (CONJP (CONJ &)
					   (IP-SUB-CON (NP-NOM *con*)
						       (NP (Q +alce)
							   (NP-GEN (N^G unlaga)))
						       (ADVP (ADV georne))
						       (VBPS afylle)))))
		    (, ,)
		    (CONJP (CONJ &)
			   (CP-THT (C +t+at)
				   (IP-SUB (NP-NOM (MAN^N man))
					   (VBPS l+ate)
					   (IP-INF (BE beon)
						   (NP-ACC-SBJ (Q^A +aghwylcne) (N^A man))
						   (ADJP-PRD (NP-GEN (N^G rihtes))
							     (ADJ wyr+te))))))
		    (, ,)
		    (CONJP (CONJ &)
			   (CP-THT (C +t+at)
				   (IP-SUB (NP-NOM (MAN^N man))
					   (NP-ACC (N^A fri+d) (CONJ &) (N^A freondscype))
					   (ADVP (ADV rihtlice))
					   (VBPS healde)
					   (PP (P innan)
					       (NP-DAT (D^D +tysan) (N^D earde)))
					   (PP (PP (P for)
						   (NP-DAT (NR^D Gode)))
					       (CONJP (CONJ &)
						      (PP (P for)
							  (NP (N worolde)))))))))
	  (. .))
  (ID colaw5atr,LawVAtr:1.1.5))

/~*
& he huru +treo +ting +tanan for+d healdan wille, +t+at is his cl+annese &
munuclice scrudware & +teowian his Drihtne, swa wel swa he betst m+age.
(colaw5atr,LawVAtr:6.22)
*~/
/*
43 ADJ:  43 ADJ, 44 munuclice, 45 N
*/

( (IP-MAT (IP-MAT-0 (CONJ &)
		    (NP-NOM (PRO^N he))
		    (FP huru)
		    (NP-ACC (NUM^A +treo) (N^A +ting))
		    (ADVP-TMP (ADV^T +tanan))
		    (RP for+d)
		    (VB healdan)
		    (MDP wille)
		    (, ,)
		    (IP-MAT-PRN (NP-NOM (D^N +t+at))
				(BEPI is)
				(XP (NP (NP (PRO$ his) (N cl+annese))
					(CONJP (CONJ &)
					       (NP (ADJ munuclice) (N scrudware)))))))
	  (CONJP (CONJ &)
		 (IPX-MAT=0 (VB +teowian)
			    (NP-DAT (PRO$ his) (NR^D Drihtne))
			    (, ,)
			    (ADVP (ADV swa)
				  (ADV wel)
				  (PP (P swa)
				      (CP-CMP (WADVP-1 0)
					      (C 0)
					      (IPX-SUB=0 (ADVP *T*-1)
							 (NP-NOM (PRO^N he))
							 (ADVP (ADVS betst))
							 (MDPS m+age)))))))
	  (. .))
  (ID colaw5atr,LawVAtr:6.22))

/~*
& swicollice d+ada & la+dlice unlaga ascunige man swy+de, +t+at is: false
gewihta & woge gemeta & lease gewitnessa & fracodlice ficunga, & egeslice
manswara & deoflice d+ada on mor+dweorcan & on manslihtan, on stalan & on
strudungan, on gitsungan & on gifernessan, on ofermettan & on oferfyllan, on
swiccr+aftan & on mistlican lahbrycan, on hadbrycan & on +awbrican & on
m+aniges cynnes misd+adan.
(colaw5atr,LawVAtr:24.64)
*~/
/*
41 ADJ:  41 ADJ, 42 false, 43 N
41 ADJ:  41 ADJ, 42 false, 51 N
41 ADJ:  41 ADJ, 42 false, 59 N
41 ADJ:  41 ADJ, 42 false, 67 N
41 ADJ:  41 ADJ, 42 false, 77 N
41 ADJ:  41 ADJ, 42 false, 85 N
49 ADJ:  49 ADJ, 50 woge, 51 N
49 ADJ:  49 ADJ, 50 woge, 59 N
49 ADJ:  49 ADJ, 50 woge, 67 N
49 ADJ:  49 ADJ, 50 woge, 77 N
49 ADJ:  49 ADJ, 50 woge, 85 N
57 ADJ:  57 ADJ, 58 lease, 59 N
57 ADJ:  57 ADJ, 58 lease, 67 N
57 ADJ:  57 ADJ, 58 lease, 77 N
57 ADJ:  57 ADJ, 58 lease, 85 N
65 ADJ:  65 ADJ, 66 fracodlice, 67 N
65 ADJ:  65 ADJ, 66 fracodlice, 77 N
65 ADJ:  65 ADJ, 66 fracodlice, 85 N
75 ADJ:  75 ADJ, 76 egeslice, 77 N
75 ADJ:  75 ADJ, 76 egeslice, 85 N
83 ADJ:  83 ADJ, 84 deoflice, 85 N
*/

( (CODE <T09540004200,24>)
  (IP-MAT (CONJ &)
	  (NP-ACC (NP-ACC (ADJ^A swicollice) (N^A d+ada))
		  (CONJP (CONJ &)
			 (NP-ACC (ADJ^A la+dlice) (N^A unlaga))))
	  (VBPS ascunige)
	  (NP-NOM (MAN^N man))
	  (ADVP (ADV swy+de))
	  (, ,)
	  (IP-MAT-PRN (NP-NOM (D^N +t+at))
		      (BEPI is)
		      (, :)
		      (XP (NP (NP (ADJ false) (N gewihta))
			      (CONJP (CONJ &)
				     (NP (ADJ woge) (N gemeta)))
			      (CONJP (CONJ &)
				     (NP (ADJ lease) (N gewitnessa)))
			      (CONJP (CONJ &)
				     (NP (ADJ fracodlice) (N ficunga)))
			      (, ,)
			      (CONJP (CONJ &)
				     (NP (ADJ egeslice) (N manswara)))
			      (CONJP (CONJ &)
				     (NP (ADJ deoflice) (N d+ada))))
			  (PP (PP (PP (P on)
				      (NP-DAT (N^D mor+dweorcan)))
				  (CONJP (CONJ &)
					 (PP (P on)
					     (NP-DAT (N^D manslihtan)))))
			      (, ,)
			      (CONJP (PP (PP (P on)
					     (NP-DAT (N^D stalan)))
					 (CONJP (CONJ &)
						(PP (P on)
						    (NP-DAT (N^D strudungan))))))
			      (, ,)
			      (CONJP (PP (PP (P on)
					     (NP-DAT (N^D gitsungan)))
					 (CONJP (CONJ &)
						(PP (P on)
						    (NP-DAT (N^D gifernessan))))))
			      (, ,)
			      (CONJP (PP (PP (P on)
					     (NP-DAT (N^D ofermettan)))
					 (CONJP (CONJ &)
						(PP (P on)
						    (NP-DAT (N^D oferfyllan))))))
			      (, ,)
			      (CONJP (PP (PP (P on)
					     (NP-DAT (N^D swiccr+aftan)))
					 (CONJP (CONJ &)
						(PP (P on)
						    (NP-DAT (ADJ^D mistlican) (N^D lahbrycan))))))
			      (, ,)
			      (CONJP (PP (PP (P on)
					     (NP-DAT (N^D hadbrycan)))
					 (CONJP (CONJ &)
						(PP (P on)
						    (NP-DAT (N^D +awbrican))))))
			      (CONJP (CONJ &)
				     (PP (P on)
					 (NP-DAT (NP-GEN (Q^G m+aniges) (N^G cynnes))
						 (N^D misd+adan)))))))
	  (. .))
  (ID colaw5atr,LawVAtr:24.64))
/*
FOOTER
  source file, hits/tokens/total
  C:\Users\Shoo\Dropbox\workspace\CorpusSearch_Auto\data\corporas\YCOE\temp1492105600559\rules_charters_wills_laws_ecclesiastical_laws_and_proceedingstrials\colaw5atr.o3.psd	8/3/79
*/
/*
HEADER:
source file:  C:\Users\Shoo\Dropbox\workspace\CorpusSearch_Auto\data\corporas\YCOE\temp1492105600559\rules_charters_wills_laws_ecclesiastical_laws_and_proceedingstrials\colaw6atr.o3.psd
*/

/~*
& +t+at is +tonne +arest +t+ara biscpa frumr+ad, +t+at we ealle fram synnum
georne gecyrran, +t+as +te we don magan, & ure misd+ada andettan georne &
geornlice betan, & +anne God rihtlice lufian & weor+dian & +anne Christendom
anr+adlice healdan & +alcne h+a+tendom georne forbugan, & gebedr+adene ar+aran
georne us betweonan, & sibbe & some lufian georne, & anum cynehlaforde
holdlice hyran & georne hine healdan mid rihtan getryw+dan.
(colaw6atr,LawVIAtr:1.4)
*~/
/*
227 ADJ:  227 ADJ, 228 rihtan, 229 N
*/

( (CODE <T09560000300,1>)
  (IP-MAT (CONJ &)
	  (NP-NOM (D^N +t+at)
		  (CP-THT-PRN *ICH*-1))
	  (BEPI is)
	  (ADVP-TMP (ADV^T +tonne))
	  (ADVP-TMP (ADVS^T +arest))
	  (NP-NOM-PRD (NP-GEN (D^G +t+ara) (N^G biscpa))
		      (N^N frumr+ad))
	  (, ,)
	  (CP-THT-PRN-1 (C +t+at)
			(IP-SUB (IP-SUB (NP-NOM (PRO^N we) (Q^N ealle))
					(PP (P fram)
					    (NP-DAT (N^D synnum)))
					(ADVP (ADV georne))
					(VBPS gecyrran)
					(, ,)
					(CPX-CMP (D^G +t+as)
						 (C +te)
						 (IP-SUB (NP-NOM (PRO^N we))
							 (VB don)
							 (MDPI magan))))
				(, ,)
				(CONJP (CONJ &)
				       (IP-SUB-CON (NP-NOM *con*)
						   (NP-ACC (PRO$^A ure) (N^A misd+ada))
						   (VBPS andettan)
						   (ADVP (ADV georne))))
				(CONJP (CONJ &)
				       (IP-SUB-CON (NP-NOM *con*)
						   (ADVP (ADV geornlice))
						   (VBPS betan)))
				(, ,)
				(CONJP (CONJ &)
				       (IP-SUB-CON (NP-NOM *con*)
						   (NP-ACC (NUM^A +anne) (NR^A God))
						   (ADVP (ADV rihtlice))
						   (VBPS (VBPS lufian) (CONJ &) (VBPS weor+dian))))
				(CONJP (CONJ &)
				       (IP-SUB-CON (NP-NOM *con*)
						   (NP-ACC (NUM^A +anne) (N^A Christendom))
						   (ADVP (ADV anr+adlice))
						   (VBPS healdan)))
				(CONJP (CONJ &)
				       (IP-SUB-CON (NP-NOM *con*)
						   (NP-ACC (Q^A +alcne) (N^A h+a+tendom))
						   (ADVP (ADV georne))
						   (VBPS forbugan)))
				(, ,)
				(CONJP (CONJ &)
				       (IP-SUB-CON (NP-NOM *con*)
						   (NP (N gebedr+adene))
						   (VBPS ar+aran)
						   (ADVP (ADV georne))
						   (PP (NP-RFL (PRO us))
						       (P betweonan))))
				(, ,)
				(CONJP (CONJ &)
				       (IP-SUB-CON (NP-NOM *con*)
						   (NP (N sibbe) (CONJ &) (N some))
						   (VBPS lufian)
						   (ADVP (ADV georne))))
				(, ,)
				(CONJP (CONJ &)
				       (IP-SUB-CON (NP-NOM *con*)
						   (NP-DAT (NUM^D anum) (N^D cynehlaforde))
						   (ADVP (ADV holdlice))
						   (VBPS hyran)))
				(CONJP (CONJ &)
				       (IP-SUB-CON (NP-NOM *con*)
						   (ADVP (ADV georne))
						   (NP-ACC (PRO^A hine))
						   (VBPS healdan)
						   (PP (P mid)
						       (NP (ADJ rihtan) (N getryw+dan)))))))
	  (. .))
  (ID colaw6atr,LawVIAtr:1.4))

/~*
& trywsige hine sylfne wi+d God & wi+d men, +t+at he huru +treo +ting +tanon
for+d healdan wille, +t+at is: his cl+annesse & munuclice scrudware & +teowian
his Drihtne, swa wel swa he betst m+age.
(colaw6atr,LawVIAtr:3.1.15)
*~/
/*
77 ADJ:  77 ADJ, 78 munuclice, 79 N
*/

( (IP-MAT (CONJ &)
	  (NP-NOM *con*)
	  (VBPS trywsige)
	  (NP-ACC-RFL (PRO^A hine)
		      (ADJP-ACC (ADJ^A sylfne)))
	  (PP (PP (P wi+d)
		  (NP-ACC (NR^A God)))
	      (CONJP (CONJ &)
		     (PP (P wi+d)
			 (NP-ACC (N^A men)))))
	  (, ,)
	  (CP-THT (C +t+at)
		  (IP-SUB (IP-SUB-0 (NP-NOM (PRO^N he))
				    (FP huru)
				    (NP-ACC (NUM^A +treo) (N^A +ting))
				    (ADVP-TMP (ADV^T +tanon))
				    (RP for+d)
				    (VB healdan)
				    (MDP wille)
				    (, ,)
				    (IP-MAT-PRN (NP-NOM (D^N +t+at))
						(BEPI is)
						(, :)
						(XP (NP (NP (PRO$ his) (N cl+annesse))
							(CONJP (CONJ &)
							       (NP (ADJ munuclice) (N scrudware)))))))
			  (CONJP (CONJ &)
				 (IPX-SUB-CON=0 (VB +teowian)
						(NP-DAT (PRO$ his) (NR^D Drihtne))
						(, ,)
						(ADVP (ADV swa)
						      (ADV wel)
						      (PP (P swa)
							  (CP-CMP (WADVP-1 0)
								  (C 0)
								  (IPX-SUB=0 (ADVP *T*-1)
									     (NP-NOM (PRO^N he))
									     (ADVP (ADVS betst))
									     (MDPS m+age)))))))))
	  (. .))
  (ID colaw6atr,LawVIAtr:3.1.15))

/~*
& swicollice d+ada & la+dlice unlaga ascunige man swy+de, +t+at is false
gewihta & woge gemeta & lease gewitnessa & fracodlice ficunga & fule forligra
& egeslice manswara & deoflice d+ada on mor+dweorcum & on manslihtan, on
stalan & on strudungan, on gitsungan & on gifernessan, on ofermettan & on
oferfyllan, on swiccr+aftan & on mistlican lahbrican, on +awbrican & on
hadbrican, on freolsbricon & on f+astenbricon, on cyricrenan & on m+aniges
cynnes misd+adan.
(colaw6atr,LawVIAtr:28.2.75)
*~/
/*
39 ADJ:  39 ADJ, 40 false, 41 N
39 ADJ:  39 ADJ, 40 false, 49 N
39 ADJ:  39 ADJ, 40 false, 57 N
39 ADJ:  39 ADJ, 40 false, 65 N
39 ADJ:  39 ADJ, 40 false, 73 N
39 ADJ:  39 ADJ, 40 false, 81 N
39 ADJ:  39 ADJ, 40 false, 89 N
47 ADJ:  47 ADJ, 48 woge, 49 N
47 ADJ:  47 ADJ, 48 woge, 57 N
47 ADJ:  47 ADJ, 48 woge, 65 N
47 ADJ:  47 ADJ, 48 woge, 73 N
47 ADJ:  47 ADJ, 48 woge, 81 N
47 ADJ:  47 ADJ, 48 woge, 89 N
55 ADJ:  55 ADJ, 56 lease, 57 N
55 ADJ:  55 ADJ, 56 lease, 65 N
55 ADJ:  55 ADJ, 56 lease, 73 N
55 ADJ:  55 ADJ, 56 lease, 81 N
55 ADJ:  55 ADJ, 56 lease, 89 N
63 ADJ:  63 ADJ, 64 fracodlice, 65 N
63 ADJ:  63 ADJ, 64 fracodlice, 73 N
63 ADJ:  63 ADJ, 64 fracodlice, 81 N
63 ADJ:  63 ADJ, 64 fracodlice, 89 N
71 ADJ:  71 ADJ, 72 fule, 73 N
71 ADJ:  71 ADJ, 72 fule, 81 N
71 ADJ:  71 ADJ, 72 fule, 89 N
79 ADJ:  79 ADJ, 80 egeslice, 81 N
79 ADJ:  79 ADJ, 80 egeslice, 89 N
87 ADJ:  87 ADJ, 88 deoflice, 89 N
*/

( (CODE <T09560005000,28.2>)
  (IP-MAT (CONJ &)
	  (NP-ACC (NP-ACC (ADJ^A swicollice) (N^A d+ada))
		  (CONJP (CONJ &)
			 (NP-ACC (ADJ^A la+dlice) (N^A unlaga))))
	  (VBPS ascunige)
	  (NP-NOM (MAN^N man))
	  (ADVP (ADV swy+de))
	  (, ,)
	  (IP-MAT-PRN (NP-NOM (D^N +t+at))
		      (BEPI is)
		      (XP (NP (NP (ADJ false) (N gewihta))
			      (CONJP (CONJ &)
				     (NP (ADJ woge) (N gemeta)))
			      (CONJP (CONJ &)
				     (NP (ADJ lease) (N gewitnessa)))
			      (CONJP (CONJ &)
				     (NP (ADJ fracodlice) (N ficunga)))
			      (CONJP (CONJ &)
				     (NP (ADJ fule) (N forligra)))
			      (CONJP (CONJ &)
				     (NP (ADJ egeslice) (N manswara)))
			      (CONJP (CONJ &)
				     (NP (ADJ deoflice) (N d+ada))))
			  (PP (PP (PP (P on)
				      (NP-DAT (N^D mor+dweorcum)))
				  (CONJP (CONJ &)
					 (PP (P on)
					     (NP-DAT (N^D manslihtan)))))
			      (, ,)
			      (CONJP (PP (PP (P on)
					     (NP-DAT (N^D stalan)))
					 (CONJP (CONJ &)
						(PP (P on)
						    (NP-DAT (N^D strudungan))))))
			      (, ,)
			      (CONJP (PP (PP (P on)
					     (NP-DAT (N^D gitsungan)))
					 (CONJP (CONJ &)
						(PP (P on)
						    (NP-DAT (N^D gifernessan))))))
			      (, ,)
			      (CONJP (PP (PP (P on)
					     (NP-DAT (N^D ofermettan)))
					 (CONJP (CONJ &)
						(PP (P on)
						    (NP-DAT (N^D oferfyllan))))))
			      (, ,)
			      (CONJP (PP (PP (P on)
					     (NP-DAT (N^D swiccr+aftan)))
					 (CONJP (CONJ &)
						(PP (P on)
						    (NP-DAT (ADJ^D mistlican) (N^D lahbrican))))))
			      (, ,)
			      (CONJP (PP (PP (P on)
					     (NP-DAT (N^D +awbrican)))
					 (CONJP (CONJ &)
						(PP (P on)
						    (NP-DAT (N^D hadbrican))))))
			      (, ,)
			      (CONJP (PP (PP (P on)
					     (NP-DAT (N^D freolsbricon)))
					 (CONJP (CONJ &)
						(PP (P on)
						    (NP-DAT (N^D f+astenbricon))))))
			      (, ,)
			      (CONJP (PP (PP (P on)
					     (NP-DAT (N^D cyricrenan)))
					 (CONJP (CONJ &)
						(PP (P on)
						    (NP-DAT (NP-GEN (Q^G m+aniges) (N^G cynnes))
							    (N^D misd+adan)))))))))
	  (. .))
  (ID colaw6atr,LawVIAtr:28.2.75))
/*
FOOTER
  source file, hits/tokens/total
  C:\Users\Shoo\Dropbox\workspace\CorpusSearch_Auto\data\corporas\YCOE\temp1492105600559\rules_charters_wills_laws_ecclesiastical_laws_and_proceedingstrials\colaw6atr.o3.psd	9/3/111
*/
/*
HEADER:
source file:  C:\Users\Shoo\Dropbox\workspace\CorpusSearch_Auto\data\corporas\YCOE\temp1492105600559\rules_charters_wills_laws_ecclesiastical_laws_and_proceedingstrials\colawaf.o2.psd
*/
/*
FOOTER
  source file, hits/tokens/total
  C:\Users\Shoo\Dropbox\workspace\CorpusSearch_Auto\data\corporas\YCOE\temp1492105600559\rules_charters_wills_laws_ecclesiastical_laws_and_proceedingstrials\colawaf.o2.psd	0/0/210
*/
/*
HEADER:
source file:  C:\Users\Shoo\Dropbox\workspace\CorpusSearch_Auto\data\corporas\YCOE\temp1492105600559\rules_charters_wills_laws_ecclesiastical_laws_and_proceedingstrials\colawafint.o2.psd
*/

/~*
& we eow cy+da+d, +t+at we geascodon, +t+at ure geferan sume mid urum wordum
to eow comon & eow hefigran wisan budon to healdanne +tonne we him budon, &
eow to swi+de gedwealdon mid +dam mannigfealdum gebodum, & eowra sawla ma
forhwerfdon +tonne hie geryhton.
(colawafint,LawAfEl:49.3.123)
*~/
/*
63 ADJR:  63 ADJR, 64 hefigran, 65 N
63 ADJR:  63 ADJR, 64 hefigran, 142 N
*/

( (IP-MAT-SPE (CONJ &)
	      (NP-NOM (PRO^N we))
	      (NP (PRO eow))
	      (VBPI cy+da+d)
	      (, ,)
	      (CP-THT-SPE (C +t+at)
			  (IP-SUB-SPE (NP-NOM (PRO^N we))
				      (VBDI geascodon)
				      (, ,)
				      (CP-THT-SPE (C +t+at)
						  (IP-SUB-SPE (IP-SUB-SPE (NP-NOM (PRO$^N ure) (N^N geferan) (Q^N sume))
									  (PP (P mid)
									      (NP-DAT (PRO$^D urum) (N^D wordum)))
									  (PP (P to)
									      (NP (PRO eow)))
									  (VBDI comon))
							      (CONJP (CONJ &)
								     (IP-SUB-CON-SPE (NP-NOM *con*)
										     (NP (PRO eow))
										     (NP (ADJR hefigran)
											 (N wisan)
											 (CP-EOP-SPE *ICH*-1)
											 (PP *ICH*-3))
										     (VBDI budon)
										     (CP-EOP-SPE-1 (WNP-2 0)
												   (IP-INF-SPE (NP *T*-2)
													       (TO to)
													       (VB^D healdanne)))
										     (PP-3 (P +tonne)
											   (CP-CMP-SPE (WADJP-4 0)
												       (C 0)
												       (IP-SUB-SPE (NP (ADJP *T*-4))
														   (NP-NOM (PRO^N we))
														   (NP-DAT (PRO^D him))
														   (VBDI budon))))))
							      (, ,)
							      (CONJP (CONJ &)
								     (IP-SUB-CON-SPE (NP-NOM *con*)
										     (NP (PRO eow))
										     (ADVP (ADV to) (ADV swi+de))
										     (VBDI gedwealdon)
										     (PP (P mid)
											 (NP-DAT (D^D +dam) (ADJ^D mannigfealdum) (N^D gebodum)))))
							      (, ,)
							      (CONJP (CONJ &)
								     (IP-SUB-CON-SPE (NP-NOM *con*)
										     (NP (PRO$ eowra) (N sawla))
										     (QP-ADT (QR ma)
											     (PP *ICH*-5))
										     (VBDI forhwerfdon)
										     (PP-5 (P +tonne)
											   (CP-CMP-SPE (WQP-6 0)
												       (C 0)
												       (IP-SUB-SPE (QP-ADT *T*-6)
														   (NP-NOM *pro*)
														   (NP-ACC (PRO^A hie))
														   (VBDI geryhton))))))))))
	      (. .))
  (ID colawafint,LawAfEl:49.3.123))

/~*
& on o+dre wisan bebead to healdanne.
(colawafint,LawAfEl:49.9.141)
*~/
/*
10 ADJ:  10 ADJ, 11 o+dre, 12 N
*/

( (IP-MAT-SPE (CONJ &)
	      (NP-NOM *con*)
	      (PP-1 (P on)
		    (NP (ADJ o+dre) (N wisan)))
	      (VBDI bebead)
	      (IP-INF-SPE (PP *ICH*-1)
			  (TO to)
			  (VB^D healdanne))
	      (. .))
  (ID colawafint,LawAfEl:49.9.141))
/*
FOOTER
  source file, hits/tokens/total
  C:\Users\Shoo\Dropbox\workspace\CorpusSearch_Auto\data\corporas\YCOE\temp1492105600559\rules_charters_wills_laws_ecclesiastical_laws_and_proceedingstrials\colawafint.o2.psd	2/2/146
*/
/*
HEADER:
source file:  C:\Users\Shoo\Dropbox\workspace\CorpusSearch_Auto\data\corporas\YCOE\temp1492105600559\rules_charters_wills_laws_ecclesiastical_laws_and_proceedingstrials\colawger.o34.psd
*/

/~*
Be gesceadwisan gerefan.
(colawger,LawGer:0.1.2)
*~/
/*
7 ADJ:  7 ADJ, 8 gesceadwisan, 9 N
*/

( (CODE <T09820000100,0.1>)
  (PP (P Be)
      (NP (ADJ gesceadwisan) (N gerefan))
      (. .))
  (ID colawger,LawGer:0.1.2))
/*
FOOTER
  source file, hits/tokens/total
  C:\Users\Shoo\Dropbox\workspace\CorpusSearch_Auto\data\corporas\YCOE\temp1492105600559\rules_charters_wills_laws_ecclesiastical_laws_and_proceedingstrials\colawger.o34.psd	1/1/35
*/
/*
HEADER:
source file:  C:\Users\Shoo\Dropbox\workspace\CorpusSearch_Auto\data\corporas\YCOE\temp1492105600559\rules_charters_wills_laws_ecclesiastical_laws_and_proceedingstrials\colawine.ox2.psd
*/

/~*
Gif hwa fare unaliefed fram his hlaforde o+d+de on o+dre scire hine bestele, &
hine mon geahsige, fare +t+ar he +ar w+as
(colawine,LawIne:39.103)
*~/
/*
37 ADJ:  37 ADJ, 38 o+dre, 39 N
*/

( (CODE <T09300006700,39>)
  (IP-MAT (CP-ADV (P Gif)
		  (C 0)
		  (IP-SUB (IP-SUB (NP-NOM (Q^N hwa))
				  (VBPS fare)
				  (ADJP-NOM (ADJ^N unaliefed))
				  (PP (P fram)
				      (NP-DAT (PRO$ his) (N^D hlaforde))))
			  (CONJP (CONJ o+d+de)
				 (IP-SUB-CON (NP-NOM *con*)
					     (PP (P on)
						 (NP (ADJ o+dre) (N scire)))
					     (NP-ACC (PRO^A hine))
					     (VBPS bestele)))
			  (, ,)
			  (CONJP (CONJ &)
				 (IP-SUB-CON (NP-ACC (PRO^A hine))
					     (NP-NOM (MAN^N mon))
					     (VBPS geahsige)))))
	  (, ,)
	  (NP-NOM *pro*)
	  (VBPS fare)
	  (CP-FRL-LOC (WADVP-LOC-1 (ADV^L +t+ar))
		      (C 0)
		      (IP-SUB (ADVP-LOC *T*-1)
			      (NP-NOM (PRO^N he))
			      (ADVP-TMP (ADV^T +ar))
			      (BEDI w+as))))
  (ID colawine,LawIne:39.103))

/~*
Gif gesi+dcund mon +tinga+d wi+d cyning o+d+de wi+d kyninges ealdormonnan for
his inhiwan o+d+de wi+d his hlaford for +deowe o+d+de for frige, nah he +t+ar
nane witer+adenne, se gesi+d, for+don he him nolde +ar yfles gestieran +at ham.
(colawine,LawIne:50.136)
*~/
/*
62 ADJ:  62 ADJ, 63 +deowe, 125 N
71 ADJ:  71 ADJ, 72 frige, 125 N
*/

( (CODE <T09300008700,50>)
  (IP-MAT (CP-ADV (P Gif)
		  (C 0)
		  (IP-SUB (IP-SUB-0 (NP-NOM (ADJ^N gesi+dcund) (N^N mon))
				    (VBPI +tinga+d)
				    (PP (PP (P wi+d)
					    (NP-ACC (N^A cyning)))
					(CONJP (CONJ o+d+de)
					       (PP (P wi+d)
						   (NP (NP-GEN (N^G kyninges))
						       (N ealdormonnan)))))
				    (PP (P for)
					(NP (PRO$ his) (N inhiwan))))
			  (CONJP (CONJ o+d+de)
				 (IPX-SUB-CON=0 (PP (P wi+d)
						    (NP-ACC (PRO$ his) (N^A hlaford)))
						(PP (PP (P for)
							(NP (ADJ +deowe)))
						    (CONJP (CONJ o+d+de)
							   (PP (P for)
							       (ADJP (ADJ frige)))))))))
	  (, ,)
	  (NEG+VBPI nah)
	  (NP-NOM (PRO^N he)
		  (NP-NOM-PRN *ICH*-1))
	  (ADVP-LOC (ADV^L +t+ar))
	  (NP-ACC (NEG+Q^A nane) (N^A witer+adenne))
	  (, ,)
	  (NP-NOM-PRN-1 (D^N se) (N^N gesi+d))
	  (, ,)
	  (CP-ADV (P for+don)
		  (C 0)
		  (IP-SUB (NP-NOM (PRO^N he))
			  (NP-DAT (PRO^D him))
			  (NEG+MDD nolde)
			  (ADVP-TMP (ADV^T +ar))
			  (NP-GEN (N^G yfles))
			  (VB gestieran)
			  (PP (P +at)
			      (NP (N ham)))))
	  (. .))
  (ID colawine,LawIne:50.136))
/*
FOOTER
  source file, hits/tokens/total
  C:\Users\Shoo\Dropbox\workspace\CorpusSearch_Auto\data\corporas\YCOE\temp1492105600559\rules_charters_wills_laws_ecclesiastical_laws_and_proceedingstrials\colawine.ox2.psd	3/2/192
*/
/*
HEADER:
source file:  C:\Users\Shoo\Dropbox\workspace\CorpusSearch_Auto\data\corporas\YCOE\temp1492105600559\rules_charters_wills_laws_ecclesiastical_laws_and_proceedingstrials\colawnorthu.o3.psd
*/

/~*
And Godes forboda we forbeoda+d, +t+at +anig preost o+dre cirican na+der ne
$gebicg+a ne $ge+ticg+a, buton hine hwa mid heafodgilte forwyrce, +t+at he
weofod+tenunge +tanon for+d wyr+de ne sy.
(colawnorthu,LawNorthu:2.5)
*~/
/*
29 ADJ:  29 ADJ, 30 o+dre, 31 N
29 ADJ:  29 ADJ, 30 o+dre, 76 N
*/

( (CODE <T09660000300,2>)
  (IP-MAT (CONJ And)
	  (NP-ADT (NP-GEN (NR^G Godes))
		  (N forboda))
	  (NP-NOM (PRO^N we))
	  (VBPI forbeoda+d)
	  (, ,)
	  (CP-THT (C +t+at)
		  (IP-SUB (NP-NOM (Q^N +anig) (N^N preost))
			  (NP (ADJ o+dre) (N cirican))
			  (VBPS (NEG+CONJ na+der) (NEG+CONJ ne) (VBPS $gebicg+a) (NEG+CONJ ne) (VBPS $ge+ticg+a))
			  (, ,)
			  (CP-ADV (P buton)
				  (C 0)
				  (IP-SUB (NP-ACC (PRO^A hine))
					  (NP-NOM (Q^N hwa))
					  (PP (P mid)
					      (NP-DAT (N^D heafodgilte)))
					  (VBPS forwyrce)
					  (, ,)
					  (CP-ADV (C +t+at)
						  (IP-SUB (NP-NOM (PRO^N he))
							  (NP (N weofod+tenunge))
							  (ADVP-TMP (ADV^T +tanon))
							  (RP for+d)
							  (ADJP-NOM-PRD (ADJ^N wyr+de))
							  (NEG ne)
							  (BEPS sy)))))))
	  (. .))
  (ID colawnorthu,LawNorthu:2.5))
/*
FOOTER
  source file, hits/tokens/total
  C:\Users\Shoo\Dropbox\workspace\CorpusSearch_Auto\data\corporas\YCOE\temp1492105600559\rules_charters_wills_laws_ecclesiastical_laws_and_proceedingstrials\colawnorthu.o3.psd	1/1/98
*/
/*
HEADER:
source file:  C:\Users\Shoo\Dropbox\workspace\CorpusSearch_Auto\data\corporas\YCOE\temp1492105600559\rules_charters_wills_laws_ecclesiastical_laws_and_proceedingstrials\colawwllad.o4.psd
*/
/*
FOOTER
  source file, hits/tokens/total
  C:\Users\Shoo\Dropbox\workspace\CorpusSearch_Auto\data\corporas\YCOE\temp1492105600559\rules_charters_wills_laws_ecclesiastical_laws_and_proceedingstrials\colawwllad.o4.psd	0/0/14
*/
/*
SUMMARY:  
source files, hits/tokens/total
  C:\Users\Shoo\Dropbox\workspace\CorpusSearch_Auto\data\corporas\YCOE\temp1492105600559\rules_charters_wills_laws_ecclesiastical_laws_and_proceedingstrials\cobenrul.o3.psd	16/14/1288
  C:\Users\Shoo\Dropbox\workspace\CorpusSearch_Auto\data\corporas\YCOE\temp1492105600559\rules_charters_wills_laws_ecclesiastical_laws_and_proceedingstrials\cocanedgD.psd	0/0/79
  C:\Users\Shoo\Dropbox\workspace\CorpusSearch_Auto\data\corporas\YCOE\temp1492105600559\rules_charters_wills_laws_ecclesiastical_laws_and_proceedingstrials\cocanedgX.psd	0/0/105
  C:\Users\Shoo\Dropbox\workspace\CorpusSearch_Auto\data\corporas\YCOE\temp1492105600559\rules_charters_wills_laws_ecclesiastical_laws_and_proceedingstrials\cochdrul.psd	24/22/1132
  C:\Users\Shoo\Dropbox\workspace\CorpusSearch_Auto\data\corporas\YCOE\temp1492105600559\rules_charters_wills_laws_ecclesiastical_laws_and_proceedingstrials\codocu1.o1.psd	0/0/90
  C:\Users\Shoo\Dropbox\workspace\CorpusSearch_Auto\data\corporas\YCOE\temp1492105600559\rules_charters_wills_laws_ecclesiastical_laws_and_proceedingstrials\codocu2.o12.psd	0/0/11
  C:\Users\Shoo\Dropbox\workspace\CorpusSearch_Auto\data\corporas\YCOE\temp1492105600559\rules_charters_wills_laws_ecclesiastical_laws_and_proceedingstrials\codocu2.o2.psd	1/1/123
  C:\Users\Shoo\Dropbox\workspace\CorpusSearch_Auto\data\corporas\YCOE\temp1492105600559\rules_charters_wills_laws_ecclesiastical_laws_and_proceedingstrials\codocu3.o23.psd	0/0/35
  C:\Users\Shoo\Dropbox\workspace\CorpusSearch_Auto\data\corporas\YCOE\temp1492105600559\rules_charters_wills_laws_ecclesiastical_laws_and_proceedingstrials\codocu3.o3.psd	3/3/401
  C:\Users\Shoo\Dropbox\workspace\CorpusSearch_Auto\data\corporas\YCOE\temp1492105600559\rules_charters_wills_laws_ecclesiastical_laws_and_proceedingstrials\codocu4.o24.psd	1/1/23
  C:\Users\Shoo\Dropbox\workspace\CorpusSearch_Auto\data\corporas\YCOE\temp1492105600559\rules_charters_wills_laws_ecclesiastical_laws_and_proceedingstrials\coinspolD.o34.psd	0/0/169
  C:\Users\Shoo\Dropbox\workspace\CorpusSearch_Auto\data\corporas\YCOE\temp1492105600559\rules_charters_wills_laws_ecclesiastical_laws_and_proceedingstrials\coinspolX.psd	2/2/327
  C:\Users\Shoo\Dropbox\workspace\CorpusSearch_Auto\data\corporas\YCOE\temp1492105600559\rules_charters_wills_laws_ecclesiastical_laws_and_proceedingstrials\colaw1cn.o3.psd	3/3/146
  C:\Users\Shoo\Dropbox\workspace\CorpusSearch_Auto\data\corporas\YCOE\temp1492105600559\rules_charters_wills_laws_ecclesiastical_laws_and_proceedingstrials\colaw2cn.o3.psd	3/2/304
  C:\Users\Shoo\Dropbox\workspace\CorpusSearch_Auto\data\corporas\YCOE\temp1492105600559\rules_charters_wills_laws_ecclesiastical_laws_and_proceedingstrials\colaw5atr.o3.psd	8/3/79
  C:\Users\Shoo\Dropbox\workspace\CorpusSearch_Auto\data\corporas\YCOE\temp1492105600559\rules_charters_wills_laws_ecclesiastical_laws_and_proceedingstrials\colaw6atr.o3.psd	9/3/111
  C:\Users\Shoo\Dropbox\workspace\CorpusSearch_Auto\data\corporas\YCOE\temp1492105600559\rules_charters_wills_laws_ecclesiastical_laws_and_proceedingstrials\colawaf.o2.psd	0/0/210
  C:\Users\Shoo\Dropbox\workspace\CorpusSearch_Auto\data\corporas\YCOE\temp1492105600559\rules_charters_wills_laws_ecclesiastical_laws_and_proceedingstrials\colawafint.o2.psd	2/2/146
  C:\Users\Shoo\Dropbox\workspace\CorpusSearch_Auto\data\corporas\YCOE\temp1492105600559\rules_charters_wills_laws_ecclesiastical_laws_and_proceedingstrials\colawger.o34.psd	1/1/35
  C:\Users\Shoo\Dropbox\workspace\CorpusSearch_Auto\data\corporas\YCOE\temp1492105600559\rules_charters_wills_laws_ecclesiastical_laws_and_proceedingstrials\colawine.ox2.psd	3/2/192
  C:\Users\Shoo\Dropbox\workspace\CorpusSearch_Auto\data\corporas\YCOE\temp1492105600559\rules_charters_wills_laws_ecclesiastical_laws_and_proceedingstrials\colawnorthu.o3.psd	1/1/98
  C:\Users\Shoo\Dropbox\workspace\CorpusSearch_Auto\data\corporas\YCOE\temp1492105600559\rules_charters_wills_laws_ecclesiastical_laws_and_proceedingstrials\colawwllad.o4.psd	0/0/14
whole search, hits/tokens/total
		77/60/5118
*/
