/*
PREFACE:  
Copyright 2010 Beth Randall
Date:  Thu Apr 13 18:59:03 BST 2017

command file:     data\searches\queries\PENN\progressive_forms_past_tense.q
output file:      C:\Users\Shoo\Dropbox\workspace\CorpusSearch_Auto\data\output\13-04-2017 18.46.36.333 PPCMBE\progressive_forms_past_tense\prefaces_epilogues_nonprivate_and_private_letters\result.out

node:   BED*|AXG*|BAG*|HAG*|VAG*
query:  (BAG*|HAG*|VAG*|DAG* Dominates  !BAG*|HAG*|VAG*|DAG*) 
  AND  (BED* Dominates  AXG*|BAG*|HAG*|VAG*) 
*/
/*
HEADER:
source file:  C:\Users\Shoo\Dropbox\workspace\CorpusSearch_Auto\data\corporas\PPCMBE\temp1492106160469\prefaces_epilogues_nonprivate_and_private_letters\austen-180x.psd
*/
/*
FOOTER
  source file, hits/tokens/total
  C:\Users\Shoo\Dropbox\workspace\CorpusSearch_Auto\data\corporas\PPCMBE\temp1492106160469\prefaces_epilogues_nonprivate_and_private_letters\austen-180x.psd	0/0/741
*/
/*
HEADER:
source file:  C:\Users\Shoo\Dropbox\workspace\CorpusSearch_Auto\data\corporas\PPCMBE\temp1492106160469\prefaces_epilogues_nonprivate_and_private_letters\carlyle-1835.psd
*/
/*
FOOTER
  source file, hits/tokens/total
  C:\Users\Shoo\Dropbox\workspace\CorpusSearch_Auto\data\corporas\PPCMBE\temp1492106160469\prefaces_epilogues_nonprivate_and_private_letters\carlyle-1835.psd	0/0/699
*/
/*
HEADER:
source file:  C:\Users\Shoo\Dropbox\workspace\CorpusSearch_Auto\data\corporas\PPCMBE\temp1492106160469\prefaces_epilogues_nonprivate_and_private_letters\george-1763.psd
*/
/*
FOOTER
  source file, hits/tokens/total
  C:\Users\Shoo\Dropbox\workspace\CorpusSearch_Auto\data\corporas\PPCMBE\temp1492106160469\prefaces_epilogues_nonprivate_and_private_letters\george-1763.psd	0/0/288
*/
/*
HEADER:
source file:  C:\Users\Shoo\Dropbox\workspace\CorpusSearch_Auto\data\corporas\PPCMBE\temp1492106160469\prefaces_epilogues_nonprivate_and_private_letters\gladstone-1873.psd
*/
/*
FOOTER
  source file, hits/tokens/total
  C:\Users\Shoo\Dropbox\workspace\CorpusSearch_Auto\data\corporas\PPCMBE\temp1492106160469\prefaces_epilogues_nonprivate_and_private_letters\gladstone-1873.psd	0/0/925
*/
/*
HEADER:
source file:  C:\Users\Shoo\Dropbox\workspace\CorpusSearch_Auto\data\corporas\PPCMBE\temp1492106160469\prefaces_epilogues_nonprivate_and_private_letters\holmes-letters-1749.psd
*/
/*
FOOTER
  source file, hits/tokens/total
  C:\Users\Shoo\Dropbox\workspace\CorpusSearch_Auto\data\corporas\PPCMBE\temp1492106160469\prefaces_epilogues_nonprivate_and_private_letters\holmes-letters-1749.psd	0/0/298
*/
/*
HEADER:
source file:  C:\Users\Shoo\Dropbox\workspace\CorpusSearch_Auto\data\corporas\PPCMBE\temp1492106160469\prefaces_epilogues_nonprivate_and_private_letters\johnson-1775.psd
*/
/*
FOOTER
  source file, hits/tokens/total
  C:\Users\Shoo\Dropbox\workspace\CorpusSearch_Auto\data\corporas\PPCMBE\temp1492106160469\prefaces_epilogues_nonprivate_and_private_letters\johnson-1775.psd	0/0/914
*/
/*
HEADER:
source file:  C:\Users\Shoo\Dropbox\workspace\CorpusSearch_Auto\data\corporas\PPCMBE\temp1492106160469\prefaces_epilogues_nonprivate_and_private_letters\montagu-1718.psd
*/
/*
FOOTER
  source file, hits/tokens/total
  C:\Users\Shoo\Dropbox\workspace\CorpusSearch_Auto\data\corporas\PPCMBE\temp1492106160469\prefaces_epilogues_nonprivate_and_private_letters\montagu-1718.psd	0/0/492
*/
/*
HEADER:
source file:  C:\Users\Shoo\Dropbox\workspace\CorpusSearch_Auto\data\corporas\PPCMBE\temp1492106160469\prefaces_epilogues_nonprivate_and_private_letters\nightingale-188x.psd
*/
/*
FOOTER
  source file, hits/tokens/total
  C:\Users\Shoo\Dropbox\workspace\CorpusSearch_Auto\data\corporas\PPCMBE\temp1492106160469\prefaces_epilogues_nonprivate_and_private_letters\nightingale-188x.psd	0/0/211
*/
/*
HEADER:
source file:  C:\Users\Shoo\Dropbox\workspace\CorpusSearch_Auto\data\corporas\PPCMBE\temp1492106160469\prefaces_epilogues_nonprivate_and_private_letters\nightingale-189x.psd
*/
/*
FOOTER
  source file, hits/tokens/total
  C:\Users\Shoo\Dropbox\workspace\CorpusSearch_Auto\data\corporas\PPCMBE\temp1492106160469\prefaces_epilogues_nonprivate_and_private_letters\nightingale-189x.psd	0/0/429
*/
/*
HEADER:
source file:  C:\Users\Shoo\Dropbox\workspace\CorpusSearch_Auto\data\corporas\PPCMBE\temp1492106160469\prefaces_epilogues_nonprivate_and_private_letters\victoria-186x.psd
*/
/*
FOOTER
  source file, hits/tokens/total
  C:\Users\Shoo\Dropbox\workspace\CorpusSearch_Auto\data\corporas\PPCMBE\temp1492106160469\prefaces_epilogues_nonprivate_and_private_letters\victoria-186x.psd	0/0/826
*/
/*
HEADER:
source file:  C:\Users\Shoo\Dropbox\workspace\CorpusSearch_Auto\data\corporas\PPCMBE\temp1492106160469\prefaces_epilogues_nonprivate_and_private_letters\walpole-174x.psd
*/
/*
FOOTER
  source file, hits/tokens/total
  C:\Users\Shoo\Dropbox\workspace\CorpusSearch_Auto\data\corporas\PPCMBE\temp1492106160469\prefaces_epilogues_nonprivate_and_private_letters\walpole-174x.psd	0/0/665
*/
/*
HEADER:
source file:  C:\Users\Shoo\Dropbox\workspace\CorpusSearch_Auto\data\corporas\PPCMBE\temp1492106160469\prefaces_epilogues_nonprivate_and_private_letters\wellesley-1815.psd
*/
/*
FOOTER
  source file, hits/tokens/total
  C:\Users\Shoo\Dropbox\workspace\CorpusSearch_Auto\data\corporas\PPCMBE\temp1492106160469\prefaces_epilogues_nonprivate_and_private_letters\wellesley-1815.psd	0/0/543
*/
/*
SUMMARY:  
source files, hits/tokens/total
  C:\Users\Shoo\Dropbox\workspace\CorpusSearch_Auto\data\corporas\PPCMBE\temp1492106160469\prefaces_epilogues_nonprivate_and_private_letters\austen-180x.psd	0/0/741
  C:\Users\Shoo\Dropbox\workspace\CorpusSearch_Auto\data\corporas\PPCMBE\temp1492106160469\prefaces_epilogues_nonprivate_and_private_letters\carlyle-1835.psd	0/0/699
  C:\Users\Shoo\Dropbox\workspace\CorpusSearch_Auto\data\corporas\PPCMBE\temp1492106160469\prefaces_epilogues_nonprivate_and_private_letters\george-1763.psd	0/0/288
  C:\Users\Shoo\Dropbox\workspace\CorpusSearch_Auto\data\corporas\PPCMBE\temp1492106160469\prefaces_epilogues_nonprivate_and_private_letters\gladstone-1873.psd	0/0/925
  C:\Users\Shoo\Dropbox\workspace\CorpusSearch_Auto\data\corporas\PPCMBE\temp1492106160469\prefaces_epilogues_nonprivate_and_private_letters\holmes-letters-1749.psd	0/0/298
  C:\Users\Shoo\Dropbox\workspace\CorpusSearch_Auto\data\corporas\PPCMBE\temp1492106160469\prefaces_epilogues_nonprivate_and_private_letters\johnson-1775.psd	0/0/914
  C:\Users\Shoo\Dropbox\workspace\CorpusSearch_Auto\data\corporas\PPCMBE\temp1492106160469\prefaces_epilogues_nonprivate_and_private_letters\montagu-1718.psd	0/0/492
  C:\Users\Shoo\Dropbox\workspace\CorpusSearch_Auto\data\corporas\PPCMBE\temp1492106160469\prefaces_epilogues_nonprivate_and_private_letters\nightingale-188x.psd	0/0/211
  C:\Users\Shoo\Dropbox\workspace\CorpusSearch_Auto\data\corporas\PPCMBE\temp1492106160469\prefaces_epilogues_nonprivate_and_private_letters\nightingale-189x.psd	0/0/429
  C:\Users\Shoo\Dropbox\workspace\CorpusSearch_Auto\data\corporas\PPCMBE\temp1492106160469\prefaces_epilogues_nonprivate_and_private_letters\victoria-186x.psd	0/0/826
  C:\Users\Shoo\Dropbox\workspace\CorpusSearch_Auto\data\corporas\PPCMBE\temp1492106160469\prefaces_epilogues_nonprivate_and_private_letters\walpole-174x.psd	0/0/665
  C:\Users\Shoo\Dropbox\workspace\CorpusSearch_Auto\data\corporas\PPCMBE\temp1492106160469\prefaces_epilogues_nonprivate_and_private_letters\wellesley-1815.psd	0/0/543
whole search, hits/tokens/total
		0/0/7031
*/
