/*
PREFACE:  
Copyright 2010 Beth Randall
Date:  Thu Apr 13 19:02:50 BST 2017

command file:     data\searches\queries\PENN\progressive_forms_subjunctive_mood.q
output file:      C:\Users\Shoo\Dropbox\workspace\CorpusSearch_Auto\data\output\13-04-2017 18.46.36.333 PPCME2\progressive_forms_subjunctive_mood\biography_and_diaries\result.out

node:   IP-SUB|BAG*|HAG*|VAG*|DAG*
query:  (BAG*|HAG*|VAG*|DAG* Dominates  !BAG*|HAG*|VAG*|DAG*) 
  AND  (IP-SUB Dominates  BAG*|HAG*|VAG*|DAG*) 
*/
/*
HEADER:
source file:  C:\Users\Shoo\Dropbox\workspace\CorpusSearch_Auto\data\corporas\PPCME2\temp1492106398658\biography_and_diaries\cmedmund.m4.psd
*/
/*
FOOTER
  source file, hits/tokens/total
  C:\Users\Shoo\Dropbox\workspace\CorpusSearch_Auto\data\corporas\PPCME2\temp1492106398658\biography_and_diaries\cmedmund.m4.psd	0/0/300
*/
/*
HEADER:
source file:  C:\Users\Shoo\Dropbox\workspace\CorpusSearch_Auto\data\corporas\PPCME2\temp1492106398658\biography_and_diaries\cmjulia.m1.psd
*/

/~*
In ure lauerdes luue +te feader is of frumscheft. ant i +te deore wur+dmunt of
his deorewur+de sune. & i +te heiunge of +te hali gast. +te of ham ba glide+d.
an godd unagin euch godes ful. Alle leawede men. +te under-stonden ne mahen
latines ledene; lide+d & luste+d +te liflade of a meiden. +tt is of latin
iturnd; to englische leode. wi+d +ton +tt teos hali leafdi. in heouene luuie
us +te mare. & +turh +tis lihinde lif; leade us to +tt eche. +turh hire eadi
erndunge. +tt crist is swi+de icweme.
(CMJULIA,95.3)
*~/
/*
256 VAG:  256 VAG, 257 lihinde, 247 IP-SUB
256 VAG:  256 VAG, 257 lihinde, 215 IP-SUB
256 VAG:  256 VAG, 257 lihinde, 182 IP-SUB
*/
( (IP-MAT (PP (PP (P In)
		  (NP (NP-POS (PRO$ ure)
			      (NPR$ lauerdes)
			      (CP-REL *ICH*-1))
		      (N luue)
		      (CP-REL-1 (WNP-2 0)
				(C +te)
				(IP-SUB (NP-SBJ *T*-2)
					(NP-OB1 (NPR feader))
					(BEP is)
					(PP (P of)
					    (NP (N+N frumscheft)))))))
	      (, .)
	      (CONJP (CONJ ant)
		     (PP (P i)
			 (NP (D +te)
			     (ADJ deore)
			     (N wur+dmunt)
			     (PP (P of)
				 (NP (PRO$ his) (ADJ deorewur+de) (NPR sune))))))
	      (, .)
	      (CONJP (CONJ &)
		     (PP (P i)
			 (NP (D +te)
			     (N heiunge)
			     (PP (P of)
				 (NP (D +te)
				     (NPR hali)
				     (NPR gast)
				     (, .)
				     (CP-REL (WNP-3 0)
					     (C +te)
					     (IP-SUB (NP-SBJ *T*-3)
						     (PP (P of)
							 (NP (PRO ham)
							     (QP (Q ba))))
						     (VBP glide+d))))))))
	      (, .)
	      (NP-PRN (ONE an)
		      (NPR godd)
		      (ADJ unagin)
		      (ADJP (NP (Q euch) (N godes))
			    (ADJ ful))))
	  (, .)
	  (NP-SBJ (Q Alle)
		  (ADJ leawede)
		  (NS men)
		  (, .)
		  (CP-REL (WNP-4 0)
			  (C +te)
			  (IP-SUB (NP-SBJ *T*-4)
				  (VB under-stonden)
				  (NEG ne)
				  (MD mahen)
				  (NP-OB1 (NPR$ latines) (N ledene)))))
	  (, ;)
	  (VBP (VBP lide+d) (CONJ &) (VBP luste+d))
	  (NP-OB1 (D +te)
		  (N+N liflade)
		  (PP (P of)
		      (NP (D a) (N meiden)))
		  (, .)
		  (CODE <P_95>)
		  (CP-REL (WNP-5 0)
			  (C +tt)
			  (IP-SUB (NP-SBJ *T*-5)
				  (BEP is)
				  (PP (P of)
				      (NP (NPR latin)))
				  (VAN iturnd)
				  (, ;)
				  (PP (P to)
				      (NP (ADJ englische) (N leode)))
				  (, .)
				  (PP (P wi+d)
				      (D +ton)
				      (CP-ADV (C +tt)
					      (IP-SUB (IP-SUB (NP-SBJ (D teos)
								      (ADJ hali)
								      (N leafdi)
								      (, .)
								      (PP (P in)
									  (NP (NPR heouene))))
							      (VBP luuie)
							      (NP-OB1 (PRO us))
							      (NP-MSR (D +te) (QR mare)))
						      (, .)
						      (CONJP (CONJ &)
							     (IP-SUB (NP-SBJ *con*)
								     (PP (P +turh)
									 (NP (D +tis) (VAG lihinde) (N lif)))
								     (, ;)
								     (VBP leade)
								     (NP-OB1 (PRO us))
								     (PP (P to)
									 (NP (D +tt) (ADJ eche)))
								     (, .)
								     (PP (P +turh)
									 (NP (PRO$ hire)
									     (ADJ eadi)
									     (N erndunge)
									     (, .)
									     (CP-REL (WNP-6 0)
										     (C +tt)
										     (IP-SUB (NP-SBJ *T*-6)
											     (NP-7 (NPR crist))
											     (BEP is)
											     (ADJP (NP *ICH*-7)
												   (ADV swi+de)
												   (ADJ icweme))))))))))))))
	  (. .))
  (ID CMJULIA,95.3))

/~*
Ah +te worldes wealdent +tt wiste sein iuhan his ewangeliste unhurt i +te ueat
of wallinde eoli +ter he wes i-don in. +tt ase hal com up +trof; as he wes hal
meiden. +te ilke liues lauerd. wiste him unwemmet. his brud of +te bres +tt
wes wallinde. swa +tt ne +tuhte hit hire buten ase wlech weater al +tt ha
felde.
(CMJULIA,105.158)
*~/
/*
48 VAG:  48 VAG, 49 wallinde, 17 IP-SUB
159 VAG:  159 VAG, 160 wallinde, 154 IP-SUB
*/

( (IP-MAT (CONJ Ah)
	  (NP-LFD (NP-POS (D +te) (N$ worldes))
		  (N wealdent)
		  (CP-REL (WNP-1 0)
			  (C +tt)
			  (IP-SUB (NP-SBJ *T*-1)
				  (VBD wiste)
				  (IP-SMC (NP-SBJ (NPR sein)
						  (NPR iuhan)
						  (NP-PRN (PRO$ his) (N ewangeliste)))
					  (ADJP (ADJ unhurt)))
				  (PP (P i)
				      (NP (D +te)
					  (N ueat)
					  (PP (P of)
					      (NP (VAG wallinde)
						  (N eoli)
						  (CP-REL (WADVP-2 (ADV +ter))
							  (C 0)
							  (IP-SUB (NP-SBJ (PRO he))
								  (BED wes)
								  (DAN i-don)
								  (PP (P in)
								      (ADVP *T*-2))))))))
				  (, .)
				  (CP-ADV (C +tt)
					  (IP-SUB (NP-SBJ *pro*)
						  (ADJP-SPR (ADVR ase)
							    (ADJ hal)
							    (PP *ICH*-3))
						  (VBD com)
						  (RP up)
						  (PP (ADV+P +trof))
						  (, ;)
						  (PP-3 (P as)
							(CP-ADV (C 0)
								(IP-SUB (NP-SBJ (PRO he))
									(BED wes)
									(NP-OB1 (ADJ hal) (N meiden))))))))))
	  (, .)
	  (NP-SBJ-RSP (D +te) (ADJ ilke) (N$ liues) (NPR lauerd))
	  (, .)
	  (VBP wiste)
	  (NP-RFL (PRO him))
	  (IP-SMC (ADJP (ADJ unwemmet))
		  (, .)
		  (NP-SBJ (PRO$ his) (N brud))
		  (PP (P of)
		      (NP (D +te)
			  (N bres)
			  (CP-REL (WNP-4 0)
				  (C +tt)
				  (IP-SUB (NP-SBJ *T*-4)
					  (BED wes)
					  (VAG wallinde))))))
	  (, .)
	  (PP (P swa)
	      (CP-ADV (C +tt)
		      (IP-SUB (NEG ne)
			      (VBD +tuhte)
			      (NP-SBJ (PRO hit)
				      (NP-PRN *ICH*-5))
			      (NP-OB1 (PRO hire))
			      (PP (FP buten)
				  (P ase)
				  (NP (ADJ wlech) (N weater)))
			      (NP-PRN-5 (Q al)
					(CP-REL (WNP-6 0)
						(C +tt)
						(IP-SUB (NP-OB1 *T*-6)
							(NP-SBJ (PRO ha))
							(VBD felde)))))))
	  (. .))
  (ID CMJULIA,105.158))
/*
FOOTER
  source file, hits/tokens/total
  C:\Users\Shoo\Dropbox\workspace\CorpusSearch_Auto\data\corporas\PPCME2\temp1492106398658\biography_and_diaries\cmjulia.m1.psd	3/2/568
*/
/*
HEADER:
source file:  C:\Users\Shoo\Dropbox\workspace\CorpusSearch_Auto\data\corporas\PPCME2\temp1492106398658\biography_and_diaries\cmkathe.m1.psd
*/

/~*
+tes heouenliche lauerd luue+d treowe bileaue ant now+der blod ne ban of
unforgult ahte ah +tt me halde & heie his halewinde heastes.
(CMKATHE,21.51)
*~/
/*
57 VAG:  57 VAG, 58 halewinde, 43 IP-SUB
*/

( (IP-MAT (NP-SBJ (D +tes) (ADJ heouenliche) (NPR lauerd))
	  (VBP luue+d)
	  (NP-OB1 (NP (ADJ treowe) (N bileaue))
		  (CONJP (CONJ ant)
			 (NP (CONJ now+der)
			     (N blod)
			     (CONJ ne)
			     (N ban)
			     (PP (P of)
				 (NP (ADJ unforgult) (NS ahte)))))
		  (CONJP (CONJ ah)
			 (CP-THT (C +tt)
				 (IP-SUB (NP-SBJ (MAN me))
					 (VBP (VBP halde) (CONJ &) (VBP heie))
					 (NP-OB1 (PRO$ his) (VAG halewinde) (NS heastes))))))
	  (. .))
  (ID CMKATHE,21.51))

/~*
Nefde ha bute iseid swa; +tt an engel ne com lihtinde wi+d swuch leome from
heouene +tt ha wes sumdel offruht ant offert.
(CMKATHE,29.161)
*~/
/*
30 VAG:  30 VAG, 31 lihtinde, 19 IP-SUB
*/

( (IP-MAT (NEG+HVD Nefde)
	  (NP-SBJ (PRO ha))
	  (FP bute)
	  (VBN iseid)
	  (ADVP (ADV swa))
	  (, ;)
	  (CP-ADV (C +tt)
		  (IP-SUB (NP-SBJ (D an) (N engel))
			  (NEG ne)
			  (VBD com)
			  (IP-PPL (VAG lihtinde))
			  (PP (P wi+d)
			      (NP (SUCH swuch)
				  (N leome)
				  (CP-DEG *ICH*-1)))
			  (PP (P from)
			      (NP (NPR heouene)))
			  (CP-DEG-1 (C +tt)
				    (IP-SUB (NP-SBJ (PRO ha))
					    (BED wes)
					    (NP-ADV (Q+N sumdel))
					    (VAN (VAN offruht) (CONJ ant) (VAN offert))))))
	  (. .))
  (ID CMKATHE,29.161))

/~*
As he iseid hefde; bisohten as ha stoden all in asteuene +tet tes meiden moste
$i $+te wur+dschipe of godd wi+d halwende weattres bihealden ham alle.
(CMKATHE,35.249)
*~/
/*
72 VAG:  72 VAG, 73 halwende, 44 IP-SUB
*/

( (IP-MAT (PP (P As)
	      (CP-ADV (C 0)
		      (IP-SUB (NP-SBJ (PRO he))
			      (VBN iseid)
			      (HVD hefde))))
	  (, ;)
	  (VBD bisohten)
	  (PP (P as)
	      (CP-ADV (C 0)
		      (IP-SUB (NP-SBJ (PRO ha))
			      (VBD stoden))))
	  (NP-SBJ (Q all))
	  (PP (P in)
	      (NP (ONE+N asteuene)))
	  (CP-THT (C +tet)
		  (IP-SUB (NP-SBJ (D tes) (N meiden))
			  (MD moste)
			  (PP (P $i)
			      (NP (D $+te)
				  (CODE {TEXT:i+te})
				  (N wur+dschipe)
				  (PP (P of)
				      (NP (NPR godd)))))
			  (PP (P wi+d)
			      (NP (VAG halwende) (NS weattres)))
			  (VB bihealden)
			  (NP-OB1 (PRO ham)
				  (QP (Q alle)))))
	  (. .))
  (ID CMKATHE,35.249))

/~*
+tu most nede no+deles an of +tes twa curen cheosen anan-riht. libben +gef +tu
leist lac to ure liuiende godes. o+der +gef +tu nawt nult; +tu schalt
dreoriliche deien.
(CMKATHE,43.384)
*~/
/*
60 VAG:  60 VAG, 61 liuiende, 45 IP-SUB
*/

( (IP-MAT (NP-SBJ (PRO +tu))
	  (MD most)
	  (NP-ADV (N nede))
	  (ADVP (ADV no+deles))
	  (NP-OB1 (ONE an)
		  (PP (P of)
		      (NP (D +tes)
			  (NUM twa)
			  (NS curen)
			  (IP-INF-PRN *ICH*-1))))
	  (VB cheosen)
	  (ADVP-TMP (ADV anan-riht))
	  (, .)
	  (IP-INF-PRN-1 (IP-INF (VB libben)
				(PP (P +gef)
				    (CP-ADV (C 0)
					    (IP-SUB (NP-SBJ (PRO +tu))
						    (VBP leist)
						    (NP-OB1 (N lac))
						    (PP (P to)
							(NP (PRO$ ure) (VAG liuiende) (NS godes)))))))
			(, .)
			(CONJP (CONJ o+der)
			       (IP-MAT (PP (P +gef)
					   (CP-ADV (C 0)
						   (IP-SUB (NP-SBJ (PRO +tu))
							   (NEG nawt)
							   (NEG+VBP nult))))
				       (, ;)
				       (NP-SBJ (PRO +tu))
				       (MD schalt)
				       (ADVP (ADV dreoriliche))
				       (VB deien))))
	  (. .))
  (ID CMKATHE,43.384))

/~*
+tis wes unnea+de iseit +tt an engel ne com wi+d ferlich afluhte fleoninde
adunewart & draf +ter-to dun-riht as a +tunres dune & duste hit a swuch dunt
+tt hit bigon to cleaterin al & to cleouen. to-bursten & to-breken as +tah hit
were bruchel gles ba +te treo & tet irn
(CMKATHE,45.410)
*~/
/*
35 VAG:  35 VAG, 36 fleoninde, 16 IP-SUB
35 VAG:  35 VAG, 36 fleoninde, 15 IP-SUB
*/

( (IP-MAT (NP-SBJ (D +tis))
	  (BED wes)
	  (ADVP (ADV unnea+de))
	  (VAN iseit)
	  (CP-ADV (C +tt)
		  (IP-SUB (IP-SUB (NP-SBJ (D an) (N engel))
				  (NEG ne)
				  (VBD com)
				  (PP (P wi+d)
				      (NP (ADJ ferlich) (N afluhte)))
				  (IP-PPL (VAG fleoninde)
					  (PP (P+RP+WARD adunewart))))
			  (CONJP (CONJ &)
				 (IP-SUB (NP-SBJ *con*)
					 (VBD draf)
					 (PP (ADV+P +ter-to))
					 (ADVP-DIR (RP+ADV dun-riht))
					 (PP (P as)
					     (NP (NP-POS (D a) (N$ +tunres))
						 (N dune)))))
			  (CONJP (CONJ &)
				 (IP-SUB (NP-SBJ *con*)
					 (VBD duste)
					 (NP-OB2 (PRO hit))
					 (NP-OB1 (D a)
						 (ADJP (SUCH swuch)
						       (CP-DEG *ICH*-1))
						 (N dunt)
						 (CP-DEG-1 (C +tt)
							   (IP-SUB (NP-SBJ (PRO hit)
									   (NP-PRN *ICH*-2))
								   (VBD bigon)
								   (IP-INF (IP-INF (TO to)
										   (VB cleaterin)
										   (ADVP (Q al)))
									   (CONJP (CONJ &)
										  (IP-INF (TO to) (VB cleouen)))
									   (, .)
									   (CONJP (IP-INF (TO *)
											  (VB (VB to-bursten) (CONJ &) (VB to-breken))
											  (PP (P as)
											      (PP (P +tah)
												  (CP-ADV (C 0)
													  (IP-SUB (NP-SBJ (PRO hit))
														  (BED were)
														  (NP-OB1 (ADJ bruchel) (N gles)))))))))
								   (NP-PRN-2 (CONJ ba)
									     (NP (D +te) (N treo))
									     (CONJP (CONJ &)
										    (NP (D tet) (N irn))))))))))))
  (ID CMKATHE,45.410))

/~*
$Nefde ha bute ibede swa; +tt ter ne com asteuene sihinde from heouene.
(CMKATHE,52.520)
*~/
/*
31 VAG:  31 VAG, 32 sihinde, 19 IP-SUB
*/

( (IP-MAT (NEG+HVD $Nefde)
	  (NP-SBJ (PRO ha))
	  (FP bute)
	  (VBN ibede)
	  (ADVP (ADV swa))
	  (, ;)
	  (CP-ADV (C +tt)
		  (IP-SUB (NP-SBJ-1 (EX ter))
			  (NEG ne)
			  (VBD com)
			  (NP-1 (D+N asteuene))
			  (IP-PPL (VAG sihinde))
			  (PP (P from)
			      (NP (NPR heouene)))))
	  (. .))
  (ID CMKATHE,52.520))
/*
FOOTER
  source file, hits/tokens/total
  C:\Users\Shoo\Dropbox\workspace\CorpusSearch_Auto\data\corporas\PPCME2\temp1492106398658\biography_and_diaries\cmkathe.m1.psd	6/6/544
*/
/*
HEADER:
source file:  C:\Users\Shoo\Dropbox\workspace\CorpusSearch_Auto\data\corporas\PPCME2\temp1492106398658\biography_and_diaries\cmmarga.m1.psd
*/

/~*
& te meidnes nomeliche lusten swi+de +georliche. hu ha schulen luuien +te
liuiende lauerd & libben $i $mei+dhad +tt him his mihte leouest swa +tt ha
moten +turh +tt eadie meiden +te we munne+d todei; wi+d mei+dhades menske. +tt
seli meidnes song sin+gen wi+d +tis meiden & wi+d heoueneliche hird echeliche
in heouene.
(CMMARGA,55.12)
*~/
/*
41 VAG:  41 VAG, 42 liuiende, 27 IP-SUB
*/

( (IP-IMP (CONJ &)
	  (NP-VOC (D te) (NS meidnes))
	  (ADVP (ADV nomeliche))
	  (VBI lusten)
	  (ADVP (ADV swi+de) (ADV +georliche))
	  (, .)
	  (CP-QUE (WADVP-1 (WADV hu))
		  (C 0)
		  (IP-SUB (IP-SUB-2 (ADVP *T*-1)
				    (NP-SBJ (PRO ha))
				    (MD schulen)
				    (VB luuien)
				    (NP-OB1 (D +te) (VAG liuiende) (NPR lauerd)))
			  (CONJP (CONJ &)
				 (IP-SUB=2 (VB libben)
					   (PP (P $i)
					       (NP (N $mei+dhad)
						   (CODE {TEXT:imei+dhad})
						   (CP-REL (WNP-3 0)
							   (C +tt)
							   (IP-SUB (NP-SBJ *T*-3)
								   (NP-OB2 (PRO him))
								   (BEP his)
								   (NP-OB1 (N mihte) (ADJS leouest))))))
					   (PP (P swa)
					       (CP-ADV (C +tt)
						       (IP-SUB (NP-SBJ (PRO ha))
							       (MD moten)
							       (PP (P +turh)
								   (NP (D +tt)
								       (ADJ eadie)
								       (N meiden)
								       (CP-REL (WNP-4 0)
									       (C +te)
									       (IP-SUB (NP-OB1 *T*-4)
										       (NP-SBJ (PRO we))
										       (VBP munne+d)
										       (NP-TMP (N todei))))))
							       (, ;)
							       (PP (P wi+d)
								   (NP (N$ mei+dhades) (N menske)))
							       (, .)
							       (NP-OB1 (NP-POS (D +tt) (ADJ seli) (N$ meidnes))
								       (N song))
							       (VB sin+gen)
							       (PP (PP (P wi+d)
								       (NP (D +tis) (N meiden)))
								   (CONJP (CONJ &)
									  (PP (P wi+d)
									      (NP (ADJ heoueneliche) (N hird)))))
							       (ADVP (ADV echeliche))
							       (PP (P in)
								   (NP (NPR heouene))))))))))
	  (. .))
  (ID CMMARGA,55.12))

/~*
Olibrius hehte schireue of +te lond +tt alle +te lefden o +te liuiende godd
fordude & for-demde.
(CMMARGA,56.24)
*~/
/*
45 VAG:  45 VAG, 46 liuiende, 34 IP-SUB
45 VAG:  45 VAG, 46 liuiende, 23 IP-SUB
*/

( (IP-MAT (NP-OB1 (NPR Olibrius))
	  (VBD hehte)
	  (NP-SBJ (N schireue)
		  (PP (P of)
		      (NP (D +te)
			  (N lond)
			  (CP-REL (WNP-1 0)
				  (C +tt)
				  (IP-SUB (NP-SBJ *T*-1)
					  (NP-OB1 (Q alle)
						  (CP-REL (WNP-2 0)
							  (C +te)
							  (IP-SUB (NP-SBJ *T*-2)
								  (VBD lefden)
								  (PP (P o)
								      (NP (D +te) (VAG liuiende) (NPR godd))))))
					  (VBD (VBD fordude) (CONJ &) (VBD for-demde)))))))
	  (. .))
  (ID CMMARGA,56.24))

/~*
$As ha biheold lokinde up-on hire riht half. +ta seh ha hwer set an unsehen
unwiht. muche deale blackre +ten eauer eani blamon. Se grislich se ladlich.
+tt ne mahte hit na mon redliche areachen. & his twa honden to his cnurnede
cneon heteueste ibunden.
(CMMARGA,71.264)
*~/
/*
15 VAG:  15 VAG, 16 lokinde, 8 IP-SUB
*/

( (IP-MAT (PP (P $As)
	      (CP-ADV (C 0)
		      (IP-SUB (NP-SBJ (PRO ha))
			      (VBD biheold)
			      (IP-PPL (VAG lokinde)
				      (PP (P up-on)
					  (NP (PRO$ hire) (ADJ riht) (N half)))))))
	  (, .)
	  (ADVP-TMP (ADV +ta))
	  (VBD seh)
	  (NP-SBJ (PRO ha))
	  (CP-QUE (WADVP-1 (WADV hwer))
		  (C 0)
		  (IP-SUB (ADVP-LOC *T*-1)
			  (VBD set)
			  (NP-SBJ (D an)
				  (ADJ unsehen)
				  (N unwiht)
				  (, .)
				  (ADJP (ADJP (NP-MSR (Q muche) (N deale))
					      (ADJR blackre)
					      (PP (P +ten)
						  (NP (Q (Q21 eauer) (Q22 eani))
						      (ADJ+N blamon))))
					(, .)
					(CONJP (ADJP (ADJP (ADVR Se) (ADJ grislich))
						     (CONJP (ADJP (ADVR se) (ADJ ladlich)))
						     (, .)
						     (CP-DEG (C +tt)
							     (IP-SUB (NEG ne)
								     (MD mahte)
								     (NP-OB1 (PRO hit))
								     (NP-SBJ (Q na) (N mon))
								     (ADVP (ADV redliche))
								     (VB areachen)))))
					(, .)
					(CONJP (CONJ &)
					       (NP (PRO$ his)
						   (NUM twa)
						   (NS honden)
						   (RRC (PP (P to)
							    (NP (PRO$ his) (VAN cnurnede) (NS cneon)))
							(ADVP (ADVS heteueste))
							(VAN ibunden))))))))
	  (. .))
  (ID CMMARGA,71.264))

/~*
& semde as +tah ha sehe $i $+te glistende glem +te deorewur+de rode reache to
+te heouene.
(CMMARGA,75.326)
*~/
/*
31 VAG:  31 VAG, 32 glistende, 17 IP-SUB
*/

( (IP-MAT (CONJ &)
	  (NP-SBJ *exp*)
	  (VBD semde)
	  (PP (P as)
	      (PP (P +tah)
		  (CP-ADV (C 0)
			  (IP-SUB (NP-SBJ (PRO ha))
				  (VBD sehe)
				  (PP (P $i)
				      (NP (D $+te)
					  (CODE {TEXT:i+te})
					  (VAG glistende)
					  (N glem)))
				  (IP-INF (NP-SBJ (D +te) (ADJ deorewur+de) (NPR rode))
					  (VB reache)
					  (PP (P to)
					      (NP (D +te) (NPR heouene))))))))
	  (. .))
  (ID CMMARGA,75.326))

/~*
Ah sone se hit ischawet bi+d birewsinde i schrifte; +tenne scheome+d me
+ter-wi+d.
(CMMARGA,79.387)
*~/
/*
26 VAG:  26 VAG, 27 birewsinde, 15 IP-SUB
*/

( (IP-MAT (CONJ Ah)
	  (ADVP-TMP (ADV sone)
		    (PP (P se)
			(CP-CMP (WADVP-1 0)
				(C 0)
				(IP-SUB (ADVP-TMP *T*-1)
					(NP-SBJ (PRO hit))
					(VAN ischawet)
					(BEP bi+d)
					(IP-PPL (VAG birewsinde)
						(PP (P i)
						    (NP (N schrifte))))))))
	  (, ;)
	  (ADVP-TMP (ADV +tenne))
	  (NP-SBJ *exp*)
	  (VBP scheome+d)
	  (NP-OB2 (PRO me))
	  (PP (ADV+P +ter-wi+d))
	  (. .))
  (ID CMMARGA,79.387))

/~*
& het on hot-heorte +tt me hire heued wi+d $schimminde & scharp sweord wi+d
blikinde & bitel brond to-tweamde from +te bodie.
(CMMARGA,87.518)
*~/
/*
32 VAG:  32 VAG, 33 $schimminde, 17 IP-SUB
48 VAG:  48 VAG, 49 blikinde, 17 IP-SUB
*/

( (IP-MAT (CONJ &)
	  (NP-SBJ *con*)
	  (VBD het)
	  (PP (P on)
	      (NP (ADJ+N hot-heorte)))
	  (CP-THT (C +tt)
		  (IP-SUB (NP-SBJ (MAN me))
			  (NP-OB1 (PRO$ hire) (N heued))
			  (PP (PP (P wi+d)
				  (NP (ADJP (VAG $schimminde)
					    (CODE {TEXT:schimmnde})
					    (CONJ &)
					    (ADJ scharp))
				      (N sweord)))
			      (CONJP (PP (P wi+d)
					 (NP (ADJP (VAG blikinde) (CONJ &) (ADJ bitel))
					     (N brond)))))
			  (VBD to-tweamde)
			  (PP (P from)
			      (NP (D +te) (N bodie)))))
	  (. .))
  (ID CMMARGA,87.518))
/*
FOOTER
  source file, hits/tokens/total
  C:\Users\Shoo\Dropbox\workspace\CorpusSearch_Auto\data\corporas\PPCME2\temp1492106398658\biography_and_diaries\cmmarga.m1.psd	7/6/639
*/
/*
SUMMARY:  
source files, hits/tokens/total
  C:\Users\Shoo\Dropbox\workspace\CorpusSearch_Auto\data\corporas\PPCME2\temp1492106398658\biography_and_diaries\cmedmund.m4.psd	0/0/300
  C:\Users\Shoo\Dropbox\workspace\CorpusSearch_Auto\data\corporas\PPCME2\temp1492106398658\biography_and_diaries\cmjulia.m1.psd	3/2/568
  C:\Users\Shoo\Dropbox\workspace\CorpusSearch_Auto\data\corporas\PPCME2\temp1492106398658\biography_and_diaries\cmkathe.m1.psd	6/6/544
  C:\Users\Shoo\Dropbox\workspace\CorpusSearch_Auto\data\corporas\PPCME2\temp1492106398658\biography_and_diaries\cmmarga.m1.psd	7/6/639
whole search, hits/tokens/total
		16/14/2051
*/
