/*
PREFACE:  
Copyright 2010 Beth Randall
Date:  Thu Apr 13 19:02:36 BST 2017

command file:     data\searches\queries\PENN\progressive_forms_in_reduced_relatives.q
output file:      C:\Users\Shoo\Dropbox\workspace\CorpusSearch_Auto\data\output\13-04-2017 18.46.36.333 PPCME2\progressive_forms_in_reduced_relatives\philosophy\result.out

node:   RRC|BAG*|HAG*|VAG*|DAG*
query:  (BAG*|HAG*|VAG*|DAG* Dominates  !BAG*|HAG*|VAG*|DAG*) 
  AND  (RRC Dominates  BAG*|HAG*|VAG*|DAG*) 
*/
/*
HEADER:
source file:  C:\Users\Shoo\Dropbox\workspace\CorpusSearch_Auto\data\corporas\PPCME2\temp1492106398658\philosophy\cmboeth.m3.psd
*/

/~*
for certes somthing possessyng in itself parfyt good schulde be more worthy
than God,
(CMBOETH,432.C1.143)
*~/
/*
11 VAG:  11 VAG, 12 possessyng, 10 RRC
*/
( (IP-MAT-SPE (CONJ for)
	      (ADVP (ADV certes))
	      (NP-SBJ (Q+N somthing)
		      (RRC (VAG possessyng)
			   (PP (P in)
			       (NP (PRO+N itself)))
			   (NP-OB1 (ADJ parfyt) (N good))))
	      (MD schulde)
	      (BE be)
	      (ADJP (QR more)
		    (ADJ worthy)
		    (PP (P than)
			(NP (NPR God))))
	      (. ,))
  (ID CMBOETH,432.C1.143))

/~*
$and I am in a doute of swiche thinges $as ne han no felyng soules ne no
naturel werkynges servynge to appetites as beestes han, whether thei han
appetyt to duellen and to duren.
(CMBOETH,435.C1.278)
*~/
/*
61 VAG:  61 VAG, 62 servynge, 60 RRC
*/

( (IP-MAT-SPE (CONJ $and)
	      (NP-SBJ (PRO I))
	      (BEP am)
	      (PP (P in)
		  (NP (D a) (N doute)))
	      (PP (P of)
		  (NP (SUCH swiche)
		      (NS thinges)
		      (PP (P $as)
			  (CP-CMP-SPE (WNP-1 0)
				      (C 0)
				      (IP-SUB-SPE (NP-SBJ *T*-1)
						  (NEG ne)
						  (HVP han)
						  (NP-OB1 (NP (Q no) (VAG felyng) (NS soules))
							  (CODE <paren>)
							  (CONJP (CONJ ne)
								 (NP (Q no)
								     (ADJ naturel)
								     (NS werkynges)
								     (RRC (VAG servynge)
									  (PP (P to)
									      (NP (NS appetites)))))))
						  (PP (P as)
						      (CP-ADV-SPE (WADVP-2 0)
								  (C 0)
								  (IP-SUB-SPE (ADVP *T*-2)
									      (NP-SBJ (NS beestes))
									      (HVP han)))))))))
	      (, ,)
	      (CP-QUE-SPE (WQ whether)
			  (C 0)
			  (IP-SUB-SPE (NP-SBJ (PRO thei))
				      (HVP han)
				      (NP-OB1 (N appetyt)
					      (IP-SUB-SPE (IP-INF-SPE (TO to) (VB duellen))
							  (CONJP (CONJ and)
								 (IP-INF-SPE (TO to) (VB duren)))))))
	      (CODE <$$paren>)
	      (. .))
  (ID CMBOETH,435.C1.278))

/~*
but, certes, destyne is the disposicioun and ordenance clyvynge to moevable
thinges, by the whiche disposicion the purveaunce knytteth alle thingis in hir
ordres;
(CMBOETH,451.C2.467)
*~/
/*
28 VAG:  28 VAG, 29 clyvynge, 27 RRC
*/

( (IP-MAT-SPE (CONJ but)
	      (, ,)
	      (ADVP (ADV certes))
	      (, ,)
	      (NP-SBJ (N destyne))
	      (BEP is)
	      (NP-OB1 (D the)
		      (N disposicioun)
		      (CONJP (CONJ and)
			     (NX (N ordenance)))
		      (RRC (VAG clyvynge)
			   (PP (P to)
			       (NP (ADJ moevable) (NS thinges)))))
	      (, ,)
	      (CP-CAR-SPE (WPP-1 (P by)
				 (WNP (D the) (WD whiche) (N disposicion)))
			  (C 0)
			  (IP-SUB-SPE (PP *T*-1)
				      (NP-SBJ (D the) (N purveaunce))
				      (VBP knytteth)
				      (NP-OB1 (Q alle) (NS thingis))
				      (PP (P in)
					  (NP (PRO$ hir) (NS ordres)))))
	      (. ;))
  (ID CMBOETH,451.C2.467))

/~*
Thanne, whethir that destyne be exercised outhir by some devyne spiritz,
servantz to the devyne purveaunce, or elles by some soule, or elles by alle
nature servynge to God, or elles by the celestial moevynges of sterres, or
ellis by vertu of aungelis, or elles by divers subtilite of develis, or elles
by any of hem, or elles by hem alle the destinal ordenaunce is ywoven and
acomplissid,
(CMBOETH,451.C2.475)
*~/
/*
81 VAG:  81 VAG, 82 servynge, 80 RRC
*/

( (IP-MAT-SPE (ADVP-TMP (ADV Thanne))
	      (, ,)
	      (CP-QUE-ADV-SPE (WQ whethir)
			      (C 0)
			      (IP-SUB-SPE (NP-SBJ (D that) (N destyne))
					  (BEP be)
					  (VAN exercised)
					  (PP (CONJ outhir)
					      (PP (P by)
						  (NP (Q some)
						      (ADJ devyne)
						      (NS spiritz)
						      (, ,)
						      (NP-PRN (NS servantz)
							      (PP (P to)
								  (NP (D the) (ADJ devyne) (N purveaunce))))))
					      (, ,)
					      (CONJP (CONJ or)
						     (ELSE elles)
						     (PP (P by)
							 (NP (Q some) (N soule))))
					      (, ,)
					      (CONJP (CONJ or)
						     (ELSE elles)
						     (PP (P by)
							 (NP (Q alle)
							     (N nature)
							     (RRC (VAG servynge)
								  (PP (P to)
								      (NP (NPR God)))))))
					      (, ,)
					      (CONJP (CONJ or)
						     (ELSE elles)
						     (PP (P by)
							 (NP (D the)
							     (ADJ celestial)
							     (NS moevynges)
							     (PP (P of)
								 (NP (NS sterres))))))
					      (, ,)
					      (CONJP (CONJ or)
						     (ELSE ellis)
						     (PP (P by)
							 (NP (N vertu)
							     (PP (P of)
								 (NP (NS aungelis))))))
					      (, ,)
					      (CONJP (CONJ or)
						     (ELSE elles)
						     (PP (P by)
							 (NP (ADJ divers)
							     (N subtilite)
							     (PP (P of)
								 (NP (NS develis))))))
					      (, ,)
					      (CONJP (CONJ or)
						     (ELSE elles)
						     (PP (P by)
							 (NP (Q any)
							     (PP (P of)
								 (NP (PRO hem))))))
					      (, ,)
					      (CONJP (CONJ or)
						     (ELSE elles)
						     (PP (P by)
							 (NP (PRO hem)
							     (QP (Q alle))))))))
	      (NP-SBJ (D the) (ADJ destinal) (N ordenaunce))
	      (BEP is)
	      (VAN (VAN ywoven) (CONJ and) (VAN acomplissid))
	      (. ,))
  (ID CMBOETH,451.C2.475))

/~*
And thilke same ordre neweth ayein alle thinges growynge and fallynge adoun,
by semblable progressions of sedes and of sexes that is to seyn, male and
femele.
(CMBOETH,452.C1.488)
*~/
/*
24 VAG:  24 VAG, 25 growynge, 22 RRC
24 VAG:  24 VAG, 25 growynge, 21 RRC
30 VAG:  30 VAG, 31 fallynge, 29 RRC
30 VAG:  30 VAG, 31 fallynge, 21 RRC
*/

( (IP-MAT-SPE (CONJ And)
	      (NP-SBJ (D+ADJ thilke) (ADJ same) (N ordre))
	      (VBP neweth)
	      (ADVP (ADV ayein))
	      (NP-OB1 (Q alle)
		      (NS thinges)
		      (RRC (RRC (VAG (VAG growynge)))
			   (CONJP (CONJ and)
				  (RRC (VAG fallynge)
				       (PP (P+RP adoun))))))
	      (, ,)
	      (PP (P by)
		  (NP (ADJ semblable)
		      (NS progressions)
		      (PP (PP (P of)
			      (NP (NS sedes)))
			  (CONJP (CONJ and)
				 (PP (P of)
				     (NP (NS sexes)
					 (CODE <paren>)
					 (IP-MAT-PRN-SPE (NP-SBJ (D that))
							 (BEP is)
							 (IP-INF-SPE (TO to)
								     (VB seyn)
								     (, ,)
								     (ADJP (ADJ male) (CONJ and) (ADJ femele))))))))))
	      (CODE <$$paren>)
	      (. .))
  (ID CMBOETH,452.C1.488))

/~*
And thus ben the thinges ful wel igoverned yif that the symplicite duellynge
in the devyne thoght scheweth forth the ordre of causes unable to ben ibowed.
(CMBOETH,452.C1.490)
*~/
/*
34 VAG:  34 VAG, 35 duellynge, 33 RRC
*/

( (IP-MAT (CONJ And)
	  (ADVP (ADV thus))
	  (BEP ben)
	  (NP-SBJ (D the) (NS thinges))
	  (ADVP (ADV ful) (ADV wel))
	  (VAN igoverned)
	  (PP (P yif)
	      (CP-ADV (C that)
		      (IP-SUB (NP-SBJ (D the)
				      (N symplicite)
				      (RRC (VAG duellynge)
					   (PP (P in)
					       (NP (D the) (ADJ devyne) (N thoght)))))
			      (VBP scheweth)
			      (ADVP-DIR (ADV forth))
			      (NP-OB1 (D the)
				      (N ordre)
				      (PP (P of)
					  (NP (NS causes)
					      (ADJP (ADJ unable)
						    (IP-INF (TO to) (BE ben) (VAN ibowed)))))))))
	  (. .))
  (ID CMBOETH,452.C1.490))

/~*
ne the ordre comynge fro the poynt of sovereyn good ne declyneth nat fro his
bygynnynge.
(CMBOETH,452.C2.497)
*~/
/*
10 VAG:  10 VAG, 11 comynge, 9 RRC
*/

( (IP-MAT-SPE (CONJ ne)
	      (NP-SBJ (D the)
		      (N ordre)
		      (RRC (VAG comynge)
			   (PP (P fro)
			       (NP (D the)
				   (N poynt)
				   (PP (P of)
				       (NP (ADJ sovereyn) (N good)))))))
	      (CONJ ne)
	      (VBP declyneth)
	      (NEG nat)
	      (PP (P fro)
		  (NP (PRO$ his) (N bygynnynge)))
	      (. .))
  (ID CMBOETH,452.C2.497))

/~*
whil that he hasteth to withholden the thingis that he hath makid into his
semblaunce that is to seyn, for to withholden thingis into gode, for he
hymself is good, he chasith out alle yvel fro the boundes of his comynalite by
the ordre of necessite destinable. For whiche it folweth that, yif thou loke
the purveaunce ordeynynge the thinges that men wenen ben outraious or
haboundaunt in erthis, thou ne schalt nat seen in no place no thing of yvel.
(CMBOETH,454.C2.563)
*~/
/*
194 VAG:  194 VAG, 195 ordeynynge, 193 RRC
*/

( (IP-MAT-SPE (PP (P whil)
		  (CP-ADV-SPE (C that)
			      (IP-SUB-SPE (NP-SBJ (PRO he))
					  (VBP hasteth)
					  (IP-INF-SPE (TO to)
						      (VB withholden)
						      (NP-OB1 (D the)
							      (NS thingis)
							      (CP-REL-SPE (WNP-1 0)
									  (C that)
									  (IP-SUB-SPE (NP-OB1 *T*-1)
										      (NP-SBJ (PRO he))
										      (HVP hath)
										      (VBN makid)
										      (PP (P into)
											  (NP (PRO$ his) (N semblaunce)))
										      (CODE <paren>)
										      (CODE <font>)
										      (IP-MAT-PRN-SPE (NP-SBJ (D that))
												      (BEP is)
												      (IP-INF-SPE (TO to)
														  (VB seyn)
														  (, ,)
														  (IP-INF-SPE (FOR for)
															      (TO to)
															      (VB withholden)
															      (NP-OB1 (NS thingis))
															      (PP (P into)
																  (NP (N gode)))
															      (, ,)
															      (PP (P for)
																  (CP-ADV-SPE (C 0)
																	      (IP-SUB-SPE (NP-SBJ (PRO he)
																				  (NP-PRN (PRO+N hymself)))
																			  (BEP is)
																			  (ADJP (ADJ good)))))))))))))))
	      (CODE <$$font>)
	      (CODE <$$paren>)
	      (, ,)
	      (NP-SBJ (PRO he))
	      (VBP chasith)
	      (RP out)
	      (NP-OB1 (Q alle) (N yvel))
	      (PP (P fro)
		  (NP (D the)
		      (NS boundes)
		      (PP (P of)
			  (NP (PRO$ his) (N comynalite)))))
	      (PP (P by)
		  (NP (D the)
		      (N ordre)
		      (PP (P of)
			  (NP (N necessite)
			      (ADJP (ADJ destinable))))))
	      (, .)
	      (CP-CAR-SPE (WPP-2 (P For)
				 (WNP (WPRO whiche)))
			  (C 0)
			  (IP-SUB-SPE (PP *T*-2)
				      (NP-SBJ (PRO it))
				      (VBP folweth)
				      (CP-THT-SPE (C that)
						  (, ,)
						  (IP-SUB-SPE (PP (P yif)
								  (CP-ADV-SPE (C 0)
									      (IP-SUB-SPE (NP-SBJ (PRO thou))
											  (VBP loke)
											  (NP-OB1 (D the)
												  (N purveaunce)
												  (RRC (VAG ordeynynge)
												       (NP-OB1 (D the)
													       (NS thinges)
													       (CP-REL-SPE (WNP-3 0)
															   (C that)
															   (IP-SUB-SPE (NP-SBJ (NS men))
																       (VBP wenen)
																       (CP-THT-SPE (C 0)
																		   (IP-SUB-SPE (NP-SBJ *T*-3)
																			       (BEP ben)
																			       (ADJP (ADJ outraious) (CONJ or) (ADJ haboundaunt))
																			       (PP (P in)
																				   (NP (NS erthis)))))))))))))
							      (, ,)
							      (NP-SBJ (PRO thou))
							      (NEG ne)
							      (MD schalt)
							      (NEG nat)
							      (VB seen)
							      (PP (P in)
								  (NP (Q no) (N place)))
							      (NP-OB1 (Q no)
								      (N thing)
								      (PP (P of)
									  (NP (N yvel))))))))
	      (. .))
  (ID CMBOETH,454.C2.563))
/*
FOOTER
  source file, hits/tokens/total
  C:\Users\Shoo\Dropbox\workspace\CorpusSearch_Auto\data\corporas\PPCME2\temp1492106398658\philosophy\cmboeth.m3.psd	9/8/566
*/
/*
SUMMARY:  
source files, hits/tokens/total
  C:\Users\Shoo\Dropbox\workspace\CorpusSearch_Auto\data\corporas\PPCME2\temp1492106398658\philosophy\cmboeth.m3.psd	9/8/566
whole search, hits/tokens/total
		9/8/566
*/
