/*
PREFACE:  
Copyright 2010 Beth Randall
Date:  Thu Apr 13 18:47:45 BST 2017

command file:     data\searches\queries\YCOE\other_adverbs.q
output file:      C:\Users\Shoo\Dropbox\workspace\CorpusSearch_Auto\data\output\13-04-2017 18.46.36.333 YCOE\other_adverbs\science_astronomy_geography\result.out

node:   ADVP-DIR*|ADV^D*|ADVX*|ADV+P*|ADV21*|ADV22*|NEG+ADV^D*|RP^D*
query:  (ADVP-DIR*|ADV^D*|ADVX*|ADV+P*|ADV21*|ADV22*|NEG+ADV^D*|RP^D* Dominates 
   !ADVP-DIR*|ADV^D*|ADVX*|ADV+P*|ADV21*|ADV22*|NEG+ADV^D*|RP^D*) 
*/
/*
HEADER:
source file:  C:\Users\Shoo\Dropbox\workspace\CorpusSearch_Auto\data\corporas\YCOE\temp1492105600559\science_astronomy_geography\cobyrhtf.o3.psd
*/

/~*
Gif hyt beo bissextus do +t+arto anne d+ag.
(cobyrhtf,ByrM_1_[Baker-Lapidge]:1.1.224.150)
*~/
/*
21 ADV+P:  21 ADV+P, 22 +t+arto
*/
( (CODE <T22710011400,1.1.224>)
  (IP-MAT (CP-ADV (P Gif)
		  (C 0)
		  (IP-SUB (NP-NOM (PRO^N hyt))
			  (BEPS beo)
			  (NP-PRD (FW bissextus))))
	  (VBPH do)
	  (PP (ADV+P +t+arto))
	  (NP-ACC (NUM^A anne) (N^A d+ag))
	  (. .))
  (ID cobyrhtf,ByrM_1_[Baker-Lapidge]:1.1.224.150))

/~*
Hwanon +ta concurrentes up arison we s+adon feawum wordum.
(cobyrhtf,ByrM_1_[Baker-Lapidge]:1.2.160.266)
*~/
/*
11 ADVP-DIR:  11 ADVP-DIR, 12 *T*-1
*/

( (CODE <T22710019500,1.2.160>)
  (IP-MAT (CP-QUE (WADVP-DIR-1 (WADV^D Hwanon))
		  (C 0)
		  (IP-SUB (ADVP-DIR *T*-1)
			  (NP-NOM (D^N +ta) (FW concurrentes))
			  (RP up)
			  (VBDI arison)))
	  (NP-NOM (PRO^N we))
	  (VBDI s+adon)
	  (NP-DAT-ADT (Q^D feawum) (N^D wordum))
	  (. .))
  (ID cobyrhtf,ByrM_1_[Baker-Lapidge]:1.2.160.266))

/~*
Vton nu gleawlice swy+de geseon hwanon +arest arison +ta regulares +te man
h+at feriarum.
(cobyrhtf,ByrM_1_[Baker-Lapidge]:1.2.166.269)
*~/
/*
23 ADVP-DIR:  23 ADVP-DIR, 24 *T*-1
*/

( (CODE <T22710019800,1.2.166>)
  (IP-MAT (UTP Vton)
	  (ADVP-TMP (ADV^T nu))
	  (ADVP (ADV gleawlice) (ADV swy+de))
	  (VB geseon)
	  (CP-QUE (WADVP-DIR-1 (WADV^D hwanon))
		  (C 0)
		  (IP-SUB (ADVP-DIR *T*-1)
			  (ADVP-TMP (ADVS^T +arest))
			  (VBDI arison)
			  (NP-NOM (D^N +ta)
				  (FW regulares)
				  (CP-REL (WNP-2 0)
					  (C +te)
					  (IP-SUB (NP-NOM (MAN^N man))
						  (VBPI h+at)
						  (IP-SMC (NP-SBJ *T*-2)
							  (NP-PRD (FW feriarum))))))))
	  (. .))
  (ID cobyrhtf,ByrM_1_[Baker-Lapidge]:1.2.166.269))

/~*
+T+at ger +te man h+at solaris, swa hyt herbufan gecweden ys, hyt +turhsmih+d
zodiacum +tone circul on +trim hund dagum and fif and syxtigum,
(cobyrhtf,ByrM_1_[Baker-Lapidge]:1.2.167.270)
*~/
/*
37 ADV+P:  37 ADV+P, 38 herbufan
*/

( (CODE <T22710019900,1.2.167>)
  (IP-MAT (NP-NOM-LFD (D^N +T+at)
		      (N^N ger)
		      (CP-REL (WNP-1 0)
			      (C +te)
			      (IP-SUB (NP-NOM (MAN^N man))
				      (VBPI h+at)
				      (IP-SMC (NP-SBJ *T*-1)
					      (NP-PRD (FW solaris))))))
	  (, ,)
	  (PP (P swa)
	      (CPX-CMP (IPX-SUB (NP-NOM (PRO^N hyt))
				(PP (ADV+P herbufan))
				(VBN gecweden)
				(BEPI ys))))
	  (, ,)
	  (NP-NOM-RSP (PRO^N hyt))
	  (RP+VBPI +turhsmih+d)
	  (NP-ACC (FW zodiacum) (D^A +tone) (N^A circul))
	  (PP (P on)
	      (NP-DAT (NUMP-DAT (NUM^D +trim)
				(NUM hund)
				(CONJP *ICH*-2))
		      (N^D dagum)
		      (CONJP-2 (CONJ and) (NUM fif) (CONJ and) (NUM^D syxtigum))))
	  (. ,))
  (ID cobyrhtf,ByrM_1_[Baker-Lapidge]:1.2.167.270))

/~*
and on +tissum +tingum seo sunne wuna+d on +tam twelf tacnum +trittig nihta
and tyn tida and healfe tid, swa we herbufan +atywdon,
(cobyrhtf,ByrM_1_[Baker-Lapidge]:1.2.167.271)
*~/
/*
63 ADV+P:  63 ADV+P, 64 herbufan
*/

( (IP-MAT (CONJ and)
	  (PP (P on)
	      (NP-DAT (D^D +tissum) (N^D +tingum)))
	  (NP-NOM (D^N seo) (N^N sunne))
	  (VBPI wuna+d)
	  (PP (P on)
	      (NP-DAT (D^D +tam) (NUM twelf) (N^D tacnum)))
	  (NP-ACC-TMP (NP (NUM +trittig)
			  (NP-GEN (N^G nihta)))
		      (CONJP (CONJ and)
			     (NP-ACC (NUM tyn) (N^A tida)))
		      (CONJP (CONJ and)
			     (NP-ACC (NUM^A healfe) (N^A tid))))
	  (, ,)
	  (PP (P swa)
	      (CPX-CMP (IPX-SUB (NP-NOM (PRO^N we))
				(PP (ADV+P herbufan))
				(VBDI +atywdon))))
	  (. ,))
  (ID cobyrhtf,ByrM_1_[Baker-Lapidge]:1.2.167.271))

/~*
$Tod+ala+d $+ta +turh seofon swa we herbufan +atywdon.
(cobyrhtf,ByrM_1_[Baker-Lapidge]:1.2.182.284)
*~/
/*
24 ADV+P:  24 ADV+P, 25 herbufan
*/

( (CODE <T22710020700,1.2.182>)
  (IP-MAT (RP+VBI $Tod+ala+d)
	  (NP-ACC (D^A $+ta))
	  (PP (P +turh)
	      (NP (NUM seofon)))
	  (PP (P swa)
	      (CPX-CMP (IPX-SUB (NP-NOM (PRO^N we))
				(PP (ADV+P herbufan))
				(VBDI +atywdon))))
	  (. .))
  (ID cobyrhtf,ByrM_1_[Baker-Lapidge]:1.2.182.284))

/~*
Her+after we moton us gegearwian mid gastlicum w+apnum +t+at we magon +tam
scolierum +tas +ting rumlice gecy+dan.
(cobyrhtf,ByrM_1_[Baker-Lapidge]:1.2.195.303)
*~/
/*
5 ADV+P:  5 ADV+P, 6 Her+after
*/

( (CODE <T22710021700,1.2.195>)
  (IP-MAT (PP (ADV+P Her+after))
	  (NP-NOM (PRO^N we))
	  (MDPI moton)
	  (NP-RFL (PRO us))
	  (VB gegearwian)
	  (PP (P mid)
	      (NP-DAT (ADJ^D gastlicum) (N^D w+apnum)))
	  (CP-ADV (C +t+at)
		  (IP-SUB (NP-NOM (PRO^N we))
			  (MDPI magon)
			  (NP-DAT (D^D +tam) (N^D scolierum))
			  (NP-ACC (D^A +tas) (N^A +ting))
			  (ADVP (ADV rumlice))
			  (VB gecy+dan)))
	  (. .))
  (ID cobyrhtf,ByrM_1_[Baker-Lapidge]:1.2.195.303))

/~*
Eala wur+dfulla wer, gyf +tu wylt witan +aniges mon+des gescead, hwylce d+age
he cume to mannum, +tonne nim +tu +t+as Mon+d+as rihtinga and +ta concurrentes
+te +ty geare yrna+d, +t+ara fare we herbufan +atywdon.
(cobyrhtf,ByrM_1_[Baker-Lapidge]:1.2.210.311)
*~/
/*
118 ADV+P:  118 ADV+P, 119 herbufan
*/

( (CODE <T22710022400,1.2.210>)
  (IP-MAT (INTJ Eala)
	  (NP-NOM-VOC (ADJ^N wur+dfulla) (N^N wer))
	  (, ,)
	  (CP-ADV (P gyf)
		  (C 0)
		  (IP-SUB (NP-NOM (PRO^N +tu))
			  (MDPI wylt)
			  (VB witan)
			  (NP-ACC (NP-GEN (Q^G +aniges) (N^G mon+des))
				  (N^A gescead)
				  (, ,)
				  (CP-QUE-PRN (WNP-DAT-1 (WADJ^I hwylce) (N^D d+age))
					      (C 0)
					      (IP-SUB (NP-DAT-TMP *T*-1)
						      (NP-NOM (PRO^N he))
						      (VBPS cume)
						      (PP (P to)
							  (NP-DAT (N^D mannum))))))))
	  (, ,)
	  (ADVP-TMP (ADV^T +tonne))
	  (VBI nim)
	  (NP-NOM (PRO^N +tu))
	  (NP-ACC (NP-ACC (NP-GEN (D^G +t+as) (NR^G Mon+d+as))
			  (N^A rihtinga))
		  (CONJP (CONJ and)
			 (NP-ACC (D^A +ta)
				 (FW concurrentes)
				 (CP-REL (WNP-NOM-2 0)
					 (C +te)
					 (IP-SUB (NP-NOM *T*-2)
						 (NP-DAT-TMP (D^I +ty) (N^D geare))
						 (VBPI yrna+d)))
				 (, ,)
				 (CP-REL (WNP-3 (NP-GEN (D^G +t+ara))
						(N fare))
					 (C 0)
					 (IP-SUB (NP *T*-3)
						 (NP-NOM (PRO^N we))
						 (PP (ADV+P herbufan))
						 (VBDI +atywdon))))))
	  (. .))
  (ID cobyrhtf,ByrM_1_[Baker-Lapidge]:1.2.210.311))

/~*
Her+after hyt gerist +t+at we gecy+don +after +tam forman d+age +t+at ys
+after kalendas hwylce d+ag hyt sy.
(cobyrhtf,ByrM_1_[Baker-Lapidge]:1.2.218.315)
*~/
/*
5 ADV+P:  5 ADV+P, 6 Her+after
*/

( (CODE <T22710022700,1.2.218>)
  (IP-MAT (PP (ADV+P Her+after))
	  (NP-NOM-x (PRO^N hyt))
	  (VBPI gerist)
	  (CP-THT-x (C +t+at)
		    (IP-SUB (NP-NOM (PRO^N we))
			    (VBPS gecy+don)
			    (PP (P +after)
				(NP-DAT (D^D +tam) (ADJ^D forman) (N^D d+age)))
			    (CODE <paren>)
			    (IP-MAT-PRN (NP-NOM (D^N +t+at))
					(BEPI ys)
					(XP (PP (P +after)
						(NP (FW kalendas)))))
			    (CODE </paren>)
			    (CP-QUE (WNP-NOM-1 (WADJ^N hwylce) (N^N d+ag))
				    (C 0)
				    (IP-SUB (NP-NOM-PRD *T*-1)
					    (NP-NOM (PRO^N hyt))
					    (BEPS sy)))))
	  (. .))
  (ID cobyrhtf,ByrM_1_[Baker-Lapidge]:1.2.218.315))

/~*
Do +t+arto fife, for+ton +Tunresd+ag h+af+d fif regulares;
(cobyrhtf,ByrM_1_[Baker-Lapidge]:1.2.236.329)
*~/
/*
7 ADV+P:  7 ADV+P, 8 +t+arto
*/

( (CODE <T22710023900,1.2.236>)
  (IP-MAT (VBPH Do)
	  (PP (ADV+P +t+arto))
	  (NP-ACC (NUM^A fife))
	  (, ,)
	  (CP-ADV (P for+ton)
		  (C 0)
		  (IP-SUB (NP-NOM (NR^N +Tunresd+ag))
			  (HVPI h+af+d)
			  (NP (NUM fif) (FW regulares))))
	  (. ;))
  (ID cobyrhtf,ByrM_1_[Baker-Lapidge]:1.2.236.329))

/~*
Nu we ealles heron habba+d gefangen, hyt gerist cyrtenlice +t+at we ne wandion
$na+dor ne +turh +t+as ly+dra s+ad, +te +ag+der s+aw+d gelomlice ge lasor ge
coccul on manna +aceron and sy+d+dan hyt grymlice geeg+d mid sace and wrace
betwyx +tissum leohtlican life.
(cobyrhtf,ByrM_1_[Baker-Lapidge]:1.2.251.367)
*~/
/*
17 ADV+P:  17 ADV+P, 18 heron
*/

( (CODE <T22710026400,1.2.251>)
  (IP-MAT (CP-ADV (P Nu)
		  (C 0)
		  (IP-SUB (NP-NOM (PRO^N we))
			  (QP-GEN-ADT (Q^G ealles))
			  (PP (ADV+P heron))
			  (HVPI habba+d)
			  (VBN gefangen)))
	  (, ,)
	  (NP-NOM-x (PRO^N hyt))
	  (VBPI gerist)
	  (ADVP (ADV cyrtenlice))
	  (CP-THT-x (C +t+at)
		    (IP-SUB (NP-NOM (PRO^N we))
			    (NEG ne)
			    (VBPS wandion)
			    (X (NEG+CONJ $na+dor)
			       (CODE >)
			       (CONJP (NEG+CONJ ne)
				      (PP (P +turh)
					  (NP-ACC (NP-GEN (D^G +t+as)
							  (ADJ^G ly+dra)
							  (CP-REL *ICH*-1))
						  (N^A s+ad)
						  (, ,)
						  (CP-REL-1 (WNP-NOM-2 0)
							    (C +te)
							    (IP-SUB (IP-SUB (NP-NOM *T*-2)
									    (CONJ +ag+der)
									    (VBPI s+aw+d)
									    (ADVP (ADV gelomlice))
									    (NP-ACC (CONJ ge) (N^A lasor) (CONJ ge) (N^A coccul))
									    (PP (P on)
										(NP-DAT (NP-GEN (N^G manna))
											(N^D +aceron))))
								    (CONJP (CONJ and)
									   (IP-SUB-CON (NP-NOM *T*-2)
										       (ADVP-TMP (ADV^T sy+d+dan))
										       (NP-ACC (PRO^A hyt))
										       (ADVP (ADV grymlice))
										       (VBPI geeg+d)
										       (PP (P mid)
											   (NP (N sace) (CONJ and) (N wrace)))
										       (PP (P betwyx)
											   (NP-DAT (D^D +tissum) (ADJ^D leohtlican) (N^D life)))))))))))))
	  (. .))
  (ID cobyrhtf,ByrM_1_[Baker-Lapidge]:1.2.251.367))

/~*
and do +t+arto his rihtinga,
(cobyrhtf,ByrM_1_[Baker-Lapidge]:1.2.279.387)
*~/
/*
7 ADV+P:  7 ADV+P, 8 +t+arto
*/

( (IP-MAT (CONJ and)
	  (VBPH do)
	  (PP (ADV+P +t+arto))
	  (NP-ACC (PRO$ his) (N^A rihtinga))
	  (. ,))
  (ID cobyrhtf,ByrM_1_[Baker-Lapidge]:1.2.279.387))

/~*
Wel geradlic hyt eac +ting+d us +t+at we herto gecnytton +ta epactas, +te wise
preostas oft ymbe geradlice wurdlia+d.
(cobyrhtf,ByrM_1_[Baker-Lapidge]:1.2.291.403)
*~/
/*
28 ADV+P:  28 ADV+P, 29 herto
*/

( (CODE <T22710029100,1.2.291>)
  (IP-MAT (ADJP-NOM-PRD (ADV Wel) (ADJ^N geradlic))
	  (NP-NOM-x (PRO^N hyt))
	  (ADVP (ADV eac))
	  (VBPI +ting+d)
	  (NP-DAT (PRO^D us))
	  (CP-THT-x (C +t+at)
		    (IP-SUB (NP-NOM (PRO^N we))
			    (PP (ADV+P herto))
			    (VBPS gecnytton)
			    (NP-ACC (D^A +ta)
				    (N^A epactas)
				    (, ,)
				    (CP-REL (WNP-1 0)
					    (C +te)
					    (IP-SUB (NP-NOM (ADJ^N wise) (N^N preostas))
						    (ADVP-TMP (ADV^T oft))
						    (PP (P ymbe)
							(NP *T*-1))
						    (ADVP (ADV geradlice))
						    (VBPI wurdlia+d))))))
	  (. .))
  (ID cobyrhtf,ByrM_1_[Baker-Lapidge]:1.2.291.403))

/~*
Nu hyt gerist +t+at we +tas +ting mid rihtlicre race areccun and +tisra epacta
gerynu apinsiun and hwanon hig up arison geornlice asmeagon.
(cobyrhtf,ByrM_1_[Baker-Lapidge]:1.2.317.427)
*~/
/*
64 ADVP-DIR:  64 ADVP-DIR, 65 *T*-1
*/

( (CODE <T22710031500,1.2.317>)
  (IP-MAT (ADVP-TMP (ADV^T Nu))
	  (NP-NOM-x (PRO^N hyt))
	  (VBPI gerist)
	  (CP-THT-x (C +t+at)
		    (IP-SUB (IP-SUB (NP-NOM (PRO^N we))
				    (NP-ACC (D^A +tas) (N^A +ting))
				    (PP (P mid)
					(NP-DAT (ADJ^D rihtlicre) (N^D race)))
				    (VBPS areccun))
			    (CONJP (CONJ and)
				   (IP-SUB-CON (NP-NOM *con*)
					       (NP-ACC (NP-GEN (D^G +tisra) (N^G epacta))
						       (N^A gerynu))
					       (VBPS apinsiun)))
			    (CONJP (CONJ and)
				   (IP-SUB-CON (NP-NOM *con*)
					       (CP-QUE (WADVP-DIR-1 (WADV^D hwanon))
						       (C 0)
						       (IP-SUB (ADVP-DIR *T*-1)
							       (NP-NOM (PRO^N hig))
							       (RP up)
							       (VBDI arison)))
					       (ADVP (ADV geornlice))
					       (VBPS asmeagon)))))
	  (. .))
  (ID cobyrhtf,ByrM_1_[Baker-Lapidge]:1.2.317.427))

/~*
On +tam nigonteo+dan geare, +t+at ys +t+at ytemyste on +tam circule +te ys
genemned decennouenalis, ne do +tu na endlufon +t+arto swa +tu +ar dydest,
(cobyrhtf,ByrM_1_[Baker-Lapidge]:1.2.340.450)
*~/
/*
67 ADV+P:  67 ADV+P, 68 +t+arto
*/

( (CODE <T22710032900,1.2.340>)
  (IP-MAT (PP (P On)
	      (NP-DAT (D^D +tam)
		      (ADJ^D nigonteo+dan)
		      (N^D geare)
		      (, ,)
		      (IP-MAT-PRN (NP-NOM (D^N +t+at))
				  (BEPI ys)
				  (XP (NP-NOM (D^N +t+at)
					      (ADJS^N ytemyste)
					      (PP (P on)
						  (NP-DAT (D^D +tam)
							  (N^D circule)
							  (CP-REL (WNP-NOM-1 0)
								  (C +te)
								  (IP-SUB (NP-NOM *T*-1)
									  (BEPI ys)
									  (VBN genemned)
									  (NP-PRD (FW decennouenalis)))))))))))
	  (, ,)
	  (NEG ne)
	  (VBPH do)
	  (NP-NOM (PRO^N +tu))
	  (ADVP (NEG+ADV na))
	  (NP (NUM endlufon))
	  (PP (ADV+P +t+arto))
	  (PP (P swa)
	      (CPX-CMP (IPX-SUB (NP-NOM (PRO^N +tu))
				(ADVP-TMP (ADV^T +ar))
				(VBDI dydest))))
	  (. ,))
  (ID cobyrhtf,ByrM_1_[Baker-Lapidge]:1.2.340.450))

/~*
ac geyc twelf +t+arto.
(cobyrhtf,ByrM_1_[Baker-Lapidge]:1.2.340.451)
*~/
/*
10 ADV+P:  10 ADV+P, 11 +t+arto
*/

( (IP-MAT (CONJ ac)
	  (VBI geyc)
	  (NP (NUM twelf))
	  (PP (ADV+P +t+arto))
	  (. .))
  (ID cobyrhtf,ByrM_1_[Baker-Lapidge]:1.2.340.451))

/~*
Gyf +tu dest twelf +t+arto, +t+at ys to +tam eahtatynum epactum, +tonne beo+d
+t+ar $XXX;
(cobyrhtf,ByrM_1_[Baker-Lapidge]:1.2.342.452)
*~/
/*
19 ADV+P:  19 ADV+P, 20 +t+arto
*/

( (CODE <T22710033000,1.2.342>)
  (IP-MAT (CP-ADV (P Gyf)
		  (C 0)
		  (IP-SUB (NP-NOM (PRO^N +tu))
			  (VBPI dest)
			  (NP (NUM twelf))
			  (PP (ADV+P +t+arto)
			      (, ,)
			      (IP-MAT-PRN (NP-NOM (D^N +t+at))
					  (BEPI ys)
					  (XP (PP (P to)
						  (NP-DAT (D^D +tam) (ADJ^D eahtatynum) (N^D epactum))))))))
	  (, ,)
	  (ADVP-TMP (ADV^T +tonne))
	  (BEPI beo+d)
	  (ADVP-LOC (ADV^L +t+ar))
	  (NP-NOM (NUM $XXX))
	  (. ;))
  (ID cobyrhtf,ByrM_1_[Baker-Lapidge]:1.2.342.452))

/~*
Do +t+arto +trittig epactas;
(cobyrhtf,ByrM_1_[Baker-Lapidge]:1.2.346.457)
*~/
/*
7 ADV+P:  7 ADV+P, 8 +t+arto
*/

( (CODE <T22710033300,1.2.346>)
  (IP-MAT (VBPH Do)
	  (PP (ADV+P +t+arto))
	  (NP-ACC (NUM +trittig) (N^A epactas))
	  (. ;))
  (ID cobyrhtf,ByrM_1_[Baker-Lapidge]:1.2.346.457))

/~*
Do +trittig +t+arto;
(cobyrhtf,ByrM_1_[Baker-Lapidge]:1.2.349.463)
*~/
/*
10 ADV+P:  10 ADV+P, 11 +t+arto
*/

( (CODE <T22710033700,1.2.349>)
  (IP-MAT (VBPH Do)
	  (NP (NUM +trittig))
	  (PP (ADV+P +t+arto))
	  (. ;))
  (ID cobyrhtf,ByrM_1_[Baker-Lapidge]:1.2.349.463))

/~*
Her+after uton +ta regulares feriarum mid leo+de geglengan.
(cobyrhtf,ByrM_1_[Baker-Lapidge]:1.3.50.497)
*~/
/*
5 ADV+P:  5 ADV+P, 6 Her+after
*/

( (CODE <T22710036100,1.3.50>)
  (IP-MAT (PP (ADV+P Her+after))
	  (UTP uton)
	  (NP-ACC (D^A +ta) (FW regulares) (FW feriarum))
	  (PP (P mid)
	      (NP-DAT (N^D leo+de)))
	  (VB geglengan)
	  (. .))
  (ID cobyrhtf,ByrM_1_[Baker-Lapidge]:1.3.50.497))

/~*
Her+after Maius seh+d mid his endebyrdnysse endlufon geferan,
(cobyrhtf,ByrM_1_[Baker-Lapidge]:1.3.82.520)
*~/
/*
5 ADV+P:  5 ADV+P, 6 Her+after
*/

( (CODE <T22710037700,1.3.82>)
  (IP-MAT (PP (ADV+P Her+after))
	  (NP-NOM (NR^N Maius))
	  (VBPI seh+d)
	  (PP (P mid)
	      (NP (PRO$ his) (N endebyrdnysse)))
	  (NP (NUM endlufon) (N geferan))
	  (. ,))
  (ID cobyrhtf,ByrM_1_[Baker-Lapidge]:1.3.82.520))

/~*
and +t+aron stent Iulius casere mid +tryttenum +tegnum f+agere gefr+atwod,
(cobyrhtf,ByrM_1_[Baker-Lapidge]:1.3.82.522)
*~/
/*
5 ADV+P:  5 ADV+P, 6 +t+aron
*/

( (IP-MAT (CONJ and)
	  (PP (ADV+P +t+aron))
	  (VBPI stent)
	  (NP-NOM (NR^N Iulius)
		  (N^N casere)
		  (PTP-NOM (PP (P mid)
			       (NP-DAT (ADJ^D +tryttenum) (N^D +tegnum)))
			   (ADVP (ADV f+agere))
			   (VBN^N gefr+atwod)))
	  (. ,))
  (ID cobyrhtf,ByrM_1_[Baker-Lapidge]:1.3.82.522))

/~*
Gyf +tu wille witan mid fullum gesceade hwanon +ta concurrentes cumon, +tonne
gedo +tu tog+adere ealle +t+as geares dagas, +t+ara synt +treo hundred and fif
and syxtig daga on so+dum get+ale.
(cobyrhtf,ByrM_1_[Baker-Lapidge]:1.4.17.534)
*~/
/*
32 ADVP-DIR:  32 ADVP-DIR, 33 *T*-1
*/

( (CODE <T22710038800,1.4.17>)
  (IP-MAT (CP-ADV (P Gyf)
		  (C 0)
		  (IP-SUB (NP-NOM (PRO^N +tu))
			  (MDP wille)
			  (VB witan)
			  (PP (P mid)
			      (NP-DAT (ADJ^D fullum) (N^D gesceade)))
			  (CP-QUE (WADVP-DIR-1 (WADV^D hwanon))
				  (C 0)
				  (IP-SUB (ADVP-DIR *T*-1)
					  (NP-NOM (D^N +ta) (FW concurrentes))
					  (VBPS cumon)))))
	  (, ,)
	  (ADVP-TMP (ADV^T +tonne))
	  (VBPH gedo)
	  (NP-NOM (PRO^N +tu))
	  (ADVP (ADV tog+adere))
	  (NP-ACC (Q^A ealle)
		  (NP-GEN (D^G +t+as) (N^G geares))
		  (N^A dagas)
		  (, ,)
		  (CP-REL (WNP-GEN-2 (D^G +t+ara))
			  (C 0)
			  (IP-SUB (BEPI synt)
				  (NP-NOM (NP-GEN *T*-2)
					  (NUMP (NUM +treo) (NUM hundred) (CONJ and) (NUM fif) (CONJ and) (NUM syxtig))
					  (NP-GEN (N^G daga)))
				  (PP (P on)
				      (NP-DAT (ADJ^D so+dum) (N^D get+ale))))))
	  (. .))
  (ID cobyrhtf,ByrM_1_[Baker-Lapidge]:1.4.17.534))

/~*
Tod+al +tas, eallswa we herbufan get+ahton, +turh seofon.
(cobyrhtf,ByrM_1_[Baker-Lapidge]:1.4.19.535)
*~/
/*
20 ADV+P:  20 ADV+P, 21 herbufan
*/

( (CODE <T22710038900,1.4.19>)
  (IP-MAT (RP+VBI Tod+al)
	  (NP-ACC (D^A +tas))
	  (, ,)
	  (PP (P eallswa)
	      (CPX-CMP (IPX-SUB (NP-NOM (PRO^N we))
				(PP (ADV+P herbufan))
				(VBDI get+ahton))))
	  (, ,)
	  (PP (P +turh)
	      (NP (NUM seofon)))
	  (. .))
  (ID cobyrhtf,ByrM_1_[Baker-Lapidge]:1.4.19.535))

/~*
Gyf +tu wylle witan mid boclicum get+ale hwanon +ta regulares cumon +te
preostas cigea+d feriarum, +tonne ne tod+al +tu +t+ara daga get+al +te beo+d
on twelf mon+dum on +ta wisan +te we nu dydon, ac +turh twelf.
(cobyrhtf,ByrM_1_[Baker-Lapidge]:1.4.30.546)
*~/
/*
33 ADVP-DIR:  33 ADVP-DIR, 34 *T*-1
*/

( (CODE <T22710039800,1.4.30>)
  (IP-MAT (IP-MAT-0 (CP-ADV (P Gyf)
			    (C 0)
			    (IP-SUB (NP-NOM (PRO^N +tu))
				    (MDP wylle)
				    (VB witan)
				    (PP (P mid)
					(NP-DAT (ADJ^D boclicum) (N^D get+ale)))
				    (CP-QUE (WADVP-DIR-1 (WADV^D hwanon))
					    (C 0)
					    (IP-SUB (ADVP-DIR *T*-1)
						    (NP-NOM (D^N +ta)
							    (FW regulares)
							    (CP-REL *ICH*-2))
						    (VBPS cumon)
						    (CP-REL-2 (WNP-3 0)
							      (C +te)
							      (IP-SUB (NP-NOM (N^N preostas))
								      (VBPI cigea+d)
								      (IP-SMC (NP-SBJ *T*-3)
									      (NP-PRD (FW feriarum)))))))))
		    (, ,)
		    (ADVP-TMP (ADV^T +tonne))
		    (NEG ne)
		    (RP+VBI tod+al)
		    (NP-NOM (PRO^N +tu))
		    (NP-ACC (NP-GEN (D^G +t+ara)
				    (N^G daga)
				    (CP-REL *ICH*-4))
			    (N^A get+al)
			    (CP-REL-4 (WNP-NOM-5 0)
				      (C +te)
				      (IP-SUB (NP-NOM *T*-5)
					      (BEPI beo+d)
					      (PP (P on)
						  (NP-DAT (NUM twelf) (N^D mon+dum))))))
		    (PP (P on)
			(NP-ACC (D^A +ta)
				(N^A wisan)
				(CP-REL (WPP-6 0)
					(C +te)
					(IPX-SUB=0 (PP *T*-6)
						   (NP-NOM (PRO^N we))
						   (ADVP-TMP (ADV^T nu))
						   (VBDI dydon))))))
	  (, ,)
	  (CONJP (CONJ ac)
		 (IPX-MAT=0 (PP (P +turh)
				(NP (NUM twelf)))))
	  (. .))
  (ID cobyrhtf,ByrM_1_[Baker-Lapidge]:1.4.30.546))

/~*
Nu geswutelige ic heron, understande se +de wille, +t+at +t+are sunnan ger
h+af+d endlufon dagas ma +tonne +t+as monan ger.
(cobyrhtf,ByrM_1_[Baker-Lapidge]:1.4.56.576)
*~/
/*
13 ADV+P:  13 ADV+P, 14 heron
*/

( (CODE <T22710041600,1.4.56>)
  (IP-MAT (ADVP-TMP (ADV^T Nu))
	  (VBP geswutelige)
	  (NP-NOM (PRO^N ic))
	  (PP (ADV+P heron))
	  (, ,)
	  (CP-ADV (IP-SUB-0 (RP+VBPS understande)
			    (NP-NOM (D^N se)
				    (CP-REL (WNP-NOM-1 0)
					    (C +de)
					    (IPX-SUB=0 (NP-NOM *T*-1)
						       (MDP wille))))))
	  (, ,)
	  (CP-THT (C +t+at)
		  (IP-SUB-00 (NP-NOM (NP-GEN (D^G +t+are) (N^G sunnan))
				     (N^N ger))
			     (HVPI h+af+d)
			     (NP-ACC (NUM endlufon)
				     (N^A dagas)
				     (QR ma)
				     (PP (P +tonne)
					 (CP-CMP (WNP-2 0)
						 (C 0)
						 (IPX-SUB=00 (NP *T*-2)
							     (NP-NOM (NP-GEN (D^G +t+as) (N^G monan))
								     (N^N ger))))))))
	  (. .))
  (ID cobyrhtf,ByrM_1_[Baker-Lapidge]:1.4.56.576))

/~*
Her+after we wylla+d amearkian +t+ara twelf mon+da naman and +t+aron gecy+dan
eall +t+at gerad +t+at heora gehwylcum folga+d.
(cobyrhtf,ByrM_1_[Baker-Lapidge]:2.1.3.581)
*~/
/*
6 ADV+P:  6 ADV+P, 7 Her+after
30 ADV+P:  30 ADV+P, 31 +t+aron
*/

( (CODE <T22710042000,2.1.3>)
  (IP-MAT (IP-MAT-0 (PP (ADV+P Her+after))
		    (NP-NOM (PRO^N we))
		    (MDPI wylla+d)
		    (VB amearkian)
		    (NP (NP-GEN (D^G +t+ara) (NUM twelf) (N^G mon+da))
			(N naman)))
	  (CONJP (CONJ and)
		 (IPX-MAT=0 (PP (ADV+P +t+aron))
			    (VB gecy+dan)
			    (NP-ACC (Q^A eall)
				    (D^A +t+at)
				    (N^A gerad)
				    (CP-REL (WNP-NOM-1 (D^N +t+at))
					    (C 0)
					    (IP-SUB (NP-NOM *T*-1)
						    (NP-DAT (NP-GEN (PRO^G heora))
							    (Q^D gehwylcum))
						    (VBPI folga+d))))))
	  (. .))
  (ID cobyrhtf,ByrM_1_[Baker-Lapidge]:2.1.3.581))

/~*
and +t+aron wuna+d +trittig daga and tyn tida and healfe tid.
(cobyrhtf,ByrM_1_[Baker-Lapidge]:2.1.12.591)
*~/
/*
7 ADV+P:  7 ADV+P, 8 +t+aron
*/

( (IP-MAT (CONJ and)
	  (NP-NOM *con*)
	  (PP (ADV+P +t+aron))
	  (VBPI wuna+d)
	  (NP-ACC-TMP (NP (NUM +trittig)
			  (NP-GEN (N^G daga)))
		      (CONJP (CONJ and)
			     (NP-ACC (NUM tyn) (N^A tida)))
		      (CONJP (CONJ and)
			     (NP-ACC (NUM^A healfe) (N^A tid))))
	  (. .))
  (ID cobyrhtf,ByrM_1_[Baker-Lapidge]:2.1.12.591))

/~*
hyt by+d geradlic +t+at we ascrutnion his fare and apinsiun his si+d, hwanon
he come and hwa hine gesette o+d+de hu he sy o+d+de to hwam he m+age.
(cobyrhtf,ByrM_1_[Baker-Lapidge]:2.1.25.602)
*~/
/*
46 ADVP-DIR:  46 ADVP-DIR, 47 *T*-1
*/

( (IP-MAT (NP-NOM-x (PRO^N hyt))
	  (BEPI by+d)
	  (ADJP-NOM-PRD (ADJ^N geradlic))
	  (CP-THT-x (C +t+at)
		    (IP-SUB-0 (NP-NOM (PRO^N we))
			      (VBPS ascrutnion)
			      (NP (PRO$ his)
				  (N fare)
				  (CP-QUE-PRN *ICH*-5))
			      (IPX-SUB-PRN=0 (CONJ and)
					     (VBPS apinsiun)
					     (NP-ACC (PRO$ his) (N^A si+d)))
			      (, ,)
			      (CP-QUE-5 (CP-QUE (WADVP-DIR-1 (WADV^D hwanon))
						(C 0)
						(IP-SUB (ADVP-DIR *T*-1)
							(NP-NOM (PRO^N he))
							(VBDS come)))
					(CONJP (CONJ and)
					       (CP-QUE (WNP-NOM-2 (WPRO^N hwa))
						       (C 0)
						       (IP-SUB (NP-NOM *T*-2)
							       (NP-ACC (PRO^A hine))
							       (VBD gesette))))
					(CONJP (CONJ o+d+de)
					       (CP-QUE (WADVP-3 (WADV hu))
						       (C 0)
						       (IP-SUB (ADVP *T*-3)
							       (NP-NOM (PRO^N he))
							       (BEPS sy))))
					(CONJP (CONJ o+d+de)
					       (CP-QUE (WPP-4 (P to)
							      (WNP-DAT (WPRO^D hwam)))
						       (C 0)
						       (IP-SUB (PP *T*-4)
							       (NP-NOM (PRO^N he))
							       (MDPS m+age)))))))
	  (. .))
  (ID cobyrhtf,ByrM_1_[Baker-Lapidge]:2.1.25.602))

/~*
We cw+adon herbufan +t+at we woldon apinsian +t+as bissextus gerena.
(cobyrhtf,ByrM_1_[Baker-Lapidge]:2.1.82.639)
*~/
/*
10 ADV+P:  10 ADV+P, 11 herbufan
*/

( (CODE <T22710046000,2.1.82>)
  (IP-MAT (NP-NOM (PRO^N We))
	  (VBDI cw+adon)
	  (PP (ADV+P herbufan))
	  (CP-THT (C +t+at)
		  (IP-SUB (NP-NOM (PRO^N we))
			  (MDDI woldon)
			  (VB apinsian)
			  (NP-ACC (NP-GEN (D^G +t+as) (FW bissextus))
				  (N^A gerena))))
	  (. .))
  (ID cobyrhtf,ByrM_1_[Baker-Lapidge]:2.1.82.639))

/~*
Vton +arest gleawlice swy+de witan hw+at he sy to so+de and hwanon he come and
hw+at he do on +tam gerime o+d+de hwy he sy swa gehaten o+d+de hwa hine gemete
o+d+de hine +t+as wur+dscipes cu+de, +t+at he sceolde gestandan on +tam
rimcr+afte.
(cobyrhtf,ByrM_1_[Baker-Lapidge]:2.1.158.677)
*~/
/*
47 ADVP-DIR:  47 ADVP-DIR, 48 *T*-2
*/

( (CODE <T22710048500,2.1.158>)
  (IP-MAT (UTP Vton)
	  (ADVP-TMP (ADVS^T +arest))
	  (ADVP (ADV gleawlice) (ADV swy+de))
	  (VB witan)
	  (CP-QUE (CP-QUE (WNP-NOM-1 (WPRO^N hw+at))
			  (C 0)
			  (IP-SUB (NP-NOM-PRD *T*-1)
				  (NP-NOM (PRO^N he))
				  (BEPS sy)
				  (PP (P to)
				      (NP-DAT (N^D so+de)))))
		  (CONJP (CONJ and)
			 (CP-QUE (WADVP-DIR-2 (WADV^D hwanon))
				 (C 0)
				 (IP-SUB (ADVP-DIR *T*-2)
					 (NP-NOM (PRO^N he))
					 (VBPS come))))
		  (CONJP (CONJ and)
			 (CP-QUE (WNP-ACC-3 (WPRO^A hw+at))
				 (C 0)
				 (IP-SUB (NP-ACC *T*-3)
					 (NP-NOM (PRO^N he))
					 (VBPS do)
					 (PP (P on)
					     (NP-DAT (D^D +tam) (N^D gerime))))))
		  (CONJP (CONJ o+d+de)
			 (CP-QUE (WADVP-4 (WADV hwy))
				 (C 0)
				 (IP-SUB (ADVP *T*-4)
					 (NP-NOM (PRO^N he))
					 (BEPS sy)
					 (ADVP (ADV swa))
					 (VBN gehaten))))
		  (CONJP (CONJ o+d+de)
			 (CP-QUE (WNP-NOM-5 (WPRO^N hwa))
				 (C 0)
				 (IP-SUB (IP-SUB (NP-NOM *T*-5)
						 (NP-ACC (PRO^A hine))
						 (VBPS gemete))
					 (CONJP (CONJ o+d+de)
						(IP-SUB-CON (NP-NOM *T*-5)
							    (NP-ACC (PRO^A hine))
							    (NP-GEN (D^G +t+as) (N^G wur+dscipes))
							    (MDD cu+de)
							    (, ,)
							    (CP-ADV (C +t+at)
								    (IP-SUB (NP-NOM (PRO^N he))
									    (MDD sceolde)
									    (VB gestandan)
									    (PP (P on)
										(NP-DAT (D^D +tam) (N^D rimcr+afte)))))))))))
	  (. .))
  (ID cobyrhtf,ByrM_1_[Baker-Lapidge]:2.1.158.677))

/~*
Romani and Englisce +teoda hine healda+d on kalendas September, swa we
herbufan smea+tanclice awriten habba+d.
(cobyrhtf,ByrM_1_[Baker-Lapidge]:2.1.220.723)
*~/
/*
40 ADV+P:  40 ADV+P, 41 herbufan
*/

( (CODE <T22710051800,2.1.220>)
  (IP-MAT (NP-NOM (NP-NOM (NR^N Romani))
		  (CONJP (CONJ and)
			 (NP-NOM (ADJ^N Englisce) (N^N +teoda))))
	  (NP-ACC (PRO^A hine))
	  (VBPI healda+d)
	  (PP (P on)
	      (NP (FW kalendas) (FW September)))
	  (, ,)
	  (PP (P swa)
	      (CPX-CMP (IPX-SUB (NP-NOM (PRO^N we))
				(PP (ADV+P herbufan))
				(ADVP (ADV smea+tanclice))
				(VBN awriten)
				(HVPI habba+d))))
	  (. .))
  (ID cobyrhtf,ByrM_1_[Baker-Lapidge]:2.1.220.723))

/~*
and loca swy+de georne hw+ar beo luna prima +t+ar+after,
(cobyrhtf,ByrM_1_[Baker-Lapidge]:2.1.238.737)
*~/
/*
28 ADV+P:  28 ADV+P, 29 +t+ar+after
*/

( (IP-MAT (CONJ and)
	  (VBI loca)
	  (ADVP (ADV swy+de) (ADV georne))
	  (CP-QUE (WADVP-LOC-1 (WADV^L hw+ar))
		  (C 0)
		  (IP-SUB (ADVP-LOC *T*-1)
			  (BEPS beo)
			  (NP-NOM (FW luna) (FW prima))
			  (PP (ADV+P +t+ar+after))))
	  (. ,))
  (ID cobyrhtf,ByrM_1_[Baker-Lapidge]:2.1.238.737))

/~*
+T+ane forman d+ag +tisre worulde man m+ag findan, swa ic herbufan cw+a+d,
+turh +t+as lengtenlican emnihtes d+ag, for+ton se emnihtes d+ag ys se feor+da
d+ag +tissere worulde.
(cobyrhtf,ByrM_1_[Baker-Lapidge]:2.1.268.763)
*~/
/*
34 ADV+P:  34 ADV+P, 35 herbufan
*/

( (CODE <T22710054000,2.1.268>)
  (IP-MAT (NP-ACC (D^A +T+ane)
		  (ADJ^A forman)
		  (N^A d+ag)
		  (NP-GEN (D^G +tisre) (N^G worulde)))
	  (NP-NOM (MAN^N man))
	  (MDPI m+ag)
	  (VB findan)
	  (, ,)
	  (PP (P swa)
	      (CPX-CMP (IPX-SUB (NP-NOM (PRO^N ic))
				(PP (ADV+P herbufan))
				(VBDI cw+a+d))))
	  (, ,)
	  (PP (P +turh)
	      (NP-ACC (NP-GEN (D^G +t+as) (ADJ^G lengtenlican) (N^G emnihtes))
		      (N^A d+ag)))
	  (, ,)
	  (CP-ADV (P for+ton)
		  (C 0)
		  (IP-SUB (NP-NOM (D^N se)
				  (NP-GEN (N^G emnihtes))
				  (N^N d+ag))
			  (BEPI ys)
			  (NP-NOM-PRD (D^N se)
				      (ADJ^N feor+da)
				      (N^N d+ag)
				      (NP-GEN (D^G +tissere) (N^G worulde)))))
	  (. .))
  (ID cobyrhtf,ByrM_1_[Baker-Lapidge]:2.1.268.763))

/~*
Vton nu her+after sceortlice sprecan ymbe Maium.
(cobyrhtf,ByrM_1_[Baker-Lapidge]:2.1.312.799)
*~/
/*
10 ADV+P:  10 ADV+P, 11 her+after
*/

( (CODE <T22710055900,2.1.312>)
  (IP-MAT (UTP Vton)
	  (ADVP-TMP (ADV^T nu))
	  (PP (ADV+P her+after))
	  (ADVP (ADV sceortlice))
	  (VB sprecan)
	  (PP (P ymbe)
	      (NP-ACC (NR^A Maium)))
	  (. .))
  (ID cobyrhtf,ByrM_1_[Baker-Lapidge]:2.1.312.799))
/*
FOOTER
  source file, hits/tokens/total
  C:\Users\Shoo\Dropbox\workspace\CorpusSearch_Auto\data\corporas\YCOE\temp1492105600559\science_astronomy_geography\cobyrhtf.o3.psd	36/35/813
*/
/*
HEADER:
source file:  C:\Users\Shoo\Dropbox\workspace\CorpusSearch_Auto\data\corporas\YCOE\temp1492105600559\science_astronomy_geography\comarvel.o23.psd
*/

/~*
& +tanon is to Babilonia +t+as l+assan milget+ales stadia hundteontig & eahta
& syxtig, & +d+as micclan +te leuua hatte fiftyne & hundteontig.
(comarvel,Marv:1.4.5)
*~/
/*
7 ADV^D:  7 ADV^D, 8 +tanon
*/

( (CODE <T23010000300,1.4>)
  (IP-MAT (CONJ &)
	  (ADVP-DIR (ADV^D +tanon))
	  (BEPI is)
	  (PP (P to)
	      (NP (NR Babilonia)))
	  (NP-NOM (NP (NP-GEN (D^G +t+as)
			      (QR^G l+assan)
			      (N^G milget+ales)
			      (XP-PRN (FW stadia)))
		      (NUMP (NUM hundteontig) (CONJ &) (NUM eahta) (CONJ &) (NUM syxtig)))
		  (, ,)
		  (CONJP (CONJ &)
			 (NP (NP-GEN (D^G +d+as)
				     (Q^G micclan)
				     (CP-REL (WNP-NOM-1 0)
					     (C +te)
					     (IP-SUB (NP-NOM *T*-1)
						     (NP-PRD (FW leuua))
						     (VBD hatte))))
			     (NUMP (NUM fiftyne) (CONJ &) (NUM hundteontig)))))
	  (. .))
  (ID comarvel,Marv:1.4.5))

/~*
+Tanon is to $Babiloniam $+t+as l+assan milget+ales stadia CCC & +t+as maran
+te leuua hatte CC from Archemedon.
(comarvel,Marv:2.3.11)
*~/
/*
5 ADV^D:  5 ADV^D, 6 +Tanon
*/

( (CODE <T23010000800,2.3>)
  (IP-MAT (ADVP-DIR (ADV^D +Tanon))
	  (BEPI is)
	  (PP (P to)
	      (NP-DAT (NR^D $Babiloniam)))
	  (NP-NOM (NP (NP-GEN (D^G $+t+as)
			      (QR^G l+assan)
			      (N^G milget+ales)
			      (XP-PRN (FW stadia)))
		      (NUM CCC))
		  (CONJP (CONJ &)
			 (NP (NP-GEN (D^G +t+as)
				     (QR^G maran)
				     (CP-REL (WNP-NOM-1 0)
					     (C +te)
					     (IP-SUB (NP-NOM *T*-1)
						     (NP-PRD (FW leuua))
						     (VBD hatte))))
			     (NUM CC))))
	  (PP (P from)
	      (NP (NR Archemedon)))
	  (. .))
  (ID comarvel,Marv:2.3.11))

/~*
Begeondan Brixonte +d+are ea, east +danon, beo+d men acende lange & micle, +ta
habba+d fet & sceancan twelf fota lange, sidan mid breostum seofan fota lange.
(comarvel,Marv:13.1.76)
*~/
/*
21 ADV^D:  21 ADV^D, 22 +danon
*/

( (CODE <T23010006000,13.1>)
  (IP-MAT (PP (P Begeondan)
	      (NP-DAT (NR Brixonte)
		      (NP-DAT-PRN (D^D +d+are) (N^D ea))))
	  (, ,)
	  (ADVP-LOC (ADV^L east))
	  (ADVP-DIR (ADV^D +danon))
	  (, ,)
	  (BEPI beo+d)
	  (NP-NOM (N^N men)
		  (CP-REL *ICH*-1))
	  (VBN^N acende)
	  (ADJP-NOM (ADJ^N lange) (CONJ &) (Q^N micle))
	  (, ,)
	  (CP-REL-1 (WNP-NOM-2 (D^N +ta))
		    (C 0)
		    (IP-SUB (NP-NOM *T*-2)
			    (HVPI habba+d)
			    (NP-ACC (NP-ACC (N^A fet)
					    (CONJ &)
					    (N^A sceancan)
					    (ADJP-ACC (NP-GEN-EXT (NUM twelf) (N^G fota))
						      (ADJ^A lange)))
				    (, ,)
				    (CONJP (NP-ACC (N^A sidan)
						   (PP (P mid)
						       (NP-DAT (N^D breostum))))
					   (ADJP-ACC (NP-GEN-EXT (NUM seofan) (N^G fota))
						     (ADJ^A lange))))))
	  (. .))
  (ID comarvel,Marv:13.1.76))

/~*
+Danan is east +d+ar beo+d men akenned +ta beo+d aw+astme fiftyne fota lange &
on br+ade tyn fotm+ala.
(comarvel,Marv:21.1.110)
*~/
/*
5 ADV^D:  5 ADV^D, 6 +Danan
*/

( (CODE <T23010008400,21.1>)
  (IP-MAT (ADVP-DIR (ADV^D +Danan))
	  (BEPI is)
	  (ADVP-LOC (ADV^L east))
	  (CP-FRL-SBJ (WADVP-LOC-1 (ADV^L +d+ar))
		      (C 0)
		      (IP-SUB (ADVP-LOC *T*-1)
			      (BEPI beo+d)
			      (NP-NOM (N^N men)
				      (CP-REL *ICH*-2))
			      (VBN akenned)
			      (CP-REL-2 (WNP-NOM-3 (D^N +ta))
					(C 0)
					(IP-SUB (IP-SUB-0 (NP-NOM *T*-3)
							  (BEPI beo+d)
							  (ADVP (ADV aw+astme))
							  (ADJP-NOM-PRD (NP-GEN-EXT (NUM fiftyne) (N^G fota))
									(ADJ^N lange)))
						(CONJP (CONJ &)
						       (IPX-SUB-CON=0 (PP (P on)
									  (NP (N br+ade)))
								      (NP-PRD (NUM tyn)
									      (NP-GEN (N^G fotm+ala)))))))))
	  (. .))
  (ID comarvel,Marv:21.1.110))

/~*
& on +d+are ylcan stowe is east +danon eac o+ter templ sunnan halig to +tam is
sum ge+tungen & gedefe sacerd to gesett,
(comarvel,Marv:23.4.121)
*~/
/*
22 ADV^D:  22 ADV^D, 23 +danon
*/

( (CODE <T23010009200,23.4>)
  (IP-MAT (CONJ &)
	  (PP (P on)
	      (NP-DAT (D^D +d+are) (ADJ^D ylcan) (N^D stowe)))
	  (BEPI is)
	  (ADVP-LOC (ADV^L east))
	  (ADVP-DIR (ADV^D +danon))
	  (ADVP (ADV eac))
	  (NP-NOM (ADJ^N o+ter)
		  (N^N templ)
		  (ADJP-NOM (NP (N sunnan))
			    (ADJ^N halig))
		  (CP-REL (WPP-1 (P to)
				 (NP-DAT (D^D +tam)))
			  (C 0)
			  (IP-SUB (PP *T*-1)
				  (BEPI is)
				  (NP-NOM (Q^N sum)
					  (ADJP-NOM (ADJ^N ge+tungen) (CONJ &) (ADJ^N gedefe))
					  (N^N sacerd))
				  (RP to)
				  (VBN gesett))))
	  (. ,))
  (ID comarvel,Marv:23.4.121))

/~*
& +tanan fram +tam wynstran d+ale syndan manege cyningas.
(comarvel,Marv:29.3.145)
*~/
/*
5 ADV^D:  5 ADV^D, 6 +tanan
*/

( (IP-MAT (CONJ &)
	  (ADVP-DIR (ADV^D +tanan))
	  (PP (P fram)
	      (NP-DAT (D^D +tam) (ADJR^D wynstran) (N^D d+ale)))
	  (BEPI syndan)
	  (NP-NOM (Q^N manege) (N^N cyningas))
	  (. .))
  (ID comarvel,Marv:29.3.145))

/~*
+Donne syndon treowcynn of +dam +da deorweorstan stanas beo+d acende, & +tanon
+t+atte hi growa+d.
(comarvel,Marv:31.1.151)
*~/
/*
43 ADV^D:  43 ADV^D, 44 +tanon
48 ADVP-DIR:  48 ADVP-DIR, 49 *T*-2
*/

( (CODE <T23010011400,31.1>)
  (IP-MAT (ADVP-TMP (ADV^T +Donne))
	  (BEPI syndon)
	  (NP-NOM (N^N treowcynn)
		  (CP-REL (CP-REL (WPP-1 (P of)
					 (NP-DAT (D^D +dam)))
				  (C 0)
				  (IP-SUB (PP *T*-1)
					  (NP-NOM (D^N +da) (ADJS^N deorweorstan) (N^N stanas))
					  (BEPI beo+d)
					  (VBN^N acende)))
			  (, ,)
			  (CONJP (CONJ &)
				 (CP-REL (WADVP-DIR-2 (ADV^D +tanon))
					 (C +t+atte)
					 (IP-SUB (ADVP-DIR *T*-2)
						 (NP-NOM (PRO^N hi))
						 (VBPI growa+d))))))
	  (. .))
  (ID comarvel,Marv:31.1.151))
/*
FOOTER
  source file, hits/tokens/total
  C:\Users\Shoo\Dropbox\workspace\CorpusSearch_Auto\data\corporas\YCOE\temp1492105600559\science_astronomy_geography\comarvel.o23.psd	8/7/163
*/
/*
HEADER:
source file:  C:\Users\Shoo\Dropbox\workspace\CorpusSearch_Auto\data\corporas\YCOE\temp1492105600559\science_astronomy_geography\cotempo.o3.psd
*/

/~*
+T+at leoht +de we hata+d d+agered, cym+d of +d+are sunnan +tonne heo upweard
bi+d;
(cotempo,+ATemp:1.22.39)
*~/
/*
48 ADV^D:  48 ADV^D, 49 upweard
*/

( (CODE <T03990002500,1.22>)
  (IP-MAT (NP-NOM (D^N +T+at)
		  (N^N leoht)
		  (CP-REL (WNP-1 0)
			  (C +de)
			  (IP-SUB (NP-NOM (PRO^N we))
				  (VBPI hata+d)
				  (IP-SMC (NP-SBJ *T*-1)
					  (NP-PRD (N d+agered))))))
	  (, ,)
	  (VBPI cym+d)
	  (PP (P of)
	      (NP-DAT (D^D +d+are) (N^D sunnan)))
	  (CP-ADV (P +tonne)
		  (C 0)
		  (IP-SUB (NP-NOM (PRO^N heo))
			  (ADVP-DIR (ADV^D upweard))
			  (BEPI bi+d)))
	  (. ;))
  (ID cotempo,+ATemp:1.22.39))

/~*
On +dam geare sind getealde twelf mon+das, & twa & fiftig wucan, +treo hund
daga & fif & sixtig daga, & +t+artoeacan six tida, +te macia+d +afre embe
+t+at feor+de gear +tone d+ag & +da niht +te we hata+d bissextum.
(cotempo,+ATemp:4.17.134)
*~/
/*
72 ADV+P:  72 ADV+P, 73 +t+artoeacan
*/

( (CODE <T03990009600,4.17>)
  (IP-MAT (PP (P On)
	      (NP-DAT (D^D +dam) (N^D geare)))
	  (BEPI sind)
	  (VBN^N getealde)
	  (NP-NOM (NP-NOM (NP-NOM (NUM twelf) (N^N mon+das))
			  (, ,)
			  (CONJP (CONJ &)
				 (NP-NOM (NUMP (NUM twa) (CONJ &) (NUM fiftig))
					 (N^N wucan))))
		  (, ,)
		  (CONJP (NP-NOM (NP (NUMP (NUM +treo) (NUM hund))
				     (NP-GEN (N^G daga)))
				 (CONJP (CONJ &)
					(NP (NUMP (NUM fif) (CONJ &) (NUM sixtig))
					    (NP-GEN (N^G daga))))
				 (, ,)
				 (CONJP (CONJ &)
					(NP-NOM (PP (ADV+P +t+artoeacan))
						(NUM six)
						(N^N tida)
						(, ,)
						(CP-REL (WNP-NOM-1 0)
							(C +te)
							(IP-SUB (NP-NOM *T*-1)
								(VBPI macia+d)
								(ADVP-TMP (ADV^T +afre))
								(PP (P embe)
								    (NP-ACC (D^A +t+at) (ADJ^A feor+de) (N^A gear)))
								(NP-ACC (NP-ACC (D^A +tone) (N^A d+ag))
									(CONJP (CONJ &)
									       (NP-ACC (D^A +da) (N^A niht)))
									(CP-REL (WNP-2 0)
										(C +te)
										(IP-SUB (NP-NOM (PRO^N we))
											(VBPI hata+d)
											(IP-SMC (NP-SBJ *T*-2)
												(NP-PRD (FW bissextum)))))))))))))
	  (. .))
  (ID cotempo,+ATemp:4.17.134))

/~*
+Tonne se d+ag langa+d +tonne g+a+d seo sunne nor+dweard o+d +t+at heo becym+d
to +dam tacne +te is gehaten cancer;
(cotempo,+ATemp:4.44.168)
*~/
/*
28 ADV^D:  28 ADV^D, 29 nor+dweard
*/

( (CODE <T03990012200,4.44>)
  (IP-MAT (CP-ADV (P +Tonne)
		  (C 0)
		  (IP-SUB (NP-NOM (D^N se) (N^N d+ag))
			  (VBPI langa+d)))
	  (ADVP-TMP (ADV^T +tonne))
	  (VBPI g+a+d)
	  (NP-NOM (D^N seo) (N^N sunne))
	  (ADVP-DIR (ADV^D nor+dweard))
	  (CP-ADV (P o+d)
		  (D^A +t+at)
		  (C 0)
		  (IP-SUB (NP-NOM (PRO^N heo))
			  (VBPI becym+d)
			  (PP (P to)
			      (NP-DAT (D^D +dam)
				      (N^D tacne)
				      (CP-REL (WNP-NOM-1 0)
					      (C +te)
					      (IP-SUB (NP-NOM *T*-1)
						      (BEPI is)
						      (VBN gehaten)
						      (NP-PRD (FW cancer))))))))
	  (. ;))
  (ID cotempo,+ATemp:4.44.168))

/~*
+t+ar is se sumerlica sunstede, for+dan +te heo cyr+d +t+ar ongean eft
su+dweard
(cotempo,+ATemp:4.44.169)
*~/
/*
36 ADV^D:  36 ADV^D, 37 su+dweard
*/

( (IP-MAT (ADVP-LOC (ADV^L +t+ar))
	  (BEPI is)
	  (NP-NOM (D^N se) (ADJ^N sumerlica) (N^N sunstede))
	  (, ,)
	  (CP-ADV (P for+dan)
		  (C +te)
		  (IP-SUB (NP-NOM (PRO^N heo))
			  (VBPI cyr+d)
			  (ADVP-LOC (ADV^L +t+ar))
			  (RP ongean)
			  (ADVP-TMP (ADV^T eft))
			  (ADVP-DIR (ADV^D su+dweard)))))
  (ID cotempo,+ATemp:4.44.169))

/~*
+Donne heo nor+dweard bi+d, +tonne maca+d heo lenctenlice emnihte on
middeweardum hire ryne.
(cotempo,+ATemp:4.45.171)
*~/
/*
14 ADV^D:  14 ADV^D, 15 nor+dweard
*/

( (CODE <T03990012300,4.45>)
  (IP-MAT (CP-ADV (P +Donne)
		  (C 0)
		  (IP-SUB (NP-NOM (PRO^N heo))
			  (ADVP-DIR (ADV^D nor+dweard))
			  (BEPI bi+d)))
	  (, ,)
	  (ADVP-TMP (ADV^T +tonne))
	  (VBPI maca+d)
	  (NP-NOM (PRO^N heo))
	  (NP-ACC (ADJ^A lenctenlice) (N^A emnihte))
	  (PP (P on)
	      (NP-DAT (ADJ^D middeweardum) (PRO$ hire) (N^D ryne)))
	  (. .))
  (ID cotempo,+ATemp:4.45.171))

/~*
Eft +donne heo su+dweard bi+d, +tonne maca+d heo h+arfestlice emnihte.
(cotempo,+ATemp:4.46.172)
*~/
/*
17 ADV^D:  17 ADV^D, 18 su+dweard
*/

( (CODE <T03990012400,4.46>)
  (IP-MAT (ADVP-TMP (ADV^T Eft))
	  (CP-ADV (P +donne)
		  (C 0)
		  (IP-SUB (NP-NOM (PRO^N heo))
			  (ADVP-DIR (ADV^D su+dweard))
			  (BEPI bi+d)))
	  (, ,)
	  (ADVP-TMP (ADV^T +tonne))
	  (VBPI maca+d)
	  (NP-NOM (PRO^N heo))
	  (NP-ACC (ADJ^A h+arfestlice) (N^A emnihte))
	  (. .))
  (ID cotempo,+ATemp:4.46.172))

/~*
& se ende +te heo forl+at bi+d mid +deostrum ofer+deaht o+d +t+at heo eft
+tider geneal+ace.
(cotempo,+ATemp:6.9.220)
*~/
/*
47 ADV^D:  47 ADV^D, 48 +tider
*/

( (IP-MAT (CONJ &)
	  (NP-NOM (D^N se)
		  (N^N ende)
		  (CP-REL (WNP-1 0)
			  (C +te)
			  (IP-SUB (NP *T*-1)
				  (NP-NOM (PRO^N heo))
				  (VBPI forl+at))))
	  (BEPI bi+d)
	  (PP (P mid)
	      (NP-DAT (N^D +deostrum)))
	  (RP+VBN ofer+deaht)
	  (CP-ADV (P o+d)
		  (D^A +t+at)
		  (C 0)
		  (IP-SUB (NP-NOM (PRO^N heo))
			  (ADVP-TMP (ADV^T eft))
			  (ADVP-DIR (ADV^D +tider))
			  (VBPS geneal+ace)))
	  (. .))
  (ID cotempo,+ATemp:6.9.220))

/~*
On India lande wenda+d heora sceada on sumera su+dweard & on wintra nor+dweard.
(cotempo,+ATemp:6.11.222)
*~/
/*
28 ADV^D:  28 ADV^D, 29 su+dweard
41 ADV^D:  41 ADV^D, 42 nor+dweard
*/

( (CODE <T03990015400,6.11>)
  (IP-MAT (IP-MAT-0 (PP (P On)
			(NP-DAT (NP-GEN (NR India))
				(N^D lande)))
		    (VBPI wenda+d)
		    (NP-NOM (PRO$ heora) (N^N sceada))
		    (PP (P on)
			(NP-DAT (N^D sumera)))
		    (ADVP-DIR (ADV^D su+dweard)))
	  (CONJP (CONJ &)
		 (IPX-MAT=0 (PP (P on)
				(NP-DAT (N^D wintra)))
			    (ADVP-DIR (ADV^D nor+dweard))))
	  (. .))
  (ID cotempo,+ATemp:6.11.222))

/~*
Eft on Alexandria g+a+d seo sunne upprihte on +dam sumerlicum sunstede on
midd+age,
(cotempo,+ATemp:6.12.223)
*~/
/*
21 ADV^D:  21 ADV^D, 22 upprihte
*/

( (CODE <T03990015500,6.12>)
  (IP-MAT (ADVP-TMP (ADV^T Eft))
	  (PP (P on)
	      (NP (NR Alexandria)))
	  (VBPI g+a+d)
	  (NP-NOM (D^N seo) (N^N sunne))
	  (ADVP-DIR (ADV^D upprihte))
	  (PP (P on)
	      (NP-DAT (D^D +dam) (ADJ^D sumerlicum) (N^D sunstede)))
	  (PP (P on)
	      (NP-DAT (N^D midd+age)))
	  (. ,))
  (ID cotempo,+ATemp:6.12.223))

/~*
& +danon ne afealla+d +da hwile +te +deos woruld stent.
(cotempo,+ATemp:9.3.290)
*~/
/*
7 ADV^D:  7 ADV^D, 8 +danon
*/

( (IP-MAT (CONJ &)
	  (NP-NOM *con*)
	  (ADVP-DIR (ADV^D +danon))
	  (NEG ne)
	  (VBPI afealla+d)
	  (NP-ACC-TMP (D^A +da)
		      (N^A hwile)
		      (CP-REL (WADVP-TMP-1 0)
			      (C +te)
			      (IP-SUB (ADVP-TMP *T*-1)
				      (NP-NOM (D^N +deos) (N^N woruld))
				      (VBPI stent))))
	  (. .))
  (ID cotempo,+ATemp:9.3.290))

/~*
Pliade sind gehatene +da seofon steorran +te on h+arfeste upaga+d, & ofer
ealne winter scina+d, gangende eastan westweard.
(cotempo,+ATemp:9.10.303)
*~/
/*
59 ADV^D:  59 ADV^D, 60 eastan
62 ADV^D:  62 ADV^D, 63 westweard
*/

( (CODE <T03990020900,9.10>)
  (IP-MAT (NP-NOM-PRD (NR^N Pliade))
	  (BEPI sind)
	  (VBN^N gehatene)
	  (NP-NOM (D^N +da)
		  (NUM seofon)
		  (N^N steorran)
		  (CP-REL (WNP-NOM-1 0)
			  (C +te)
			  (IP-SUB (IP-SUB (NP-NOM *T*-1)
					  (PP (P on)
					      (NP-DAT (N^D h+arfeste)))
					  (RP+VBPI upaga+d))
				  (, ,)
				  (CONJP (CONJ &)
					 (IP-SUB-CON (NP-NOM *T*-1)
						     (PP (P ofer)
							 (NP-ACC (Q^A ealne) (N^A winter)))
						     (VBPI scina+d)
						     (, ,)
						     (PTP-NOM (VAG^N gangende)
							      (ADVP-DIR (ADV^D eastan))
							      (ADVP-DIR (ADV^D westweard))))))))
	  (. .))
  (ID cotempo,+ATemp:9.10.303))

/~*
+Danon +de he bl+aw+d, him bi+d nama gesett.
(cotempo,+ATemp:10.16.332)
*~/
/*
5 ADV^D:  5 ADV^D, 6 +Danon
13 ADVP-DIR:  13 ADVP-DIR, 14 *T*-1
*/

( (CODE <T03990023100,10.16>)
  (IP-MAT (ADVP-DIR (ADV^D +Danon)
		    (CP-REL (WADVP-DIR-1 0)
			    (C +de)
			    (IP-SUB (ADVP-DIR *T*-1)
				    (NP-NOM (PRO^N he))
				    (VBPI bl+aw+d))))
	  (, ,)
	  (NP-DAT (PRO^D him))
	  (BEPI bi+d)
	  (NP-NOM (N^N nama))
	  (VBN gesett)
	  (. .))
  (ID cotempo,+ATemp:10.16.332))

/~*
se bl+aw+d westan,
(cotempo,+ATemp:10.19.337)
*~/
/*
8 ADV^D:  8 ADV^D, 9 westan
*/

( (IP-MAT (NP-NOM (D^N se))
	  (VBPI bl+aw+d)
	  (ADVP-DIR (ADV^D westan))
	  (. ,))
  (ID cotempo,+ATemp:10.19.337))

/~*
Se feor+da heafodwind hatte Septemtrio, se bl+aw+d nor+dan ceald & snawlic, &
wyrc+d drie wolcnu.
(cotempo,+ATemp:10.20.340)
*~/
/*
33 ADV^D:  33 ADV^D, 34 nor+dan
*/

( (CODE <T03990023500,10.20>)
  (IP-MAT (NP-NOM (D^N Se)
		  (ADJ^N feor+da)
		  (N^N heafodwind)
		  (CP-REL *ICH*-2))
	  (VBD hatte)
	  (NP-PRD (FW Septemtrio))
	  (, ,)
	  (CP-REL-2 (WNP-NOM-1 (D^N se))
		    (C 0)
		    (IP-SUB (IP-SUB (NP-NOM *T*-1)
				    (VBPI bl+aw+d)
				    (ADVP-DIR (ADV^D nor+dan))
				    (ADJP-NOM (ADJ^N ceald) (CONJ &) (ADJ^N snawlic)))
			    (, ,)
			    (CONJP (CONJ &)
				   (IP-SUB-CON (NP-NOM *T*-1)
					       (VBPI wyrc+d)
					       (NP-ACC (ADJ^A drie) (N^A wolcnu))))))
	  (. .))
  (ID cotempo,+ATemp:10.20.340))

/~*
Is swa +deah hw+a+dere an +d+ara eahta winda, Aquilo gehaten, se bl+aw+d
nor+dan & eastan, healic & ceald, & swi+de drie; se is gehaten o+drum naman
Boreas,
(cotempo,+ATemp:10.23.343)
*~/
/*
45 ADV^D:  45 ADV^D, 46 nor+dan
49 ADV^D:  49 ADV^D, 50 eastan
*/

( (CODE <T03990023800,10.23>)
  (IP-MAT (BEPI Is)
	  (ADVP (ADV swa) (ADV +deah) (ADV hw+a+dere))
	  (NP-NOM (NUM an)
		  (NP-GEN (D^G +d+ara) (NUM eahta) (N^G winda))
		  (, ,)
		  (PTP (NP-PRD (FW Aquilo))
		       (VBN gehaten))
		  (, ,)
		  (CP-REL (WNP-NOM-1 (D^N se))
			  (C 0)
			  (IP-SUB (NP-NOM *T*-1)
				  (VBPI bl+aw+d)
				  (ADVP-DIR (ADV^D nor+dan) (CONJ &) (ADV^D eastan))))
		  (, ,)
		  (ADJP-NOM (ADJP-NOM (ADJ^N healic))
			    (CONJP (CONJ &)
				   (ADJP-NOM (ADJ^N ceald)))
			    (, ,)
			    (CONJP (CONJ &)
				   (ADJP-NOM (ADV swi+de) (ADJ^N drie))))
		  (, ;)
		  (CP-REL (WNP-NOM-2 (D^N se))
			  (C 0)
			  (IP-SUB (NP-NOM *T*-2)
				  (BEPI is)
				  (VBN gehaten)
				  (NP-DAT-ADT (ADJ^D o+drum) (N^D naman))
				  (NP-PRD (FW Boreas)))))
	  (. ,))
  (ID cotempo,+ATemp:10.23.343))
/*
FOOTER
  source file, hits/tokens/total
  C:\Users\Shoo\Dropbox\workspace\CorpusSearch_Auto\data\corporas\YCOE\temp1492105600559\science_astronomy_geography\cotempo.o3.psd	19/15/384
*/
/*
SUMMARY:  
source files, hits/tokens/total
  C:\Users\Shoo\Dropbox\workspace\CorpusSearch_Auto\data\corporas\YCOE\temp1492105600559\science_astronomy_geography\cobyrhtf.o3.psd	36/35/813
  C:\Users\Shoo\Dropbox\workspace\CorpusSearch_Auto\data\corporas\YCOE\temp1492105600559\science_astronomy_geography\comarvel.o23.psd	8/7/163
  C:\Users\Shoo\Dropbox\workspace\CorpusSearch_Auto\data\corporas\YCOE\temp1492105600559\science_astronomy_geography\cotempo.o3.psd	19/15/384
whole search, hits/tokens/total
		63/57/1360
*/
