/*
PREFACE:  
Copyright 2010 Beth Randall
Date:  Thu Apr 13 18:48:56 BST 2017

command file:     data\searches\queries\YCOE\progressive_forms_in_a_generic_predicate.q
output file:      C:\Users\Shoo\Dropbox\workspace\CorpusSearch_Auto\data\output\13-04-2017 18.46.36.333 YCOE\progressive_forms_in_a_generic_predicate\medicine_handbooks_religious_and_educational_treatises\result.out

node:   CPX*|AXG*|BAG*|HAG*|VAG*
query:  (AXG*|BAG*|HAG*|VAG* Dominates  !AXG*|BAG*|HAG*|VAG*) 
  AND  (CPX* Dominates  AXG*|BAG*|HAG*|VAG*) 
*/
/*
HEADER:
source file:  C:\Users\Shoo\Dropbox\workspace\CorpusSearch_Auto\data\corporas\YCOE\temp1492105600559\medicine_handbooks_religious_and_educational_treatises\coadrian.o34.psd
*/
/*
FOOTER
  source file, hits/tokens/total
  C:\Users\Shoo\Dropbox\workspace\CorpusSearch_Auto\data\corporas\YCOE\temp1492105600559\medicine_handbooks_religious_and_educational_treatises\coadrian.o34.psd	0/0/114
*/
/*
HEADER:
source file:  C:\Users\Shoo\Dropbox\workspace\CorpusSearch_Auto\data\corporas\YCOE\temp1492105600559\medicine_handbooks_religious_and_educational_treatises\coalcuin.psd
*/

/~*
Herigendlicre is, +t+at man swylcne teona swigende forbuge, +tone hine man
andswerigende oferswi+de.
(coalcuin,Alc_[Warn_35]:221.158)
*~/
/*
54 VAG^N:  54 VAG^N, 55 andswerigende, 45 CPX-THT
*/
( (CODE <T06940010400,221>)
  (IP-MAT-0 (NP-NOM-x *exp*)
	    (ADJP-NOM-PRD (ADJR^N Herigendlicre)
			  (PP *ICH*-1))
	    (BEPI is)
	    (, ,)
	    (CP-THT-x (C +t+at)
		      (IP-SUB (NP-NOM (MAN^N man))
			      (NP-ACC (ADJ^A swylcne) (N^A teona))
			      (PTP-NOM (VAG^N swigende))
			      (VBPS forbuge)))
	    (, ,)
	    (PP-1 (P +tone)
		  (CP-CMP (WADJP-2 0)
			  (C 0)
			  (IPX-SUB=0 (ADJP-PRD *T*-2)
				     (CPX-THT (IP-SUB (NP-ACC (PRO^A hine))
						      (NP-NOM (MAN^N man)
							      (PTP-NOM (VAG^N andswerigende)))
						      (RP+VBPS oferswi+de))))))
	    (. .))
  (ID coalcuin,Alc_[Warn_35]:221.158))
/*
FOOTER
  source file, hits/tokens/total
  C:\Users\Shoo\Dropbox\workspace\CorpusSearch_Auto\data\corporas\YCOE\temp1492105600559\medicine_handbooks_religious_and_educational_treatises\coalcuin.psd	1/1/402
*/
/*
HEADER:
source file:  C:\Users\Shoo\Dropbox\workspace\CorpusSearch_Auto\data\corporas\YCOE\temp1492105600559\medicine_handbooks_religious_and_educational_treatises\cocura.o2.psd
*/

/~*
+Da nietenu +donne +de he geseah binnan +d+am wage getacnigea+d +donne mon
hw+at ryhtlices & gerisenlices ge+denc+d, +donne ne lige+d he eallinga on
+d+are eor+dan sua +da creopendan wuhta, ac bi+d hw+athwugu upah+afen sua
+d+at neat from eor+dan;
(cocura,CP:21.155.24.1067)
*~/
/*
94 VAG^N:  94 VAG^N, 95 creopendan, 89 CPX-CMP
*/

( (CODE <T06560073300,21.155.24>)
  (IP-MAT (NP-NOM (D^N +Da)
		  (N^N nietenu)
		  (CP-REL *ICH*-2))
	  (ADVP-TMP (ADV^T +donne))
	  (CP-REL-2 (WNP-1 0)
		    (C +de)
		    (IP-SUB (NP *T*-1)
			    (NP-NOM (PRO^N he))
			    (VBDI geseah)
			    (PP (P binnan)
				(NP-DAT (D^D +d+am) (N^D wage)))))
	  (VBPI getacnigea+d)
	  (CP-THT (C 0)
		  (IP-SUB (IP-SUB (CP-ADV (P +donne)
					  (C 0)
					  (IP-SUB (NP-NOM (MAN^N mon))
						  (NP-ACC (Q^A hw+at)
							  (ADJP-GEN (ADJ^G ryhtlices) (CONJ &) (ADJ^G gerisenlices)))
						  (VBPI ge+denc+d)))
				  (, ,)
				  (ADVP-TMP (ADV^T +donne))
				  (NEG ne)
				  (VBPI lige+d)
				  (NP-NOM (PRO^N he))
				  (ADVP (ADV eallinga))
				  (PP (P on)
				      (NP-DAT (D^D +d+are) (N^D eor+dan)))
				  (PP (P sua)
				      (CPX-CMP (IPX-SUB (NP-NOM (D^N +da) (VAG^N creopendan) (N^N wuhta))))))
			  (, ,)
			  (CONJP (CONJ ac)
				 (IP-SUB-CON (NP-NOM *con*)
					     (BEPI bi+d)
					     (QP-ADT (Q hw+athwugu))
					     (RP+VBN upah+afen)
					     (PP (P sua)
						 (CPX-CMP (IPX-SUB (NP-NOM (D^N +d+at) (N^N neat)))))
					     (PP (P from)
						 (NP (N eor+dan)))))))
	  (. ;))
  (ID cocura,CP:21.155.24.1067))
/*
FOOTER
  source file, hits/tokens/total
  C:\Users\Shoo\Dropbox\workspace\CorpusSearch_Auto\data\corporas\YCOE\temp1492105600559\medicine_handbooks_religious_and_educational_treatises\cocura.o2.psd	1/1/3400
*/
/*
HEADER:
source file:  C:\Users\Shoo\Dropbox\workspace\CorpusSearch_Auto\data\corporas\YCOE\temp1492105600559\medicine_handbooks_religious_and_educational_treatises\cocuraC.psd
*/
/*
FOOTER
  source file, hits/tokens/total
  C:\Users\Shoo\Dropbox\workspace\CorpusSearch_Auto\data\corporas\YCOE\temp1492105600559\medicine_handbooks_religious_and_educational_treatises\cocuraC.psd	0/0/119
*/
/*
HEADER:
source file:  C:\Users\Shoo\Dropbox\workspace\CorpusSearch_Auto\data\corporas\YCOE\temp1492105600559\medicine_handbooks_religious_and_educational_treatises\coeluc1.psd
*/
/*
FOOTER
  source file, hits/tokens/total
  C:\Users\Shoo\Dropbox\workspace\CorpusSearch_Auto\data\corporas\YCOE\temp1492105600559\medicine_handbooks_religious_and_educational_treatises\coeluc1.psd	0/0/94
*/
/*
HEADER:
source file:  C:\Users\Shoo\Dropbox\workspace\CorpusSearch_Auto\data\corporas\YCOE\temp1492105600559\medicine_handbooks_religious_and_educational_treatises\coeluc2.psd
*/
/*
FOOTER
  source file, hits/tokens/total
  C:\Users\Shoo\Dropbox\workspace\CorpusSearch_Auto\data\corporas\YCOE\temp1492105600559\medicine_handbooks_religious_and_educational_treatises\coeluc2.psd	0/0/38
*/
/*
HEADER:
source file:  C:\Users\Shoo\Dropbox\workspace\CorpusSearch_Auto\data\corporas\YCOE\temp1492105600559\medicine_handbooks_religious_and_educational_treatises\coherbar.psd
*/
/*
FOOTER
  source file, hits/tokens/total
  C:\Users\Shoo\Dropbox\workspace\CorpusSearch_Auto\data\corporas\YCOE\temp1492105600559\medicine_handbooks_religious_and_educational_treatises\coherbar.psd	0/0/2659
*/
/*
HEADER:
source file:  C:\Users\Shoo\Dropbox\workspace\CorpusSearch_Auto\data\corporas\YCOE\temp1492105600559\medicine_handbooks_religious_and_educational_treatises\colacnu.o23.psd
*/
/*
FOOTER
  source file, hits/tokens/total
  C:\Users\Shoo\Dropbox\workspace\CorpusSearch_Auto\data\corporas\YCOE\temp1492105600559\medicine_handbooks_religious_and_educational_treatises\colacnu.o23.psd	0/0/871
*/
/*
HEADER:
source file:  C:\Users\Shoo\Dropbox\workspace\CorpusSearch_Auto\data\corporas\YCOE\temp1492105600559\medicine_handbooks_religious_and_educational_treatises\colaece.o2.psd
*/

/~*
Gif se geohsa of cile cume +tonne sceal mon mid wyrmendum +tingum lacnian
swile swa pipor is & o+tra wermenda wyrta
(colaece,Lch_II_[1]:18.1.10.720)
*~/
/*
63 VAG^N:  63 VAG^N, 64 wermenda, 47 CPX-CMP
*/

( (CODE <T22790026400,18.1.10>)
  (IP-MAT (CP-ADV (P Gif)
		  (C 0)
		  (IP-SUB (NP-NOM (D^N se) (N^N geohsa))
			  (PP (P of)
			      (NP (N cile)))
			  (VBPS cume)))
	  (ADVP-TMP (ADV^T +tonne))
	  (MDPI sceal)
	  (NP-NOM (MAN^N mon))
	  (PP (P mid)
	      (NP-DAT (VAG^D wyrmendum) (N^D +tingum)))
	  (VB lacnian)
	  (NP (N swile))
	  (PP (P swa)
	      (CPX-CMP (IPX-SUB (NP-NOM (NP-NOM (N^N pipor))
					(CONJP *ICH*-1))
				(BEPI is)
				(CONJP-1 (CONJ &)
					 (NP-NOM (ADJ^N o+tra) (VAG^N wermenda) (N^N wyrta)))))))
  (ID colaece,Lch_II_[1]:18.1.10.720))

/~*
For+ton +t+am mannum deah +t+at him mon on fruman +ta mettas gife +te celunge
& strangunge m+agen h+abben swa swa beo+t +appla, nales to swete ealles ac
surmelsce, & peran & persucas & hlaf gedon on ceald w+ater o+t+te on hat be
+t+are gelicunge +t+as magan +te +ta yfelan w+atan sceorfendan & scearpan
h+af+d.
(colaece,Lch_II_[2]:1.1.17.2120)
*~/
/*
162 VAG^A:  162 VAG^A, 163 sceorfendan, 66 CPX-CMP
*/

( (CODE <T22810000600,1.1.17>)
  (IP-MAT (NP-NOM-x *exp*)
	  (ADVP (ADV For+ton))
	  (NP-DAT (D^D +t+am) (N^D mannum))
	  (VBPI deah)
	  (CP-THT-x (C +t+at)
		    (IP-SUB (NP-DAT (PRO^D him))
			    (NP-NOM (MAN^N mon))
			    (PP (P on)
				(NP (N fruman)))
			    (NP-ACC (D^A +ta)
				    (N^A mettas)
				    (CP-REL *ICH*-1))
			    (VBPS gife)
			    (CP-REL-1 (WNP-NOM-2 0)
				      (C +te)
				      (IP-SUB (NP-NOM *T*-2)
					      (NP-ACC (NP-GEN (N^G celunge) (CONJ &) (N^G strangunge))
						      (N^A m+agen))
					      (HVPS h+abben)))
			    (PP (ADV swa)
				(P swa)
				(CPX-CMP (IPX-SUB (BEPI beo+t)
						  (NP-NOM (NP-NOM (N^N +appla)
								  (, ,)
								  (ADJP-NOM (ADJP-NOM (NEG+Q nales) (ADV to) (ADJ^N swete) (Q^G ealles))
									    (CONJP (CONJ ac)
										   (ADJP-NOM (ADJ^N surmelsce)))))
							  (, ,)
							  (CONJP (CONJ &)
								 (NP-NOM (N^N peran)))
							  (CONJP (CONJ &)
								 (NP-NOM (N^N persucas)))
							  (CONJP (CONJ &)
								 (NP-NOM (N^N hlaf)
									 (PTP-NOM (VBN^N gedon)
										  (PP (PP (P on)
											  (NP-ACC (ADJ^A ceald) (N^A w+ater)))
										      (CONJP (CONJ o+t+te)
											     (PP (P on)
												 (NP-ACC (ADJ^A hat)))))
										  (PP (P be)
										      (NP-DAT (D^D +t+are)
											      (N^D gelicunge)
											      (NP-GEN (D^G +t+as)
												      (N^G magan)
												      (CP-REL (WNP-NOM-5 0)
													      (C +te)
													      (IP-SUB (NP-NOM *T*-5)
														      (NP-ACC (D^A +ta)
															      (ADJ^A yfelan)
															      (N^A w+atan)
															      (ADJP-ACC (VAG^A sceorfendan) (CONJ &) (ADJ^A scearpan)))
														      (HVPI h+af+d)))))))))))))))
	  (. .))
  (ID colaece,Lch_II_[2]:1.1.17.2120))
/*
FOOTER
  source file, hits/tokens/total
  C:\Users\Shoo\Dropbox\workspace\CorpusSearch_Auto\data\corporas\YCOE\temp1492105600559\medicine_handbooks_religious_and_educational_treatises\colaece.o2.psd	2/2/4152
*/
/*
HEADER:
source file:  C:\Users\Shoo\Dropbox\workspace\CorpusSearch_Auto\data\corporas\YCOE\temp1492105600559\medicine_handbooks_religious_and_educational_treatises\coleofri.o4.psd
*/
/*
FOOTER
  source file, hits/tokens/total
  C:\Users\Shoo\Dropbox\workspace\CorpusSearch_Auto\data\corporas\YCOE\temp1492105600559\medicine_handbooks_religious_and_educational_treatises\coleofri.o4.psd	0/0/97
*/
/*
HEADER:
source file:  C:\Users\Shoo\Dropbox\workspace\CorpusSearch_Auto\data\corporas\YCOE\temp1492105600559\medicine_handbooks_religious_and_educational_treatises\colsigef.o3.psd
*/
/*
FOOTER
  source file, hits/tokens/total
  C:\Users\Shoo\Dropbox\workspace\CorpusSearch_Auto\data\corporas\YCOE\temp1492105600559\medicine_handbooks_religious_and_educational_treatises\colsigef.o3.psd	0/0/75
*/
/*
HEADER:
source file:  C:\Users\Shoo\Dropbox\workspace\CorpusSearch_Auto\data\corporas\YCOE\temp1492105600559\medicine_handbooks_religious_and_educational_treatises\colsigewB.psd
*/
/*
FOOTER
  source file, hits/tokens/total
  C:\Users\Shoo\Dropbox\workspace\CorpusSearch_Auto\data\corporas\YCOE\temp1492105600559\medicine_handbooks_religious_and_educational_treatises\colsigewB.psd	0/0/221
*/
/*
HEADER:
source file:  C:\Users\Shoo\Dropbox\workspace\CorpusSearch_Auto\data\corporas\YCOE\temp1492105600559\medicine_handbooks_religious_and_educational_treatises\colsigewZ.o34.psd
*/
/*
FOOTER
  source file, hits/tokens/total
  C:\Users\Shoo\Dropbox\workspace\CorpusSearch_Auto\data\corporas\YCOE\temp1492105600559\medicine_handbooks_religious_and_educational_treatises\colsigewZ.o34.psd	0/0/648
*/
/*
HEADER:
source file:  C:\Users\Shoo\Dropbox\workspace\CorpusSearch_Auto\data\corporas\YCOE\temp1492105600559\medicine_handbooks_religious_and_educational_treatises\colwgeat.psd
*/
/*
FOOTER
  source file, hits/tokens/total
  C:\Users\Shoo\Dropbox\workspace\CorpusSearch_Auto\data\corporas\YCOE\temp1492105600559\medicine_handbooks_religious_and_educational_treatises\colwgeat.psd	0/0/134
*/
/*
HEADER:
source file:  C:\Users\Shoo\Dropbox\workspace\CorpusSearch_Auto\data\corporas\YCOE\temp1492105600559\medicine_handbooks_religious_and_educational_treatises\colwsigeT.psd
*/
/*
FOOTER
  source file, hits/tokens/total
  C:\Users\Shoo\Dropbox\workspace\CorpusSearch_Auto\data\corporas\YCOE\temp1492105600559\medicine_handbooks_religious_and_educational_treatises\colwsigeT.psd	0/0/19
*/
/*
HEADER:
source file:  C:\Users\Shoo\Dropbox\workspace\CorpusSearch_Auto\data\corporas\YCOE\temp1492105600559\medicine_handbooks_religious_and_educational_treatises\colwsigeXa.o34.psd
*/
/*
FOOTER
  source file, hits/tokens/total
  C:\Users\Shoo\Dropbox\workspace\CorpusSearch_Auto\data\corporas\YCOE\temp1492105600559\medicine_handbooks_religious_and_educational_treatises\colwsigeXa.o34.psd	0/0/199
*/
/*
HEADER:
source file:  C:\Users\Shoo\Dropbox\workspace\CorpusSearch_Auto\data\corporas\YCOE\temp1492105600559\medicine_handbooks_religious_and_educational_treatises\colwstan1.o3.psd
*/

/~*
and we sceolan f+astlice +ta gewri+tan and gewyldan us to cl+annysse. And
habban us on handum halige weorc, symle on +almesd+adum and on eallum
godnyssum, mannum to bysene, swaswa byrnende leohtfatu.
(colwstan1,+ALet_2_[Wulfstan_1]:29.51)
*~/
/*
99 VAG^N:  99 VAG^N, 100 byrnende, 96 CPX-CMP
*/

( (IP-MAT (IP-MAT-0 (CONJ and)
		    (NP-NOM (PRO^N we))
		    (MDPI sceolan)
		    (ADVP (ADV f+astlice))
		    (NP-ACC (D^A +ta))
		    (VB gewri+tan))
	  (CONJP (CONJ and)
		 (IPX-MAT=0 (VB gewyldan)
			    (NP-RFL (PRO us))
			    (PP (P to)
				(NP (N cl+annysse)))))
	  (, .)
	  (CODE <T03900003500,29>)
	  (CONJP (CONJ And)
		 (IPX-MAT=0 (HV habban)
			    (NP-RFL-ADT (PRO us))
			    (PP (P on)
				(NP-DAT (N^D handum)))
			    (NP-ACC (ADJ^A halige) (N^A weorc))
			    (, ,)
			    (ADVP-TMP (ADV^T symle))
			    (PP (PP (P on)
				    (NP-DAT (N^D +almesd+adum)))
				(CONJP (CONJ and)
				       (PP (P on)
					   (NP-DAT (Q^D eallum) (N^D godnyssum)))))
			    (, ,)
			    (NP-DAT-ADT (N^D mannum))
			    (PP (P to)
				(NP (N bysene)))
			    (, ,)
			    (PP (P swaswa)
				(CPX-CMP (IPX-SUB (NP-NOM (VAG^N byrnende) (N^N leohtfatu)))))))
	  (. .))
  (ID colwstan1,+ALet_2_[Wulfstan_1]:29.51))

/~*
+After +t+as h+alendes +trowunge and his upstige to heofenum com se haliga
gast of heofenum to eor+tan swaswa byrnende fyr mid bradum liggette ofer
Cristes apostolos, swaswa Crist him +ar behet
(colwstan1,+ALet_2_[Wulfstan_1]:36.60)
*~/
/*
57 VAG^N:  57 VAG^N, 58 byrnende, 54 CPX-CMP
*/

( (CODE <T03900004200,36>)
  (IP-MAT (PP (P +After)
	      (NP (NP (NP-GEN (D^G +t+as) (N^G h+alendes))
		      (N +trowunge))
		  (CONJP (CONJ and)
			 (NP (PRO$ his)
			     (N upstige)
			     (PP (P to)
				 (NP-DAT (N^D heofenum)))))))
	  (VBDI com)
	  (NP-NOM (D^N se) (ADJ^N haliga) (N^N gast))
	  (PP (P of)
	      (NP-DAT (N^D heofenum)))
	  (PP (P to)
	      (NP (N eor+tan)))
	  (PP (P swaswa)
	      (CPX-CMP (IPX-SUB (NP-NOM (VAG^N byrnende) (N^N fyr)))))
	  (PP (P mid)
	      (NP-DAT (ADJ^D bradum) (N^D liggette)))
	  (PP (P ofer)
	      (NP-ACC (NP-GEN (NR^G Cristes))
		      (N^A apostolos)))
	  (, ,)
	  (PP (P swaswa)
	      (CPX-CMP (IPX-SUB (NP-NOM (NR^N Crist))
				(NP-DAT (PRO^D him))
				(ADVP-TMP (ADV^T +ar))
				(VBDI behet)))))
  (ID colwstan1,+ALet_2_[Wulfstan_1]:36.60))
/*
FOOTER
  source file, hits/tokens/total
  C:\Users\Shoo\Dropbox\workspace\CorpusSearch_Auto\data\corporas\YCOE\temp1492105600559\medicine_handbooks_religious_and_educational_treatises\colwstan1.o3.psd	2/2/287
*/
/*
HEADER:
source file:  C:\Users\Shoo\Dropbox\workspace\CorpusSearch_Auto\data\corporas\YCOE\temp1492105600559\medicine_handbooks_religious_and_educational_treatises\colwstan2.o3.psd
*/
/*
FOOTER
  source file, hits/tokens/total
  C:\Users\Shoo\Dropbox\workspace\CorpusSearch_Auto\data\corporas\YCOE\temp1492105600559\medicine_handbooks_religious_and_educational_treatises\colwstan2.o3.psd	0/0/274
*/
/*
HEADER:
source file:  C:\Users\Shoo\Dropbox\workspace\CorpusSearch_Auto\data\corporas\YCOE\temp1492105600559\medicine_handbooks_religious_and_educational_treatises\coquadru.o23.psd
*/
/*
FOOTER
  source file, hits/tokens/total
  C:\Users\Shoo\Dropbox\workspace\CorpusSearch_Auto\data\corporas\YCOE\temp1492105600559\medicine_handbooks_religious_and_educational_treatises\coquadru.o23.psd	0/0/501
*/
/*
HEADER:
source file:  C:\Users\Shoo\Dropbox\workspace\CorpusSearch_Auto\data\corporas\YCOE\temp1492105600559\medicine_handbooks_religious_and_educational_treatises\cosolilo.psd
*/
/*
FOOTER
  source file, hits/tokens/total
  C:\Users\Shoo\Dropbox\workspace\CorpusSearch_Auto\data\corporas\YCOE\temp1492105600559\medicine_handbooks_religious_and_educational_treatises\cosolilo.psd	0/0/988
*/
/*
HEADER:
source file:  C:\Users\Shoo\Dropbox\workspace\CorpusSearch_Auto\data\corporas\YCOE\temp1492105600559\medicine_handbooks_religious_and_educational_treatises\cosolsat1.o4.psd
*/
/*
FOOTER
  source file, hits/tokens/total
  C:\Users\Shoo\Dropbox\workspace\CorpusSearch_Auto\data\corporas\YCOE\temp1492105600559\medicine_handbooks_religious_and_educational_treatises\cosolsat1.o4.psd	0/0/211
*/
/*
HEADER:
source file:  C:\Users\Shoo\Dropbox\workspace\CorpusSearch_Auto\data\corporas\YCOE\temp1492105600559\medicine_handbooks_religious_and_educational_treatises\cosolsat2.psd
*/
/*
FOOTER
  source file, hits/tokens/total
  C:\Users\Shoo\Dropbox\workspace\CorpusSearch_Auto\data\corporas\YCOE\temp1492105600559\medicine_handbooks_religious_and_educational_treatises\cosolsat2.psd	0/0/83
*/
/*
SUMMARY:  
source files, hits/tokens/total
  C:\Users\Shoo\Dropbox\workspace\CorpusSearch_Auto\data\corporas\YCOE\temp1492105600559\medicine_handbooks_religious_and_educational_treatises\coadrian.o34.psd	0/0/114
  C:\Users\Shoo\Dropbox\workspace\CorpusSearch_Auto\data\corporas\YCOE\temp1492105600559\medicine_handbooks_religious_and_educational_treatises\coalcuin.psd	1/1/402
  C:\Users\Shoo\Dropbox\workspace\CorpusSearch_Auto\data\corporas\YCOE\temp1492105600559\medicine_handbooks_religious_and_educational_treatises\cocura.o2.psd	1/1/3400
  C:\Users\Shoo\Dropbox\workspace\CorpusSearch_Auto\data\corporas\YCOE\temp1492105600559\medicine_handbooks_religious_and_educational_treatises\cocuraC.psd	0/0/119
  C:\Users\Shoo\Dropbox\workspace\CorpusSearch_Auto\data\corporas\YCOE\temp1492105600559\medicine_handbooks_religious_and_educational_treatises\coeluc1.psd	0/0/94
  C:\Users\Shoo\Dropbox\workspace\CorpusSearch_Auto\data\corporas\YCOE\temp1492105600559\medicine_handbooks_religious_and_educational_treatises\coeluc2.psd	0/0/38
  C:\Users\Shoo\Dropbox\workspace\CorpusSearch_Auto\data\corporas\YCOE\temp1492105600559\medicine_handbooks_religious_and_educational_treatises\coherbar.psd	0/0/2659
  C:\Users\Shoo\Dropbox\workspace\CorpusSearch_Auto\data\corporas\YCOE\temp1492105600559\medicine_handbooks_religious_and_educational_treatises\colacnu.o23.psd	0/0/871
  C:\Users\Shoo\Dropbox\workspace\CorpusSearch_Auto\data\corporas\YCOE\temp1492105600559\medicine_handbooks_religious_and_educational_treatises\colaece.o2.psd	2/2/4152
  C:\Users\Shoo\Dropbox\workspace\CorpusSearch_Auto\data\corporas\YCOE\temp1492105600559\medicine_handbooks_religious_and_educational_treatises\coleofri.o4.psd	0/0/97
  C:\Users\Shoo\Dropbox\workspace\CorpusSearch_Auto\data\corporas\YCOE\temp1492105600559\medicine_handbooks_religious_and_educational_treatises\colsigef.o3.psd	0/0/75
  C:\Users\Shoo\Dropbox\workspace\CorpusSearch_Auto\data\corporas\YCOE\temp1492105600559\medicine_handbooks_religious_and_educational_treatises\colsigewB.psd	0/0/221
  C:\Users\Shoo\Dropbox\workspace\CorpusSearch_Auto\data\corporas\YCOE\temp1492105600559\medicine_handbooks_religious_and_educational_treatises\colsigewZ.o34.psd	0/0/648
  C:\Users\Shoo\Dropbox\workspace\CorpusSearch_Auto\data\corporas\YCOE\temp1492105600559\medicine_handbooks_religious_and_educational_treatises\colwgeat.psd	0/0/134
  C:\Users\Shoo\Dropbox\workspace\CorpusSearch_Auto\data\corporas\YCOE\temp1492105600559\medicine_handbooks_religious_and_educational_treatises\colwsigeT.psd	0/0/19
  C:\Users\Shoo\Dropbox\workspace\CorpusSearch_Auto\data\corporas\YCOE\temp1492105600559\medicine_handbooks_religious_and_educational_treatises\colwsigeXa.o34.psd	0/0/199
  C:\Users\Shoo\Dropbox\workspace\CorpusSearch_Auto\data\corporas\YCOE\temp1492105600559\medicine_handbooks_religious_and_educational_treatises\colwstan1.o3.psd	2/2/287
  C:\Users\Shoo\Dropbox\workspace\CorpusSearch_Auto\data\corporas\YCOE\temp1492105600559\medicine_handbooks_religious_and_educational_treatises\colwstan2.o3.psd	0/0/274
  C:\Users\Shoo\Dropbox\workspace\CorpusSearch_Auto\data\corporas\YCOE\temp1492105600559\medicine_handbooks_religious_and_educational_treatises\coquadru.o23.psd	0/0/501
  C:\Users\Shoo\Dropbox\workspace\CorpusSearch_Auto\data\corporas\YCOE\temp1492105600559\medicine_handbooks_religious_and_educational_treatises\cosolilo.psd	0/0/988
  C:\Users\Shoo\Dropbox\workspace\CorpusSearch_Auto\data\corporas\YCOE\temp1492105600559\medicine_handbooks_religious_and_educational_treatises\cosolsat1.o4.psd	0/0/211
  C:\Users\Shoo\Dropbox\workspace\CorpusSearch_Auto\data\corporas\YCOE\temp1492105600559\medicine_handbooks_religious_and_educational_treatises\cosolsat2.psd	0/0/83
whole search, hits/tokens/total
		6/6/15586
*/
