/*
PREFACE:  
Copyright 2010 Beth Randall
Date:  Thu Apr 13 18:53:09 BST 2017

command file:     data\searches\queries\PENN\progressive_forms_added_to_non-verbal_predicates.q
output file:      C:\Users\Shoo\Dropbox\workspace\CorpusSearch_Auto\data\output\13-04-2017 18.46.36.333 PPCEME\progressive_forms_added_to_nonverbal_predicates\biography_and_diaries\result.out

node:   *SPR*|BAG*|HAG*|VAG*|DAG*
query:  (BAG*|HAG*|VAG*|DAG* Dominates  !BAG*|HAG*|VAG*|DAG*) 
  AND  (*SPR* Dominates  BAG*|HAG*|VAG*|DAG*) 
*/
/*
HEADER:
source file:  C:\Users\Shoo\Dropbox\workspace\CorpusSearch_Auto\data\corporas\PPCEME\temp1492105854173\biography_and_diaries\burnetroc-e3-h.psd
*/
/*
FOOTER
  source file, hits/tokens/total
  C:\Users\Shoo\Dropbox\workspace\CorpusSearch_Auto\data\corporas\PPCEME\temp1492105854173\biography_and_diaries\burnetroc-e3-h.psd	0/0/253
*/
/*
HEADER:
source file:  C:\Users\Shoo\Dropbox\workspace\CorpusSearch_Auto\data\corporas\PPCEME\temp1492105854173\biography_and_diaries\burnetroc-e3-p1.psd
*/
/*
FOOTER
  source file, hits/tokens/total
  C:\Users\Shoo\Dropbox\workspace\CorpusSearch_Auto\data\corporas\PPCEME\temp1492105854173\biography_and_diaries\burnetroc-e3-p1.psd	0/0/235
*/
/*
HEADER:
source file:  C:\Users\Shoo\Dropbox\workspace\CorpusSearch_Auto\data\corporas\PPCEME\temp1492105854173\biography_and_diaries\burnetroc-e3-p2.psd
*/
/*
FOOTER
  source file, hits/tokens/total
  C:\Users\Shoo\Dropbox\workspace\CorpusSearch_Auto\data\corporas\PPCEME\temp1492105854173\biography_and_diaries\burnetroc-e3-p2.psd	0/0/208
*/
/*
HEADER:
source file:  C:\Users\Shoo\Dropbox\workspace\CorpusSearch_Auto\data\corporas\PPCEME\temp1492105854173\biography_and_diaries\edward-e1-h.psd
*/
/*
FOOTER
  source file, hits/tokens/total
  C:\Users\Shoo\Dropbox\workspace\CorpusSearch_Auto\data\corporas\PPCEME\temp1492105854173\biography_and_diaries\edward-e1-h.psd	0/0/431
*/
/*
HEADER:
source file:  C:\Users\Shoo\Dropbox\workspace\CorpusSearch_Auto\data\corporas\PPCEME\temp1492105854173\biography_and_diaries\edward-e1-p1.psd
*/
/*
FOOTER
  source file, hits/tokens/total
  C:\Users\Shoo\Dropbox\workspace\CorpusSearch_Auto\data\corporas\PPCEME\temp1492105854173\biography_and_diaries\edward-e1-p1.psd	0/0/548
*/
/*
HEADER:
source file:  C:\Users\Shoo\Dropbox\workspace\CorpusSearch_Auto\data\corporas\PPCEME\temp1492105854173\biography_and_diaries\edward-e1-p2.psd
*/
/*
FOOTER
  source file, hits/tokens/total
  C:\Users\Shoo\Dropbox\workspace\CorpusSearch_Auto\data\corporas\PPCEME\temp1492105854173\biography_and_diaries\edward-e1-p2.psd	0/0/532
*/
/*
HEADER:
source file:  C:\Users\Shoo\Dropbox\workspace\CorpusSearch_Auto\data\corporas\PPCEME\temp1492105854173\biography_and_diaries\evelyn-e3-h.psd
*/
/*
FOOTER
  source file, hits/tokens/total
  C:\Users\Shoo\Dropbox\workspace\CorpusSearch_Auto\data\corporas\PPCEME\temp1492105854173\biography_and_diaries\evelyn-e3-h.psd	0/0/397
*/
/*
HEADER:
source file:  C:\Users\Shoo\Dropbox\workspace\CorpusSearch_Auto\data\corporas\PPCEME\temp1492105854173\biography_and_diaries\evelyn-e3-p1.psd
*/

/~*
Yeild your bodys a living sacrifice holy, & acceptable to the Lord:
(EVELYN-E3-P1,922.471)
*~/
/*
12 VAG:  12 VAG, 13 living, 9 NP-SPR
*/
( (IP-IMP-SPE (VBI Yeild)
	      (NP-OB1 (PRO$ your) (NS bodys))
	      (NP-SPR (D a)
		      (VAG living)
		      (N sacrifice)
		      (ADJP (ADJP (ADJ holy))
			    (, ,)
			    (CONJP (CONJ &)
				   (ADJP (ADJ acceptable)
					 (PP (P to)
					     (NP (D the) (NPR Lord)))))))
	      (. :))
  (ID EVELYN-E3-P1,922.471))
/*
FOOTER
  source file, hits/tokens/total
  C:\Users\Shoo\Dropbox\workspace\CorpusSearch_Auto\data\corporas\PPCEME\temp1492105854173\biography_and_diaries\evelyn-e3-p1.psd	1/1/491
*/
/*
HEADER:
source file:  C:\Users\Shoo\Dropbox\workspace\CorpusSearch_Auto\data\corporas\PPCEME\temp1492105854173\biography_and_diaries\evelyn-e3-p2.psd
*/

/~*
The King gos towards Salisbery with his Army; doubtfull of their standing by
him,
(EVELYN-E3-P2,894.403)
*~/
/*
37 VAG:  37 VAG, 38 standing, 25 ADJP-SPR
*/

( (IP-MAT (NP-SBJ (D The) (N King))
	  (VBP gos)
	  (PP (P towards)
	      (NP (NPR Salisbery)))
	  (PP (P with)
	      (NP (PRO$ his) (N Army)))
	  (, ;)
	  (ADJP-SPR (ADJ doubtfull)
		    (CODE <P_894>)
		    (PP (P of)
			(NP (PRO$ their)
			    (IP-PPL (VAG standing)
				    (PP (P by)
					(NP (PRO him)))))))
	  (. ,))
  (ID EVELYN-E3-P2,894.403))
/*
FOOTER
  source file, hits/tokens/total
  C:\Users\Shoo\Dropbox\workspace\CorpusSearch_Auto\data\corporas\PPCEME\temp1492105854173\biography_and_diaries\evelyn-e3-p2.psd	1/1/495
*/
/*
HEADER:
source file:  C:\Users\Shoo\Dropbox\workspace\CorpusSearch_Auto\data\corporas\PPCEME\temp1492105854173\biography_and_diaries\forman-diary-e2-p1.psd
*/
/*
FOOTER
  source file, hits/tokens/total
  C:\Users\Shoo\Dropbox\workspace\CorpusSearch_Auto\data\corporas\PPCEME\temp1492105854173\biography_and_diaries\forman-diary-e2-p1.psd	0/0/446
*/
/*
HEADER:
source file:  C:\Users\Shoo\Dropbox\workspace\CorpusSearch_Auto\data\corporas\PPCEME\temp1492105854173\biography_and_diaries\forman-diary-e2-p2.psd
*/
/*
FOOTER
  source file, hits/tokens/total
  C:\Users\Shoo\Dropbox\workspace\CorpusSearch_Auto\data\corporas\PPCEME\temp1492105854173\biography_and_diaries\forman-diary-e2-p2.psd	0/0/333
*/
/*
HEADER:
source file:  C:\Users\Shoo\Dropbox\workspace\CorpusSearch_Auto\data\corporas\PPCEME\temp1492105854173\biography_and_diaries\forman-e2-h.psd
*/
/*
FOOTER
  source file, hits/tokens/total
  C:\Users\Shoo\Dropbox\workspace\CorpusSearch_Auto\data\corporas\PPCEME\temp1492105854173\biography_and_diaries\forman-e2-h.psd	0/0/278
*/
/*
HEADER:
source file:  C:\Users\Shoo\Dropbox\workspace\CorpusSearch_Auto\data\corporas\PPCEME\temp1492105854173\biography_and_diaries\fox-e3-h.psd
*/
/*
FOOTER
  source file, hits/tokens/total
  C:\Users\Shoo\Dropbox\workspace\CorpusSearch_Auto\data\corporas\PPCEME\temp1492105854173\biography_and_diaries\fox-e3-h.psd	0/0/366
*/
/*
HEADER:
source file:  C:\Users\Shoo\Dropbox\workspace\CorpusSearch_Auto\data\corporas\PPCEME\temp1492105854173\biography_and_diaries\fox-e3-p1.psd
*/

/~*
And in his days ye preists putt uppe severall petions to O: P: & his son R: C:
& to y=e= parlaments: & Judges & Justices & ye sessions against us stufft full
of lyes & vilifyeinge words & slaunders:
(FOX-E3-P1,91.28)
*~/
/*
105 VAG:  105 VAG, 106 vilifyeinge, 91 ADJP-SPR
*/

( (IP-MAT (CONJ And)
	  (PP (P in)
	      (NP (PRO$ his) (NS days)))
	  (NP-SBJ (D ye) (NS preists))
	  (VBD putt)
	  (RP uppe)
	  (NP-OB1 (Q severall)
		  (NS petions)
		  (PP (PP (P to)
			  (NP (NP (OTHER O:)
				  (NS P:))
			      (CONJP (CONJ &)
				     (NP (PRO$ his)
					 (N son)
					 (NP-PRN (NPR R:)
						 (NPR C:))))))
		      (CONJP (CONJ &)
			     (PP (P to)
				 (NP (NP (D y=e=)
					 (NS parlaments)
					 (, :)
					 (CONJP (CONJ &) (NS Judges) (CONJ &) (CODE <P_91>) (NS Justices)))
				     (CONJP (CONJ &)
					    (NP (D ye) (NS sessions)))))))
		  (PP (P against)
		      (NP (PRO us)))
		  (RRC (VAN stufft)
		       (ADJP-SPR (ADJ full)
				 (PP (P of)
				     (NP (NP (NS lyes))
					 (CONJP (CONJ &)
						(NP (VAG vilifyeinge) (NS words)))
					 (CONJP (CONJ &)
						(NP (NS slaunders))))))))
	  (. :))
  (ID FOX-E3-P1,91.28))
/*
FOOTER
  source file, hits/tokens/total
  C:\Users\Shoo\Dropbox\workspace\CorpusSearch_Auto\data\corporas\PPCEME\temp1492105854173\biography_and_diaries\fox-e3-p1.psd	1/1/415
*/
/*
HEADER:
source file:  C:\Users\Shoo\Dropbox\workspace\CorpusSearch_Auto\data\corporas\PPCEME\temp1492105854173\biography_and_diaries\fox-e3-p2.psd
*/
/*
FOOTER
  source file, hits/tokens/total
  C:\Users\Shoo\Dropbox\workspace\CorpusSearch_Auto\data\corporas\PPCEME\temp1492105854173\biography_and_diaries\fox-e3-p2.psd	0/0/412
*/
/*
HEADER:
source file:  C:\Users\Shoo\Dropbox\workspace\CorpusSearch_Auto\data\corporas\PPCEME\temp1492105854173\biography_and_diaries\hoby-e2-h.psd
*/
/*
FOOTER
  source file, hits/tokens/total
  C:\Users\Shoo\Dropbox\workspace\CorpusSearch_Auto\data\corporas\PPCEME\temp1492105854173\biography_and_diaries\hoby-e2-h.psd	0/0/811
*/
/*
HEADER:
source file:  C:\Users\Shoo\Dropbox\workspace\CorpusSearch_Auto\data\corporas\PPCEME\temp1492105854173\biography_and_diaries\hoby-e2-p1.psd
*/
/*
FOOTER
  source file, hits/tokens/total
  C:\Users\Shoo\Dropbox\workspace\CorpusSearch_Auto\data\corporas\PPCEME\temp1492105854173\biography_and_diaries\hoby-e2-p1.psd	0/0/775
*/
/*
HEADER:
source file:  C:\Users\Shoo\Dropbox\workspace\CorpusSearch_Auto\data\corporas\PPCEME\temp1492105854173\biography_and_diaries\hoby-e2-p2.psd
*/
/*
FOOTER
  source file, hits/tokens/total
  C:\Users\Shoo\Dropbox\workspace\CorpusSearch_Auto\data\corporas\PPCEME\temp1492105854173\biography_and_diaries\hoby-e2-p2.psd	0/0/907
*/
/*
HEADER:
source file:  C:\Users\Shoo\Dropbox\workspace\CorpusSearch_Auto\data\corporas\PPCEME\temp1492105854173\biography_and_diaries\machyn-e1-h.psd
*/
/*
FOOTER
  source file, hits/tokens/total
  C:\Users\Shoo\Dropbox\workspace\CorpusSearch_Auto\data\corporas\PPCEME\temp1492105854173\biography_and_diaries\machyn-e1-h.psd	0/0/446
*/
/*
HEADER:
source file:  C:\Users\Shoo\Dropbox\workspace\CorpusSearch_Auto\data\corporas\PPCEME\temp1492105854173\biography_and_diaries\machyn-e1-p1.psd
*/
/*
FOOTER
  source file, hits/tokens/total
  C:\Users\Shoo\Dropbox\workspace\CorpusSearch_Auto\data\corporas\PPCEME\temp1492105854173\biography_and_diaries\machyn-e1-p1.psd	0/0/461
*/
/*
HEADER:
source file:  C:\Users\Shoo\Dropbox\workspace\CorpusSearch_Auto\data\corporas\PPCEME\temp1492105854173\biography_and_diaries\machyn-e1-p2.psd
*/
/*
FOOTER
  source file, hits/tokens/total
  C:\Users\Shoo\Dropbox\workspace\CorpusSearch_Auto\data\corporas\PPCEME\temp1492105854173\biography_and_diaries\machyn-e1-p2.psd	0/0/452
*/
/*
HEADER:
source file:  C:\Users\Shoo\Dropbox\workspace\CorpusSearch_Auto\data\corporas\PPCEME\temp1492105854173\biography_and_diaries\madox-e2-h.psd
*/
/*
FOOTER
  source file, hits/tokens/total
  C:\Users\Shoo\Dropbox\workspace\CorpusSearch_Auto\data\corporas\PPCEME\temp1492105854173\biography_and_diaries\madox-e2-h.psd	0/0/503
*/
/*
HEADER:
source file:  C:\Users\Shoo\Dropbox\workspace\CorpusSearch_Auto\data\corporas\PPCEME\temp1492105854173\biography_and_diaries\madox-e2-p1.psd
*/
/*
FOOTER
  source file, hits/tokens/total
  C:\Users\Shoo\Dropbox\workspace\CorpusSearch_Auto\data\corporas\PPCEME\temp1492105854173\biography_and_diaries\madox-e2-p1.psd	0/0/479
*/
/*
HEADER:
source file:  C:\Users\Shoo\Dropbox\workspace\CorpusSearch_Auto\data\corporas\PPCEME\temp1492105854173\biography_and_diaries\madox-e2-p2.psd
*/
/*
FOOTER
  source file, hits/tokens/total
  C:\Users\Shoo\Dropbox\workspace\CorpusSearch_Auto\data\corporas\PPCEME\temp1492105854173\biography_and_diaries\madox-e2-p2.psd	0/0/479
*/
/*
HEADER:
source file:  C:\Users\Shoo\Dropbox\workspace\CorpusSearch_Auto\data\corporas\PPCEME\temp1492105854173\biography_and_diaries\mowntayne-e1-h.psd
*/
/*
FOOTER
  source file, hits/tokens/total
  C:\Users\Shoo\Dropbox\workspace\CorpusSearch_Auto\data\corporas\PPCEME\temp1492105854173\biography_and_diaries\mowntayne-e1-h.psd	0/0/437
*/
/*
HEADER:
source file:  C:\Users\Shoo\Dropbox\workspace\CorpusSearch_Auto\data\corporas\PPCEME\temp1492105854173\biography_and_diaries\mowntayne-e1-p1.psd
*/
/*
FOOTER
  source file, hits/tokens/total
  C:\Users\Shoo\Dropbox\workspace\CorpusSearch_Auto\data\corporas\PPCEME\temp1492105854173\biography_and_diaries\mowntayne-e1-p1.psd	0/0/437
*/
/*
HEADER:
source file:  C:\Users\Shoo\Dropbox\workspace\CorpusSearch_Auto\data\corporas\PPCEME\temp1492105854173\biography_and_diaries\mowntayne-e1-p2.psd
*/
/*
FOOTER
  source file, hits/tokens/total
  C:\Users\Shoo\Dropbox\workspace\CorpusSearch_Auto\data\corporas\PPCEME\temp1492105854173\biography_and_diaries\mowntayne-e1-p2.psd	0/0/116
*/
/*
HEADER:
source file:  C:\Users\Shoo\Dropbox\workspace\CorpusSearch_Auto\data\corporas\PPCEME\temp1492105854173\biography_and_diaries\pepys-e3-h.psd
*/
/*
FOOTER
  source file, hits/tokens/total
  C:\Users\Shoo\Dropbox\workspace\CorpusSearch_Auto\data\corporas\PPCEME\temp1492105854173\biography_and_diaries\pepys-e3-h.psd	0/0/330
*/
/*
HEADER:
source file:  C:\Users\Shoo\Dropbox\workspace\CorpusSearch_Auto\data\corporas\PPCEME\temp1492105854173\biography_and_diaries\pepys-e3-p1.psd
*/
/*
FOOTER
  source file, hits/tokens/total
  C:\Users\Shoo\Dropbox\workspace\CorpusSearch_Auto\data\corporas\PPCEME\temp1492105854173\biography_and_diaries\pepys-e3-p1.psd	0/0/393
*/
/*
HEADER:
source file:  C:\Users\Shoo\Dropbox\workspace\CorpusSearch_Auto\data\corporas\PPCEME\temp1492105854173\biography_and_diaries\pepys-e3-p2.psd
*/
/*
FOOTER
  source file, hits/tokens/total
  C:\Users\Shoo\Dropbox\workspace\CorpusSearch_Auto\data\corporas\PPCEME\temp1492105854173\biography_and_diaries\pepys-e3-p2.psd	0/0/321
*/
/*
HEADER:
source file:  C:\Users\Shoo\Dropbox\workspace\CorpusSearch_Auto\data\corporas\PPCEME\temp1492105854173\biography_and_diaries\perrott-e2-h.psd
*/
/*
FOOTER
  source file, hits/tokens/total
  C:\Users\Shoo\Dropbox\workspace\CorpusSearch_Auto\data\corporas\PPCEME\temp1492105854173\biography_and_diaries\perrott-e2-h.psd	0/0/171
*/
/*
HEADER:
source file:  C:\Users\Shoo\Dropbox\workspace\CorpusSearch_Auto\data\corporas\PPCEME\temp1492105854173\biography_and_diaries\perrott-e2-p1.psd
*/
/*
FOOTER
  source file, hits/tokens/total
  C:\Users\Shoo\Dropbox\workspace\CorpusSearch_Auto\data\corporas\PPCEME\temp1492105854173\biography_and_diaries\perrott-e2-p1.psd	0/0/175
*/
/*
HEADER:
source file:  C:\Users\Shoo\Dropbox\workspace\CorpusSearch_Auto\data\corporas\PPCEME\temp1492105854173\biography_and_diaries\perrott-e2-p2.psd
*/
/*
FOOTER
  source file, hits/tokens/total
  C:\Users\Shoo\Dropbox\workspace\CorpusSearch_Auto\data\corporas\PPCEME\temp1492105854173\biography_and_diaries\perrott-e2-p2.psd	0/0/135
*/
/*
HEADER:
source file:  C:\Users\Shoo\Dropbox\workspace\CorpusSearch_Auto\data\corporas\PPCEME\temp1492105854173\biography_and_diaries\roper-e1-h.psd
*/
/*
FOOTER
  source file, hits/tokens/total
  C:\Users\Shoo\Dropbox\workspace\CorpusSearch_Auto\data\corporas\PPCEME\temp1492105854173\biography_and_diaries\roper-e1-h.psd	0/0/125
*/
/*
HEADER:
source file:  C:\Users\Shoo\Dropbox\workspace\CorpusSearch_Auto\data\corporas\PPCEME\temp1492105854173\biography_and_diaries\roper-e1-p1.psd
*/
/*
FOOTER
  source file, hits/tokens/total
  C:\Users\Shoo\Dropbox\workspace\CorpusSearch_Auto\data\corporas\PPCEME\temp1492105854173\biography_and_diaries\roper-e1-p1.psd	0/0/115
*/
/*
HEADER:
source file:  C:\Users\Shoo\Dropbox\workspace\CorpusSearch_Auto\data\corporas\PPCEME\temp1492105854173\biography_and_diaries\roper-e1-p2.psd
*/
/*
FOOTER
  source file, hits/tokens/total
  C:\Users\Shoo\Dropbox\workspace\CorpusSearch_Auto\data\corporas\PPCEME\temp1492105854173\biography_and_diaries\roper-e1-p2.psd	0/0/159
*/
/*
HEADER:
source file:  C:\Users\Shoo\Dropbox\workspace\CorpusSearch_Auto\data\corporas\PPCEME\temp1492105854173\biography_and_diaries\underhill-e1-p2.psd
*/

/~*
Before her cumeynge I behelde Poles steple bearynge toppe and toppe-galantt
lyke a ryalle sheppe with many flages and bannars, and a mane tryoumfynge and
daunsynge in the toppe.
(UNDERHILL-E1-P2,154.251)
*~/
/*
66 VAG:  66 VAG, 67 tryoumfynge, 30 ADJP-SPR
70 VAG:  70 VAG, 71 daunsynge, 30 ADJP-SPR
*/

( (IP-MAT (PP (P Before)
	      (NP (PRO$ her) (N cumeynge)))
	  (NP-SBJ (PRO I))
	  (VBD behelde)
	  (NP-OB1 (NPR$ Poles) (N steple))
	  (IP-PPL (VAG bearynge)
		  (NP-OB1 (N toppe) (CONJ and) (N+N toppe-galantt))
		  (ADJP-SPR (ADJ lyke)
			    (NP (D a)
				(ADJ ryalle)
				(N sheppe)
				(PP (P with)
				    (NP (Q many)
					(NS flages)
					(CONJP (CONJ and)
					       (NX (NS bannars)))
					(, ,)
					(CONJP (CONJ and)
					       (NP (D a)
						   (N mane)
						   (RRC (VAG (VAG tryoumfynge) (CONJ and) (VAG daunsynge))
							(PP (P in)
							    (NP (D the) (N toppe)))))))))))
	  (. .))
  (ID UNDERHILL-E1-P2,154.251))
/*
FOOTER
  source file, hits/tokens/total
  C:\Users\Shoo\Dropbox\workspace\CorpusSearch_Auto\data\corporas\PPCEME\temp1492105854173\biography_and_diaries\underhill-e1-p2.psd	2/1/300
*/
/*
SUMMARY:  
source files, hits/tokens/total
  C:\Users\Shoo\Dropbox\workspace\CorpusSearch_Auto\data\corporas\PPCEME\temp1492105854173\biography_and_diaries\burnetroc-e3-h.psd	0/0/253
  C:\Users\Shoo\Dropbox\workspace\CorpusSearch_Auto\data\corporas\PPCEME\temp1492105854173\biography_and_diaries\burnetroc-e3-p1.psd	0/0/235
  C:\Users\Shoo\Dropbox\workspace\CorpusSearch_Auto\data\corporas\PPCEME\temp1492105854173\biography_and_diaries\burnetroc-e3-p2.psd	0/0/208
  C:\Users\Shoo\Dropbox\workspace\CorpusSearch_Auto\data\corporas\PPCEME\temp1492105854173\biography_and_diaries\edward-e1-h.psd	0/0/431
  C:\Users\Shoo\Dropbox\workspace\CorpusSearch_Auto\data\corporas\PPCEME\temp1492105854173\biography_and_diaries\edward-e1-p1.psd	0/0/548
  C:\Users\Shoo\Dropbox\workspace\CorpusSearch_Auto\data\corporas\PPCEME\temp1492105854173\biography_and_diaries\edward-e1-p2.psd	0/0/532
  C:\Users\Shoo\Dropbox\workspace\CorpusSearch_Auto\data\corporas\PPCEME\temp1492105854173\biography_and_diaries\evelyn-e3-h.psd	0/0/397
  C:\Users\Shoo\Dropbox\workspace\CorpusSearch_Auto\data\corporas\PPCEME\temp1492105854173\biography_and_diaries\evelyn-e3-p1.psd	1/1/491
  C:\Users\Shoo\Dropbox\workspace\CorpusSearch_Auto\data\corporas\PPCEME\temp1492105854173\biography_and_diaries\evelyn-e3-p2.psd	1/1/495
  C:\Users\Shoo\Dropbox\workspace\CorpusSearch_Auto\data\corporas\PPCEME\temp1492105854173\biography_and_diaries\forman-diary-e2-p1.psd	0/0/446
  C:\Users\Shoo\Dropbox\workspace\CorpusSearch_Auto\data\corporas\PPCEME\temp1492105854173\biography_and_diaries\forman-diary-e2-p2.psd	0/0/333
  C:\Users\Shoo\Dropbox\workspace\CorpusSearch_Auto\data\corporas\PPCEME\temp1492105854173\biography_and_diaries\forman-e2-h.psd	0/0/278
  C:\Users\Shoo\Dropbox\workspace\CorpusSearch_Auto\data\corporas\PPCEME\temp1492105854173\biography_and_diaries\fox-e3-h.psd	0/0/366
  C:\Users\Shoo\Dropbox\workspace\CorpusSearch_Auto\data\corporas\PPCEME\temp1492105854173\biography_and_diaries\fox-e3-p1.psd	1/1/415
  C:\Users\Shoo\Dropbox\workspace\CorpusSearch_Auto\data\corporas\PPCEME\temp1492105854173\biography_and_diaries\fox-e3-p2.psd	0/0/412
  C:\Users\Shoo\Dropbox\workspace\CorpusSearch_Auto\data\corporas\PPCEME\temp1492105854173\biography_and_diaries\hoby-e2-h.psd	0/0/811
  C:\Users\Shoo\Dropbox\workspace\CorpusSearch_Auto\data\corporas\PPCEME\temp1492105854173\biography_and_diaries\hoby-e2-p1.psd	0/0/775
  C:\Users\Shoo\Dropbox\workspace\CorpusSearch_Auto\data\corporas\PPCEME\temp1492105854173\biography_and_diaries\hoby-e2-p2.psd	0/0/907
  C:\Users\Shoo\Dropbox\workspace\CorpusSearch_Auto\data\corporas\PPCEME\temp1492105854173\biography_and_diaries\machyn-e1-h.psd	0/0/446
  C:\Users\Shoo\Dropbox\workspace\CorpusSearch_Auto\data\corporas\PPCEME\temp1492105854173\biography_and_diaries\machyn-e1-p1.psd	0/0/461
  C:\Users\Shoo\Dropbox\workspace\CorpusSearch_Auto\data\corporas\PPCEME\temp1492105854173\biography_and_diaries\machyn-e1-p2.psd	0/0/452
  C:\Users\Shoo\Dropbox\workspace\CorpusSearch_Auto\data\corporas\PPCEME\temp1492105854173\biography_and_diaries\madox-e2-h.psd	0/0/503
  C:\Users\Shoo\Dropbox\workspace\CorpusSearch_Auto\data\corporas\PPCEME\temp1492105854173\biography_and_diaries\madox-e2-p1.psd	0/0/479
  C:\Users\Shoo\Dropbox\workspace\CorpusSearch_Auto\data\corporas\PPCEME\temp1492105854173\biography_and_diaries\madox-e2-p2.psd	0/0/479
  C:\Users\Shoo\Dropbox\workspace\CorpusSearch_Auto\data\corporas\PPCEME\temp1492105854173\biography_and_diaries\mowntayne-e1-h.psd	0/0/437
  C:\Users\Shoo\Dropbox\workspace\CorpusSearch_Auto\data\corporas\PPCEME\temp1492105854173\biography_and_diaries\mowntayne-e1-p1.psd	0/0/437
  C:\Users\Shoo\Dropbox\workspace\CorpusSearch_Auto\data\corporas\PPCEME\temp1492105854173\biography_and_diaries\mowntayne-e1-p2.psd	0/0/116
  C:\Users\Shoo\Dropbox\workspace\CorpusSearch_Auto\data\corporas\PPCEME\temp1492105854173\biography_and_diaries\pepys-e3-h.psd	0/0/330
  C:\Users\Shoo\Dropbox\workspace\CorpusSearch_Auto\data\corporas\PPCEME\temp1492105854173\biography_and_diaries\pepys-e3-p1.psd	0/0/393
  C:\Users\Shoo\Dropbox\workspace\CorpusSearch_Auto\data\corporas\PPCEME\temp1492105854173\biography_and_diaries\pepys-e3-p2.psd	0/0/321
  C:\Users\Shoo\Dropbox\workspace\CorpusSearch_Auto\data\corporas\PPCEME\temp1492105854173\biography_and_diaries\perrott-e2-h.psd	0/0/171
  C:\Users\Shoo\Dropbox\workspace\CorpusSearch_Auto\data\corporas\PPCEME\temp1492105854173\biography_and_diaries\perrott-e2-p1.psd	0/0/175
  C:\Users\Shoo\Dropbox\workspace\CorpusSearch_Auto\data\corporas\PPCEME\temp1492105854173\biography_and_diaries\perrott-e2-p2.psd	0/0/135
  C:\Users\Shoo\Dropbox\workspace\CorpusSearch_Auto\data\corporas\PPCEME\temp1492105854173\biography_and_diaries\roper-e1-h.psd	0/0/125
  C:\Users\Shoo\Dropbox\workspace\CorpusSearch_Auto\data\corporas\PPCEME\temp1492105854173\biography_and_diaries\roper-e1-p1.psd	0/0/115
  C:\Users\Shoo\Dropbox\workspace\CorpusSearch_Auto\data\corporas\PPCEME\temp1492105854173\biography_and_diaries\roper-e1-p2.psd	0/0/159
  C:\Users\Shoo\Dropbox\workspace\CorpusSearch_Auto\data\corporas\PPCEME\temp1492105854173\biography_and_diaries\underhill-e1-p2.psd	2/1/300
whole search, hits/tokens/total
		5/4/14367
*/
