/*
PREFACE:  
Copyright 2010 Beth Randall
Date:  Thu Apr 13 18:58:51 BST 2017

command file:     data\searches\queries\PENN\progressive_forms_in_prepositional_phrases_appositive_parenthetical.q
output file:      C:\Users\Shoo\Dropbox\workspace\CorpusSearch_Auto\data\output\13-04-2017 18.46.36.333 PPCMBE\progressive_forms_in_prepositional_phrases_appositive_parenthetical\bible_and_apocrypha\result.out

node:   PP-*PRN*|BAG*|HAG*|VAG*|DAG*
query:  (BAG*|HAG*|VAG*|DAG* Dominates  !BAG*|HAG*|VAG*|DAG*) 
  AND  (PP-*PRN* Dominates  BAG*|HAG*|VAG*|DAG*) 
*/
/*
HEADER:
source file:  C:\Users\Shoo\Dropbox\workspace\CorpusSearch_Auto\data\corporas\PPCMBE\temp1492106160469\bible_and_apocrypha\erv-new-1881.psd
*/

/~*
For this cause therefore the Jews sought the more to kill him, because he not
only brake the sabbath, but also called God his own Father, making himself
equal with God.
(ERV-NEW-1881,5,1J.359)
*~/
/*
86 VAG:  86 VAG, 87 making, 38 PP-PRN-1
*/
( (IP-MAT (PP (P For)
	      (NP (D this)
		  (N cause)
		  (PP-PRN *ICH*-1)))
	  (PP (ADV+P therefore))
	  (NP-SBJ (D the) (NPRS Jews))
	  (VBD sought)
	  (NP-MSR (QP (D the) (QR more)))
	  (IP-INF (TO to)
		  (VB kill)
		  (NP-OB1 (PRO him)))
	  (, ,)
	  (PP-PRN-1 (P+N because)
		    (CP-ADV (C 0)
			    (IP-SUB (IP-SUB (NP-SBJ (PRO he))
					    (NEG not)
					    (FP only)
					    (VBD brake)
					    (NP-OB1 (D the) (NPR sabbath)))
				    (, ,)
				    (CONJP (CONJ but)
					   (ALSO also)
					   (IP-SUB (NP-SBJ *con*)
						   (VBD called)
						   (IP-SMC (NP-SBJ (NPR God))
							   (NP-OB1 (PRO$ his) (ADJ own) (N Father)))
						   (, ,)
						   (IP-PPL (VAG making)
							   (IP-SMC (NP-SBJ (PRO+N himself))
								   (ADJP (ADJ equal)
									 (PP (P with)
									     (NP (NPR God)))))))))))
	  (. .))
  (ID ERV-NEW-1881,5,1J.359))
/*
FOOTER
  source file, hits/tokens/total
  C:\Users\Shoo\Dropbox\workspace\CorpusSearch_Auto\data\corporas\PPCMBE\temp1492106160469\bible_and_apocrypha\erv-new-1881.psd	1/1/1047
*/
/*
HEADER:
source file:  C:\Users\Shoo\Dropbox\workspace\CorpusSearch_Auto\data\corporas\PPCMBE\temp1492106160469\bible_and_apocrypha\erv-old-1885.psd
*/
/*
FOOTER
  source file, hits/tokens/total
  C:\Users\Shoo\Dropbox\workspace\CorpusSearch_Auto\data\corporas\PPCMBE\temp1492106160469\bible_and_apocrypha\erv-old-1885.psd	0/0/846
*/
/*
HEADER:
source file:  C:\Users\Shoo\Dropbox\workspace\CorpusSearch_Auto\data\corporas\PPCMBE\temp1492106160469\bible_and_apocrypha\newcome-new-1796.psd
*/
/*
FOOTER
  source file, hits/tokens/total
  C:\Users\Shoo\Dropbox\workspace\CorpusSearch_Auto\data\corporas\PPCMBE\temp1492106160469\bible_and_apocrypha\newcome-new-1796.psd	0/0/1045
*/
/*
HEADER:
source file:  C:\Users\Shoo\Dropbox\workspace\CorpusSearch_Auto\data\corporas\PPCMBE\temp1492106160469\bible_and_apocrypha\purver-new-1764.psd
*/
/*
FOOTER
  source file, hits/tokens/total
  C:\Users\Shoo\Dropbox\workspace\CorpusSearch_Auto\data\corporas\PPCMBE\temp1492106160469\bible_and_apocrypha\purver-new-1764.psd	0/0/974
*/
/*
HEADER:
source file:  C:\Users\Shoo\Dropbox\workspace\CorpusSearch_Auto\data\corporas\PPCMBE\temp1492106160469\bible_and_apocrypha\purver-old-1764.psd
*/
/*
FOOTER
  source file, hits/tokens/total
  C:\Users\Shoo\Dropbox\workspace\CorpusSearch_Auto\data\corporas\PPCMBE\temp1492106160469\bible_and_apocrypha\purver-old-1764.psd	0/0/605
*/
/*
SUMMARY:  
source files, hits/tokens/total
  C:\Users\Shoo\Dropbox\workspace\CorpusSearch_Auto\data\corporas\PPCMBE\temp1492106160469\bible_and_apocrypha\erv-new-1881.psd	1/1/1047
  C:\Users\Shoo\Dropbox\workspace\CorpusSearch_Auto\data\corporas\PPCMBE\temp1492106160469\bible_and_apocrypha\erv-old-1885.psd	0/0/846
  C:\Users\Shoo\Dropbox\workspace\CorpusSearch_Auto\data\corporas\PPCMBE\temp1492106160469\bible_and_apocrypha\newcome-new-1796.psd	0/0/1045
  C:\Users\Shoo\Dropbox\workspace\CorpusSearch_Auto\data\corporas\PPCMBE\temp1492106160469\bible_and_apocrypha\purver-new-1764.psd	0/0/974
  C:\Users\Shoo\Dropbox\workspace\CorpusSearch_Auto\data\corporas\PPCMBE\temp1492106160469\bible_and_apocrypha\purver-old-1764.psd	0/0/605
whole search, hits/tokens/total
		1/1/4517
*/
