/*
PREFACE:  
Copyright 2010 Beth Randall
Date:  Thu Apr 13 18:49:13 BST 2017

command file:     data\searches\queries\YCOE\progressive_forms_in_noun_phrases_appositive.q
output file:      C:\Users\Shoo\Dropbox\workspace\CorpusSearch_Auto\data\output\13-04-2017 18.46.36.333 YCOE\progressive_forms_in_noun_phrases_appositive\rules_charters_wills_laws_ecclesiastical_laws_and_proceedingstrials\result.out

node:   NP-PRN*|AXG*|BAG*|HAG*|VAG*
query:  (AXG*|BAG*|HAG*|VAG* Dominates  !AXG*|BAG*|HAG*|VAG*) 
  AND  (NP-PRN* Dominates  AXG*|BAG*|HAG*|VAG*) 
*/
/*
HEADER:
source file:  C:\Users\Shoo\Dropbox\workspace\CorpusSearch_Auto\data\corporas\YCOE\temp1492105600559\rules_charters_wills_laws_ecclesiastical_laws_and_proceedingstrials\cobenrul.o3.psd
*/
/*
FOOTER
  source file, hits/tokens/total
  C:\Users\Shoo\Dropbox\workspace\CorpusSearch_Auto\data\corporas\YCOE\temp1492105600559\rules_charters_wills_laws_ecclesiastical_laws_and_proceedingstrials\cobenrul.o3.psd	0/0/1288
*/
/*
HEADER:
source file:  C:\Users\Shoo\Dropbox\workspace\CorpusSearch_Auto\data\corporas\YCOE\temp1492105600559\rules_charters_wills_laws_ecclesiastical_laws_and_proceedingstrials\cocanedgD.psd
*/
/*
FOOTER
  source file, hits/tokens/total
  C:\Users\Shoo\Dropbox\workspace\CorpusSearch_Auto\data\corporas\YCOE\temp1492105600559\rules_charters_wills_laws_ecclesiastical_laws_and_proceedingstrials\cocanedgD.psd	0/0/79
*/
/*
HEADER:
source file:  C:\Users\Shoo\Dropbox\workspace\CorpusSearch_Auto\data\corporas\YCOE\temp1492105600559\rules_charters_wills_laws_ecclesiastical_laws_and_proceedingstrials\cocanedgX.psd
*/
/*
FOOTER
  source file, hits/tokens/total
  C:\Users\Shoo\Dropbox\workspace\CorpusSearch_Auto\data\corporas\YCOE\temp1492105600559\rules_charters_wills_laws_ecclesiastical_laws_and_proceedingstrials\cocanedgX.psd	0/0/105
*/
/*
HEADER:
source file:  C:\Users\Shoo\Dropbox\workspace\CorpusSearch_Auto\data\corporas\YCOE\temp1492105600559\rules_charters_wills_laws_ecclesiastical_laws_and_proceedingstrials\cochdrul.psd
*/
/*
FOOTER
  source file, hits/tokens/total
  C:\Users\Shoo\Dropbox\workspace\CorpusSearch_Auto\data\corporas\YCOE\temp1492105600559\rules_charters_wills_laws_ecclesiastical_laws_and_proceedingstrials\cochdrul.psd	0/0/1132
*/
/*
HEADER:
source file:  C:\Users\Shoo\Dropbox\workspace\CorpusSearch_Auto\data\corporas\YCOE\temp1492105600559\rules_charters_wills_laws_ecclesiastical_laws_and_proceedingstrials\codocu1.o1.psd
*/
/*
FOOTER
  source file, hits/tokens/total
  C:\Users\Shoo\Dropbox\workspace\CorpusSearch_Auto\data\corporas\YCOE\temp1492105600559\rules_charters_wills_laws_ecclesiastical_laws_and_proceedingstrials\codocu1.o1.psd	0/0/90
*/
/*
HEADER:
source file:  C:\Users\Shoo\Dropbox\workspace\CorpusSearch_Auto\data\corporas\YCOE\temp1492105600559\rules_charters_wills_laws_ecclesiastical_laws_and_proceedingstrials\codocu2.o12.psd
*/
/*
FOOTER
  source file, hits/tokens/total
  C:\Users\Shoo\Dropbox\workspace\CorpusSearch_Auto\data\corporas\YCOE\temp1492105600559\rules_charters_wills_laws_ecclesiastical_laws_and_proceedingstrials\codocu2.o12.psd	0/0/11
*/
/*
HEADER:
source file:  C:\Users\Shoo\Dropbox\workspace\CorpusSearch_Auto\data\corporas\YCOE\temp1492105600559\rules_charters_wills_laws_ecclesiastical_laws_and_proceedingstrials\codocu2.o2.psd
*/
/*
FOOTER
  source file, hits/tokens/total
  C:\Users\Shoo\Dropbox\workspace\CorpusSearch_Auto\data\corporas\YCOE\temp1492105600559\rules_charters_wills_laws_ecclesiastical_laws_and_proceedingstrials\codocu2.o2.psd	0/0/123
*/
/*
HEADER:
source file:  C:\Users\Shoo\Dropbox\workspace\CorpusSearch_Auto\data\corporas\YCOE\temp1492105600559\rules_charters_wills_laws_ecclesiastical_laws_and_proceedingstrials\codocu3.o23.psd
*/
/*
FOOTER
  source file, hits/tokens/total
  C:\Users\Shoo\Dropbox\workspace\CorpusSearch_Auto\data\corporas\YCOE\temp1492105600559\rules_charters_wills_laws_ecclesiastical_laws_and_proceedingstrials\codocu3.o23.psd	0/0/35
*/
/*
HEADER:
source file:  C:\Users\Shoo\Dropbox\workspace\CorpusSearch_Auto\data\corporas\YCOE\temp1492105600559\rules_charters_wills_laws_ecclesiastical_laws_and_proceedingstrials\codocu3.o3.psd
*/
/*
FOOTER
  source file, hits/tokens/total
  C:\Users\Shoo\Dropbox\workspace\CorpusSearch_Auto\data\corporas\YCOE\temp1492105600559\rules_charters_wills_laws_ecclesiastical_laws_and_proceedingstrials\codocu3.o3.psd	0/0/401
*/
/*
HEADER:
source file:  C:\Users\Shoo\Dropbox\workspace\CorpusSearch_Auto\data\corporas\YCOE\temp1492105600559\rules_charters_wills_laws_ecclesiastical_laws_and_proceedingstrials\codocu4.o24.psd
*/
/*
FOOTER
  source file, hits/tokens/total
  C:\Users\Shoo\Dropbox\workspace\CorpusSearch_Auto\data\corporas\YCOE\temp1492105600559\rules_charters_wills_laws_ecclesiastical_laws_and_proceedingstrials\codocu4.o24.psd	0/0/23
*/
/*
HEADER:
source file:  C:\Users\Shoo\Dropbox\workspace\CorpusSearch_Auto\data\corporas\YCOE\temp1492105600559\rules_charters_wills_laws_ecclesiastical_laws_and_proceedingstrials\coinspolD.o34.psd
*/
/*
FOOTER
  source file, hits/tokens/total
  C:\Users\Shoo\Dropbox\workspace\CorpusSearch_Auto\data\corporas\YCOE\temp1492105600559\rules_charters_wills_laws_ecclesiastical_laws_and_proceedingstrials\coinspolD.o34.psd	0/0/169
*/
/*
HEADER:
source file:  C:\Users\Shoo\Dropbox\workspace\CorpusSearch_Auto\data\corporas\YCOE\temp1492105600559\rules_charters_wills_laws_ecclesiastical_laws_and_proceedingstrials\coinspolX.psd
*/
/*
FOOTER
  source file, hits/tokens/total
  C:\Users\Shoo\Dropbox\workspace\CorpusSearch_Auto\data\corporas\YCOE\temp1492105600559\rules_charters_wills_laws_ecclesiastical_laws_and_proceedingstrials\coinspolX.psd	0/0/327
*/
/*
HEADER:
source file:  C:\Users\Shoo\Dropbox\workspace\CorpusSearch_Auto\data\corporas\YCOE\temp1492105600559\rules_charters_wills_laws_ecclesiastical_laws_and_proceedingstrials\colaw1cn.o3.psd
*/
/*
FOOTER
  source file, hits/tokens/total
  C:\Users\Shoo\Dropbox\workspace\CorpusSearch_Auto\data\corporas\YCOE\temp1492105600559\rules_charters_wills_laws_ecclesiastical_laws_and_proceedingstrials\colaw1cn.o3.psd	0/0/146
*/
/*
HEADER:
source file:  C:\Users\Shoo\Dropbox\workspace\CorpusSearch_Auto\data\corporas\YCOE\temp1492105600559\rules_charters_wills_laws_ecclesiastical_laws_and_proceedingstrials\colaw2cn.o3.psd
*/
/*
FOOTER
  source file, hits/tokens/total
  C:\Users\Shoo\Dropbox\workspace\CorpusSearch_Auto\data\corporas\YCOE\temp1492105600559\rules_charters_wills_laws_ecclesiastical_laws_and_proceedingstrials\colaw2cn.o3.psd	0/0/304
*/
/*
HEADER:
source file:  C:\Users\Shoo\Dropbox\workspace\CorpusSearch_Auto\data\corporas\YCOE\temp1492105600559\rules_charters_wills_laws_ecclesiastical_laws_and_proceedingstrials\colaw5atr.o3.psd
*/
/*
FOOTER
  source file, hits/tokens/total
  C:\Users\Shoo\Dropbox\workspace\CorpusSearch_Auto\data\corporas\YCOE\temp1492105600559\rules_charters_wills_laws_ecclesiastical_laws_and_proceedingstrials\colaw5atr.o3.psd	0/0/79
*/
/*
HEADER:
source file:  C:\Users\Shoo\Dropbox\workspace\CorpusSearch_Auto\data\corporas\YCOE\temp1492105600559\rules_charters_wills_laws_ecclesiastical_laws_and_proceedingstrials\colaw6atr.o3.psd
*/
/*
FOOTER
  source file, hits/tokens/total
  C:\Users\Shoo\Dropbox\workspace\CorpusSearch_Auto\data\corporas\YCOE\temp1492105600559\rules_charters_wills_laws_ecclesiastical_laws_and_proceedingstrials\colaw6atr.o3.psd	0/0/111
*/
/*
HEADER:
source file:  C:\Users\Shoo\Dropbox\workspace\CorpusSearch_Auto\data\corporas\YCOE\temp1492105600559\rules_charters_wills_laws_ecclesiastical_laws_and_proceedingstrials\colawaf.o2.psd
*/
/*
FOOTER
  source file, hits/tokens/total
  C:\Users\Shoo\Dropbox\workspace\CorpusSearch_Auto\data\corporas\YCOE\temp1492105600559\rules_charters_wills_laws_ecclesiastical_laws_and_proceedingstrials\colawaf.o2.psd	0/0/210
*/
/*
HEADER:
source file:  C:\Users\Shoo\Dropbox\workspace\CorpusSearch_Auto\data\corporas\YCOE\temp1492105600559\rules_charters_wills_laws_ecclesiastical_laws_and_proceedingstrials\colawafint.o2.psd
*/
/*
FOOTER
  source file, hits/tokens/total
  C:\Users\Shoo\Dropbox\workspace\CorpusSearch_Auto\data\corporas\YCOE\temp1492105600559\rules_charters_wills_laws_ecclesiastical_laws_and_proceedingstrials\colawafint.o2.psd	0/0/146
*/
/*
HEADER:
source file:  C:\Users\Shoo\Dropbox\workspace\CorpusSearch_Auto\data\corporas\YCOE\temp1492105600559\rules_charters_wills_laws_ecclesiastical_laws_and_proceedingstrials\colawger.o34.psd
*/
/*
FOOTER
  source file, hits/tokens/total
  C:\Users\Shoo\Dropbox\workspace\CorpusSearch_Auto\data\corporas\YCOE\temp1492105600559\rules_charters_wills_laws_ecclesiastical_laws_and_proceedingstrials\colawger.o34.psd	0/0/35
*/
/*
HEADER:
source file:  C:\Users\Shoo\Dropbox\workspace\CorpusSearch_Auto\data\corporas\YCOE\temp1492105600559\rules_charters_wills_laws_ecclesiastical_laws_and_proceedingstrials\colawine.ox2.psd
*/
/*
FOOTER
  source file, hits/tokens/total
  C:\Users\Shoo\Dropbox\workspace\CorpusSearch_Auto\data\corporas\YCOE\temp1492105600559\rules_charters_wills_laws_ecclesiastical_laws_and_proceedingstrials\colawine.ox2.psd	0/0/192
*/
/*
HEADER:
source file:  C:\Users\Shoo\Dropbox\workspace\CorpusSearch_Auto\data\corporas\YCOE\temp1492105600559\rules_charters_wills_laws_ecclesiastical_laws_and_proceedingstrials\colawnorthu.o3.psd
*/
/*
FOOTER
  source file, hits/tokens/total
  C:\Users\Shoo\Dropbox\workspace\CorpusSearch_Auto\data\corporas\YCOE\temp1492105600559\rules_charters_wills_laws_ecclesiastical_laws_and_proceedingstrials\colawnorthu.o3.psd	0/0/98
*/
/*
HEADER:
source file:  C:\Users\Shoo\Dropbox\workspace\CorpusSearch_Auto\data\corporas\YCOE\temp1492105600559\rules_charters_wills_laws_ecclesiastical_laws_and_proceedingstrials\colawwllad.o4.psd
*/
/*
FOOTER
  source file, hits/tokens/total
  C:\Users\Shoo\Dropbox\workspace\CorpusSearch_Auto\data\corporas\YCOE\temp1492105600559\rules_charters_wills_laws_ecclesiastical_laws_and_proceedingstrials\colawwllad.o4.psd	0/0/14
*/
/*
SUMMARY:  
source files, hits/tokens/total
  C:\Users\Shoo\Dropbox\workspace\CorpusSearch_Auto\data\corporas\YCOE\temp1492105600559\rules_charters_wills_laws_ecclesiastical_laws_and_proceedingstrials\cobenrul.o3.psd	0/0/1288
  C:\Users\Shoo\Dropbox\workspace\CorpusSearch_Auto\data\corporas\YCOE\temp1492105600559\rules_charters_wills_laws_ecclesiastical_laws_and_proceedingstrials\cocanedgD.psd	0/0/79
  C:\Users\Shoo\Dropbox\workspace\CorpusSearch_Auto\data\corporas\YCOE\temp1492105600559\rules_charters_wills_laws_ecclesiastical_laws_and_proceedingstrials\cocanedgX.psd	0/0/105
  C:\Users\Shoo\Dropbox\workspace\CorpusSearch_Auto\data\corporas\YCOE\temp1492105600559\rules_charters_wills_laws_ecclesiastical_laws_and_proceedingstrials\cochdrul.psd	0/0/1132
  C:\Users\Shoo\Dropbox\workspace\CorpusSearch_Auto\data\corporas\YCOE\temp1492105600559\rules_charters_wills_laws_ecclesiastical_laws_and_proceedingstrials\codocu1.o1.psd	0/0/90
  C:\Users\Shoo\Dropbox\workspace\CorpusSearch_Auto\data\corporas\YCOE\temp1492105600559\rules_charters_wills_laws_ecclesiastical_laws_and_proceedingstrials\codocu2.o12.psd	0/0/11
  C:\Users\Shoo\Dropbox\workspace\CorpusSearch_Auto\data\corporas\YCOE\temp1492105600559\rules_charters_wills_laws_ecclesiastical_laws_and_proceedingstrials\codocu2.o2.psd	0/0/123
  C:\Users\Shoo\Dropbox\workspace\CorpusSearch_Auto\data\corporas\YCOE\temp1492105600559\rules_charters_wills_laws_ecclesiastical_laws_and_proceedingstrials\codocu3.o23.psd	0/0/35
  C:\Users\Shoo\Dropbox\workspace\CorpusSearch_Auto\data\corporas\YCOE\temp1492105600559\rules_charters_wills_laws_ecclesiastical_laws_and_proceedingstrials\codocu3.o3.psd	0/0/401
  C:\Users\Shoo\Dropbox\workspace\CorpusSearch_Auto\data\corporas\YCOE\temp1492105600559\rules_charters_wills_laws_ecclesiastical_laws_and_proceedingstrials\codocu4.o24.psd	0/0/23
  C:\Users\Shoo\Dropbox\workspace\CorpusSearch_Auto\data\corporas\YCOE\temp1492105600559\rules_charters_wills_laws_ecclesiastical_laws_and_proceedingstrials\coinspolD.o34.psd	0/0/169
  C:\Users\Shoo\Dropbox\workspace\CorpusSearch_Auto\data\corporas\YCOE\temp1492105600559\rules_charters_wills_laws_ecclesiastical_laws_and_proceedingstrials\coinspolX.psd	0/0/327
  C:\Users\Shoo\Dropbox\workspace\CorpusSearch_Auto\data\corporas\YCOE\temp1492105600559\rules_charters_wills_laws_ecclesiastical_laws_and_proceedingstrials\colaw1cn.o3.psd	0/0/146
  C:\Users\Shoo\Dropbox\workspace\CorpusSearch_Auto\data\corporas\YCOE\temp1492105600559\rules_charters_wills_laws_ecclesiastical_laws_and_proceedingstrials\colaw2cn.o3.psd	0/0/304
  C:\Users\Shoo\Dropbox\workspace\CorpusSearch_Auto\data\corporas\YCOE\temp1492105600559\rules_charters_wills_laws_ecclesiastical_laws_and_proceedingstrials\colaw5atr.o3.psd	0/0/79
  C:\Users\Shoo\Dropbox\workspace\CorpusSearch_Auto\data\corporas\YCOE\temp1492105600559\rules_charters_wills_laws_ecclesiastical_laws_and_proceedingstrials\colaw6atr.o3.psd	0/0/111
  C:\Users\Shoo\Dropbox\workspace\CorpusSearch_Auto\data\corporas\YCOE\temp1492105600559\rules_charters_wills_laws_ecclesiastical_laws_and_proceedingstrials\colawaf.o2.psd	0/0/210
  C:\Users\Shoo\Dropbox\workspace\CorpusSearch_Auto\data\corporas\YCOE\temp1492105600559\rules_charters_wills_laws_ecclesiastical_laws_and_proceedingstrials\colawafint.o2.psd	0/0/146
  C:\Users\Shoo\Dropbox\workspace\CorpusSearch_Auto\data\corporas\YCOE\temp1492105600559\rules_charters_wills_laws_ecclesiastical_laws_and_proceedingstrials\colawger.o34.psd	0/0/35
  C:\Users\Shoo\Dropbox\workspace\CorpusSearch_Auto\data\corporas\YCOE\temp1492105600559\rules_charters_wills_laws_ecclesiastical_laws_and_proceedingstrials\colawine.ox2.psd	0/0/192
  C:\Users\Shoo\Dropbox\workspace\CorpusSearch_Auto\data\corporas\YCOE\temp1492105600559\rules_charters_wills_laws_ecclesiastical_laws_and_proceedingstrials\colawnorthu.o3.psd	0/0/98
  C:\Users\Shoo\Dropbox\workspace\CorpusSearch_Auto\data\corporas\YCOE\temp1492105600559\rules_charters_wills_laws_ecclesiastical_laws_and_proceedingstrials\colawwllad.o4.psd	0/0/14
whole search, hits/tokens/total
		0/0/5118
*/
