/*
PREFACE:  
Copyright 2010 Beth Randall
Date:  Thu Apr 13 19:02:19 BST 2017

command file:     data\searches\queries\PENN\progressive_forms_in_noun_phrases_subject_non-nominative.q
output file:      C:\Users\Shoo\Dropbox\workspace\CorpusSearch_Auto\data\output\13-04-2017 18.46.36.333 PPCME2\progressive_forms_in_noun_phrases_subject_nonnominative\fiction_romances_dramacomedies_and_verse\result.out

node:   NP-SBJ*|BAG*|HAG*|VAG*|DAG*
query:  (BAG*|HAG*|VAG*|DAG* Dominates  !BAG*|HAG*|VAG*|DAG*) 
  AND  (NP-SBJ* Dominates  BAG*|HAG*|VAG*|DAG*) 
*/
/*
HEADER:
source file:  C:\Users\Shoo\Dropbox\workspace\CorpusSearch_Auto\data\corporas\PPCME2\temp1492106398658\fiction_romances_dramacomedies_and_verse\cmctmeli.m3.psd
*/

/~*
For a man that is to desirynge to gete richesses abaundoneth hym first to
thefte, and to alle othere yveles;
(CMCTMELI,233.C1.626)
*~/
/*
22 VAG:  22 VAG, 23 desirynge, 4 NP-SBJ
*/
( (IP-MAT-SPE (CONJ For)
	      (NP-SBJ (D a)
		      (N man)
		      (CP-REL-SPE (WNP-1 0)
				  (C that)
				  (IP-SUB-SPE (NP-SBJ *T*-1)
					      (BEP is)
					      (ADJP (ADVR to)
						    (VAG desirynge)
						    (IP-INF-DEG-SPE (TO to)
								    (VB gete)
								    (NP-OB1 (NS richesses)))))))
	      (VBP abaundoneth)
	      (NP-OB1 (PRO hym))
	      (ADVP-TMP (ADV first))
	      (PP (PP (P to)
		      (NP (N thefte)))
		  (, ,)
		  (CONJP (CONJ and)
			 (PP (P to)
			     (NP (Q alle) (OTHER othere) (NS yveles)))))
	      (. ;))
  (ID CMCTMELI,233.C1.626))

/~*
And whanne thise trespassours and repentynge folk of hire folies, that is to
seyn, the adversaries of Melibee, hadden herd what thise messagers seyden unto
hem, they weren right glad and joyeful,
(CMCTMELI,328.C1.806)
*~/
/*
22 VAG:  22 VAG, 23 repentynge, 11 NP-SBJ
*/

( (IP-MAT (CONJ And)
	  (PP (P whanne)
	      (CP-ADV (C 0)
		      (IP-SUB (NP-SBJ (NP (D thise) (NS trespassours))
				      (CONJP (CONJ and)
					     (NP (ADJP (VAG repentynge)
						       (PP *ICH*-1))
						 (N folk)
						 (PP-1 (P of)
						       (NP (PRO$ hire) (NS folies)))))
				      (, ,)
				      (IP-MAT-PRN (NP-SBJ (D that))
						  (BEP is)
						  (IP-INF (TO to)
							  (VB seyn)
							  (, ,)
							  (NP-OB1 (D the)
								  (NS adversaries)
								  (PP (P of)
								      (NP (NPR Melibee)))))))
			      (, ,)
			      (HVD hadden)
			      (VBN herd)
			      (CP-QUE (WNP-2 (WPRO what))
				      (C 0)
				      (IP-SUB (NP-OB1 *T*-2)
					      (NP-SBJ (D thise) (NS messagers))
					      (VBD seyden)
					      (PP (P unto)
						  (NP (PRO hem))))))))
	  (, ,)
	  (NP-SBJ (PRO they))
	  (BED weren)
	  (ADJP (ADV right)
		(ADJ glad)
		(CONJP (CONJ and)
		       (ADJX (ADJ joyeful))))
	  (. ,))
  (ID CMCTMELI,328.C1.806))
/*
FOOTER
  source file, hits/tokens/total
  C:\Users\Shoo\Dropbox\workspace\CorpusSearch_Auto\data\corporas\PPCME2\temp1492106398658\fiction_romances_dramacomedies_and_verse\cmctmeli.m3.psd	2/2/860
*/
/*
HEADER:
source file:  C:\Users\Shoo\Dropbox\workspace\CorpusSearch_Auto\data\corporas\PPCME2\temp1492106398658\fiction_romances_dramacomedies_and_verse\cmmalory.m4.psd
*/

/~*
but traveillynge men are ofte wery and their horses to,
(CMMALORY,67.2276)
*~/
/*
6 VAG:  6 VAG, 7 traveillynge, 4 NP-SBJ
*/

( (IP-MAT-SPE (CONJ but)
	      (NP-SBJ (NP (VAG traveillynge) (NS men))
		      (CONJP *ICH*-1))
	      (BEP are)
	      (ADVP-TMP (ADV ofte))
	      (ADJP (ADJ wery))
	      (CONJP-1 (CONJ and)
		       (NP (PRO$ their) (NS horses))
		       (ADVP (ADV to)))
	      (. ,))
  (ID CMMALORY,67.2276))

/~*
And in the meanewhyle com there three knyghtes rydynge, as faste fleynge as
they myght ryde,
(CMMALORY,180.2432)
*~/
/*
23 VAG:  23 VAG, 24 rydynge, 17 NP-SBJ
35 VAG:  35 VAG, 36 fleynge, 17 NP-SBJ
*/

( (IP-MAT (CONJ And)
	  (PP (P in)
	      (NP (D the) (ADJ+N meanewhyle)))
	  (VBD com)
	  (ADVP-LOC (ADV there))
	  (NP-SBJ (NUM three)
		  (NS knyghtes)
		  (RRC (VAG rydynge))
		  (, ,)
		  (RRC (ADVP (ADVR as)
			     (ADV faste)
			     (PP *ICH*-1))
		       (VAG fleynge)
		       (PP-1 (P as)
			     (CP-CMP (WADVP-2 0)
				     (C 0)
				     (IP-SUB (ADVP *T*-2)
					     (NP-SBJ (PRO they))
					     (MD myght)
					     (VB ryde))))))
	  (. ,))
  (ID CMMALORY,180.2432))
/*
FOOTER
  source file, hits/tokens/total
  C:\Users\Shoo\Dropbox\workspace\CorpusSearch_Auto\data\corporas\PPCME2\temp1492106398658\fiction_romances_dramacomedies_and_verse\cmmalory.m4.psd	3/2/4999
*/
/*
HEADER:
source file:  C:\Users\Shoo\Dropbox\workspace\CorpusSearch_Auto\data\corporas\PPCME2\temp1492106398658\fiction_romances_dramacomedies_and_verse\cmreynar.m4.psd
*/

/~*
his false flateryng speche deceyued me <slash>
(CMREYNAR,53.360)
*~/
/*
7 VAG:  7 VAG, 8 flateryng, 2 NP-SBJ
*/

( (IP-MAT-SPE (NP-SBJ (PRO$ his) (ADJ false) (VAG flateryng) (N speche))
	      (VBD deceyued)
	      (NP-OB1 (PRO me))
	      (. <slash>))
  (ID CMREYNAR,53.360))
/*
FOOTER
  source file, hits/tokens/total
  C:\Users\Shoo\Dropbox\workspace\CorpusSearch_Auto\data\corporas\PPCME2\temp1492106398658\fiction_romances_dramacomedies_and_verse\cmreynar.m4.psd	1/1/740
*/
/*
HEADER:
source file:  C:\Users\Shoo\Dropbox\workspace\CorpusSearch_Auto\data\corporas\PPCME2\temp1492106398658\fiction_romances_dramacomedies_and_verse\cmsiege.m4.psd
*/

/~*
We fynd sothe +tat +tou spake govynge to +ti passion:
(CMSIEGE,87.523)
*~/
/*
26 VAG:  26 VAG, 27 govynge, 11 NP-SBJ
*/

( (IP-MAT-SPE (NP-SBJ (PRO We))
	      (VBP fynd)
	      (IP-SMC-SPE (ADJP (ADJ sothe))
			  (NP-SBJ (CP-FRL-SPE (WNP-1 0)
					      (C +tat)
					      (IP-SUB-SPE (NP-OB1 *T*-1)
							  (NP-SBJ (PRO +tou))
							  (VBD spake)
							  (IP-PPL-SPE (VAG govynge)
								      (PP (P to)
									  (NP (PRO$ +ti) (N passion))))))))
	      (. :))
  (ID CMSIEGE,87.523))
/*
FOOTER
  source file, hits/tokens/total
  C:\Users\Shoo\Dropbox\workspace\CorpusSearch_Auto\data\corporas\PPCME2\temp1492106398658\fiction_romances_dramacomedies_and_verse\cmsiege.m4.psd	1/1/732
*/
/*
SUMMARY:  
source files, hits/tokens/total
  C:\Users\Shoo\Dropbox\workspace\CorpusSearch_Auto\data\corporas\PPCME2\temp1492106398658\fiction_romances_dramacomedies_and_verse\cmctmeli.m3.psd	2/2/860
  C:\Users\Shoo\Dropbox\workspace\CorpusSearch_Auto\data\corporas\PPCME2\temp1492106398658\fiction_romances_dramacomedies_and_verse\cmmalory.m4.psd	3/2/4999
  C:\Users\Shoo\Dropbox\workspace\CorpusSearch_Auto\data\corporas\PPCME2\temp1492106398658\fiction_romances_dramacomedies_and_verse\cmreynar.m4.psd	1/1/740
  C:\Users\Shoo\Dropbox\workspace\CorpusSearch_Auto\data\corporas\PPCME2\temp1492106398658\fiction_romances_dramacomedies_and_verse\cmsiege.m4.psd	1/1/732
whole search, hits/tokens/total
		7/6/7331
*/
