/*
PREFACE:  
Copyright 2010 Beth Randall
Date:  Thu Apr 13 19:02:09 BST 2017

command file:     data\searches\queries\PENN\progressive_forms_in_noun_phrases_adjunts.q
output file:      C:\Users\Shoo\Dropbox\workspace\CorpusSearch_Auto\data\output\13-04-2017 18.46.36.333 PPCME2\progressive_forms_in_noun_phrases_adjunts\bible_and_apocrypha\result.out

node:   NP-ADT*|BAG*|HAG*|VAG*|DAG*
query:  (BAG*|HAG*|VAG*|DAG* Dominates  !BAG*|HAG*|VAG*|DAG*) 
  AND  (NP-ADT* Dominates  BAG*|HAG*|VAG*|DAG*) 
*/
/*
HEADER:
source file:  C:\Users\Shoo\Dropbox\workspace\CorpusSearch_Auto\data\corporas\PPCME2\temp1492106398658\bible_and_apocrypha\cmearlps.m2.psd
*/
/*
FOOTER
  source file, hits/tokens/total
  C:\Users\Shoo\Dropbox\workspace\CorpusSearch_Auto\data\corporas\PPCME2\temp1492106398658\bible_and_apocrypha\cmearlps.m2.psd	0/0/7869
*/
/*
HEADER:
source file:  C:\Users\Shoo\Dropbox\workspace\CorpusSearch_Auto\data\corporas\PPCME2\temp1492106398658\bible_and_apocrypha\cmntest.m3.psd
*/
/*
FOOTER
  source file, hits/tokens/total
  C:\Users\Shoo\Dropbox\workspace\CorpusSearch_Auto\data\corporas\PPCME2\temp1492106398658\bible_and_apocrypha\cmntest.m3.psd	0/0/1152
*/
/*
HEADER:
source file:  C:\Users\Shoo\Dropbox\workspace\CorpusSearch_Auto\data\corporas\PPCME2\temp1492106398658\bible_and_apocrypha\cmotest.m3.psd
*/
/*
FOOTER
  source file, hits/tokens/total
  C:\Users\Shoo\Dropbox\workspace\CorpusSearch_Auto\data\corporas\PPCME2\temp1492106398658\bible_and_apocrypha\cmotest.m3.psd	0/0/811
*/
/*
SUMMARY:  
source files, hits/tokens/total
  C:\Users\Shoo\Dropbox\workspace\CorpusSearch_Auto\data\corporas\PPCME2\temp1492106398658\bible_and_apocrypha\cmearlps.m2.psd	0/0/7869
  C:\Users\Shoo\Dropbox\workspace\CorpusSearch_Auto\data\corporas\PPCME2\temp1492106398658\bible_and_apocrypha\cmntest.m3.psd	0/0/1152
  C:\Users\Shoo\Dropbox\workspace\CorpusSearch_Auto\data\corporas\PPCME2\temp1492106398658\bible_and_apocrypha\cmotest.m3.psd	0/0/811
whole search, hits/tokens/total
		0/0/9832
*/
