/*
PREFACE:  
Copyright 2010 Beth Randall
Date:  Thu Apr 13 19:01:35 BST 2017

command file:     data\searches\queries\PENN\progressive_forms_added_to_an_appositive_or_parenthetical_constituent.q
output file:      C:\Users\Shoo\Dropbox\workspace\CorpusSearch_Auto\data\output\13-04-2017 18.46.36.333 PPCME2\progressive_forms_added_to_an_appositive_or_parenthetical_constituent\homilies_and_sermons\result.out

node:   *PRN*|BAG*|HAG*|VAG*|DAG*
query:  (BAG*|HAG*|VAG*|DAG* Dominates  !BAG*|HAG*|VAG*|DAG*) 
  AND  (*PRN* Dominates  BAG*|HAG*|VAG*|DAG*) 
*/
/*
HEADER:
source file:  C:\Users\Shoo\Dropbox\workspace\CorpusSearch_Auto\data\corporas\PPCME2\temp1492106398658\homilies_and_sermons\cmcapser.m4.psd
*/
/*
FOOTER
  source file, hits/tokens/total
  C:\Users\Shoo\Dropbox\workspace\CorpusSearch_Auto\data\corporas\PPCME2\temp1492106398658\homilies_and_sermons\cmcapser.m4.psd	0/0/91
*/
/*
HEADER:
source file:  C:\Users\Shoo\Dropbox\workspace\CorpusSearch_Auto\data\corporas\PPCME2\temp1492106398658\homilies_and_sermons\cmfitzja.m4.psd
*/

/~*
All thyse thre. and eche of this. was for his tyme y=e= fygure of the fourthe
Ihu~s callyd Ihu~s filius dei Jesus the sone of god <slash> The same Jhesus
whyche nyghynge. walkyd wyth mankynde <slash> To whose declaraco~n ye shall
understonde. that Ihu~s by interpretaco~n. is to saye saluator a sauyour or
helper <slash>
(CMFITZJA,A2V.15)
*~/
/*
98 VAG:  98 VAG, 99 nyghynge, 81 NP-PRN
*/
( (IP-MAT (NP-SBJ (NP (Q All) (D thyse) (NUM thre))
		  (, .)
		  (CONJP (CONJ and)
			 (NP (Q eche)
			     (PP (P of)
				 (NP (D this))))))
	  (, .)
	  (BED was)
	  (PP (P for)
	      (NP (PRO$ his) (N tyme)))
	  (NP-OB1 (D y=e=)
		  (N fygure)
		  (PP (P of)
		      (NP (D the)
			  (ADJ fourthe)
			  (NPR Ihu~s)
			  (RRC (VAN callyd)
			       (IP-SMC (NP-SBJ *)
				       (NP-OB1 (LATIN (FW Ihu~s) (FW filius) (FW dei))
					       (NP-PRN (NPR Jesus)
						       (NP-PRN (D the)
							       (N sone)
							       (PP (P of)
								   (NP (NPR god)))))))))))
	  (, <slash>)
	  (NP-PRN (D The)
		  (ADJ same)
		  (NPR Jhesus)
		  (CP-REL (WNP-1 (WPRO whyche))
			  (C 0)
			  (IP-SUB (NP-SBJ *T*-1)
				  (IP-PPL (VAG nyghynge))
				  (, .)
				  (VBD walkyd)
				  (PP (P wyth)
				      (NP (N+N mankynde)))))
		  (, <slash>)
		  (CP-REL (WPP-2 (P To)
				 (WNP (WPRO$ whose) (N declaraco~n)))
			  (C 0)
			  (IP-SUB (PP *T*-2)
				  (NP-SBJ (PRO ye))
				  (MD shall)
				  (VB understonde)
				  (, .)
				  (CP-THT (C that)
					  (IP-SUB (NP-SBJ (NPR Ihu~s))
						  (PP (P by)
						      (NP (N interpretaco~n)))
						  (, .)
						  (BEP is)
						  (IP-INF (TO to)
							  (VB saye)
							  (NP-OB1 (FW saluator)
								  (NP-PRN (D a)
									  (N sauyour)
									  (CONJP (CONJ or)
										 (NX (N helper)))))))))))
	  (. <slash>))
  (ID CMFITZJA,A2V.15))

/~*
Now the fyrste of thyse greate preestis or Bysshops hauynge rule of the people.
was this Ihu~s the sone of Josedech A man of grete zele & deuowte obedyence
vnto god <slash> so y=t= he was conuenyently namyd Ihu~s. helper or sauer of
y=e= peple by deuowte obedyence. leuynge example to alle preestys. prelates in
especyall to beere deuowte obedience vnto almyghty god. & teche other the same
(CMFITZJA,A5R.72)
*~/
/*
141 VAG:  141 VAG, 142 leuynge, 140 NP-PRN
*/

( (IP-MAT (ADVP-TMP (ADV Now))
	  (NP-SBJ (D the)
		  (ADJ fyrste)
		  (PP (P of)
		      (NP (D thyse)
			  (ADJ greate)
			  (NS preestis)
			  (CONJP (CONJ or)
				 (NX (NS Bysshops)))
			  (RRC (HAG hauynge)
			       (NP-OB1 (N rule)
				       (PP (P of)
					   (NP (D the) (N people))))))))
	  (, .)
	  (BED was)
	  (NP-OB1 (D this)
		  (NPR Ihu~s)
		  (NP-PRN (D the)
			  (N sone)
			  (PP (P of)
			      (NP (NPR Josedech))))
		  (NP-PRN (D A)
			  (N man)
			  (PP (P of)
			      (NP (NP (ADJ grete) (N zele))
				  (CONJP (CONJ &)
					 (NP (ADJ deuowte)
					     (N obedyence)
					     (PP (P vnto)
						 (NP (NPR god)))))))))
	  (, <slash>)
	  (PP (P so)
	      (CP-ADV (C y=t=)
		      (IP-SUB (NP-SBJ-1 (PRO he))
			      (BED was)
			      (ADVP (ADV conuenyently))
			      (VAN namyd)
			      (IP-SMC (NP-SBJ *-1)
				      (NP-OB1 (NPR Ihu~s)
					      (, .)
					      (NP-PRN (N helper)
						      (CONJ or)
						      (N sauer)
						      (PP (P of)
							  (NP (D y=e=) (N peple)))
						      (PP (P by)
							  (NP (ADJ deuowte) (N obedyence))))
					      (, .)
					      (NP-PRN (VAG leuynge)
						      (N example)
						      (PP (P to)
							  (NP (Q alle)
							      (NS preestys)
							      (, .)
							      (CONJP (NX (NS prelates)))))
						      (PP (P in)
							  (ADJP (ADJ especyall)))
						      (IP-INF (IP-INF (TO to)
								      (VB beere)
								      (NP-OB1 (ADJ deuowte) (N obedience))
								      (PP (P vnto)
									  (NP (ADJ almyghty) (NPR god))))
							      (, .)
							      (CONJP (CONJ &)
								     (IP-INF (TO *)
									     (VB teche)
									     (NP-OB2 (OTHER other))
									     (NP-OB1 (D the) (ADJ same))))))))))))
  (ID CMFITZJA,A5R.72))
/*
FOOTER
  source file, hits/tokens/total
  C:\Users\Shoo\Dropbox\workspace\CorpusSearch_Auto\data\corporas\PPCME2\temp1492106398658\homilies_and_sermons\cmfitzja.m4.psd	2/2/228
*/
/*
HEADER:
source file:  C:\Users\Shoo\Dropbox\workspace\CorpusSearch_Auto\data\corporas\PPCME2\temp1492106398658\homilies_and_sermons\cmgaytry.m34.psd
*/

/~*
The firste of +tise Seuen synnes es callede 'Pryde,' +tat es, a lykande
heghenees of a manes herte, Of offyce or of heghe state, or o+ter noblaye +tat
he ou+ter haues of kynde or of grace, or he hopes +tat he haues mare +tan
anothire.
(CMGAYTRY,12.157)
*~/
/*
44 VAG:  44 VAG, 45 lykande, 33 IP-MAT-PRN
*/

( (IP-MAT (NP-SBJ-1 (D The)
		    (ADJ firste)
		    (PP (P of)
			(NP (D +tise) (NUM Seuen) (NS synnes))))
	  (BEP es)
	  (VAN callede)
	  (' ')
	  (IP-SMC (NP-SBJ *-1)
		  (NP-OB1 (N Pryde)
			  (, ,)
			  (' ')
			  (IP-MAT-PRN (NP-SBJ (D +tat))
				      (BEP es)
				      (, ,)
				      (NP-OB1 (D a)
					      (VAG lykande)
					      (N heghenees)
					      (PP (P of)
						  (NP (NP-POS (D a) (N$ manes))
						      (N herte)))
					      (, ,)
					      (PP (PP (P Of)
						      (NP (N offyce)))
						  (CONJP (CONJ or)
							 (PP (P of)
							     (NP (ADJ heghe) (N state))))
						  (, ,)
						  (CONJP (CONJ or)
							 (NP (OTHER o+ter) (N noblaye)))))
				      (CP-REL (WNP-2 0)
					      (C +tat)
					      (IP-SUB (IP-SUB (NP-OB1 *T*-2)
							      (NP-SBJ (PRO he))
							      (CONJ ou+ter)
							      (HVP haues)
							      (PP (PP (P of)
								      (NP (N kynde)))
								  (CONJP (CONJ or)
									 (PP (P of)
									     (NP (N grace))))))
						      (, ,)
						      (CONJP (CONJ or)
							     (IP-SUB (NP-SBJ (PRO he))
								     (VBP hopes)
								     (CP-THT (C +tat)
									     (IP-SUB (NP-OB1 *T*-2)
										     (NP-SBJ (PRO he))
										     (HVP haues)
										     (NP-MSR (QR mare)
											     (PP (P +tan)
												 (NP (D+OTHER anothire)))))))))))))
	  (. .))
  (ID CMGAYTRY,12.157))
/*
FOOTER
  source file, hits/tokens/total
  C:\Users\Shoo\Dropbox\workspace\CorpusSearch_Auto\data\corporas\PPCME2\temp1492106398658\homilies_and_sermons\cmgaytry.m34.psd	1/1/199
*/
/*
HEADER:
source file:  C:\Users\Shoo\Dropbox\workspace\CorpusSearch_Auto\data\corporas\PPCME2\temp1492106398658\homilies_and_sermons\cminnoce.m4.psd
*/

/~*
That what thou sholdest gyve also to thy neyghbour and broder his partes, that
is to saye, almes dedes frely wythout grutchynge, lenynge of thy good without
ony trust or hope of usury, and forgevynge thy neyghbour yf he be in necessyte
without trouble for Goddes sake;
(CMINNOCE,8.114)
*~/
/*
113 VAG:  113 VAG, 114 forgevynge, 45 IP-MAT-PRN
*/

( (NP (D That)
      (CP-REL (WNP-1 (WPRO what))
	      (C 0)
	      (IP-SUB (NP-OB1 *T*-1)
		      (NP-SBJ (PRO thou))
		      (MD sholdest)
		      (VB gyve)
		      (CODE <P_8>)
		      (ALSO also)
		      (PP (P to)
			  (NP (PRO$ thy)
			      (N neyghbour)
			      (CONJP (CONJ and)
				     (NX (N broder)))))))
      (NP-PRN (PRO$ his) (NS partes))
      (, ,)
      (IP-MAT-PRN (NP-SBJ (D that))
		  (BEP is)
		  (IP-INF (TO to)
			  (VB saye)
			  (, ,)
			  (NP-OB1 (NP (N almes)
				      (NS dedes)
				      (RRC (ADVP (ADV frely))
					   (PP (P wythout)
					       (NP (N grutchynge)))))
				  (, ,)
				  (NP (N lenynge)
				      (PP (P of)
					  (NP (PRO$ thy) (N good)))
				      (PP (P without)
					  (NP (Q ony)
					      (N trust)
					      (CONJP (CONJ or)
						     (NX (N hope)))
					      (PP (P of)
						  (NP (N usury))))))
				  (, ,)
				  (CONJP (CONJ and)
					 (IP-PPL (VAG forgevynge)
						 (NP-OB1 (PRO$ thy) (N neyghbour))
						 (PP (P yf)
						     (CP-ADV (C 0)
							     (IP-SUB (NP-SBJ (PRO he))
								     (BEP be)
								     (PP (P in)
									 (NP (N necessyte))))))
						 (PP (P without)
						     (NP (N trouble)))
						 (PP (P for)
						     (NP (NPR$ Goddes) (N sake))))))))
      (. ;))
  (ID CMINNOCE,8.114))
/*
FOOTER
  source file, hits/tokens/total
  C:\Users\Shoo\Dropbox\workspace\CorpusSearch_Auto\data\corporas\PPCME2\temp1492106398658\homilies_and_sermons\cminnoce.m4.psd	1/1/208
*/
/*
HEADER:
source file:  C:\Users\Shoo\Dropbox\workspace\CorpusSearch_Auto\data\corporas\PPCME2\temp1492106398658\homilies_and_sermons\cmkentho.m1.psd
*/
/*
FOOTER
  source file, hits/tokens/total
  C:\Users\Shoo\Dropbox\workspace\CorpusSearch_Auto\data\corporas\PPCME2\temp1492106398658\homilies_and_sermons\cmkentho.m1.psd	0/0/298
*/
/*
HEADER:
source file:  C:\Users\Shoo\Dropbox\workspace\CorpusSearch_Auto\data\corporas\PPCME2\temp1492106398658\homilies_and_sermons\cmkentse.m2.psd
*/
/*
FOOTER
  source file, hits/tokens/total
  C:\Users\Shoo\Dropbox\workspace\CorpusSearch_Auto\data\corporas\PPCME2\temp1492106398658\homilies_and_sermons\cmkentse.m2.psd	0/0/231
*/
/*
HEADER:
source file:  C:\Users\Shoo\Dropbox\workspace\CorpusSearch_Auto\data\corporas\PPCME2\temp1492106398658\homilies_and_sermons\cmlamb1.m1.psd
*/
/*
FOOTER
  source file, hits/tokens/total
  C:\Users\Shoo\Dropbox\workspace\CorpusSearch_Auto\data\corporas\PPCME2\temp1492106398658\homilies_and_sermons\cmlamb1.m1.psd	0/0/526
*/
/*
HEADER:
source file:  C:\Users\Shoo\Dropbox\workspace\CorpusSearch_Auto\data\corporas\PPCME2\temp1492106398658\homilies_and_sermons\cmlambx1.mx1.psd
*/

/~*
petrus cwe+d +ta. wite +ge so+dliche +tet crist aras of dea+de and on ure
iwitnesse astah to heofene. and sit on his feder riht alfe; alswa daui+d bi
him wite+gede +tus cwe+dinde. Dixit dominus domino meo sede a dextris meis.
(CMLAMBX1,91.761)
*~/
/*
110 VAG:  110 VAG, 111 cwe+dinde, 84 PP-PRN
*/

( (IP-MAT (NP-SBJ (NPR petrus))
	  (VBD cwe+d)
	  (ADVP-TMP (ADV +ta))
	  (, .)
	  (IP-IMP-SPE (VBI wite)
		      (NP-SBJ (PRO +ge))
		      (ADVP (ADV so+dliche))
		      (CP-THT-SPE (C +tet)
				  (IP-SUB-SPE (IP-SUB-SPE (NP-SBJ (NPR crist))
							  (VBD aras)
							  (PP (P of)
							      (NP (N dea+de))))
					      (CONJP (CONJ and)
						     (IP-SUB-SPE (NP-SBJ *con*)
								 (PP (P on)
								     (NP (PRO$ ure) (N iwitnesse)))
								 (VBD astah)
								 (PP (P to)
								     (NP (NPR heofene)))))
					      (, .)
					      (CONJP (CONJ and)
						     (IP-SUB-SPE (NP-SBJ *con*)
								 (VBP sit)
								 (PP (P on)
								     (NP (NP-POS (PRO$ his) (N$ feder))
									 (ADJ riht)
									 (N alfe)))
								 (, ;)
								 (PP-PRN (P alswa)
									 (CP-ADV-SPE (WNP-1 0)
										     (C 0)
										     (IP-SUB-SPE (NP-OB1 *T*-1)
												 (NP-SBJ (NPR daui+d))
												 (PP (P bi)
												     (NP (PRO him)))
												 (VBD wite+gede)
												 (IP-PPL-SPE (ADVP (ADV +tus))
													     (VAG cwe+dinde)
													     (, .)
													     (QTP (LATIN (FW Dixit) (FW dominus) (FW domino) (FW meo) (FW sede) (FW a) (FW dextris) (FW meis))))))))))))
	  (. .))
  (ID CMLAMBX1,91.761))

/~*
Ac +te +tet wule to +tare blisse bicumen; he scal ileafan on +ta hal+ga
+treomnesse. and on so+dre annesse. +tet is +te feder. and his sune and heore
beira gast heo beo+d +treo on hadan and an god unto-delendlich on ane
drihtnesse and godnesse wuniende
(CMLAMBX1,101.906)
*~/
/*
140 VAG:  140 VAG, 141 wuniende, 62 IP-MAT-PRN
*/

( (IP-MAT (CONJ Ac)
	  (NP-LFD (D +te)
		  (CP-REL (WNP-1 0)
			  (C +tet)
			  (IP-SUB (NP-SBJ *T*-1)
				  (MD wule)
				  (PP (P to)
				      (NP (D +tare) (N blisse)))
				  (VB bicumen))))
	  (, ;)
	  (NP-SBJ-RSP (PRO he))
	  (MD scal)
	  (VB ileafan)
	  (PP (PP (P on)
		  (NP (D +ta) (ADJ hal+ga) (NPR +treomnesse)))
	      (, .)
	      (CONJP (CONJ and)
		     (PP (P on)
			 (NP (ADJ so+dre) (N annesse)))))
	  (, .)
	  (IP-MAT-PRN (NP-SBJ (D +tet))
		      (BEP is)
		      (IP-MAT (IP-MAT-2 (NP-LFD (NP (D +te) (NPR feder))
						(, .)
						(CONJP (CONJ and)
						       (NP (PRO$ his) (NPR sune)))
						(CONJP (CONJ and)
						       (NP (NP-POS (NP-COM (PRO$ heore))
								   (Q$ beira))
							   (NPR gast))))
					(NP-SBJ-RSP (PRO heo))
					(BEP beo+d)
					(NP-OB1 (NUM +treo))
					(PP (P on)
					    (NP (NS hadan))))
			      (CONJP (CONJ and)
				     (IP-MAT=2 (NP-OB1 (ONE an)
						       (NPR god)
						       (ADJ unto-delendlich)
						       (RRC (PP (P on)
								(CODE <P_101>)
								(NP (ONE ane)
								    (N drihtnesse)
								    (CONJP (CONJ and)
									   (NX (N godnesse)))))
							    (VAG wuniende))))))))
  (ID CMLAMBX1,101.906))

/~*
Mid his blode we sculen deihwanliche +ta postles and +tet ouerslaht of ure
huse +tet is of ure heortan gastliche bisprengan. +tet is to understondan +tet
we sculen ure forheafod and +ta .vii. +geade ures lichomes mid +tere halie
rode tacne seinian +tet ure wi+derwinna. Qui tanquam leo rugiens circuit
querens quem deuoret. +tet is +tet +te deofel +te ge+d abutan alswa +te gredie
leo sechinde hwen he ma+ge fordon +tet he neure ne ma+ge cuman wi+d-innan us.
(CMLAMBX1,127.1271)
*~/
/*
183 VAG:  183 VAG, 184 sechinde, 145 IP-MAT-PRN
183 VAG:  183 VAG, 184 sechinde, 61 IP-MAT-PRN
*/

( (IP-MAT (PP (P Mid)
	      (NP (PRO$ his) (N blode)))
	  (NP-SBJ (PRO we))
	  (MD sculen)
	  (ADVP (ADV deihwanliche))
	  (NP-OB1 (NP (D +ta) (NS postles))
		  (CONJP (CONJ and)
			 (NP (D +tet) (N ouerslaht)))
		  (PP (P of)
		      (NP (PRO$ ure)
			  (NS huse)
			  (IP-MAT-PRN (NP-SBJ (D +tet))
				      (BEP is)
				      (PP (P of)
					  (NP (PRO$ ure) (NS heortan)))))))
	  (ADVP (ADV gastliche))
	  (VB bisprengan)
	  (, .)
	  (IP-MAT-PRN (NP-SBJ (D +tet))
		      (BEP is)
		      (IP-INF (TO to)
			      (VB understondan)
			      (CP-THT (C +tet)
				      (IP-SUB (NP-SBJ (PRO we))
					      (MD sculen)
					      (NP-OB1 (NP (PRO$ ure) (NS forheafod))
						      (CONJP (CONJ and)
							     (NP (D +ta)
								 (NUM .vii.)
								 (NS +geade)
								 (NP-COM (PRO$ ures) (N$ lichomes)))))
					      (PP (P mid)
						  (NP (D +tere) (ADJ halie) (N rode) (N tacne)))
					      (VB seinian)
					      (FRAG (C +tet)
						    (NP (PRO$ ure) (N wi+derwinna)))
					      (, .)
					      (LATIN (FW Qui)
						     (FW tanquam)
						     (FW leo)
						     (FW rugiens)
						     (FW circuit)
						     (FW querens)
						     (FW quem)
						     (FW deuoret)
						     (, .)
						     (IP-MAT-PRN (NP-SBJ (D +tet))
								 (BEP is)
								 (CP-ADV (C +tet)
									 (CP-ADV (NP-LFD (D +te)
											 (NPR deofel)
											 (CP-REL (WNP-1 0)
												 (C +te)
												 (IP-SUB (NP-SBJ *T*-1)
													 (VBP ge+d)
													 (RP abutan)
													 (PP (P alswa)
													     (NP (D +te) (ADJ gredie) (N leo)))
													 (IP-PPL (VAG sechinde)
														 (CP-QUE (WNP-2 (WPRO hwen))
															 (C 0)
															 (IP-SUB (NP-OB1 *T*-2)
																 (NP-SBJ (PRO he))
																 (MD ma+ge)
																 (VB fordon)))))))
										 (C +tet)
										 (IP-SUB (NP-SBJ-RSP (PRO he))
											 (ADVP-TMP (ADV neure))
											 (NEG ne)
											 (MD ma+ge)
											 (VB cuman)
											 (PP (P wi+d-innan)
											     (NP (PRO us))))))))))))
	  (. .))
  (ID CMLAMBX1,127.1271))
/*
FOOTER
  source file, hits/tokens/total
  C:\Users\Shoo\Dropbox\workspace\CorpusSearch_Auto\data\corporas\PPCME2\temp1492106398658\homilies_and_sermons\cmlambx1.mx1.psd	3/3/1410
*/
/*
HEADER:
source file:  C:\Users\Shoo\Dropbox\workspace\CorpusSearch_Auto\data\corporas\PPCME2\temp1492106398658\homilies_and_sermons\cmmirk.m34.psd
*/

/~*
Now +ge schull knele adowne, and make your prayer to +tis holy apostoll, Seynt
Andrew, +tat he be your mediator bytwyx God and you, prayng hym to +gyue you
grace suche a lyfe to lede here, +tat hit be plesyng to hymselfe, and to our
lady, and to all +te company of Heuen.
(CMMIRK,11.302)
*~/
/*
77 VAG:  77 VAG, 78 prayng, 50 CP-THT-PRN-2
122 VAG:  122 VAG, 123 plesyng, 50 CP-THT-PRN-2
*/

( (IP-MAT (IP-MAT-1 (ADVP-TMP (ADV Now))
		    (NP-SBJ (PRO +ge))
		    (MD schull)
		    (VB knele)
		    (PP (P+RP adowne)))
	  (, ,)
	  (CONJP (CONJ and)
		 (IP-MAT=1 (VB make)
			   (NP-OB1 (PRO$ your)
				   (N prayer)
				   (CP-THT-PRN *ICH*-2))
			   (PP (P to)
			       (NP (D +tis)
				   (ADJ holy)
				   (N apostoll)
				   (, ,)
				   (NP-PRN (NPR Seynt) (NPR Andrew))))
			   (, ,)
			   (CP-THT-PRN-2 (C +tat)
					 (IP-SUB (NP-SBJ (PRO he))
						 (BEP be)
						 (NP-OB1 (PRO$ your)
							 (N mediator)
							 (PP (P bytwyx)
							     (NP (NPR God) (CONJ and) (PRO you))))
						 (, ,)
						 (IP-PPL (VAG prayng)
							 (NP-OB2 (PRO hym))
							 (IP-INF (TO to)
								 (VB +gyue)
								 (NP-OB2 (PRO you))
								 (NP-OB1 (N grace))
								 (IP-INF-PRP (NP-OB1 (ADJP (SUCH suche)
											   (CP-DEG *ICH*-3))
										     (D a)
										     (N lyfe))
									     (TO to)
									     (VB lede)
									     (ADVP-LOC (ADV here))
									     (, ,)
									     (CP-DEG-3 (C +tat)
										       (IP-SUB (NP-SBJ (PRO hit))
											       (BEP be)
											       (VAG plesyng)
											       (PP (PP (P to)
												       (NP (PRO+N hymselfe)))
												   (, ,)
												   (CONJP (CONJ and)
													  (PP (P to)
													      (NP (PRO$ our) (NPR lady))))
												   (, ,)
												   (CONJP (CONJ and)
													  (PP (P to)
													      (NP (Q all)
														  (D +te)
														  (N company)
														  (PP (P of)
														      (NP (NPR Heuen))))))))))))))))
	  (. .))
  (ID CMMIRK,11.302))

/~*
for among all corseyntys of Heuen, Seynt Nycholas ys heghly yprayset of +te
pepull, and also yn holy chyrch specyaly for +tre vertues: for his meke lyuyng,
for his heuenly chesyng, and for his gret compassyon hauyng.
(CMMIRK,11.310)
*~/
/*
108 HAG:  108 HAG, 109 hauyng, 69 PP-PRN
*/

( (IP-MAT (CONJ for)
	  (PP (P among)
	      (NP (Q all)
		  (NS corseyntys)
		  (PP (P of)
		      (NP (NPR Heuen)))))
	  (, ,)
	  (NP-SBJ (NPR Seynt) (NPR Nycholas))
	  (BEP ys)
	  (ADVP (ADV heghly))
	  (VAN yprayset)
	  (PP (PP (P of)
		  (NP (D +te) (N pepull)))
	      (, ,)
	      (CONJP (CONJ and)
		     (ALSO also)
		     (PP (P yn)
			 (NP (ADJ holy) (NPR chyrch)))))
	  (ADVP (ADV specyaly))
	  (PP (P for)
	      (NP (NUM +tre) (NS vertues))
	      (, :)
	      (PP-PRN (PP (P for)
			  (NP (PRO$ his) (ADJ meke) (N lyuyng)))
		      (, ,)
		      (PP (P for)
			  (NP (PRO$ his) (ADJ heuenly) (N chesyng)))
		      (, ,)
		      (CONJP (CONJ and)
			     (PP (P for)
				 (NP (PRO$ his)
				     (NP-OB1 (ADJ gret) (N compassyon))
				     (HAG hauyng))))))
	  (. .))
  (ID CMMIRK,11.310))

/~*
+Tan he, as he was full meke, vnswerd: 'Syr,' he sayde, lowtyng downe wyth hys
hed, 'Nycholas, seruant to your holynes.'
(CMMIRK,12.332)
*~/
/*
52 VAG:  52 VAG, 53 lowtyng, 43 IP-MAT-PRN
*/

( (IP-MAT (ADVP-TMP (ADV +Tan))
	  (NP-SBJ (PRO he))
	  (, ,)
	  (PP (P as)
	      (CP-ADV (C 0)
		      (IP-SUB (NP-SBJ (PRO he))
			      (BED was)
			      (ADJP (ADV full) (ADJ meke)))))
	  (, ,)
	  (VBD vnswerd)
	  (, :)
	  (' ')
	  (QTP (NP-VOC (N Syr))
	       (, ,)
	       (' ')
	       (IP-MAT-PRN (NP-SBJ (PRO he))
			   (VBD sayde)
			   (, ,)
			   (IP-PPL (VAG lowtyng)
				   (RP downe)
				   (PP (P wyth)
				       (NP (PRO$ hys) (N hed)))))
	       (, ,)
	       (' ')
	       (NP (NPR Nycholas)
		   (, ,)
		   (NP-PRN (N seruant)
			   (PP (P to)
			       (NP (PRO$ your) (N holynes))))))
	  (. .)
	  (' '))
  (ID CMMIRK,12.332))

/~*
Then sayth Seynt Austeyn +tat, +tis day and +tis nyght, paynene vsen many fals
opynyons of wychecraft and of fals fayth, +te whech ben noght to telle among
crysten men, lest +tay wer drawen yn vse. Wherfor, +ge +tat ben Goddys
seruandes, be +ge well war, lest +ge ben deseyvet by any sorsery and by any
byleue: as by takyng of howsell of on man raythyr +ten of ano+tyr, othyr forto
bye othyr selle, and aske or borue. Yn +te whyche some men haue dyuerse
opynyons +tat, +gyf +tay werne clene schereven, +tay wer worthy gret penawnce
for mysbeleue;
(CMMIRK,45.1302)
*~/
/*
207 VAG:  207 VAG, 208 takyng, 199 PP-PRN
*/

( (IP-MAT (ADVP-TMP (ADV Then))
	  (VBP sayth)
	  (NP-SBJ (NPR Seynt) (NPR Austeyn))
	  (CP-THT (C +tat)
		  (, ,)
		  (IP-SUB (NP-TMP (NP (D +tis) (N day))
				  (CONJP (CONJ and)
					 (NP (D +tis) (N nyght))))
			  (, ,)
			  (NP-SBJ (NS paynene))
			  (VBP vsen)
			  (NP-OB1 (Q many)
				  (ADJ fals)
				  (NS opynyons)
				  (PP (PP (P of)
					  (NP (N+N wychecraft)))
				      (CONJP (CONJ and)
					     (PP (P of)
						 (NP (ADJ fals) (N fayth)))))
				  (, ,)
				  (CP-REL (WNP-1 (D +te) (WPRO whech))
					  (C 0)
					  (IP-SUB (NP-SBJ-2 *T*-1)
						  (BEP ben)
						  (NEG noght)
						  (IP-INF (NP-OB1 *-2)
							  (TO to)
							  (VB telle)
							  (PP (P among)
							      (NP (ADJ crysten) (NS men))))
						  (, ,)
						  (PP (P lest)
						      (CP-ADV (C 0)
							      (IP-SUB (NP-SBJ (PRO +tay))
								      (BED wer)
								      (VAN drawen)
								      (PP (P yn)
									  (NP (N vse)))))))))))
	  (, .)
	  (CP-CAR (WPP-3 (WADV+P Wherfor))
		  (C 0)
		  (, ,)
		  (IP-IMP (PP *T*-3)
			  (NP-LFD (PRO +ge)
				  (CP-REL (WNP-4 0)
					  (C +tat)
					  (IP-SUB (NP-SBJ *T*-4)
						  (BEP ben)
						  (NP-OB1 (NPR$ Goddys) (NS seruandes)))))
			  (, ,)
			  (BEI be)
			  (NP-SBJ-RSP (PRO +ge))
			  (ADJP (ADV well) (ADJ war))
			  (, ,)
			  (PP (P lest)
			      (CP-ADV (C 0)
				      (IP-SUB (NP-SBJ (PRO +ge))
					      (BEP ben)
					      (VAN deseyvet)
					      (PP (PP (P by)
						      (NP (Q any) (N sorsery)))
						  (CONJP (CONJ and)
							 (PP (P by)
							     (NP (Q any) (N byleue))))
						  (, :)
						  (PP-PRN (PP (P as)
							      (PP (P by)
								  (IP-PPL (VAG takyng)
									  (PP (P of)
									      (NP (N howsell)))
									  (PP (P of)
									      (NP (ONE on) (N man)))
									  (ADVP (ADVR raythyr)
										(PP (P +ten)
										    (PP (P of)
											(NP (D+OTHER ano+tyr))))))))
							  (, ,)
							  (CONJP (CONJ othyr)
								 (IP-INF (IP-INF (FOR+TO forto)
										 (VB (VB bye) (CONJ othyr) (VB selle)))
									 (, ,)
									 (CONJP (CONJ and)
										(IP-INF (FOR *)
											(TO *)
											(VB (VB aske) (CONJ or) (VB borue))
											(, .)
											(CP-CAR (WPP-5 (P Yn)
												       (WNP (D +te) (WPRO whyche)))
												(C 0)
												(IP-SUB (PP *T*-5)
													(NP-SBJ (Q some) (NS men))
													(HVP haue)
													(NP-OB1 (ADJ dyuerse) (NS opynyons))
													(CP-THT (C +tat)
														(, ,)
														(IP-SUB (PP (P +gyf)
															    (CP-ADV (C 0)
																    (IP-SUB (NP-SBJ-6 (PRO +tay))
																	    (BED werne)
																	    (IP-SMC (NP-SBJ *-6)
																		    (ADJP (ADJ clene)))
																	    (VAN schereven))))
															(, ,)
															(NP-SBJ (PRO +tay))
															(BED wer)
															(ADJP (ADJ worthy)
															      (NP (ADJ gret) (N penawnce)))
															(PP (P for)
															    (NP (N mysbeleue))))))))))))))))))
	  (. ;))
  (ID CMMIRK,45.1302))

/~*
For +tys day holy chyrche make+te mynde, how Ihesu Cryst was schewet veray God
and man +tre wayes: by +tre kynges offryngys, yn his one folowyng, and by
watyr ynto wyne turnyng.
(CMMIRK,48.1360)
*~/
/*
105 VAG:  105 VAG, 106 turnyng, 62 PP-PRN
*/

( (IP-MAT (CONJ For)
	  (NP-TMP (D +tys) (N day))
	  (NP-SBJ (ADJ holy) (NPR chyrche))
	  (VBP make+te)
	  (NP-OB1 (N mynde))
	  (, ,)
	  (CP-QUE (WADVP-1 (WADV how))
		  (C 0)
		  (IP-SUB (ADVP *T*-1)
			  (NP-SBJ-2 (NPR Ihesu) (NPR Cryst))
			  (BED was)
			  (VAN schewet)
			  (IP-SMC (NP-SBJ *-2)
				  (NP-OB1 (ADJ veray)
					  (CODE <P_48>)
					  (N God)
					  (CONJP (CONJ and)
						 (NX (N man)))))
			  (NP-ADV (NUM +tre)
				  (NS wayes)
				  (, :)
				  (PP-PRN (PP (P by)
					      (NP (NP-POS (NUM +tre) (NS$ kynges))
						  (NS offryngys)))
					  (, ,)
					  (CONJP (PP (P yn)
						     (NP (PRO$ his) (ONE one) (N folowyng))))
					  (, ,)
					  (CONJP (CONJ and)
						 (PP (P by)
						     (IP-PPL (NP-OB1 (N watyr))
							     (PP (P ynto)
								 (NP (N wyne)))
							     (VAG turnyng))))))))
	  (. .))
  (ID CMMIRK,48.1360))

/~*
And +tat ys for +tre skylles: furst for gret myracull yn hys turnyng, and for
gret joy yn his defendyng, and for hegh ensampull in amendyng.
(CMMIRK,53.1482)
*~/
/*
76 VAG:  76 VAG, 77 amendyng, 19 PP-PRN
*/

( (IP-MAT (CONJ And)
	  (NP-SBJ (D +tat))
	  (BEP ys)
	  (PP (P for)
	      (NP (NUM +tre)
		  (NS skylles)
		  (, :)
		  (PP-PRN (PP (ADV furst)
			      (P for)
			      (NP (ADJ gret)
				  (N myracull)
				  (PP (P yn)
				      (NP (PRO$ hys) (N turnyng)))))
			  (, ,)
			  (CONJP (CONJ and)
				 (PP (P for)
				     (NP (ADJ gret)
					 (N joy)
					 (PP (P yn)
					     (NP (PRO$ his) (N defendyng))))))
			  (, ,)
			  (CONJP (CONJ and)
				 (PP (P for)
				     (NP (ADJ hegh)
					 (N ensampull)
					 (PP (P in)
					     (NP (VAG amendyng)))))))))
	  (. .))
  (ID CMMIRK,53.1482))

/~*
For, +tat day, holy chyrche maketh gret melody yn worschyppe of hyr and of hyr
swete sonne Ihesu Crist, our Lord, specyaly yn +tre +tynges: yn our lady
puryfiyng, in Symones metyng, and yn candels offryng.
(CMMIRK,57.1582)
*~/
/*
87 VAG:  87 VAG, 88 puryfiyng, 77 PP-PRN
112 VAG:  112 VAG, 113 offryng, 77 PP-PRN
*/

( (IP-MAT (CONJ For)
	  (, ,)
	  (NP-TMP (D +tat) (N day))
	  (, ,)
	  (NP-SBJ (ADJ holy) (NPR chyrche))
	  (VBP maketh)
	  (NP-OB1 (ADJ gret) (N melody))
	  (PP (P yn)
	      (NP (N worschyppe)
		  (PP (PP (P of)
			  (NP (PRO hyr)))
		      (CONJP (CONJ and)
			     (PP (P of)
				 (NP (PRO$ hyr)
				     (ADJ swete)
				     (N sonne)
				     (NP-PRN (NPR Ihesu) (NPR Crist))
				     (, ,)
				     (NP-PRN (PRO$ our) (NPR Lord))))))))
	  (, ,)
	  (PP (ADV specyaly)
	      (P yn)
	      (NP (NUM +tre) (NS +tynges))
	      (, :)
	      (PP-PRN (PP (P yn)
			  (IP-PPL (NP-OB1 (PRO$ our) (NPR lady))
				  (VAG puryfiyng)))
		      (, ,)
		      (CONJP (PP (P in)
				 (NP (NPR$ Symones) (N metyng))))
		      (, ,)
		      (CONJP (CONJ and)
			     (PP (P yn)
				 (IP-PPL (NP-OB1 (NS candels))
					 (VAG offryng))))))
	  (. .))
  (ID CMMIRK,57.1582))

/~*
The IIII. ys drede of redemacion, +tat is, of turnyng a+geyne from hys synne;
(CMMIRK,103.2811)
*~/
/*
32 VAG:  32 VAG, 33 turnyng, 20 IP-MAT-PRN
*/

( (IP-MAT (NP-SBJ (D The) (NUM IIII.))
	  (BEP ys)
	  (NP-OB1 (N drede)
		  (PP (P of)
		      (NP (N redemacion)))
		  (, ,)
		  (IP-MAT-PRN (NP-SBJ (D +tat))
			      (BEP is)
			      (, ,)
			      (PP (P of)
				  (IP-PPL (VAG turnyng)
					  (ADVP (ADV a+geyne))
					  (PP (P from)
					      (NP (PRO$ hys) (N synne)))))))
	  (. ;))
  (ID CMMIRK,103.2811))

/~*
and soo aftyr toke hor howsull. Wherfor, as +tys pystyll of +tys day telly+te,
Seynt Poule rebuke+te hom +terof, and turny+t +tat foule vse into more
$honeste and holynes, +tat is, forto syng +te mas fastyng, and all men forto
take hor howsull fastyng.
(CMMIRK,127.3411)
*~/
/*
129 VAG:  129 VAG, 130 fastyng, 109 IP-MAT-PRN
152 VAG:  152 VAG, 153 fastyng, 109 IP-MAT-PRN
*/

( (IP-MAT (CONJ and)
	  (NP-SBJ *con*)
	  (ADVP (ADV soo))
	  (ADVP-TMP (ADV aftyr))
	  (VBD toke)
	  (NP-OB1 (PRO$ hor) (N howsull))
	  (, .)
	  (CP-CAR (WPP-1 (WADV+P Wherfor))
		  (C 0)
		  (, ,)
		  (IP-SUB (IP-SUB (PP *T*-1)
				  (PP-PRN (P as)
					  (CP-ADV (WNP-2 0)
						  (C 0)
						  (IP-SUB (NP-OB1 *T*-2)
							  (NP-SBJ (D +tys)
								  (N pystyll)
								  (PP (P of)
								      (NP (D +tys) (N day))))
							  (VBP telly+te))))
				  (, ,)
				  (NP-SBJ (NPR Seynt) (NPR Poule))
				  (VBD rebuke+te)
				  (NP-OB1 (PRO hom))
				  (PP (ADV+P +terof)))
			  (, ,)
			  (CONJP (CONJ and)
				 (IP-SUB (PP *T*-1)
					 (NP-SBJ *con*)
					 (VBD turny+t)
					 (NP-OB1 (D +tat) (ADJ foule) (N vse))
					 (PP (P into)
					     (NP (QR more)
						 (N $honeste)
						 (CONJP (CONJ and)
							(NX (N holynes)))
						 (, ,)
						 (IP-MAT-PRN (NP-SBJ (D +tat))
							     (BEP is)
							     (, ,)
							     (IP-INF (IP-INF (FOR+TO forto)
									     (VB syng)
									     (NP-OB1 (D +te) (N mas))
									     (IP-PPL (VAG fastyng)))
								     (, ,)
								     (CONJP (CONJ and)
									    (IP-INF (NP-SBJ (Q all) (NS men))
										    (FOR+TO forto)
										    (VB take)
										    (NP-OB1 (PRO$ hor) (N howsull))
										    (IP-PPL (VAG fastyng))))))))))))
	  (. .))
  (ID CMMIRK,127.3411))

/~*
This day is also callyd Pase-day, +tat is in Englysch, +te passyng day.
(CMMIRK,130.3483)
*~/
/*
38 VAG:  38 VAG, 39 passyng, 21 IP-MAT-PRN
*/

( (IP-MAT (NP-SBJ-1 (D This) (N day))
	  (BEP is)
	  (ALSO also)
	  (VAN callyd)
	  (IP-SMC (NP-SBJ *-1)
		  (NP-OB1 (NPR+NPR Pase-day)
			  (, ,)
			  (IP-MAT-PRN (NP-SBJ (D +tat))
				      (BEP is)
				      (PP (P in)
					  (NP (NPR Englysch)))
				      (, ,)
				      (NP-OB1 (D +te) (VAG passyng) (N day)))))
	  (. .))
  (ID CMMIRK,130.3483))
/*
FOOTER
  source file, hits/tokens/total
  C:\Users\Shoo\Dropbox\workspace\CorpusSearch_Auto\data\corporas\PPCME2\temp1492106398658\homilies_and_sermons\cmmirk.m34.psd	13/10/3708
*/
/*
HEADER:
source file:  C:\Users\Shoo\Dropbox\workspace\CorpusSearch_Auto\data\corporas\PPCME2\temp1492106398658\homilies_and_sermons\cmorm.m1.psd
*/
/*
FOOTER
  source file, hits/tokens/total
  C:\Users\Shoo\Dropbox\workspace\CorpusSearch_Auto\data\corporas\PPCME2\temp1492106398658\homilies_and_sermons\cmorm.m1.psd	0/0/2638
*/
/*
HEADER:
source file:  C:\Users\Shoo\Dropbox\workspace\CorpusSearch_Auto\data\corporas\PPCME2\temp1492106398658\homilies_and_sermons\cmroyal.m34.psd
*/

/~*
But here what Dauid +te prophete seys, +tat oure seyntes ben goyn avey:
(CMROYAL,251.184)
*~/
/*
40 VAG:  40 VAG, 41 goyn, 29 CP-THT-PRN-2
*/

( (IP-IMP (CONJ But)
	  (VBI here)
	  (CP-QUE (WNP-1 (WPRO what)
			 (CP-THT-PRN *ICH*-2))
		  (C 0)
		  (IP-SUB (NP-OB1 *T*-1)
			  (NP-SBJ (NPR Dauid)
				  (NP-PRN (D +te) (N prophete)))
			  (VBP seys)
			  (, ,)
			  (CP-THT-PRN-2 (C +tat)
					(IP-SUB (NP-SBJ (PRO$ oure) (NS seyntes))
						(BEP ben)
						(VAG goyn)
						(ADVP-DIR (ADV avey))))))
	  (. :))
  (ID CMROYAL,251.184))

/~*
For sicurly it was a comon repref to all women +tat by on of hem all mankynd
was lost and non of hem my+gthe helpe to restore it a+geyn, so far-forth +tat
all +te elementes and all o+tur beestes and briddes semed per prosopopeiam
crie vppon a womman, as Petrus Rauennas ymagine+t, sermone Gregorii, seynge
+tus, "Redde depositum, mulier, redde depositum Dei quod in Paradiso
perdidisti; redde ex te quod perdidisti per te."
(CMROYAL,257.307)
*~/
/*
173 VAG:  173 VAG, 174 seynge, 142 PP-PRN
*/

( (IP-MAT (CONJ For)
	  (ADVP (ADV sicurly))
	  (NP-SBJ-1 (PRO it))
	  (BED was)
	  (NP-OB1 (D a)
		  (ADJ comon)
		  (N repref)
		  (PP (P to)
		      (NP (Q all) (NS women))))
	  (CP-THT-1 (C +tat)
		    (IP-SUB (IP-SUB (PP (P by)
					(NP (ONE on)
					    (PP (P of)
						(NP (PRO hem)
						    (QP (Q all))))))
				    (NP-SBJ (N+N mankynd))
				    (BED was)
				    (VAN lost))
			    (CONJP (CONJ and)
				   (IP-SUB (NP-SBJ (Q non)
						   (PP (P of)
						       (NP (PRO hem))))
					   (MD my+gthe)
					   (VB helpe)
					   (IP-INF (TO to)
						   (VB restore)
						   (NP-OB1 (PRO it))
						   (ADVP (ADV a+geyn)))))))
	  (, ,)
	  (NP-MSR (ADJP (ADVR so)
			(ADJ far-forth)
			(CP-CMP (WNP-2 0)
				(C +tat)
				(IP-SUB (NP-MSR *T*-2)
					(NP-SBJ (NP (Q all) (D +te) (NS elementes))
						(CONJP (CONJ and)
						       (NP (Q all)
							   (OTHER o+tur)
							   (NS beestes)
							   (CONJP (CONJ and)
								  (NX (NS briddes))))))
					(VBD semed)
					(LATIN (FW per) (FW prosopopeiam))
					(IP-INF (VB crie)
						(PP (P vppon)
						    (NP (D a) (N womman))))
					(, ,)
					(PP-PRN (P as)
						(CP-ADV (WNP-3 0)
							(C 0)
							(IP-SUB (NP-OB1 *T*-3)
								(NP-SBJ (NPR Petrus) (NPR Rauennas))
								(CODE <P_257>)
								(VBP ymagine+t)
								(, ,)
								(REF (LATIN (FW sermone) (FW Gregorii)))
								(, ,)
								(IP-PPL (VAG seynge)
									(ADVP (ADV +tus))
									(, ,)
									(" ")
									(QTP (LATIN (FW Redde) (FW depositum) (, ,) (FW mulier) (, ,) (FW redde) (FW depositum) (FW Dei) (FW quod) (FW in) (FW Paradiso) (FW perdidisti) (, ;) (FW redde) (FW ex) (FW te) (FW quod) (FW perdidisti) (FW per) (FW te)))))))))))
	  (. .)
	  (" "))
  (ID CMROYAL,257.307))
/*
FOOTER
  source file, hits/tokens/total
  C:\Users\Shoo\Dropbox\workspace\CorpusSearch_Auto\data\corporas\PPCME2\temp1492106398658\homilies_and_sermons\cmroyal.m34.psd	2/2/399
*/
/*
HEADER:
source file:  C:\Users\Shoo\Dropbox\workspace\CorpusSearch_Auto\data\corporas\PPCME2\temp1492106398658\homilies_and_sermons\cmsawles.m1.psd
*/
/*
FOOTER
  source file, hits/tokens/total
  C:\Users\Shoo\Dropbox\workspace\CorpusSearch_Auto\data\corporas\PPCME2\temp1492106398658\homilies_and_sermons\cmsawles.m1.psd	0/0/276
*/
/*
HEADER:
source file:  C:\Users\Shoo\Dropbox\workspace\CorpusSearch_Auto\data\corporas\PPCME2\temp1492106398658\homilies_and_sermons\cmtrinit.mx1.psd
*/

/~*
and +tus que+d. Uigilate quia nescitis diem neque horam. +tat is be+d wakiende.
and forlete+d gure synne. +tat ge ne ben ifunden on sunne. and swo forlorene.
(CMTRINIT,5.40)
*~/
/*
39 VAG:  39 VAG, 40 wakiende, 29 IP-MAT-PRN
*/

( (IP-MAT (CONJ and)
	  (NP-SBJ *con*)
	  (ADVP (ADV +tus))
	  (VBP que+d)
	  (, .)
	  (QTP (LATIN (FW Uigilate)
		      (FW quia)
		      (FW nescitis)
		      (FW diem)
		      (FW neque)
		      (FW horam)
		      (, .)
		      (IP-MAT-PRN (NP-SBJ (D +tat))
				  (BEP is)
				  (IP-IMP-SPE (IP-IMP-SPE (BEI be+d) (VAG wakiende))
					      (, .)
					      (CONJP (CONJ and)
						     (IP-IMP-SPE (VBI forlete+d)
								 (NP-OB1 (PRO$ gure) (NS synne))
								 (, .)
								 (CP-ADV-SPE (C +tat)
									     (IP-SUB-SPE (IP-SUB-SPE-1 (NP-SBJ (PRO ge))
												       (NEG ne)
												       (BEP ben)
												       (VAN ifunden)
												       (PP (P on)
													   (NP (N sunne))))
											 (, .)
											 (CONJP (CONJ and)
												(IP-SUB-SPE=1 (ADVP (ADV swo))
													      (VAN forlorene)))))))))))
	  (. .))
  (ID CMTRINIT,5.40))

/~*
and forlaten al +tat hem be+d unbiheue; alse +te wise clerc seide on his boc.
+tus que+dende. Si prodesse cupis tibi que sint commoda quere.
(CMTRINIT,9.82)
*~/
/*
67 VAG:  67 VAG, 68 que+dende, 31 PP-PRN
*/

( (IP-MAT (CONJ and)
	  (NP-SBJ *con*)
	  (VBP forlaten)
	  (NP-OB1 (Q al)
		  (CP-REL (WNP-1 0)
			  (C +tat)
			  (IP-SUB (NP-SBJ *T*-1)
				  (NP-2 (PRO hem))
				  (BEP be+d)
				  (ADJP (NP *ICH*-2)
					(ADJ unbiheue)))))
	  (, ;)
	  (PP-PRN (P alse)
		  (CP-ADV (WNP-3 0)
			  (C 0)
			  (IP-SUB (NP-OB1 *T*-3)
				  (NP-SBJ (D +te) (ADJ wise) (N clerc))
				  (VBD seide)
				  (PP (P on)
				      (CODE <P_9>)
				      (NP (PRO$ his) (N boc)))
				  (, .)
				  (IP-PPL (ADVP (ADV +tus))
					  (VAG que+dende)
					  (, .)
					  (QTP (LATIN (FW Si) (FW prodesse) (FW cupis) (FW tibi) (FW que) (FW sint) (FW commoda) (FW quere)))))))
	  (. .))
  (ID CMTRINIT,9.82))

/~*
we auen forgult ure saules wille si+de mid winter com hiderwardes and
ouercumen it. and don us in to helle wite; for ure mu+des mete on +tre wise.
on etinge to michel. on estmetes +te brede+d sinnes. and on ouerete; +te hem
fede+d and on untimliche ete; +te hem for+de+d. and on two wise on drinke
untimeliche; and on ouerdede.
(CMTRINIT,55.757)
*~/
/*
95 VAG:  95 VAG, 96 etinge, 90 PP-PRN
*/

( (IP-MAT (IP-MAT-1 (NP-SBJ (PRO we))
		    (HVP auen)
		    (VBN forgult)
		    (NP-OB1 (NP-POS (PRO$ ure) (N$ saules))
			    (N wille))
		    (PP (P si+de)
			(CP-ADV (C 0)
				(IP-SUB (NP-SBJ (N (N21 mid) (N22 winter)))
					(VBD com)
					(ADVP-DIR (ADV+WARD hiderwardes))))))
	  (CONJP (CONJ and)
		 (IP-MAT=1 (VBN ouercumen)
			   (NP-OB1 (PRO it))))
	  (, .)
	  (CONJP (CONJ and)
		 (IP-MAT=1 (DON don)
			   (NP-OB1 (PRO us))
			   (PP (RP in)
			       (P to)
			       (NP (NPR$ helle) (NS wite)))
			   (, ;)
			   (PP (P for)
			       (NP (NP-POS (PRO$ ure) (N$ mu+des))
				   (N mete)))
			   (PP (PP (P on)
				   (NP (NUM +tre)
				       (NS wise)
				       (, .)
				       (PP-PRN (PP (P on)
						   (IP-PPL (VAG etinge)
							   (NP-OB1 (QP (ADVR to) (Q michel))
								   (, .)
								   (PP (P on)
								       (NP (N+NS estmetes)
									   (CP-REL (WNP-2 0)
										   (C +te)
										   (IP-SUB (NP-SBJ *T*-2)
											   (VBP brede+d)
											   (NP-OB1 (NS sinnes)))))))))
					       (, .)
					       (CONJP (CONJ and)
						      (PP (P on)
							  (NP (N ouerete)
							      (, ;)
							      (CP-REL (WNP-3 0)
								      (C +te)
								      (IP-SUB (NP-SBJ *T*-3)
									      (NP-OB1 (PRO hem))
									      (VBP fede+d))))))
					       (CONJP (CONJ and)
						      (PP (P on)
							  (NP (ADJ untimliche)
							      (N ete)
							      (, ;)
							      (CP-REL (WNP-4 0)
								      (C +te)
								      (IP-SUB (NP-SBJ *T*-4)
									      (NP-OB1 (PRO hem))
									      (VBP for+de+d)))))))))
			       (, .)
			       (CONJP (CONJ and)
				      (PP (P on)
					  (NP (NUM two)
					      (NS wise)
					      (PP (P on)
						  (NP (N drinke)))
					      (NP-PRN (NP (ADJ untimeliche))
						      (, ;)
						      (CONJP (CONJ and)
							     (PP (P on)
								 (NP (N ouerdede)))))))))))
	  (. .))
  (ID CMTRINIT,55.757))

/~*
gif lichames lust o+der +tankes lust. te+d him to ani un+teau. and he nele ac
+tole+d and forbere+d. +teh hit bie his lichame queme. ac flite+d to-genes his
agen wille. alse +te wise bit +tus que+dinde. Sperne uoluptates nocet empta
dolore uoluptas. Shune lustliche wil. for +tat it dere+d swi+de and be+d
afterboht mid bitere sor. and +tus ouercume+d alle hise fon;
(CMTRINIT,81.1080)
*~/
/*
132 VAG:  132 VAG, 133 que+dinde, 110 PP-PRN
*/

( (IP-MAT (NP-SBJ *pro*)
	  (PP (P gif)
	      (CP-ADV (C 0)
		      (IP-SUB (IP-SUB (NP-SBJ (NP (N$ lichames) (N lust))
					      (CONJP (CONJ o+der)
						     (NP (N$ +tankes) (N lust))))
				      (, .)
				      (VBP te+d)
				      (NP-OB1 (PRO him))
				      (PP (P to)
					  (NP (Q ani) (N un+teau))))
			      (, .)
			      (CONJP (CONJ and)
				     (IP-SUB (IP-SUB (NP-SBJ (PRO he))
						     (NEG+VBP nele))
					     (CONJP (CONJ ac)
						    (IP-SUB (NP-SBJ *con*)
							    (VBP (VBP +tole+d) (CONJ and) (VBP forbere+d))
							    (, .)
							    (PP (P +teh)
								(CP-ADV (C 0)
									(IP-SUB (NP-SBJ (PRO hit))
										(BEP bie)
										(ADJP (NP (PRO$ his) (N lichame))
										      (ADJ queme)))))))
					     (, .)
					     (CONJP (CONJ ac)
						    (IP-SUB (NP-SBJ *con*)
							    (VBP flite+d)
							    (PP (P to-genes)
								(NP (PRO$ his) (ADJ agen) (N wille)))
							    (, .)
							    (PP-PRN (P alse)
								    (CP-ADV (WNP-1 0)
									    (C 0)
									    (IP-SUB (NP-OB1 *T*-1)
										    (NP-SBJ (D +te) (ADJ wise))
										    (VBP bit)
										    (IP-PPL (ADVP (ADV +tus))
											    (VAG que+dinde)
											    (, .)
											    (QTP (LATIN (FW Sperne)
													(FW uoluptates)
													(FW nocet)
													(FW empta)
													(FW dolore)
													(FW uoluptas)
													(, .)
													(IP-IMP-PRN-SPE (VBI Shune)
															(NP-OB1 (ADJ lustliche) (CODE <P_81>) (N wil))
															(, .)
															(PP (P for)
															    (CP-ADV-SPE (C +tat)
																	(IP-SUB-SPE (IP-SUB-SPE (NP-SBJ (PRO it))
																				(VBP dere+d)
																				(ADVP (ADV swi+de)))
																		    (CONJP (CONJ and)
																			   (IP-SUB-SPE (NP-SBJ *con*)
																				       (BEP be+d)
																				       (VAN afterboht)
																				       (PP (P mid)
																					   (NP (ADJ bitere) (N sor))))))))))))))))))))))
	  (, .)
	  (CONJ and)
	  (ADVP (ADV +tus))
	  (VBP ouercume+d)
	  (NP-OB1 (Q alle) (PRO$ hise) (NS fon))
	  (. ;))
  (ID CMTRINIT,81.1080))

/~*
and eft hit forleten. alse dide iudas scariot. and o+dre inoge. alse +te holie
godspel sei+d +tus que+dinde. Ex hoc multi abierunt retro. et iam cum illo non
ambulant.
(CMTRINIT,85.1133)
*~/
/*
71 VAG:  71 VAG, 72 que+dinde, 47 PP-PRN
*/

( (IP-MAT (CONJ and)
	  (NP-SBJ *con*)
	  (ADVP-TMP (ADV eft))
	  (NP-OB1 (PRO hit))
	  (VBP forleten)
	  (, .)
	  (PP (P alse)
	      (CP-ADV (WADVP-1 0)
		      (C 0)
		      (IP-SUB (ADVP *T*-1)
			      (DOD dide)
			      (NP-SBJ (NP (NPR iudas) (NPR scariot))
				      (, .)
				      (CONJP (CONJ and)
					     (NP (OTHERS o+dre) (ADJR inoge))))
			      (, .)
			      (PP-PRN (P alse)
				      (CP-ADV (WNP-2 0)
					      (C 0)
					      (IP-SUB (NP-OB1 *T*-2)
						      (NP-SBJ (D +te) (ADJ holie) (NPR godspel))
						      (VBP sei+d)
						      (IP-PPL (ADVP (ADV +tus))
							      (VAG que+dinde)
							      (, .)
							      (QTP (LATIN (FW Ex) (FW hoc) (FW multi) (FW abierunt) (FW retro) (, .) (FW et) (FW iam) (FW cum) (FW illo) (FW non) (FW ambulant))))))))))
	  (. .))
  (ID CMTRINIT,85.1133))

/~*
+De +tridde is +tat he stod among hise diciples. and bed hem fri+d alse seint
lucas sei+d on his godspelle +tus quedinde. $Stetit ihesus et cetera.
(CMTRINIT,101.1355)
*~/
/*
73 VAG:  73 VAG, 74 quedinde, 43 PP-PRN
*/

( (IP-MAT (NP-SBJ (D +De) (ADJ +tridde))
	  (BEP is)
	  (CP-THT (C +tat)
		  (IP-SUB (IP-SUB (NP-SBJ (PRO he))
				  (VBD stod)
				  (PP (P among)
				      (NP (PRO$ hise) (NS diciples))))
			  (, .)
			  (CONJP (CONJ and)
				 (IP-SUB (NP-SBJ *con*)
					 (VBD bed)
					 (NP-OB2 (PRO hem))
					 (NP-OB1 (N fri+d))
					 (PP-PRN (P alse)
						 (CP-ADV (WNP-1 0)
							 (C 0)
							 (IP-SUB (NP-OB1 *T*-1)
								 (NP-SBJ (NPR seint) (NPR lucas))
								 (VBP sei+d)
								 (PP (P on)
								     (NP (PRO$ his) (NPR godspelle)))
								 (IP-PPL (ADVP (ADV +tus))
									 (VAG quedinde)
									 (, .)
									 (QTP (LATIN (FW $Stetit) (FW ihesus) (FW et) (FW cetera)))))))))))
	  (. .))
  (ID CMTRINIT,101.1355))

/~*
Eft-sone ure helende aros alse sunne. +to +te ure lafdi Seinte Marie hin
kennede of hire clene mei+dhode. alse +te holi minster boc sei+d. to +te
heuenliche quen +tus que+dinde. Ex te ortus est sol iusticie christus dominus
noster.
(CMTRINIT,109.1476)
*~/
/*
92 VAG:  92 VAG, 93 que+dinde, 54 PP-PRN
*/

( (IP-MAT (ADVP (ADV Eft-sone))
	  (NP-SBJ (PRO$ ure) (NPR helende))
	  (VBD aros)
	  (PP (P alse)
	      (NP (N sunne)))
	  (, .)
	  (PP (P +to)
	      (CP-ADV (C +te)
		      (IP-SUB (NP-SBJ (PRO$ ure)
				      (NPR lafdi)
				      (NP-PRN (NPR Seinte) (NPR Marie)))
			      (NP-OB1 (PRO hin))
			      (VBD kennede)
			      (PP (P of)
				  (NP (PRO$ hire) (ADJ clene) (N mei+dhode)))
			      (, .)
			      (PP-PRN (P alse)
				      (CP-ADV (WNP-1 0)
					      (C 0)
					      (IP-SUB (NP-OB1 *T*-1)
						      (NP-SBJ (D +te) (ADJ holi) (N minster) (N boc))
						      (VBP sei+d)
						      (, .)
						      (PP (P to)
							  (NP (D +te) (ADJ heuenliche) (N quen)))
						      (IP-PPL (ADVP (ADV +tus))
							      (VAG que+dinde)
							      (, .)
							      (QTP (LATIN (FW Ex) (FW te) (FW ortus) (FW est) (FW sol) (FW iusticie) (FW christus) (FW dominus) (FW noster))))))))))
	  (. .))
  (ID CMTRINIT,109.1476))

/~*
and +tarfore heuede si+den up +tat heued. alse seint ambrosie sei+d +tus
que+dinde. Recursus ad sedem dei.
(CMTRINIT,111.1509)
*~/
/*
45 VAG:  45 VAG, 46 que+dinde, 23 PP-PRN
*/

( (IP-MAT (CONJ and)
	  (NP-SBJ *con*)
	  (PP (ADV+P +tarfore))
	  (VBD heuede)
	  (ADVP-TMP (ADV si+den))
	  (RP up)
	  (NP-OB1 (D +tat) (N heued))
	  (, .)
	  (PP-PRN (P alse)
		  (CP-ADV (WNP-1 0)
			  (C 0)
			  (IP-SUB (NP-OB1 *T*-1)
				  (NP-SBJ (NPR seint) (NPR ambrosie))
				  (VBP sei+d)
				  (IP-PPL (ADVP (ADV +tus))
					  (VAG que+dinde)
					  (, .)
					  (QTP (LATIN (FW Recursus) (FW ad) (FW sedem) (FW dei)))))))
	  (. .))
  (ID CMTRINIT,111.1509))

/~*
+Des fower kinnes teares. +te ich haue here seid. ben +te fower wateres +te we
shulen us one wasshen. alse ure drihten us bad. bi ysayas +te prophete +tus
que+dinde. wasshe+d giu;
(CMTRINIT,151.2028)
*~/
/*
106 VAG:  106 VAG, 107 que+dinde, 68 PP-PRN
*/

( (IP-MAT (NP-SBJ (NP-COM (D +Des) (NUM fower) (CODE <P_151>) (N$ kinnes))
		  (NS teares)
		  (, .)
		  (CP-REL (WNP-1 0)
			  (C +te)
			  (IP-SUB (NP-OB1 *T*-1)
				  (NP-SBJ (PRO ich))
				  (HVP haue)
				  (ADVP-LOC (ADV here))
				  (VBN seid))))
	  (, .)
	  (BEP ben)
	  (NP-OB1 (D +te)
		  (NUM fower)
		  (NS wateres)
		  (CP-REL (WNP-2 0)
			  (C +te)
			  (IP-SUB (NP-SBJ (PRO we))
				  (MD shulen)
				  (NP-OB1 (PRO us))
				  (PP (P one)
				      (NP *T*-2))
				  (VB wasshen)
				  (, .)
				  (PP-PRN (P alse)
					  (CP-ADV (WNP-3 0)
						  (C 0)
						  (IP-SUB (NP-OB1 *T*-3)
							  (NP-SBJ (PRO$ ure) (NPR drihten))
							  (NP-OB2 (PRO us))
							  (VBD bad)
							  (, .)
							  (PP (P bi)
							      (NP (NPR ysayas)
								  (NP-PRN (D +te) (N prophete))))
							  (IP-PPL (ADVP (ADV +tus))
								  (VAG que+dinde)
								  (, .)
								  (IP-IMP-SPE (VBI wasshe+d)
									      (NP-OB1 (PRO giu))))))))))
	  (. ;))
  (ID CMTRINIT,151.2028))

/~*
+te blostmes +te shal eft mowen; ben. Lux perpetua. Salus eterna. Letitia
sempiterna. +tat is ilestende liht. and endelese hele. and eche blisse mid
angles in heueneriche.
(CMTRINIT,151.2044)
*~/
/*
56 VAG:  56 VAG, 57 ilestende, 48 IP-MAT-PRN
*/

( (IP-MAT (NP-SBJ (D +te)
		  (NS blostmes)
		  (CP-REL (WNP-1 0)
			  (C +te)
			  (IP-SUB (NP-SBJ *T*-1)
				  (MD shal)
				  (ADVP-TMP (ADV eft))
				  (VB mowen))))
	  (, ;)
	  (BEP ben)
	  (, .)
	  (NP-OB1 (LATIN (FW Lux)
			 (FW perpetua)
			 (, .)
			 (FW Salus)
			 (FW eterna)
			 (, .)
			 (FW Letitia)
			 (FW sempiterna)
			 (, .)
			 (IP-MAT-PRN (NP-SBJ (D +tat))
				     (BEP is)
				     (NP-OB1 (NP (VAG ilestende) (N liht))
					     (, .)
					     (CONJP (CONJ and)
						    (NP (ADJ endelese) (N hele)))
					     (, .)
					     (CONJP (CONJ and)
						    (NP (ADJ eche) (N blisse)))
					     (PP (P mid)
						 (NP (NS angles)))
					     (PP (P in)
						 (NP (NPR$+N heueneriche)))))))
	  (. .))
  (ID CMTRINIT,151.2044))

/~*
and bitocne+d +te abroidene bureh +tat is in swo warliche stede; +tat noht ne
mai +ter inne bileue. +tat muge ani wile ileste. +tat is +tis wrecche woreld.
+tat eure is wagiende noht fro stede to stede; ac fro time to time.
(CMTRINIT,175.2388)
*~/
/*
110 VAG:  110 VAG, 111 wagiende, 82 IP-MAT-PRN
*/

( (IP-MAT (CONJ and)
	  (NP-SBJ *con*)
	  (VBP bitocne+d)
	  (NP-OB1 (D +te)
		  (VAN abroidene)
		  (N bureh)
		  (CP-REL (WNP-1 0)
			  (C +tat)
			  (IP-SUB (NP-SBJ *T*-1)
				  (BEP is)
				  (PP (P in)
				      (NP (ADJP (ADVR swo)
						(ADJ warliche)
						(CP-DEG *ICH*-2))
					  (N stede)
					  (, ;)
					  (CP-DEG-2 (C +tat)
						    (IP-SUB (NP-SBJ (Q noht)
								    (CP-REL *ICH*-3))
							    (NEG ne)
							    (MD mai)
							    (PP (ADVP (ADV +ter))
								(P inne))
							    (VB bileue)
							    (, .)
							    (CP-REL-3 (WNP-4 0)
								      (C +tat)
								      (IP-SUB (NP-SBJ *T*-4)
									      (MD muge)
									      (NP-MSR (Q ani) (N wile))
									      (VB ileste)))))))))
		  (, .)
		  (IP-MAT-PRN (NP-SBJ (D +tat))
			      (BEP is)
			      (NP-OB1 (D +tis)
				      (ADJ wrecche)
				      (N woreld)
				      (, .)
				      (CP-REL (WNP-5 0)
					      (C +tat)
					      (IP-SUB (NP-SBJ *T*-5)
						      (ADVP-TMP (ADV eure))
						      (BEP is)
						      (VAG wagiende)
						      (PP (PP (NEG noht)
							      (PP (P fro)
								  (NP (N stede)))
							      (PP (P to)
								  (NP (N stede))))
							  (, ;)
							  (CONJP (CONJ ac)
								 (PP (PP (P fro)
									 (NP (N time)))
								     (PP (P to)
									 (NP (N time)))))))))))
	  (. .))
  (ID CMTRINIT,175.2388))
/*
FOOTER
  source file, hits/tokens/total
  C:\Users\Shoo\Dropbox\workspace\CorpusSearch_Auto\data\corporas\PPCME2\temp1492106398658\homilies_and_sermons\cmtrinit.mx1.psd	11/11/3074
*/
/*
HEADER:
source file:  C:\Users\Shoo\Dropbox\workspace\CorpusSearch_Auto\data\corporas\PPCME2\temp1492106398658\homilies_and_sermons\cmwycser.m3.psd
*/

/~*
But as me +tinki+t hit is betture and more sewynge +tis gospel to seye +tat
Iohn graunti+t hym not wor+ti to lowse +te ordre of Crist, by wyche Crist
hadde ordeynet to be patrown of cristen men,
(CMWYCSER,343.2086)
*~/
/*
34 VAG:  34 VAG, 35 sewynge, 28 IP-MAT-PRN=1
*/

( (IP-MAT-1 (CONJ But)
	    (PP-PRN (P as)
		    (CP-ADV (WNP-2 0)
			    (C 0)
			    (IP-SUB (NP-SBJ *T*-2)
				    (NP-OB2 (PRO me))
				    (VBP +tinki+t))))
	    (NP-SBJ-3 (PRO hit))
	    (BEP is)
	    (ADJP (ADJR betture))
	    (IP-MAT-PRN=1 (CONJ and)
			  (NP-MSR (QR more))
			  (VAG sewynge)
			  (NP-OB1 (D +tis) (N gospel)))
	    (IP-INF-3 (TO to)
		      (VB seye)
		      (CP-THT (C +tat)
			      (IP-SUB (NP-SBJ (NPR Iohn))
				      (VBP graunti+t)
				      (NP-OB1 (PRO hym))
				      (ADJP (NEG not)
					    (ADJ wor+ti)
					    (IP-INF (TO to)
						    (VB lowse)
						    (NP-OB1 (D +te)
							    (N ordre)
							    (PP (P of)
								(NP (NPR Crist)))
							    (, ,)
							    (CP-REL (WPP-4 (P by)
									   (WNP (WPRO wyche)))
								    (C 0)
								    (IP-SUB (PP *T*-4)
									    (NP-SBJ (NPR Crist))
									    (HVD hadde)
									    (VBN ordeynet)
									    (IP-INF (TO to)
										    (BE be)
										    (NP-OB1 (N patrown)
											    (PP (P of)
												(NP (ADJ cristen) (NS men)))))))))))))
	    (. ,))
  (ID CMWYCSER,343.2086))

/~*
No drede +tat ne Crist kepte good ordre in his doyng, furst heryng and aftyr
axyng wordys of +te lawe.
(CMWYCSER,356.2304)
*~/
/*
44 VAG:  44 VAG, 45 axyng, 38 IP-PPL-PRN
*/

( (NP (Q No)
      (N drede)
      (CP-THT (C +tat)
	      (IP-SUB (NEG ne)
		      (NP-SBJ (NPR Crist))
		      (VBD kepte)
		      (NP-OB1 (ADJ good) (N ordre))
		      (PP (P in)
			  (NP (PRO$ his) (N doyng)))
		      (, ,)
		      (IP-PPL (ADVP-TMP (ADV furst))
			      (VAG heryng)
			      (IP-PPL-PRN (CONJ and)
					  (ADVP-TMP (ADV aftyr))
					  (VAG axyng))
			      (NP-OB1 (NS wordys)
				      (PP (P of)
					  (NP (D +te) (N lawe)))))))
      (. .))
  (ID CMWYCSER,356.2304))
/*
FOOTER
  source file, hits/tokens/total
  C:\Users\Shoo\Dropbox\workspace\CorpusSearch_Auto\data\corporas\PPCME2\temp1492106398658\homilies_and_sermons\cmwycser.m3.psd	2/2/3911
*/
/*
SUMMARY:  
source files, hits/tokens/total
  C:\Users\Shoo\Dropbox\workspace\CorpusSearch_Auto\data\corporas\PPCME2\temp1492106398658\homilies_and_sermons\cmcapser.m4.psd	0/0/91
  C:\Users\Shoo\Dropbox\workspace\CorpusSearch_Auto\data\corporas\PPCME2\temp1492106398658\homilies_and_sermons\cmfitzja.m4.psd	2/2/228
  C:\Users\Shoo\Dropbox\workspace\CorpusSearch_Auto\data\corporas\PPCME2\temp1492106398658\homilies_and_sermons\cmgaytry.m34.psd	1/1/199
  C:\Users\Shoo\Dropbox\workspace\CorpusSearch_Auto\data\corporas\PPCME2\temp1492106398658\homilies_and_sermons\cminnoce.m4.psd	1/1/208
  C:\Users\Shoo\Dropbox\workspace\CorpusSearch_Auto\data\corporas\PPCME2\temp1492106398658\homilies_and_sermons\cmkentho.m1.psd	0/0/298
  C:\Users\Shoo\Dropbox\workspace\CorpusSearch_Auto\data\corporas\PPCME2\temp1492106398658\homilies_and_sermons\cmkentse.m2.psd	0/0/231
  C:\Users\Shoo\Dropbox\workspace\CorpusSearch_Auto\data\corporas\PPCME2\temp1492106398658\homilies_and_sermons\cmlamb1.m1.psd	0/0/526
  C:\Users\Shoo\Dropbox\workspace\CorpusSearch_Auto\data\corporas\PPCME2\temp1492106398658\homilies_and_sermons\cmlambx1.mx1.psd	3/3/1410
  C:\Users\Shoo\Dropbox\workspace\CorpusSearch_Auto\data\corporas\PPCME2\temp1492106398658\homilies_and_sermons\cmmirk.m34.psd	13/10/3708
  C:\Users\Shoo\Dropbox\workspace\CorpusSearch_Auto\data\corporas\PPCME2\temp1492106398658\homilies_and_sermons\cmorm.m1.psd	0/0/2638
  C:\Users\Shoo\Dropbox\workspace\CorpusSearch_Auto\data\corporas\PPCME2\temp1492106398658\homilies_and_sermons\cmroyal.m34.psd	2/2/399
  C:\Users\Shoo\Dropbox\workspace\CorpusSearch_Auto\data\corporas\PPCME2\temp1492106398658\homilies_and_sermons\cmsawles.m1.psd	0/0/276
  C:\Users\Shoo\Dropbox\workspace\CorpusSearch_Auto\data\corporas\PPCME2\temp1492106398658\homilies_and_sermons\cmtrinit.mx1.psd	11/11/3074
  C:\Users\Shoo\Dropbox\workspace\CorpusSearch_Auto\data\corporas\PPCME2\temp1492106398658\homilies_and_sermons\cmwycser.m3.psd	2/2/3911
whole search, hits/tokens/total
		35/32/17197
*/
