/*
PREFACE:  
Copyright 2010 Beth Randall
Date:  Thu Apr 13 18:55:08 BST 2017

command file:     data\searches\queries\PENN\stranded_prepositions.q
output file:      C:\Users\Shoo\Dropbox\workspace\CorpusSearch_Auto\data\output\13-04-2017 18.46.36.333 PPCEME\stranded_prepositions\travelogue\result.out

node:   *|P
query:  (P Dominates  !P) 
  AND  (* iDomsLast  P) 
*/
/*
HEADER:
source file:  C:\Users\Shoo\Dropbox\workspace\CorpusSearch_Auto\data\corporas\PPCEME\temp1492105854173\travelogue\chaplain-e1-p2.psd
*/

/~*
and a lytell aboue Ferare the Poo departeth into two part~, that oon parte
gothe to Ferare and so into the see at, and the other parte to Padow.
(CHAPLAIN-E1-P2,6.58)
*~/
/*
68 P:  68 P, 69 at, 67 PP
*/
( (IP-MAT (CONJ and)
	  (ADJP-LOC (NP-MSR (D a) (ADJ lytell))
		    (PP (P aboue)
			(NP (NPR Ferare))))
	  (NP-SBJ (D the) (NPR Poo))
	  (VBP departeth)
	  (PP (P into)
	      (NP (NUM two) (NS part~)))
	  (, ,)
	  (CP-ADV (C that)
		  (IP-SUB (IP-SUB-1 (IP-SUB-2 (NP-SBJ (ONE oon) (N parte))
					      (VBP gothe)
					      (PP (P to)
						  (NP (NPR Ferare))))
				    (CONJP (CONJ and)
					   (IP-SUB=2 (ADVP (ADV so))
						     (PP (P into)
							 (NP (D the) (N see)))
						     (PP (P at)
							 (CODE {COM:blank_in_text})))))
			  (, ,)
			  (CONJP (CONJ and)
				 (IP-SUB=1 (NP-SBJ (D the) (OTHER other) (N parte))
					   (PP (P to)
					       (NP (NPR Padow)))))))
	  (. .))
  (ID CHAPLAIN-E1-P2,6.58))

/~*
There was the same daye a solempne processyon, where at were borne many
relyques, and the noumbre of doctoures of Cyuyle and physyk was grete
excedyngly.
(CHAPLAIN-E1-P2,6.66)
*~/
/*
27 P:  27 P, 28 at, 24 WPP-2
*/

( (IP-MAT (NP-SBJ-1 (EX There))
	  (BED was)
	  (NP-TMP (D the) (ADJ same) (N daye))
	  (NP-1 (D a)
		(ADJ solempne)
		(N processyon)
		(, ,)
		(CP-REL (WPP-2 (WADV where) (P at))
			(C 0)
			(IP-SUB (IP-SUB (PP *T*-2)
					(NP-SBJ-3 *exp*)
					(BED were)
					(VAN borne)
					(NP-3 (Q many) (NS relyques)))
				(, ,)
				(CONJP (CONJ and)
				       (IP-SUB (PP *T*-2)
					       (NP-SBJ (D the)
						       (N noumbre)
						       (PP (P of)
							   (NP (NS doctoures)
							       (PP (P of)
								   (NP (N Cyuyle) (CONJ and) (N physyk))))))
					       (BED was)
					       (ADJP (ADJ grete) (ADV excedyngly)))))))
	  (. .))
  (ID CHAPLAIN-E1-P2,6.66))

/~*
And vndoubted the sayde Corfona is the key, entre, and holde for the suertye
of the sayde Venycyans galyes and shyppes, and countre, aboue and before any
other that they haue in those partyes.
(CHAPLAIN-E1-P2,11.166)
*~/
/*
78 P:  78 P, 79 before, 73 P
*/

( (IP-MAT (CONJ And)
	  (ADVP (ADV vndoubted))
	  (NP-SBJ (D the) (VAN sayde) (NPR Corfona))
	  (BEP is)
	  (NP-OB1 (D the)
		  (N key)
		  (, ,)
		  (CONJP (NX (N entre)))
		  (, ,)
		  (CONJP (CONJ and)
			 (NX (N holde)))
		  (PP (P for)
		      (NP (D the)
			  (N suertye)
			  (PP (P of)
			      (NP (NP-POS (D the) (VAN sayde) (NPRS$ Venycyans))
				  (NS galyes)
				  (CONJP (CONJ and)
					 (NX (NS shyppes)))
				  (, ,)
				  (CONJP (CONJ and)
					 (NX (N countre)))))))
		  (, ,)
		  (PP (P (P aboue) (CONJ and) (P before))
		      (NP (Q any)
			  (OTHER other)
			  (CP-REL (WNP-1 0)
				  (C that)
				  (IP-SUB (NP-OB1 *T*-1)
					  (NP-SBJ (PRO they))
					  (HVP haue)
					  (PP (P in)
					      (NP (D those) (NS partyes))))))))
	  (. .))
  (ID CHAPLAIN-E1-P2,11.166))
/*
FOOTER
  source file, hits/tokens/total
  C:\Users\Shoo\Dropbox\workspace\CorpusSearch_Auto\data\corporas\PPCEME\temp1492105854173\travelogue\chaplain-e1-p2.psd	3/3/321
*/
/*
HEADER:
source file:  C:\Users\Shoo\Dropbox\workspace\CorpusSearch_Auto\data\corporas\PPCEME\temp1492105854173\travelogue\coverte-e2-h.psd
*/
/*
FOOTER
  source file, hits/tokens/total
  C:\Users\Shoo\Dropbox\workspace\CorpusSearch_Auto\data\corporas\PPCEME\temp1492105854173\travelogue\coverte-e2-h.psd	0/0/320
*/
/*
HEADER:
source file:  C:\Users\Shoo\Dropbox\workspace\CorpusSearch_Auto\data\corporas\PPCEME\temp1492105854173\travelogue\coverte-e2-p1.psd
*/

/~*
For before our ariuall in the road, there was a rumor of twelue saile of
Flemmings that were co~ming that way, to no good intent as the Spaniards
afterward told vs to be some of those Flemmings that had ouerrunne the rest,
where upon they sent vp into the Countrey for one hundred and forty horse and
foot or more, for their defence and safegard if neede should be
(COVERTE-E2-P1,2.14)
*~/
/*
154 P:  154 P, 155 upon, 151 WPP-5
*/

( (IP-MAT (CONJ For)
	  (PP (P before)
	      (NP (PRO$ our)
		  (N ariuall)
		  (PP (P in)
		      (NP (D the) (N road)))))
	  (, ,)
	  (NP-SBJ-1 (EX there))
	  (BED was)
	  (NP-1 (D a)
		(N rumor)
		(PP (P of)
		    (IP-INF (NP-SBJ (NUM twelue)
				    (NS saile)
				    (PP (P of)
					(CODE <font>)
					(NP (NPRS Flemmings)
					    (CODE <$$font>)
					    (CP-REL (WNP-2 0)
						    (C that)
						    (IP-SUB (NP-SBJ *T*-2)
							    (BED were)
							    (VAG co~ming)
							    (NP-DIR (D that) (N way))
							    (, ,)
							    (PP (P to)
								(NP (Q no) (ADJ good) (N intent)))
							    (CODE <paren>)
							    (PP-PRN (P as)
								    (CP-ADV (WNP-3 0)
									    (C 0)
									    (IP-SUB (NP-OB1 *T*-3)
										    (NP-SBJ (D the) (CODE <font>) (NPRS Spaniards) (CODE <$$font>))
										    (ADVP-TMP (ADV+WARD afterward))
										    (VBD told)
										    (NP-OB2 (PRO vs)))))
							    (CODE <$$paren>))))))
			    (TO to)
			    (BE be)
			    (NP-OB1 (Q some)
				    (PP (P of)
					(NP (D those)
					    (CODE <font>)
					    (NPRS Flemmings)
					    (CODE <$$font>)
					    (CP-REL (WNP-4 0)
						    (C that)
						    (IP-SUB (NP-SBJ *T*-4)
							    (HVD had)
							    (VBN ouerrunne)
							    (NP-OB1 (D the)
								    (N rest)
								    (, ,)
								    (CP-REL (WPP-5 (WADV where) (P upon))
									    (C 0)
									    (IP-SUB (PP *T*-5)
										    (NP-SBJ (PRO they))
										    (VBD sent)
										    (PP (RP vp)
											(P into)
											(NP (D the) (N Countrey)))
										    (PP (P for)
											(NP (NP (NUMP (ONE one) (NUM hundred) (CONJ and) (NUM forty))
												(N horse)
												(CONJP (CONJ and)
												       (NX (N foot))))
											    (CONJP (CONJ or)
												   (NP (QR more)))))
										    (, ,)
										    (PP (P for)
											(NP (PRO$ their)
											    (N defence)
											    (CONJP (CONJ and)
												   (NX (ADJ+N safegard)))))
										    (CODE <paren>)
										    (PP-PRN (P if)
											    (CP-ADV (C 0)
												    (IP-SUB (NP-SBJ (N neede))
													    (MD should)
													    (BE be))))
										    (CODE <$$paren>)))))))))))))
  (ID COVERTE-E2-P1,2.14))
/*
FOOTER
  source file, hits/tokens/total
  C:\Users\Shoo\Dropbox\workspace\CorpusSearch_Auto\data\corporas\PPCEME\temp1492105854173\travelogue\coverte-e2-p1.psd	1/1/326
*/
/*
HEADER:
source file:  C:\Users\Shoo\Dropbox\workspace\CorpusSearch_Auto\data\corporas\PPCEME\temp1492105854173\travelogue\coverte-e2-p2.psd
*/

/~*
The fourteenth day we went some fourteene course ouer
(COVERTE-E2-P2,48.216)
*~/
/*
22 P:  22 P, 23 ouer, 21 PP
*/

( (IP-MAT (NP-TMP (D The) (ADJ fourteenth) (N day))
	  (NP-SBJ (PRO we))
	  (VBD went)
	  (NP-MSR (Q some) (ADJ fourteene) (N course))
	  (PP (P ouer)
	      (CODE {COM:rest_of_sentence_missing})))
  (ID COVERTE-E2-P2,48.216))
/*
FOOTER
  source file, hits/tokens/total
  C:\Users\Shoo\Dropbox\workspace\CorpusSearch_Auto\data\corporas\PPCEME\temp1492105854173\travelogue\coverte-e2-p2.psd	1/1/355
*/
/*
HEADER:
source file:  C:\Users\Shoo\Dropbox\workspace\CorpusSearch_Auto\data\corporas\PPCEME\temp1492105854173\travelogue\fiennes-e3-h.psd
*/
/*
FOOTER
  source file, hits/tokens/total
  C:\Users\Shoo\Dropbox\workspace\CorpusSearch_Auto\data\corporas\PPCEME\temp1492105854173\travelogue\fiennes-e3-h.psd	0/0/347
*/
/*
HEADER:
source file:  C:\Users\Shoo\Dropbox\workspace\CorpusSearch_Auto\data\corporas\PPCEME\temp1492105854173\travelogue\fiennes-e3-p1.psd
*/

/~*
and a verge all down before and round the neck with the figures of the
apostles done in embroydery as it were,
(FIENNES-E3-P1,157.68)
*~/
/*
19 P:  19 P, 20 round, 14 P
*/

( (CONJP (CONJ and)
	 (NP (D a)
	     (N verge)
	     (Q all)
	     (RP down)
	     (PP (P (P before) (CONJ and) (P round))
		 (NP (D the) (N neck)))
	     (PP (P with)
		 (NP (D the)
		     (NS figures)
		     (PP (P of)
			 (NP (D the) (NPRS apostles)))
		     (RRC (DAN done)
			  (PP (P in)
			      (NP (N embroydery)))
			  (PP-PRN (P as)
				  (CP-ADV (C 0)
					  (IP-SUB (NP-SBJ (PRO it))
						  (BED were))))))))
	 (. ,))
  (ID FIENNES-E3-P1,157.68))
/*
FOOTER
  source file, hits/tokens/total
  C:\Users\Shoo\Dropbox\workspace\CorpusSearch_Auto\data\corporas\PPCEME\temp1492105854173\travelogue\fiennes-e3-p1.psd	1/1/367
*/
/*
HEADER:
source file:  C:\Users\Shoo\Dropbox\workspace\CorpusSearch_Auto\data\corporas\PPCEME\temp1492105854173\travelogue\fiennes-e3-p2.psd
*/

/~*
and so to the parke beyond;
(FIENNES-E3-P2,170.43)
*~/
/*
16 P:  16 P, 17 beyond, 15 PP
*/

( (FRAG (CONJ and)
	(ADVP (ADV so))
	(PP (P to)
	    (NP (D the)
		(N parke)
		(PP (P beyond))))
	(. ;))
  (ID FIENNES-E3-P2,170.43))

/~*
there was a good dineing roome above;
(FIENNES-E3-P2,171.61)
*~/
/*
17 P:  17 P, 18 above, 16 ADVP-LOC
*/

( (IP-MAT (NP-SBJ-1 (EX there))
	  (BED was)
	  (NP-1 (D a) (ADJ good) (N dineing) (N roome))
	  (ADVP-LOC (P above))
	  (. ;))
  (ID FIENNES-E3-P2,171.61))

/~*
and is made up and down steps under which are ware houses;
(FIENNES-E3-P2,178.252)
*~/
/*
16 P:  16 P, 17 down, 11 P
*/

( (IP-MAT (CONJ and)
	  (NP-SBJ *con*)
	  (BEP is)
	  (VAN made)
	  (PP (P (P up) (CONJ and) (P down))
	      (NP (NS steps)
		  (CP-REL (WPP-1 (P under)
				 (WNP (WPRO which)))
			  (C 0)
			  (IP-SUB (PP *T*-1)
				  (NP-SBJ-2 *exp*)
				  (BEP are)
				  (NP-2 (N ware) (NS houses))))))
	  (. ;))
  (ID FIENNES-E3-P2,178.252))
/*
FOOTER
  source file, hits/tokens/total
  C:\Users\Shoo\Dropbox\workspace\CorpusSearch_Auto\data\corporas\PPCEME\temp1492105854173\travelogue\fiennes-e3-p2.psd	3/3/361
*/
/*
HEADER:
source file:  C:\Users\Shoo\Dropbox\workspace\CorpusSearch_Auto\data\corporas\PPCEME\temp1492105854173\travelogue\fryer-e3-h.psd
*/

/~*
Here, not adjoining to any Town, in a sweet Air, stood a Magnificent Rural
Church; in the way to which, and indeed all up and down this Island, are
pleasant Aldeas, or Country Seats of the Gentry; where they live like
Petty-Monarchs, all that is born on the Ground being theirs, holding them in a
perfect state Villainage, they being Lords Paramount.
(FRYER-E3-H,I,185.26)
*~/
/*
79 P:  79 P, 80 down, 74 P
*/

( (IP-MAT (ADVP-LOC (ADV Here))
	  (, ,)
	  (IP-PPL (NEG not)
		  (VAG adjoining)
		  (PP (P to)
		      (NP (Q any) (N Town))))
	  (, ,)
	  (PP (P in)
	      (NP (D a) (ADJ sweet) (N Air)))
	  (, ,)
	  (VBD stood)
	  (NP-SBJ (D a)
		  (ADJ Magnificent)
		  (ADJ Rural)
		  (N Church)
		  (, ;)
		  (CP-REL (WPP-1 (WPP (P in)
				      (WNP (D the)
					   (N way)
					   (WPP (P to)
						(WNP (WPRO which)))))
				 (, ,)
				 (CONJP (CONJ and)
					(PP (P+N indeed))
					(PP (Q all)
					    (P (P up) (CONJ and) (P down))
					    (NP (D this) (N Island)))))
			  (C 0)
			  (, ,)
			  (IP-SUB (PP *T*-1)
				  (NP-SBJ-2 *exp*)
				  (BEP are)
				  (NP-2 (NP (ADJ pleasant) (CODE <font>) (NS Aldeas))
					(CODE <$$font>)
					(, ,)
					(CONJP (CONJ or)
					       (NP (N Country) (NS Seats)))
					(PP (P of)
					    (NP (D the) (N Gentry)))
					(, ;)
					(CP-REL (WADVP-3 (WADV where))
						(C 0)
						(IP-SUB (ADVP-LOC *T*-3)
							(NP-SBJ (PRO they))
							(VBP live)
							(ADJP-SPR (ADJ like)
								  (NP (ADJ+NS Petty-Monarchs)))
							(, ,)
							(IP-PPL-ABS (NP-SBJ (Q all)
									    (CP-REL (WNP-4 0)
										    (C that)
										    (IP-SUB (NP-SBJ *T*-4)
											    (BEP is)
											    (VAN born)
											    (PP (P on)
												(NP (D the) (N Ground))))))
								    (BAG being)
								    (NP-OB1 (PRO$ theirs)))
							(, ,)
							(IP-PPL (VAG holding)
								(NP-OB1 (PRO them))
								(PP (P in)
								    (NP (D a) (ADJ perfect) (N state) (N Villainage))))
							(, ,)
							(IP-PPL-ABS (NP-SBJ (PRO they))
								    (BAG being)
								    (NP-OB1 (NS Lords)
									    (ADJP (ADJ Paramount))))))))))
	  (. .))
  (ID FRYER-E3-H,I,185.26))
/*
FOOTER
  source file, hits/tokens/total
  C:\Users\Shoo\Dropbox\workspace\CorpusSearch_Auto\data\corporas\PPCEME\temp1492105854173\travelogue\fryer-e3-h.psd	1/1/231
*/
/*
HEADER:
source file:  C:\Users\Shoo\Dropbox\workspace\CorpusSearch_Auto\data\corporas\PPCEME\temp1492105854173\travelogue\fryer-e3-p1.psd
*/

/~*
and the Toddy-Trees ferment their Wine over the Vessels, the Prodromi of the
ensuing Rains; which make their first shew at the first Full Moon in May, and
continue a Fortnight, in which space it is unhealthy; till after a Fortnight's
fair Weather they set in for altogether.
(FRYER-E3-P1,1,195.17)
*~/
/*
134 P:  134 P, 135 till, 133 PP
*/

( (IP-MAT (CONJ and)
	  (NP-SBJ (D the) (CODE <font>) (N+NS Toddy-Trees) (CODE <$$font>))
	  (VBP ferment)
	  (NP-OB1 (PRO$ their) (N Wine))
	  (PP (P over)
	      (NP (D the)
		  (NS Vessels)
		  (, ,)
		  (NP-PRN (D the)
			  (CODE <font>)
			  (FW Prodromi)
			  (CODE <$$font>)
			  (PP (P of)
			      (NP (D the)
				  (VAG ensuing)
				  (NS Rains)
				  (, ;)
				  (CP-REL (WNP-1 (WPRO which))
					  (C 0)
					  (IP-SUB (IP-SUB (NP-SBJ *T*-1)
							  (VBP make)
							  (NP-OB1 (PRO$ their) (ADJ first) (N shew))
							  (PP (P at)
							      (NP (D the) (ADJ first) (ADJ Full) (N Moon)))
							  (PP (P in)
							      (NP (CODE <font>) (NPR May) (CODE <$$font>))))
						  (, ,)
						  (CONJP (CONJ and)
							 (IP-SUB (NP-SBJ *T*-1)
								 (VBP continue)
								 (NP-MSR (D a) (N Fortnight))))
						  (, ,)
						  (CP-CAR (WPP-2 (P in)
								 (WNP (WD which) (N space)))
							  (C 0)
							  (IP-SUB (PP *T*-2)
								  (NP-SBJ (PRO it))
								  (BEP is)
								  (ADJP (ADJ unhealthy))
								  (, ;)
								  (PP (P till))
								  (CP-ADV (C 0)
									  (IP-SUB (PP (P after)
										      (NP (NP-POS (D a) (N$ Fortnight's))
											  (ADJ fair)
											  (N Weather)))
										  (NP-SBJ (PRO they))
										  (VBP set)
										  (RP in)
										  (PP (P for)
										      (ADVP (ADV altogether))))))))))))))
	  (. .))
  (ID FRYER-E3-P1,1,195.17))

/~*
The Subidar of this Town being a Person of Quality, who commands the Countries
opposite to Bombaim, as Magatan, Penn, and Tull, he thought good to give him a
Visit, and to present him with a couple of Pamerins; and the rather, because
he understood by the Linguist Naran Sinaij, he had some Aversion to our Nation,
and might hinder our Proceedings at Court; from which he was willing to take
him off by all fair means:
(FRYER-E3-P1,1,199.49)
*~/
/*
58 P:  58 P, 59 to, 57 PP
*/

( (IP-MAT (IP-MAT-1 (IP-PPL-ABS (NP-SBJ (D The)
					(CODE <font>)
					(FW Subidar)
					(CODE <$$font>)
					(PP (P of)
					    (NP (D this) (N Town)))
					(CP-REL *ICH*-2))
				(BAG being)
				(NP-OB1 (D a)
					(N Person)
					(PP (P of)
					    (NP (N Quality))))
				(, ,)
				(CP-REL-2 (WNP-3 (WPRO who))
					  (C 0)
					  (IP-SUB (NP-SBJ *T*-3)
						  (VBP commands)
						  (NP-OB2 (D the)
							  (NS Countries)
							  (ADJP-LOC (ADJ opposite)
								    (PP (P to) (CODE <font>)))
							  (NP (NPR Bombaim))
							  (, ,)
							  (PP (P as)
							      (CODE <font>)
							      (NP (NPR Magatan) (CODE <$$font>) (, ,) (CODE <font>) (NPR Penn) (CODE <$$font>) (, ,) (CONJ and) (CODE <font>) (NPR Tull)))))))
		    (CODE <$$font>)
		    (, ,)
		    (NP-SBJ (PRO he))
		    (VBD thought)
		    (IP-SMC (NP-SBJ-4 *exp*)
			    (ADJP (ADJ good))
			    (IP-INF-4 (IP-INF (TO to)
					      (VB give)
					      (NP-OB2 (PRO him))
					      (NP-OB1 (D a) (N Visit)))
				      (, ,)
				      (CONJP (CONJ and)
					     (IP-INF (TO to)
						     (VB present)
						     (NP-OB1 (PRO him))
						     (PP (P with)
							 (NP (D a)
							     (N couple)
							     (PP (P of)
								 (CODE <font>)
								 (NP (NPRS Pamerins))))))))))
	  (CODE <$$font>)
	  (, ;)
	  (CONJP (IP-MAT=1 (CONJ and)
			   (ADVP (D the) (ADVR rather))
			   (, ,)
			   (PP (P+N because)
			       (CP-ADV (C 0)
				       (IP-SUB (NP-SBJ (PRO he))
					       (VBD understood)
					       (PP (P by)
						   (NP (D the)
						       (N Linguist)
						       (CODE <font>)
						       (NP-PRN (NPR Naran) (NPR Sinaij))))
					       (CODE <$$font>)
					       (, ,)
					       (CP-THT (C 0)
						       (IP-SUB (IP-SUB (NP-SBJ (PRO he))
								       (HVD had)
								       (NP-OB1 (Q some)
									       (N Aversion)
									       (PP (P to)
										   (NP (PRO$ our) (N Nation)))))
							       (, ,)
							       (CONJP (CONJ and)
								      (IP-SUB (NP-SBJ *con*)
									      (MD might)
									      (VB hinder)
									      (NP-OB1 (PRO$ our)
										      (NS Proceedings)
										      (PP (P at)
											  (NP (N Court))))))
							       (, ;)
							       (CP-CAR (WPP-5 (P from)
									      (WNP (WPRO which)))
								       (C 0)
								       (IP-SUB (NP-SBJ (PRO he))
									       (BED was)
									       (ADJP (ADJ willing)
										     (IP-INF (PP *T*-5)
											     (TO to)
											     (VB take)
											     (NP-OB1 (PRO him))
											     (RP off)
											     (PP (P by)
												 (NP (Q all) (ADJ fair) (N means))))))))))))))
	  (. :))
  (ID FRYER-E3-P1,1,199.49))

/~*
'The Persians then call this Stone Pazahar, being a Compound of Pa and Zahar,
the first of which is against, the other is Poyson; as much as if you should
say in Greek, Antidoton, in English, Counter-Poyson.
(FRYER-E3-P1,2,194.150)
*~/
/*
84 P:  84 P, 85 against, 81 NP-OB1
*/

( (IP-MAT-SPE (' ')
	      (NP-SBJ (D The) (CODE <font>) (NPRS Persians) (CODE <$$font>))
	      (ADVP (ADV then))
	      (VBP call)
	      (IP-SMC-SPE (NP-SBJ (D this))
			  (NP-OB1 (N Stone) (CODE <font>) (FW Pazahar) (CODE <$$font>)))
	      (, ,)
	      (IP-PPL-SPE (BAG being)
			  (NP-OB1 (D a)
				  (N Compound)
				  (PP (P of)
				      (NP (CODE <font>)
					  (FW Pa)
					  (CODE <$$font>)
					  (CONJ and)
					  (CODE <font>)
					  (FW Zahar)
					  (CODE <$$font>)
					  (, ,)
					  (CP-REL-SPE (WNP-1 (D the)
							     (ADJ first)
							     (WPP (P of)
								  (WNP (WPRO which))))
						      (C 0)
						      (IP-SUB-SPE (IP-SUB-SPE (NP-SBJ *T*-1)
									      (BEP is)
									      (NP-OB1 (CODE <font>) (P against) (CODE <$$font>)))
								  (, ,)
								  (CONJP (IP-SUB-SPE (NP-SBJ (D the) (OTHER other))
										     (BEP is)
										     (NP-OB1 (CODE <font>) (N Poyson) (CODE <$$font>)))))))))
			  (, ;)
			  (NP-MSR (QP (ADVR as) (Q much))
				  (PP (P as)
				      (CP-CMP-SPE (WNP-2 0)
						  (C 0)
						  (IP-SUB-SPE (NP-OB1 *T*-2)
							      (CODE {it_would_be})
							      (PP (P if)
								  (CP-ADV-SPE (C 0)
									      (IP-SUB-SPE (NP-SBJ (PRO you))
											  (MD should)
											  (VB say)
											  (PP (P in)
											      (NP (CODE <font>) (NPR Greek) (CODE <$$font>)))
											  (, ,)
											  (NP-OB1 (GREEK (CODE <font>) (FW Antidoton) (, ,) (CODE <$$font>))
												  (NP-PRN (PP (P in)
													      (CODE <font>)
													      (NP (NPR English)))
													  (CODE <$$font>)
													  (, ,)
													  (QTP (N+N Counter-Poyson))))))))))))
	      (. .))
  (ID FRYER-E3-P1,2,194.150))

/~*
seeing them halt and complain as much as Men under the same distress, would
more than incline the most incredulous.
(FRYER-E3-P1,2,194.157)
*~/
/*
56 P:  56 P, 57 than, 55 PP
*/

( (IP-MAT-SPE (IP-PPL-SBJ-SPE (VAG seeing)
			      (IP-INF-SPE (NP-SBJ (PRO them))
					  (VB (VB halt) (CONJ and) (VB complain))
					  (NP-MSR (QP (ADVR as) (Q much))
						  (PP (P as)
						      (CP-CMP-SPE (WNP-1 0)
								  (C 0)
								  (IP-SUB-SPE (NP-MSR *T*-1)
									      (NP-SBJ (NS Men))
									      (CODE {COM:would_complain})
									      (PP (P under)
										  (NP (D the) (ADJ same) (N distress)))))))))
	      (, ,)
	      (MD would)
	      (NP-MSR (QR more)
		      (PP (P than)))
	      (VB incline)
	      (NP-OB1 (D the)
		      (ADJP (QS most) (ADJ incredulous)))
	      (. .))
  (ID FRYER-E3-P1,2,194.157))
/*
FOOTER
  source file, hits/tokens/total
  C:\Users\Shoo\Dropbox\workspace\CorpusSearch_Auto\data\corporas\PPCEME\temp1492105854173\travelogue\fryer-e3-p1.psd	4/4/213
*/
/*
HEADER:
source file:  C:\Users\Shoo\Dropbox\workspace\CorpusSearch_Auto\data\corporas\PPCEME\temp1492105854173\travelogue\fryer-e3-p2.psd
*/

/~*
and packed up dry are preferred before others all the World over.
(FRYER-E3-P2,2,203.134)
*~/
/*
32 P:  32 P, 33 over, 24 PP
*/

( (IP-MAT (CONJ and)
	  (NP-SBJ *con*)
	  (IP-PPL (VAN packed)
		  (RP up)
		  (ADJP-SPR (ADJ dry)))
	  (BEP are)
	  (VAN preferred)
	  (PP (P before)
	      (NP (OTHERS others)))
	  (PP (NP (Q all) (D the) (N World))
	      (P over))
	  (. .))
  (ID FRYER-E3-P2,2,203.134))
/*
FOOTER
  source file, hits/tokens/total
  C:\Users\Shoo\Dropbox\workspace\CorpusSearch_Auto\data\corporas\PPCEME\temp1492105854173\travelogue\fryer-e3-p2.psd	1/1/202
*/
/*
HEADER:
source file:  C:\Users\Shoo\Dropbox\workspace\CorpusSearch_Auto\data\corporas\PPCEME\temp1492105854173\travelogue\jotaylor-e2-h.psd
*/

/~*
They did dig forty foot downe right, into and through a rocke.
(JOTAYLOR-E2-H,1,132.C2.154)
*~/
/*
27 P:  27 P, 28 through, 22 P
*/

( (IP-MAT (NP-SBJ (PRO They))
	  (DOD did)
	  (VB dig)
	  (NP-MSR (NUM forty) (N foot))
	  (ADVP (RP downe) (ADV right))
	  (, ,)
	  (PP (P (P into) (CONJ and) (P through))
	      (NP (D a) (N rocke)))
	  (. .))
  (ID JOTAYLOR-E2-H,1,132.C2.154))
/*
FOOTER
  source file, hits/tokens/total
  C:\Users\Shoo\Dropbox\workspace\CorpusSearch_Auto\data\corporas\PPCEME\temp1492105854173\travelogue\jotaylor-e2-h.psd	1/1/348
*/
/*
HEADER:
source file:  C:\Users\Shoo\Dropbox\workspace\CorpusSearch_Auto\data\corporas\PPCEME\temp1492105854173\travelogue\jotaylor-e2-p1.psd
*/

/~*
besides 13. or 14. brewings haue beene wrackt or stayed in the Towne, as not
sufficient to bee beezeled in the Country.
(JOTAYLOR-E2-P1,3,78.C2.34)
*~/
/*
4 P:  4 P, 5 besides, 3 ADV
*/

( (IP-MAT (ADVP (ADV (P besides)))
	  (NP-SBJ (NUMP (NUM 13.) (CONJ or) (NUM 14.))
		  (NS brewings))
	  (HVP haue)
	  (BEN beene)
	  (VAN (VAN wrackt) (CONJ or) (VAN stayed))
	  (PP (P in)
	      (NP (D the) (N Towne)))
	  (, ,)
	  (PP (P as)
	      (ADJP (NEG not)
		    (ADJ sufficient)
		    (IP-INF (TO to)
			    (BE bee)
			    (VAN beezeled)
			    (PP (P in)
				(NP (D the) (N Country))))))
	  (. .))
  (ID JOTAYLOR-E2-P1,3,78.C2.34))

/~*
but they haue bigge burly-bon'd knaues with their wiues that doe daily draw
Carts any whether vp and downe the towne, with Marchants goods or any other
imployments:
(JOTAYLOR-E2-P1,3,84.C1.232)
*~/
/*
54 P:  54 P, 55 downe, 49 P
*/

( (IP-MAT (CONJ but)
	  (NP-SBJ (PRO they))
	  (HVP haue)
	  (NP-OB1 (ADJP (ADJ bigge) (ADJ burly-bon'd))
		  (NS knaues)
		  (PP (P with)
		      (NP (PRO$ their) (NS wiues)))
		  (CP-REL (WNP-1 0)
			  (C that)
			  (IP-SUB (NP-SBJ *T*-1)
				  (DOP doe)
				  (ADVP (ADV daily))
				  (VB draw)
				  (NP-OB1 (NS Carts))
				  (ADVP (Q any) (WADV whether))
				  (PP (P (P vp) (CONJ and) (P downe))
				      (NP (D the) (N towne)))
				  (, ,)
				  (PP (P with)
				      (NP (NP (NS$ Marchants) (NS goods))
					  (CONJP (CONJ or)
						 (NP (Q any) (OTHER other) (NS imployments))))))))
	  (. :))
  (ID JOTAYLOR-E2-P1,3,84.C1.232))

/~*
This fellow beeing clad in an ancient doublet of decayed Satin, with a Spruce
Leather Ierkin with Glasse butons, the rest of his attire being correspondent,
was mounted vpon a Scaffold; hauing shelfes set with Viols, Gallipots, Glasses,
Boxes, and such like stuffe, wherein as he said, were Waters, Oyles, Vnguents,
Emplasters, Electuaries, Vomits, Purges, and a world of neuer heard of Drugs,
(JOTAYLOR-E2-P1,3,84.C2.241)
*~/
/*
211 P:  211 P, 212 of, 210 PP
*/

( (IP-MAT (NP-SBJ (D This) (N fellow))
	  (IP-PPL (BAG beeing)
		  (VAN clad)
		  (PP (P in)
		      (NP (D an)
			  (ADJ ancient)
			  (N doublet)
			  (PP (P of)
			      (NP (ADJ decayed) (N Satin))))))
	  (, ,)
	  (PP (P with)
	      (NP (D a)
		  (ADJ Spruce)
		  (N Leather)
		  (N Ierkin)
		  (PP (P with)
		      (NP (N Glasse) (NS butons)))))
	  (, ,)
	  (IP-PPL-ABS (NP-SBJ (D the)
			      (N rest)
			      (PP (P of)
				  (NP (PRO$ his) (N attire))))
		      (BAG being)
		      (ADJP (ADJ correspondent)))
	  (, ,)
	  (BED was)
	  (VAN mounted)
	  (PP (P vpon)
	      (NP (D a)
		  (N Scaffold)
		  (, ;)
		  (RRC (HAG hauing)
		       (NP-OB1 (NS shelfes)
			       (RRC (VAN set)
				    (PP (P with)
					(NP (NP (NS Viols) (, ,) (NS Gallipots) (, ,) (NS Glasses) (, ,) (NS Boxes))
					    (, ,)
					    (CONJP (CONJ and)
						   (NP (SUCH such) (ADJ like) (N stuffe)))
					    (, ,)
					    (CP-REL (WPP-1 (WADV+P wherein))
						    (C 0)
						    (IP-SUB (PP *T*-1)
							    (PP-PRN (P as)
								    (CP-ADV (WNP-2 0)
									    (C 0)
									    (IP-SUB (NP-OB1 *T*-2)
										    (NP-SBJ (PRO he))
										    (VBD said))))
							    (, ,)
							    (NP-SBJ-3 *exp*)
							    (BED were)
							    (NP-3 (NP (NS Waters) (, ,) (NS Oyles) (, ,) (NS Vnguents) (, ,) (NS Emplasters) (, ,) (NS Electuaries) (, ,) (NS Vomits) (, ,) (NS Purges))
								  (, ,)
								  (CONJP (CONJ and)
									 (NP (D a)
									     (N world)
									     (PP (P of)
										 (NP (ADJP (ADVP-TMP (ADV neuer))
											   (VAN heard)
											   (PP (P of)))
										     (NS Drugs)))))))))))))))
	  (. ,))
  (ID JOTAYLOR-E2-P1,3,84.C2.241))
/*
FOOTER
  source file, hits/tokens/total
  C:\Users\Shoo\Dropbox\workspace\CorpusSearch_Auto\data\corporas\PPCEME\temp1492105854173\travelogue\jotaylor-e2-p1.psd	3/3/416
*/
/*
HEADER:
source file:  C:\Users\Shoo\Dropbox\workspace\CorpusSearch_Auto\data\corporas\PPCEME\temp1492105854173\travelogue\jotaylor-e2-p2.psd
*/

/~*
From Groning wee trauailed to a Towne called Ashers Leauen, to Ashleauen, to
Kinderne, to Hall, and so to Leipzig, which is one of the chiefest townes in
Saxony, being famous for a yearely Mart that is yearely held there, where to
Merchants and other people from the most part of Christendome haue annuall
concourse:
(JOTAYLOR-E2-P2,3,95.C1.253)
*~/
/*
176 P:  176 P, 177 to, 173 WPP-4
*/

( (IP-MAT-1 (PP (P From)
		(CODE <font>)
		(NP (NPR Groning)))
	    (CODE <$$font>)
	    (NP-SBJ (PRO wee))
	    (VBD trauailed)
	    (PP (PP (P to)
		    (NP (D a)
			(N Towne)
			(RRC (VAN called)
			     (IP-SMC (NP-SBJ *)
				     (CODE <font>)
				     (NP-OB1 (NPR Ashers) (NPR Leauen))))))
		(CODE <$$font>)
		(, ,)
		(CONJP (PP (P to)
			   (CODE <font>)
			   (NP (NPR Ashleauen))))
		(CODE <$$font>)
		(, ,)
		(CONJP (PP (P to)
			   (CODE <font>)
			   (NP (NPR Kinderne))))
		(CODE <$$font>)
		(, ,)
		(CONJP (PP (P to)
			   (CODE <font>)
			   (NP (NPR Hall))))
		(CODE <$$font>))
	    (, ,)
	    (IP-MAT-PRN=1 (CONJ and)
			  (ADVP (ADV so))
			  (PP (P to)
			      (CODE <font>)
			      (NP (NPR Leipzig)
				  (CODE <$$font>)
				  (, ,)
				  (CP-REL (WNP-2 (WPRO which))
					  (C 0)
					  (IP-SUB (NP-SBJ *T*-2)
						  (BEP is)
						  (NP-OB1 (ONE one)
							  (PP (P of)
							      (NP (D the)
								  (ADJS chiefest)
								  (NS townes)
								  (PP (P in)
								      (CODE <font>)
								      (NP (NPR Saxony)))
								  (CODE <$$font>)
								  (, ,)
								  (RRC (BAG being)
								       (ADJP (ADJ famous)
									     (PP (P for)
										 (NP (D a)
										     (ADJ yearely)
										     (N Mart)
										     (CP-REL (WNP-3 0)
											     (C that)
											     (IP-SUB (NP-SBJ *T*-3)
												     (BEP is)
												     (ADVP (ADV yearely))
												     (VAN held)
												     (ADVP-LOC (ADV there))))
										     (, ,)
										     (CP-REL (WPP-4 (WADV where) (P to))
											     (C 0)
											     (IP-SUB (PP *T*-4)
												     (NP-SBJ (NP (NS Merchants))
													     (CONJP (CONJ and)
														    (NP (OTHER other) (NS people)))
													     (PP (P from)
														 (NP (D the)
														     (QS most)
														     (N part)
														     (PP (P of)
															 (NP (NPR Christendome))))))
												     (HVP haue)
												     (NP-OB1 (ADJ annuall) (N concourse))))))))))))))))
	    (. :))
  (ID JOTAYLOR-E2-P2,3,95.C1.253))

/~*
From thence passing vp and downe inaccessable mountaines, we came to a wood,
which parts Bohemia from Saxony on the west, which wood is called by the
people of those parts the Beamer Wolts or Wolt, and is in breadth ten English
miles, and length further then I know how to discribe truely:
(JOTAYLOR-E2-P2,3,95.C1.257)
*~/
/*
17 P:  17 P, 18 downe, 12 P
*/

( (IP-MAT (PP (P From)
	      (ADVP (ADV thence)))
	  (IP-PPL (VAG passing)
		  (PP (P (P vp) (CONJ and) (P downe))
		      (NP (ADJ inaccessable) (NS mountaines))))
	  (, ,)
	  (NP-SBJ (PRO we))
	  (VBD came)
	  (PP (P to)
	      (NP (D a)
		  (N wood)
		  (, ,)
		  (CP-REL (WNP-1 (WPRO which))
			  (C 0)
			  (IP-SUB (NP-SBJ *T*-1)
				  (VBP parts)
				  (NP-OB1 (CODE <font>) (NPR Bohemia) (CODE <$$font>))
				  (PP (P from)
				      (NP (CODE <font>) (NPR Saxony) (CODE <$$font>)))
				  (PP (P on)
				      (NP (D the) (N west)))))))
	  (, ,)
	  (CP-CAR (WNP-2 (WD which) (N wood))
		  (C 0)
		  (IP-SUB (IP-SUB (NP-SBJ *T*-2)
				  (BEP is)
				  (VAN called)
				  (PP (P by)
				      (NP (D the)
					  (NS people)
					  (PP (P of)
					      (NP (D those) (NS parts)))))
				  (IP-SMC (NP-SBJ *T*-2)
					  (NP-OB1 (D the)
						  (CODE <font>)
						  (NPR Beamer)
						  (NPR Wolts)
						  (CODE <$$font>)
						  (CONJP (CONJ or)
							 (CODE <font>)
							 (NX (NPR Wolt))))))
			  (CODE <$$font>)
			  (, ,)
			  (CONJP (CONJ and)
				 (IP-SUB (IP-SUB-3 (NP-SBJ *T*-2)
						   (BEP is)
						   (PP (P in)
						       (NP (N breadth)))
						   (NP-OB1 (NUM ten) (ADJ English) (NS miles)))
					 (, ,)
					 (CONJP (CONJ and)
						(IP-SUB=3 (NP (N length))
							  (NP (ADJP (ADJR further)
								    (PP (P then)
									(CP-CMP (WNP-4 0)
										(C 0)
										(IP-SUB (NP-MSR *T*-4)
											(NP-SBJ (PRO I))
											(VBP know)
											(CP-QUE (WADVP-5 (WADV how))
												(IP-INF (ADVP *T*-5)
													(TO to)
													(VB discribe)
													(ADVP (ADV truely)))))))))))))))
	  (. :))
  (ID JOTAYLOR-E2-P2,3,95.C1.257))

/~*
There we hired a waggon 7 dutch miles to a towne called Slowne from whence we
walked on foot a long 16. English miles to Prague, which long looked for Citty
wee could not see vntill we came within an houres trauell of it:
(JOTAYLOR-E2-P2,3,95.C2.269)
*~/
/*
98 P:  98 P, 99 for, 93 ADJP
*/

( (IP-MAT (ADVP-LOC (ADV There))
	  (NP-SBJ (PRO we))
	  (VBD hired)
	  (NP-OB1 (D a) (N waggon))
	  (NP-MSR (NUM 7) (ADJ dutch) (NS miles))
	  (PP (P to)
	      (NP (D a)
		  (N towne)
		  (RRC (VAN called)
		       (IP-SMC (NP-SBJ *)
			       (CODE <font>)
			       (NP-OB1 (NPR Slowne))))
		  (CODE <$$font>)
		  (CP-REL (WPP-1 (P from)
				 (WADVP (WADV whence)))
			  (C 0)
			  (IP-SUB (PP *T*-1)
				  (NP-SBJ (PRO we))
				  (VBD walked)
				  (PP (P on)
				      (NP (N foot)))
				  (NP-OB1 (D a) (ADJ long) (NUM 16.) (ADJ English) (NS miles))
				  (PP (P to)
				      (NP (CODE <font>) (NPR Prague) (CODE <$$font>)))))))
	  (, ,)
	  (CP-CAR (WNP-2 (WD which)
			 (ADJP (ADJ long) (VAN looked) (P for))
			 (N Citty))
		  (C 0)
		  (IP-SUB (NP-OB1 *T*-2)
			  (NP-SBJ (PRO wee))
			  (MD could)
			  (NEG not)
			  (VB see)
			  (PP (P vntill)
			      (CP-ADV (C 0)
				      (IP-SUB (NP-SBJ (PRO we))
					      (VBD came)
					      (PP (P within)
						  (NP (NP-POS (D an) (N$ houres))
						      (N trauell)
						      (PP (P of)
							  (NP (PRO it))))))))))
	  (. :))
  (ID JOTAYLOR-E2-P2,3,95.C2.269))

/~*
A mans patience must be such, that though he be a Barron he must beare all
abuses, either in words, lodging, diet, or almost any thing, though offered
from or by a sowter, tinker, or a Merchant of tripes and turneps;
(JOTAYLOR-E2-P2,3,99.C1.355)
*~/
/*
108 P:  108 P, 109 by, 103 P
*/

( (IP-MAT (NP-SBJ (NP-POS (D A) (N$ mans))
		  (N patience))
	  (MD must)
	  (BE be)
	  (ADJP (SUCH such)
		(, ,)
		(CP-DEG (C that)
			(IP-SUB (CODE <paren>)
				(PP-PRN (P though)
					(CP-ADV (C 0)
						(IP-SUB (NP-SBJ (PRO he))
							(BEP be)
							(NP-OB1 (D a) (N Barron)))))
				(CODE <$$paren>)
				(NP-SBJ (PRO he))
				(MD must)
				(VB beare)
				(NP-OB1 (Q all) (NS abuses))
				(, ,)
				(CONJ-1 either)
				(PP (P in)
				    (NP (CONJ *ICH*-1)
					(NP (NS words))
					(, ,)
					(CONJP (NP (N lodging)))
					(, ,)
					(CONJP (NP (N diet)))
					(, ,)
					(CONJP (CONJ or)
					       (NP (QP (ADV almost) (Q any))
						   (N thing)))))
				(, ,)
				(PP (P though)
				    (IP-PPL (VAN offered)
					    (PP (P (P from) (CONJ or) (P by))
						(NP (NP (D a)
							(N sowter)
							(, ,)
							(CONJP (NX (N tinker))))
						    (, ,)
						    (CONJP (CONJ or)
							   (NP (D a)
							       (N Merchant)
							       (PP (P of)
								   (NP (NS tripes) (CONJ and) (NS turneps))))))))))))
	  (. ;))
  (ID JOTAYLOR-E2-P2,3,99.C1.355))
/*
FOOTER
  source file, hits/tokens/total
  C:\Users\Shoo\Dropbox\workspace\CorpusSearch_Auto\data\corporas\PPCEME\temp1492105854173\travelogue\jotaylor-e2-p2.psd	4/4/368
*/
/*
HEADER:
source file:  C:\Users\Shoo\Dropbox\workspace\CorpusSearch_Auto\data\corporas\PPCEME\temp1492105854173\travelogue\leland-e1-h.psd
*/

/~*
In this table was an inscription of a tumbe or burial wher in I saw playnly
these wordes: vixit annos xxx.
(LELAND-E1-H,141.281)
*~/
/*
35 P:  35 P, 36 in, 32 WPP-1
*/

( (IP-MAT (PP (P In)
	      (NP (D this) (N table)))
	  (BED was)
	  (NP-SBJ (D an)
		  (N inscription)
		  (PP (P of)
		      (NP (D a)
			  (N tumbe)
			  (CONJP (CONJ or)
				 (NX (N burial)))
			  (CP-REL (WPP-1 (WADV wher) (P in))
				  (C 0)
				  (IP-SUB (PP *T*-1)
					  (NP-SBJ (PRO I))
					  (VBD saw)
					  (ADVP (ADV playnly))
					  (NP-OB1 (D these)
						  (NS wordes)
						  (, :)
						  (QTP (LATIN (FW vixit) (FW annos) (FW xxx)))))))))
	  (. .))
  (ID LELAND-E1-H,141.281))

/~*
This cumly peace of work was made by Bisshop Bekington, that myndid, yf he had
lyvid lengger, to have buildid other xij. on the south side of the market
steede, the which work if he had complishid it had bene a spectable to al
market places in the west cuntery.
(LELAND-E1-H,145.381)
*~/
/*
106 P:  106 P, 107 if, 105 PP
*/

( (IP-MAT (NP-SBJ (D This)
		  (ADJ cumly)
		  (N peace)
		  (PP (P of)
		      (NP (N work))))
	  (BED was)
	  (VAN made)
	  (PP (P by)
	      (NP (NPR Bisshop)
		  (NPR Bekington)
		  (, ,)
		  (CP-REL (WNP-1 0)
			  (C that)
			  (IP-SUB (NP-SBJ *T*-1)
				  (VBD myndid)
				  (, ,)
				  (PP (P yf)
				      (CP-ADV (C 0)
					      (IP-SUB (NP-SBJ (PRO he))
						      (HVD had)
						      (VBN lyvid)
						      (ADVP (ADVR lengger)))))
				  (, ,)
				  (IP-INF (TO to)
					  (HV have)
					  (VBN buildid)
					  (NP-OB1 (OTHER other) (NUM xij.))
					  (PP (P on)
					      (NP (D the)
						  (N south)
						  (N side)
						  (PP (P of)
						      (NP (D the) (N market) (N steede))))))))))
	  (, ,)
	  (CP-CAR (WNP-2 (D the) (WD which) (N work))
		  (C 0)
		  (IP-SUB (PP (P if))
			  (CP-ADV (C 0)
				  (IP-SUB (NP-OB1 *T*-2)
					  (NP-SBJ (PRO he))
					  (HVD had)
					  (VBN complishid)))
			  (CP-THT (C 0)
				  (IP-SUB (NP-SBJ-RSP=2 (PRO it))
					  (HVD had)
					  (BEN bene)
					  (NP-OB1 (D a)
						  (ADJ spectable)
						  (PP (P to)
						      (NP (Q al)
							  (N market)
							  (NS places)
							  (PP (P in)
							      (NP (D the) (N west) (N cuntery))))))))))
	  (. .))
  (ID LELAND-E1-H,145.381))
/*
FOOTER
  source file, hits/tokens/total
  C:\Users\Shoo\Dropbox\workspace\CorpusSearch_Auto\data\corporas\PPCEME\temp1492105854173\travelogue\leland-e1-h.psd	2/2/462
*/
/*
HEADER:
source file:  C:\Users\Shoo\Dropbox\workspace\CorpusSearch_Auto\data\corporas\PPCEME\temp1492105854173\travelogue\leland-e1-p1.psd
*/

/~*
$The $toune $itselfe $of Ripon standith on ...
(LELAND-E1-P1,83.107)
*~/
/*
19 P:  19 P, 20 on, 18 PP
*/

( (IP-MAT (NP-SBJ (D $The)
		  (N $toune)
		  (NP-PRN (PRO+N $itselfe))
		  (PP (P $of)
		      (NP (NPR Ripon))))
	  (VBP standith)
	  (PP (P on))
	  (. ...))
  (ID LELAND-E1-P1,83.107))

/~*
And $like as the towne and the $ground that it stondith on and $that $that $is
$about $it $by north is highe, $so $all $the $grownd $on the south side
$without $the $towne is a playn low $medow $grownd $where $at $rienne but
litle $lins $and $Trent $river.
(LELAND-E1-P1,95.307)
*~/
/*
129 P:  129 P, 130 $at, 126 WPP-4
*/

( (IP-MAT (CONJ And)
	  (PP (ADV $like)
	      (CODE {TEXT:loke})
	      (P as)
	      (CP-CMP (WADVP-1 0)
		      (C 0)
		      (IP-SUB (ADVP *T*-1)
			      (NP-SBJ (NP (D the) (N towne))
				      (CONJP (CONJ and)
					     (NP (D the)
						 (N $ground)
						 (CP-REL (WNP-2 0)
							 (C that)
							 (IP-SUB (NP-SBJ (PRO it))
								 (VBP stondith)
								 (PP (P on)
								     (NP *T*-2))))))
				      (CONJP (CONJ and)
					     (NP (D $that)
						 (CP-REL (WNP-3 0)
							 (C $that)
							 (IP-SUB (NP-SBJ *T*-3)
								 (BEP $is)
								 (PP (P $about)
								     (NP (PRO $it)))
								 (PP (P $by)
								     (NP (N north))))))))
			      (BEP is)
			      (ADJP (ADJ highe)))))
	  (, ,)
	  (ADVP (ADV $so))
	  (NP-SBJ (Q $all)
		  (D $the)
		  (N $grownd)
		  (PP (P $on)
		      (NP (D the) (N south) (N side)))
		  (PP (P $without)
		      (NP (D $the) (N $towne))))
	  (BEP is)
	  (NP-OB1 (D a)
		  (ADJ playn)
		  (ADJ low)
		  (N $medow)
		  (N $grownd)
		  (CP-REL (WPP-4 (WADV $where) (P $at))
			  (C 0)
			  (IP-SUB (PP *T*-4)
				  (NP-SBJ-5 *exp*)
				  (VBP $rienne)
				  (NP-5 (NP (FP but) (ADJ litle) (NS $lins))
					(CONJP (CONJ $and)
					       (NP (NPR $Trent) (NPR $river)))))))
	  (. .))
  (ID LELAND-E1-P1,95.307))

/~*
At the laste the Beauchampes landes for lak of heires males $came to 3.
doughter $of one of $the Beauchaumpes $where $of $the $eldest was $maryed $to
$the $Lord $Mulbray.
(LELAND-E1-P1,100.404)
*~/
/*
61 P:  61 P, 62 $of, 58 WPP-1
*/

( (IP-MAT (PP (P At)
	      (NP (D the) (ADJ laste)))
	  (NP-SBJ (NP-POS (D the) (NPR$ Beauchampes))
		  (NS landes))
	  (PP (P for)
	      (NP (N lak)
		  (PP (P of)
		      (NP (NS heires)
			  (ADJP (ADJ males))))))
	  (VBD $came)
	  (PP (P to)
	      (NP (NUM 3.)
		  (NS doughter)
		  (PP (P $of)
		      (NP (ONE one)
			  (PP (P of)
			      (NP (D $the) (NPRS Beauchaumpes)))))
		  (CP-REL (WPP-1 (WADV $where) (P $of))
			  (C 0)
			  (IP-SUB (NP-SBJ (D $the)
					  (ADJS $eldest)
					  (PP *T*-1))
				  (BED was)
				  (VAN $maryed)
				  (PP (P $to)
				      (NP (D $the)
					  (N $Lord)
					  (NP-PRN (NPR $Mulbray))))))))
	  (. .))
  (ID LELAND-E1-P1,100.404))
/*
FOOTER
  source file, hits/tokens/total
  C:\Users\Shoo\Dropbox\workspace\CorpusSearch_Auto\data\corporas\PPCEME\temp1492105854173\travelogue\leland-e1-p1.psd	3/3/444
*/
/*
HEADER:
source file:  C:\Users\Shoo\Dropbox\workspace\CorpusSearch_Auto\data\corporas\PPCEME\temp1492105854173\travelogue\leland-e1-p2.psd
*/

/~*
But a litle afore the feeld he practised with King Edward, other saying that
he had a title to the Lorde Fannopes landes at Antehil and there aboute, or
depraving hym with false accusations so wrought with King Edwarde, that he
with al his strong band of Walschemen felle to King Edwardes part, apon
promise that if Edward wan the feelde he shaul have Antehil and such landes as
Fannope had there.
(LELAND-E1-P2,103.18)
*~/
/*
81 P:  81 P, 82 aboute, 78 PP
*/

( (IP-MAT (CONJ But)
	  (ADJP-LOC (NP-MSR (D a) (ADJ litle))
		    (PP (P afore)
			(NP (D the) (N feeld))))
	  (NP-SBJ (PRO he))
	  (VBD practised)
	  (PP (P with)
	      (NP (NPR King) (NPR Edward)))
	  (, ,)
	  (IP-PPL-ABS (NP-SBJ (OTHERS other))
		      (VAG saying)
		      (CP-THT (C that)
			      (IP-SUB (IP-SUB (NP-SBJ (PRO he))
					      (HVD had)
					      (NP-OB1 (D a)
						      (N title)
						      (PP (P to)
							  (NP (NP-POS (D the)
								      (NPR Lorde)
								      (NP-PRN (NPR$ Fannopes)))
							      (NS landes)
							      (PP (PP (P at)
								      (NP (NPR Antehil)))
								  (CONJP (CONJ and)
									 (PP (ADV there) (P aboute))))))))
				      (, ,)
				      (CONJP (CONJ or)
					     (IP-SUB (NP-SBJ *con*)
						     (IP-PPL (VAG depraving)
							     (CODE {COM:sic})
							     (NP-OB1 (PRO hym))
							     (PP (P with)
								 (NP (ADJ false) (NS accusations))))
						     (ADVP (ADVR so)
							   (CP-DEG *ICH*-1))
						     (VBD wrought)
						     (PP (P with)
							 (NP (NPR King) (NPR Edwarde)))
						     (, ,)
						     (CP-DEG-1 (C that)
							       (IP-SUB (NP-SBJ (PRO he))
								       (PP (P with)
									   (NP (Q al)
									       (PRO$ his)
									       (ADJ strong)
									       (N band)
									       (PP (P of)
										   (NP (NPRS Walschemen)))))
								       (VBD felle)
								       (PP (P to)
									   (NP (NP-POS (NPR King) (NPR$ Edwardes))
									       (N part)))
								       (, ,)
								       (PP (P apon)
									   (NP (N promise)
									       (CP-THT (C that)
										       (IP-SUB (PP (P if)
												   (CP-ADV (C 0)
													   (IP-SUB (NP-SBJ (NPR Edward))
														   (VBD wan)
														   (NP-OB1 (D the) (N feelde)))))
											       (NP-SBJ (PRO he))
											       (MD shaul)
											       (HV have)
											       (NP-OB1 (NP (NPR Antehil))
												       (CONJP (CONJ and)
													      (NP (SUCH such)
														  (NS landes)
														  (PP (P as)
														      (CP-CMP (WNP-2 0)
															      (C 0)
															      (IP-SUB (NP-OB1 *T*-2)
																      (NP-SBJ (NPR Fannope))
																      (HVD had)
																      (ADVP-LOC (ADV there)))))))))))))))))))
	  (. .))
  (ID LELAND-E1-P2,103.18))

/~*
Here is passid over 3. litle bridges of wood, wher under wer plaschsy pittes
of water of the overflowing of Tame ryver,
(LELAND-E1-P2,116.271)
*~/
/*
33 P:  33 P, 34 under, 30 WPP-1
*/

( (IP-MAT (ADVP-LOC (ADV Here))
	  (NP-SBJ *exp*)
	  (BEP is)
	  (VAN passid)
	  (PP (P over)
	      (NP (NUM 3.)
		  (ADJ litle)
		  (NS bridges)
		  (PP (P of)
		      (NP (N wood)))
		  (, ,)
		  (CP-REL (WPP-1 (WADV wher) (P under))
			  (C 0)
			  (IP-SUB (PP *T*-1)
				  (NP-SBJ-2 *exp*)
				  (BED wer)
				  (NP-2 (ADJ plaschsy)
					(NS pittes)
					(PP (P of)
					    (NP (N water)))
					(PP (P of)
					    (NP (D the)
						(N overflowing)
						(PP (P of)
						    (NP (NPR Tame) (N ryver))))))))))
	  (. ,))
  (ID LELAND-E1-P2,116.271))

/~*
And ther be men yet alyve that can shew the places and cemiteries wher yn the
al stoode.
(LELAND-E1-P2,119.320)
*~/
/*
48 P:  48 P, 49 yn, 45 WPP-3
*/

( (IP-MAT (CONJ And)
	  (NP-SBJ-1 (EX ther))
	  (BEP be)
	  (NP-1 (NS men)
		(RRC (ADVP-TMP (ADV yet))
		     (PP (P+N alyve)))
		(CP-REL (WNP-2 0)
			(C that)
			(IP-SUB (NP-SBJ *T*-2)
				(MD can)
				(VB shew)
				(NP-OB1 (D the)
					(NS places)
					(CONJP (CONJ and)
					       (NX (NS cemiteries)))
					(CODE <P_119>)
					(CP-REL (WPP-3 (WADV wher) (P yn))
						(C 0)
						(IP-SUB (PP *T*-3)
							(NP-SBJ (PRO the))
							(CODE {COM:sic})
							(Q al)
							(VBD stoode)))))))
	  (. .))
  (ID LELAND-E1-P2,119.320))
/*
FOOTER
  source file, hits/tokens/total
  C:\Users\Shoo\Dropbox\workspace\CorpusSearch_Auto\data\corporas\PPCEME\temp1492105854173\travelogue\leland-e1-p2.psd	3/3/428
*/
/*
HEADER:
source file:  C:\Users\Shoo\Dropbox\workspace\CorpusSearch_Auto\data\corporas\PPCEME\temp1492105854173\travelogue\torkingt-e1-h.psd
*/

/~*
And a lityll ther by ys the towne of Ramathe where Samuell was born.
(TORKINGT-E1-H,25.36)
*~/
/*
12 P:  12 P, 13 by, 4 ADJP-LOC
*/

( (IP-MAT (CONJ And)
	  (ADJP-LOC (NP-MSR (D a) (ADJ lityll))
		    (ADV ther)
		    (P by))
	  (BEP ys)
	  (NP-SBJ (D the)
		  (N towne)
		  (PP (P of)
		      (NP (NPR Ramathe)
			  (CP-REL (WADVP-1 (WADV where))
				  (C 0)
				  (IP-SUB (ADVP-LOC *T*-1)
					  (NP-SBJ (NPR Samuell))
					  (BED was)
					  (VAN born))))))
	  (. .))
  (ID TORKINGT-E1-H,25.36))

/~*
And ther by we cam in to a place wher Seynt Petir, Aftyr that he had Denyed
our lord, thryse went owt of the howse of Cayphas in to a Cave and wept
byttyrly, Whanne he hard the Coke crow iij=es=.
(TORKINGT-E1-H,27.63)
*~/
/*
7 P:  7 P, 8 by, 4 PP
*/

( (IP-MAT (CONJ And)
	  (PP (ADV ther) (P by))
	  (NP-SBJ (PRO we))
	  (VBD cam)
	  (PP (RP in)
	      (P to)
	      (NP (D a)
		  (N place)
		  (CP-REL (WADVP-1 (WADV wher))
			  (C 0)
			  (IP-SUB (IP-SUB (ADVP-LOC *T*-1)
					  (NP-SBJ (NPR Seynt) (NPR Petir))
					  (, ,)
					  (PP (P Aftyr)
					      (CP-ADV (C that)
						      (IP-SUB (NP-SBJ (PRO he))
							      (HVD had)
							      (VBN Denyed)
							      (NP-OB1 (PRO$ our) (NPR lord)))))
					  (, ,)
					  (NP-TMP (NUM thryse))
					  (VBD went)
					  (PP (RP owt)
					      (P of)
					      (NP (D the)
						  (N howse)
						  (PP (P of)
						      (NP (NPR Cayphas)))))
					  (PP (RP in)
					      (P to)
					      (NP (D a) (N Cave))))
				  (CONJP (CONJ and)
					 (IP-SUB (NP-SBJ *con*)
						 (VBD wept)
						 (ADVP (ADV byttyrly))
						 (, ,)
						 (PP (P Whanne)
						     (CP-ADV (C 0)
							     (IP-SUB (NP-SBJ (PRO he))
								     (VBD hard)
								     (IP-INF (NP-SBJ (D the) (N Coke))
									     (VB crow)
									     (NP-TMP (NUM iij=es=))))))))))))
	  (. .))
  (ID TORKINGT-E1-H,27.63))

/~*
And over the same watir seynt Eline made a brygge of stone whiche ys yett ther
over.
(TORKINGT-E1-H,27.72)
*~/
/*
50 P:  50 P, 51 over, 46 PP
*/

( (IP-MAT (CONJ And)
	  (PP (P over)
	      (NP (D the) (ADJ same) (N watir)))
	  (NP-SBJ (NPR seynt) (NPR Eline))
	  (VBD made)
	  (NP-OB1 (D a)
		  (N brygge)
		  (PP (P of)
		      (NP (N stone)))
		  (CP-REL (WNP-1 (WPRO whiche))
			  (C 0)
			  (IP-SUB (NP-SBJ *T*-1)
				  (BEP ys)
				  (ADVP-TMP (ADV yett))
				  (PP (ADVP (ADV ther))
				      (P over)))))
	  (. .))
  (ID TORKINGT-E1-H,27.72))

/~*
And so ever ony Sarazin comyth by that Sepulcre he cast a stonne ther att with
grett violence and Dispite, by cause the seyd Absolon pursued hys father, king
David, and cause hym to flee.
(TORKINGT-E1-H,28.82)
*~/
/*
47 P:  47 P, 48 att, 44 PP
*/

( (IP-MAT (CONJ And)
	  (ADVP-TMP (ADV so)
		    (ADV ever)
		    (CODE <P_28>)
		    (CP-REL (WADVP-1 0)
			    (C 0)
			    (IP-SUB (ADVP-TMP *T*-1)
				    (NP-SBJ (Q ony) (NPR Sarazin))
				    (VBP comyth)
				    (PP (P by)
					(NP (D that) (N Sepulcre))))))
	  (NP-SBJ (PRO he))
	  (VBP cast)
	  (NP-OB1 (D a) (N stonne))
	  (PP (ADV ther) (P att))
	  (PP (P with)
	      (NP (ADJ grett)
		  (N violence)
		  (CONJP (CONJ and)
			 (NX (N Dispite)))))
	  (, ,)
	  (PP (P by)
	      (NP (N cause))
	      (CP-ADV (C 0)
		      (IP-SUB (IP-SUB (NP-SBJ (D the) (VAN seyd) (NPR Absolon))
				      (VBD pursued)
				      (NP-OB1 (PRO$ hys)
					      (N father)
					      (, ,)
					      (NP-PRN (NPR king) (NPR David))))
			      (, ,)
			      (CONJP (CONJ and)
				     (IP-SUB (NP-SBJ *con*)
					     (VBD cause)
					     (NP-OB1 (PRO hym))
					     (IP-INF (TO to) (VB flee)))))))
	  (. .))
  (ID TORKINGT-E1-H,28.82))

/~*
Ther is Also the stone wher vpon the Aungell stod comfortyng hym the same tyme.
(TORKINGT-E1-H,28.92)
*~/
/*
18 P:  18 P, 19 vpon, 15 WPP-2
*/

( (IP-MAT (NP-SBJ-1 (EX Ther))
	  (BEP is)
	  (ALSO Also)
	  (NP-1 (D the)
		(N stone)
		(CP-REL (WPP-2 (WADV wher) (P vpon))
			(C 0)
			(IP-SUB (PP *T*-2)
				(NP-SBJ (D the) (N Aungell))
				(VBD stod)
				(IP-PPL (VAG comfortyng)
					(NP-OB1 (PRO hym))
					(NP-TMP (D the) (ADJ same) (N tyme))))))
	  (. .))
  (ID TORKINGT-E1-H,28.92))

/~*
But now the Sarrasyns have made ther of a muskey, that is for to sey ther
Temple.
(TORKINGT-E1-H,31.130)
*~/
/*
20 P:  20 P, 21 of, 16 PP
*/

( (IP-MAT (CONJ But)
	  (ADVP-TMP (ADV now))
	  (NP-SBJ (D the) (NPRS Sarrasyns))
	  (HVP have)
	  (VBN made)
	  (PP (ADVP (ADV ther))
	      (P of))
	  (NP-OB1 (D a) (N muskey))
	  (, ,)
	  (IP-MAT-PRN (NP-SBJ (D that))
		      (BEP is)
		      (IP-INF (FOR for)
			      (TO to)
			      (VB sey)
			      (NP-OB1 (PRO$ ther) (N Temple))))
	  (. .))
  (ID TORKINGT-E1-H,31.130))

/~*
And ther with they com ner hym, Et tenuerunt pedes eius.
(TORKINGT-E1-H,33.163)
*~/
/*
7 P:  7 P, 8 with, 4 PP
*/

( (IP-MAT (CONJ And)
	  (PP (ADV ther) (P with))
	  (NP-SBJ (PRO they))
	  (VBD com)
	  (ADJP-LOC (ADJ ner)
		    (NP (PRO hym)))
	  (, ,)
	  (LATIN (FW Et) (FW tenuerunt) (FW pedes) (FW eius))
	  (. .))
  (ID TORKINGT-E1-H,33.163))

/~*
Ther by ys the place and a stone lying wher our blyssyd lady Died and
assumptyd In to hevyn.
(TORKINGT-E1-H,35.186)
*~/
/*
5 P:  5 P, 6 by, 2 PP
*/

( (IP-MAT (PP (ADV Ther) (P by))
	  (BEP ys)
	  (NP-SBJ (NP (D the) (N place))
		  (CONJP (CONJ and)
			 (NP (D a)
			     (N stone)
			     (RRC (VAG lying))))
		  (CP-REL (WADVP-1 (WADV wher))
			  (C 0)
			  (IP-SUB (IP-SUB (ADVP-LOC *T*-1)
					  (NP-SBJ (PRO$ our) (VAN blyssyd) (NPR lady))
					  (VBD Died))
				  (CONJP (CONJ and)
					 (IP-SUB (ADVP-LOC *T*-1)
						 (NP-SBJ *con*)
						 (VBD assumptyd)
						 (PP (P In)
						     (PP (P to)
							 (NP (NPR hevyn)))))))))
	  (. .))
  (ID TORKINGT-E1-H,35.186))

/~*
Ther by Also ys a parte of a stone upon the whych Seynt John Evngeliste sayd
often Masse be fore that blyssyd lady as her Chapleyn aftyr the assencion of
ower lorde.
(TORKINGT-E1-H,35.188)
*~/
/*
5 P:  5 P, 6 by, 2 PP
*/

( (IP-MAT (PP (ADV Ther) (P by))
	  (NP-SBJ-1 *exp*)
	  (ALSO Also)
	  (BEP ys)
	  (NP-1 (D a)
		(N parte)
		(PP (P of)
		    (NP (D a)
			(N stone)
			(CP-REL (WPP-2 (P upon)
				       (WNP (D the) (WPRO whych)))
				(C 0)
				(IP-SUB (PP *T*-2)
					(NP-SBJ (NPR Seynt) (NPR John) (N Evngeliste))
					(VBD sayd)
					(ADVP-TMP (ADV often))
					(NP-OB1 (N Masse))
					(PP (P (P21 be) (P22 fore))
					    (NP (D that) (VAN blyssyd) (NPR lady)))
					(PP (P as)
					    (NP (PRO$ her) (N Chapleyn)))
					(PP (P aftyr)
					    (NP (D the)
						(NPR assencion)
						(PP (P of)
						    (NP (PRO$ ower) (NPR lorde))))))))))
	  (. .))
  (ID TORKINGT-E1-H,35.188))

/~*
and have made ther of ther muskey. That ys for to sey ther Chirche or Chapell.
(TORKINGT-E1-H,36.199)
*~/
/*
14 P:  14 P, 15 of, 10 PP
*/

( (IP-MAT (CONJ and)
	  (NP-SBJ *con*)
	  (HVP have)
	  (VBN made)
	  (PP (ADVP (ADV ther))
	      (P of))
	  (NP-OB1 (PRO$ ther) (N muskey))
	  (, .)
	  (IP-MAT-PRN (NP-SBJ (D That))
		      (BEP ys)
		      (IP-INF (FOR for)
			      (TO to)
			      (VB sey)
			      (NP-OB1 (PRO$ ther)
				      (N Chirche)
				      (CONJP (CONJ or)
					     (NX (N Chapell))))))
	  (. .))
  (ID TORKINGT-E1-H,36.199))

/~*
Ther by ys the place wher Seynt Stevin the ij=de= tyme Seynt Gamaliell, Seint
Poules techer, Abbibas his sonne, And Nichodem war buryed.
(TORKINGT-E1-H,36.200)
*~/
/*
5 P:  5 P, 6 by, 2 PP
*/

( (IP-MAT (PP (ADV Ther) (P by))
	  (BEP ys)
	  (NP-SBJ (D the)
		  (N place)
		  (CP-REL (WADVP-1 (WADV wher))
			  (C 0)
			  (IP-SUB (ADVP-LOC *T*-1)
				  (NP-SBJ (NP (NPR Seynt)
					      (NPR Stevin)
					      (NP-TMP (D the) (ADJ ij=de=) (N tyme)))
					  (CONJP (NP (NPR Seynt)
						     (NPR Gamaliell)
						     (, ,)
						     (NP-PRN (NP-POS (NPR Seint) (NPR$ Poules))
							     (N techer))))
					  (, ,)
					  (CONJP (NP (NPR Abbibas)
						     (NP-PRN (PRO$ his) (N sonne))))
					  (, ,)
					  (CONJP (CONJ And)
						 (NP (NPR Nichodem))))
				  (BED war)
				  (VAN buryed))))
	  (. .))
  (ID TORKINGT-E1-H,36.200))

/~*
And ther by was sumtyme a Chirche that nowe ys fallyn, $where $is the place
wher zacharie fulfyllyd with the holy gost prophesyd, Saying, Benedictus Dns
Deus Israll, And wher he askyd pene and ynke, and wrotte hys sonne, Johes est
nomen eius.
(TORKINGT-E1-H,51.212)
*~/
/*
7 P:  7 P, 8 by, 4 PP
*/

( (IP-MAT (CONJ And)
	  (PP (ADV ther) (P by))
	  (NP-SBJ-1 *exp*)
	  (BED was)
	  (NP-TMP (Q+N sumtyme))
	  (NP-1 (D a)
		(N Chirche)
		(CP-REL (WNP-2 0)
			(C that)
			(IP-SUB (NP-SBJ *T*-2)
				(ADVP-TMP (ADV nowe))
				(BEP ys)
				(VAN fallyn)))
		(, ,)
		(CP-REL (WADVP-3 (WADV $where))
			(C 0)
			(IP-SUB (ADVP-LOC *T*-3)
				(BEP $is)
				(CODE {TEXT:wherys})
				(NP-SBJ (D the)
					(N place)
					(CP-REL (CP-REL (WADVP-4 (WADV wher))
							(C 0)
							(IP-SUB (ADVP *T*-4)
								(NP-SBJ (NPR zacharie)
									(RRC (VAN fulfyllyd)
									     (PP (P with)
										 (NP (D the) (NPR holy) (NPR gost)))))
								(VBD prophesyd)
								(, ,)
								(IP-PPL (VAG Saying)
									(, ,)
									(LATIN (FW Benedictus) (FW Dns) (FW Deus) (FW Israll)))))
						(, ,)
						(CONJP (CONJ And)
						       (CP-REL (WADVP-5 (WADV wher))
							       (C 0)
							       (IP-SUB (IP-SUB (ADVP-LOC *T*-5)
									       (NP-SBJ (PRO he))
									       (VBD askyd)
									       (NP-OB1 (N pene) (CONJ and) (N ynke)))
								       (, ,)
								       (CONJP (IP-SUB (CONJ and)
										      (NP-SBJ *con*)
										      (VBD wrotte)
										      (NP-OB2 (PRO$ hys) (N sonne))
										      (, ,)
										      (NP-OB1 (LATIN (FW Johes) (FW est) (FW nomen) (FW eius)))))))))))))
	  (. .))
  (ID TORKINGT-E1-H,51.212))

/~*
And ther by ys Salomons archezard, whyche ys yett a Dilectable place.
(TORKINGT-E1-H,51.216)
*~/
/*
8 P:  8 P, 9 by, 4 PP
*/

( (IP-MAT (CONJ And)
	  (PP (ADVP (ADV ther))
	      (P by))
	  (NP-SBJ-1 *exp*)
	  (BEP ys)
	  (NP-1 (NPR$ Salomons)
		(N archezard)
		(, ,)
		(CP-REL (WNP-2 (WPRO whyche))
			(C 0)
			(IP-SUB (NP-SBJ *T*-2)
				(BEP ys)
				(ADVP-TMP (ADV yett))
				(NP-OB1 (D a) (ADJ Dilectable) (N place)))))
	  (. .))
  (ID TORKINGT-E1-H,51.216))

/~*
Ther by in the Rokkes be certayne Caves, wher the Apostolys hid them in the
tyme of the passion of our lorde.
(TORKINGT-E1-H,52.231)
*~/
/*
5 P:  5 P, 6 by, 2 PP
*/

( (IP-MAT (PP (ADV Ther) (P by))
	  (PP (P in)
	      (NP (D the) (NS Rokkes)))
	  (BEP be)
	  (NP-SBJ (ADJ certayne)
		  (NS Caves)
		  (, ,)
		  (CP-REL (WADVP-1 (WADV wher))
			  (C 0)
			  (IP-SUB (ADVP-LOC *T*-1)
				  (NP-SBJ (D the) (NPRS Apostolys))
				  (VBD hid)
				  (NP-OB1 (PRO them))
				  (PP (P in)
				      (NP (D the)
					  (N tyme)
					  (PP (P of)
					      (NP (D the)
						  (NPR passion)
						  (PP (P of)
						      (NP (PRO$ our) (NPR lorde))))))))))
	  (. .))
  (ID TORKINGT-E1-H,52.231))

/~*
Item, ther by ys the Sepulcre of zacharie, the prophete.
(TORKINGT-E1-H,53.242)
*~/
/*
10 P:  10 P, 11 by, 6 PP
*/

( (IP-MAT (FW Item)
	  (, ,)
	  (PP (ADVP (ADV ther))
	      (P by))
	  (BEP ys)
	  (NP-SBJ (D the)
		  (N Sepulcre)
		  (PP (P of)
		      (NP (NPR zacharie)
			  (, ,)
			  (NP-PRN (D the) (N prophete)))))
	  (. .))
  (ID TORKINGT-E1-H,53.242))

/~*
Ther by ys the howse of the Martha, our lordes hostes, And the howse of the
seyd Mary Mawdleyn, whyche we visited.
(TORKINGT-E1-H,54.260)
*~/
/*
5 P:  5 P, 6 by, 2 PP
*/

( (IP-MAT (PP (ADV Ther) (P by))
	  (BEP ys)
	  (NP-SBJ (NP (D the)
		      (N howse)
		      (PP (P of)
			  (NP (D the)
			      (NPR Martha)
			      (, ,)
			      (NP-PRN (NP-POS (PRO$ our) (NPR$ lordes))
				      (N hostes)))))
		  (, ,)
		  (CONJP (CONJ And)
			 (NP (D the)
			     (N howse)
			     (PP (P of)
				 (NP (D the)
				     (VAN seyd)
				     (NPR Mary)
				     (NPR Mawdleyn)
				     (, ,)
				     (CP-REL (WNP-1 (WPRO whyche))
					     (C 0)
					     (IP-SUB (NP-OB1 *T*-1)
						     (NP-SBJ (PRO we))
						     (VBD visited))))))))
	  (. .))
  (ID TORKINGT-E1-H,54.260))

/~*
And whyles we lay in Cypres, many of our pylgrymes went to see the Cityes in
the Countre ther a bowght,
(TORKINGT-E1-H,56.294)
*~/
/*
58 P:  58 P, 62 bowght, 55 ADVP-LOC
*/

( (IP-MAT (CONJ And)
	  (PP (P whyles)
	      (CP-ADV (C 0)
		      (IP-SUB (NP-SBJ (PRO we))
			      (VBD lay)
			      (PP (P in)
				  (NP (NPR Cypres))))))
	  (, ,)
	  (NP-SBJ (Q many)
		  (PP (P of)
		      (NP (PRO$ our) (NS pylgrymes))))
	  (VBD went)
	  (IP-INF-PRP (TO to)
		      (VB see)
		      (NP-OB1 (D the)
			      (NS Cityes)
			      (PP (P in)
				  (NP (D the)
				      (N Countre)
				      (ADVP-LOC (ADV ther)
						(P (P21 a) (P22 bowght)))))))
	  (. ,))
  (ID TORKINGT-E1-H,56.294))
/*
FOOTER
  source file, hits/tokens/total
  C:\Users\Shoo\Dropbox\workspace\CorpusSearch_Auto\data\corporas\PPCEME\temp1492105854173\travelogue\torkingt-e1-h.psd	17/17/457
*/
/*
HEADER:
source file:  C:\Users\Shoo\Dropbox\workspace\CorpusSearch_Auto\data\corporas\PPCEME\temp1492105854173\travelogue\torkingt-e1-p1.psd
*/

/~*
In the Vestrye ther ys an herse that stonde full of Chalys to the nowmbyr of
iiii=xx= or v=xx= wher in ys closyd many grett Reliquies, A rybbe of the syd
of Seynt Bonaventur, which translate the holy body of Seynt Antony; And also
the tong of Seynt Antony, yet ffayer and ffressh whiche tong he convertyd mych
peple to the ffeythe of Crist.
(TORKINGT-E1-P1,9.131)
*~/
/*
62 P:  62 P, 63 in, 59 WPP-3
*/

( (IP-MAT (PP (P In)
	      (NP (D the) (N Vestrye)))
	  (NP-SBJ-1 (EX ther))
	  (BEP ys)
	  (NP-1 (D an)
		(N herse)
		(CP-REL (WNP-2 0)
			(C that)
			(IP-SUB (NP-SBJ *T*-2)
				(VBP stonde)
				(ADJP-SPR (ADJ full)
					  (PP (P of)
					      (NP (NS Chalys))))
				(PP (P to)
				    (NP (D the)
					(N nowmbyr)
					(PP (P of)
					    (NP (NUMP (NUM iiii=xx=) (CONJ or) (NUM v=xx=))))))))
		(CP-REL (WPP-3 (WADV wher) (P in))
			(C 0)
			(IP-SUB (PP *T*-3)
				(BEP ys)
				(VAN closyd)
				(NP-SBJ (Q many)
					(ADJ grett)
					(NS Reliquies)
					(, ,)
					(NP-PRN (NP (D A)
						    (N rybbe)
						    (PP (P of)
							(NP (D the)
							    (N syd)
							    (PP (P of)
								(NP (NPR Seynt)
								    (NPR Bonaventur)
								    (, ,)
								    (CP-REL (WNP-4 (WPRO which))
									    (C 0)
									    (IP-SUB (NP-SBJ *T*-4)
										    (VBD translate)
										    (NP-OB1 (D the)
											    (ADJ holy)
											    (N body)
											    (PP (P of)
												(NP (NPR Seynt) (NPR Antony)))))))))))
						(, ;)
						(CONJP (CONJ And)
						       (ALSO also)
						       (NP (D the)
							   (N tong)
							   (PP (P of)
							       (NP (NPR Seynt) (NPR Antony)))
							   (, ,)
							   (RRC (ADVP-TMP (ADV yet))
								(ADJP (ADJ ffayer) (CONJ and) (ADJ ffressh)))))))
				(CP-CAR (WPP-5 (P *)
					       (WNP (WD whiche) (N tong)))
					(C 0)
					(IP-SUB (PP *T*-5)
						(NP-SBJ (PRO he))
						(VBD convertyd)
						(NP-OB1 (Q mych) (NS peple))
						(PP (P to)
						    (NP (D the)
							(N ffeythe)
							(PP (P of)
							    (NP (NPR Crist))))))))))
	  (. .))
  (ID TORKINGT-E1-P1,9.131))

/~*
And specially at ij festis wher at we war present,
(TORKINGT-E1-P1,12.172)
*~/
/*
19 P:  19 P, 20 at, 16 WPP-1
*/

( (FRAG (CONJ And)
	(ADVP (ADV specially))
	(PP (P at)
	    (NP (NUM ij)
		(NS festis)
		(CP-REL (WPP-1 (WADV wher) (P at))
			(C 0)
			(IP-SUB (NP-SBJ (PRO we))
				(BED war)
				(ADJP (ADJ present)
				      (PP *T*-1))))))
	(. ,))
  (ID TORKINGT-E1-P1,12.172))

/~*
And so retornyd a geyne to Venys, To the Dukys palace, Wher they had provyd
for them a mervelows Dyner, wher at we Pilgrymes war present and see them
servyd. At which Dyner $ther was viij Corse of soundery metys,
(TORKINGT-E1-P1,12.182)
*~/
/*
73 P:  73 P, 74 at, 70 WPP-2
*/

( (IP-MAT (CONJ And)
	  (NP-SBJ *con*)
	  (ADVP (ADV so))
	  (VBD retornyd)
	  (ADVP (ADV (ADV21 a) (ADV22 geyne)))
	  (PP (P to)
	      (NP (NPR Venys)))
	  (, ,)
	  (PP (P To)
	      (NP (NP-POS (D the) (N$ Dukys))
		  (N palace)
		  (, ,)
		  (CP-REL (WADVP-1 (WADV Wher))
			  (C 0)
			  (IP-SUB (ADVP-LOC *T*-1)
				  (NP-SBJ (PRO they))
				  (HVD had)
				  (VBN provyd)
				  (PP (P for)
				      (NP (PRO them)))
				  (NP-OB1 (D a)
					  (ADJ mervelows)
					  (N Dyner)
					  (, ,)
					  (CP-REL (WPP-2 (WADV wher) (P at))
						  (C 0)
						  (IP-SUB (IP-SUB (NP-SBJ (PRO we) (NS Pilgrymes))
								  (BED war)
								  (ADJP (ADJ present)
									(PP *T*-2)))
							  (CONJP (CONJ and)
								 (IP-SUB (PP *T*-2)
									 (NP-SBJ *con*)
									 (VBP see)
									 (IP-SMC (NP-SBJ (PRO them))
										 (VAN servyd)))))))
				  (, .)
				  (CP-CAR (WPP-3 (P At)
						 (WNP (WD which) (N Dyner)))
					  (C 0)
					  (IP-SUB (PP *T*-3)
						  (NP-SBJ-4 (EX $ther)
							    (CODE {TEXT:her}))
						  (BED was)
						  (NP-4 (NUM viij)
							(NS Corse)
							(PP (P of)
							    (NP (ADJ soundery) (NS metys))))))))))
	  (. ,))
  (ID TORKINGT-E1-P1,12.182))

/~*
And be yonthe Grece ov a brache of the see ys Asia, where in all most at
thentre $stonds Troya, whiche ys the Cheffe Porte of the yle of Tenedos that
stondeth in the see.
(TORKINGT-E1-P1,19.289)
*~/
/*
42 P:  42 P, 43 in, 39 WADVP-1
*/

( (IP-MAT (CONJ And)
	  (PP (P (P21 be) (P22 yonthe))
	      (NP (NPR Grece)))
	  (PP (P ov)
	      (CODE {COM:sic})
	      (NP (D a)
		  (N brache)
		  (PP (P of)
		      (NP (D the) (N see)))))
	  (BEP ys)
	  (NP-SBJ (NPR Asia)
		  (, ,)
		  (CP-REL (WADVP-1 (WADV where) (P in))
			  (C 0)
			  (IP-SUB (ADVP-LOC *T*-1)
				  (PP (ADV (ADV21 all) (ADV22 most))
				      (P at)
				      (NP (D+N thentre)))
				  (VBP $stonds)
				  (CODE {TEXT:stonding})
				  (NP-SBJ (NPR Troya)
					  (, ,)
					  (CP-REL (WNP-2 (WPRO whiche))
						  (C 0)
						  (IP-SUB (NP-SBJ *T*-2)
							  (BEP ys)
							  (NP-OB1 (D the)
								  (ADJ Cheffe)
								  (N Porte)
								  (PP (P of)
								      (NP (D the)
									  (N yle)
									  (PP (P of)
									      (NP (NPR Tenedos)
										  (CP-REL (WNP-3 0)
											  (C that)
											  (IP-SUB (NP-SBJ *T*-3)
												  (VBP stondeth)
												  (PP (P in)
												      (NP (D the) (N see))))))))))))))))
	  (. .))
  (ID TORKINGT-E1-P1,19.289))

/~*
And a lityll ther be syd stondyth an old Churche which was byldyd in the honor
of Jhu Criste And holowyd in the worshipe of Titus Epiis, to whome Seynt Poule
wrott in Actibus Aptor Ad Titum.
(TORKINGT-E1-P1,20.325)
*~/
/*
13 P:  13 P, 17 syd, 10 PP
*/

( (IP-MAT (CONJ And)
	  (ADJP-LOC (NP-MSR (D a) (ADJ lityll))
		    (PP (ADV ther)
			(P (P21 be) (P22 syd))))
	  (NP-SBJ-1 *exp*)
	  (VBP stondyth)
	  (NP-1 (D an)
		(ADJ old)
		(N Churche)
		(CP-REL (WNP-2 (WPRO which))
			(C 0)
			(IP-SUB (IP-SUB (NP-SBJ *T*-2)
					(BED was)
					(VAN byldyd)
					(PP (P in)
					    (NP (D the)
						(N honor)
						(PP (P of)
						    (NP (NPR Jhu) (NPR Criste))))))
				(CONJP (CONJ And)
				       (IP-SUB (VAN holowyd)
					       (PP (P in)
						   (NP (D the)
						       (N worshipe)
						       (PP (P of)
							   (NP (NPR Titus)
							       (NPR Epiis)
							       (, ,)
							       (CP-REL (WPP-3 (P to)
									      (WNP (WPRO whome)))
								       (C 0)
								       (IP-SUB (PP *T*-3)
									       (NP-SBJ (NPR Seynt) (NPR Poule))
									       (VBD wrott)
									       (PP (P in)
										   (NP (LATIN (FW Actibus)
											      (FW Aptor)
											      (CODE {COM:Apostolorum})
											      (FW Ad)
											      (FW Titum)))))))))))))))
	  (. .))
  (ID TORKINGT-E1-P1,20.325))

/~*
and ther ys no Ryver comyng ther to, nor well in it,
(TORKINGT-E1-P1,38.380)
*~/
/*
21 P:  21 P, 22 to, 17 PP
*/

( (IP-MAT (IP-MAT-1 (CONJ and)
		    (NP-SBJ-2 (EX ther))
		    (BEP ys)
		    (NP-2 (Q no) (N Ryver))
		    (VAG comyng)
		    (PP (ADVP (ADV ther))
			(P to)))
	  (, ,)
	  (CONJP (CONJ nor)
		 (IP-MAT=1 (NP (N well)
			       (PP (P in)
				   (NP (PRO it))))))
	  (. ,))
  (ID TORKINGT-E1-P1,38.380))

/~*
And the grett gounde parte westwarde of the seyd tempe ys all open in the
Roffe, wher vnder stondith the holy sepulcre of our lord, whiche ys made all
of ston Rooke, And all in forme of a lytyll Capell.
(TORKINGT-E1-P1,40.403)
*~/
/*
48 P:  48 P, 49 vnder, 45 WPP-1
*/

( (IP-MAT (CONJ And)
	  (NP-SBJ (D the)
		  (ADJ grett)
		  (X gounde)
		  (N parte)
		  (RRC (NP-DIR (N+WARD westwarde)
			       (PP (P of)
				   (NP (D the) (VAN seyd) (N tempe))))))
	  (BEP ys)
	  (Q all)
	  (ADJP (ADJ open))
	  (PP (P in)
	      (NP (D the)
		  (N Roffe)
		  (, ,)
		  (CP-REL (WPP-1 (WADV wher) (P vnder))
			  (C 0)
			  (IP-SUB (PP *T*-1)
				  (VBP stondith)
				  (NP-SBJ (D the)
					  (ADJ holy)
					  (N sepulcre)
					  (PP (P of)
					      (NP (PRO$ our) (NPR lord)))
					  (, ,)
					  (CP-REL (WNP-2 (WPRO whiche))
						  (C 0)
						  (IP-SUB (NP-SBJ *T*-2)
							  (BEP ys)
							  (VAN made)
							  (PP (PP (Q all)
								  (P of)
								  (NP (N ston) (N Rooke)))
							      (, ,)
							      (CONJP (CONJ And)
								     (PP (Q all)
									 (P in)
									 (NP (N forme)
									     (PP (P of)
										 (NP (D a) (ADJ lytyll) (N Capell))))))))))))))
	  (. .))
  (ID TORKINGT-E1-P1,40.403))

/~*
And vpon the ryht hande of the same, evyn with ine the seyd low Door, ys the
very holy Sepulcre of our lord cov with a mervyll stone the lenght wher of ys
viij foote.
(TORKINGT-E1-P1,40.407)
*~/
/*
85 P:  85 P, 86 of, 82 WPP
*/

( (IP-MAT (CONJ And)
	  (PP (P vpon)
	      (NP (D the)
		  (ADJ ryht)
		  (N hande)
		  (PP (P of)
		      (NP (D the) (ADJ same)))))
	  (, ,)
	  (PP (FP evyn)
	      (P (P21 with) (P22 ine))
	      (NP (D the) (VAN seyd) (ADJ low) (N Door)))
	  (, ,)
	  (BEP ys)
	  (NP-SBJ (D the)
		  (ADJP (ADV very) (ADJ holy))
		  (N Sepulcre)
		  (PP (P of)
		      (NP (PRO$ our) (NPR lord)))
		  (RRC (VAN cov)
		       (PP (P with)
			   (NP (D a)
			       (ADJ mervyll)
			       (N stone)
			       (CP-REL (WNP-1 (D the)
					      (N lenght)
					      (WPP (WADV wher) (P of)))
				       (C 0)
				       (IP-SUB (NP-SBJ *T*-1)
					       (BEP ys)
					       (NP-OB1 (NUM viij) (N foote))))))))
	  (. .))
  (ID TORKINGT-E1-P1,40.407))

/~*
And the other grettest parte ys a stonne of the hye Auter, in Seynt Savyor
Churche, wher of ys mention made by for.
(TORKINGT-E1-P1,40.412)
*~/
/*
48 P:  48 P, 49 of, 45 WPP-1
*/

( (IP-MAT (CONJ And)
	  (NP-SBJ (D the) (OTHER other) (ADJS grettest) (N parte))
	  (BEP ys)
	  (NP-OB1 (D a)
		  (N stonne)
		  (PP (P of)
		      (NP (D the) (ADJ hye) (N Auter)))
		  (, ,)
		  (PP (P in)
		      (NP (NPR Seynt)
			  (NPR Savyor)
			  (NPR Churche)
			  (, ,)
			  (CP-REL (WPP-1 (WADV wher) (P of))
				  (C 0)
				  (IP-SUB (BEP ys)
					  (NP-SBJ (N mention)
						  (PP *T*-1))
					  (VAN made)
					  (ADVP-TMP (ADV (ADV21 by) (ADV22 for))))))))
	  (. .))
  (ID TORKINGT-E1-P1,40.412))

/~*
$there on ys the place wher ower Savyr stode whanne he apperyd to Mary
mawdeleyn aftyr hys Resurreccon, in lekeness of a gardner.
(TORKINGT-E1-P1,42.431)
*~/
/*
7 P:  7 P, 8 on, 2 PP
*/

( (IP-MAT (PP (ADV $there)
	      (CODE {TEXT:the})
	      (P on))
	  (BEP ys)
	  (NP-SBJ (D the)
		  (N place)
		  (CP-REL (WADVP-1 (WADV wher))
			  (C 0)
			  (IP-SUB (ADVP-LOC *T*-1)
				  (NP-SBJ (PRO$ ower) (NPR Savyr))
				  (VBD stode)
				  (PP (P whanne)
				      (CP-ADV (C 0)
					      (IP-SUB (NP-SBJ (PRO he))
						      (VBD apperyd)
						      (PP (P to)
							  (NP (NPR Mary) (NPR mawdeleyn)))
						      (PP (P aftyr)
							  (NP (PRO$ hys) (NPR Resurreccon)))
						      (, ,)
						      (PP (P in)
							  (NP (N lekeness)
							      (PP (P of)
								  (NP (D a) (N gardner)))))))))))
	  (. .))
  (ID TORKINGT-E1-P1,42.431))
/*
FOOTER
  source file, hits/tokens/total
  C:\Users\Shoo\Dropbox\workspace\CorpusSearch_Auto\data\corporas\PPCEME\temp1492105854173\travelogue\torkingt-e1-p1.psd	10/10/474
*/
/*
HEADER:
source file:  C:\Users\Shoo\Dropbox\workspace\CorpusSearch_Auto\data\corporas\PPCEME\temp1492105854173\travelogue\torkingt-e1-p2.psd
*/

/~*
And ther by ys a place wher the Aungell toke vp Abacok by the fronte And bar
hym to Babylon and sett hym in the lake of lyons wher Danyell the pphete was,
and refresshed hym with mete and Drynke.
(TORKINGT-E1-P2,46.9)
*~/
/*
7 P:  7 P, 8 by, 4 PP
*/

( (IP-MAT (CONJ And)
	  (PP (ADV ther) (P by))
	  (NP-SBJ-1 *exp*)
	  (BEP ys)
	  (NP-1 (D a)
		(N place)
		(CP-REL (WADVP-2 (WADV wher))
			(C 0)
			(IP-SUB (IP-SUB (ADVP-LOC *T*-2)
					(NP-SBJ (D the) (N Aungell))
					(VBD toke)
					(RP vp)
					(NP-OB1 (NPR Abacok))
					(PP (P by)
					    (NP (D the) (N fronte))))
				(CONJP (CONJ And)
				       (IP-SUB (ADVP-LOC *T*-2)
					       (NP-SBJ *con*)
					       (VBD bar)
					       (NP-OB1 (PRO hym))
					       (PP (P to)
						   (NP (NPR Babylon)))))
				(CONJP (CONJ and)
				       (IP-SUB (ADVP-LOC *T*-2)
					       (NP-SBJ *con*)
					       (VBD sett)
					       (NP-OB1 (PRO hym))
					       (PP (P in)
						   (NP (D the)
						       (N lake)
						       (PP (P of)
							   (NP (NS lyons)))
						       (CP-REL (WADVP-3 (WADV wher))
							       (C 0)
							       (IP-SUB (ADVP-LOC *T*-3)
								       (NP-SBJ (NPR Danyell)
									       (NP-PRN (D the)
										       (N pphete)
										       (CODE {COM:no_tilde})))
								       (BED was)))))))
				(, ,)
				(CONJP (CONJ and)
				       (IP-SUB (ADVP-LOC *T*-2)
					       (NP-SBJ *con*)
					       (VBD refresshed)
					       (NP-OB1 (PRO hym))
					       (PP (P with)
						   (NP (N mete) (CONJ and) (N Drynke))))))))
	  (. .))
  (ID TORKINGT-E1-P2,46.9))

/~*
And ther by ys a lityll Auter sum what vnder the Rook, wher the iij kyngs
offered to ower blyssyd Savyor Criste Jhu, Gold, Myrre, and Incence,
(TORKINGT-E1-P2,48.32)
*~/
/*
7 P:  7 P, 8 by, 4 PP
*/

( (IP-MAT (CONJ And)
	  (PP (ADV ther) (P by))
	  (NP-SBJ-1 *exp*)
	  (BEP ys)
	  (NP-1 (D a)
		(ADJ lityll)
		(N Auter)
		(PP (NP-MSR (Q sum) (WPRO what))
		    (P vnder)
		    (NP (D the)
			(N Rook)
			(, ,)
			(CP-REL (WADVP-2 (WADV wher))
				(C 0)
				(IP-SUB (ADVP-LOC *T*-2)
					(NP-SBJ (D the) (NUM iij) (NS kyngs))
					(VBD offered)
					(PP (P to)
					    (NP (PRO$ ower)
						(ADJ blyssyd)
						(NPR Savyor)
						(NP-PRN (NPR Criste) (NPR Jhu))))
					(, ,)
					(NP-OB1 (N Gold) (, ,) (N Myrre) (, ,) (CONJ and) (N Incence)))))))
	  (. ,))
  (ID TORKINGT-E1-P2,48.32))

/~*
And ther for I Doo no wryght itt.
(TORKINGT-E1-P2,67.86)
*~/
/*
7 P:  7 P, 8 for, 4 PP
*/

( (CONJP (CONJ And)
	 (PP (ADV ther) (P for))
	 (NP-SBJ (PRO I))
	 (DOP Doo)
	 (NEG no)
	 (VB wryght)
	 (NP-OB1 (PRO itt))
	 (. .))
  (ID TORKINGT-E1-P2,67.86))

/~*
Whyle we war thus occupyd in our pylyrymage at Jherusalem And ther a bowyt, we
passyd Sundry tymes by the temple of Salomon,
(TORKINGT-E1-P2,69.119)
*~/
/*
40 P:  40 P, 44 bowyt, 37 PP
*/

( (IP-MAT (PP (P Whyle)
	      (CP-ADV (C 0)
		      (IP-SUB (NP-SBJ (PRO we))
			      (BED war)
			      (ADVP (ADV thus))
			      (VAN occupyd)
			      (PP (P in)
				  (NP (PRO$ our) (N pylyrymage)))
			      (PP (PP (P at)
				      (NP (NPR Jherusalem)))
				  (CONJP (CONJ And)
					 (PP (ADV ther)
					     (P (P21 a) (P22 bowyt))))))))
	  (, ,)
	  (NP-SBJ (PRO we))
	  (VBD passyd)
	  (NP-TMP (ADJ Sundry) (NS tymes))
	  (PP (P by)
	      (NP (D the)
		  (N temple)
		  (PP (P of)
		      (NP (NPR Salomon)))))
	  (. ,))
  (ID TORKINGT-E1-P2,69.119))

/~*
ffor ther ys the most clere sight and best beholdyng ther of to them that may
not entre in to it.
(TORKINGT-E1-P2,69.121)
*~/
/*
32 P:  32 P, 33 of, 29 PP
*/

( (IP-MAT (CONJ ffor)
	  (ADVP-LOC (ADV ther))
	  (NP-SBJ-1 *exp*)
	  (BEP ys)
	  (NP-1 (D the)
		(ADJP (QS most) (ADJ clere))
		(N sight)
		(CONJP (CONJ and)
		       (NX (ADJS best) (N beholdyng)))
		(PP (ADV ther) (P of))
		(PP (P to)
		    (NP (PRO them)
			(CP-REL (WNP-2 0)
				(C that)
				(IP-SUB (NP-SBJ *T*-2)
					(MD may)
					(NEG not)
					(VB entre)
					(PP (RP in)
					    (P to)
					    (NP (PRO it))))))))
	  (. .))
  (ID TORKINGT-E1-P2,69.121))

/~*
And with in the same Temple ys the ffountayne wher of holy wrytt seyte, Vidi
aquam egredientem de templo.
(TORKINGT-E1-P2,71.147)
*~/
/*
28 P:  28 P, 29 of, 25 WPP-1
*/

( (IP-MAT (CONJ And)
	  (PP (P (P21 with) (P22 in))
	      (NP (D the) (ADJ same) (N Temple)))
	  (BEP ys)
	  (NP-SBJ (D the)
		  (N ffountayne)
		  (CP-REL (WPP-1 (WADV wher) (P of))
			  (C 0)
			  (IP-SUB (PP *T*-1)
				  (NP-SBJ (ADJ holy) (NPR wrytt))
				  (VBP seyte)
				  (, ,)
				  (QTP (LATIN (FW Vidi) (FW aquam) (FW egredientem) (FW de) (FW templo))))))
	  (. .))
  (ID TORKINGT-E1-P2,71.147))
/*
FOOTER
  source file, hits/tokens/total
  C:\Users\Shoo\Dropbox\workspace\CorpusSearch_Auto\data\corporas\PPCEME\temp1492105854173\travelogue\torkingt-e1-p2.psd	6/6/150
*/
/*
SUMMARY:  
source files, hits/tokens/total
  C:\Users\Shoo\Dropbox\workspace\CorpusSearch_Auto\data\corporas\PPCEME\temp1492105854173\travelogue\chaplain-e1-p2.psd	3/3/321
  C:\Users\Shoo\Dropbox\workspace\CorpusSearch_Auto\data\corporas\PPCEME\temp1492105854173\travelogue\coverte-e2-h.psd	0/0/320
  C:\Users\Shoo\Dropbox\workspace\CorpusSearch_Auto\data\corporas\PPCEME\temp1492105854173\travelogue\coverte-e2-p1.psd	1/1/326
  C:\Users\Shoo\Dropbox\workspace\CorpusSearch_Auto\data\corporas\PPCEME\temp1492105854173\travelogue\coverte-e2-p2.psd	1/1/355
  C:\Users\Shoo\Dropbox\workspace\CorpusSearch_Auto\data\corporas\PPCEME\temp1492105854173\travelogue\fiennes-e3-h.psd	0/0/347
  C:\Users\Shoo\Dropbox\workspace\CorpusSearch_Auto\data\corporas\PPCEME\temp1492105854173\travelogue\fiennes-e3-p1.psd	1/1/367
  C:\Users\Shoo\Dropbox\workspace\CorpusSearch_Auto\data\corporas\PPCEME\temp1492105854173\travelogue\fiennes-e3-p2.psd	3/3/361
  C:\Users\Shoo\Dropbox\workspace\CorpusSearch_Auto\data\corporas\PPCEME\temp1492105854173\travelogue\fryer-e3-h.psd	1/1/231
  C:\Users\Shoo\Dropbox\workspace\CorpusSearch_Auto\data\corporas\PPCEME\temp1492105854173\travelogue\fryer-e3-p1.psd	4/4/213
  C:\Users\Shoo\Dropbox\workspace\CorpusSearch_Auto\data\corporas\PPCEME\temp1492105854173\travelogue\fryer-e3-p2.psd	1/1/202
  C:\Users\Shoo\Dropbox\workspace\CorpusSearch_Auto\data\corporas\PPCEME\temp1492105854173\travelogue\jotaylor-e2-h.psd	1/1/348
  C:\Users\Shoo\Dropbox\workspace\CorpusSearch_Auto\data\corporas\PPCEME\temp1492105854173\travelogue\jotaylor-e2-p1.psd	3/3/416
  C:\Users\Shoo\Dropbox\workspace\CorpusSearch_Auto\data\corporas\PPCEME\temp1492105854173\travelogue\jotaylor-e2-p2.psd	4/4/368
  C:\Users\Shoo\Dropbox\workspace\CorpusSearch_Auto\data\corporas\PPCEME\temp1492105854173\travelogue\leland-e1-h.psd	2/2/462
  C:\Users\Shoo\Dropbox\workspace\CorpusSearch_Auto\data\corporas\PPCEME\temp1492105854173\travelogue\leland-e1-p1.psd	3/3/444
  C:\Users\Shoo\Dropbox\workspace\CorpusSearch_Auto\data\corporas\PPCEME\temp1492105854173\travelogue\leland-e1-p2.psd	3/3/428
  C:\Users\Shoo\Dropbox\workspace\CorpusSearch_Auto\data\corporas\PPCEME\temp1492105854173\travelogue\torkingt-e1-h.psd	17/17/457
  C:\Users\Shoo\Dropbox\workspace\CorpusSearch_Auto\data\corporas\PPCEME\temp1492105854173\travelogue\torkingt-e1-p1.psd	10/10/474
  C:\Users\Shoo\Dropbox\workspace\CorpusSearch_Auto\data\corporas\PPCEME\temp1492105854173\travelogue\torkingt-e1-p2.psd	6/6/150
whole search, hits/tokens/total
		64/64/6590
*/
