/*
PREFACE:  
Copyright 2010 Beth Randall
Date:  Thu Apr 13 18:50:41 BST 2017

command file:     data\searches\queries\YCOE\wh-relatives.q
output file:      C:\Users\Shoo\Dropbox\workspace\CorpusSearch_Auto\data\output\13-04-2017 18.46.36.333 YCOE\whrelatives\science_astronomy_geography\result.out

node:   CP-REL*|RCC*|*FRL*|WADJ*|WADV*|WNP|WPP|WPRO|WQP
query:  (WADJ*|WADV*|WNP|WPP|WPRO|WQP Dominates  !WADJ*|WADV*|WNP|WPP|WPRO|WQP) 
  AND  (CP-REL*|RCC*|*FRL* Dominates  WADJ*|WADV*|WNP|WPP|WPRO|WQP) 
*/
/*
HEADER:
source file:  C:\Users\Shoo\Dropbox\workspace\CorpusSearch_Auto\data\corporas\YCOE\temp1492105600559\science_astronomy_geography\cobyrhtf.o3.psd
*/

/~*
Hyt cwy+d for+don, +t+ar we gesawon +t+are lilian blosman +t+at ys +t+as
gerimes f+agernyssa, +t+ar we onfengon +t+are rosena sw+ac +t+at ys, +t+at we
ongeton +t+as gerimes deopnyssa.
(cobyrhtf,ByrM_1_[Baker-Lapidge]:1.1.150.116)
*~/
/*
16 WADVP-LOC-1:  16 WADVP-LOC-1, 18 +t+ar, 15 CP-FRL-LOC-SPE
*/
( (CODE <T22710008200,1.1.150>)
  (IP-MAT (NP-NOM (PRO^N Hyt))
	  (VBPI cwy+d)
	  (ADVP (ADV for+don))
	  (, ,)
	  (IP-MAT-SPE (CP-FRL-LOC-SPE (WADVP-LOC-1 (ADV^L +t+ar))
				      (C 0)
				      (IP-SUB-SPE (ADVP-LOC *T*-1)
						  (NP-NOM (PRO^N we))
						  (VBDI gesawon)
						  (NP (NP-GEN (D^G +t+are) (N^G lilian))
						      (N blosman)
						      (CODE <paren>)
						      (-PRN (NP-NOM (D^N +t+at))
							    (BEPI ys)
							    (XP (NP (NP-GEN (D^G +t+as) (N^G gerimes))
								    (N f+agernyssa))))
						      (CODE </paren>))))
		      (, ,)
		      (ADVP-LOC (ADV^L +t+ar))
		      (NP-NOM (PRO^N we))
		      (RP+VBDI onfengon)
		      (NP-ACC (NP-GEN (D^G +t+are) (N^G rosena))
			      (N^A sw+ac)
			      (CODE <paren>)
			      (-PRN (NP-NOM (D^N +t+at))
				    (BEPI ys)
				    (, ,)
				    (XP (CP-THT-SPE (C +t+at))
					(IP-SUB-SPE (NP-NOM (PRO^N we))
						    (VBDI ongeton)
						    (NP-ACC (NP-GEN (D^G +t+as) (N^G gerimes))
							    (N^A deopnyssa)))))
			      (CODE </paren>)))
	  (. .))
  (ID cobyrhtf,ByrM_1_[Baker-Lapidge]:1.1.150.116))

/~*
On hwylcum d+age man r+at IX kalendas Aprilis, swa fela beo+d concurrentes,
swylce ic +tus cwe+de:
(cobyrhtf,ByrM_1_[Baker-Lapidge]:1.2.94.208)
*~/
/*
9 WADJ^D:  9 WADJ^D, 10 hwylcum, 4 CP-FRL-TMP
*/

( (CODE <T22710016400,1.2.94>)
  (IP-MAT (CP-FRL-TMP (WPP-1 (P On)
			     (WNP-DAT (WADJ^D hwylcum) (N^D d+age)))
		      (C 0)
		      (IP-SUB (PP *T*-1)
			      (NP-NOM (MAN^N man))
			      (VBPI r+at)
			      (NP (NUM IX) (FW kalendas) (FW Aprilis))))
	  (, ,)
	  (NP-PRD (QP (ADV swa) (Q fela)))
	  (BEPI beo+d)
	  (NP-NOM (FW concurrentes))
	  (, ,)
	  (PP (P swylce)
	      (CPX-CMP (IPX-SUB (NP-NOM (PRO^N ic))
				(ADVP (ADV +tus))
				(VBP cwe+de))))
	  (. :))
  (ID cobyrhtf,ByrM_1_[Baker-Lapidge]:1.2.94.208))

/~*
+Tises circules gewuna ys, o+d+de ryne, +t+at loca hwylce concurrentes beon on
+tam geare +te by+d bissextus, +t+at +ta w+aron fif wintrum +ar and eft binnan
syx wintrum hig cuma+d;
(cobyrhtf,ByrM_1_[Baker-Lapidge]:1.2.99.211)
*~/
/*
36 WADJ^N:  36 WADJ^N, 37 hwylce, 32 CP-FRL-LFD-3
*/

( (CODE <T22710016600,1.2.99>)
  (IP-MAT (NP-NOM-x *exp*)
	  (NP-NOM-PRD (NP-GEN (D^G +Tises) (N^G circules))
		      (N^N gewuna)
		      (CONJP *ICH*-1))
	  (BEPI ys)
	  (, ,)
	  (CONJP-1 (CONJ o+d+de)
		   (NX-NOM (N^N ryne)))
	  (, ,)
	  (CP-THT-x (C +t+at)
		    (CP-THT (CP-FRL-LFD-3 (WNP-NOM-4 (ADV loca) (WADJ^N hwylce) (FW concurrentes))
					  (C 0)
					  (IP-SUB (NP-NOM *T*-4)
						  (BEPS beon)
						  (PP (P on)
						      (NP-DAT (D^D +tam)
							      (N^D geare)
							      (CP-REL (WNP-NOM-2 0)
								      (C +te)
								      (IP-SUB (NP-NOM *T*-2)
									      (BEPI by+d)
									      (NP-PRD (FW bissextus))))))))
			    (, ,)
			    (C +t+at)
			    (IP-SUB (IP-SUB (CP-FRL-LFD *ICH*-3)
					    (NP-NOM-RSP (D^N +ta))
					    (BEDI w+aron)
					    (ADVP-TMP (NP-DAT-EXT (NUM fif) (N^D wintrum))
						      (ADV^T +ar)))
				    (CONJP (CONJ and)
					   (IP-SUB-CON (ADVP-TMP (ADV^T eft))
						       (PP (P binnan)
							   (NP-DAT (NUM syx) (N^D wintrum)))
						       (NP-NOM (PRO^N hig))
						       (VBPI cuma+d))))))
	  (. ;))
  (ID cobyrhtf,ByrM_1_[Baker-Lapidge]:1.2.99.211))

/~*
twa +t+ar synt to lafe, +ta tacnia+d +t+at hyt ys Monand+ag +te ic +tis
gesette.
(cobyrhtf,ByrM_1_[Baker-Lapidge]:1.2.238.335)
*~/
/*
44 WADVP-TMP-3:  44 WADVP-TMP-3, 45 0, 43 CP-REL
44 WADVP-TMP-3:  44 WADVP-TMP-3, 45 0, 20 CP-REL-1
*/

( (IP-MAT (NP-NOM (NUM^N twa)
		  (CP-REL *ICH*-1))
	  (ADVP-LOC (ADV^L +t+ar))
	  (BEPI synt)
	  (PP (P to)
	      (NP (N lafe)))
	  (, ,)
	  (CP-REL-1 (WNP-NOM-2 (D^N +ta))
		    (C 0)
		    (IP-SUB (NP-NOM *T*-2)
			    (VBPI tacnia+d)
			    (CP-THT (C +t+at)
				    (IP-SUB (NP-NOM (PRO^N hyt))
					    (BEPI ys)
					    (NP-NOM-PRD (NR^N Monand+ag)
							(CP-REL (WADVP-TMP-3 0)
								(C +te)
								(IP-SUB (ADVP-TMP *T*-3)
									(NP-NOM (PRO^N ic))
									(NP-ACC (D^A +tis))
									(VBP gesette))))))))
	  (. .))
  (ID cobyrhtf,ByrM_1_[Baker-Lapidge]:1.2.238.335))

/~*
+Ty geare +te by+d luna prima on kalendas Ianuarii, +tonne by+d he geendod syx
si+don +trittig and syx si+don nigon and twentig on XIII kalendas Ianuarii,
(cobyrhtf,ByrM_1_[Baker-Lapidge]:1.2.327.431)
*~/
/*
10 WADVP-TMP-1:  10 WADVP-TMP-1, 11 0, 9 CP-REL
*/

( (CODE <T22710031900,1.2.327>)
  (IP-MAT (NP-DAT-TMP (D^I +Ty)
		      (N^D geare)
		      (CP-REL (WADVP-TMP-1 0)
			      (C +te)
			      (IP-SUB (ADVP-TMP *T*-1)
				      (BEPI by+d)
				      (NP-NOM (FW luna) (FW prima))
				      (PP (P on)
					  (NP (FW kalendas) (FW Ianuarii))))))
	  (, ,)
	  (ADVP-TMP (ADV^T +tonne))
	  (BEPI by+d)
	  (NP-NOM (PRO^N he))
	  (VBN geendod)
	  (NP-TMP (NUMP (NUM syx) (N^D si+don) (NUM +trittig) (CONJ and) (NUM syx) (N^D si+don) (NUM nigon) (CONJ and) (NUM twentig)))
	  (PP (P on)
	      (NP (NUM XIII) (FW kalendas) (FW Ianuarii)))
	  (. ,))
  (ID cobyrhtf,ByrM_1_[Baker-Lapidge]:1.2.327.431))

/~*
Loca hwylce hig beo+d, swa fela concurrentes.
(cobyrhtf,ByrM_1_[Baker-Lapidge]:1.4.26.542)
*~/
/*
8 WADJ^N:  8 WADJ^N, 9 hwylce, 4 CP-FRL
*/

( (CODE <T22710039500,1.4.26>)
  (FRAG (CP-FRL (WNP-NOM-1 (ADV Loca) (WADJ^N hwylce))
		(C 0)
		(IP-SUB (NP-NOM-PRD *T*-1)
			(NP-NOM (PRO^N hig))
			(BEPI beo+d)))
	(, ,)
	(NP (QP (ADV swa) (Q fela))
	    (FW concurrentes))
	(. .))
  (ID cobyrhtf,ByrM_1_[Baker-Lapidge]:1.4.26.542))

/~*
He s+ade +t+at Iulius se m+anigtywa casere +tisne bissextum gemette o+d+de
aspirode and hine gelagode on +t+are stowe +te we nu hine healda+d, +t+at ys
on VI kalendas Martii.
(cobyrhtf,ByrM_1_[Baker-Lapidge]:2.1.74.634)
*~/
/*
56 WADVP-LOC-1:  56 WADVP-LOC-1, 57 0, 55 CP-REL
*/

( (CODE <T22710045700,2.1.74>)
  (IP-MAT (NP-NOM (PRO^N He))
	  (VBD s+ade)
	  (CP-THT (C +t+at)
		  (IP-SUB (IP-SUB (NP-NOM (NR^N Iulius)
					  (NP-NOM-PRN (D^N se) (ADJ^N m+anigtywa) (N^N casere)))
				  (NP-ACC (D^A +tisne) (FW bissextum))
				  (VBD (VBD gemette) (CONJ o+d+de) (VBD aspirode)))
			  (CONJP (CONJ and)
				 (IP-SUB-CON (NP-NOM *con*)
					     (NP-ACC (PRO^A hine))
					     (VBD gelagode)
					     (PP (P on)
						 (NP-DAT (D^D +t+are)
							 (N^D stowe)
							 (CP-REL (WADVP-LOC-1 0)
								 (C +te)
								 (IP-SUB (ADVP-LOC *T*-1)
									 (NP-NOM (PRO^N we))
									 (ADVP-TMP (ADV^T nu))
									 (NP-ACC (PRO^A hine))
									 (VBPI healda+d)))
							 (, ,)
							 (IP-MAT-PRN (NP-NOM (D^N +t+at))
								     (BEPI ys)
								     (XP (PP (P on)
									     (NP (NUM VI)
										 (FW kalendas)
										 (NP-GEN (NR^G Martii))))))))))))
	  (. .))
  (ID cobyrhtf,ByrM_1_[Baker-Lapidge]:2.1.74.634))

/~*
On +tam forman geare +te bissextus by+d g+a+d seo sunne on +arnemergen on
+t+at tacen +te ys Aries, +t+at ys ram, genemned,
(cobyrhtf,ByrM_1_[Baker-Lapidge]:2.1.102.652)
*~/
/*
15 WADVP-TMP-1:  15 WADVP-TMP-1, 16 0, 14 CP-REL
*/

( (CODE <T22710046700,2.1.102>)
  (IP-MAT (PP (P On)
	      (NP-DAT (D^D +tam)
		      (ADJ^D forman)
		      (N^D geare)
		      (CP-REL (WADVP-TMP-1 0)
			      (C +te)
			      (IP-SUB (ADVP-TMP *T*-1)
				      (NP-NOM (FW bissextus))
				      (BEPI by+d)))))
	  (VBPI g+a+d)
	  (NP-NOM (D^N seo) (N^N sunne))
	  (PP (P on)
	      (NP-ACC (N^A +arnemergen)))
	  (PP (P on)
	      (NP-ACC (D^A +t+at)
		      (N^A tacen)
		      (CP-REL (WNP-NOM-2 0)
			      (C +te)
			      (IP-SUB (NP-NOM *T*-2)
				      (BEPI ys)
				      (NP-PRD (FW Aries)
					      (, ,)
					      (IP-MAT-PRN (NP-NOM (D^N +t+at))
							  (BEPI ys)
							  (XP (NP-NOM (N^N ram)))))
				      (, ,)
				      (VBN genemned)))))
	  (. ,))
  (ID cobyrhtf,ByrM_1_[Baker-Lapidge]:2.1.102.652))

/~*
Betwux +tisre spr+ace sceal se rimre ge+tencean +t+at he gedo +t+at Februarius
mon+d +ty geare h+abbe +trittig nihta ealdne monan, beo he +t+ar +t+ar he beo
nigon and twentig nihta eald geendod -- gif he by+d beforan +tam intercalatum
uel interpolatum diem, +t+at ys gif he by+d beforan +tam gesettan d+age,
o+d+de he by+d betwynan +tam gelogodan d+age, +t+at ys bissextus $and
$kalendas $Martii.
(cobyrhtf,ByrM_1_[Baker-Lapidge]:2.1.121.663)
*~/
/*
72 WADVP-LOC-1:  72 WADVP-LOC-1, 74 +t+ar, 71 CP-REL
*/

( (CODE <T22710047300,2.1.121>)
  (IP-MAT (PP (P Betwux)
	      (NP-DAT (D^D +tisre) (N^D spr+ace)))
	  (MDPI sceal)
	  (NP-NOM (D^N se) (N^N rimre))
	  (VB ge+tencean)
	  (CP-THT (C +t+at)
		  (IP-SUB (NP-NOM (PRO^N he))
			  (VBPS gedo)
			  (CP-THT (C +t+at)
				  (IP-SUB (NP-NOM (NP-GEN (NR^G Februarius))
						  (N^N mon+d))
					  (NP-DAT-TMP (D^I +ty) (N^D geare))
					  (HVPS h+abbe)
					  (NP-ACC (ADJP-ACC (NP-EXT (NUM +trittig)
								    (NP-GEN (N^G nihta)))
							    (ADJ^A ealdne))
						  (N^A monan))))))
	  (, ,)
	  (CP-ADV (IP-SUB (BEPS beo)
			  (NP-NOM (PRO^N he))
			  (ADVP-LOC (ADV^L +t+ar)
				    (CP-REL (WADVP-LOC-1 (ADV^L +t+ar))
					    (C 0)
					    (IP-SUB (ADVP-LOC *T*-1)
						    (NP-NOM (PRO^N he))
						    (BEPS beo)
						    (ADJP-NOM (NP-EXT (NUMP (NUM nigon) (CONJ and) (NUM twentig))
								      (NP-GEN (N^G nihta)))
							      (ADJ^N eald))
						    (VBN geendod))))))
	  (, --)
	  (CP-ADV (P gif)
		  (C 0)
		  (IP-SUB (IP-SUB (NP-NOM (PRO^N he))
				  (BEPI by+d)
				  (PP (P beforan)
				      (NP-DAT (D^D +tam)
					      (FW intercalatum)
					      (FW uel)
					      (FW interpolatum)
					      (FW diem)
					      (, ,)
					      (IP-MAT-PRN (NP-NOM (D^N +t+at))
							  (BEPI ys)
							  (XP (CP-ADV (P gif)
								      (C 0)
								      (IP-SUB (NP-NOM (PRO^N he))
									      (BEPI by+d)
									      (PP (P beforan)
										  (NP-DAT (D^D +tam) (VBN^D gesettan) (N^D d+age))))))))))
			  (, ,)
			  (CONJP (CONJ o+d+de)
				 (IP-SUB-CON (NP-NOM (PRO^N he))
					     (BEPI by+d)
					     (PP (P betwynan)
						 (NP-DAT (NP-DAT (D^D +tam)
								 (VBN^D gelogodan)
								 (N^D d+age)
								 (, ,)
								 (IP-MAT-PRN (NP-NOM (D^N +t+at))
									     (BEPI ys)
									     (XP (FW bissextus))))
							 (CONJP (CONJ $and)
								(NP (FW $kalendas)
								    (NP-GEN (NR^G $Martii))))))))))
	  (. .))
  (ID cobyrhtf,ByrM_1_[Baker-Lapidge]:2.1.121.663))

/~*
and man hyt m+ag settan to gewitnysse loca hw+ar +tam writere ge+tince.
(cobyrhtf,ByrM_1_[Baker-Lapidge]:2.1.229.729)
*~/
/*
24 WADV^L:  24 WADV^L, 25 hw+ar, 20 CP-FRL-LOC
*/

( (IP-MAT (CONJ and)
	  (NP-NOM (MAN^N man))
	  (NP-ACC (PRO^A hyt))
	  (MDPI m+ag)
	  (VB settan)
	  (PP (P to)
	      (NP (N gewitnysse)))
	  (CP-FRL-LOC (WADVP-LOC-1 (ADV loca) (WADV^L hw+ar))
		      (C 0)
		      (IP-SUB (ADVP-LOC *T*-1)
			      (NP-NOM *exp*)
			      (NP-DAT (D^D +tam) (N^D writere))
			      (VBPS ge+tince)))
	  (. .))
  (ID cobyrhtf,ByrM_1_[Baker-Lapidge]:2.1.229.729))

/~*
$+Dis tacen bi+d gesett +t+ar +ta deopan +ting beo+d unkydde.
(cobyrhtf,ByrM_1_[Baker-Lapidge]:2.1.246.742)
*~/
/*
14 WADVP-LOC-1:  14 WADVP-LOC-1, 16 +t+ar, 13 CP-FRL-LOC
*/

( (CODE <T22710052800,2.1.246>)
  (IP-MAT (NP-NOM (D^N $+Dis) (N^N tacen))
	  (BEPI bi+d)
	  (VBN gesett)
	  (CP-FRL-LOC (WADVP-LOC-1 (ADV^L +t+ar))
		      (C 0)
		      (IP-SUB (ADVP-LOC *T*-1)
			      (NP-NOM (D^N +ta) (ADJ^N deopan) (N^N +ting))
			      (BEPI beo+d)
			      (VBN^N unkydde)))
	  (. .))
  (ID cobyrhtf,ByrM_1_[Baker-Lapidge]:2.1.246.742))
/*
FOOTER
  source file, hits/tokens/total
  C:\Users\Shoo\Dropbox\workspace\CorpusSearch_Auto\data\corporas\YCOE\temp1492105600559\science_astronomy_geography\cobyrhtf.o3.psd	11/11/813
*/
/*
HEADER:
source file:  C:\Users\Shoo\Dropbox\workspace\CorpusSearch_Auto\data\corporas\YCOE\temp1492105600559\science_astronomy_geography\comarvel.o23.psd
*/

/~*
Fram Babilonia o+d Persiam +ta burh +d+ar se pipor weaxet is +t+as l+assan
milget+ales +te stadia hatte eahta hund milia.
(comarvel,Marv:6.8.38)
*~/
/*
22 WADVP-LOC-1:  22 WADVP-LOC-1, 24 +d+ar, 21 CP-REL
*/

( (CODE <T23010003300,6.8>)
  (IP-MAT (PP (P Fram)
	      (NP (NR Babilonia)))
	  (PP (P o+d)
	      (NP-ACC (NR^A Persiam)
		      (NP-ACC-PRN (D^A +ta) (N^A burh))
		      (CP-REL (WADVP-LOC-1 (ADV^L +d+ar))
			      (C 0)
			      (IP-SUB (ADVP-LOC *T*-1)
				      (NP-NOM (D^N se) (N^N pipor))
				      (VBPI weaxet)))))
	  (BEPI is)
	  (NP-NOM (NP-GEN (D^G +t+as)
			  (QR^G l+assan)
			  (N^G milget+ales)
			  (CP-REL (WNP-NOM-2 0)
				  (C +te)
				  (IP-SUB (NP-NOM *T*-2)
					  (NP-PRD (FW stadia))
					  (VBD hatte))))
		  (NUMP (NUM eahta) (NUM hund))
		  (NP-GEN (N^G milia)))
	  (. .))
  (ID comarvel,Marv:6.8.38))

/~*
+Donne +da +amettan hi onfinda+d, & +ta hwile +de +ta +amettan ymbe +da stedan
abiscode beo+d, +tonne +da men mid +tam myran & +tam golde ofer +da ea fara+d.
(comarvel,Marv:9.7.60)
*~/
/*
32 WADVP-TMP-1:  32 WADVP-TMP-1, 33 0, 31 CP-REL
*/

( (CODE <T23010004900,9.7>)
  (IP-MAT (CP-ADV (CP-ADV (P +Donne)
			  (C 0)
			  (IP-SUB (NP-NOM (D^N +da) (N^N +amettan))
				  (NP-ACC (PRO^A hi))
				  (RP+VBPI onfinda+d)))
		  (, ,)
		  (CONJP (CONJ &)
			 (NP-ACC-TMP (D^A +ta)
				     (N^A hwile)
				     (CP-REL (WADVP-TMP-1 0)
					     (C +de)
					     (IP-SUB (ADVP-TMP *T*-1)
						     (NP-NOM (D^N +ta) (N^N +amettan))
						     (PP (P ymbe)
							 (NP-ACC (D^A +da) (N^A stedan)))
						     (VBN^N abiscode)
						     (BEPI beo+d))))))
	  (, ,)
	  (ADVP-TMP (ADV^T +tonne))
	  (NP-NOM (D^N +da) (N^N men))
	  (PP (P mid)
	      (NP-DAT (NP-DAT (D^D +tam) (N^D myran))
		      (CONJP (CONJ &)
			     (NP-DAT (D^D +tam) (N^D golde)))))
	  (PP (P ofer)
	      (NP-ACC (D^A +da) (N^A ea)))
	  (VBPI fara+d)
	  (. .))
  (ID comarvel,Marv:9.7.60))

/~*
$Ciconia in Gallia hatte +t+at land +t+ar beo+d men acenned +treosellices
hiwes, +tara heafda beo+d gemona swa leona heafdo,
(comarvel,Marv:12.1.70)
*~/
/*
21 WADVP-LOC-1:  21 WADVP-LOC-1, 23 +t+ar, 20 CP-REL
66 WADJP-4:  66 WADJP-4, 67 0, 45 CP-REL-2
66 WADJP-4:  66 WADJP-4, 67 0, 20 CP-REL
*/

( (CODE <T23010005700,12.1>)
  (IP-MAT (NP-PRD (FW $Ciconia))
	  (PP (P in)
	      (NP (NR Gallia)))
	  (VBD hatte)
	  (NP-NOM (D^N +t+at)
		  (N^N land)
		  (CP-REL (WADVP-LOC-1 (ADV^L +t+ar))
			  (C 0)
			  (IP-SUB (ADVP-LOC *T*-1)
				  (BEPI beo+d)
				  (NP-NOM (N^N men)
					  (CP-REL *ICH*-2))
				  (VBN acenned)
				  (NP-GEN-PRD (ADJ^G +treosellices) (N^G hiwes))
				  (, ,)
				  (CP-REL-2 (WNP-NOM-3 (NP-GEN (D^G +tara))
						       (N^N heafda))
					    (C 0)
					    (IP-SUB-0 (NP-NOM *T*-3)
						      (BEPI beo+d)
						      (ADJP-NOM-PRD (ADJ^N gemona)
								    (PP (P swa)
									(CP-CMP (WADJP-4 0)
										(C 0)
										(IPX-SUB=0 (ADJP-PRD *T*-4)
											   (NP-NOM (NP-GEN (N^G leona))
												   (N^N heafdo)))))))))))
	  (. ,))
  (ID comarvel,Marv:12.1.70))

/~*
Cu+dlice swa hwylcne mann swa hi gefo+d, +tonne freta+d hi hine.
(comarvel,Marv:13.3.79)
*~/
/*
12 WADJ^A:  12 WADJ^A, 13 hwylcne, 7 CP-FRL-LFD
*/

( (CODE <T23010006200,13.3>)
  (IP-MAT (ADVP (ADV Cu+dlice))
	  (CP-FRL-LFD (WNP-ACC-1 (WADJP-ACC (ADV swa) (WADJ^A hwylcne))
				 (N^A mann))
		      (C swa)
		      (IP-SUB (NP-ACC *T*-1)
			      (NP-NOM (PRO^N hi))
			      (VBPI gefo+d)))
	  (, ,)
	  (ADVP-TMP (ADV^T +tonne))
	  (VBPI freta+d)
	  (NP-NOM (PRO^N hi))
	  (NP-ACC-RSP (PRO^A hine))
	  (. .))
  (ID comarvel,Marv:13.3.79))

/~*
+D+ar beo+d dracan kende, +da beo+d on lenge hundteontiges fotm+ala and
fiftiges lange, & beo+d greate swa st+anene sweras micle.
(comarvel,Marv:16.1.84)
*~/
/*
70 WADJP-4:  70 WADJP-4, 71 0, 18 CP-REL-1
*/

( (CODE <T23010006700,16.1>)
  (IP-MAT (ADVP-LOC (ADV^L +D+ar))
	  (BEPI beo+d)
	  (NP-NOM (N^N dracan)
		  (CP-REL *ICH*-1))
	  (VBN^N kende)
	  (, ,)
	  (CP-REL-1 (WNP-NOM-2 (D^N +da))
		    (C 0)
		    (IP-SUB (IP-SUB (NP-NOM *T*-2)
				    (BEPI beo+d)
				    (PP (P on)
					(NP (N lenge)))
				    (ADJP-NOM-PRD (NP-GEN-EXT (NUMP-GEN (NUM^G hundteontiges)
									(CONJP *ICH*-3))
							      (NP-GEN (N^G fotm+ala))
							      (CONJP-3 (CONJ and) (NUM^G fiftiges)))
						  (ADJ^N lange)))
			    (, ,)
			    (CONJP (CONJ &)
				   (IP-SUB-CON-0 (NP-NOM *T*-2)
						 (BEPI beo+d)
						 (ADJP-NOM-PRD (ADJ^N greate)
							       (PP (P swa)
								   (CP-CMP (WADJP-4 0)
									   (C 0)
									   (IPX-SUB=0 (ADJP-PRD *T*-4)
										      (NP-NOM (ADJ^N st+anene) (N^N sweras) (Q^N micle))))))))))
	  (. .))
  (ID comarvel,Marv:16.1.84))

/~*
+Donne is sum ealand on +d+are Readan S+a, +t+ar is moncynn +t+at is mid us
Donestre genemned, +ta syndon geweaxene swa frihteras fram +dan heafde o+d
+done nafelan,
(comarvel,Marv:20.1.101)
*~/
/*
29 WADVP-LOC-2:  29 WADVP-LOC-2, 31 +t+ar, 28 CP-REL-1
*/

( (CODE <T23010008100,20.1>)
  (IP-MAT (ADVP-TMP (ADV^T +Donne))
	  (BEPI is)
	  (NP-NOM (Q^N sum)
		  (N^N ealand)
		  (CP-REL *ICH*-1))
	  (PP (P on)
	      (NP-DAT (D^D +d+are) (ADJ^D Readan) (N^D S+a)))
	  (, ,)
	  (CP-REL-1 (WADVP-LOC-2 (ADV^L +t+ar))
		    (C 0)
		    (IP-SUB (ADVP-LOC *T*-2)
			    (BEPI is)
			    (NP-NOM (N^N moncynn)
				    (CP-REL (WNP-NOM-3 (D^N +t+at))
					    (C 0)
					    (IP-SUB (NP-NOM *T*-3)
						    (BEPI is)
						    (PP (P mid)
							(NP (PRO us)))
						    (NP-PRD (FW Donestre))
						    (VBN genemned)))
				    (, ,)
				    (CP-REL (WNP-NOM-4 (D^N +ta))
					    (C 0)
					    (IP-SUB (NP-NOM *T*-4)
						    (BEPI syndon)
						    (VBN^N geweaxene)
						    (PP (P swa)
							(CPX-CMP (IPX-SUB (NP-NOM (N^N frihteras)))))
						    (PP (P fram)
							(NP-DAT (D^I +dan) (N^D heafde)))
						    (PP (P o+d)
							(NP-ACC (D^A +done) (N^A nafelan))))))))
	  (. ,))
  (ID comarvel,Marv:20.1.101))

/~*
+Danan is east +d+ar beo+d men akenned +ta beo+d aw+astme fiftyne fota lange &
on br+ade tyn fotm+ala.
(comarvel,Marv:21.1.110)
*~/
/*
13 WADVP-LOC-1:  13 WADVP-LOC-1, 15 +d+ar, 12 CP-FRL-SBJ
*/

( (CODE <T23010008400,21.1>)
  (IP-MAT (ADVP-DIR (ADV^D +Danan))
	  (BEPI is)
	  (ADVP-LOC (ADV^L east))
	  (CP-FRL-SBJ (WADVP-LOC-1 (ADV^L +d+ar))
		      (C 0)
		      (IP-SUB (ADVP-LOC *T*-1)
			      (BEPI beo+d)
			      (NP-NOM (N^N men)
				      (CP-REL *ICH*-2))
			      (VBN akenned)
			      (CP-REL-2 (WNP-NOM-3 (D^N +ta))
					(C 0)
					(IP-SUB (IP-SUB-0 (NP-NOM *T*-3)
							  (BEPI beo+d)
							  (ADVP (ADV aw+astme))
							  (ADJP-NOM-PRD (NP-GEN-EXT (NUM fiftyne) (N^G fota))
									(ADJ^N lange)))
						(CONJP (CONJ &)
						       (IPX-SUB-CON=0 (PP (P on)
									  (NP (N br+ade)))
								      (NP-PRD (NUM tyn)
									      (NP-GEN (N^G fotm+ala)))))))))
	  (. .))
  (ID comarvel,Marv:21.1.110))

/~*
+Donne is o+der rice on Babilonia landum +t+ar is seo m+aste dun betweoh Media
dune & Armenia.
(comarvel,Marv:25.1.125)
*~/
/*
26 WADVP-LOC-2:  26 WADVP-LOC-2, 28 +t+ar, 25 CP-REL-1
*/

( (CODE <T23010009500,25.1>)
  (IP-MAT (ADVP-TMP (ADV^T +Donne))
	  (BEPI is)
	  (NP-NOM (ADJ^N o+der)
		  (N^N rice)
		  (CP-REL *ICH*-1))
	  (PP (P on)
	      (NP-DAT (NP-GEN (NR Babilonia))
		      (N^D landum)))
	  (CP-REL-1 (WADVP-LOC-2 (ADV^L +t+ar))
		    (C 0)
		    (IP-SUB (ADVP-LOC *T*-2)
			    (BEPI is)
			    (NP-NOM (D^N seo) (QS^N m+aste) (N^N dun))
			    (PP (P betweoh)
				(NP (NP (NP-GEN (NR Media))
					(N dune))
				    (CONJP (CONJ &)
					   (NP (NR Armenia)))))))
	  (. .))
  (ID comarvel,Marv:25.1.125))

/~*
+Donne syndon treowcynn of +dam +da deorweorstan stanas beo+d acende, & +tanon
+t+atte hi growa+d.
(comarvel,Marv:31.1.151)
*~/
/*
42 WADVP-DIR-2:  42 WADVP-DIR-2, 44 +tanon, 41 CP-REL
42 WADVP-DIR-2:  42 WADVP-DIR-2, 44 +tanon, 12 CP-REL
*/

( (CODE <T23010011400,31.1>)
  (IP-MAT (ADVP-TMP (ADV^T +Donne))
	  (BEPI syndon)
	  (NP-NOM (N^N treowcynn)
		  (CP-REL (CP-REL (WPP-1 (P of)
					 (NP-DAT (D^D +dam)))
				  (C 0)
				  (IP-SUB (PP *T*-1)
					  (NP-NOM (D^N +da) (ADJS^N deorweorstan) (N^N stanas))
					  (BEPI beo+d)
					  (VBN^N acende)))
			  (, ,)
			  (CONJP (CONJ &)
				 (CP-REL (WADVP-DIR-2 (ADV^D +tanon))
					 (C +t+atte)
					 (IP-SUB (ADVP-DIR *T*-2)
						 (NP-NOM (PRO^N hi))
						 (VBPI growa+d))))))
	  (. .))
  (ID comarvel,Marv:31.1.151))

/~*
+Donne is sum land wingeardas weaxat on swi+dast, +t+ar bi+d rest of elpenda
bane geworht.
(comarvel,Marv:33.1.153)
*~/
/*
36 WADVP-LOC-2:  36 WADVP-LOC-2, 38 +t+ar, 35 CP-REL
*/

( (CODE <T23010011600,33.1>)
  (IP-MAT (ADVP-TMP (ADV^T +Donne))
	  (BEPI is)
	  (NP-NOM (Q^N sum)
		  (N^N land)
		  (CP-REL (WNP-1 0)
			  (C 0)
			  (IP-SUB (NP-NOM (N^N wingeardas))
				  (VBPI weaxat)
				  (PP (NP *T*-1)
				      (P on))
				  (ADVP (ADVS swi+dast))))
		  (, ,)
		  (CP-REL (WADVP-LOC-2 (ADV^L +t+ar))
			  (C 0)
			  (IP-SUB (ADVP-LOC *T*-2)
				  (BEPI bi+d)
				  (NP-NOM (N^N rest))
				  (PP (P of)
				      (NP-DAT (NP-GEN (N^G elpenda))
					      (N^D bane)))
				  (VBN geworht))))
	  (. .))
  (ID comarvel,Marv:33.1.153))

/~*
+Donne is o+der dun +t+ar syndon swearte menn,
(comarvel,Marv:36.1.162)
*~/
/*
15 WADVP-LOC-1:  15 WADVP-LOC-1, 17 +t+ar, 14 CP-REL
*/

( (CODE <T23010012400,36.1>)
  (IP-MAT (ADVP-TMP (ADV^T +Donne))
	  (BEPI is)
	  (NP-NOM (ADJ^N o+der)
		  (N^N dun)
		  (CP-REL (WADVP-LOC-1 (ADV^L +t+ar))
			  (C 0)
			  (IP-SUB (ADVP-LOC *T*-1)
				  (BEPI syndon)
				  (NP-NOM (ADJ^N swearte) (N^N menn)))))
	  (. ,))
  (ID comarvel,Marv:36.1.162))
/*
FOOTER
  source file, hits/tokens/total
  C:\Users\Shoo\Dropbox\workspace\CorpusSearch_Auto\data\corporas\YCOE\temp1492105600559\science_astronomy_geography\comarvel.o23.psd	12/11/163
*/
/*
HEADER:
source file:  C:\Users\Shoo\Dropbox\workspace\CorpusSearch_Auto\data\corporas\YCOE\temp1492105600559\science_astronomy_geography\cotempo.o3.psd
*/

/~*
On +da healfe +de heo scin+d +t+ar bi+d d+ag,
(cotempo,+ATemp:1.20.36)
*~/
/*
13 WADVP-LOC-1:  13 WADVP-LOC-1, 14 0, 12 CP-REL
*/

( (CODE <T03990002300,1.20>)
  (IP-MAT (PP (P On)
	      (NP-ACC (D^A +da)
		      (N^A healfe)
		      (CP-REL (WADVP-LOC-1 0)
			      (C +de)
			      (IP-SUB (ADVP-LOC *T*-1)
				      (NP-NOM (PRO^N heo))
				      (VBPI scin+d)))))
	  (ADVP-LOC (ADV^L +t+ar))
	  (BEPI bi+d)
	  (NP-NOM (N^N d+ag))
	  (. ,))
  (ID cotempo,+ATemp:1.20.36))

/~*
& on +da healfe +de heo ne scin+d +t+ar bi+d niht.
(cotempo,+ATemp:1.20.37)
*~/
/*
13 WADVP-LOC-1:  13 WADVP-LOC-1, 14 0, 12 CP-REL
*/

( (IP-MAT (CONJ &)
	  (PP (P on)
	      (NP-ACC (D^A +da)
		      (N^A healfe)
		      (CP-REL (WADVP-LOC-1 0)
			      (C +de)
			      (IP-SUB (ADVP-LOC *T*-1)
				      (NP-NOM (PRO^N heo))
				      (NEG ne)
				      (VBPI scin+d)))))
	  (ADVP-LOC (ADV^L +t+ar))
	  (BEPI bi+d)
	  (NP-NOM (N^N niht))
	  (. .))
  (ID cotempo,+ATemp:1.20.37))

/~*
ac swa +deah on bocum is geteald to anum d+age fram +d+are sunnan upgange o+d
+t+at heo eft becume +t+ar heo +ar uppstah,
(cotempo,+ATemp:1.24.44)
*~/
/*
56 WADVP-LOC-1:  56 WADVP-LOC-1, 58 +t+ar, 55 CP-FRL-LOC
*/

( (IP-MAT (CONJ ac)
	  (ADVP (ADV swa) (ADV +deah))
	  (PP (P on)
	      (NP-DAT (N^D bocum)))
	  (BEPI is)
	  (VBN geteald)
	  (PP (P to)
	      (NP-DAT (NUM^D anum) (N^D d+age)))
	  (XP-SBJ (PP (P fram)
		      (NP-DAT (NP-GEN (D^G +d+are) (N^G sunnan))
			      (N^D upgange)))
		  (CP-ADV (P o+d)
			  (D^A +t+at)
			  (C 0)
			  (IP-SUB (NP-NOM (PRO^N heo))
				  (ADVP-TMP (ADV^T eft))
				  (VBPS becume)
				  (CP-FRL-LOC (WADVP-LOC-1 (ADV^L +t+ar))
					      (C 0)
					      (IP-SUB (ADVP-LOC *T*-1)
						      (NP-NOM (PRO^N heo))
						      (ADVP-TMP (ADV^T +ar))
						      (RP+VBDI uppstah))))))
	  (. ,))
  (ID cotempo,+ATemp:1.24.44))

/~*
& gesette hi on +arnemerigen on middan eastd+ale, +t+ar $+d+as emnihtes circul
is geteald, +t+at heo +afre ymbe geares ymbrynum +t+ar +done d+ag, & +da niht
geemnytte on gelicere w+agan.
(cotempo,+ATemp:2.2.75)
*~/
/*
28 WADVP-LOC-1:  28 WADVP-LOC-1, 30 +t+ar, 27 CP-REL
*/

( (IP-MAT (CONJ &)
	  (NP-NOM *con*)
	  (VBD gesette)
	  (NP-ACC (PRO^A hi))
	  (PP (P on)
	      (NP-ACC (N^A +arnemerigen)))
	  (PP (P on)
	      (NP-DAT (ADJ^D middan)
		      (N^D eastd+ale)
		      (, ,)
		      (CP-REL (WADVP-LOC-1 (ADV^L +t+ar))
			      (C 0)
			      (IP-SUB (ADVP-LOC *T*-1)
				      (NP-NOM (NP-GEN (D^G $+d+as) (N^G emnihtes))
					      (N^N circul))
				      (BEPI is)
				      (VBN geteald)))))
	  (, ,)
	  (CP-ADV (C +t+at)
		  (IP-SUB (NP-NOM (PRO^N heo))
			  (ADVP-TMP (ADV^T +afre))
			  (PP (P ymbe)
			      (NP-DAT (NP-GEN (N^G geares))
				      (N^D ymbrynum)))
			  (ADVP-LOC (ADV^L +t+ar))
			  (NP-ACC (NP-ACC (D^A +done) (N^A d+ag))
				  (, ,)
				  (CONJP (CONJ &)
					 (NP-ACC (D^A +da) (N^A niht))))
			  (VBD geemnytte)
			  (PP (P on)
			      (NP-DAT (ADJ^D gelicere) (N^D w+agan)))))
	  (. .))
  (ID cotempo,+ATemp:2.2.75))

/~*
o+t+te mid ealle aswearta+d, for+dan +de he n+af+d +t+are sunnan leoht +da
hwile +de he +t+are sceade ord oferyrn+d, o+d +t+at +d+are sunnan leoman hine
eft onlihton.
(cotempo,+ATemp:3.6.92)
*~/
/*
41 WADVP-TMP-1:  41 WADVP-TMP-1, 42 0, 40 CP-REL
*/

( (IP-MAT (CONJ o+t+te)
	  (NP-NOM *con*)
	  (PP (P mid)
	      (NP-DAT (Q^I ealle)))
	  (VBPI aswearta+d)
	  (, ,)
	  (CP-ADV (P for+dan)
		  (C +de)
		  (IP-SUB (NP-NOM (PRO^N he))
			  (NEG+HVPI n+af+d)
			  (NP-ACC (NP-GEN (D^G +t+are) (N^G sunnan))
				  (N^A leoht))
			  (NP-ACC-TMP (D^A +da)
				      (N^A hwile)
				      (CP-REL (WADVP-TMP-1 0)
					      (C +de)
					      (IP-SUB (ADVP-TMP *T*-1)
						      (NP-NOM (PRO^N he))
						      (NP-ACC (NP-GEN (D^G +t+are) (N^G sceade))
							      (N^A ord))
						      (RP+VBPI oferyrn+d))))
			  (, ,)
			  (CP-ADV (P o+d)
				  (D^A +t+at)
				  (C 0)
				  (IP-SUB (NP-NOM (NP-GEN (D^G +d+are) (N^G sunnan))
						  (N^N leoman))
					  (NP-ACC (PRO^A hine))
					  (ADVP-TMP (ADV^T eft))
					  (RP+VBPS onlihton)))))
	  (. .))
  (ID cotempo,+ATemp:3.6.92))

/~*
We secga+d swa +deah be +d+are halgan eastertide, +t+at swa hw+ar swa bi+d se
mona feowertyne nihta eald, fram duodecima kalendas Aprelis, +t+at on +dam
d+age bi+d seo easterlice gem+aru, +te we hata+d terminus.
(cotempo,+ATemp:3.27.118)
*~/
/*
34 WADV^L:  34 WADV^L, 35 hw+ar, 30 CP-FRL-LOC-2
*/

( (CODE <T03990007600,3.27>)
  (IP-MAT (NP-NOM (PRO^N We))
	  (VBPI secga+d)
	  (ADVP (ADV swa) (ADV +deah))
	  (PP (P be)
	      (NP-DAT (D^D +d+are) (ADJ^D halgan) (N^D eastertide)))
	  (, ,)
	  (CP-THT (C +t+at)
		  (CP-THT (CP-FRL-LOC-2 (WADVP-LOC-1 (ADV swa) (WADV^L hw+ar))
					(C swa)
					(IP-SUB (ADVP-LOC *T*-1)
						(BEPI bi+d)
						(NP-NOM (D^N se) (N^N mona))
						(ADJP-NOM-PRD (NP-EXT (NUM feowertyne)
								      (NP-GEN (N^G nihta)))
							      (ADJ^N eald))
						(, ,)
						(PP (P fram)
						    (NP (FW duodecima) (FW kalendas) (FW Aprelis)))))
			  (, ,)
			  (C +t+at)
			  (IP-SUB (CP-FRL-LOC *ICH*-2)
				  (PP (P on)
				      (NP-DAT (D^D +dam) (N^D d+age)))
				  (BEPI bi+d)
				  (NP-NOM (D^N seo)
					  (ADJ^N easterlice)
					  (N^N gem+aru)
					  (, ,)
					  (CP-REL (WNP-3 0)
						  (C +te)
						  (IP-SUB (NP-NOM (PRO^N we))
							  (VBPI hata+d)
							  (IP-SMC (NP-SBJ *T*-3)
								  (NP-PRD (FW terminus)))))))))
	  (. .))
  (ID cotempo,+ATemp:3.27.118))

/~*
Ac +da Ebreiscan +deoda +te Godes +a heoldon ongunnon heora geares anginn
ealra rihtlicost, +t+at is on +d+are lenctenlican emnihte XII kalendas aprilis,
on +dam d+age +te seo sunne & $se mona & ealle tunglan & gearlice tida gesette
w+aron.
(cotempo,+ATemp:4.21.138)
*~/
/*
82 WADVP-TMP-2:  82 WADVP-TMP-2, 83 0, 81 CP-REL
*/

( (CODE <T03990010000,4.21>)
  (IP-MAT (CONJ Ac)
	  (NP-NOM (D^N +da)
		  (ADJ^N Ebreiscan)
		  (N^N +deoda)
		  (CP-REL (WNP-NOM-1 0)
			  (C +te)
			  (IP-SUB (NP-NOM *T*-1)
				  (NP (NP-GEN (NR^G Godes))
				      (N +a))
				  (VBDI heoldon))))
	  (VBDI ongunnon)
	  (NP-ACC (NP-GEN (PRO$ heora) (N^G geares))
		  (N^A anginn))
	  (ADVP (NP-GEN (Q^G ealra))
		(ADVS rihtlicost))
	  (, ,)
	  (IP-MAT-PRN (NP-NOM (D^N +t+at))
		      (BEPI is)
		      (XP (PP (P on)
			      (NP-DAT (D^D +d+are)
				      (ADJ^D lenctenlican)
				      (N^D emnihte)
				      (XP-PRN (FW XII) (FW kalendas) (FW aprilis))))
			  (, ,)
			  (PP (P on)
			      (NP-DAT (D^D +dam)
				      (N^D d+age)
				      (CP-REL (WADVP-TMP-2 0)
					      (C +te)
					      (IP-SUB (ADVP-TMP *T*-2)
						      (NP-NOM (NP-NOM (D^N seo) (N^N sunne))
							      (CONJP (CONJ &)
								     (NP-NOM (D^N $se) (N^N mona)))
							      (CONJP (CONJ &)
								     (NP-NOM (Q^N ealle)
									     (N^N tunglan)
									     (CONJP (CONJ &)
										    (NX-NOM (ADJ^N gearlice) (N^N tida))))))
						      (VBN^N gesette)
						      (BEDI w+aron)))))))
	  (. .))
  (ID cotempo,+ATemp:4.21.138))

/~*
On swa hwilcum sunlicum mon+de swa swa se mona geenda+d, se bi+d his mona+d.
(cotempo,+ATemp:4.34.157)
*~/
/*
11 WADJ^D:  11 WADJ^D, 12 hwilcum, 4 CP-FRL-LFD
*/

( (CODE <T03990011200,4.34>)
  (IP-MAT (CP-FRL-LFD (WPP-1 (P On)
			     (WNP-DAT (ADV swa) (WADJ^D hwilcum) (ADJ^D sunlicum) (N^D mon+de) (ADV swa)))
		      (C swa)
		      (IP-SUB (PP *T*-1)
			      (NP-NOM (D^N se) (N^N mona))
			      (VBPI geenda+d)))
	  (, ,)
	  (NP-NOM-RSP (D^N se))
	  (BEPI bi+d)
	  (NP-NOM-PRD (PRO$ his) (N^N mona+d))
	  (. .))
  (ID cotempo,+ATemp:4.34.157))

/~*
& on +tone ende +te heo scin+d is d+ag +durh hire lihtinge,
(cotempo,+ATemp:6.9.219)
*~/
/*
13 WADVP-LOC-1:  13 WADVP-LOC-1, 14 0, 12 CP-REL
*/

( (IP-MAT (CONJ &)
	  (PP (P on)
	      (NP-ACC (D^A +tone)
		      (N^A ende)
		      (CP-REL (WADVP-LOC-1 0)
			      (C +te)
			      (IP-SUB (ADVP-LOC *T*-1)
				      (NP-NOM (PRO^N heo))
				      (VBPI scin+d)))))
	  (BEPI is)
	  (NP-NOM (N^N d+ag))
	  (PP (P +durh)
	      (NP (PRO$ hire) (N lihtinge)))
	  (. ,))
  (ID cotempo,+ATemp:6.9.219))

/~*
Thile atte an igland benor+dan +tisum iglande, six daga f+ar on s+a, on +dam
ne bi+d nan niht on sumerlicum sunstede six dagum, for+dan +de seo sunne bi+d
+tonne swa feorr nor+d agan, +t+at heo hwonlice underg+a+d +t+are eor+dan
geendunge swilce hit +afnige, & +t+arrihte eft upg+a+d.
(cotempo,+ATemp:6.19.232)
*~/
/*
133 WADVP-5:  133 WADVP-5, 134 0, 42 CP-REL-2
*/

( (CODE <T03990016200,6.19>)
  (IP-MAT (NP-NOM-PRD (NR^N Thile))
	  (VBD atte)
	  (NP-NOM (NUM^N an)
		  (N^N igland)
		  (CP-REL *ICH*-2))
	  (PP (P benor+dan)
	      (NP-DAT (D^D +tisum) (N^D iglande)))
	  (, ,)
	  (NP-ACC-ADT (NP-GEN (NUM six) (N^G daga))
		      (N^A f+ar)
		      (PP (P on)
			  (NP (N s+a))))
	  (, ,)
	  (CP-REL-2 (WPP-3 (P on)
			   (NP-DAT (D^D +dam)))
		    (C 0)
		    (IP-SUB (PP *T*-3)
			    (NEG ne)
			    (BEPI bi+d)
			    (NP-NOM (NEG+Q^N nan) (N^N niht))
			    (PP (P on)
				(NP-DAT (ADJ^D sumerlicum) (N^D sunstede)))
			    (NP-DAT-TMP (NUM six) (N^D dagum))
			    (, ,)
			    (CP-ADV (P for+dan)
				    (C +de)
				    (IP-SUB (NP-NOM (D^N seo) (N^N sunne))
					    (BEPI bi+d)
					    (ADVP-TMP (ADV^T +tonne))
					    (ADVP-LOC (ADV swa)
						      (ADV^L feorr)
						      (CP-DEG *ICH*-4))
					    (ADVP-LOC (ADV^L nor+d))
					    (VBN agan)
					    (, ,)
					    (CP-DEG-4 (C +t+at)
						      (IP-SUB (IP-SUB (NP-NOM (PRO^N heo))
								      (ADVP (ADV hwonlice))
								      (RP+VBPI underg+a+d)
								      (NP (NP-GEN (D^G +t+are) (N^G eor+dan))
									  (N geendunge))
								      (PP (P swilce)
									  (CP-CMP (WADVP-5 0)
										  (C 0)
										  (IP-SUB (ADVP *T*-5)
											  (NP-NOM (PRO^N hit))
											  (VBPS +afnige)))))
							      (, ,)
							      (CONJP (CONJ &)
								     (IP-SUB-CON (NP-NOM *con*)
										 (ADVP-TMP (ADV^T +t+arrihte))
										 (ADVP-TMP (ADV^T eft))
										 (RP+VBPI upg+a+d)))))))))
	  (. .))
  (ID cotempo,+ATemp:6.19.232))

/~*
& +danon ne afealla+d +da hwile +te +deos woruld stent.
(cotempo,+ATemp:9.3.290)
*~/
/*
19 WADVP-TMP-1:  19 WADVP-TMP-1, 20 0, 18 CP-REL
*/

( (IP-MAT (CONJ &)
	  (NP-NOM *con*)
	  (ADVP-DIR (ADV^D +danon))
	  (NEG ne)
	  (VBPI afealla+d)
	  (NP-ACC-TMP (D^A +da)
		      (N^A hwile)
		      (CP-REL (WADVP-TMP-1 0)
			      (C +te)
			      (IP-SUB (ADVP-TMP *T*-1)
				      (NP-NOM (D^N +deos) (N^N woruld))
				      (VBPI stent))))
	  (. .))
  (ID cotempo,+ATemp:9.3.290))

/~*
Arcton hatte an tungel on nor+dd+ale; se h+af+d seofon steorran, & is for+di
o+drum naman gehaten Septemtrio, +tone hata+d l+awede men Carles w+an, se ne
g+a+d n+afre adune under +dissere eor+dan swa swa o+dre tunglan do+d.
(cotempo,+ATemp:9.6.295)
*~/
/*
121 WADVP-4:  121 WADVP-4, 122 0, 89 CP-REL
*/

( (CODE <T03990020400,9.6>)
  (IP-MAT (NP-NOM-PRD (NR^N Arcton))
	  (VBD hatte)
	  (NP-NOM (NUM^N an)
		  (N^N tungel)
		  (PP (P on)
		      (NP-DAT (N^D nor+dd+ale)))
		  (, ;)
		  (CP-REL (WNP-NOM-1 (D^N se))
			  (C 0)
			  (IP-SUB (IP-SUB (NP-NOM *T*-1)
					  (HVPI h+af+d)
					  (NP (NUM seofon) (N steorran)))
				  (, ,)
				  (CONJP (CONJ &)
					 (IP-SUB-CON (NP-NOM *T*-1)
						     (BEPI is)
						     (ADVP (ADV for+di))
						     (NP-DAT-ADT (ADJ^D o+drum) (N^D naman))
						     (VBN gehaten)
						     (NP-PRD (FW Septemtrio))))))
		  (, ,)
		  (CP-REL (WNP-ACC-2 (D^A +tone))
			  (C 0)
			  (IP-SUB (VBPI hata+d)
				  (NP-NOM (ADJ^N l+awede) (N^N men))
				  (IP-SMC (NP-ACC-SBJ *T*-2)
					  (NP-PRD (NP-GEN (N^G Carles))
						  (N w+an)))))
		  (, ,)
		  (CP-REL (WNP-NOM-3 (D^N se))
			  (C 0)
			  (IP-SUB (NP-NOM *T*-3)
				  (NEG ne)
				  (VBPI g+a+d)
				  (ADVP-TMP (NEG+ADV^T n+afre))
				  (RP adune)
				  (PP (P under)
				      (NP-DAT (D^D +dissere) (N^D eor+dan)))
				  (PP (ADV swa)
				      (P swa)
				      (CP-CMP (WADVP-4 0)
					      (C 0)
					      (IP-SUB (ADVP *T*-4)
						      (NP-NOM (ADJ^N o+dre) (N^N tunglan))
						      (VBPI do+d)))))))
	  (. .))
  (ID cotempo,+ATemp:9.6.295))

/~*
Lyft is lichamlic gesceaft swi+de +tynne, seo oferg+a+d ealne middaneard &
upastih+d fornean o+d +tone monan, on +dam fleo+d fugelas, swa swa fixas
swymma+d on w+atere.
(cotempo,+ATemp:10.4.314)
*~/
/*
87 WADVP-4:  87 WADVP-4, 88 0, 62 CP-REL-5
*/

( (CODE <T03990021800,10.4>)
  (IP-MAT (NP-NOM (N^N Lyft)
		  (CP-REL *ICH*-1)
		  (CP-REL *ICH*-5))
	  (BEPI is)
	  (NP-NOM-PRD (ADJ^N lichamlic)
		      (N^N gesceaft)
		      (ADJP-NOM (ADV swi+de) (ADJ^N +tynne)))
	  (, ,)
	  (CP-REL-1 (WNP-NOM-2 (D^N seo))
		    (C 0)
		    (IP-SUB (IP-SUB (NP-NOM *T*-2)
				    (RP+VBPI oferg+a+d)
				    (NP-ACC (Q^A ealne) (N^A middaneard)))
			    (CONJP (CONJ &)
				   (IP-SUB-CON (NP-NOM *T*-2)
					       (RP+VBPI upastih+d)
					       (PP (ADV fornean)
						   (P o+d)
						   (NP-ACC (D^A +tone) (N^A monan)))))))
	  (, ,)
	  (CP-REL-5 (WPP-3 (P on)
			   (NP-DAT (D^D +dam)))
		    (C 0)
		    (IP-SUB (PP *T*-3)
			    (VBPI fleo+d)
			    (NP-NOM (N^N fugelas))
			    (, ,)
			    (PP (ADV swa)
				(P swa)
				(CP-CMP (WADVP-4 0)
					(C 0)
					(IP-SUB (ADVP *T*-4)
						(NP-NOM (N^N fixas))
						(VBPI swymma+d)
						(PP (P on)
						    (NP-DAT (N^D w+atere))))))))
	  (. .))
  (ID cotempo,+ATemp:10.4.314))

/~*
+Danon +de he bl+aw+d, him bi+d nama gesett.
(cotempo,+ATemp:10.16.332)
*~/
/*
8 WADVP-DIR-1:  8 WADVP-DIR-1, 9 0, 7 CP-REL
*/

( (CODE <T03990023100,10.16>)
  (IP-MAT (ADVP-DIR (ADV^D +Danon)
		    (CP-REL (WADVP-DIR-1 0)
			    (C +de)
			    (IP-SUB (ADVP-DIR *T*-1)
				    (NP-NOM (PRO^N he))
				    (VBPI bl+aw+d))))
	  (, ,)
	  (NP-DAT (PRO^D him))
	  (BEPI bi+d)
	  (NP-NOM (N^N nama))
	  (VBN gesett)
	  (. .))
  (ID cotempo,+ATemp:10.16.332))
/*
FOOTER
  source file, hits/tokens/total
  C:\Users\Shoo\Dropbox\workspace\CorpusSearch_Auto\data\corporas\YCOE\temp1492105600559\science_astronomy_geography\cotempo.o3.psd	14/14/384
*/
/*
SUMMARY:  
source files, hits/tokens/total
  C:\Users\Shoo\Dropbox\workspace\CorpusSearch_Auto\data\corporas\YCOE\temp1492105600559\science_astronomy_geography\cobyrhtf.o3.psd	11/11/813
  C:\Users\Shoo\Dropbox\workspace\CorpusSearch_Auto\data\corporas\YCOE\temp1492105600559\science_astronomy_geography\comarvel.o23.psd	12/11/163
  C:\Users\Shoo\Dropbox\workspace\CorpusSearch_Auto\data\corporas\YCOE\temp1492105600559\science_astronomy_geography\cotempo.o3.psd	14/14/384
whole search, hits/tokens/total
		37/36/1360
*/
