/*
PREFACE:  
Copyright 2010 Beth Randall
Date:  Thu Apr 13 18:58:28 BST 2017

command file:     data\searches\queries\PENN\progressive_forms_in_noun_phrases_appositive.q
output file:      C:\Users\Shoo\Dropbox\workspace\CorpusSearch_Auto\data\output\13-04-2017 18.46.36.333 PPCMBE\progressive_forms_in_noun_phrases_appositive\travelogue\result.out

node:   NP-PRN*|BAG*|HAG*|VAG*|DAG*
query:  (BAG*|HAG*|VAG*|DAG* Dominates  !BAG*|HAG*|VAG*|DAG*) 
  AND  (NP-PRN* Dominates  BAG*|HAG*|VAG*|DAG*) 
*/
/*
HEADER:
source file:  C:\Users\Shoo\Dropbox\workspace\CorpusSearch_Auto\data\corporas\PPCMBE\temp1492106160469\travelogue\bradley-1905.psd
*/

/~*
In curious contrast to these playful butterflies of the sea are the mussel
catchers, a leading feature here in local life, patiently clawing at the river
bottom with their long-handled rakes, from the bows of their boats as they lie
at anchor in mid-channel, a long and noiseless procession.
(BRADLEY-1905,201.47)
*~/
/*
42 VAG:  42 VAG, 43 leading, 39 NP-PRN
*/
( (IP-MAT (PP (P In)
	      (NP (ADJ curious)
		  (N contrast)
		  (PP (P to)
		      (NP (D these)
			  (ADJ playful)
			  (NS butterflies)
			  (PP (P of)
			      (NP (D the) (N sea)))))))
	  (BEP are)
	  (NP-SBJ (D the)
		  (N mussel)
		  (NS catchers)
		  (, ,)
		  (NP-PRN (D a)
			  (VAG leading)
			  (N feature)
			  (ADVP (ADV here))
			  (PP (P in)
			      (NP (ADJ local) (N life)))))
	  (, ,)
	  (IP-PPL (ADVP (ADV patiently))
		  (VAG clawing)
		  (PP (P at)
		      (NP (D the) (N river) (N bottom)))
		  (PP (P with)
		      (NP (PRO$ their) (ADJ long-handled) (NS rakes)))
		  (, ,)
		  (PP (P from)
		      (NP (D the)
			  (NS bows)
			  (PP (P of)
			      (NP (PRO$ their) (NS boats)))))
		  (PP (P as)
		      (CP-ADV (C 0)
			      (IP-SUB (NP-SBJ (PRO they)
					      (NP-PRN *ICH*-1))
				      (VBP lie)
				      (PP (P at)
					  (NP (N anchor)))
				      (PP (P in)
					  (NP (N+N mid-channel)))
				      (, ,)
				      (NP-PRN-1 (D a)
						(ADJP (ADJ long) (CONJ and) (ADJ noiseless))
						(N procession))))))
	  (. .))
  (ID BRADLEY-1905,201.47))

/~*
Maelgwyn, a Prince of North Wales in the sixth century, erected the first
castle at Deganwy. A warlike person, but whose habits of life were so loose
that when the yellow plague, engendered, it is said, by the festering unburied
corpses of unnumbered men slain in battle, struck this region, he shut himself
up in the little church of Llanrhos standing over yonder on the next ridge,
terrified at the thought of his past life.
(BRADLEY-1905,206.129)
*~/
/*
131 VAG:  131 VAG, 132 festering, 51 NP-PRN-1
192 VAG:  192 VAG, 193 standing, 51 NP-PRN-1
*/

( (IP-MAT (NP-SBJ (NPR Maelgwyn)
		  (, ,)
		  (NP-PRN (D a)
			  (N Prince)
			  (PP (P of)
			      (NP (NPR North) (NPR Wales)))
			  (PP (P in)
			      (NP (D the) (ADJ sixth) (N century))))
		  (NP-PRN *ICH*-1))
	  (, ,)
	  (VBD erected)
	  (NP-OB1 (D the) (ADJ first) (N castle))
	  (PP (P at)
	      (NP (NPR Deganwy)))
	  (, .)
	  (NP-PRN-1 (NP (D A) (ADJ warlike) (N person))
		    (, ,)
		    (CONJP (CONJ but)
			   (NP (CP-FRL (WNP-2 (WPRO$ whose)
					      (NS habits)
					      (PP (P of)
						  (NP (N life))))
				       (C 0)
				       (IP-SUB (NP-SBJ *T*-2)
					       (BED were)
					       (ADJP (ADVR so)
						     (ADJ loose)
						     (CP-DEG (C that)
							     (IP-SUB (PP (P when)
									 (CP-ADV (C 0)
										 (IP-SUB (NP-SBJ (D the)
												 (ADJ yellow)
												 (N plague)
												 (, ,)
												 (RRC (VAN engendered)
												      (, ,)
												      (IP-MAT-PRN (NP-SBJ (PRO it))
														  (BEP is)
														  (VAN said))
												      (, ,)
												      (PP (P by)
													  (NP (D the)
													      (ADJP (VAG festering) (ADJ unburied))
													      (NS corpses)
													      (PP (P of)
														  (NP (ADJ unnumbered)
														      (NS men)
														      (RRC (VAN slain)
															   (PP (P in)
															       (NP (N battle))))))))))
											 (, ,)
											 (VBD struck)
											 (NP-OB1 (D this) (N region)))))
								     (, ,)
								     (NP-SBJ (PRO he))
								     (VBD shut)
								     (NP-OB1 (PRO+N himself))
								     (RP up)
								     (PP (P in)
									 (NP (D the)
									     (ADJ little)
									     (N church)
									     (PP (P of)
										 (NP (NPR Llanrhos)))
									     (RRC (VAG standing)
										  (PP (P over)
										      (ADVP (ADV yonder)))
										  (PP (P on)
										      (NP (D the) (ADJS next) (N ridge))))))
								     (, ,)
								     (IP-PPL (VAN terrified)
									     (PP (P at)
										 (NP (D the)
										     (N thought)
										     (PP (P of)
											 (NP (PRO$ his) (VBN past) (N life))))))))))))))
	  (. .))
  (ID BRADLEY-1905,206.129))

/~*
Throughout this transition period of Welsh history - these two centuries of
reluctant and more or less protesting union - the English towns were not only
a sore, but also a great temptation to riotous chieftains when the times were
rife for fighting in a small way.
(BRADLEY-1905,213.226)
*~/
/*
48 VAG:  48 VAG, 49 protesting, 22 NP-PRN
*/

( (IP-MAT (PP (P Throughout)
	      (NP (D this)
		  (N transition)
		  (N period)
		  (PP (P of)
		      (NP (ADJ Welsh) (N history)))
		  (, -)
		  (NP-PRN (D these)
			  (NUM two)
			  (NS centuries)
			  (PP (P of)
			      (NP (ADJP (ADJP (ADJ reluctant))
					(CONJP (CONJ and)
					       (ADJP (QP (QR more) (CONJ or) (QR less))
						     (VAG protesting))))
				  (N union))))))
	  (, -)
	  (NP-SBJ (D the) (ADJ English) (NS towns))
	  (BED were)
	  (NP-OB1 (NP (NEG not) (FP only) (D a) (N sore))
		  (, ,)
		  (CONJP (CONJ but)
			 (ALSO also)
			 (NP (D a)
			     (ADJ great)
			     (N temptation)
			     (PP (P to)
				 (NP (ADJ riotous) (NS chieftains)))
			     (PP (P when)
				 (CP-ADV (C 0)
					 (IP-SUB (NP-SBJ (D the) (NS times))
						 (BED were)
						 (ADJP (ADJ rife)
						       (PP (P for)
							   (NP (N fighting))))
						 (PP (P in)
						     (NP (D a) (ADJ small) (N way)))))))))
	  (. .))
  (ID BRADLEY-1905,213.226))

/~*
But the scenery in a quiet way is charming. A sea of hills, in short, that
mostly reach a thousand feet, and seldom rise much more; a labyrinth of narrow
valleys, where crystal streams go prattling over verdant meads. A land where
oak woods blow in much luxuriance on the lower slopes, and sweet sheep
pastures share the hill-tops with breaks of golden furze; where villages and
ancient but meagrely attended churches nestle in ideal nooks, and a profoundly
peaceful rural life untapped by railroads, untouched by mines or quarries, or
tourists, defies the outer world, and remains, above all things, Welsh of the
very Welsh.
(BRADLEY-1905,223.359)
*~/
/*
126 VAG:  126 VAG, 127 prattling, 28 NP-PRN-1
*/

( (IP-MAT (CONJ But)
	  (NP-SBJ (D the)
		  (N scenery)
		  (NP-PRN *ICH*-1))
	  (PP (P in)
	      (NP (D a) (ADJ quiet) (N way)))
	  (BEP is)
	  (ADJP (VAG charming))
	  (, .)
	  (NP-PRN-1 (NP (D A)
			(N sea)
			(PP (P of)
			    (NP (NS hills)
				(, ,)
				(PP-PRN (P in)
					(ADJP (ADJ short)))
				(, ,)
				(CP-REL (WNP-2 0)
					(C that)
					(IP-SUB (IP-SUB (NP-SBJ *T*-2)
							(ADVP (ADV mostly))
							(VBP reach)
							(NP-OB1 (NUMP (D a) (NUM thousand))
								(NS feet)))
						(, ,)
						(CONJP (CONJ and)
						       (IP-SUB (NP-SBJ *T*-2)
							       (ADVP-TMP (ADV seldom))
							       (VBP rise)
							       (NP-MSR (QP (Q much) (QR more))))))))))
		    (, ;)
		    (CONJP (NP (D a)
			       (N labyrinth)
			       (PP (P of)
				   (NP (ADJ narrow) (NS valleys)))
			       (, ,)
			       (CP-REL (WADVP-3 (WADV where))
				       (C 0)
				       (IP-SUB (ADVP-LOC *T*-3)
					       (NP-SBJ (N crystal) (NS streams))
					       (VBP go)
					       (IP-PPL (VAG prattling))
					       (PP (P over)
						   (NP (ADJ verdant) (NS meads)))))))
		    (, .)
		    (CONJP (NP (D A)
			       (N land)
			       (CP-REL (WADVP-4 (WADV where))
				       (C 0)
				       (IP-SUB (IP-SUB (ADVP-LOC *T*-4)
						       (NP-SBJ (N oak) (NS woods))
						       (VBP blow)
						       (PP (P in)
							   (NP (Q much) (N luxuriance)))
						       (PP (P on)
							   (NP (D the) (ADJR lower) (NS slopes))))
					       (, ,)
					       (CONJP (CONJ and)
						      (IP-SUB (ADVP-LOC *T*-4)
							      (NP-SBJ (ADJ sweet) (NS sheep) (NS pastures))
							      (VBP share)
							      (NP-OB1 (D the) (N+NS hill-tops))
							      (PP (P with)
								  (NP (NS breaks)
								      (PP (P of)
									  (NP (ADJ golden) (N furze)))))))))
			       (, ;)
			       (CP-REL (WADVP-5 (WADV where))
				       (C 0)
				       (IP-SUB (IP-SUB (ADVP-LOC *T*-5)
						       (NP-SBJ (NP (NS villages))
							       (CONJP (CONJ and)
								      (NP (ADJP (ADJP (ADJ ancient))
										(CONJP (CONJ but)
										       (ADJP (ADV meagrely) (VAN attended))))
									  (NS churches))))
						       (VBP nestle)
						       (PP (P in)
							   (NP (ADJ ideal) (NS nooks))))
					       (, ,)
					       (CONJP (CONJ and)
						      (IP-SUB (IP-SUB (ADVP-LOC *T*-5)
								      (NP-SBJ (D a)
									      (ADJP (ADJP (ADV profoundly) (ADJ peaceful))
										    (CONJP (ADJP (ADJ rural))))
									      (N life)
									      (ADJP (ADJP (ADJ untapped)
											  (PP (P by)
											      (NP (NS railroads))))
										    (, ,)
										    (CONJP (ADJP (ADJ untouched)
												 (PP (P by)
												     (NP (NS mines) (CONJ or) (NS quarries) (, ,) (CONJ or) (NS tourists)))))))
								      (, ,)
								      (VBP defies)
								      (NP-OB1 (D the) (ADJ outer) (N world)))
							      (, ,)
							      (CONJP (CONJ and)
								     (IP-SUB (ADVP-LOC *T*-5)
									     (NP-SBJ *con*)
									     (VBP remains)
									     (, ,)
									     (PP (P above)
										 (NP (Q all) (NS things)))
									     (, ,)
									     (ADJP (ADJ Welsh)
										   (PP (P of)
										       (NP (D the)
											   (ADJP (ADV very) (ADJ Welsh))))))))))))))
	  (. .))
  (ID BRADLEY-1905,223.359))
/*
FOOTER
  source file, hits/tokens/total
  C:\Users\Shoo\Dropbox\workspace\CorpusSearch_Auto\data\corporas\PPCMBE\temp1492106160469\travelogue\bradley-1905.psd	5/4/437
*/
/*
HEADER:
source file:  C:\Users\Shoo\Dropbox\workspace\CorpusSearch_Auto\data\corporas\PPCMBE\temp1492106160469\travelogue\cook-1776.psd
*/

/~*
they have also a militia, a corps of men in all nations formidable in
themselves, most dreadful to an enemy, and when called out upon service
spreading destruction all around them in the height of their ungoverned fury:
(COOK-1776,14.66)
*~/
/*
81 VAG:  81 VAG, 82 spreading, 16 NP-PRN
*/

( (IP-MAT (NP-SBJ (PRO they))
	  (HVP have)
	  (ALSO also)
	  (NP-OB1 (D a)
		  (N militia)
		  (, ,)
		  (NP-PRN (D a)
			  (N corps)
			  (PP (P of)
			      (NP (NS men)))
			  (PP (P in)
			      (NP (Q all) (NS nations)))
			  (ADJP (ADJP (ADJ formidable)
				      (PP (P in)
					  (NP (PRO+N themselves))))
				(, ,)
				(CONJP (ADJP (QS most)
					     (ADJ dreadful)
					     (PP (P to)
						 (NP (D an) (N enemy)))))
				(, ,)
				(CONJP (CONJ and)
				       (RRC (PP (P when)
						(IP-PPL (VAN called)
							(PP (RP out)
							    (P upon)
							    (NP (N service)))))
					    (VAG spreading)
					    (NP-OB1 (N destruction))
					    (PP (Q all)
						(P around)
						(NP (PRO them)))
					    (PP (P in)
						(NP (D the)
						    (N height)
						    (PP (P of)
							(NP (PRO$ their) (ADJ ungoverned) (N fury))))))))))
	  (. :))
  (ID COOK-1776,14.66))
/*
FOOTER
  source file, hits/tokens/total
  C:\Users\Shoo\Dropbox\workspace\CorpusSearch_Auto\data\corporas\PPCMBE\temp1492106160469\travelogue\cook-1776.psd	1/1/829
*/
/*
HEADER:
source file:  C:\Users\Shoo\Dropbox\workspace\CorpusSearch_Auto\data\corporas\PPCMBE\temp1492106160469\travelogue\cooke-1712.psd
*/
/*
FOOTER
  source file, hits/tokens/total
  C:\Users\Shoo\Dropbox\workspace\CorpusSearch_Auto\data\corporas\PPCMBE\temp1492106160469\travelogue\cooke-1712.psd	0/0/545
*/
/*
HEADER:
source file:  C:\Users\Shoo\Dropbox\workspace\CorpusSearch_Auto\data\corporas\PPCMBE\temp1492106160469\travelogue\montefiore-1836.psd
*/

/~*
The view of Pompey's Pillar, and Cleopatra's Needle, two of the most
interesting objects of antiquity, gratified us, some distance before we
entered the harbour.
(MONTEFIORE-1836,130.27)
*~/
/*
40 VAG:  40 VAG, 41 interesting, 28 NP-PRN
*/

( (IP-MAT (NP-SBJ (D The)
		  (N view)
		  (PP (P of)
		      (NP (NP (NPR$ Pompey's) (N Pillar))
			  (, ,)
			  (CONJP (CONJ and)
				 (NP (NPR$ Cleopatra's) (N Needle)))
			  (, ,)
			  (NP-PRN (NUM two)
				  (PP (P of)
				      (NP (D the)
					  (ADJP (QS most) (VAG interesting))
					  (NS objects)
					  (PP (P of)
					      (NP (N antiquity)))))))))
	  (, ,)
	  (VBD gratified)
	  (NP-OB1 (PRO us))
	  (, ,)
	  (PP (NP-MSR (Q some) (N distance))
	      (P before)
	      (CP-ADV (C 0)
		      (IP-SUB (NP-SBJ (PRO we))
			      (VBD entered)
			      (NP-OB1 (D the) (N harbour)))))
	  (. .))
  (ID MONTEFIORE-1836,130.27))

/~*
and among these, as it must ever be when the economy of society is simple, the
fear or the love, the desire to propitiate, or the hope of pleasing, the Deity,
will always be found predominant over the rest.
(MONTEFIORE-1836,149.259)
*~/
/*
99 VAG:  99 VAG, 100 pleasing, 87 NP-PRN=3
*/

( (IP-MAT (CONJ and)
	  (PP (P among)
	      (NP (D these)))
	  (, ,)
	  (PP (P as)
	      (CP-ADV (WADVP-1 0)
		      (C 0)
		      (IP-SUB (ADVP *T*-1)
			      (NP-SBJ (PRO it))
			      (MD must)
			      (ADVP-TMP (ADV ever))
			      (BE be)
			      (PP (P when)
				  (CP-ADV (C 0)
					  (IP-SUB (NP-SBJ (D the)
							  (N economy)
							  (PP (P of)
							      (NP (N society))))
						  (BEP is)
						  (ADJP (ADJ simple))))))))
	  (, ,)
	  (NP-SBJ-2 (NP (D the) (N fear))
		    (CONJP (CONJ or)
			   (NP (D the) (N love)))
		    (, ,)
		    (CONJP (NP-3 (D the)
				 (N desire)
				 (IP-INF (TO to)
					 (VB propitiate)
					 (, ,)
					 (NP-PRN=3 (CONJ or)
						   (NP (D the)
						       (N hope)
						       (PP (P of)
							   (IP-PPL (VAG pleasing)))))
					 (, ,)
					 (NP-OB1 (D the) (N Deity))))))
	  (, ,)
	  (MD will)
	  (ADVP-TMP (ADV always))
	  (BE be)
	  (VAN found)
	  (IP-SMC (NP-SBJ *-2)
		  (ADJP (ADJ predominant)
			(PP (P over)
			    (NP (D the) (N rest)))))
	  (. .))
  (ID MONTEFIORE-1836,149.259))
/*
FOOTER
  source file, hits/tokens/total
  C:\Users\Shoo\Dropbox\workspace\CorpusSearch_Auto\data\corporas\PPCMBE\temp1492106160469\travelogue\montefiore-1836.psd	2/2/614
*/
/*
HEADER:
source file:  C:\Users\Shoo\Dropbox\workspace\CorpusSearch_Auto\data\corporas\PPCMBE\temp1492106160469\travelogue\officer-1744.psd
*/

/~*
This Evening myself, the Carpenter, and Cooper, went on Board the St. Tubes,
one of the Brazil Ships, carrying twenty-eight Guns, Theophilus Orego Ferrara
Commander, bound for Bahia and Lisbon.
(OFFICER-1744,209.3)
*~/
/*
70 VAG:  70 VAG, 71 carrying, 50 NP-PRN
*/

( (IP-MAT (NP-TMP (D This) (N Evening))
	  (NP-SBJ (NP (PRO$+N myself))
		  (, ,)
		  (CONJP (NP (D the)
			     (N Carpenter)
			     (, ,)
			     (CONJP (CONJ and)
				    (NX (N Cooper))))))
	  (, ,)
	  (VBD went)
	  (PP (P on)
	      (NP (N Board)
		  (NP-COM (D the)
			  (NPR St.)
			  (CODE <font>)
			  (NPR Tubes)
			  (CODE <$$font>)
			  (, ,)
			  (NP-PRN (ONE one)
				  (PP (P of)
				      (NP (D the) (CODE <font>) (NPR Brazil) (CODE <$$font>) (NS Ships)))
				  (, ,)
				  (RRC (VAG carrying)
				       (NP-OB1 (NUM twenty-eight) (NS Guns))))
			  (, ,)
			  (CODE <font>)
			  (IP-ABS (NP-SBJ (NPR Theophilus) (NPR Orego) (NPR Ferrara))
				  (CODE <$$font>)
				  (NP-OB1 (N Commander)))
			  (, ,)
			  (ADJP (VAN bound)
				(PP (P for)
				    (CODE <font>)
				    (NP (NPR Bahia) (CODE <$$font>) (CONJ and) (CODE <font>) (NPR Lisbon)))))))
	  (. .)
	  (CODE <$$font>))
  (ID OFFICER-1744,209.3))

/~*
they have two middling ones, one on each Side of their Gills, and one large
one stretching from the Middle of the Bottom of their Bellies to their Tails,
which is dented like a half Moon;
(OFFICER-1744,230.381)
*~/
/*
49 VAG:  49 VAG, 50 stretching, 16 NP-PRN
*/

( (IP-MAT (NP-SBJ (PRO they))
	  (HVP have)
	  (NP-OB1 (NUM two)
		  (ADJ middling)
		  (ONES ones)
		  (, ,)
		  (NP-PRN (NP (ONE one)
			      (PP (P on)
				  (NP (Q each)
				      (N Side)
				      (PP (P of)
					  (NP (PRO$ their) (NS Gills))))))
			  (, ,)
			  (CONJP (CONJ and)
				 (NP (ONE one)
				     (ADJ large)
				     (ONE one)
				     (RRC (VAG stretching)
					  (NP-MSR (PP (P from)
						      (NP (D the)
							  (N Middle)
							  (PP (P of)
							      (NP (D the)
								  (N Bottom)
								  (PP (P of)
								      (NP (PRO$ their) (NS Bellies)))))))
						  (PP (P to)
						      (NP (PRO$ their) (NS Tails)))))
				     (, ,)
				     (CP-REL (WNP-1 (WPRO which))
					     (C 0)
					     (IP-SUB (NP-SBJ *T*-1)
						     (BEP is)
						     (VAN dented)
						     (ADJP-SPR (ADJ like)
							       (NP (D a) (NUM half) (N Moon)))))))))
	  (. ;))
  (ID OFFICER-1744,230.381))
/*
FOOTER
  source file, hits/tokens/total
  C:\Users\Shoo\Dropbox\workspace\CorpusSearch_Auto\data\corporas\PPCMBE\temp1492106160469\travelogue\officer-1744.psd	2/2/761
*/
/*
HEADER:
source file:  C:\Users\Shoo\Dropbox\workspace\CorpusSearch_Auto\data\corporas\PPCMBE\temp1492106160469\travelogue\reade-1863.psd
*/

/~*
There was a schooner lying near us, a beautiful, wicked-looking jewel of a
craft, with rakish tapering masts, and a fluttering top-sail like a white
bonnet.
(READE-1863,221.501)
*~/
/*
56 VAG:  56 VAG, 57 tapering, 26 NP-PRN-2
68 VAG:  68 VAG, 69 fluttering, 26 NP-PRN-2
*/

( (IP-MAT (NP-SBJ-1 (EX There))
	  (BED was)
	  (NP-1 (D a)
		(N schooner)
		(NP-PRN *ICH*-2))
	  (CODE <P_221>)
	  (VAG lying)
	  (ADJP-LOC (ADJ near)
		    (NP (PRO us)))
	  (, ,)
	  (NP-PRN-2 (D a)
		    (ADJP (ADJ beautiful) (, ,) (ADJ+VAG wicked-looking))
		    (N jewel)
		    (PP (P of)
			(NP (D a) (N craft)))
		    (, ,)
		    (PP (P with)
			(NP (NP (ADJP (ADJ rakish) (VAG tapering))
				(NS masts))
			    (, ,)
			    (CONJP (CONJ and)
				   (NP (D a)
				       (VAG fluttering)
				       (N+N top-sail)
				       (ADJP (ADJ like)
					     (NP (D a) (ADJ white) (N bonnet))))))))
	  (. .))
  (ID READE-1863,221.501))
/*
FOOTER
  source file, hits/tokens/total
  C:\Users\Shoo\Dropbox\workspace\CorpusSearch_Auto\data\corporas\PPCMBE\temp1492106160469\travelogue\reade-1863.psd	2/1/706
*/
/*
HEADER:
source file:  C:\Users\Shoo\Dropbox\workspace\CorpusSearch_Auto\data\corporas\PPCMBE\temp1492106160469\travelogue\turner2-1800.psd
*/

/~*
Among these, were various costly snuff-boxes, and valuable trinkets, the
tribute of the Emperor; with choice specimens of China, large jars of old blue
japan, and masses of lapis lazuli, variously arranged, and disposed, according
to their taste, not without considerable effect.
(TURNER2-1800,262.422)
*~/
/*
114 VAG:  114 VAG, 115 according, 64 NP-PRN
114 VAG:  114 VAG, 115 according, 33 NP-PRN
*/

( (IP-MAT (PP (P Among)
	      (NP (D these)))
	  (, ,)
	  (NP-SBJ-1 *exp*)
	  (BED were)
	  (NP-1 (ADJ various)
		(ADJ costly)
		(N+NS snuff-boxes)
		(, ,)
		(CONJP (CONJ and)
		       (NX (ADJ valuable) (NS trinkets)))
		(, ,)
		(NP-PRN (D the)
			(N tribute)
			(PP (P of)
			    (NP (D the) (N Emperor)))
			(, ;)
			(PP (P with)
			    (NP (ADJ choice)
				(NS specimens)
				(PP (P of)
				    (NP (NPR China)))
				(, ,)
				(NP-PRN (NP (ADJ large)
					    (NS jars)
					    (PP (P of)
						(NP (ADJ old) (ADJ blue) (N japan))))
					(, ,)
					(CONJP (CONJ and)
					       (NP (NS masses)
						   (PP (P of)
						       (NP (N lapis) (N lazuli)))
						   (, ,)
						   (RRC (ADVP (ADV variously))
							(VAN (VAN arranged) (, ,) (CONJ and) (VAN disposed))
							(, ,)
							(IP-PPL (VAG according)
								(PP (P to)
								    (NP (PRO$ their) (N taste))))
							(, ,)
							(PP (NEG not)
							    (P without)
							    (NP (ADJ considerable) (N effect)))))))))))
	  (. .))
  (ID TURNER2-1800,262.422))
/*
FOOTER
  source file, hits/tokens/total
  C:\Users\Shoo\Dropbox\workspace\CorpusSearch_Auto\data\corporas\PPCMBE\temp1492106160469\travelogue\turner2-1800.psd	1/1/527
*/
/*
SUMMARY:  
source files, hits/tokens/total
  C:\Users\Shoo\Dropbox\workspace\CorpusSearch_Auto\data\corporas\PPCMBE\temp1492106160469\travelogue\bradley-1905.psd	5/4/437
  C:\Users\Shoo\Dropbox\workspace\CorpusSearch_Auto\data\corporas\PPCMBE\temp1492106160469\travelogue\cook-1776.psd	1/1/829
  C:\Users\Shoo\Dropbox\workspace\CorpusSearch_Auto\data\corporas\PPCMBE\temp1492106160469\travelogue\cooke-1712.psd	0/0/545
  C:\Users\Shoo\Dropbox\workspace\CorpusSearch_Auto\data\corporas\PPCMBE\temp1492106160469\travelogue\montefiore-1836.psd	2/2/614
  C:\Users\Shoo\Dropbox\workspace\CorpusSearch_Auto\data\corporas\PPCMBE\temp1492106160469\travelogue\officer-1744.psd	2/2/761
  C:\Users\Shoo\Dropbox\workspace\CorpusSearch_Auto\data\corporas\PPCMBE\temp1492106160469\travelogue\reade-1863.psd	2/1/706
  C:\Users\Shoo\Dropbox\workspace\CorpusSearch_Auto\data\corporas\PPCMBE\temp1492106160469\travelogue\turner2-1800.psd	1/1/527
whole search, hits/tokens/total
		13/11/4419
*/
