/*
PREFACE:  
Copyright 2010 Beth Randall
Date:  Thu Apr 13 18:58:31 BST 2017

command file:     data\searches\queries\PENN\progressive_forms_in_noun_phrases_appositive.q
output file:      C:\Users\Shoo\Dropbox\workspace\CorpusSearch_Auto\data\output\13-04-2017 18.46.36.333 PPCMBE\progressive_forms_in_noun_phrases_appositive\homilies_and_sermons\result.out

node:   NP-PRN*|BAG*|HAG*|VAG*|DAG*
query:  (BAG*|HAG*|VAG*|DAG* Dominates  !BAG*|HAG*|VAG*|DAG*) 
  AND  (NP-PRN* Dominates  BAG*|HAG*|VAG*|DAG*) 
*/
/*
HEADER:
source file:  C:\Users\Shoo\Dropbox\workspace\CorpusSearch_Auto\data\corporas\PPCMBE\temp1492106160469\homilies_and_sermons\burton-1762.psd
*/

/~*
But the latter sort implies the visible interposition of God himself upon some
special and important occasions: as when God raises up Prophets, the preachers
of righteousness and Heralds of his judgments empowered to declare to the
people some particular and interesting message.
(BURTON-1762,1,3.19)
*~/
/*
125 VAG:  125 VAG, 126 interesting, 76 NP-PRN
*/
( (IP-MAT (CONJ But)
	  (NP-SBJ (D the) (CODE <font>) (ADJ latter) (CODE <$$font>) (N sort))
	  (VBP implies)
	  (NP-OB1 (D the)
		  (CODE <font>)
		  (ADJ visible)
		  (CODE <$$font>)
		  (N interposition)
		  (PP (P of)
		      (NP (NPR God)
			  (NP-PRN (PRO+N himself))))
		  (PP (P upon)
		      (NP (Q some)
			  (ADJP (ADJ special) (CONJ and) (ADJ important))
			  (NS occasions)
			  (, :)
			  (PP (P as)
			      (PP (P when)
				  (CP-ADV (C 0)
					  (IP-SUB (NP-SBJ (NPR God))
						  (VBP raises)
						  (RP up)
						  (NP-OB1 (NS Prophets)
							  (, ,)
							  (NP-PRN (D the)
								  (NS preachers)
								  (PP (P of)
								      (NP (N righteousness)))
								  (CONJP (CONJ and)
									 (NX (NS Heralds)
									     (PP (P of)
										 (NP (PRO$ his) (NS judgments)))))
								  (RRC (VAN empowered)
								       (IP-INF (TO to)
									       (VB declare)
									       (PP (P to)
										   (NP (D the) (NS people)))
									       (NP-OB1 (Q some)
										       (ADJP (ADJ particular) (CONJ and) (VAG interesting))
										       (N message)))))))))))))
	  (. .))
  (ID BURTON-1762,1,3.19))

/~*
it was particularly so to the temper of the Jews, a people not more
distinguished by uncommon felicities, than by their ingratitude: an untoward
disposition! which their inspired Lawgiver foreseeing, endeavoured to prevent
and discourage by variety of cautions and admonitions.
(BURTON-1762,1,8.46)
*~/
/*
99 VAG:  99 VAG, 100 foreseeing, 73 NP-PRN
99 VAG:  99 VAG, 100 foreseeing, 34 NP-PRN
*/

( (IP-MAT (NP-SBJ (PRO it))
	  (BED was)
	  (ADVP (ADV particularly) (ADV so))
	  (PP (P to)
	      (NP (D the)
		  (N temper)
		  (PP (P of)
		      (NP (D the)
			  (CODE <font>)
			  (NPRS Jews)
			  (CODE <$$font>)
			  (, ,)
			  (NP-PRN (D a)
				  (N people)
				  (ADJP (NP-MSR (QP (NEG not) (QR more))
						(PP *ICH*-1))
					(VAN distinguished)
					(PP (P by)
					    (NP (ADJ uncommon) (NS felicities)))
					(, ,)
					(PP-1 (P than)
					      (PP (P by)
						  (NP (PRO$ their)
						      (N ingratitude)
						      (, :)
						      (NP-PRN (D an)
							      (ADJ untoward)
							      (N disposition)
							      (, !)
							      (CP-REL (WNP-2 (WPRO which))
								      (C 0)
								      (IP-SUB (NP-SBJ (PRO$ their) (VAN inspired) (N Lawgiver))
									      (IP-PPL (NP-OB1 *T*-2)
										      (VAG foreseeing))
									      (, ,)
									      (VBD endeavoured)
									      (CODE <P_1,8>)
									      (IP-INF (NP-OB1 *T*-2)
										      (TO to)
										      (VB (VB prevent) (CONJ and) (VB discourage))
										      (PP (P by)
											  (NP (N variety)
											      (PP (P of)
												  (NP (NS cautions) (CONJ and) (NS admonitions))))))))))))))))))
	  (. .))
  (ID BURTON-1762,1,8.46))

/~*
The doctrine contained in the text, and which I would chiefly recommend to
your consideration, is the moral purpose of Fasting - that great end to which
all acts of abstinence are subordinate, as means; shewing, that the external
formality of observance will little avail, when destitute of the internal
principles of piety towards God, and charity towards our Neighbour.
(BURTON-1762,2,3.90)
*~/
/*
120 VAG:  120 VAG, 121 shewing, 74 NP-PRN
*/

( (IP-MAT (NP-SBJ (D The)
		  (N doctrine)
		  (RRC (RRC (VAN contained)
			    (PP (P in)
				(NP (D the) (N text))))
		       (, ,)
		       (CONJP (CONJ and)
			      (CP-REL (WNP-1 (WPRO which))
				      (C 0)
				      (IP-SUB (NP-OB1 *T*-1)
					      (NP-SBJ (PRO I))
					      (MD would)
					      (ADVP (ADV chiefly))
					      (VB recommend)
					      (PP (P to)
						  (NP (PRO$ your) (N consideration))))))))
	  (, ,)
	  (BEP is)
	  (NP-OB1 (D the)
		  (CODE <font>)
		  (ADJ moral)
		  (CODE <$$font>)
		  (N purpose)
		  (PP (P of)
		      (NP (N Fasting)
			  (, -)
			  (NP-PRN (D that)
				  (ADJ great)
				  (N end)
				  (CP-REL (WPP-2 (P to)
						 (WNP (WPRO which)))
					  (C 0)
					  (IP-SUB (NP-SBJ (Q all)
							  (NS acts)
							  (PP (P of)
							      (NP (N abstinence))))
						  (BEP are)
						  (ADJP (ADJ subordinate)
							(PP *T*-2)
							(, ,))
						  (PP (P as)
						      (NP (N means)))
						  (, ;)
						  (IP-PPL (VAG shewing)
							  (, ,)
							  (CP-THT (C that)
								  (IP-SUB (NP-SBJ (D the)
										  (CODE <font>)
										  (ADJ external)
										  (CODE <$$font>)
										  (N formality)
										  (PP (P of)
										      (NP (N observance))))
									  (MD will)
									  (NP-MSR (Q little))
									  (VB avail)
									  (, ,)
									  (PP (P when)
									      (ADJP (ADJ destitute)
										    (PP (P of)
											(NP (D the)
											    (CODE <font>)
											    (ADJ internal)
											    (CODE <$$font>)
											    (NS principles)
											    (PP (P of)
												(NP (NP (N piety)
													(PP (P towards)
													    (NP (NPR God))))
												    (, ,)
												    (CONJP (CONJ and)
													   (NP (N charity)
													       (PP (P towards)
														   (NP (PRO$ our) (N Neighbour))))))))))))))))))))
	  (. .))
  (ID BURTON-1762,2,3.90))

/~*
Let us above all things proceed in that still more interesting conquest - the
subduing our corrupt inclinations by an universal reformation of manners;
(BURTON-1762,2,32.421)
*~/
/*
39 VAG:  39 VAG, 40 subduing, 35 NP-PRN-ELAB
*/

( (IP-IMP (VBI Let)
	  (IP-INF (NP-SBJ (PRO us))
		  (PP (P above)
		      (NP (Q all) (NS things)))
		  (VB proceed)
		  (PP (P in)
		      (NP (D that)
			  (ADJP (ADV still) (QR more) (VAG interesting))
			  (N conquest)
			  (, -)
			  (NP-PRN-ELAB (D the)
				       (IP-PPL (VAG subduing)
					       (NP-OB1 (PRO$ our) (ADJ corrupt) (NS inclinations))
					       (PP (P by)
						   (NP (D an)
						       (ADJ universal)
						       (N reformation)
						       (PP (P of)
							   (NP (NS manners))))))))))
	  (. ;))
  (ID BURTON-1762,2,32.421))
/*
FOOTER
  source file, hits/tokens/total
  C:\Users\Shoo\Dropbox\workspace\CorpusSearch_Auto\data\corporas\PPCMBE\temp1492106160469\homilies_and_sermons\burton-1762.psd	4/4/425
*/
/*
HEADER:
source file:  C:\Users\Shoo\Dropbox\workspace\CorpusSearch_Auto\data\corporas\PPCMBE\temp1492106160469\homilies_and_sermons\butler-1726.psd
*/

/~*
Here then is a finite Object for our Mind to tend towards, to exercise itself
upon: A Creature, perfect according to his Capacity, fixt, steady, equally
unmoved by weak Pity or more weak Fury and Resentment; forming the justest
Scheme of Conduct; going on undisturbed in the Execution of it, through the
several Methods of Severity and Reward, towards his End, namely, the general
Happiness of all with whom he hath to do, as in itself right and valuable.
(BUTLER-1726,264.255)
*~/
/*
70 VAG:  70 VAG, 71 according, 58 NP-PRN
130 VAG:  130 VAG, 131 forming, 58 NP-PRN
149 VAG:  149 VAG, 150 going, 58 NP-PRN
*/

( (IP-MAT (ADVP-LOC (ADV Here))
	  (ADVP (ADV then))
	  (NP-SBJ-1 *exp*)
	  (BEP is)
	  (NP-1 (D a)
		(ADJ finite)
		(N Object)
		(CP-EOP (WNP-2 0)
			(IP-INF (IP-INF (FOR for)
					(NP-SBJ (PRO$ our) (N Mind))
					(TO to)
					(VB tend)
					(PP (P towards)
					    (NP *T*-2)))
				(, ,)
				(CONJP (IP-INF (TO to)
					       (VB exercise)
					       (NP-OB1 (PRO+N itself))
					       (PP (P upon)
						   (NP *T*-2))))))
		(, :)
		(NP-PRN (D A)
			(N Creature)
			(, ,)
			(ADJP (ADJP (ADJ perfect)
				    (IP-PPL (VAG according)
					    (PP (P to)
						(NP (PRO$ his) (N Capacity)))))
			      (, ,)
			      (CONJP (ADJP (VAN fixt)))
			      (, ,)
			      (CONJP (ADJP (ADJ steady)))
			      (, ,)
			      (CONJP (ADJP (ADV equally)
					   (ADJ unmoved)
					   (PP (P by)
					       (NP (NP (ADJ weak) (N Pity))
						   (CONJP (CONJ or)
							  (NP (ADJP (QR more) (ADJ weak))
							      (N Fury)
							      (CONJP (CONJ and)
								     (NX (N Resentment)))))))))
			      (, ;)
			      (CONJP (RRC (VAG forming)
					  (NP-OB1 (D the)
						  (ADJS justest)
						  (N Scheme)
						  (PP (P of)
						      (NP (N Conduct))))))
			      (, ;)
			      (CONJP (RRC (VAG going)
					  (RP on)
					  (ADJP-SPR (ADJ undisturbed))
					  (PP (P in)
					      (NP (D the)
						  (N Execution)
						  (PP (P of)
						      (NP (PRO it)))))
					  (, ,)
					  (PP (P through)
					      (NP (D the)
						  (Q several)
						  (NS Methods)
						  (PP (P of)
						      (NP (N Severity) (CONJ and) (N Reward)))))
					  (, ,)
					  (PP (P towards)
					      (NP (PRO$ his)
						  (N End)
						  (, ,)
						  (NP-PRN (ADVP (ADV namely))
							  (, ,)
							  (D the)
							  (ADJ general)
							  (N Happiness)
							  (PP (P of)
							      (NP (Q all)
								  (CP-REL (WPP-3 (P with)
										 (WNP (WPRO whom)))
									  (C 0)
									  (IP-SUB (NP-SBJ (PRO he))
										  (HVP hath)
										  (IP-INF (PP *T*-3)
											  (TO to)
											  (DO do)))))))))
					  (, ,)
					  (PP (P as)
					      (CODE <P_264>)
					      (ADJP (PP (P in)
							(NP (PRO+N itself)))
						    (ADJ right)
						    (CONJP (CONJ and)
							   (ADJX (ADJ valuable))))))))))
	  (. .))
  (ID BUTLER-1726,264.255))
/*
FOOTER
  source file, hits/tokens/total
  C:\Users\Shoo\Dropbox\workspace\CorpusSearch_Auto\data\corporas\PPCMBE\temp1492106160469\homilies_and_sermons\butler-1726.psd	3/1/349
*/
/*
HEADER:
source file:  C:\Users\Shoo\Dropbox\workspace\CorpusSearch_Auto\data\corporas\PPCMBE\temp1492106160469\homilies_and_sermons\froude-1830.psd
*/

/~*
For, it will be observed, that our present situation is, in a particular
manner, suited to cultivation of this temper - a temper, the very essence of
which consists in a steady performance of duty, in spite of every
discouragement, which endures as seeing Him that is invisible.
(FROUDE-1830,2,24.252)
*~/
/*
139 VAG:  139 VAG, 140 seeing, 62 NP-PRN
*/

( (IP-MAT (CONJ For)
	  (, ,)
	  (NP-SBJ-1 (PRO it))
	  (MD will)
	  (BE be)
	  (VAN observed)
	  (, ,)
	  (CP-THT-1 (C that)
		    (IP-SUB (NP-SBJ (PRO$ our) (ADJ present) (N situation))
			    (BEP is)
			    (, ,)
			    (PP (P in)
				(NP (D a) (ADJ particular) (N manner)))
			    (, ,)
			    (VAN suited)
			    (PP (P to)
				(NP (N cultivation)
				    (PP (P of)
					(NP (D this)
					    (N temper)
					    (, -)
					    (NP-PRN (D a)
						    (N temper)
						    (, ,)
						    (CP-REL (WNP-2 (D the)
								   (ADJ very)
								   (N essence)
								   (WPP (P of)
									(WNP (WPRO which))))
							    (C 0)
							    (IP-SUB (NP-SBJ *T*-2)
								    (VBP consists)
								    (PP (P in)
									(NP (D a)
									    (ADJ steady)
									    (N performance)
									    (PP (P of)
										(NP (N duty)))))
								    (, ,)
								    (PP (P in)
									(NP (N spite)
									    (PP (P of)
										(NP (Q every) (N discouragement)))))))
						    (, ,)
						    (CP-REL (WNP-3 (WPRO which))
							    (C 0)
							    (IP-SUB (NP-SBJ *T*-3)
								    (VBP endures)
								    (PP (P as)
									(IP-PPL (VAG seeing)
										(NP-OB1 (PRO Him)
											(CP-REL (WNP-4 0)
												(C that)
												(IP-SUB (NP-SBJ *T*-4)
													(BEP is)
													(ADJP (ADJ invisible))))))))))))))))
	  (. .))
  (ID FROUDE-1830,2,24.252))
/*
FOOTER
  source file, hits/tokens/total
  C:\Users\Shoo\Dropbox\workspace\CorpusSearch_Auto\data\corporas\PPCMBE\temp1492106160469\homilies_and_sermons\froude-1830.psd	1/1/366
*/
/*
HEADER:
source file:  C:\Users\Shoo\Dropbox\workspace\CorpusSearch_Auto\data\corporas\PPCMBE\temp1492106160469\homilies_and_sermons\pusey-186x.psd
*/

/~*
And we have some one chief evil disposition, the "besetting sin," which is the
chief instrument within us, whereby Satan would ensnare us to our destruction,
and corrupt all our good.
(PUSEY-186X,280.34)
*~/
/*
31 VAG:  31 VAG, 32 besetting, 26 NP-PRN
*/

( (IP-MAT (CONJ And)
	  (NP-SBJ (PRO we))
	  (HVP have)
	  (NP-OB1 (Q some)
		  (CODE <font>)
		  (ONE one)
		  (CODE <$$font>)
		  (ADJ chief)
		  (ADJ evil)
		  (N disposition)
		  (, ,)
		  (NP-PRN (D the) (" ") (VAG besetting) (N sin))
		  (, ,)
		  (" ")
		  (CP-REL (WNP-1 (WPRO which))
			  (C 0)
			  (IP-SUB (NP-SBJ *T*-1)
				  (BEP is)
				  (NP-OB1 (D the)
					  (ADJ chief)
					  (N instrument)
					  (PP (P within)
					      (NP (PRO us)))
					  (, ,)
					  (CP-REL (WPP-2 (WADV+P whereby))
						  (C 0)
						  (IP-SUB (PP *T*-2)
							  (IP-SUB-3 (NP-SBJ (NPR Satan))
								    (MD would)
								    (VB ensnare)
								    (NP-OB1 (PRO us))
								    (PP (P to)
									(NP (PRO$ our) (N destruction))))
							  (, ,)
							  (CONJP (CONJ and)
								 (IP-SUB=3 (VB corrupt)
									   (NP-OB1 (Q all) (PRO$ our) (N good))))))))))
	  (. .))
  (ID PUSEY-186X,280.34))

/~*
Every age has its own natural good and evil; its good, a help by the grace of
God, to good; and its evil, an all-encompassing, ever-recurring temptation to
evil, pressing in upon us, thronging us, carrying us off our feet before we
are aware, ubiquitous, represented to us by most with whom we have converse,
inhaled with almost every breath.
(PUSEY-186X,281.45)
*~/
/*
94 VAG:  94 VAG, 95 pressing, 73 NP-PRN
94 VAG:  94 VAG, 95 pressing, 26 NP-PRN
107 VAG:  107 VAG, 108 thronging, 73 NP-PRN
107 VAG:  107 VAG, 108 thronging, 26 NP-PRN
115 VAG:  115 VAG, 116 carrying, 73 NP-PRN
115 VAG:  115 VAG, 116 carrying, 26 NP-PRN
*/

( (IP-MAT (NP-SBJ (Q Every) (N age))
	  (HVP has)
	  (NP-OB1 (PRO$ its)
		  (ADJ own)
		  (ADJ natural)
		  (N good)
		  (CONJP (CONJ and)
			 (NX (N evil)))
		  (, ;)
		  (NP-PRN (NP (PRO$ its)
			      (N good)
			      (, ,)
			      (NP-PRN (D a)
				      (N help)
				      (PP (P by)
					  (NP (D the)
					      (N grace)
					      (PP (P of)
						  (NP (NPR God)))))
				      (, ,)
				      (PP (P to)
					  (NP (N good)))))
			  (, ;)
			  (CONJP (CONJ and)
				 (NP (PRO$ its)
				     (N evil)
				     (, ,)
				     (NP-PRN (D an)
					     (ADJP (Q+VAG all-encompassing) (, ,) (ADV+VAG ever-recurring))
					     (N temptation)
					     (PP (P to)
						 (NP (N evil)))
					     (, ,)
					     (RRC (VAG pressing)
						  (RP in)
						  (PP (P upon)
						      (NP (PRO us))))
					     (, ,)
					     (RRC (VAG thronging)
						  (NP-OB1 (PRO us)))
					     (, ,)
					     (RRC (VAG carrying)
						  (NP-OB1 (PRO us))
						  (PP (P off)
						      (NP (PRO$ our) (NS feet)))
						  (PP (P before)
						      (CP-ADV (C 0)
							      (IP-SUB (NP-SBJ (PRO we))
								      (BEP are)
								      (ADJP (ADJ aware))))))
					     (, ,)
					     (ADJP (ADJ ubiquitous))
					     (, ,)
					     (RRC (VAN represented)
						  (PP (P to)
						      (NP (PRO us)))
						  (PP (P by)
						      (NP (QS most)
							  (CP-REL (WPP-1 (P with)
									 (WNP (WPRO whom)))
								  (C 0)
								  (IP-SUB (PP *T*-1)
									  (NP-SBJ (PRO we))
									  (HVP have)
									  (NP-OB1 (N converse)))))))
					     (, ,)
					     (RRC (VAN inhaled)
						  (PP (P with)
						      (NP (QP (ADV almost) (Q every))
							  (N breath)))))))))
	  (. .))
  (ID PUSEY-186X,281.45))

/~*
for it is based on principles which the Cross first taught; self-denying love,
preferring others to self.
(PUSEY-186X,283.69)
*~/
/*
46 VAG:  46 VAG, 47 preferring, 38 NP-PRN
*/

( (IP-MAT (CONJ for)
	  (NP-SBJ (PRO it))
	  (BEP is)
	  (VAN based)
	  (PP (P on)
	      (NP (NS principles)
		  (CP-REL (WNP-1 (WPRO which))
			  (C 0)
			  (IP-SUB (NP-OB1 *T*-1)
				  (NP-SBJ (D the) (NPR Cross))
				  (ADVP-TMP (ADV first))
				  (VBD taught)))
		  (, ;)
		  (NP-PRN (N+VAG self-denying)
			  (N love)
			  (, ,)
			  (RRC (VAG preferring)
			       (NP-OB1 (OTHERS others))
			       (PP (P to)
				   (NP (N self)))))))
	  (. .))
  (ID PUSEY-186X,283.69))

/~*
How would the words sound, were one - I will not say in any place of amusement,
but - in any domestic circle, to name the words 'perfection,' 'devoutness,' '
self-sacrifice,' 'single-heartedness,' 'sanctity,' 'spirituality,' '
responsibility,' 'collectedness,' 'self-abasement,' 'contrition,' '
humiliation,' 'zeal,' 'meekness,' 'poverty of spirit,' 'hunger and thirst
after righteousness,' 'prayer without ceasing,' 'thanksgiving in all things,'
'doing all to the glory of God?'
(PUSEY-186X,289.153)
*~/
/*
290 DAG:  290 DAG, 291 doing, 86 NP-PRN
*/

( (CP-QUE (WADVP-1 (WADV How))
	  (IP-SUB (ADVP *T*-1)
		  (MD would)
		  (NP-SBJ (D the) (NS words))
		  (VB sound)
		  (, ,)
		  (CP-ADV (C 0)
			  (IP-SUB-2 (BED were)
				    (NP-SBJ (ONE one))
				    (, -)
				    (IP-SUB-PRN=2 (NP-SBJ (PRO I))
						  (MD will)
						  (NEG not)
						  (VB say)
						  (PP (PP (P in)
							  (NP (Q any)
							      (N place)
							      (PP (P of)
								  (NP (N amusement)))))
						      (, ,)
						      (CONJP (CONJ but)
							     (, -)
							     (PP (P in)
								 (NP (Q any) (ADJ domestic) (N circle))))))
				    (, ,)
				    (IP-INF (TO to)
					    (VB name)
					    (NP-OB1 (D the)
						    (NS words)
						    (' ')
						    (NP-PRN (NP (N perfection))
							    (, ,)
							    (' ')
							    (' ')
							    (CONJP (NP (N devoutness)))
							    (, ,)
							    (' ')
							    (' ')
							    (CONJP (NP (N+N self-sacrifice)))
							    (, ,)
							    (' ')
							    (' ')
							    (CONJP (NP (N single-heartedness)))
							    (, ,)
							    (' ')
							    (' ')
							    (CONJP (NP (N sanctity)))
							    (, ,)
							    (' ')
							    (' ')
							    (CONJP (NP (N spirituality)))
							    (, ,)
							    (' ')
							    (' ')
							    (CONJP (NP (N responsibility)))
							    (, ,)
							    (' ')
							    (' ')
							    (CONJP (NP (N collectedness)))
							    (, ,)
							    (' ')
							    (' ')
							    (CONJP (NP (N+N self-abasement)))
							    (, ,)
							    (' ')
							    (' ')
							    (CONJP (NP (N contrition)))
							    (, ,)
							    (' ')
							    (' ')
							    (CONJP (NP (N humiliation)))
							    (, ,)
							    (' ')
							    (' ')
							    (CONJP (NP (N zeal)))
							    (, ,)
							    (' ')
							    (' ')
							    (CONJP (NP (N meekness)))
							    (, ,)
							    (' ')
							    (' ')
							    (CONJP (NP (N poverty)
								       (PP (P of)
									   (NP (N spirit)))))
							    (, ,)
							    (' ')
							    (' ')
							    (CONJP (NP (N hunger)
								       (CONJP (CONJ and)
									      (NX (N thirst)))
								       (PP (P after)
									   (NP (N righteousness)))))
							    (, ,)
							    (' ')
							    (' ')
							    (CONJP (NP (N prayer)
								       (PP (P without)
									   (NP (N ceasing)))))
							    (, ,)
							    (' ')
							    (' ')
							    (CONJP (NP (N thanksgiving)
								       (PP (P in)
									   (NP (Q all) (NS things)))))
							    (, ,)
							    (' ')
							    (' ')
							    (CONJP (IP-PPL (DAG doing)
									   (CODE <font>)
									   (NP-OB1 (Q all))
									   (CODE <$$font>)
									   (PP (P to)
									       (NP (D the)
										   (N glory)
										   (PP (P of)
										       (NP (NPR God)))))))))))))
	  (. ?)
	  (' '))
  (ID PUSEY-186X,289.153))

/~*
This is a "progress" worthy of the name; a progress from one degree of Divine
light to another, until the last perfecting on earth, the last sanctifying,
illumining grace yields the soul, cleansed by its Redeemer's Blood, made meet
for the unmerited gift of God, the eternal beatific vision of Himself.
(PUSEY-186X,296.226)
*~/
/*
89 VAG:  89 VAG, 90 sanctifying, 29 NP-PRN
93 VAG:  93 VAG, 94 illumining, 29 NP-PRN
*/

( (IP-MAT (NP-SBJ (D This))
	  (BEP is)
	  (NP-OB1 (D a)
		  (" ")
		  (N progress)
		  (" ")
		  (ADJP (ADJ worthy)
			(PP (P of)
			    (NP (D the) (N name))))
		  (, ;)
		  (NP-PRN (D a)
			  (N progress)
			  (NP-MSR (PP (P from)
				      (NP (ONE one)
					  (N degree)
					  (PP (P of)
					      (NP (ADJ Divine) (N light)))))
				  (PP (P to)
				      (NP (D+OTHER another))))
			  (, ,)
			  (PP (P until)
			      (CP-ADV (C 0)
				      (IP-SUB (NP-SBJ (NP (D the)
							  (ADJ last)
							  (N perfecting)
							  (PP (P on)
							      (NP (N earth))))
						      (, ,)
						      (CONJP (NP (D the)
								 (ADJ last)
								 (ADJP (VAG sanctifying) (, ,) (VAG illumining))
								 (N grace))))
					      (VBP yields)
					      (IP-SMC (NP-SBJ-1 (D the)
								(N soul)
								(, ,)
								(RRC (VAN cleansed)
								     (PP (P by)
									 (NP (PRO$ its) (NPR$ Redeemer's) (N Blood)))))
						      (, ,)
						      (VAN made)
						      (IP-SMC (NP-SBJ *-1)
							      (ADJP (ADJ meet)
								    (PP (P for)
									(NP (D the)
									    (ADJ unmerited)
									    (N gift)
									    (PP (P of)
										(NP (NPR God)))
									    (, ,)
									    (NP-PRN (D the)
										    (ADJP (ADJ eternal) (ADJ beatific))
										    (N vision)
										    (PP (P of)
											(NP (PRO+N Himself))))))))))))))
	  (. .))
  (ID PUSEY-186X,296.226))

/~*
"Where the Spirit of the Lord is, there is liberty;" freedom from the
darkening power of sin; freedom from ignorance and error and our own dull
conceptions; freedom from prejudices, not from the light of the old eternal
truths, but from our own short-sighted guesses, and uncertain speculations,
and hasty prejudications of that truth which God is and reveals, that we may
be able to receive in unclosed minds the irradiating, transforming light of
God.
(PUSEY-186X,296.229)
*~/
/*
56 VAG:  56 VAG, 57 darkening, 46 NP-PRN
240 VAG:  240 VAG, 241 irradiating, 46 NP-PRN
244 VAG:  244 VAG, 245 transforming, 46 NP-PRN
*/

( (QTP (IP-MAT (" ")
	       (ADVP-LOC-LFD (CP-FRL (WADVP-1 (WADV Where))
				     (C 0)
				     (IP-SUB (ADVP-LOC *T*-1)
					     (NP-SBJ (D the)
						     (N Spirit)
						     (PP (P of)
							 (NP (D the) (NPR Lord))))
					     (BEP is))))
	       (, ,)
	       (ADVP-LOC-RSP (ADV there))
	       (NP-SBJ-2 *exp*)
	       (BEP is)
	       (NP-2 (N liberty)
		     (, ;)
		     (" ")
		     (NP-PRN (NP (N freedom)
				 (PP (P from)
				     (NP (D the)
					 (VAG darkening)
					 (N power)
					 (PP (P of)
					     (NP (N sin))))))
			     (, ;)
			     (CONJP (NP (N freedom)
					(PP (P from)
					    (NP (NP (N ignorance))
						(CONJP (CONJ and)
						       (NP (N error)))
						(CONJP (CONJ and)
						       (NP (PRO$ our) (ADJ own) (ADJ dull) (NS conceptions)))))))
			     (, ;)
			     (CONJP (NP (N freedom)
					(PP (P from)
					    (NP (NS prejudices)
						(, ,)
						(PP (PP (NEG not)
							(P from)
							(NP (D the)
							    (N light)
							    (PP (P of)
								(NP (D the)
								    (ADJP (ADJ old) (ADJ eternal))
								    (NS truths)))))
						    (, ,)
						    (CONJP (CONJ but)
							   (PP (P from)
							       (NP (PRO$ our)
								   (ADJ own)
								   (ADJ short-sighted)
								   (NS guesses)
								   (, ,)
								   (CONJP (CONJ and)
									  (NX (ADJ uncertain) (NS speculations)))
								   (, ,)
								   (CONJP (CONJ and)
									  (NX (ADJ hasty)
									      (NS prejudications)
									      (PP (P of)
										  (NP (D that)
										      (N truth)
										      (CP-REL (WNP-3 (WPRO which))
											      (C 0)
											      (IP-SUB (IP-SUB (NP-OB1 *T*-3)
													      (NP-SBJ (NPR God))
													      (BEP is))
												      (CODE {COM:in_capitals_in_original})
												      (CONJP (CONJ and)
													     (IP-SUB (NP-OB1 *T*-3)
														     (NP-SBJ *con*)
														     (VBP reveals)
														     (, ,)
														     (CP-ADV (C that)
															     (IP-SUB (NP-SBJ (PRO we))
																     (MD may)
																     (BE be)
																     (ADJP (ADJ able)
																	   (IP-INF (TO to)
																		   (VB receive)
																		   (PP (P in)
																		       (NP (ADJ unclosed) (NS minds)))
																		   (NP-OB1 (D the)
																			   (ADJP (VAG irradiating) (, ,) (VAG transforming))
																			   (N light)
																			   (PP (P of)
																			       (NP (NPR God)))))))))))))))))))))))))))
       (. .))
  (ID PUSEY-186X,296.229))

/~*
S. Paul, in speaking of what "Christ" had "wrought by" him "to the obedience
of the Gentiles, by word or deed," distinguishes these two; "in the power of
signs and wonders," "in the power of the Holy Spirit," an outward and
supernatural power of miracles, and an inward transforming power of the Spirit.
(PUSEY-186X,305.359)
*~/
/*
175 VAG:  175 VAG, 176 transforming, 146 NP-PRN-2
*/

( (IP-MAT (NP-SBJ (NPR S.) (NPR Paul))
	  (, ,)
	  (CODE <P_305>)
	  (PP (P in)
	      (IP-PPL (VAG speaking)
		      (PP (P of)
			  (NP (CP-FRL (WNP-1 (WPRO what))
				      (" ")
				      (C 0)
				      (IP-SUB (NP-OB1 *T*-1)
					      (NP-SBJ (NPR Christ))
					      (" ")
					      (HVD had)
					      (" ")
					      (VBN wrought)
					      (PP (P by)
						  (" ")
						  (NP (PRO him)))
					      (" ")
					      (PP (P to)
						  (NP (D the)
						      (N obedience)
						      (PP (P of)
							  (NP (D the) (NPRS Gentiles)))
						      (, ,)
						      (PP (P by)
							  (NP (N word) (CONJ or) (N deed)))))))))))
	  (, ,)
	  (" ")
	  (VBP distinguishes)
	  (NP-OB1 (D these)
		  (NUM two)
		  (NP-PRN *ICH*-2))
	  (, ;)
	  (" ")
	  (PP (PP (P in)
		  (NP (D the)
		      (N power)
		      (PP (P of)
			  (NP (NS signs) (CONJ and) (NS wonders)))))
	      (, ,)
	      (" ")
	      (" ")
	      (CONJP (PP (P in)
			 (NP (D the)
			     (N power)
			     (PP (P of)
				 (NP (D the) (NPR Holy) (NPR Spirit)))))))
	  (, ,)
	  (" ")
	  (NP-PRN-2 (NP (D an)
			(ADJP (ADJ outward) (CONJ and) (ADJ supernatural))
			(N power)
			(PP (P of)
			    (NP (NS miracles))))
		    (, ,)
		    (CONJP (CONJ and)
			   (NP (D an)
			       (ADJ inward)
			       (VAG transforming)
			       (N power)
			       (PP (P of)
				   (NP (D the) (NPR Spirit))))))
	  (. .))
  (ID PUSEY-186X,305.359))

/~*
"That the God of our Lord Jesus Christ, the Father of glory, would give you
the spirit of wisdom and revelation in the full knowledge of Him; having the
eyes of your heart enlightened, so that you may know, what is the hope of His
calling, and what the riches of the glory of His inheritance in the saints" -
this relates to what eye hath not seen nor ear heard, the glory of those
already perfected, but he adds, as equally an object of revelation, the might
of grace which God puts forth here below - "and what the transcending
greatness of His power to usward the believing, according to the working of
the strength of His might, which He worked in Christ, in that He raised Him
from the dead, and placed Him on His Right Hand in the heavenly places, far
above all principality and power and dominion, and every name which is named,
not only in this world but in that which is to come, and hath subjected all
things under His feet."
(PUSEY-186X,309.412)
*~/
/*
348 VAG:  348 VAG, 349 believing, 345 NP-PRN
*/

( (QTP (CP-THT (" ")
	       (C That)
	       (IP-SUB (NP-SBJ (D the)
			       (NPR God)
			       (PP (P of)
				   (NP (PRO$ our)
				       (NPR Lord)
				       (NP-PRN (NPR Jesus) (NPR Christ))))
			       (, ,)
			       (NP-PRN (D the)
				       (NPR Father)
				       (PP (P of)
					   (NP (N glory)))))
		       (, ,)
		       (MD would)
		       (VB give)
		       (NP-OB2 (PRO you))
		       (NP-OB1 (D the)
			       (N spirit)
			       (PP (P of)
				   (NP (N wisdom) (CONJ and) (N revelation))))
		       (PP (P in)
			   (NP (D the)
			       (ADJ full)
			       (N knowledge)
			       (PP (P of)
				   (NP (PRO Him)))))
		       (, ;)
		       (IP-PPL (HAG having)
			       (IP-SMC (NP-SBJ (D the)
					       (NS eyes)
					       (PP (P of)
						   (NP (PRO$ your) (N heart))))
				       (VAN enlightened)
				       (, ,)
				       (PP (P so)
					   (CP-ADV (C that)
						   (IP-SUB (NP-SBJ (PRO you))
							   (MD may)
							   (VB know)
							   (, ,)
							   (CP-QUE (CP-QUE (WNP-1 (WPRO what))
									   (IP-SUB-2 (NP-OB1 *T*-1)
										     (BEP is)
										     (NP-SBJ (D the)
											     (N hope)
											     (PP (P of)
												 (NP (PRO$ His) (N calling))))))
								   (, ,)
								   (CONJP (CONJ and)
									  (CP-QUE (WNP-3 (WPRO what))
										  (IP-SUB=2 (NP-OB1 *T*-3)
											    (NP-SBJ (D the)
												    (NS riches)
												    (PP (P of)
													(NP (D the)
													    (N glory)
													    (PP (P of)
														(NP (PRO$ His)
														    (N inheritance)
														    (PP (P in)
															(NP (D the) (NS saints))))))))
											    (" ")
											    (, -)
											    (CODE <paren>)
											    (IP-MAT-PRN (NP-SBJ (D this))
													(VBP relates)
													(PP (P to)
													    (NP (CP-FRL (WNP-4 (WPRO what))
															(C 0)
															(IP-SUB (IP-SUB-5 (NP-OB1 *T*-4)
																	  (NP-SBJ (N eye))
																	  (HVP hath)
																	  (NEG not)
																	  (VBN seen))
																(CONJP (CONJ nor)
																       (IP-SUB=5 (NP-SBJ (N ear))
																		 (VBN heard)))))
														(, ,)
														(NP-PRN (D the)
															(N glory)
															(PP (P of)
															    (NP (D those)
																(RRC (ADVP-TMP (ADV already))
																     (VAN perfected))))))))
											    (, ,)
											    (IP-MAT-PRN (CONJ but)
													(NP-SBJ (PRO he))
													(VBP adds)
													(, ,)
													(PP (P as)
													    (NP (ADV equally)
														(D an)
														(N object)
														(PP (P of)
														    (NP (N revelation)))))
													(, ,)
													(NP-OB1 (D the)
														(N might)
														(PP (P of)
														    (NP (N grace)))
														(CP-REL (WNP-6 (WPRO which))
															(C 0)
															(IP-SUB (NP-OB1 *T*-6)
																(NP-SBJ (NPR God))
																(VBP puts)
																(ADVP-DIR (ADV forth))
																(ADVP-LOC (ADV here) (ADV below)))))))))
								   (CODE <$$paren>)
								   (, -)
								   (" ")
								   (CONJP (CONJ and)
									  (CP-QUE (WNP-7 (WPRO what))
										  (IP-SUB=2 (NP-OB1 *T*-7)
											    (NP-SBJ (D the)
												    (VAG transcending)
												    (N greatness)
												    (PP (P of)
													(NP (PRO$ His)
													    (N power)
													    (PP (P to)
														(NP (PRO+WARD usward)
														    (NP-PRN (D the) (VAG believing)))))))
											    (, ,)
											    (IP-PPL (VAG according)
												    (PP (P to)
													(NP (D the)
													    (N working)
													    (PP (P of)
														(NP (D the)
														    (N strength)
														    (PP (P of)
															(NP (PRO$ His) (N might)))))
													    (, ,)
													    (CP-REL (WNP-8 (WPRO which))
														    (C 0)
														    (IP-SUB (NP-OB1 *T*-8)
															    (NP-SBJ (PRO He))
															    (VBD worked)
															    (PP (P in)
																(NP (NPR Christ)))
															    (, ,)
															    (PP (P in)
																(CP-ADV (C that)
																	(IP-SUB (IP-SUB (NP-SBJ (PRO He))
																			(VBD raised)
																			(NP-OB1 (PRO Him))
																			(PP (P from)
																			    (NP (D the) (ADJ dead))))
																		(, ,)
																		(CONJP (CONJ and)
																		       (IP-SUB (NP-SBJ *con*)
																			       (VBD placed)
																			       (NP-OB1 (PRO Him))
																			       (PP (P on)
																				   (NP (PRO$ His) (ADJ Right) (N Hand)))
																			       (PP (P in)
																				   (NP (D the) (CODE <P_309>) (ADJ heavenly) (NS places)))
																			       (, ,)
																			       (PP (NP-MSR (ADJ far))
																				   (P above)
																				   (NP (NP (Q all)
																					   (N principality)
																					   (CONJP (CONJ and)
																						  (CODE <font>)
																						  (NX (N power)))
																					   (CODE <$$font>)
																					   (CONJP (CONJ and)
																						  (NX (N dominion))))
																				       (, ,)
																				       (CONJP (CONJ and)
																					      (NP (Q every)
																						  (N name)
																						  (CP-REL (WNP-9 (WPRO which))
																							  (C 0)
																							  (IP-SUB (NP-SBJ *T*-9)
																								  (BEP is)
																								  (VAN named)
																								  (, ,)
																								  (PP (PP (NEG not)
																									  (FP only)
																									  (P in)
																									  (NP (D this) (N world)))
																								      (CONJP (CONJ but)
																									     (PP (P in)
																										 (NP (D that)
																										     (CP-REL (WNP-4 (WPRO which))
																											     (C 0)
																											     (IP-SUB (NP-SBJ *T*-4)
																												     (BEP is)
																												     (IP-INF (TO to) (VB come))))))))))))))))
																		(, ,)
																		(CONJP (CONJ and)
																		       (IP-SUB (NP-SBJ *con*)
																			       (HVP hath)
																			       (VBN subjected)
																			       (NP-OB1 (Q all) (NS things))
																			       (PP (P under)
																				   (NP (PRO$ His) (NS feet))))))))))))))))))))))))
       (. .)
       (" "))
  (ID PUSEY-186X,309.412))
/*
FOOTER
  source file, hits/tokens/total
  C:\Users\Shoo\Dropbox\workspace\CorpusSearch_Auto\data\corporas\PPCMBE\temp1492106160469\homilies_and_sermons\pusey-186x.psd	13/8/439
*/
/*
HEADER:
source file:  C:\Users\Shoo\Dropbox\workspace\CorpusSearch_Auto\data\corporas\PPCMBE\temp1492106160469\homilies_and_sermons\talbot-1901.psd
*/

/~*
It is a living religion, a living bond between the living God and living men.
(TALBOT-1901,90.27)
*~/
/*
19 VAG:  19 VAG, 20 living, 16 NP-PRN
30 VAG:  30 VAG, 31 living, 16 NP-PRN
38 VAG:  38 VAG, 39 living, 16 NP-PRN
*/

( (IP-MAT (NP-SBJ (PRO It))
	  (BEP is)
	  (NP-OB1 (D a)
		  (VAG living)
		  (N religion)
		  (, ,)
		  (NP-PRN (D a)
			  (VAG living)
			  (N bond)
			  (PP (P between)
			      (NP (NP (D the) (VAG living) (NPR God))
				  (CONJP (CONJ and)
					 (NP (VAG living) (NS men)))))))
	  (. .))
  (ID TALBOT-1901,90.27))

/~*
He reveals Himself under that strange but extraordinarily impressive phrase as
being what He is: "I am that I am," underived, creative, conscious, abiding
life.
(TALBOT-1901,91.47)
*~/
/*
96 VAG:  96 VAG, 97 abiding, 82 NP-PRN-2
*/

( (IP-MAT (NP-SBJ (PRO He))
	  (VBP reveals)
	  (NP-OB1 (PRO+N Himself))
	  (PP (P under)
	      (NP (D that)
		  (ADJP (ADJP (ADJ strange))
			(CONJP (CONJ but)
			       (ADJP (ADV extraordinarily) (ADJ impressive))))
		  (N phrase)
		  (PP (P as)
		      (IP-PPL (BAG being)
			      (NP-OB1 (CP-FRL (WNP-1 (WPRO what))
					      (C 0)
					      (IP-SUB (NP-OB1 *T*-1)
						      (NP-SBJ (PRO He))
						      (BEP is)))
				      (NP-PRN *ICH*-2))))
		  (, :)
		  (" ")
		  (QTP (IP-MAT (NP-SBJ (PRO I))
			       (BEP am)
			       (NP-OB1 (CP-FRL (WNP-1 0)
					       (C that)
					       (IP-SUB (NP-OB1 *T*-1)
						       (NP-SBJ (PRO I))
						       (BEP am))))))
		  (, ,)
		  (" ")
		  (NP-PRN-2 (ADJP (ADJ underived) (, ,) (ADJ creative) (, ,) (ADJ conscious) (, ,) (VAG abiding))
			    (N life))))
	  (. .))
  (ID TALBOT-1901,91.47))

/~*
That aspect of God which seemed to be endangered by His own very vastness -
the personal aspect, if you will, or the living and loving nature - that for
which man's whole higher nature was athirst, that to which his most universal
and unfailing instincts had pointed clearly or dimly, nobly or grotesquely,
that which seemed essential to the authority of his conscience, and to his own
value as a spiritual being - that was brought to the front,
(TALBOT-1901,98.147)
*~/
/*
77 VAG:  77 VAG, 78 living, 46 NP-PRN
81 VAG:  81 VAG, 82 loving, 46 NP-PRN
*/

( (IP-MAT (NP-LFD (D That)
		  (N aspect)
		  (PP (P of)
		      (NP (NPR God)
			  (CP-REL (WNP-1 (WPRO which))
				  (C 0)
				  (IP-SUB (NP-SBJ *T*-1)
					  (VBD seemed)
					  (IP-INF (TO to)
						  (BE be)
						  (VAN endangered)
						  (PP (P by)
						      (NP (PRO$ His)
							  (ADJP (ADJ own) (ADJ very))
							  (N vastness))))))))
		  (, -)
		  (NP-PRN (NP (D the)
			      (ADJ personal)
			      (N aspect)
			      (, ,)
			      (PP (P if)
				  (CP-ADV (C 0)
					  (IP-SUB (NP-SBJ (PRO you))
						  (MD will)))))
			  (, ,)
			  (CONJP (CONJ or)
				 (NP (D the)
				     (ADJP (VAG living) (CONJ and) (VAG loving))
				     (N nature))))
		  (, -)
		  (NP-PRN (D that)
			  (CP-REL (WPP-2 (P for)
					 (WNP (WPRO which)))
				  (C 0)
				  (IP-SUB (PP *T*-2)
					  (NP-SBJ (N$ man's)
						  (ADJP (ADJ whole) (ADJR higher))
						  (N nature))
					  (BED was)
					  (PP (P+N athirst)))))
		  (, ,)
		  (NP-PRN (D that)
			  (CP-REL (WPP-3 (P to)
					 (WNP (WPRO which)))
				  (C 0)
				  (IP-SUB (PP *T*-3)
					  (NP-SBJ (PRO$ his)
						  (ADJP (QS most)
							(ADJ universal)
							(CONJP (CONJ and)
							       (ADJX (ADJ unfailing))))
						  (NS instincts))
					  (HVD had)
					  (VBN pointed)
					  (ADVP (ADVP (ADV clearly) (CONJ or) (ADV dimly))
						(, ,)
						(CONJP (ADVP (ADV nobly) (CONJ or) (ADV grotesquely)))))))
		  (, ,)
		  (NP-PRN (D that)
			  (CP-REL (WNP-4 (WPRO which))
				  (C 0)
				  (IP-SUB (NP-SBJ *T*-4)
					  (VBD seemed)
					  (ADJP (ADJ essential)
						(PP (PP (P to)
							(NP (D the)
							    (N authority)
							    (PP (P of)
								(NP (PRO$ his) (N conscience)))))
						    (, ,)
						    (CONJP (CONJ and)
							   (PP (P to)
							       (NP (PRO$ his)
								   (ADJ own)
								   (N value)
								   (PP (P as)
								       (NP (D a) (ADJ spiritual) (N being))))))))))))
	  (, -)
	  (NP-SBJ-RSP (D that))
	  (BED was)
	  (VAN brought)
	  (PP (P to)
	      (NP (D the) (N front)))
	  (. ,))
  (ID TALBOT-1901,98.147))

/~*
One of them, of course, is the influence of that amazingly powerful thing, the
inductive method and spirit; the habit of going to fact, and of being true to
fact.
(TALBOT-1901,107.252)
*~/
/*
68 VAG:  68 VAG, 69 going, 58 NP-PRN
68 VAG:  68 VAG, 69 going, 43 NP-PRN
85 BAG:  85 BAG, 86 being, 58 NP-PRN
85 BAG:  85 BAG, 86 being, 43 NP-PRN
*/

( (IP-MAT (NP-SBJ (ONE One)
		  (PP (P of)
		      (NP (PRO them))))
	  (, ,)
	  (PP (P of)
	      (NP (N course)))
	  (, ,)
	  (BEP is)
	  (NP-OB1 (D the)
		  (N influence)
		  (PP (P of)
		      (NP (D that)
			  (ADJP (ADV amazingly) (ADJ powerful))
			  (N thing)
			  (, ,)
			  (NP-PRN (D the)
				  (ADJ inductive)
				  (N method)
				  (CONJP (CONJ and)
					 (NX (N spirit)))
				  (, ;)
				  (NP-PRN (D the)
					  (N habit)
					  (PP (PP (P of)
						  (IP-PPL (VAG going)
							  (PP (P to)
							      (NP (N fact)))))
					      (, ,)
					      (CONJP (CONJ and)
						     (PP (P of)
							 (IP-PPL (BAG being)
								 (ADJP (ADJ true)
								       (PP (P to)
									   (NP (N fact)))))))))))))
	  (. .))
  (ID TALBOT-1901,107.252))

/~*
These are great results: humility in the virtuous and respectable, or those
who are thought and think themselves so; charity and insight in the treatment
of all; and, we may add, a quickened sense of truth in minds relieved from the
necessity of forcing facts to make the experiences of conduct square with the
supposed classification of character.
(TALBOT-1901,109.272)
*~/
/*
147 VAG:  147 VAG, 148 forcing, 16 NP-PRN-1
*/

( (IP-MAT (NP-SBJ (D These)
		  (NP-PRN *ICH*-1))
	  (BEP are)
	  (NP-OB1 (ADJ great) (NS results))
	  (, :)
	  (NP-PRN-1 (NP (N humility)
			(PP (P in)
			    (NP (NP (D the)
				    (ADJP (ADJ virtuous) (CONJ and) (ADJ respectable)))
				(, ,)
				(CONJP (CONJ or)
				       (NP (D those)
					   (CP-REL (WNP-2 (WPRO who))
						   (C 0)
						   (IP-SUB-3 (NP-SBJ *T*-2)
							     (BEP are)
							     (VAN thought)
							     (IP-SUB-PRN=3 (CONJ and)
									   (VBP think)
									   (IP-SMC (NP-SBJ (PRO+N themselves))))
							     (IP-SMC (NP-SBJ *-2)
								     (ADVP (ADV so))))))))))
		    (, ;)
		    (CONJP (NP (N charity)
			       (CONJP (CONJ and)
				      (NX (N insight)))
			       (PP (P in)
				   (NP (D the)
				       (N treatment)
				       (PP (P of)
					   (NP (Q all)))))))
		    (, ;)
		    (CONJP (CONJ and)
			   (, ,)
			   (IP-MAT-PRN (NP-SBJ (PRO we))
				       (MD may)
				       (VB add))
			   (, ,)
			   (NP (D a)
			       (VAN quickened)
			       (N sense)
			       (PP (P of)
				   (NP (N truth)))
			       (PP (P in)
				   (NP (NS minds)
				       (RRC (VAN relieved)
					    (PP (P from)
						(NP (D the)
						    (N necessity)
						    (PP (P of)
							(IP-PPL (VAG forcing)
								(NP-OB1 (NS facts))
								(IP-INF (TO to)
									(VB make)
									(IP-INF (NP-SBJ (D the)
											(NS experiences)
											(PP (P of)
											    (NP (N conduct))))
										(VB square)
										(PP (P with)
										    (NP (D the)
											(VAN supposed)
											(N classification)
											(PP (P of)
											    (NP (N character)))))))))))))))))
	  (. .))
  (ID TALBOT-1901,109.272))
/*
FOOTER
  source file, hits/tokens/total
  C:\Users\Shoo\Dropbox\workspace\CorpusSearch_Auto\data\corporas\PPCMBE\temp1492106160469\homilies_and_sermons\talbot-1901.psd	9/5/522
*/
/*
HEADER:
source file:  C:\Users\Shoo\Dropbox\workspace\CorpusSearch_Auto\data\corporas\PPCMBE\temp1492106160469\homilies_and_sermons\wollaston-1793.psd
*/

/~*
But at this day, when we ourselves behold the shocking effects of Anarchy in
our next adjoining nation: a nation florishing in arts and opulence, sunk at
once to wretchedness; deluged in blood, through their having listened to the
plausible tale of the Philosopher, the speculative Theorist on Government; can
we of this nation, who already sit happy under our own Vine and our own
fig-tree as the prophet expresses it; we, who do feel our Persons secure from
the oppression of arbitrary power; our Property our own; not liable $nor
possible to be wrested from us by violence, but the arm of Government is
always ready to defend it for the lowest individual among us against the
highest?
(WOLLASTON-1793,19.151)
*~/
/*
64 VAG:  64 VAG, 65 florishing, 57 NP-PRN
115 HAG:  115 HAG, 116 having, 57 NP-PRN
*/

( (CP-QUE (CONJ But)
	  (PP (P at)
	      (NP (D this) (N day)))
	  (, ,)
	  (PP (P when)
	      (CP-ADV (C 0)
		      (IP-SUB (NP-SBJ (PRO we)
				      (NP-PRN (PRO$+N ourselves)))
			      (VBP behold)
			      (NP-OB1 (D the)
				      (ADJ shocking)
				      (NS effects)
				      (PP (P of)
					  (NP (N Anarchy))))
			      (PP (P in)
				  (NP (PRO$ our)
				      (ADJP (ADJS next) (VAG adjoining))
				      (N nation)
				      (, :)
				      (NP-PRN (D a)
					      (N nation)
					      (RRC (RRC (VAG florishing)
							(PP (P in)
							    (NP (NS arts) (CONJ and) (N opulence))))
						   (, ,)
						   (CONJP (RRC (VAN sunk)
							       (PP (P at)
								   (ADVP (ADV once)))
							       (PP (P to)
								   (NP (N wretchedness)))))
						   (, ;)
						   (CONJP (RRC (VAN deluged)
							       (PP (P in)
								   (NP (N blood)))
							       (, ,)
							       (PP (P through)
								   (NP (PRO$ their)
								       (IP-PPL (HAG having)
									       (VBN listened)
									       (PP (P to)
										   (NP (D the)
										       (ADJ plausible)
										       (N tale)
										       (PP (P of)
											   (NP (D the)
											       (N Philosopher)
											       (, ,)
											       (CODE <P_19>)
											       (NP-PRN (D the)
												       (ADJ speculative)
												       (N Theorist)
												       (PP (P on)
													   (NP (N Government))))))))))))))))))))
	  (, ;)
	  (IP-SUB (MD can)
		  (NP-SBJ (PRO we)
			  (PP (P of)
			      (NP (D this) (N nation)))
			  (, ,)
			  (CP-REL (WNP-1 (WPRO who))
				  (C 0)
				  (IP-SUB (NP-SBJ *T*-1)
					  (ADVP-TMP (ADV already))
					  (VBP sit)
					  (ADJP-SPR (ADJ happy))
					  (PP (P under)
					      (NP (NP (PRO$ our) (ADJ own) (N Vine))
						  (CONJP (CONJ and)
							 (NP (PRO$ our) (ADJ own) (N+N fig-tree)))))
					  (PP-PRN (P as)
						  (CP-ADV (WADVP-2 0)
							  (C 0)
							  (IP-SUB (ADVP *T*-2)
								  (NP-SBJ (D the) (N prophet))
								  (VBP expresses)
								  (NP-OB1 (PRO it)))))))
			  (, ;)
			  (NP-PRN (PRO we)
				  (, ,)
				  (CP-REL (WNP-3 (WPRO who))
					  (C 0)
					  (IP-SUB (NP-SBJ *T*-3)
						  (DOP do)
						  (VB feel)
						  (IP-SMC (IP-SMC (IP-SMC (NP-SBJ (PRO$ our) (NS Persons))
									  (ADJP (ADJ secure)
										(PP (P from)
										    (NP (D the)
											(N oppression)
											(PP (P of)
											    (NP (ADJ arbitrary) (N power)))))))
								  (, ;)
								  (CONJP (IP-SMC (NP-SBJ (PRO$ our) (N Property))
										 (NP-OB1 (NP (PRO$ our) (ADJ own))
											 (, ;)
											 (CONJP (ADJP (NEG not)
												      (ADJ (ADJ liable)
													   (CONJ $nor)
													   (CODE {TEXT:not})
													   (ADJ possible))
												      (IP-INF (TO to)
													      (BE be)
													      (VAN wrested)
													      (PP (P from)
														  (NP (PRO us)))
													      (PP (P by)
														  (NP (N violence))))))))))
							  (, ,)
							  (CONJP (CONJ but)
								 (CP-THT (C 0)
									 (IP-SUB (NP-SBJ (D the)
											 (N arm)
											 (PP (P of)
											     (NP (N Government))))
										 (BEP is)
										 (ADVP-TMP (ADV always))
										 (ADJP (ADJ ready)
										       (IP-INF (TO to)
											       (VB defend)
											       (NP-OB1 (PRO it))
											       (PP (P for)
												   (NP (D the)
												       (ADJS lowest)
												       (N individual)
												       (PP (P among)
													   (NP (PRO us)))))
											       (PP (P against)
												   (NP (D the) (ADJS highest))))))))))))))
	  (. ?))
  (ID WOLLASTON-1793,19.151))

/~*
And one principal drift of the discourse on that day, was, to point out to
your observation the horrid effects of Atheism riding triumphant in an
assembly of a neighbouring nation. Effects, which mark certainly, if any thing
can with confidence be declared a mark of, the displeasure of the Almighty
towards them for their having rejected all acknowledgement of him.
(WOLLASTON-1793,30.231)
*~/
/*
175 HAG:  175 HAG, 176 having, 87 NP-PRN
*/

( (IP-MAT (CONJ And)
	  (NP-SBJ (ONE one)
		  (ADJ principal)
		  (N drift)
		  (PP (P of)
		      (NP (D the)
			  (N discourse)
			  (PP (P on)
			      (NP (D that) (N day))))))
	  (, ,)
	  (BED was)
	  (, ,)
	  (IP-INF (TO to)
		  (VB point)
		  (RP out)
		  (PP (P to)
		      (NP (PRO$ your) (N observation)))
		  (NP-OB1 (D the)
			  (ADJ horrid)
			  (NS effects)
			  (PP (P of)
			      (IP-PPL (NP-SBJ (N Atheism))
				      (VAG riding)
				      (ADJP-SPR (ADJ triumphant))
				      (PP (P in)
					  (NP (D an)
					      (N assembly)
					      (PP (P of)
						  (NP (D a) (VAG neighbouring) (N nation)))))))
			  (, .)
			  (NP-PRN (NS Effects)
				  (, ,)
				  (CP-REL (WNP-1 (WPRO which))
					  (C 0)
					  (IP-SUB (NP-SBJ *T*-1)
						  (VBP mark)
						  (ADVP (ADV certainly))
						  (, ,)
						  (PP (P if)
						      (CP-ADV (C 0)
							      (IP-SUB (NP-SBJ-2 (Q any) (N thing))
								      (MD can)
								      (PP (P with)
									  (NP (N confidence)))
								      (BE be)
								      (VAN declared)
								      (IP-SMC (NP-SBJ *-2)
									      (NP-OB1 (D a)
										      (N mark)
										      (PP (P of)
											  (NP *)))))))
						  (, ,)
						  (NP-OB1 (D the)
							  (N displeasure)
							  (PP (P of)
							      (NP (D the) (NPR Almighty)))
							  (PP *ICH*-3))
						  (PP (P towards)
						      (NP (PRO them)))
						  (PP-3 (P for)
							(NP (PRO$ their)
							    (IP-PPL (HAG having)
								    (VBN rejected)
								    (NP-OB1 (Q all)
									    (N acknowledgement)
									    (PP (P of)
										(NP (PRO him))))))))))))
	  (. .))
  (ID WOLLASTON-1793,30.231))

/~*
Of ceremonies, if they may be called ceremonies it appoints but two: the form
of admission into the profession of it, by Baptism; and the Form of reminding
us of that profession, and declaring our continuance in it, by partaking
conscientiously of the bread and wine in the Lord's Supper: partaking of them
both, ourselves, in remembrance of Christ, who suffered once and but once for
all mankind, and rose again for all, and is ascended into heaven, whence he
will come again to judge all men.
(WOLLASTON-1793,40.311)
*~/
/*
100 VAG:  100 VAG, 101 reminding, 49 NP-PRN
119 VAG:  119 VAG, 120 declaring, 49 NP-PRN
139 VAG:  139 VAG, 140 partaking, 49 NP-PRN
173 VAG:  173 VAG, 174 partaking, 49 NP-PRN
*/

( (IP-MAT (PP (P Of)
	      (NP (NS ceremonies)
		  (, ,)
		  (CODE <paren>)
		  (PP-PRN (P if)
			  (CP-ADV (C 0)
				  (IP-SUB (NP-SBJ-1 (PRO they))
					  (MD may)
					  (BE be)
					  (VAN called)
					  (IP-SMC (NP-SBJ *-1)
						  (NP-OB1 (NS ceremonies))))))))
	  (CODE <$$paren>)
	  (NP-SBJ (PRO it))
	  (VBP appoints)
	  (NP-OB1 (NUMP (FP but) (NUM two))
		  (, :)
		  (NP-PRN (NP (D the)
			      (N form)
			      (PP (P of)
				  (NP (N admission)
				      (PP (P into)
					  (NP (D the)
					      (N profession)
					      (PP (P of)
						  (NP (PRO it)))))
				      (, ,)
				      (PP (P by)
					  (NP (N Baptism))))))
			  (, ;)
			  (CODE <P_40>)
			  (CONJP (CONJ and)
				 (NP (D the)
				     (N Form)
				     (PP (P of)
					 (IP-PPL (IP-PPL (VAG reminding)
							 (NP-OB1 (PRO us))
							 (PP (P of)
							     (NP (D that) (N profession))))
						 (, ,)
						 (CONJP (CONJ and)
							(IP-PPL (VAG declaring)
								(NP-OB1 (PRO$ our)
									(N continuance)
									(PP (P in)
									    (NP (PRO it))))))
						 (, ,)
						 (PP (P by)
						     (IP-PPL (IP-PPL (VAG partaking)
								     (ADVP (ADV conscientiously))
								     (PP (P of)
									 (NP (D the)
									     (N bread)
									     (CONJP (CONJ and)
										    (NX (N wine)))))
								     (PP (P in)
									 (NP (NP-POS (D the) (NPR$ Lord's))
									     (NPR Supper))))
							     (, :)
							     (CONJP (IP-PPL (VAG partaking)
									    (PP (P of)
										(NP (PRO them)
										    (QP (Q both))))
									    (, ,)
									    (NP-PRN (PRO$+N ourselves))
									    (, ,)
									    (PP (P in)
										(NP (N remembrance)
										    (PP (P of)
											(NP (NPR Christ)
											    (, ,)
											    (CP-REL (WNP-2 (WPRO who))
												    (C 0)
												    (IP-SUB (IP-SUB (NP-SBJ *T*-2)
														    (VBD suffered)
														    (NP-TMP (NP (NUM once))
															    (CONJP (CONJ and)
																   (NP (FP but) (NUM once))))
														    (PP (P for)
															(NP (Q all) (N+N mankind))))
													    (, ,)
													    (CONJP (CONJ and)
														   (IP-SUB (NP-SBJ *T*-2)
															   (VBD rose)
															   (ADVP (ADV again))
															   (PP (P for)
															       (NP (Q all)))))
													    (, ,)
													    (CONJP (CONJ and)
														   (IP-SUB (NP-SBJ *T*-2)
															   (BEP is)
															   (VBN ascended)
															   (PP (P into)
															       (NP (NPR heaven)
																   (, ,)
																   (CP-REL (WADVP-3 (WADV whence))
																	   (C 0)
																	   (IP-SUB (ADVP *T*-3)
																		   (NP-SBJ (PRO he))
																		   (MD will)
																		   (VB come)
																		   (ADVP (ADV again))
																		   (IP-INF-PRP (TO to)
																			       (VB judge)
																			       (NP-OB1 (Q all) (NS men)))))))))))))))))))))))))
	  (. .))
  (ID WOLLASTON-1793,40.311))
/*
FOOTER
  source file, hits/tokens/total
  C:\Users\Shoo\Dropbox\workspace\CorpusSearch_Auto\data\corporas\PPCMBE\temp1492106160469\homilies_and_sermons\wollaston-1793.psd	7/3/341
*/
/*
SUMMARY:  
source files, hits/tokens/total
  C:\Users\Shoo\Dropbox\workspace\CorpusSearch_Auto\data\corporas\PPCMBE\temp1492106160469\homilies_and_sermons\burton-1762.psd	4/4/425
  C:\Users\Shoo\Dropbox\workspace\CorpusSearch_Auto\data\corporas\PPCMBE\temp1492106160469\homilies_and_sermons\butler-1726.psd	3/1/349
  C:\Users\Shoo\Dropbox\workspace\CorpusSearch_Auto\data\corporas\PPCMBE\temp1492106160469\homilies_and_sermons\froude-1830.psd	1/1/366
  C:\Users\Shoo\Dropbox\workspace\CorpusSearch_Auto\data\corporas\PPCMBE\temp1492106160469\homilies_and_sermons\pusey-186x.psd	13/8/439
  C:\Users\Shoo\Dropbox\workspace\CorpusSearch_Auto\data\corporas\PPCMBE\temp1492106160469\homilies_and_sermons\talbot-1901.psd	9/5/522
  C:\Users\Shoo\Dropbox\workspace\CorpusSearch_Auto\data\corporas\PPCMBE\temp1492106160469\homilies_and_sermons\wollaston-1793.psd	7/3/341
whole search, hits/tokens/total
		37/22/2442
*/
