/*
PREFACE:  
Copyright 2010 Beth Randall
Date:  Thu Apr 13 18:50:33 BST 2017

command file:     data\searches\queries\YCOE\wh-questions.q
output file:      C:\Users\Shoo\Dropbox\workspace\CorpusSearch_Auto\data\output\13-04-2017 18.46.36.333 YCOE\whquestions\fiction_romances_dramacomedies_and_verse\result.out

node:   CP-QUE*|WADV*|WADJ*|WPRO*|WNP*|WPP*|WQ*
query:  (WADV*|WADJ*|WPRO*|WNP*|WPP*|WQ* Dominates  !WADV*|WADJ*|WPRO*|WNP*|WPP*|WQ*) 
  AND  (CP-QUE* Dominates  WADV*|WADJ*|WPRO*|WNP*|WPP*|WQ*) 
*/
/*
HEADER:
source file:  C:\Users\Shoo\Dropbox\workspace\CorpusSearch_Auto\data\corporas\YCOE\temp1492105600559\fiction_romances_dramacomedies_and_verse\coapollo.o3.psd
*/

/~*
+Da gelamp hit sarlicum gelimpe: +ta +da se f+ader +tohte hwam he hi mihte
healicost forgifan, +ta gefeol his agen mod on hyre lufe mid unrihtre
gewilnunge, to +dam swi+de +t+at he forgeat +ta f+aderlican arf+astnesse and
gewilnode his agenre dohtor him to gem+accan.
(coapollo,ApT:1.6.7)
*~/
/*
40 WPRO^D:  40 WPRO^D, 41 hwam, 38 CP-QUE
*/
( (CODE <T06080000500,1.6>)
  (IP-MAT (ADVP-TMP (ADV^T +Da))
	  (VBDI gelamp)
	  (NP-NOM-x (PRO^N hit))
	  (NP-DAT-ADT (ADJ^D sarlicum) (N^D gelimpe))
	  (. :)
	  (CP-THT-x (C 0)
		    (IP-SUB (CP-ADV (ADV^T +ta)
				    (P +da)
				    (C 0)
				    (IP-SUB (NP-NOM (D^N se) (N^N f+ader))
					    (VBD +tohte)
					    (CP-QUE (WNP-DAT-1 (WPRO^D hwam))
						    (C 0)
						    (IP-SUB (NP-DAT *T*-1)
							    (NP-NOM (PRO^N he))
							    (NP-ACC (PRO^A hi))
							    (MDD mihte)
							    (ADVP (ADVS healicost))
							    (VB forgifan)))))
			    (, ,)
			    (ADVP-TMP (ADV^T +ta))
			    (VBDI gefeol)
			    (NP-NOM (PRO$ his) (ADJ^N agen) (N^N mod))
			    (PP (P on)
				(NP (PRO$ hyre) (N lufe)))
			    (PP (P mid)
				(NP-DAT (ADJ^D unrihtre) (N^D gewilnunge)))
			    (, ,)
			    (ADVP (PP (P to)
				      (NP-DAT (D^D +dam)))
				  (ADV swi+de)
				  (CP-DEG (C +t+at)
					  (IP-SUB (IP-SUB (NP-NOM (PRO^N he))
							  (VBDI forgeat)
							  (NP-ACC (D^A +ta) (ADJ^A f+aderlican) (N^A arf+astnesse)))
						  (CONJP (CONJ and)
							 (IP-SUB-CON (NP-NOM *con*)
								     (VBD gewilnode)
								     (NP (PRO$ his) (ADJ agenre) (N dohtor))
								     (NP-DAT-RFL-ADT (PRO^D him))
								     (PP (P to)
									 (NP (N gem+accan))))))))))
	  (. .))
  (ID coapollo,ApT:1.6.7))

/~*
+Da gewear+d hit +t+at +t+as m+adenes fostormodor into +dam bure eode and
geseah hi +dar sittan on micelre gedrefednesse and hire cw+a+d to: Hwig eart
+tu, hl+afdige, swa gedrefedes modes?
(coapollo,ApT:2.1.14)
*~/
/*
80 WADV:  80 WADV, 81 Hwig, 78 CP-QUE-SPE
*/

( (CODE <T06080000800,2.1>)
  (IP-MAT (ADVP-TMP (ADV^T +Da))
	  (BEDI gewear+d)
	  (NP-NOM-x (PRO^N hit))
	  (CP-THT-x (C +t+at)
		    (IP-SUB (IP-SUB (NP-NOM (NP-GEN (D^G +t+as) (N^G m+adenes))
					    (N^N fostormodor))
				    (PP (P into)
					(NP-DAT (D^D +dam) (N^D bure)))
				    (VBD eode))
			    (CONJP (CONJ and)
				   (IP-SUB-CON (NP-NOM *con*)
					       (VBDI geseah)
					       (IP-INF (NP-ACC-SBJ (PRO^A hi))
						       (ADVP-LOC (ADV^L +dar))
						       (VB sittan)
						       (PP (P on)
							   (NP-DAT (Q^D micelre) (N^D gedrefednesse))))))
			    (CONJP (CONJ and)
				   (IP-SUB-CON (NP-NOM *con*)
					       (NP-DAT-1 (PRO^D hire))
					       (VBDI cw+a+d)
					       (PP (NP-DAT *ICH*-1)
						   (P to))
					       (, :)
					       (CP-QUE-SPE (WADVP-2 (WADV Hwig))
							   (IP-SUB-SPE (ADVP *T*-2)
								       (BEPI eart)
								       (NP-NOM (PRO^N +tu))
								       (, ,)
								       (NP-NOM-VOC (N^N hl+afdige))
								       (, ,)
								       (NP-GEN-PRD (ADJP-GEN (ADV swa) (ADJ^G gedrefedes))
										   (N^G modes))))))))
	  (. ?))
  (ID coapollo,ApT:2.1.14))

/~*
Seo fostormodor cw+a+d: Hl+afdige, be hwam cwist +tu +t+at?
(coapollo,ApT:2.5.16)
*~/
/*
23 WPRO^D:  23 WPRO^D, 24 hwam, 13 CP-QUE-SPE
*/

( (CODE <T06080001000,2.5>)
  (IP-MAT (NP-NOM (D^N Seo) (N^N fostormodor))
	  (VBDI cw+a+d)
	  (, :)
	  (CP-QUE-SPE (NP-NOM-VOC (N^N Hl+afdige))
		      (, ,)
		      (WPP-1 (P be)
			     (NP-DAT (WPRO^D hwam)))
		      (IP-SUB-SPE (PP *T*-1)
				  (VBPI cwist)
				  (NP-NOM (PRO^N +tu))
				  (NP-ACC (D^A +t+at))))
	  (. ?))
  (ID coapollo,ApT:2.5.16))

/~*
+Da cw+a+d seo fostormodor: Hwa w+as +afre swa dirstiges modes +t+at dorste
cynges dohtor gew+amman +ar +dam d+age hyre brydgifta and him ne ondrede +t+as
cyninges irre?
(coapollo,ApT:2.8.19)
*~/
/*
18 WPRO^N:  18 WPRO^N, 19 Hwa, 16 CP-QUE-SPE
*/

( (CODE <T06080001200,2.8>)
  (IP-MAT (ADVP-TMP (ADV^T +Da))
	  (VBDI cw+a+d)
	  (NP-NOM (D^N seo) (N^N fostormodor))
	  (, :)
	  (CP-QUE-SPE (WNP-NOM-1 (WPRO^N Hwa))
		      (IP-SUB-SPE (NP-NOM *T*-1)
				  (BEDI w+as)
				  (ADVP-TMP (ADV^T +afre))
				  (NP-GEN-PRD (ADJP-GEN (ADV swa)
							(ADJ^G dirstiges)
							(CP-DEG-SPE *ICH*-2))
					      (N^G modes)
					      (CP-DEG-SPE-2 (C +t+at)
							    (IP-SUB-SPE (IP-SUB-SPE (NP-NOM *pro*)
										    (MDD dorste)
										    (NP (NP-GEN (N^G cynges))
											(N dohtor))
										    (VB gew+amman)
										    (PP (P +ar)
											(NP-DAT (D^D +dam)
												(N^D d+age)
												(NP-GEN (PRO$ hyre) (N^G brydgifta)))))
									(CONJP (CONJ and)
									       (IP-SUB-CON-SPE (NP-NOM *con*)
											       (NP-DAT-RFL (PRO^D him))
											       (NEG ne)
											       (VBD ondrede)
											       (NP (NP-GEN (D^G +t+as) (N^G cyninges))
												   (N irre)))))))))
	  (. ?))
  (ID coapollo,ApT:2.8.19))

/~*
Seo fostormodor cw+a+d: Hwar is se f+ader?
(coapollo,ApT:2.12.21)
*~/
/*
15 WADV^L:  15 WADV^L, 16 Hwar, 13 CP-QUE-SPE
*/

( (CODE <T06080001400,2.12>)
  (IP-MAT (NP-NOM (D^N Seo) (N^N fostormodor))
	  (VBDI cw+a+d)
	  (, :)
	  (CP-QUE-SPE (WADVP-LOC-1 (WADV^L Hwar))
		      (IP-SUB-SPE (ADVP-LOC *T*-1)
				  (BEPI is)
				  (NP-NOM (D^N se) (N^N f+ader))))
	  (. ?))
  (ID coapollo,ApT:2.12.21))

/~*
Hw+at is nu mare ymbe +t+at to sprecanne buton +t+at cyningas +aghwano coman
and ealdormen for +dam ungelifedlican wlite +t+as m+adenes,
(coapollo,ApT:3.10.32)
*~/
/*
5 WPRO^N:  5 WPRO^N, 6 Hw+at, 3 CP-QUE
*/

( (CODE <T06080002000,3.10>)
  (CP-QUE (WNP-NOM-1 (WPRO^N Hw+at))
	  (IP-SUB-0 (NP-NOM-3 *T*-1)
		    (BEPI is)
		    (ADVP-TMP (ADV^T nu))
		    (QP-NOM (QR^N mare))
		    (PP (P ymbe)
			(NP-ACC (D^A +t+at)))
		    (IP-INF (NP *-3)
			    (TO to)
			    (VB^D sprecanne))
		    (CP-ADV (P buton)
			    (C 0)
			    (IPX-SUB=0 (CP-THT (C +t+at)
					       (IP-SUB (NP-NOM (N^N cyningas)
							       (CONJP *ICH*-2))
						       (ADVP-DIR (ADV^D +aghwano))
						       (VBDI coman)
						       (CONJP-2 (CONJ and) (N^N ealdormen))
						       (PP (P for)
							   (NP-DAT (D^D +dam)
								   (ADJ^D ungelifedlican)
								   (N^D wlite)
								   (NP-GEN (D^G +t+as) (N^G m+adenes)))))))))
	  (. ,))
  (ID coapollo,ApT:3.10.32))

/~*
Mid +ti +te he naht elles ne onfunde buton +t+at he +ar ge+tohte, he cw+a+d
+ta to him silfum: Hw+at dest +tu nu, Apolloni?
(coapollo,ApT:6.13.87)
*~/
/*
70 WPRO^A:  70 WPRO^A, 71 Hw+at, 68 CP-QUE-SPE
*/

( (CODE <T06080004200,6.13>)
  (IP-MAT (CP-ADV (P Mid)
		  (D^I +ti)
		  (C +te)
		  (IP-SUB-0 (NP-NOM (PRO^N he))
			    (NP-ACC (NEG+Q^A naht) (ADV elles))
			    (NEG ne)
			    (RP+VBD onfunde)
			    (CP-ADV (P buton)
				    (C 0)
				    (IPX-SUB=0 (CP-FRL (WNP-ACC-1 (D^A +t+at))
						       (C 0)
						       (IP-SUB (NP-ACC *T*-1)
							       (NP-NOM (PRO^N he))
							       (ADVP-TMP (ADV^T +ar))
							       (VBD ge+tohte)))))))
	  (, ,)
	  (NP-NOM (PRO^N he))
	  (VBDI cw+a+d)
	  (ADVP-TMP (ADV^T +ta))
	  (PP (P to)
	      (NP-DAT-RFL (PRO^D him)
			  (ADJP-DAT (ADJ^D silfum))))
	  (, :)
	  (CP-QUE-SPE (WNP-ACC-2 (WPRO^A Hw+at))
		      (IP-SUB-SPE (NP-ACC *T*-2)
				  (VBPI dest)
				  (NP-NOM (PRO^N +tu))
				  (ADVP-TMP (ADV^T nu))
				  (, ,)
				  (NP-VOC (NR Apolloni))))
	  (. ?))
  (ID coapollo,ApT:6.13.87))

/~*
+Ta he geseah +t+at ealle +tas +tingc belocene w+aron, +ta cw+a+d he to anum
cnapan: Swa +du gesund sy, sege me for hwilcum intingum +teos ceaster wunige
on swa micclum heafe and wope.
(coapollo,ApT:7.9.100)
*~/
/*
82 WADJ^D:  82 WADJ^D, 83 hwilcum, 77 CP-QUE-SPE
*/

( (CODE <T06080004900,7.9>)
  (IP-MAT (CP-ADV (P +Ta)
		  (C 0)
		  (IP-SUB (NP-NOM (PRO^N he))
			  (VBDI geseah)
			  (CP-THT (C +t+at)
				  (IP-SUB (NP-NOM (Q^N ealle) (D^N +tas) (N^N +tingc))
					  (VBN^N belocene)
					  (BEDI w+aron)))))
	  (, ,)
	  (ADVP-TMP (ADV^T +ta))
	  (VBDI cw+a+d)
	  (NP-NOM (PRO^N he))
	  (PP (P to)
	      (NP-DAT (NUM^D anum) (N^D cnapan)))
	  (, :)
	  (IP-MAT-SPE (PP (P Swa)
			  (CP-CMP-SPE (WADVP-1 0)
				      (C 0)
				      (IP-SUB-SPE (ADVP *T*-1)
						  (NP-NOM (PRO^N +du))
						  (ADJP-NOM-PRD (ADJ^N gesund))
						  (BEPS sy))))
		      (, ,)
		      (VBI sege)
		      (NP (PRO me))
		      (CP-QUE-SPE (WPP-2 (P for)
					 (WNP-DAT (WADJ^D hwilcum) (N^D intingum)))
				  (C 0)
				  (IP-SUB-SPE (PP *T*-2)
					      (NP-NOM (D^N +teos) (N^N ceaster))
					      (VBPS wunige)
					      (PP (P on)
						  (NP-DAT (QP-DAT (ADV swa) (Q^D micclum))
							  (N^D heafe)
							  (CONJP (CONJ and)
								 (NX-DAT (N^D wope))))))))
	  (. .))
  (ID coapollo,ApT:7.9.100))

/~*
Eala hu manful man +tu eart, +du +te wast +t+at +tu +after axsast.
(coapollo,ApT:7.12.103)
*~/
/*
6 WADV:  6 WADV, 7 hu, 1 CP-QUE-SPE
26 WNP-NOM-2:  26 WNP-NOM-2, 27 0, 1 CP-QUE-SPE
36 WNP-ACC-3:  36 WNP-ACC-3, 38 +t+at, 1 CP-QUE-SPE
*/

( (CP-QUE-SPE (INTJ Eala)
	      (WNP-NOM-1 (WADJP-NOM (WADV hu) (ADJ^N manful))
			 (N^N man))
	      (IP-SUB-SPE (NP-NOM-PRD *T*-1)
			  (NP-NOM (PRO^N +tu))
			  (BEPI eart)
			  (, ,)
			  (NP-NOM-VOC (PRO^N +du)
				      (CP-REL-SPE (WNP-NOM-2 0)
						  (C +te)
						  (IP-SUB-SPE (NP-NOM *T*-2)
							      (VBPI wast)
							      (CP-FRL-SPE (WNP-ACC-3 (D^A +t+at))
									  (C 0)
									  (IP-SUB-SPE (NP-NOM (PRO^N +tu))
										      (PP (NP-ACC *T*-3)
											  (P +after))
										      (VBPI axsast)))))))
	      (. .))
  (ID coapollo,ApT:7.12.103))

/~*
O+d+de hw+at is manna +te nyte +t+at +teos ceasterwaru on heafe wuna+d,
for+dam +de $Apollonius se ealdorman f+aringa nahwar ne +atywde si+d+dan he
ongean com fram $Antiocho +tam cyninge?
(coapollo,ApT:7.14.104)
*~/
/*
7 WPRO^N:  7 WPRO^N, 8 hw+at, 3 CP-QUE-SPE
20 WNP-NOM-2:  20 WNP-NOM-2, 21 0, 3 CP-QUE-SPE
*/

( (CODE <T06080005100,7.14>)
  (CP-QUE-SPE (CONJ O+d+de)
	      (WNP-NOM-1 (WPRO^N hw+at)
			 (NP-GEN *ICH*-3))
	      (IP-SUB-SPE (NP-NOM *T*-1)
			  (BEPI is)
			  (NP-GEN-3 (N^G manna)
				    (CP-REL-SPE (WNP-NOM-2 0)
						(C +te)
						(IP-SUB-SPE (NP-NOM *T*-2)
							    (NEG+VBPS nyte)
							    (CP-THT-SPE (C +t+at)
									(IP-SUB-SPE (NP-NOM (D^N +teos) (N^N ceasterwaru))
										    (PP (P on)
											(NP-DAT (N^D heafe)))
										    (VBPI wuna+d)
										    (, ,)
										    (CP-ADV-SPE (P for+dam)
												(C +de)
												(IP-SUB-SPE (NP-NOM (NR^N $Apollonius)
														    (NP-NOM-PRN (D^N se) (N^N ealdorman)))
													    (ADVP (ADV f+aringa))
													    (ADVP-LOC (NEG+ADV^L nahwar))
													    (NEG ne)
													    (VBD +atywde)
													    (CP-ADV-SPE (P si+d+dan)
															(C 0)
															(IP-SUB-SPE (NP-NOM (PRO^N he))
																    (RP ongean)
																    (VBDI com)
																    (PP (P fram)
																	(NP-DAT (NR^D $Antiocho)
																		(NP-DAT-PRN (D^D +tam) (N^D cyninge))))))))))))))
	      (. ?))
  (ID coapollo,ApT:7.14.104))

/~*
+Da cw+a+d Apollonius: Hwa mihte me fordeman, minre agenre +teode ealdorman?
(coapollo,ApT:8.12.131)
*~/
/*
16 WPRO^N:  16 WPRO^N, 17 Hwa, 14 CP-QUE-SPE
*/

( (CODE <T06080006400,8.12>)
  (IP-MAT (ADVP-TMP (ADV^T +Da))
	  (VBDI cw+a+d)
	  (NP-NOM (NR^N Apollonius))
	  (, :)
	  (CP-QUE-SPE (WNP-NOM-1 (WPRO^N Hwa))
		      (IP-SUB-SPE (NP-NOM *T*-1)
				  (MDD mihte)
				  (NP (PRO me)
				      (NP-NOM-PRN *ICH*-2))
				  (VB fordeman)
				  (, ,)
				  (NP-NOM-PRN-2 (NP-GEN (PRO$^G minre) (ADJ^G agenre) (N^G +teode))
						(N^N ealdorman))))
	  (. ?))
  (ID coapollo,ApT:8.12.131))

/~*
Apollonius cw+a+d: For hwilcum intingum h+af+d he me fordemed?
(coapollo,ApT:8.14.133)
*~/
/*
16 WADJ^D:  16 WADJ^D, 17 hwilcum, 11 CP-QUE-SPE
*/

( (CODE <T06080006600,8.14>)
  (IP-MAT (NP-NOM (NR^N Apollonius))
	  (VBDI cw+a+d)
	  (, :)
	  (CP-QUE-SPE (WPP-1 (P For)
			     (WNP-DAT (WADJ^D hwilcum) (N^D intingum)))
		      (IP-SUB-SPE (PP *T*-1)
				  (HVPI h+af+d)
				  (NP-NOM (PRO^N he))
				  (NP (PRO me))
				  (VBN fordemed)))
	  (. ?))
  (ID coapollo,ApT:8.14.133))

/~*
Hlaford geong Apolloni, hw+at dest +du +tus gedrefedum mode on +tisum lande?
(coapollo,ApT:9.2.150)
*~/
/*
14 WPRO^A:  14 WPRO^A, 15 hw+at, 3 CP-QUE-SPE
*/

( (CODE <T06080007700,9.2>)
  (CP-QUE-SPE (NP-NOM-VOC (N^N Hlaford) (ADJ^N geong) (NR Apolloni))
	      (, ,)
	      (WNP-ACC-1 (WPRO^A hw+at))
	      (IP-SUB-SPE (NP-ACC *T*-1)
			  (VBPI dest)
			  (NP-NOM (PRO^N +du))
			  (ADVP (ADV +tus))
			  (NP-DAT-ADT (VBN^D gedrefedum) (N^D mode))
			  (PP (P on)
			      (NP-DAT (D^D +tisum) (N^D lande))))
	      (. ?))
  (ID coapollo,ApT:9.2.150))

/~*
Stranguilio cw+a+d: Hwa fordemde +te?
(coapollo,ApT:9.5.152)
*~/
/*
13 WPRO^N:  13 WPRO^N, 14 Hwa, 11 CP-QUE-SPE
*/

( (CODE <T06080007900,9.5>)
  (IP-MAT (NP-NOM (NR^N Stranguilio))
	  (VBDI cw+a+d)
	  (, :)
	  (CP-QUE-SPE (WNP-NOM-1 (WPRO^N Hwa))
		      (IP-SUB-SPE (NP-NOM *T*-1)
				  (VBD fordemde)
				  (NP (PRO +te))))
	  (. ?))
  (ID coapollo,ApT:9.5.152))

/~*
Stranguilio cw+a+d: For hwilcum intingum?
(coapollo,ApT:9.6.154)
*~/
/*
16 WADJ^D:  16 WADJ^D, 17 hwilcum, 11 CP-QUE-SPE
*/

( (CODE <T06080008100,9.6>)
  (IP-MAT (NP-NOM (NR^N Stranguilio))
	  (VBDI cw+a+d)
	  (, :)
	  (CP-QUE-SPE (WPP (P For)
			   (WNP-DAT (WADJ^D hwilcum) (N^D intingum))))
	  (. ?))
  (ID coapollo,ApT:9.6.154))

/~*
Hwider m+ag ic nu faran?
(coapollo,ApT:12.9.198)
*~/
/*
5 WADV^D:  5 WADV^D, 6 Hwider, 3 CP-QUE-SPE
*/

( (CODE <T06080010200,12.9>)
  (CP-QUE-SPE (WADVP-DIR-1 (WADV^D Hwider))
	      (IP-MAT-SPE (ADVP-DIR *T*-1)
			  (MDPI m+ag)
			  (NP-NOM (PRO^N ic))
			  (ADVP-TMP (ADV^T nu))
			  (VB faran))
	      (. ?))
  (ID coapollo,ApT:12.9.198))

/~*
Hw+as m+ag ic biddan
(coapollo,ApT:12.9.199)
*~/
/*
5 WPRO^G:  5 WPRO^G, 6 Hw+as, 3 CP-QUE-SPE
*/

( (CODE <T06080010300,12.9>)
  (CP-QUE-SPE (WNP-GEN-1 (WPRO^G Hw+as))
	      (IP-SUB-SPE (NP-GEN *T*-1)
			  (MDPI m+ag)
			  (NP-NOM (PRO^N ic))
			  (VB biddan)))
  (ID coapollo,ApT:12.9.199))

/~*
o+d+de hwa $gif+d +tam uncu+dan lifes fultum?
(coapollo,ApT:12.9.200)
*~/
/*
4 WNP-NOM-1:  4 WNP-NOM-1, 6 hwa, 1 CP-QUE-SPE
*/

( (CP-QUE-SPE (CONJ o+d+de)
	      (WNP-NOM-1 (Q^N hwa))
	      (IP-SUB-SPE (NP-NOM *T*-1)
			  (VBPI $gif+d)
			  (NP-DAT (D^D +tam) (ADJ^D uncu+dan))
			  (NP-ACC (NP-GEN (N^G lifes))
				  (N^A fultum)))
	      (. ?))
  (ID coapollo,ApT:12.9.200))

/~*
And +d+as +de +du gearo forwite hwam +du gemiltsige, ic eom Apollonius se
tirisca ealdorman.
(coapollo,ApT:12.15.207)
*~/
/*
22 WPRO^D:  22 WPRO^D, 23 hwam, 20 CP-QUE-SPE
*/

( (CODE <T06080010700,12.15>)
  (IP-MAT-SPE (CONJ And)
	      (CP-ADV-SPE (D^G +d+as)
			  (C +de)
			  (IP-SUB-SPE (NP-NOM (PRO^N +du))
				      (ADVP (ADV gearo))
				      (VBPS forwite)
				      (CP-QUE-SPE (WNP-DAT-2 (WPRO^D hwam))
						  (C 0)
						  (IP-SUB-SPE (NP-DAT *T*-2)
							      (NP-NOM (PRO^N +du))
							      (VBPS gemiltsige)))))
	      (, ,)
	      (NP-NOM (PRO^N ic))
	      (BEPI eom)
	      (NP-NOM-PRD (NR^N Apollonius)
			  (NP-NOM-PRN (D^N se) (ADJ^N tirisca) (N^N ealdorman)))
	      (. .))
  (ID coapollo,ApT:12.15.207))

/~*
Mid +ti +te he +tohte hw+ane he byddan mihte lifes fultum, +ta geseah he +anne
nacodne cnapan geond +ta str+ate yrnan, se w+as mid ele gesmerod and mid
scitan begird and b+ar iungra manna plegan on handa to +dam b+a+dstede
belimpende.
(coapollo,ApT:13.3.224)
*~/
/*
19 WPRO^D:  19 WPRO^D, 20 hw+ane, 17 CP-QUE
*/

( (CODE <T06080011500,13.3>)
  (IP-MAT (CP-ADV (P Mid)
		  (D^I +ti)
		  (C +te)
		  (IP-SUB (NP-NOM (PRO^N he))
			  (VBD +tohte)
			  (CP-QUE (WNP-DAT-1 (WPRO^D hw+ane))
				  (C 0)
				  (IP-SUB (NP-DAT *T*-1)
					  (NP-NOM (PRO^N he))
					  (VB byddan)
					  (MDD mihte)
					  (NP-ACC (NP-GEN (N^G lifes))
						  (N^A fultum))))))
	  (, ,)
	  (ADVP-TMP (ADV^T +ta))
	  (VBDI geseah)
	  (NP-NOM (PRO^N he))
	  (IP-INF (NP-ACC (NUM^A +anne)
			  (ADJ^A nacodne)
			  (N^A cnapan)
			  (CP-REL *ICH*-2))
		  (PP (P geond)
		      (NP-ACC (D^A +ta) (N^A str+ate)))
		  (VB yrnan)
		  (, ,)
		  (CP-REL-2 (WNP-NOM-3 (D^N se))
			    (C 0)
			    (IP-SUB (IP-SUB-0 (NP-NOM *T*-3)
					      (BEDI w+as)
					      (PP (P mid)
						  (NP (N ele)))
					      (VBN gesmerod))
				    (CONJP (CONJ and)
					   (IPX-SUB-CON=0 (PP (P mid)
							      (NP (N scitan)))
							  (VBN begird)))
				    (CONJP (CONJ and)
					   (IP-SUB-CON (NP-NOM *T*-3)
						       (VBDI b+ar)
						       (NP (NP-GEN (ADJ^G iungra) (N^G manna))
							   (N plegan)
							   (PTP *ICH*-4))
						       (PP (P on)
							   (NP (N handa)))
						       (PTP-4 (PP (P to)
								  (NP-DAT (D^D +dam) (N^D b+a+dstede)))
							      (VAG belimpende)))))))
	  (. .))
  (ID coapollo,ApT:13.3.224))

/~*
and gewite hw+at se iunga man sy +te me tod+ag swa wel gehirsumode.
(coapollo,ApT:14.4.254)
*~/
/*
8 WPRO^N:  8 WPRO^N, 9 hw+at, 6 CP-QUE-SPE
27 WNP-NOM-3:  27 WNP-NOM-3, 28 0, 6 CP-QUE-SPE
*/

( (IP-MAT-SPE (CONJ and)
	      (VBPH gewite)
	      (CP-QUE-SPE (WNP-NOM-1 (WPRO^N hw+at))
			  (C 0)
			  (IP-SUB-SPE (NP-NOM-PRD *T*-1)
				      (NP-NOM (D^N se)
					      (ADJ^N iunga)
					      (N^N man)
					      (CP-REL-SPE *ICH*-2))
				      (BEPS sy)
				      (CP-REL-SPE-2 (WNP-NOM-3 0)
						    (C +te)
						    (IP-SUB-SPE (NP-NOM *T*-3)
								(NP (PRO me))
								(ADVP-TMP (ADV^T tod+ag))
								(ADVP (ADV swa) (ADV wel))
								(VBD gehirsumode)))))
	      (. .))
  (ID coapollo,ApT:14.4.254))

/~*
+Da cw+a+d se cyng: +turh hw+at wast +du +t+at?
(coapollo,ApT:14.9.258)
*~/
/*
21 WPRO^A:  21 WPRO^A, 22 hw+at, 16 CP-QUE-SPE
*/

( (CODE <T06080012900,14.9>)
  (IP-MAT (ADVP-TMP (ADV^T +Da))
	  (VBDI cw+a+d)
	  (NP-NOM (D^N se) (N^N cyng))
	  (, :)
	  (CP-QUE-SPE (WPP-1 (P +turh)
			     (WNP-ACC (WPRO^A hw+at)))
		      (IP-SUB-SPE (PP *T*-1)
				  (VBPI wast)
				  (NP-NOM (PRO^N +du))
				  (NP-ACC (D^A +t+at))))
	  (. ?))
  (ID coapollo,ApT:14.9.258))

/~*
and cw+a+d: +du goda cyningc and min se leofesta f+ader, hw+at is +tes iunga
man +te ongean +de on swa wur+dlicum setle sit mid sarlicum andwlitan?
(coapollo,ApT:15.3.286)
*~/
/*
35 WPRO^N:  35 WPRO^N, 36 hw+at, 10 CP-QUE-SPE
50 WNP-NOM-2:  50 WNP-NOM-2, 51 0, 10 CP-QUE-SPE
*/

( (IP-MAT (CONJ and)
	  (NP-NOM *con*)
	  (VBDI cw+a+d)
	  (, :)
	  (CP-QUE-SPE (NP-NOM-VOC (PRO^N +du)
				  (NP-NOM-PRN (NP-NOM (ADJ^N goda) (N^N cyningc))
					      (CONJP (CONJ and)
						     (NP-NOM (PRO$^N min) (D^N se) (ADJS^N leofesta) (N^N f+ader)))))
		      (, ,)
		      (WNP-NOM-1 (WPRO^N hw+at))
		      (IP-SUB-SPE (NP-NOM-PRD *T*-1)
				  (BEPI is)
				  (NP-NOM (D^N +tes)
					  (ADJ^N iunga)
					  (N^N man)
					  (CP-REL-SPE (WNP-NOM-2 0)
						      (C +te)
						      (IP-SUB-SPE (NP-NOM *T*-2)
								  (PP (P ongean)
								      (NP (PRO +de)))
								  (PP (P on)
								      (NP-DAT (ADJP-DAT (ADV swa) (ADJ^D wur+dlicum))
									      (N^D setle)))
								  (VBPI sit)
								  (PP (P mid)
								      (NP-DAT (ADJ^D sarlicum) (N^D andwlitan))))))))
	  (. ?))
  (ID coapollo,ApT:15.3.286))

/~*
Nat ic hw+at he besorga+d.
(coapollo,ApT:15.6.287)
*~/
/*
11 WPRO^A:  11 WPRO^A, 12 hw+at, 9 CP-QUE-SPE
*/

( (CODE <T06080014400,15.6>)
  (IP-MAT-SPE (NEG+VBPI Nat)
	      (NP-NOM (PRO^N ic))
	      (CP-QUE-SPE (WNP-ACC-1 (WPRO^A hw+at))
			  (C 0)
			  (IP-SUB-SPE (NP-ACC *T*-1)
				      (NP-NOM (PRO^N he))
				      (VBPI besorga+d)))
	      (. .))
  (ID coapollo,ApT:15.6.287))

/~*
Nat ic hw+at he is ne hwanon he is,
(coapollo,ApT:15.9.291)
*~/
/*
12 WPRO^N:  12 WPRO^N, 13 hw+at, 10 CP-QUE-SPE
12 WPRO^N:  12 WPRO^N, 13 hw+at, 9 CP-QUE-SPE
29 WADV^D:  29 WADV^D, 30 hwanon, 27 CP-QUE-SPE
29 WADV^D:  29 WADV^D, 30 hwanon, 9 CP-QUE-SPE
*/

( (CODE <T06080014600,15.9>)
  (IP-MAT-SPE (NEG+VBPI Nat)
	      (NP-NOM (PRO^N ic))
	      (CP-QUE-SPE (CP-QUE-SPE (WNP-NOM-1 (WPRO^N hw+at))
				      (C 0)
				      (IP-SUB-SPE (NP-NOM-PRD *T*-1)
						  (NP-NOM (PRO^N he))
						  (BEPI is)))
			  (CONJP (NEG+CONJ ne)
				 (CP-QUE-SPE (WADVP-DIR-2 (WADV^D hwanon))
					     (C 0)
					     (IP-SUB-SPE (ADVP-DIR *T*-2)
							 (NP-NOM (PRO^N he))
							 (BEPI is)))))
	      (. ,))
  (ID coapollo,ApT:15.9.291))

/~*
ac gif +du wille witan hw+at he sy, axsa hine, for+dam +te gedafena+d +t+at
+tu wite.
(coapollo,ApT:15.9.292)
*~/
/*
19 WPRO^N:  19 WPRO^N, 20 hw+at, 17 CP-QUE-SPE
*/

( (IP-MAT-SPE (CONJ ac)
	      (CP-ADV-SPE (P gif)
			  (C 0)
			  (IP-SUB-SPE (NP-NOM (PRO^N +du))
				      (MDP wille)
				      (VB witan)
				      (CP-QUE-SPE (WNP-NOM-1 (WPRO^N hw+at))
						  (C 0)
						  (IP-SUB-SPE (NP-NOM-PRD *T*-1)
							      (NP-NOM (PRO^N he))
							      (BEPS sy)))))
	      (, ,)
	      (VBI axsa)
	      (NP-ACC (PRO^A hine))
	      (, ,)
	      (CP-ADV-SPE (P for+dam)
			  (C +te)
			  (IP-SUB-SPE (NP-NOM-x *exp*)
				      (VBPI gedafena+d)
				      (CP-THT-SPE-x (C +t+at)
						    (IP-SUB-SPE (NP-NOM (PRO^N +tu))
								(VBPS wite)))))
	      (. .))
  (ID coapollo,ApT:15.9.292))

/~*
and cw+a+d: +du goda cyningc, lica+d +de wel +t+at Apollonius +te +turh us
tod+ag gegodod is +tus heonon fare, and cuman yfele men and bereafian hine?
(coapollo,ApT:17.22.363)
*~/
/*
41 WNP-NOM-1:  41 WNP-NOM-1, 42 0, 10 CP-QUE-SPE
*/

( (IP-MAT (CONJ and)
	  (NP-NOM *con*)
	  (VBDI cw+a+d)
	  (, :)
	  (CP-QUE-SPE (IP-SUB-SPE (NP-NOM-VOC (PRO^N +du)
					      (NP-NOM-PRN (ADJ^N goda) (N^N cyningc)))
				  (, ,)
				  (NP-NOM-x *exp*)
				  (VBPI lica+d)
				  (NP (PRO +de))
				  (ADVP (ADV wel))
				  (CP-THT-SPE-x (C +t+at)
						(IP-SUB-SPE (IP-SUB-SPE (NP-NOM (NR^N Apollonius)
										(CP-REL-SPE (WNP-NOM-1 0)
											    (C +te)
											    (IP-SUB-SPE (NP-NOM *T*-1)
													(PP (P +turh)
													    (NP (PRO us)))
													(ADVP-TMP (ADV^T tod+ag))
													(VBN gegodod)
													(BEPI is))))
									(ADVP (ADV +tus))
									(ADVP-DIR (ADV^D heonon))
									(VBPS fare))
							    (, ,)
							    (CONJP (CONJ and)
								   (IP-SUB-CON-SPE (VBPS cuman)
										   (NP-NOM (ADJ^N yfele) (N^N men))))
							    (CONJP (CONJ and)
								   (IP-SUB-CON-SPE (NP-NOM *con*)
										   (VBPS bereafian)
										   (NP-ACC (PRO^A hine))))))))
	  (. ?))
  (ID coapollo,ApT:17.22.363))

/~*
+Da cw+a+d se cyngc: $Leofe dohtor, for hwi eart +du +tus +arwacol?
(coapollo,ApT:18.4.373)
*~/
/*
28 WADV:  28 WADV, 29 hwi, 16 CP-QUE-SPE
*/

( (CODE <T06080018400,18.4>)
  (IP-MAT (ADVP-TMP (ADV^T +Da))
	  (VBDI cw+a+d)
	  (NP-NOM (D^N se) (N^N cyngc))
	  (, :)
	  (CP-QUE-SPE (NP-NOM-VOC (ADJ^N $Leofe) (N^N dohtor))
		      (, ,)
		      (WPP-1 (P for)
			     (WADVP (WADV hwi)))
		      (IP-SUB-SPE (PP *T*-1)
				  (BEPI eart)
				  (NP-NOM (PRO^N +du))
				  (ADVP (ADV +tus))
				  (ADJP-NOM-PRD (ADJ^N +arwacol))))
	  (. ?))
  (ID coapollo,ApT:18.4.373))

/~*
Hw+at is +t+at +t+at ge me anre st+afne gretton?
(coapollo,ApT:19.6.389)
*~/
/*
3 WPRO^N:  3 WPRO^N, 4 Hw+at, 1 CP-QUE-SPE
*/

( (CP-QUE-SPE (WNP-NOM-1 (WPRO^N Hw+at))
	      (IP-SUB-SPE (NP-NOM-PRD *T*-1)
			  (BEPI is)
			  (NP-NOM (D^N +t+at)
				  (CP-THT-PRN-SPE (C +t+at)
						  (IP-SUB-SPE (NP-NOM (PRO^N ge))
							      (NP (PRO me))
							      (NP-DAT-ADT (NUM^D anre) (N^D st+afne))
							      (VBDI gretton)))))
	      (. ?))
  (ID coapollo,ApT:19.6.389))

/~*
+tonne as+ande ic +ta gewrita minre dohtor +t+at heo sylf geceose hwilcne
eowerne heo wille.
(coapollo,ApT:19.14.399)
*~/
/*
33 WNP-ACC-1:  33 WNP-ACC-1, 37 eowerne, 32 CP-QUE-SPE
*/

( (IP-MAT-SPE (ADVP-TMP (ADV^T +tonne))
	      (VBP as+ande)
	      (NP-NOM (PRO^N ic))
	      (NP-ACC (D^A +ta) (N^A gewrita))
	      (NP-DAT (PRO$^D minre) (N^D dohtor))
	      (CP-ADV-SPE (C +t+at)
			  (IP-SUB-SPE (NP-NOM (PRO^N heo)
					      (ADJP-NOM (ADJ^N sylf)))
				      (VBPS geceose)
				      (CP-QUE-SPE (WNP-ACC-1 (Q^A hwilcne) (PRO$^A eowerne))
						  (C 0)
						  (IP-SUB-SPE (NP-ACC *T*-1)
							      (NP-NOM (PRO^N heo))
							      (MDP wille)))))
	      (. .))
  (ID coapollo,ApT:19.14.399))

/~*
Mid +tam +te +t+at m+aden geseah Apollonium, +ta cw+a+d heo: Lareow, hwi g+ast
+du ana?
(coapollo,ApT:20.2.408)
*~/
/*
41 WADV:  41 WADV, 42 hwi, 34 CP-QUE-SPE
*/

( (CODE <T06080020200,20.2>)
  (IP-MAT (CP-ADV (P Mid)
		  (D^D +tam)
		  (C +te)
		  (IP-SUB (NP-NOM (D^N +t+at) (N^N m+aden))
			  (VBDI geseah)
			  (NP-ACC (NR^A Apollonium))))
	  (, ,)
	  (ADVP-TMP (ADV^T +ta))
	  (VBDI cw+a+d)
	  (NP-NOM (PRO^N heo))
	  (, :)
	  (CP-QUE-SPE (NP-NOM-VOC (N^N Lareow))
		      (, ,)
		      (WADVP-1 (WADV hwi))
		      (IP-SUB-SPE (ADVP *T*-1)
				  (VBPI g+ast)
				  (NP-NOM (PRO^N +du))
				  (FP ana)))
	  (. ?))
  (ID coapollo,ApT:20.2.408))

/~*
ac ic blissige swi+dor +d+at +tu miht +durh +da lare, +te +tu +at me
underfenge, +te silf on gewrite gecy+dan hwilcne heora +tu wille.
(coapollo,ApT:20.8.417)
*~/
/*
68 WADJ^A:  68 WADJ^A, 69 hwilcne, 66 CP-QUE-SPE
*/

( (IP-MAT-SPE (CONJ ac)
	      (NP-NOM (PRO^N ic))
	      (VBP blissige)
	      (ADVP (ADVR swi+dor))
	      (CP-THT-SPE (C +d+at)
			  (IP-SUB-SPE (NP-NOM (PRO^N +tu))
				      (MDPI miht)
				      (PP (P +durh)
					  (NP-ACC (D^A +da)
						  (N^A lare)
						  (, ,)
						  (CP-REL-SPE (WNP-1 0)
							      (C +te)
							      (IP-SUB-SPE (NP *T*-1)
									  (NP-NOM (PRO^N +tu))
									  (PP (P +at)
									      (NP (PRO me)))
									  (RP+VBD underfenge)))))
				      (, ,)
				      (NP-RFL-ADT (PRO +te))
				      (ADJP-NOM (ADJ^N silf))
				      (PP (P on)
					  (NP-DAT (N^D gewrite)))
				      (VB gecy+dan)
				      (CP-QUE-SPE (WNP-ACC-2 (WADJ^A hwilcne)
							     (NP-GEN (PRO^G heora)))
						  (C 0)
						  (IP-SUB-SPE (NP-ACC *T*-2)
							      (NP-NOM (PRO^N +tu))
							      (MDP wille)))))
	      (. .))
  (ID coapollo,ApT:20.8.417))

/~*
+tu goda cyngc and min se leofesta f+ader, nu +tin mildheortnesse me leafe
sealde +t+at ic silf moste ceosan hwilcne wer ic wolde,
(coapollo,ApT:20.15.426)
*~/
/*
59 WADJ^A:  59 WADJ^A, 60 hwilcne, 57 CP-QUE-SPE
*/

( (IP-MAT-SPE (NP-NOM-VOC (PRO^N +tu)
			  (NP-NOM-PRN (NP-NOM (ADJ^N goda) (N^N cyngc))
				      (CONJP (CONJ and)
					     (NP-NOM (PRO$^N min) (D^N se) (ADJS^N leofesta) (N^N f+ader)))))
	      (, ,)
	      (ADVP-TMP (ADV^T nu))
	      (NP-NOM (PRO$^N +tin) (N^N mildheortnesse))
	      (NP (PRO me))
	      (NP (N leafe)
		  (CP-THT-SPE *ICH*-1))
	      (VBD sealde)
	      (CP-THT-SPE-1 (C +t+at)
			    (IP-SUB-SPE (NP-NOM (PRO^N ic)
						(ADJP-NOM (ADJ^N silf)))
					(MDD moste)
					(VB ceosan)
					(CP-QUE-SPE (WNP-ACC-2 (WADJ^A hwilcne) (N^A wer))
						    (C 0)
						    (IP-SUB-SPE (NP-ACC *T*-2)
								(NP-NOM (PRO^N ic))
								(MDD wolde)))))
	      (. ,))
  (ID coapollo,ApT:20.15.426))

/~*
+Da +da se cyningc h+afde +t+at gewrit oferr+ad, +ta niste he hwilcne
forlidene heo nemde.
(coapollo,ApT:21.1.429)
*~/
/*
38 WADJ^A:  38 WADJ^A, 39 hwilcne, 36 CP-QUE
*/

( (CODE <T06080021300,21.1>)
  (IP-MAT (CP-ADV (ADV^T +Da)
		  (P +da)
		  (C 0)
		  (IP-SUB (NP-NOM (D^N se) (N^N cyningc))
			  (HVD h+afde)
			  (NP-ACC (D^A +t+at) (N^A gewrit))
			  (RP+VBN oferr+ad)))
	  (, ,)
	  (ADVP-TMP (ADV^T +ta))
	  (NEG+VBD niste)
	  (NP-NOM (PRO^N he))
	  (CP-QUE (WNP-ACC-1 (WADJ^A hwilcne) (VBN^A forlidene))
		  (C 0)
		  (IP-SUB (NP-ACC *T*-1)
			  (NP-NOM (PRO^N heo))
			  (VBD nemde)))
	  (. .))
  (ID coapollo,ApT:21.1.429))

/~*
and cw+a+d: Hwilc eower is forliden?
(coapollo,ApT:21.2.431)
*~/
/*
12 WADJ^N:  12 WADJ^N, 13 Hwilc, 10 CP-QUE-SPE
*/

( (IP-MAT (CONJ and)
	  (NP-NOM *con*)
	  (VBDI cw+a+d)
	  (, :)
	  (CP-QUE-SPE (WNP-NOM-1 (WADJ^N Hwilc)
				 (NP-GEN (PRO^G eower)))
		      (IP-SUB-SPE (NP-NOM *T*-1)
				  (BEPI is)
				  (VBN forliden)))
	  (. ?))
  (ID coapollo,ApT:21.2.431))

/~*
Hwar gefore +du forlidennesse?
(coapollo,ApT:21.7.438)
*~/
/*
5 WADV^L:  5 WADV^L, 6 Hwar, 3 CP-QUE-SPE
*/

( (CODE <T06080021800,21.7>)
  (CP-QUE-SPE (WADVP-LOC-1 (WADV^L Hwar))
	      (IP-SUB-SPE (ADVP-LOC *T*-1)
			  (VBD gefore)
			  (NP-NOM (PRO^N +du))
			  (NP (N forlidennesse)))
	      (. ?))
  (ID coapollo,ApT:21.7.438))

/~*
Mid +di +te se cyngc ne mihte findan hwilc heora forliden w+are, he beseah to
Apollonio
(coapollo,ApT:21.8.439)
*~/
/*
25 WADJ^N:  25 WADJ^N, 26 hwilc, 23 CP-QUE
*/

( (CODE <T06080021900,21.8>)
  (IP-MAT (CP-ADV (P Mid)
		  (D^I +di)
		  (C +te)
		  (IP-SUB (NP-NOM (D^N se) (N^N cyngc))
			  (NEG ne)
			  (MDD mihte)
			  (VB findan)
			  (CP-QUE (WNP-NOM-1 (WADJ^N hwilc)
					     (NP-GEN (PRO^G heora)))
				  (C 0)
				  (IP-SUB (NP-NOM *T*-1)
					  (VBN forliden)
					  (BEDS w+are)))))
	  (, ,)
	  (NP-NOM (PRO^N he))
	  (VBDI beseah)
	  (PP (P to)
	      (NP-DAT (NR^D Apollonio))))
  (ID coapollo,ApT:21.8.439))

/~*
Leofe dohtor, hw+ane hafast +tu +de gecoren to gem+accan?
(coapollo,ApT:22.3.464)
*~/
/*
10 WPRO^A:  10 WPRO^A, 11 hw+ane, 1 CP-QUE-SPE
*/

( (CP-QUE-SPE (NP-NOM-VOC (ADJ^N Leofe) (N^N dohtor))
	      (, ,)
	      (WNP-ACC-1 (WPRO^A hw+ane))
	      (IP-SUB-SPE (NP-ACC *T*-1)
			  (HVPI hafast)
			  (NP-NOM (PRO^N +tu))
			  (NP-RFL-ADT (PRO +de))
			  (VBN gecoren)
			  (PP (P to)
			      (NP (N gem+accan))))
	      (. ?))
  (ID coapollo,ApT:22.3.464))

/~*
Hwar is min dohtor?
(coapollo,ApT:49.7.516)
*~/
/*
5 WADV^L:  5 WADV^L, 6 Hwar, 3 CP-QUE-SPE
*/

( (CODE <T06080025400,49.7>)
  (CP-QUE-SPE (WADVP-LOC-1 (WADV^L Hwar))
	      (IP-SUB-SPE (ADVP-LOC *T*-1)
			  (BEPI is)
			  (NP-NOM (PRO$^N min) (N^N dohtor)))
	      (. ?))
  (ID coapollo,ApT:49.7.516))

/~*
and him to cw+a+d: Theophile, to +ton +t+at +tu +de gebeorge, sege hluddre
st+afne hwa +de hete me ofslean.
(coapollo,ApT:50.21.546)
*~/
/*
49 WPRO^N:  49 WPRO^N, 50 hwa, 47 CP-QUE-SPE
*/

( (IP-MAT (CONJ and)
	  (NP-NOM *con*)
	  (PP (NP-DAT (PRO^D him))
	      (P to))
	  (VBDI cw+a+d)
	  (, :)
	  (IP-MAT-SPE (NP-VOC (NR Theophile))
		      (, ,)
		      (CP-ADV-SPE (P to)
				  (D^I +ton)
				  (C +t+at)
				  (IP-SUB-SPE (NP-NOM (PRO^N +tu))
					      (NP-RFL (PRO +de))
					      (VBPS gebeorge)))
		      (, ,)
		      (VBI sege)
		      (NP-DAT-ADT (ADJ^D hluddre) (N^D st+afne))
		      (CP-QUE-SPE (WNP-NOM-1 (WPRO^N hwa))
				  (C 0)
				  (IP-SUB-SPE (NP-NOM *T*-1)
					      (NP-ACC-2 (PRO^A +de))
					      (VBDS hete)
					      (IP-INF-SPE (NP-ACC-SBJ *ICH*-2)
							  (NP (PRO me))
							  (RP+VB ofslean)))))
	  (. .))
  (ID coapollo,ApT:50.21.546))

/~*
Hellanicus eac +ta to him com, se him +ar cydde hw+at Antiochus cync be him
gedemed h+afde,
(coapollo,ApT:51.21.578)
*~/
/*
44 WPRO^A:  44 WPRO^A, 45 hw+at, 42 CP-QUE
*/

( (CODE <T06080028200,51.21>)
  (IP-MAT (NP-NOM (NR^N Hellanicus)
		  (CP-REL *ICH*-1))
	  (ADVP (ADV eac))
	  (ADVP-TMP (ADV^T +ta))
	  (PP (P to)
	      (NP-DAT (PRO^D him)))
	  (VBDI com)
	  (, ,)
	  (CP-REL-1 (WNP-NOM-2 (D^N se))
		    (C 0)
		    (IP-SUB (NP-NOM *T*-2)
			    (NP-DAT (PRO^D him))
			    (ADVP-TMP (ADV^T +ar))
			    (VBD cydde)
			    (CP-QUE (WNP-ACC-3 (WPRO^A hw+at))
				    (C 0)
				    (IP-SUB (NP-ACC *T*-3)
					    (NP-NOM (NR^N Antiochus) (N^N cync))
					    (PP (P be)
						(NP-DAT (PRO^D him)))
					    (VBN gedemed)
					    (HVD h+afde)))))
	  (. ,))
  (ID coapollo,ApT:51.21.578))
/*
FOOTER
  source file, hits/tokens/total
  C:\Users\Shoo\Dropbox\workspace\CorpusSearch_Auto\data\corporas\YCOE\temp1492105600559\fiction_romances_dramacomedies_and_verse\coapollo.o3.psd	47/41/593
*/
/*
SUMMARY:  
source files, hits/tokens/total
  C:\Users\Shoo\Dropbox\workspace\CorpusSearch_Auto\data\corporas\YCOE\temp1492105600559\fiction_romances_dramacomedies_and_verse\coapollo.o3.psd	47/41/593
whole search, hits/tokens/total
		47/41/593
*/
