/*
PREFACE:  
Copyright 2010 Beth Randall
Date:  Thu Apr 13 19:01:13 BST 2017

command file:     data\searches\queries\PENN\place_adverbials.q
output file:      C:\Users\Shoo\Dropbox\workspace\CorpusSearch_Auto\data\output\13-04-2017 18.46.36.333 PPCME2\place_adverbials\rules_charters_wills_laws_ecclesiastical_laws_and_proceedingstrials\result.out

node:   *ADVP-LOC*
query:  (*ADVP-LOC* Dominates  !*ADVP-LOC*) 
*/
/*
HEADER:
source file:  C:\Users\Shoo\Dropbox\workspace\CorpusSearch_Auto\data\corporas\PPCME2\temp1492106398658\rules_charters_wills_laws_ecclesiastical_laws_and_proceedingstrials\cmaelr3.m23.psd
*/

/~*
Be-+tenke heo heore continuelly to whos chaumbre heo is imaad gay, to whos
cleppyngge heo is agrey+ted;
(CMAELR3,27.39)
*~/
/*
7 ADVP-LOC:  7 ADVP-LOC, 9 heore
*/
( (IP-IMP (VBI Be-+tenke)
	  (NP-SBJ (PRO heo))
	  (ADVP-LOC (ADV heore))
	  (ADVP (ADV continuelly))
	  (CP-QUE (CP-QUE (WPP-1 (P to)
				 (WNP (WPRO$ whos) (N chaumbre)))
			  (C 0)
			  (IP-SUB (PP *T*-1)
				  (NP-SBJ-2 (PRO heo))
				  (BEP is)
				  (VAN imaad)
				  (LB |)
				  (IP-SMC (NP-SBJ *-2)
					  (ADJP (ADJ gay)))))
		  (, ,)
		  (CONJP (CP-QUE (WPP-3 (P to)
					(WNP (WPRO$ whos) (N cleppyngge)))
				 (C 0)
				 (IP-SUB (PP *T*-3)
					 (NP-SBJ (PRO heo))
					 (BEP is)
					 (VAN agrey+ted)))))
	  (. ;))
  (ID CMAELR3,27.39))

/~*
For sche may drede +tat here may be benomen special grace, +gif sche put for+t
a word +tat be a+gens clennesse and honestete.
(CMAELR3,28.57)
*~/
/*
15 ADVP-LOC:  15 ADVP-LOC, 17 here
*/

( (IP-MAT (CONJ For)
	  (NP-SBJ (PRO sche))
	  (MD may)
	  (VB drede)
	  (CP-THT (C +tat)
		  (IP-SUB (ADVP-LOC (ADV here))
			  (NP-SBJ-1 *exp*)
			  (MD may)
			  (BE be)
			  (VAN benomen)
			  (NP-1 (ADJ special) (N grace))
			  (, ,)
			  (PP (P +gif)
			      (CP-ADV (C 0)
				      (IP-SUB (NP-SBJ (PRO sche))
					      (VBP put)
					      (ADVP-DIR (ADV for+t))
					      (NP-OB1 (D a)
						      (N word)
						      (CP-REL (WNP-2 0)
							      (C +tat)
							      (IP-SUB (NP-SBJ *T*-2)
								      (BEP be)
								      (PP (P a+gens)
									  (NP (N clennesse) (CONJ and) (N honestete)))))))))))
	  (. .))
  (ID CMAELR3,28.57))

/~*
for +ter +tat is muche abstinence idoo to +te flehs, noon or lyte may be
flehsliche delectacioun.
(CMAELR3,29.84)
*~/
/*
13 ADVP-LOC:  13 ADVP-LOC, 14 *T*-1
*/

( (IP-MAT (CONJ for)
	  (ADVP-LOC (ADV +ter)
		    (CP-REL (WADVP-1 0)
			    (C +tat)
			    (IP-SUB (ADVP-LOC *T*-1)
				    (NP-SBJ-2 *exp*)
				    (BEP is)
				    (NP-2 (Q muche) (N abstinence))
				    (DAN idoo)
				    (PP (P to)
					(NP (D +te) (N flehs))))))
	  (, ,)
	  (NP-OB1 (QP (Q noon) (CONJ or) (Q lyte)))
	  (MD may)
	  (BE be)
	  (NP-SBJ (ADJ flehsliche) (N delectacioun))
	  (. .))
  (ID CMAELR3,29.84))

/~*
and, as a dredful douve, haunte ryueres of cler water, wher +tu mi+gt isee +te
ymage of +te raueynous hauke +tat flikt aboue +te,
(CMAELR3,30.128)
*~/
/*
40 ADVP-LOC:  40 ADVP-LOC, 41 *T*-1
*/

( (IP-IMP (CONJ and)
	  (, ,)
	  (PP (P as)
	      (NP (D a) (ADJ dredful) (N douve)))
	  (, ,)
	  (VBI haunte)
	  (NP-OB1 (NS ryueres)
		  (PP (P of)
		      (NP (ADJ cler) (N water)))
		  (, ,)
		  (CP-REL (WADVP-1 (WADV wher))
			  (C 0)
			  (IP-SUB (ADVP-LOC *T*-1)
				  (NP-SBJ (PRO +tu))
				  (MD mi+gt)
				  (VB isee)
				  (NP-OB1 (D +te)
					  (N ymage)
					  (PP (P of)
					      (NP (D +te)
						  (ADJ raueynous)
						  (N hauke)
						  (CP-REL (WNP-2 0)
							  (C +tat)
							  (IP-SUB (NP-SBJ *T*-2)
								  (VBP flikt)
								  (PP (P aboue)
								      (NP (PRO +te)))))))))))
	  (. ,))
  (ID CMAELR3,30.128))

/~*
+Ter +tat he hadde be toforhand ly+gt and nyce, he wax sad;
(CMAELR3,32.158)
*~/
/*
11 ADVP-LOC:  11 ADVP-LOC, 12 *T*-1
*/

( (IP-MAT (ADVP-LOC (ADV +Ter)
		    (CP-REL (WADVP-1 0)
			    (C +tat)
			    (IP-SUB (ADVP-LOC *T*-1)
				    (NP-SBJ (PRO he))
				    (HVD hadde)
				    (BEN be)
				    (ADVP-TMP (ADV toforhand))
				    (ADJP (ADJ ly+gt) (CONJ and) (ADJ nyce)))))
	  (, ,)
	  (NP-SBJ (PRO he))
	  (VBD wax)
	  (ADJP (ADJ sad))
	  (. ;))
  (ID CMAELR3,32.158))

/~*
+ter he hadde ibe blaberynge and chaterynge, he took hym to silence.
(CMAELR3,32.159)
*~/
/*
10 ADVP-LOC:  10 ADVP-LOC, 11 *T*-1
*/

( (IP-MAT (ADVP-LOC (CP-FRL (WADVP-1 (ADV +ter))
			    (C 0)
			    (IP-SUB (ADVP-LOC *T*-1)
				    (NP-SBJ (PRO he))
				    (HVD hadde)
				    (BEN ibe)
				    (VAG (VAG blaberynge) (CONJ and) (VAG chaterynge)))))
	  (, ,)
	  (NP-SBJ (PRO he))
	  (VBD took)
	  (NP-OB1 (PRO hym))
	  (PP (P to)
	      (NP (N silence)))
	  (. .))
  (ID CMAELR3,32.159))

/~*
loo wher Ihesus come+t '-
(CMAELR3,32.172)
*~/
/*
12 ADVP-LOC:  12 ADVP-LOC, 13 *T*-1
*/

( (QTP (INTJP (INTJ loo)
	      (CP-QUE (WADVP-1 (WADV wher))
		      (C 0)
		      (IP-SUB (ADVP-LOC *T*-1)
			      (NP-SBJ (NPR Ihesus))
			      (VBP come+t))))
       (' ')
       (. -))
  (ID CMAELR3,32.172))

/~*
and +ter +tat +tey be+t bo+te in peril, and wit-oute greuaunce of +tat on,
+tat o+ter may not be saued, hit is ful skilful +tat for profit of +te soule,
+te body be put by-hynde.
(CMAELR3,32.177)
*~/
/*
14 ADVP-LOC:  14 ADVP-LOC, 15 *T*-1
35 ADVP-LOC:  35 ADVP-LOC, 36 *T*-1
107 ADVP-LOC:  107 ADVP-LOC, 109 by-hynde
*/

( (IP-MAT (CONJ and)
	  (ADVP-LOC (ADV +ter)
		    (CP-REL (WADVP-1 0)
			    (C +tat)
			    (IP-SUB (IP-SUB (ADVP-LOC *T*-1)
					    (NP-SBJ (PRO +tey))
					    (BEP be+t)
					    (Q bo+te)
					    (PP (P in)
						(NP (N peril))))
				    (, ,)
				    (CONJP (CONJ and)
					   (IP-SUB (ADVP-LOC *T*-1)
						   (PP (P wit-oute)
						       (NP (N greuaunce)
							   (PP (P of)
							       (NP (D +tat) (ONE on)))))
						   (, ,)
						   (NP-SBJ (D +tat) (OTHER o+ter))
						   (MD may)
						   (NEG not)
						   (BE be)
						   (VAN saued))))))
	  (, ,)
	  (NP-SBJ-2 (PRO hit))
	  (BEP is)
	  (ADJP (ADVR ful) (ADJ skilful))
	  (CP-THT-2 (C +tat)
		    (IP-SUB (PP (P for)
				(NP (N profit)
				    (PP (P of)
					(NP (D +te) (N soule)))))
			    (, ,)
			    (NP-SBJ (D +te) (N body))
			    (BEP be)
			    (VAN put)
			    (ADVP-LOC (ADV by-hynde))))
	  (. .))
  (ID CMAELR3,32.177))

/~*
Let hem haue swych aray +tat, noon or litul ioye hauyngge wit-ynne, sechy+t al
here ioye wit-oute.
(CMAELR3,33.203)
*~/
/*
40 ADVP-LOC:  40 ADVP-LOC, 42 wit-ynne
54 ADVP-LOC:  54 ADVP-LOC, 56 wit-oute
*/

( (IP-IMP (VBI Let)
	  (IP-INF (NP-SBJ (PRO hem)
			  (CP-REL *ICH*-1))
		  (HV haue)
		  (NP-OB1 (SUCH swych) (N aray))
		  (CP-REL-1 (WNP-2 0)
			    (C +tat)
			    (, ,)
			    (IP-SUB (NP-SBJ *T*-2)
				    (IP-PPL (NP-OB1 (QP (Q noon) (CONJ or) (Q litul))
						    (N ioye))
					    (HAG hauyngge)
					    (ADVP-LOC (ADV wit-ynne)))
				    (, ,)
				    (VBP sechy+t)
				    (NP-OB1 (Q al) (PRO$ here) (N ioye))
				    (ADVP-LOC (ADV wit-oute)))))
	  (. .))
  (ID CMAELR3,33.203))

/~*
As holy wryt sei+t, alle +te ioie of a kynges douter schulde be wit-ynne.
(CMAELR3,33.208)
*~/
/*
44 ADVP-LOC:  44 ADVP-LOC, 46 wit-ynne
*/

( (IP-MAT (PP-PRN (P As)
		  (CP-ADV (WNP-1 0)
			  (C 0)
			  (IP-SUB (NP-OB1 *T*-1)
				  (NP-SBJ (NPR holy) (NPR wryt))
				  (VBP sei+t))))
	  (, ,)
	  (NP-SBJ (Q alle)
		  (D +te)
		  (N ioie)
		  (PP (P of)
		      (NP (NP-POS (D a) (N$ kynges))
			  (N douter))))
	  (MD schulde)
	  (BE be)
	  (ADVP-LOC (ADV wit-ynne))
	  (. .))
  (ID CMAELR3,33.208))

/~*
Loke +terfore +tat al +ty gladnesse come of clene wytnesse of a good
conscience wit-ynne.
(CMAELR3,33.210)
*~/
/*
38 ADVP-LOC:  38 ADVP-LOC, 40 wit-ynne
*/

( (IP-IMP (VBI Loke)
	  (PP (ADV+P +terfore))
	  (CP-THT (C +tat)
		  (IP-SUB (NP-SBJ (Q al) (PRO$ +ty) (N gladnesse))
			  (VBP come)
			  (PP (P of)
			      (NP (ADJ clene)
				  (N wytnesse)
				  (PP (P of)
				      (NP (D a)
					  (ADJ good)
					  (N conscience)
					  (ADVP-LOC (ADV wit-ynne))))))))
	  (. .))
  (ID CMAELR3,33.210))

/~*
let +ter fressche coloures of goode +tewes wit curious knottes be knet
to-gydere, +tat +te fayrnesse of o vertu, and o+ter wel icoupled to hym, mowe
make +te mor brit in schynyngge.
(CMAELR3,33.212)
*~/
/*
5 ADVP-LOC:  5 ADVP-LOC, 7 +ter
*/

( (IP-IMP (VBI let)
	  (IP-INF (ADVP-LOC (ADV +ter))
		  (NP-SBJ (ADJ fressche)
			  (NS coloures)
			  (PP (P of)
			      (NP (ADJ goode) (NS +tewes)))
			  (PP (P wit)
			      (NP (ADJ curious) (NS knottes))))
		  (BE be)
		  (VAN knet)
		  (ADVP (ADV to-gydere))
		  (, ,)
		  (CP-ADV (C +tat)
			  (IP-SUB (NP-SBJ (D +te)
					  (N fayrnesse)
					  (PP (P of)
					      (NP (NP (ONE o) (N vertu))
						  (, ,)
						  (CONJP (CONJ and)
							 (NP (OTHER o+ter)
							     (CODE {TEXT:and-o+ter})
							     (RRC (ADVP (ADV wel))
								  (VAN icoupled)
								  (PP (P to)
								      (NP (PRO hym)))))))))
				  (, ,)
				  (MD mowe)
				  (VB make)
				  (IP-SMC (NP-SBJ (PRO +te))
					  (ADJP (QR mor)
						(ADJ brit)
						(PP (P in)
						    (NP (N schynyngge))))))))
	  (. .))
  (ID CMAELR3,33.212))

/~*
In swich ray, suster, haue likyngge and gladnesse, wit-ynne, and not wit-oute;
(CMAELR3,34.233)
*~/
/*
29 ADVP-LOC:  29 ADVP-LOC, 31 wit-ynne
37 ADVP-LOC:  37 ADVP-LOC, 41 wit-oute
*/

( (IP-IMP (PP (P In)
	      (NP (SUCH swich) (N ray)))
	  (, ,)
	  (NP-VOC (N suster))
	  (, ,)
	  (HVI haue)
	  (NP-OB1 (N likyngge) (CONJ and) (N gladnesse))
	  (, ,)
	  (ADVP-LOC (ADVP-LOC (ADV wit-ynne))
		    (, ,)
		    (CONJP (CONJ and)
			   (ADVP-LOC (NEG not) (ADV wit-oute))))
	  (. ;))
  (ID CMAELR3,34.233))

/~*
and +ter we be+t ibyryed wit Crist.
(CMAELR3,34.242)
*~/
/*
4 ADVP-LOC:  4 ADVP-LOC, 6 +ter
*/

( (IP-MAT (CONJ and)
	  (ADVP-LOC (ADV +ter))
	  (NP-SBJ (PRO we))
	  (BEP be+t)
	  (VAN ibyryed)
	  (PP (P wit)
	      (NP (NPR Crist)))
	  (. .))
  (ID CMAELR3,34.242))

/~*
And +ter, al+tou+g synne be put awey, +git syknesse of synne dure+t.
(CMAELR3,34.243)
*~/
/*
4 ADVP-LOC:  4 ADVP-LOC, 6 +ter
*/

( (IP-MAT (CONJ And)
	  (ADVP-LOC (ADV +ter))
	  (, ,)
	  (PP (P al+tou+g)
	      (CP-ADV (C 0)
		      (IP-SUB (NP-SBJ (N synne))
			      (BEP be)
			      (VAN put)
			      (ADVP (ADV awey)))))
	  (, ,)
	  (ADVP-TMP (ADV +git))
	  (NP-SBJ (N syknesse)
		  (PP (P of)
		      (NP (N synne))))
	  (VBP dure+t)
	  (. .))
  (ID CMAELR3,34.243))

/~*
+Ter we take+t sumwhat off whitnesse in +te wasschyngge awey of +te viel+te of
synne,
(CMAELR3,34.244)
*~/
/*
2 ADVP-LOC:  2 ADVP-LOC, 4 +Ter
*/

( (IP-MAT (ADVP-LOC (ADV +Ter))
	  (NP-SBJ (PRO we))
	  (VBP take+t)
	  (NP-MSR (Q+WPRO sumwhat))
	  (PP (P off)
	      (NP (N whitnesse)))
	  (PP (P in)
	      (NP (D +te)
		  (N wasschyngge)
		  (ADV awey)
		  (PP (P of)
		      (NP (D +te)
			  (N viel+te)
			  (PP (P of)
			      (NP (N synne)))))))
	  (. ,))
  (ID CMAELR3,34.244))

/~*
For +ter may be no matere of euel wil a+gens no-man wher reigne+t no coueytyse,
(CMAELR3,36.293)
*~/
/*
38 ADVP-LOC:  38 ADVP-LOC, 39 *T*-2
*/

( (IP-MAT (CONJ For)
	  (NP-SBJ-1 (EX +ter))
	  (MD may)
	  (BE be)
	  (NP-1 (Q no)
		(N matere)
		(PP (P of)
		    (NP (ADJ euel) (N wil))))
	  (PP (P a+gens)
	      (NP (Q+N no-man)))
	  (ADVP-LOC (CP-FRL (WADVP-2 (WADV wher))
			    (C 0)
			    (IP-SUB (ADVP-LOC *T*-2)
				    (NP-SBJ-3 *exp*)
				    (VBP reigne+t)
				    (NP-3 (Q no) (N coueytyse)))))
	  (. ,))
  (ID CMAELR3,36.293))

/~*
Bote hier +tu askest of me in what +tyng +tu mi+gt do good to eny mon, so+t+te
+tu hast forsake alle wordliche godys, and hast no maner +tynge to +gyue to
+te neody.
(CMAELR3,36.297)
*~/
/*
4 ADVP-LOC:  4 ADVP-LOC, 6 hier
*/

( (IP-MAT (CONJ Bote)
	  (ADVP-LOC (ADV hier))
	  (NP-SBJ (PRO +tu))
	  (VBP askest)
	  (PP (P of)
	      (NP (PRO me)))
	  (CP-QUE (WPP-1 (P in)
			 (WNP (WD what) (N +tyng)))
		  (C 0)
		  (IP-SUB (PP *T*-1)
			  (NP-SBJ (PRO +tu))
			  (MD mi+gt)
			  (DO do)
			  (NP-OB1 (N good))
			  (PP (P to)
			      (NP (Q eny) (N mon)))
			  (, ,)
			  (PP (P so+t+te)
			      (CP-ADV (C 0)
				      (IP-SUB (IP-SUB (NP-SBJ (PRO +tu))
						      (HVP hast)
						      (VBN forsake)
						      (NP-OB1 (Q alle) (ADJ wordliche) (NS godys)))
					      (, ,)
					      (CONJP (CONJ and)
						     (IP-SUB (NP-SBJ *con*)
							     (HVP hast)
							     (NP-OB1 (Q no)
								     (N maner)
								     (NP-COM (N +tynge))
								     (CP-EOP (WNP-2 0)
									     (IP-INF (NP-OB1 *T*-2)
										     (TO to)
										     (VB +gyue)
										     (PP (P to)
											 (NP (D +te) (ADJ neody)))))))))))))
	  (. .))
  (ID CMAELR3,36.297))

/~*
and +ter by-hald alle +teo +tat ben goode,
(CMAELR3,38.355)
*~/
/*
4 ADVP-LOC:  4 ADVP-LOC, 6 +ter
*/

( (IP-IMP (CONJ and)
	  (ADVP-LOC (ADV +ter))
	  (VBI by-hald)
	  (NP-OB1 (Q alle)
		  (D +teo)
		  (CP-REL (WNP-1 0)
			  (C +tat)
			  (IP-SUB (NP-SBJ *T*-1)
				  (BEP ben)
				  (ADJP (ADJ goode)))))
	  (. ,))
  (ID CMAELR3,38.355))

/~*
+Ter tak heede of hem +tat be+t oppressed +toru+g greet meschyef,
(CMAELR3,38.361)
*~/
/*
2 ADVP-LOC:  2 ADVP-LOC, 4 +Ter
*/

( (IP-IMP (ADVP-LOC (ADV +Ter))
	  (VBI tak)
	  (NP-OB1 (N heede))
	  (PP (P of)
	      (NP (PRO hem)
		  (CP-REL (WNP-1 0)
			  (C +tat)
			  (IP-SUB (NP-SBJ *T*-1)
				  (BEP be+t)
				  (VAN oppressed)
				  (PP (P +toru+g)
				      (NP (ADJ greet) (N meschyef)))))))
	  (. ,))
  (ID CMAELR3,38.361))

/~*
let renne +ter in +ty myende +te misese of +te pouere, +te whepyngge of
fadurles and modurles children, +te desolacions of wydues, +te bitere
si+g+gyngge and weylyngge of $+to +tat be+t ouercome by greet sorwe, +te niede
of pilgrymes, +te periles of hem +tat be+t in +te see, +te he+ge vowes of holy
virgynes, +te temptacions of holy men, +te bysynesse of prelatys, +te trauayle
of hem +tat be+t in wherre, o+ter in o+ter maner ry+gtful trauayle.
(CMAELR3,38.363)
*~/
/*
7 ADVP-LOC:  7 ADVP-LOC, 9 +ter
*/

( (IP-IMP (VBI let)
	  (IP-INF (VB renne)
		  (ADVP-LOC (ADV +ter))
		  (PP (P in)
		      (NP (PRO$ +ty) (N myende)))
		  (NP-SBJ (NP (D +te)
			      (N misese)
			      (PP (P of)
				  (NP (D +te) (ADJ pouere))))
			  (, ,)
			  (CONJP (NP (D +te)
				     (N whepyngge)
				     (PP (P of)
					 (NP (ADJP (ADJ fadurles) (CONJ and) (ADJ modurles))
					     (NS children)))))
			  (, ,)
			  (CONJP (NP (D +te)
				     (NS desolacions)
				     (PP (P of)
					 (NP (NS wydues)))))
			  (, ,)
			  (CONJP (NP (D +te)
				     (ADJ bitere)
				     (N si+g+gyngge)
				     (CONJP (CONJ and)
					    (NX (N weylyngge)))
				     (PP (P of)
					 (NP (D $+to)
					     (CP-REL (WNP-1 0)
						     (C +tat)
						     (IP-SUB (NP-SBJ *T*-1)
							     (BEP be+t)
							     (VAN ouercome)
							     (PP (P by)
								 (NP (ADJ greet) (N sorwe)))))))))
			  (, ,)
			  (CONJP (NP (D +te)
				     (N niede)
				     (PP (P of)
					 (NP (NS pilgrymes)))))
			  (, ,)
			  (CONJP (NP (D +te)
				     (NS periles)
				     (PP (P of)
					 (NP (PRO hem)
					     (CP-REL (WNP-2 0)
						     (C +tat)
						     (IP-SUB (NP-SBJ *T*-2)
							     (BEP be+t)
							     (PP (P in)
								 (NP (D +te) (N see)))))))))
			  (, ,)
			  (CONJP (NP (D +te)
				     (ADJ he+ge)
				     (NS vowes)
				     (PP (P of)
					 (NP (ADJ holy) (NS virgynes)))))
			  (, ,)
			  (CONJP (NP (D +te)
				     (NS temptacions)
				     (PP (P of)
					 (NP (ADJ holy) (NS men)))))
			  (, ,)
			  (CONJP (NP (D +te)
				     (N bysynesse)
				     (PP (P of)
					 (NP (NS prelatys)))))
			  (, ,)
			  (CONJP (NP (D +te)
				     (N trauayle)
				     (PP (P of)
					 (NP (PRO hem)
					     (CP-REL (WNP-3 0)
						     (C +tat)
						     (IP-SUB (NP-SBJ *T*-3)
							     (BEP be+t)
							     (PP (PP (P in)
								     (NP (N wherre)))
								 (, ,)
								 (CONJP (CONJ o+ter)
									(PP (P in)
									    (NP (OTHER o+ter)
										(N maner)
										(NP-COM (ADJ ry+gtful) (N trauayle))))))))))))))
	  (. .))
  (ID CMAELR3,38.363))

/~*
And ferst goo in-to +ty pryue chaumbre wit oure lady Marie, wher schee abood
+te angel message,
(CMAELR3,39.396)
*~/
/*
41 ADVP-LOC:  41 ADVP-LOC, 42 *T*-2
*/

( (IP-IMP (CONJ And)
	  (ADVP-TMP (ADV ferst))
	  (VBI goo)
	  (PP (P in-to)
	      (NP (PRO$ +ty)
		  (ADJ pryue)
		  (N chaumbre)
		  (CP-REL *ICH*-1)))
	  (PP (P wit)
	      (NP (PRO$ oure)
		  (N lady)
		  (NP-PRN (NPR Marie))))
	  (, ,)
	  (CP-REL-1 (WADVP-2 (WADV wher))
		    (C 0)
		    (IP-SUB (ADVP-LOC *T*-2)
			    (NP-SBJ (PRO schee))
			    (VBD abood)
			    (NP-OB1 (D +te) (N angel) (N message))))
	  (. ,))
  (ID CMAELR3,39.396))

/~*
and +ter, suster, abyd +te angel comyngge, +tat +tu mowe isee whanne he come+t
in, and hou graciously he grette +tilke gracious mayde;
(CMAELR3,39.397)
*~/
/*
4 ADVP-LOC:  4 ADVP-LOC, 6 +ter
*/

( (IP-IMP (CONJ and)
	  (ADVP-LOC (ADV +ter))
	  (, ,)
	  (NP-VOC (N suster))
	  (, ,)
	  (VBI abyd)
	  (NP-OB1 (D +te) (N angel) (N comyngge))
	  (, ,)
	  (CP-ADV (C +tat)
		  (IP-SUB (NP-SBJ (PRO +tu))
			  (MD mowe)
			  (VB isee)
			  (CP-QUE (CP-QUE (WADVP-1 (WADV whanne))
					  (C 0)
					  (IP-SUB (ADVP *T*-1)
						  (NP-SBJ (PRO he))
						  (VBP come+t)
						  (RP in)))
				  (, ,)
				  (CONJP (CONJ and)
					 (CP-QUE (WADVP-2 (WADV hou) (ADV graciously))
						 (C 0)
						 (IP-SUB (ADVP *T*-2)
							 (NP-SBJ (PRO he))
							 (VBP grette)
							 (NP-OB1 (D+ADJ +tilke) (ADJ gracious) (N mayde))))))))
	  (. ;))
  (ID CMAELR3,39.397))

/~*
and hir take heede, suster, of +te maner of gretyngge in +te whiche Ihon
Baptiste in his moder wombe, hoppyngge for ioye, knew and saluede as a
seruaunt his lord, as a criour his verray iustyse, as a kni+gt is verrey kynge.
(CMAELR3,40.406)
*~/
/*
4 ADVP-LOC:  4 ADVP-LOC, 6 hir
*/

( (IP-IMP (CONJ and)
	  (ADVP-LOC (ADV hir))
	  (VBI take)
	  (NP-OB1 (N heede))
	  (, ,)
	  (NP-VOC (N suster))
	  (, ,)
	  (PP (P of)
	      (NP (D +te)
		  (N maner)
		  (PP (P of)
		      (NP (N gretyngge)))
		  (CP-REL (WPP-1 (P in)
				 (WNP (D +te) (WPRO whiche)))
			  (C 0)
			  (IP-SUB (IP-SUB-2 (PP *T*-1)
					    (NP-SBJ (NPR Ihon)
						    (NP-PRN (N Baptiste)))
					    (PP (P in)
						(NP (NP-POS (PRO$ his) (N$ moder))
						    (N wombe)))
					    (, ,)
					    (IP-PPL (VAG hoppyngge)
						    (PP (P for)
							(NP (N ioye))))
					    (, ,)
					    (VBD (VBD knew) (CONJ and) (VBD saluede))
					    (PP (P as)
						(NP (D a) (N seruaunt)))
					    (NP-OB1 (PRO$ his) (NPR lord)))
				  (, ,)
				  (CONJP (IP-SUB=2 (PP (P as)
						       (NP (D a) (N criour)))
						   (NP-OB1 (PRO$ his) (ADJ verray) (N iustyse))))
				  (, ,)
				  (CONJP (IP-SUB=2 (PP (P as)
						       (NP (D a) (N kni+gt)))
						   (NP-OB1 (PRO$ is) (ADJ verrey) (N kynge))))))))
	  (. .))
  (ID CMAELR3,40.406))

/~*
and +ter he fand here swete child liggynge.
(CMAELR3,41.441)
*~/
/*
4 ADVP-LOC:  4 ADVP-LOC, 6 +ter
*/

( (IP-MAT (CONJ and)
	  (ADVP-LOC (ADV +ter))
	  (NP-SBJ (PRO he))
	  (VBD fand)
	  (NP-OB1 (PRO$ here) (ADJ swete) (N child))
	  (IP-PPL (VAG liggynge))
	  (. .))
  (ID CMAELR3,41.441))

/~*
And, suster, wanne after +tat he is twelf +ger old, and go+t to Ierusalem
in-to +te temple wit his fadur and his moder and, hem vnwytyngge, leue+t in
+te citee +tre dayes be-hynde, as +te gospel sey+t; +gif +tu wilt bysyly seke
hym +tyse +tre dayes, gode suster, what sorwe schalt +tu haue?
(CMAELR3,41.460)
*~/
/*
110 ADVP-LOC:  110 ADVP-LOC, 112 be-hynde
*/

( (CP-QUE (CONJ And)
	  (, ,)
	  (NP-VOC (N suster))
	  (, ,)
	  (PP (P wanne)
	      (CP-ADV (C 0)
		      (IP-SUB (IP-SUB (PP (P after)
					  (NP (D +tat)))
				      (NP-SBJ (PRO he))
				      (BEP is)
				      (ADJP (NP-MSR (NUM twelf) (N +ger))
					    (ADJ old)))
			      (, ,)
			      (CONJP (CONJ and)
				     (IP-SUB (NP-SBJ *con*)
					     (VBP go+t)
					     (PP (P to)
						 (NP (NPR Ierusalem)))
					     (PP (P in-to)
						 (NP (D +te) (N temple)))
					     (PP (P wit)
						 (NP (NP (PRO$ his) (N fadur))
						     (CONJP (CONJ and)
							    (NP (PRO$ his) (N moder)))))
					     (CONJP (CONJ and)
						    (, ,)
						    (IP-SUB (IP-ABS (NP-SBJ (PRO hem))
								    (VAG vnwytyngge))
							    (, ,)
							    (NP-SBJ *con*)
							    (VBP leue+t)
							    (PP (P in)
								(NP (D +te) (N citee)))
							    (NP-MSR (NUM +tre) (NS dayes))
							    (ADVP-LOC (ADV be-hynde))
							    (, ,)
							    (PP-PRN (P as)
								    (CP-ADV (WNP-1 0)
									    (C 0)
									    (IP-SUB (NP-OB1 *T*-1)
										    (NP-SBJ (D +te) (NPR gospel))
										    (VBP sey+t)))))))))))
	  (, ;)
	  (PP (P +gif)
	      (CP-ADV (C 0)
		      (IP-SUB (NP-SBJ (PRO +tu))
			      (MD wilt)
			      (ADVP (ADV bysyly))
			      (VB seke)
			      (NP-OB1 (PRO hym))
			      (NP-MSR (D +tyse) (NUM +tre) (NS dayes))
			      (, ,)
			      (NP-VOC (ADJ gode) (N suster)))))
	  (, ,)
	  (WNP-2 (WD what) (N sorwe))
	  (IP-SUB (NP-OB1 *T*-2)
		  (MD schalt)
		  (NP-SBJ (PRO +tu))
		  (HV haue))
	  (. ?))
  (ID CMAELR3,41.460))

/~*
And +ter, suster, at +tylke gostly breedale +tu mi+gt $vnderfonge +tyn
husbounde i+gyue of +te Fader, purgacioun of +te Sone, and receyue +te bond of
loue of +te Holy Goste.
(CMAELR3,42.465)
*~/
/*
5 ADVP-LOC:  5 ADVP-LOC, 7 +ter
*/

( (IP-MAT (IP-MAT-1 (CONJ And)
		    (ADVP-LOC (ADV +ter))
		    (, ,)
		    (NP-VOC (N suster))
		    (, ,)
		    (PP (P at)
			(NP (D+ADJ +tylke) (ADJ gostly) (N breedale)))
		    (NP-SBJ (PRO +tu))
		    (MD mi+gt)
		    (VB $vnderfonge)
		    (NP-OB1 (PRO$ +tyn)
			    (N husbounde)
			    (RRC (VAN i+gyue)
				 (PP (P of)
				     (NP (D +te) (NPR Fader))))))
	  (, ,)
	  (IP-MAT=1 (NP-OB1 (N purgacioun))
		    (PP (P of)
			(NP (D +te) (N Sone))))
	  (, ,)
	  (CONJP (CONJ and)
		 (IP-MAT=1 (VB receyue)
			   (NP-OB1 (D +te)
				   (N bond)
				   (PP (P of)
				       (NP (N loue))))
			   (PP (P of)
			       (NP (D +te) (NPR Holy) (NPR Goste)))))
	  (. .))
  (ID CMAELR3,42.465))

/~*
+ter he fastyde fourty dayes,
(CMAELR3,42.467)
*~/
/*
2 ADVP-LOC:  2 ADVP-LOC, 4 +ter
*/

( (IP-MAT (ADVP-LOC (ADV +ter))
	  (NP-SBJ (PRO he))
	  (VBD fastyde)
	  (NP-MSR (NUM fourty) (NS dayes))
	  (. ,))
  (ID CMAELR3,42.467))

/~*
and auyse +te wel how godly Crist syt +ter ate mete;
(CMAELR3,42.487)
*~/
/*
28 ADVP-LOC:  28 ADVP-LOC, 30 +ter
*/

( (IP-IMP (CONJ and)
	  (VBI auyse)
	  (NP-OB1 (PRO +te))
	  (ADVP (ADV wel))
	  (CP-QUE (WADVP-1 (WADV how) (ADV godly))
		  (C 0)
		  (IP-SUB (ADVP *T*-1)
			  (NP-SBJ (NPR Crist))
			  (VBP syt)
			  (ADVP-LOC (ADV +ter))
			  (PP (P ate)
			      (NP (N mete)))))
	  (. ;))
  (ID CMAELR3,42.487))

/~*
Loke also +tat +tu for+gyte not +tilke hows +ter +tilke man ysmete wit +te
palsye was lete adoun +torou+g +te teylys to-fore +te feet of Ihesu, where
pyte and power mette to-gydere.
(CMAELR3,43.504)
*~/
/*
29 ADVP-LOC:  29 ADVP-LOC, 30 *T*-1
85 ADVP-LOC:  85 ADVP-LOC, 86 *T*-2
*/

( (IP-IMP (VBI Loke)
	  (ALSO also)
	  (CP-THT (C +tat)
		  (IP-SUB (NP-SBJ (PRO +tu))
			  (VBP for+gyte)
			  (NEG not)
			  (NP-OB1 (D+ADJ +tilke)
				  (N hows)
				  (CP-REL (WADVP-1 (ADV +ter))
					  (C 0)
					  (IP-SUB (ADVP-LOC *T*-1)
						  (NP-SBJ (D+ADJ +tilke)
							  (N man)
							  (RRC (VAN ysmete)
							       (PP (P wit)
								   (NP (D +te) (N palsye)))))
						  (BED was)
						  (VAN lete)
						  (PP (P+RP adoun))
						  (PP (P +torou+g)
						      (NP (D +te) (NS teylys)))
						  (PP (P to-fore)
						      (NP (D +te)
							  (NS feet)
							  (PP (P of)
							      (NP (NPR Ihesu)))
							  (, ,)
							  (CP-REL (WADVP-2 (WADV where))
								  (C 0)
								  (IP-SUB (ADVP-LOC *T*-2)
									  (NP-SBJ (N pyte) (CONJ and) (N power))
									  (VBD mette)
									  (ADVP (ADV to-gydere)))))))))))
	  (. .))
  (ID CMAELR3,43.504))

/~*
Bote, suster, let vs now gon hennys and gawe to Bethanye, to +tilke blessyde
feste of Ihesu and Marthe, Marie and La+gar, wher blessyde bondes of loue and
frendschipe be +te auctorite of Crist were ysacryd.
(CMAELR3,44.532)
*~/
/*
82 ADVP-LOC:  82 ADVP-LOC, 83 *T*-1
*/

( (IP-IMP (CONJ Bote)
	  (, ,)
	  (NP-VOC (N suster))
	  (, ,)
	  (VBI let)
	  (IP-INF (IP-INF (NP-SBJ (PRO vs))
			  (ADVP (ADV now))
			  (VB gon)
			  (ADVP-DIR (ADV hennys)))
		  (CONJP (CONJ and)
			 (IP-INF (NP-SBJ *con*)
				 (VB gawe)
				 (PP (P to)
				     (NP (NPR Bethanye)))
				 (, ,)
				 (PP (P to)
				     (NP (D+ADJ +tilke)
					 (VAN blessyde)
					 (N feste)
					 (PP (P of)
					     (NP (NP (NPR Ihesu) (CONJ and) (NPR Marthe))
						 (, ,)
						 (CONJP (NP (NPR Marie) (CONJ and) (NPR La+gar)))))
					 (, ,)
					 (CP-REL (WADVP-1 (WADV wher))
						 (C 0)
						 (IP-SUB (ADVP-LOC *T*-1)
							 (NP-SBJ (VAN blessyde)
								 (NS bondes)
								 (PP (P of)
								     (NP (N loue) (CONJ and) (N frendschipe))))
							 (PP (P be)
							     (NP (D +te)
								 (N auctorite)
								 (PP (P of)
								     (NP (NPR Crist)))))
							 (BED were)
							 (VAN ysacryd))))))))
	  (. .))
  (ID CMAELR3,44.532))

/~*
Let Marthe +terfore trauayle owtwardly and mynystre in owtward ocupacioun,
(CMAELR3,44.562)
*~/
/*
14 ADVP-LOC:  14 ADVP-LOC, 16 owtwardly
*/

( (IP-IMP (VBI Let)
	  (IP-INF (IP-INF (NP-SBJ (NPR Marthe))
			  (PP (ADV+P +terfore))
			  (VB trauayle)
			  (ADVP-LOC (ADV owtwardly)))
		  (CONJP (CONJ and)
			 (IP-INF (NP-SBJ *con*)
				 (VB mynystre)
				 (PP (P in)
				     (NP (ADJ owtward) (N ocupacioun))))))
	  (. ,))
  (ID CMAELR3,44.562))

/~*
And +terfore, whan Crist go+t to-fore to +te mount of Olyuet in blody
anguyssche, to maken his preyere, folwe after,
(CMAELR3,46.610)
*~/
/*
21 ADVP-LOC:  21 ADVP-LOC, 23 to-fore
62 ADVP-LOC:  62 ADVP-LOC, 64 after
*/

( (IP-IMP (CONJ And)
	  (PP (ADV+P +terfore))
	  (, ,)
	  (PP (P whan)
	      (CP-ADV (C 0)
		      (IP-SUB (NP-SBJ (NPR Crist))
			      (VBP go+t)
			      (ADVP-LOC (ADV to-fore))
			      (PP (P to)
				  (NP (D +te)
				      (N mount)
				      (PP (P of)
					  (NP (NPR Olyuet)))))
			      (PP (P in)
				  (NP (ADJ blody) (N anguyssche)))
			      (, ,)
			      (IP-INF-PRP (TO to)
					  (VB maken)
					  (NP-OB1 (PRO$ his) (N preyere))))))
	  (, ,)
	  (VBI folwe)
	  (ADVP-LOC (ADV after))
	  (. ,))
  (ID CMAELR3,46.610))

/~*
Wher-aboute standest +tu, suster?
(CMAELR3,46.618)
*~/
/*
6 ADVP-LOC:  6 ADVP-LOC, 7 *T*-1
*/

( (CP-QUE (WADVP-1 (WADV+RP Wher-aboute))
	  (IP-SUB (ADVP-LOC *T*-1)
		  (VBP standest)
		  (NP-SBJ (PRO +tu)))
	  (, ,)
	  (NP-VOC (N suster))
	  (. ?))
  (ID CMAELR3,46.618))

/~*
And anoon after +tis behald how Iudas +te traytour ge+t before, and which
acursyd compaynye of Iewes come+t after;
(CMAELR3,46.625)
*~/
/*
35 ADVP-LOC:  35 ADVP-LOC, 37 before
64 ADVP-LOC:  64 ADVP-LOC, 66 after
*/

( (IP-IMP (CONJ And)
	  (ADVP-TMP (ADV anoon))
	  (PP (P after)
	      (NP (D +tis)))
	  (VBI behald)
	  (CP-QUE (CP-QUE (WADVP-1 (WADV how))
			  (C 0)
			  (IP-SUB (ADVP *T*-1)
				  (NP-SBJ (NPR Iudas)
					  (NP-PRN (D +te) (N traytour)))
				  (VBP ge+t)
				  (ADVP-LOC (ADV before))))
		  (, ,)
		  (CONJP (CONJ and)
			 (CP-QUE (WNP-2 (WD which)
					(VAN acursyd)
					(N compaynye)
					(PP (P of)
					    (NP (NPRS Iewes))))
				 (C 0)
				 (IP-SUB (NP-SBJ *T*-2)
					 (VBP come+t)
					 (ADVP-LOC (ADV after))))))
	  (. ;))
  (ID CMAELR3,46.625))

/~*
and +ter at +te gylous cus of +tis treccherous traytour tak heede how +tey
sette+t handes on +ty Lord, and how fersly +tey to-tery+t hym and drawy+t hym
for+t as a +tef, how cruelly +tey streyne+t and bynde+t wit coordes +too swete
tendre handes.
(CMAELR3,46.626)
*~/
/*
4 ADVP-LOC:  4 ADVP-LOC, 6 +ter
*/

( (IP-IMP (CONJ and)
	  (ADVP-LOC (ADV +ter))
	  (PP (P at)
	      (NP (D +te)
		  (ADJ gylous)
		  (N cus)
		  (PP (P of)
		      (NP (D +tis) (ADJ treccherous) (N traytour)))))
	  (VBI tak)
	  (NP-OB1 (N heede))
	  (CP-QUE (CP-QUE (WADVP-1 (WADV how))
			  (C 0)
			  (IP-SUB (ADVP *T*-1)
				  (NP-SBJ (PRO +tey))
				  (VBP sette+t)
				  (NP-OB1 (NS handes))
				  (PP (P on)
				      (NP (PRO$ +ty) (NPR Lord)))))
		  (, ,)
		  (CONJP (CONJ and)
			 (CP-QUE (WADVP-2 (WADV how) (ADV fersly))
				 (C 0)
				 (IP-SUB (IP-SUB (ADVP *T*-2)
						 (NP-SBJ (PRO +tey))
						 (VBP to-tery+t)
						 (NP-OB1 (PRO hym)))
					 (CONJP (CONJ and)
						(IP-SUB (ADVP *T*-2)
							(NP-SBJ *con*)
							(VBP drawy+t)
							(NP-OB1 (PRO hym))
							(ADVP-DIR (ADV for+t))
							(PP (P as)
							    (NP (D a) (N +tef))))))))
		  (, ,)
		  (CONJP (CP-QUE (WADVP-3 (WADV how) (ADV cruelly))
				 (C 0)
				 (IP-SUB (ADVP *T*-3)
					 (NP-SBJ (PRO +tey))
					 (VBP (VBP streyne+t) (CONJ and) (VBP bynde+t))
					 (PP (P wit)
					     (NP (NS coordes)))
					 (NP-OB1 (D +too) (ADJ swete) (ADJ tendre) (NS handes))))))
	  (. .))
  (ID CMAELR3,46.626))

/~*
+Ter he is accuseed,
(CMAELR3,47.648)
*~/
/*
2 ADVP-LOC:  2 ADVP-LOC, 4 +Ter
*/

( (IP-MAT (ADVP-LOC (ADV +Ter))
	  (NP-SBJ (PRO he))
	  (BEP is)
	  (VAN accuseed)
	  (. ,))
  (ID CMAELR3,47.648))

/~*
Avyse +te inwardly
(CMAELR3,47.651)
*~/
/*
7 ADVP-LOC:  7 ADVP-LOC, 9 inwardly
*/

( (IP-IMP (VBI Avyse)
	  (NP-OB1 (PRO +te))
	  (ADVP-LOC (ADV inwardly)))
  (ID CMAELR3,47.651))

/~*
'Lo, hir is +te man.'
(CMAELR3,47.660)
*~/
/*
8 ADVP-LOC:  8 ADVP-LOC, 10 hir
*/

( (IP-MAT-SPE (' ')
	      (INTJ Lo)
	      (, ,)
	      (ADVP-LOC (ADV hir))
	      (NP-SBJ-1 *exp*)
	      (BEP is)
	      (NP-1 (D +te) (N man))
	      (. .)
	      (' '))
  (ID CMAELR3,47.660))

/~*
Benigne Ihesu, lo me hir, a symple and deuout wurschipere of +ty maieste and
not sleere of +ty body, adorour of +ti spytous de+t and not skornere of +ty
passioun, a stedefast knowelechere of +ty grete mercy and not despisere of
+tyn infirmite +tat +tu hast itake of mankynde;
(CMAELR3,48.709)
*~/
/*
20 ADVP-LOC:  20 ADVP-LOC, 22 hir
*/

( (INTJP (NP-VOC (ADJ Benigne) (NPR Ihesu))
	 (, ,)
	 (INTJ lo)
	 (NP (PRO me)
	     (NP-PRN *ICH*-1)
	     (NP-PRN *ICH*-2)
	     (NP-PRN *ICH*-3))
	 (ADVP-LOC (ADV hir))
	 (, ,)
	 (NP-PRN-1 (NP (D a)
		       (ADJP (ADJ symple) (CONJ and) (ADJ deuout))
		       (N wurschipere)
		       (PP (P of)
			   (NP (PRO$ +ty) (N maieste))))
		   (CONJP (CONJ and)
			  (NP (NEG not)
			      (N sleere)
			      (PP (P of)
				  (NP (PRO$ +ty) (N body))))))
	 (, ,)
	 (NP-PRN-2 (NP (N adorour)
		       (PP (P of)
			   (NP (PRO$ +ti) (ADJ spytous) (N de+t))))
		   (CONJP (CONJ and)
			  (NP (NEG not)
			      (N skornere)
			      (PP (P of)
				  (NP (PRO$ +ty) (N passioun))))))
	 (, ,)
	 (NP-PRN-3 (NP (D a)
		       (ADJ stedefast)
		       (N knowelechere)
		       (PP (P of)
			   (NP (PRO$ +ty) (ADJ grete) (N mercy))))
		   (CONJP (CONJ and)
			  (NP (NEG not)
			      (N despisere)
			      (PP (P of)
				  (NP (PRO$ +tyn)
				      (N infirmite)
				      (CP-REL (WNP-4 0)
					      (C +tat)
					      (IP-SUB (NP-OB1 *T*-4)
						      (NP-SBJ (PRO +tu))
						      (HVP hast)
						      (VBN itake)
						      (PP (P of)
							  (NP (N+N mankynde))))))))))
	 (. ;))
  (ID CMAELR3,48.709))

/~*
Mi+gt +tu heere wit-oute gret pite how straungely Crist $sei+t of seynt Jhon
to his moder: 'Wumman, lo +ter +ty sone' - Mulier, ecce filius tuus; as hoo
seyt: 'Tak to +te ano+ter sone,
(CMAELR3,49.719)
*~/
/*
62 ADVP-LOC:  62 ADVP-LOC, 64 +ter
*/

( (CP-QUE (IP-SUB (MD Mi+gt)
		  (NP-SBJ (PRO +tu))
		  (VB heere)
		  (PP (P wit-oute)
		      (NP (ADJ gret) (N pite)))
		  (CP-QUE (WADVP-1 (WADV how) (ADV straungely))
			  (C 0)
			  (IP-SUB (ADVP *T*-1)
				  (NP-SBJ (NPR Crist))
				  (VBP $sei+t)
				  (PP (P of)
				      (NP (NPR seynt) (NPR Jhon)))
				  (PP (P to)
				      (NP (PRO$ his) (N moder)))
				  (, :)
				  (' ')
				  (IP-IMP-SPE (NP-VOC (N Wumman))
					      (, ,)
					      (VBI lo)
					      (ADVP-LOC (ADV +ter))
					      (NP-OB1 (PRO$ +ty) (N sone))
					      (' ')
					      (, -)
					      (LATIN (FW Mulier) (, ,) (FW ecce) (FW filius) (FW tuus))
					      (, ;)
					      (PP-PRN (P as)
						      (CP-ADV-SPE (WADVP-2 0)
								  (C 0)
								  (IP-SUB-SPE (ADVP *T*-2)
									      (NP-SBJ (WPRO hoo))
									      (VBP seyt)
									      (, :)
									      (' ')
									      (IP-IMP-SPE (VBI Tak)
											  (PP (P to)
											      (NP (PRO +te)))
											  (NP-OB1 (D+OTHER ano+ter) (N sone))))))))))
	  (. ,))
  (ID CMAELR3,49.719))

/~*
bote whan sche go+t to Cristes sepulcre wit here swete smyllyngge baaumes to
anoynte Cristes menbrys, loke +tu go after.
(CMAELR3,49.746)
*~/
/*
59 ADVP-LOC:  59 ADVP-LOC, 61 after
*/

( (IP-IMP (CONJ bote)
	  (PP (P whan)
	      (CP-ADV (C 0)
		      (IP-SUB (NP-SBJ (PRO sche))
			      (VBP go+t)
			      (PP (P to)
				  (NP (NPR$ Cristes) (N sepulcre)))
			      (PP (P wit)
				  (NP (PRO$ here) (ADJ swete) (VAG smyllyngge) (NS baaumes)))
			      (IP-INF-PRP (TO to)
					  (VB anoynte)
					  (NP-OB1 (NPR$ Cristes) (NS menbrys))))))
	  (, ,)
	  (VBI loke)
	  (CP-THT (C 0)
		  (IP-SUB (NP-SBJ (PRO +tu))
			  (VBP go)
			  (ADVP-LOC (ADV after))))
	  (. .))
  (ID CMAELR3,49.746))

/~*
Bote auyse +te inwardly what God ha+t ido to +te graciously to +ty soule -
(CMAELR3,52.819)
*~/
/*
9 ADVP-LOC:  9 ADVP-LOC, 11 inwardly
*/

( (IP-IMP (CONJ Bote)
	  (VBI auyse)
	  (NP-OB1 (PRO +te))
	  (ADVP-LOC (ADV inwardly))
	  (CP-QUE (WNP-1 (WPRO what))
		  (C 0)
		  (IP-SUB (NP-OB1 *T*-1)
			  (NP-SBJ (NPR God))
			  (HVP ha+t)
			  (DON ido)
			  (PP (P to)
			      (NP (PRO +te)))
			  (ADVP (ADV graciously))
			  (PP (P to)
			      (NP (PRO$ +ty) (N soule)))))
	  (. -))
  (ID CMAELR3,52.819))

/~*
My mercyful God, wher am I bycome?
(CMAELR3,52.823)
*~/
/*
15 ADVP-LOC:  15 ADVP-LOC, 16 *T*-1
*/

( (CP-QUE (NP-VOC (PRO$ My) (ADJ mercyful) (NPR God))
	  (, ,)
	  (WADVP-1 (WADV wher))
	  (IP-SUB (ADVP-LOC *T*-1)
		  (BEP am)
		  (NP-SBJ (PRO I))
		  (VBN bycome))
	  (. ?))
  (ID CMAELR3,52.823))

/~*
or were scholde he lotye, whan he is destitut of his scheperde?
(CMAELR3,52.835)
*~/
/*
8 ADVP-LOC:  8 ADVP-LOC, 9 *T*-1
*/

( (CP-QUE (CONJ or)
	  (WADVP-1 (WADV were))
	  (IP-SUB (ADVP-LOC *T*-1)
		  (MD scholde)
		  (NP-SBJ (PRO he))
		  (VB lotye)
		  (, ,)
		  (PP (P whan)
		      (CP-ADV (C 0)
			      (IP-SUB (NP-SBJ (PRO he))
				      (BEP is)
				      (ADJP (ADJ destitut)
					    (PP (P of)
						(NP (PRO$ his) (N scheperde))))))))
	  (. ?))
  (ID CMAELR3,52.835))

/~*
+ter +tat I was agast of euere-lastyng dampnacioun, he confortede me
(CMAELR3,53.865)
*~/
/*
11 ADVP-LOC:  11 ADVP-LOC, 12 *T*-1
*/

( (IP-MAT (ADVP-LOC (ADV +ter)
		    (CP-REL (WADVP-1 0)
			    (C +tat)
			    (IP-SUB (ADVP-LOC *T*-1)
				    (NP-SBJ (PRO I))
				    (BED was)
				    (VAN agast)
				    (PP (P of)
					(NP (ADV+VAG euere-lastyng) (N dampnacioun))))))
	  (, ,)
	  (NP-SBJ (PRO he))
	  (VBD confortede)
	  (NP-OB1 (PRO me)))
  (ID CMAELR3,53.865))

/~*
and +ter I was custummablely alto-gydere y-vsed to vnclennesse, he drow me
awey +tens +torou+g sauour and tast of inwarde gostly swetnesse,
(CMAELR3,53.869)
*~/
/*
12 ADVP-LOC:  12 ADVP-LOC, 13 *T*-1
*/

( (IP-MAT (CONJ and)
	  (ADVP-LOC (CP-FRL (WADVP-1 (ADV +ter))
			    (C 0)
			    (IP-SUB (ADVP-LOC *T*-1)
				    (NP-SBJ (PRO I))
				    (BED was)
				    (ADVP (ADV custummablely))
				    (ADVP (ADV alto-gydere))
				    (VAN y-vsed)
				    (PP (P to)
					(NP (N vnclennesse))))))
	  (, ,)
	  (NP-SBJ (PRO he))
	  (VBD drow)
	  (NP-OB1 (PRO me))
	  (ADVP-DIR (P awey)
		    (ADVP (ADV +tens)))
	  (PP (P +torou+g)
	      (NP (N sauour)
		  (CONJ and)
		  (N tast)
		  (PP (P of)
		      (NP (ADJ inwarde) (ADJ gostly) (N swetnesse)))))
	  (. ,))
  (ID CMAELR3,53.869))

/~*
A, suster, where is he mor fortunat +tat wit esy and softe wedur brynkt his
schip saaf and sound to +te hauene, ful of marchaundise and of richesse, or
elles he +tat in wylde wawes and in greet tempest alto-breket his vessel, and
vnne+te naked and quakynge asschape+t to lond alyve?
(CMAELR3,54.883)
*~/
/*
15 ADVP-LOC:  15 ADVP-LOC, 16 *T*-1
*/

( (CP-QUE (INTJ A)
	  (, ,)
	  (NP-VOC (N suster))
	  (, ,)
	  (WADVP-1 (WADV where))
	  (IP-SUB (ADVP-LOC *T*-1)
		  (BEP is)
		  (NP-SBJ (NP (PRO he)
			      (CP-REL *ICH*-2))
			  (CONJP *ICH*-4))
		  (ADJP (QR mor) (ADJ fortunat))
		  (CP-REL-2 (WNP-3 0)
			    (C +tat)
			    (IP-SUB (NP-SBJ *T*-3)
				    (PP (P wit)
					(NP (ADJP (ADJ esy) (CONJ and) (ADJ softe))
					    (N wedur)))
				    (VBP brynkt)
				    (NP-OB1 (PRO$ his) (N schip))
				    (ADVP (ADV saaf) (CONJ and) (ADV sound))
				    (PP (P to)
					(NP (D +te) (N hauene)))
				    (, ,)
				    (ADJP-SPR (ADJ ful)
					      (PP (PP (P of)
						      (NP (N marchaundise)))
						  (CONJP (CONJ and)
							 (PP (P of)
							     (NP (N richesse))))))))
		  (, ,)
		  (CONJP-4 (CONJ or)
			   (ELSE elles)
			   (NP (PRO he)
			       (CP-REL (WNP-5 0)
				       (C +tat)
				       (IP-SUB (IP-SUB (NP-SBJ *T*-5)
						       (PP (PP (P in)
							       (NP (ADJ wylde) (NS wawes)))
							   (CONJP (CONJ and)
								  (PP (P in)
								      (NP (ADJ greet) (N tempest)))))
						       (Q+VBP alto-breket)
						       (NP-OB1 (PRO$ his) (N vessel)))
					       (, ,)
					       (CONJP (CONJ and)
						      (IP-SUB (NP-SBJ *T*-5)
							      (ADVP (ADV vnne+te))
							      (ADJP-SPR (ADJ naked) (CONJ and) (VAG quakynge))
							      (VBP asschape+t)
							      (PP (P to)
								  (NP (N lond)))
							      (PP (P+N alyve)))))))))
	  (. ?))
  (ID CMAELR3,54.883))

/~*
Alle +tyse be+tenk +te of inwardly in +tyn herte, +tat al +tyn affeccioun and
al +ty loue mowe be turned to hym alone.
(CMAELR3,55.903)
*~/
/*
17 ADVP-LOC:  17 ADVP-LOC, 19 inwardly
*/

( (IP-IMP (NP-1 (Q Alle) (D +tyse))
	  (VBI be+tenk)
	  (NP-OB2 (PRO +te))
	  (PP (P of)
	      (NP *ICH*-1))
	  (ADVP-LOC (ADV inwardly))
	  (PP (P in)
	      (NP (PRO$ +tyn) (CODE <P_55>) (N herte)))
	  (, ,)
	  (CP-ADV (C +tat)
		  (IP-SUB (NP-SBJ (NP (Q al) (PRO$ +tyn) (N affeccioun))
				  (CONJP (CONJ and)
					 (NP (Q al) (PRO$ +ty) (N loue))))
			  (MD mowe)
			  (BE be)
			  (VAN turned)
			  (PP (P to)
			      (NP (PRO hym) (FP alone)))))
	  (. .))
  (ID CMAELR3,55.903))

/~*
and +tu +tat hast iset al +ty purpos on God and on +too +tat be+t in euene and
lyue+t +tere wit God, +tenk as +tei+g +tu nere not in +te wordle.
(CMAELR3,55.906)
*~/
/*
67 ADVP-LOC:  67 ADVP-LOC, 69 +tere
*/

( (IP-IMP (CONJ and)
	  (NP-VOC (PRO +tu)
		  (CP-REL (WNP-1 0)
			  (C +tat)
			  (IP-SUB (NP-SBJ *T*-1)
				  (HVP hast)
				  (VBN iset)
				  (NP-OB1 (Q al) (PRO$ +ty) (N purpos))
				  (PP (PP (P on)
					  (NP (NPR God)))
				      (CONJP (CONJ and)
					     (PP (P on)
						 (NP (D +too)
						     (CP-REL (WNP-2 0)
							     (C +tat)
							     (IP-SUB (IP-SUB (NP-SBJ *T*-2)
									     (BEP be+t)
									     (PP (P in)
										 (NP (NPR euene))))
								     (CONJP (CONJ and)
									    (IP-SUB (NP-SBJ *T*-2)
										    (VBP lyue+t)
										    (ADVP-LOC (ADV +tere))
										    (PP (P wit)
											(NP (NPR God))))))))))))))
	  (, ,)
	  (VBI +tenk)
	  (PP (P as)
	      (PP (P +tei+g)
		  (CP-ADV (C 0)
			  (IP-SUB (NP-SBJ (PRO +tu))
				  (NEG+BED nere)
				  (NEG not)
				  (PP (P in)
				      (NP (D +te) (N wordle)))))))
	  (. .))
  (ID CMAELR3,55.906))

/~*
'+Ter +tat is +ty tresour, let +ter be +tyn herte'.
(CMAELR3,55.908)
*~/
/*
13 ADVP-LOC:  13 ADVP-LOC, 14 *T*-1
27 ADVP-LOC:  27 ADVP-LOC, 29 +ter
*/

( (IP-IMP (' ')
	  (ADVP-LOC (ADV +Ter)
		    (CP-REL (WADVP-1 0)
			    (C +tat)
			    (IP-SUB (ADVP-LOC *T*-1)
				    (BEP is)
				    (NP-SBJ (PRO$ +ty) (N tresour)))))
	  (, ,)
	  (VBI let)
	  (IP-INF (ADVP-LOC (ADV +ter))
		  (BE be)
		  (NP-SBJ (PRO$ +tyn) (N herte)))
	  (' ')
	  (. .))
  (ID CMAELR3,55.908))

/~*
And certes, he is a glorious kyng and deye+t in ioye, what so euere he be, to
whos dee+t be+t angeles present, to whos laste slep holy halwen hi+get+t to
and, +gyvyngge help as to here cyteseyn of heuene and mynystryngge hertly
confort, fi+gte+t for hym a+gens his enemys, caste+t adoun his wi+tstonderes
and scharply conuicte+t his accousours, bryngyngge his soule euene to
Abrahames bosum and to +te si+gt of God, +ter +tat he schal abyden in reste,
pees and li+gt.
(CMAELR3,56.948)
*~/
/*
254 ADVP-LOC:  254 ADVP-LOC, 255 *T*-8
*/

( (IP-MAT-1 (CONJ And)
	    (ADVP (ADV certes))
	    (, ,)
	    (NP-SBJ (PRO he)
		    (CP-REL *ICH*-3)
		    (CP-REL *ICH*-6))
	    (BEP is)
	    (NP-OB1 (D a) (ADJ glorious) (N kyng))
	    (IP-MAT-PRN=1 (CONJ and)
			  (VBP deye+t)
			  (PP (P in)
			      (NP (N ioye))))
	    (, ,)
	    (NP-ADV (CP-FRL (WNP-2 (WPRO what) (ADV so) (ADV euere))
			    (C 0)
			    (IP-SUB (NP-OB1 *T*-2)
				    (NP-SBJ (PRO he))
				    (BEP be))))
	    (, ,)
	    (CP-REL-3 (WPP-4 (P to)
			     (WNP (WPRO$ whos) (N dee+t)))
		      (C 0)
		      (IP-SUB (PP *T*-4)
			      (NP-SBJ-5 *exp*)
			      (BEP be+t)
			      (NP-5 (NS angeles))
			      (ADJP (ADJ present))))
	    (, ,)
	    (CP-REL-6 (WPP-7 (P to)
			     (WNP (WPRO$ whos) (ADJ laste) (N slep)))
		      (C 0)
		      (IP-SUB (IP-SUB (NP-SBJ (ADJ holy) (NS halwen))
				      (VBP hi+get+t)
				      (PP (P to)
					  (PP *T*-7)))
			      (CONJP (CONJ and)
				     (, ,)
				     (IP-SUB (PP *T*-7)
					     (NP-SBJ *con*)
					     (IP-PPL (IP-PPL (VAG +gyvyngge)
							     (NP-OB1 (N help))
							     (PP (P as)
								 (PP (P to)
								     (NP (PRO$ here)
									 (N cyteseyn)
									 (PP (P of)
									     (NP (NPR heuene)))))))
						     (CONJP (CONJ and)
							    (IP-PPL (VAG mynystryngge)
								    (NP-OB1 (ADJ hertly) (N confort)))))
					     (, ,)
					     (VBP fi+gte+t)
					     (PP (P for)
						 (NP (PRO hym)))
					     (PP (P a+gens)
						 (NP (PRO$ his) (NS enemys)))))
			      (, ,)
			      (CONJP (IP-SUB (NP-SBJ *con*)
					     (VBP caste+t)
					     (PP (P+RP adoun))
					     (NP-OB1 (PRO$ his) (NS wi+tstonderes))))
			      (CONJP (CONJ and)
				     (IP-SUB (NP-SBJ *con*)
					     (ADVP (ADV scharply))
					     (VBP conuicte+t)
					     (NP-OB1 (PRO$ his) (NS accousours))
					     (, ,)
					     (IP-PPL (VAG bryngyngge)
						     (NP-OB1 (PRO$ his) (N soule))
						     (PP (PP (FP euene)
							     (P to)
							     (NP (NPR$ Abrahames) (N bosum)))
							 (CONJP (CONJ and)
								(PP (P to)
								    (NP (D +te)
									(N si+gt)
									(PP (P of)
									    (NP (NPR God))))))
							 (, ,)
							 (CP-REL (WADVP-8 (ADV +ter))
								 (C +tat)
								 (IP-SUB (ADVP-LOC *T*-8)
									 (NP-SBJ (PRO he))
									 (MD schal)
									 (VB abyden)
									 (PP (P in)
									     (NP (N reste) (, ,) (N pees) (CONJ and) (N li+gt)))))))))))
	    (. .))
  (ID CMAELR3,56.948))

/~*
A, suster, wat stench is $ter +ter,
(CMAELR3,57.977)
*~/
/*
24 ADVP-LOC:  24 ADVP-LOC, 26 +ter
*/

( (CP-QUE (INTJ A)
	  (, ,)
	  (NP-VOC (N suster))
	  (, ,)
	  (WNP-1 (WD wat) (N stench))
	  (IP-SUB (NP-2 *T*-1)
		  (BEP is)
		  (NP-SBJ-2 (EX $ter))
		  (ADVP-LOC (ADV +ter)))
	  (. ,))
  (ID CMAELR3,57.977))

/~*
A-cursede coniones stande+t +ter gryntyngge wit tee+t, al naked to here bare
brest orrible in si+gt, deformed in face, al irebuked in confusioun and schame
for nakednesse and fowlnesse of here body.
(CMAELR3,57.979)
*~/
/*
9 ADVP-LOC:  9 ADVP-LOC, 11 +ter
*/

( (IP-MAT (NP-SBJ (VAN A-cursede) (NS coniones))
	  (VBP stande+t)
	  (ADVP-LOC (ADV +ter))
	  (IP-PPL (VAG gryntyngge)
		  (PP (P wit)
		      (NP (N tee+t))))
	  (, ,)
	  (ADJP-SPR (ADJP (Q al)
			  (ADJ naked)
			  (PP (P to)
			      (NP (PRO$ here) (ADJ bare) (N brest))))
		    (CONJP (ADJP (ADJ orrible)
				 (PP (P in)
				     (NP (N si+gt)))))
		    (, ,)
		    (CONJP (ADJP (VAN deformed)
				 (PP (P in)
				     (NP (N face)))))
		    (, ,)
		    (CONJP (ADJP (Q al)
				 (VAN irebuked)
				 (PP (P in)
				     (NP (N confusioun) (CONJ and) (N schame)))
				 (PP (P for)
				     (NP (N nakednesse)
					 (CONJ and)
					 (N fowlnesse)
					 (PP (P of)
					     (NP (PRO$ here) (N body))))))))
	  (. .))
  (ID CMAELR3,57.979))

/~*
And whan +tey be+t itake awey and departid otterlyche fro +te blisse of God,
and ri+gtwyse men after heere degree and heere meryt be+t iput in among +te
ordres of holy angeles; +tanne +tannys let +tilke gloriouse processioun go
for+t in-to +te he+ge Ierusalem, +te cite euerlastyngge of heuene, Crist
hym-self as oure verrey heed goynge to-fore, and alle his blisful menbres
folwynge after.
(CMAELR3,58.1016)
*~/
/*
166 ADVP-LOC:  166 ADVP-LOC, 168 to-fore
186 ADVP-LOC:  186 ADVP-LOC, 188 after
*/

( (IP-IMP (CONJ And)
	  (PP (P whan)
	      (CP-ADV (C 0)
		      (IP-SUB (IP-SUB (IP-SUB-1 (NP-SBJ (PRO +tey))
						(BEP be+t)
						(VAN itake)
						(ADVP-DIR (ADV awey)))
				      (CONJP (CONJ and)
					     (IP-SUB=1 (VAN departid)
						       (ADVP (ADV otterlyche))
						       (PP (P fro)
							   (NP (D +te)
							       (N blisse)
							       (PP (P of)
								   (NP (NPR God))))))))
			      (, ,)
			      (CONJP (CONJ and)
				     (IP-SUB (NP-SBJ (ADJ ri+gtwyse) (NS men))
					     (PP (P after)
						 (NP (NP (PRO$ heere) (N degree))
						     (CONJP (CONJ and)
							    (NP (PRO$ heere) (N meryt)))))
					     (BEP be+t)
					     (VAN iput)
					     (PP (RP in)
						 (P among)
						 (NP (D +te)
						     (NS ordres)
						     (PP (P of)
							 (NP (ADJ holy) (NS angeles))))))))))
	  (, ;)
	  (ADVP-TMP (ADV +tanne))
	  (ADVP-DIR (ADV +tannys))
	  (VBI let)
	  (IP-INF (NP-SBJ (D+ADJ +tilke) (ADJ gloriouse) (N processioun))
		  (VB go)
		  (ADVP-DIR (ADV for+t))
		  (PP (P in-to)
		      (NP (D +te)
			  (ADJ he+ge)
			  (NPR Ierusalem)
			  (, ,)
			  (NP-PRN (D +te)
				  (N cite)
				  (ADV+VAG euerlastyngge)
				  (PP (P of)
				      (NP (NPR heuene)))))))
	  (, ,)
	  (IP-ABS (IP-ABS (NP-SBJ (NPR Crist)
				  (NP-PRN (PRO+N hym-self)))
			  (PP (P as)
			      (NP (PRO$ oure) (ADJ verrey) (N heed)))
			  (VAG goynge)
			  (ADVP-LOC (ADV to-fore)))
		  (, ,)
		  (CONJP (CONJ and)
			 (IP-ABS (NP-SBJ (Q alle) (PRO$ his) (ADJ blisful) (NS menbres))
				 (VAG folwynge)
				 (ADVP-LOC (ADV after)))))
	  (. .))
  (ID CMAELR3,58.1016))

/~*
+Te staat of +tat realme may not hiere be fully +tou+gt, and muche more no+ter
seyd ne wryten in book.
(CMAELR3,58.1018)
*~/
/*
20 ADVP-LOC:  20 ADVP-LOC, 22 hiere
*/

( (IP-MAT (IP-MAT-1 (NP-SBJ (D +Te)
			    (N staat)
			    (PP (P of)
				(NP (D +tat) (N realme))))
		    (MD may)
		    (NEG not)
		    (ADVP-LOC (ADV hiere))
		    (BE be)
		    (ADVP (ADV fully))
		    (VAN +tou+gt))
	  (, ,)
	  (CONJP (CONJ and)
		 (IP-MAT=1 (NP-MSR (QP (Q muche) (QR more)))
			   (VAN (CONJ no+ter) (VAN seyd) (CONJ ne) (VAN wryten))
			   (PP (P in)
			       (NP (N book)))))
	  (. .))
  (ID CMAELR3,58.1018))

/~*
+Ter +tat noon of alle +tyse +tynges be+t, what may +ter be bote parfyt ioye,
parfit mur+te, parfit tranquillite, parfit surtee, most parfit loue and
charite, parfit rychesse, parfit fayrnesse, parfit reste, parfit strencthe,
parfit hele, and parfit si+gt of +te face of God; and in +tyse,
euere-lastyngge, abydyngge and euere-durynge lyf.
(CMAELR3,59.1023)
*~/
/*
11 ADVP-LOC:  11 ADVP-LOC, 12 *T*-1
*/

( (CP-QUE (ADVP (ADV +Ter)
		(CP-REL (WADVP-1 0)
			(C +tat)
			(IP-SUB (ADVP-LOC *T*-1)
				(NP-SBJ (Q noon)
					(PP (P of)
					    (NP (Q alle) (D +tyse) (NS +tynges))))
				(BEP be+t))))
	  (, ,)
	  (WNP-2 (WPRO what)
		 (PP *ICH*-5))
	  (IP-SUB (IP-SUB-3 (NP-4 *T*-2)
			    (MD may)
			    (NP-SBJ-4 (EX +ter))
			    (BE be)
			    (PP-5 (P bote)
				  (NP (NP (ADJ parfyt) (N ioye))
				      (, ,)
				      (CONJP (NP (ADJ parfit) (N mur+te)))
				      (, ,)
				      (CONJP (NP (ADJ parfit) (N tranquillite) (, ,)))
				      (CONJP (NP (ADJ parfit) (N surtee)))
				      (, ,)
				      (CONJP (NP (ADJP (QS most) (ADJ parfit))
						 (N loue)
						 (CONJP (CONJ and)
							(NX (N charite)))))
				      (, ,)
				      (CONJP (NP (ADJ parfit) (N rychesse)))
				      (, ,)
				      (CONJP (NP (ADJ parfit) (N fayrnesse)))
				      (, ,)
				      (CONJP (NP (ADJ parfit) (N reste)))
				      (, ,)
				      (CONJP (NP (ADJ parfit) (N strencthe)))
				      (, ,)
				      (CONJP (NP (ADJ parfit) (N hele)))
				      (, ,)
				      (CONJP (CONJ and)
					     (NP (ADJ parfit)
						 (N si+gt)
						 (PP (P of)
						     (NP (D +te)
							 (N face)
							 (PP (P of)
							     (NP (NPR God))))))))))
		  (, ;)
		  (CONJP (CONJ and)
			 (IP-SUB=3 (PP (P in)
				       (NP (D +tyse)))
				   (, ,)
				   (NP (ADJP (ADV+VAG euere-lastyngge) (, ,) (N abydyngge) (CONJ and) (ADV+VAG euere-durynge))
				       (N lyf)))))
	  (. .))
  (ID CMAELR3,59.1023))

/~*
+Ter schal be seye +tanne +te Fader in +te Sone, +te Sone in +te Fader, and
+te Holy Gost in hem bo+te.
(CMAELR3,59.1028)
*~/
/*
3 ADVP-LOC:  3 ADVP-LOC, 5 +Ter
*/

( (IP-MAT (IP-MAT-1 (ADVP-LOC (ADV +Ter))
		    (MD schal)
		    (BE be)
		    (VAN seye)
		    (ADVP-TMP (ADV +tanne))
		    (NP-SBJ (D +te) (NPR Fader))
		    (PP (P in)
			(NP (D +te) (NPR Sone))))
	  (, ,)
	  (CONJP (IP-MAT=1 (NP-SBJ (D +te) (NPR Sone))
			   (PP (P in)
			       (NP (D +te) (NPR Fader)))))
	  (, ,)
	  (CONJP (CONJ and)
		 (IP-MAT=1 (NP-SBJ (D +te) (NPR Holy) (NPR Gost))
			   (PP (P in)
			       (NP (PRO hem)
				   (QP (Q bo+te))))))
	  (. .))
  (ID CMAELR3,59.1028))

/~*
+Ter God vre creatour schal be seye not in a myrour or in derknesse, bote face
to face, as +te gospel sey+t.
(CMAELR3,59.1029)
*~/
/*
2 ADVP-LOC:  2 ADVP-LOC, 4 +Ter
*/

( (IP-MAT (ADVP-LOC (ADV +Ter))
	  (NP-SBJ (NPR God)
		  (NP-PRN (PRO$ vre) (N creatour)))
	  (MD schal)
	  (BE be)
	  (VAN seye)
	  (PP (PP (NEG not)
		  (PP (P in)
		      (NP (D a) (N myrour)))
		  (CONJP (CONJ or)
			 (PP (P in)
			     (NP (N derknesse)))))
	      (, ,)
	      (CONJP (CONJ bote)
		     (NP (N face)
			 (PP (P to)
			     (NP (N face))))))
	  (, ,)
	  (PP-PRN (P as)
		  (CP-ADV (WNP-1 0)
			  (C 0)
			  (IP-SUB (NP-OB1 *T*-1)
				  (NP-SBJ (D +te) (LB |) (N gospel))
				  (VBP sey+t))))
	  (. .))
  (ID CMAELR3,59.1029))

/~*
+Ter God schal be seye as he is, whanne +tat byheste schal be fulfeld +tat
hym-self sai+t in +te gospel:
(CMAELR3,59.1030)
*~/
/*
2 ADVP-LOC:  2 ADVP-LOC, 4 +Ter
*/

( (IP-MAT (ADVP-LOC (ADV +Ter))
	  (NP-SBJ (NPR God))
	  (MD schal)
	  (BE be)
	  (VAN seye)
	  (PP (P as)
	      (CP-ADV (WADVP-1 0)
		      (C 0)
		      (IP-SUB (ADVP *T*-1)
			      (NP-SBJ (PRO he))
			      (BEP is))))
	  (, ,)
	  (PP (P whanne)
	      (CP-ADV (C 0)
		      (IP-SUB (NP-SBJ (D +tat)
				      (N byheste)
				      (CP-REL *ICH*-2))
			      (MD schal)
			      (BE be)
			      (VAN fulfeld)
			      (CP-REL-2 (WNP-3 0)
					(C +tat)
					(IP-SUB (NP-OB1 *T*-3)
						(NP-SBJ (PRO+N hym-self))
						(VBP sai+t)
						(PP (P in)
						    (NP (D +te) (NPR gospel))))))))
	  (. :))
  (ID CMAELR3,59.1030))
/*
FOOTER
  source file, hits/tokens/total
  C:\Users\Shoo\Dropbox\workspace\CorpusSearch_Auto\data\corporas\PPCME2\temp1492106398658\rules_charters_wills_laws_ecclesiastical_laws_and_proceedingstrials\cmaelr3.m23.psd	69/60/1054
*/
/*
HEADER:
source file:  C:\Users\Shoo\Dropbox\workspace\CorpusSearch_Auto\data\corporas\PPCME2\temp1492106398658\rules_charters_wills_laws_ecclesiastical_laws_and_proceedingstrials\cmbenrul.m3.psd
*/

/~*
Or +tat +ge calle to me, I sal saie: I es here. "
(CMBENRUL,2.28)
*~/
/*
37 ADVP-LOC:  37 ADVP-LOC, 39 here
*/

( (IP-MAT-SPE (PP (P Or)
		  (CP-ADV-SPE (C +tat)
			      (IP-SUB-SPE (NP-SBJ (PRO +ge))
					  (VBP calle)
					  (PP (P to)
					      (NP (PRO me))))))
	      (, ,)
	      (NP-SBJ (PRO I))
	      (MD sal)
	      (VB saie)
	      (, :)
	      (IP-MAT-SPE (NP-SBJ (PRO I))
			  (BEP es)
			  (ADVP-LOC (ADV here)))
	      (. .)
	      (" "))
  (ID CMBENRUL,2.28))

/~*
and sais +tat we sal belt us wid chastiment, riht trouz +tat ye haue wid gode
dede, +tat tu belte +tine lendis sua, and +tat tine fete be shod in riht gate,
Als +te gospel tellis, in his tretes +tat +tu ga, til his rengne +tat +tu may
cume, +tare hise frendis sal euir be, +tat here hauis wele wroht.
(CMBENRUL,2.38)
*~/
/*
176 ADVP-LOC:  176 ADVP-LOC, 177 *T*-6
202 ADVP-LOC:  202 ADVP-LOC, 204 here
*/

( (IP-MAT (CONJ and)
	  (NP-SBJ *con*)
	  (VBP sais)
	  (CP-THT (CP-THT (C +tat)
			  (IP-SUB (NP-SBJ (PRO we))
				  (MD sal)
				  (VB belt)
				  (NP-OB1 (PRO us))
				  (PP (P wid)
				      (NP (N chastiment)))
				  (, ,)
				  (CP-ADV (NP-1 (ADV riht) (N trouz))
					  (C +tat)
					  (IP-SUB (NP-OB1 *ICH*-1)
						  (NP-SBJ (PRO ye))
						  (HVP haue)
						  (PP (P wid)
						      (NP (ADJ gode) (N dede)))))))
		  (, ,)
		  (CONJP (CP-THT (C +tat)
				 (IP-SUB (NP-SBJ (PRO tu))
					 (VBP belte)
					 (NP-OB1 (PRO$ +tine) (NS lendis))
					 (ADVP (ADV sua)))))
		  (, ,)
		  (CONJP (CONJ and)
			 (CP-THT (C +tat)
				 (IP-SUB (NP-SBJ (PRO$ tine) (NS fete))
					 (BEP be)
					 (VAN shod)
					 (PP (P in)
					     (NP (ADJ riht) (N gate)))
					 (, ,)
					 (PP-PRN (P Als)
						 (CP-ADV (WNP-2 0)
							 (C 0)
							 (IP-SUB (NP-OB1 *T*-2)
								 (NP-SBJ (D +te) (NPR gospel))
								 (VBP tellis))))
					 (, ,)
					 (CP-ADV (PP-3 (P in)
						       (NP (PRO$ his) (NS tretes)))
						 (C +tat)
						 (IP-SUB (PP *ICH*-3)
							 (NP-SBJ (PRO +tu))
							 (VBP ga)
							 (, ,)
							 (CP-ADV (PP-4 (P til)
								       (NP (PRO$ his)
									   (N rengne)
									   (CP-REL *ICH*-5)))
								 (C +tat)
								 (IP-SUB (PP *ICH*-4)
									 (NP-SBJ (PRO +tu))
									 (MD may)
									 (VB cume)
									 (, ,)
									 (CP-REL-5 (WADVP-6 (ADV +tare))
										   (C 0)
										   (IP-SUB (ADVP-LOC *T*-6)
											   (NP-SBJ (PRO$ hise)
												   (NS frendis)
												   (CP-REL *ICH*-7))
											   (MD sal)
											   (ADVP-TMP (ADV euir))
											   (BE be)
											   (, ,)
											   (CP-REL-7 (WNP-8 0)
												     (C +tat)
												     (IP-SUB (NP-SBJ *T*-8)
													     (ADVP-LOC (ADV here))
													     (HVP hauis)
													     (ADVP (ADV wele))
													     (VBN wroht)))))))))))))
	  (. .))
  (ID CMBENRUL,2.38))

/~*
+Te sufferans may +tu noht wite of god her witerlike, +tat he to +te hauis don?
"
(CMBENRUL,3.70)
*~/
/*
26 ADVP-LOC:  26 ADVP-LOC, 28 her
*/

( (IP-MAT-SPE (NP-OB1 (D +Te)
		      (N sufferans)
		      (PP *ICH*-1)
		      (CP-REL-SPE *ICH*-2))
	      (MD may)
	      (NP-SBJ (PRO +tu))
	      (NEG noht)
	      (VB wite)
	      (PP-1 (P of)
		    (NP (NPR god)))
	      (ADVP-LOC (ADV her))
	      (ADVP (ADV witerlike))
	      (, ,)
	      (CP-REL-SPE-2 (WNP-3 0)
			    (C +tat)
			    (IP-SUB-SPE (NP-OB1 *T*-3)
					(NP-SBJ (PRO he))
					(PP (P to)
					    (NP (PRO +te)))
					(HVP hauis)
					(DON don)))
	      (. ?)
	      (" "))
  (ID CMBENRUL,3.70))

/~*
lord, for +ti mercy +tu gif us grace +tare at be.
(CMBENRUL,3.73)
*~/
/*
27 ADVP-LOC:  27 ADVP-LOC, 29 +tare
*/

( (IP-MAT (NP-VOC (NPR lord))
	  (, ,)
	  (PP (P for)
	      (NP (PRO$ +ti) (N mercy)))
	  (NP-SBJ (PRO +tu))
	  (VBP gif)
	  (NP-OB2 (PRO us))
	  (NP-OB1 (N grace)
		  (IP-INF (ADVP-LOC (ADV +tare))
			  (TO at)
			  (VB be)))
	  (. .))
  (ID CMBENRUL,3.73))

/~*
bot a stresce will I make in mendnis of +goure sinne, And for to yeme charite,
+tat +ter nan iuil lares by-gynne, Bot +tat haly kirke +gow lokis.
(CMBENRUL,4.86)
*~/
/*
52 ADVP-LOC:  52 ADVP-LOC, 54 +ter
*/

( (IP-MAT (CONJ bot)
	  (NP-OB1 (D a) (N stresce))
	  (MD will)
	  (NP-SBJ (PRO I))
	  (VB make)
	  (PP (PP (P in)
		  (NP (N mendnis)
		      (PP (P of)
			  (NP (PRO$ +goure) (N sinne)))))
	      (, ,)
	      (CONJP (CONJ And)
		     (IP-INF-PRP (FOR for)
				 (TO to)
				 (VB yeme)
				 (NP-OB1 (N charite)))))
	  (, ,)
	  (CP-ADV (C +tat)
		  (IP-SUB (ADVP-LOC (ADV +ter))
			  (NP-SBJ (Q nan))
			  (NP-OB1 (ADJ iuil) (NS lares))
			  (VBP by-gynne)
			  (, ,)
			  (PP (P Bot)
			      (CP-ADV (C +tat)
				      (IP-SUB (NP-SBJ (ADJ haly) (NPR kirke))
					      (NP-OB1 (PRO +gow))
					      (VBP lokis))))))
	  (. .))
  (ID CMBENRUL,4.86))

/~*
+Tat here liuis in clene scrift and in paine, +tai sall haue part wid him.
(CMBENRUL,4.92)
*~/
/*
11 ADVP-LOC:  11 ADVP-LOC, 13 here
*/

( (IP-MAT (NP-LFD (CP-FRL (WNP-1 0)
			  (C +Tat)
			  (IP-SUB (NP-SBJ *T*-1)
				  (ADVP-LOC (ADV here))
				  (VBP liuis)
				  (PP (PP (P in)
					  (NP (ADJ clene) (N scrift)))
				      (CONJP (CONJ and)
					     (PP (P in)
						 (NP (N paine))))))))
	  (, ,)
	  (NP-SBJ-RSP (PRO +tai))
	  (MD sall)
	  (HV haue)
	  (NP-OB1 (N part))
	  (PP (P wid)
	      (NP (PRO him)))
	  (. .))
  (ID CMBENRUL,4.92))

/~*
+tare forgat tu +te.
(CMBENRUL,5.155)
*~/
/*
2 ADVP-LOC:  2 ADVP-LOC, 4 +tare
*/

( (IP-MAT-SPE (ADVP-LOC (ADV +tare))
	      (VBD forgat)
	      (NP-SBJ (PRO tu))
	      (NP-OB1 (PRO +te))
	      (. .))
  (ID CMBENRUL,5.155))

/~*
+Tar es priue cunsale be at do, +te alde sal sho calle +tar-to;
(CMBENRUL,8.235)
*~/
/*
11 ADVP-LOC:  11 ADVP-LOC, 12 *T*-1
*/

( (IP-MAT (ADVP-LOC (ADV +Tar)
		    (CP-REL (WADVP-1 0)
			    (C es)
			    (IP-SUB (ADVP-LOC *T*-1)
				    (NP-SBJ-2 (ADJ priue) (N cunsale))
				    (BEP be)
				    (IP-INF (NP-OB1 *-2)
					    (TO at)
					    (DO do)))))
	  (, ,)
	  (NP-OB1 (D +te) (ADJ alde))
	  (MD sal)
	  (NP-SBJ (PRO sho))
	  (VB calle)
	  (PP (ADV+P +tar-to))
	  (. ;))
  (ID CMBENRUL,8.235))

/~*
and do yure miht +tar-to, +tat ye may fle +te fir of helle and cum til
heuin-rike; +tare es faire at be.
(CMBENRUL,9.313)
*~/
/*
68 ADVP-LOC:  68 ADVP-LOC, 69 *T*-2
*/

( (IP-IMP (CONJ and)
	  (DOI do)
	  (NP-OB1 (PRO$ yure) (N miht))
	  (PP (ADV+P +tar-to))
	  (, ,)
	  (CP-ADV (C +tat)
		  (IP-SUB (IP-SUB-1 (NP-SBJ (PRO ye))
				    (MD may)
				    (VB fle)
				    (NP-OB1 (D +te)
					    (N fir)
					    (PP (P of)
						(NP (NPR helle)))))
			  (CONJP (CONJ and)
				 (IP-SUB=1 (VB cum)
					   (PP (P til)
					       (NP (NPR+N heuin-rike)
						   (, ;)
						   (CP-REL (WADVP-2 (ADV +tare))
							   (C 0)
							   (IP-SUB (NP-SBJ-3 *exp*)
								   (BEP es)
								   (ADJP (ADJ faire))
								   (IP-INF-3 (ADVP-LOC *T*-2)
									     (TO at)
									     (BE be))))))))))
	  (. .))
  (ID CMBENRUL,9.313))

/~*
he saz gode wid his angels cume dune and vp in +te stede +tare he lay.
(CMBENRUL,11.379)
*~/
/*
43 ADVP-LOC:  43 ADVP-LOC, 44 *T*-1
*/

( (IP-MAT (NP-SBJ (PRO he))
	  (VBP saz)
	  (IP-INF (NP-SBJ (NPR gode)
			  (PP (P wid)
			      (NP (PRO$ his) (NS angels))))
		  (VB cume)
		  (RP (RP dune) (CONJ and) (RP vp))
		  (PP (P in)
		      (NP (D +te)
			  (N stede)
			  (CP-REL (WADVP-1 (ADV +tare))
				  (C 0)
				  (IP-SUB (ADVP-LOC *T*-1)
					  (NP-SBJ (PRO he))
					  (VBD lay))))))
	  (. .))
  (ID CMBENRUL,11.379))

/~*
yef ye wil se to mekenes, +tare sal ye be hezed, and gang vp wid +tat stize.
(CMBENRUL,11.380)
*~/
/*
25 ADVP-LOC:  25 ADVP-LOC, 27 +tare
*/

( (IP-MAT (IP-MAT-1 (PP (P yef)
			(CP-ADV (C 0)
				(IP-SUB (NP-SBJ (PRO ye))
					(MD wil)
					(VB se)
					(PP (P to)
					    (NP (N mekenes))))))
		    (, ,)
		    (ADVP-LOC (ADV +tare))
		    (MD sal)
		    (NP-SBJ (PRO ye))
		    (BE be)
		    (VAN hezed))
	  (, ,)
	  (CONJP (CONJ and)
		 (IP-MAT=1 (VB gang)
			   (RP vp)
			   (PP (P wid)
			       (NP (D +tat) (N stize)))))
	  (. .))
  (ID CMBENRUL,11.380))

/~*
+Te stize betakins vre lif here.
(CMBENRUL,11.382)
*~/
/*
14 ADVP-LOC:  14 ADVP-LOC, 16 here
*/

( (IP-MAT (NP-SBJ (D +Te) (N stize))
	  (VBP betakins)
	  (NP-OB1 (PRO$ vre)
		  (N lif)
		  (ADVP-LOC (ADV here)))
	  (. .))
  (ID CMBENRUL,11.382))

/~*
+te angel +tat here yemis yu dos hym at wit all yure dedis;
(CMBENRUL,12.395)
*~/
/*
15 ADVP-LOC:  15 ADVP-LOC, 17 here
*/

( (IP-MAT (NP-SBJ (D +te)
		  (N angel)
		  (CP-REL (WNP-1 0)
			  (C +tat)
			  (IP-SUB (NP-SBJ *T*-1)
				  (ADVP-LOC (ADV here))
				  (VBP yemis)
				  (NP-OB1 (PRO yu)))))
	  (DOP dos)
	  (IP-INF (NP-SBJ (PRO hym))
		  (TO at)
		  (VB wit)
		  (NP-OB1 (Q all) (PRO$ yure) (NS dedis)))
	  (. ;))
  (ID CMBENRUL,12.395))

/~*
Lauerd, +tu prouis vs here als te siluir +tat es brind;
(CMBENRUL,13.451)
*~/
/*
15 ADVP-LOC:  15 ADVP-LOC, 17 here
*/

( (IP-MAT-SPE (NP-VOC (NPR Lauerd))
	      (, ,)
	      (NP-SBJ (PRO +tu))
	      (VBP prouis)
	      (NP-OB1 (PRO vs))
	      (ADVP-LOC (ADV here))
	      (PP (P als)
		  (NP (D te)
		      (N siluir)
		      (CP-REL-SPE (WNP-1 0)
				  (C +tat)
				  (IP-SUB-SPE (NP-SBJ *T*-1)
					      (BEP es)
					      (VAN brind)))))
	      (. ;))
  (ID CMBENRUL,13.451))

/~*
+tat bytakins, +tai sal liue here bot a while.
(CMBENRUL,13.461)
*~/
/*
20 ADVP-LOC:  20 ADVP-LOC, 22 here
*/

( (IP-MAT (NP-SBJ (D +tat))
	  (VBP bytakins)
	  (, ,)
	  (CP-THT (C 0)
		  (IP-SUB (NP-SBJ (PRO +tai))
			  (MD sal)
			  (VB liue)
			  (ADVP-LOC (ADV here))
			  (NP-MSR (FP bot) (D a) (N while))))
	  (. .))
  (ID CMBENRUL,13.461))

/~*
Sain Benet spekys here,
(CMBENRUL,20.691)
*~/
/*
9 ADVP-LOC:  9 ADVP-LOC, 11 here
*/

( (IP-MAT (NP-SBJ (NPR Sain) (NPR Benet))
	  (VBP spekys)
	  (ADVP-LOC (ADV here))
	  (. ,))
  (ID CMBENRUL,20.691))

/~*
yef +tay wyl noht amende sua, +tai sal be broht by-fore +te cuuent and tare
amende hir faute.
(CMBENRUL,21.710)
*~/
/*
47 ADVP-LOC:  47 ADVP-LOC, 49 tare
*/

( (IP-MAT (IP-MAT-1 (PP (P yef)
			(CP-ADV (C 0)
				(IP-SUB (NP-SBJ (PRO +tay))
					(MD wyl)
					(NEG noht)
					(CODE <P_21>)
					(VB amende)
					(ADVP (ADV sua)))))
		    (, ,)
		    (NP-SBJ (PRO +tai))
		    (MD sal)
		    (BE be)
		    (VAN broht)
		    (PP (P by-fore)
			(NP (D +te) (N cuuent))))
	  (CONJP (CONJ and)
		 (IP-MAT=1 (ADVP-LOC (ADV tare))
			   (VB amende)
			   (NP-OB1 (PRO$ hir) (N faute))))
	  (. .))
  (ID CMBENRUL,21.710))

/~*
Tyl +te nedful sal sho meke hir for in ire sekenes, And noht bere hir heze for
+te helpe +tat god hauis lent hir;
(CMBENRUL,25.857)
*~/
/*
21 ADVP-LOC:  21 ADVP-LOC, 23 for
*/

( (IP-MAT (IP-MAT-1 (PP (P Tyl)
			(NP (D +te) (ADJ nedful)))
		    (MD sal)
		    (NP-SBJ (PRO sho))
		    (VB meke)
		    (NP-OB1 (PRO hir))
		    (ADVP-LOC (ADV for))
		    (PP (P in)
			(NP (PRO$ ire) (N sekenes))))
	  (, ,)
	  (CONJP (CONJ And)
		 (IP-MAT=1 (NEG noht)
			   (VB bere)
			   (IP-SMC (NP-SBJ (PRO hir))
				   (ADJP (ADJ heze)))
			   (PP (P for)
			       (NP (D +te)
				   (N helpe)
				   (CP-REL (WNP-2 0)
					   (C +tat)
					   (IP-SUB (NP-OB1 *T*-2)
						   (NP-SBJ (NPR god))
						   (HVP hauis)
						   (VBN lent)
						   (NP-OB2 (PRO hir))))))))
	  (. ;))
  (ID CMBENRUL,25.857))

/~*
Til barnis sal man noht giue sua mikil als til +talde for to gete mesur ouir
al.
(CMBENRUL,28.939)
*~/
/*
42 ADVP-LOC:  42 ADVP-LOC, 47 al
*/

( (IP-MAT (PP (P Til)
	      (NP (NS barnis)))
	  (MD sal)
	  (NP-SBJ (MAN man))
	  (NEG noht)
	  (VB giue)
	  (NP-OB1 (QP (ADVR sua) (Q mikil))
		  (PP (P als)
		      (PP (P til)
			  (NP (D+ADJ +talde)))))
	  (IP-INF-PRP (FOR for)
		      (TO to)
		      (VB gete)
		      (NP-OB1 (N mesur))
		      (ADVP-LOC (ADV (ADV21 ouir) (ADV22 al))))
	  (. .))
  (ID CMBENRUL,28.939))

/~*
+taire sal sho be til +tabbes giue hir leue at gange intil hir stalle.
(CMBENRUL,30.996)
*~/
/*
2 ADVP-LOC:  2 ADVP-LOC, 4 +taire
*/

( (IP-MAT (ADVP-LOC (ADV +taire))
	  (MD sal)
	  (NP-SBJ (PRO sho))
	  (BE be)
	  (PP (P til)
	      (CP-ADV (C 0)
		      (IP-SUB (NP-SBJ (D+N +tabbes))
			      (VBP giue)
			      (NP-OB2 (PRO hir))
			      (NP-OB1 (N leue)
				      (IP-INF (TO at)
					      (VB gange)
					      (PP (P intil)
						  (NP (PRO$ hir) (N stalle))))))))
	  (. .))
  (ID CMBENRUL,30.996))

/~*
+Tan salle sho site +tar +tabbes cumandis hir, bot noht in hir ordir;
(CMBENRUL,31.1022)
*~/
/*
21 ADVP-LOC:  21 ADVP-LOC, 22 *T*-1
*/

( (IP-MAT (ADVP-TMP (ADV +Tan))
	  (MD salle)
	  (NP-SBJ (PRO sho))
	  (VB site)
	  (ADVP-LOC (ADVP-LOC (CP-FRL (WADVP-1 (ADV +tar))
				      (C 0)
				      (IP-SUB (ADVP-LOC *T*-1)
					      (NP-SBJ (D+N +tabbes))
					      (VBP cumandis)
					      (NP-OB2 (PRO hir)))))
		    (, ,)
		    (CONJP (CONJ bot)
			   (PP (NEG noht)
			       (P in)
			       (NP (PRO$ hir) (N ordir)))))
	  (. ;))
  (ID CMBENRUL,31.1022))

/~*
Eftir "Benedicamus" at ilke vre sal sho take hir veine on knes, whare sum sho
standes in +te quer.
(CMBENRUL,31.1024)
*~/
/*
50 ADVP-LOC:  50 ADVP-LOC, 51 *T*-1
*/

( (IP-MAT (PP (P Eftir)
	      (" ")
	      (NP (NPR Benedicamus)))
	  (" ")
	  (PP (P at)
	      (NP (Q ilke) (N vre)))
	  (MD sal)
	  (NP-SBJ (PRO sho))
	  (VB take)
	  (NP-OB1 (PRO$ hir) (N veine))
	  (PP (P on)
	      (NP (NS knes)))
	  (, ,)
	  (ADVP-LOC (CP-FRL (WADVP-1 (WADV whare) (ADV sum))
			    (C 0)
			    (IP-SUB (ADVP-LOC *T*-1)
				    (NP-SBJ (PRO sho))
				    (VBP standes)
				    (PP (P in)
					(NP (D +te) (N quer))))))
	  (. .))
  (ID CMBENRUL,31.1024))

/~*
At ilke vre, when +tai say "Kirieleison," sal sho take hir veine by-fore +te
auter at te grece, & ligge +tare til +te "Benedicamus" be saide.
(CMBENRUL,31.1027)
*~/
/*
70 ADVP-LOC:  70 ADVP-LOC, 72 +tare
*/

( (IP-MAT (IP-MAT-1 (PP (P At)
			(NP (Q ilke) (N vre)))
		    (, ,)
		    (PP (P when)
			(CP-ADV (C 0)
				(IP-SUB (NP-SBJ (PRO +tai))
					(VBP say)
					(" ")
					(NP-OB1 (NPR Kirieleison)))))
		    (, ,)
		    (" ")
		    (MD sal)
		    (NP-SBJ (PRO sho))
		    (VB take)
		    (NP-OB1 (PRO$ hir) (N veine))
		    (PP (P by-fore)
			(NP (D +te) (N auter)))
		    (PP (P at)
			(NP (D te) (N grece))))
	  (, ,)
	  (CONJP (CONJ &)
		 (IP-MAT=1 (VB ligge)
			   (ADVP-LOC (ADV +tare))
			   (PP (P til)
			       (CP-ADV (C 0)
				       (IP-SUB (NP-SBJ (D +te) (" ") (NPR Benedicamus))
					       (" ")
					       (BEP be)
					       (VAN saide))))))
	  (. .))
  (ID CMBENRUL,31.1027))

/~*
In +tis sentence cumandis sain Benet +tat te sistirs +tat ere in labur fer fra
+te kirke, and mai noht cume in time til +taire vris, +tabbes sal cumaaunde
+taim o +tis maner, +tat whare sam +tai wirke, +tat tay do godis seruise And
taire veinis in +te dute o god.
(CMBENRUL,34.1105)
*~/
/*
118 ADVP-LOC:  118 ADVP-LOC, 119 *T*-3
130 ADVP-LOC:  130 ADVP-LOC, 131 *ICH*-2
*/

( (IP-MAT (PP (P In)
	      (NP (D +tis) (N sentence)))
	  (VBP cumandis)
	  (NP-SBJ (NPR sain) (NPR Benet))
	  (CP-THT (C +tat)
		  (IP-SUB (NP-LFD (D te)
				  (NS sistirs)
				  (CP-REL (WNP-1 0)
					  (C +tat)
					  (IP-SUB (IP-SUB (NP-SBJ *T*-1)
							  (BEP ere)
							  (PP (P in)
							      (NP (N labur)))
							  (ADJP-LOC (ADJ fer)
								    (PP (P fra)
									(NP (D +te) (N kirke)))))
						  (, ,)
						  (CONJP (CONJ and)
							 (IP-SUB (NP-SBJ *T*-1)
								 (MD mai)
								 (NEG noht)
								 (VB cume)
								 (PP (P in)
								     (NP (N time)))
								 (PP (P til)
								     (NP (PRO$ +taire) (NS vris))))))))
			  (, ,)
			  (NP-SBJ (D+N +tabbes))
			  (MD sal)
			  (VB cumaaunde)
			  (NP-OB1-RSP (PRO +taim))
			  (PP (P o)
			      (NP (D +tis) (N maner)))
			  (, ,)
			  (CP-THT (C +tat)
				  (CP-THT (ADVP-LOC-2 (CP-FRL (WADVP-3 (WADV whare) (ADV sam))
							      (C 0)
							      (IP-SUB (ADVP-LOC *T*-3)
								      (NP-SBJ (PRO +tai))
								      (VBP wirke))))
					  (, ,)
					  (C +tat)
					  (IP-SUB (ADVP-LOC *ICH*-2)
						  (NP-SBJ (PRO tay))
						  (DOP do)
						  (NP-OB1 (NP (NPR$ godis) (N seruise))
							  (CONJP (CONJ And)
								 (NP (PRO$ taire) (NS veinis))))
						  (PP (P in)
						      (NP (D +te)
							  (N dute)
							  (PP (P o)
							      (NP (NPR god))))))))))
	  (. .))
  (ID CMBENRUL,34.1105))

/~*
Yef +tai haue mikil at do, man sal finde +tam helpe; And when +tai haue lesse
at do, ga til o+tir laburs, whare sua man cumandis +tam.
(CMBENRUL,35.1147)
*~/
/*
98 ADVP-LOC:  98 ADVP-LOC, 99 *T*-4
*/

( (IP-MAT (IP-MAT-1 (PP (P Yef)
			(CP-ADV (C 0)
				(IP-SUB (NP-SBJ (PRO +tai))
					(HVP haue)
					(NP-OB1 (Q mikil)
						(CP-EOP (WNP-2 0)
							(IP-INF (NP-OB1 *T*-2)
								(TO at)
								(DO do)))))))
		    (, ,)
		    (NP-SBJ (MAN man))
		    (MD sal)
		    (VB finde)
		    (NP-OB2 (PRO +tam))
		    (NP-OB1 (N helpe)))
	  (, ;)
	  (CONJP (CONJ And)
		 (IP-MAT=1 (PP (P when)
			       (CP-ADV (C 0)
				       (IP-SUB (NP-SBJ (PRO +tai))
					       (HVP haue)
					       (NP-OB1 (QR lesse)
						       (CP-EOP (WNP-3 0)
							       (IP-INF (NP-OB1 *T*-3)
								       (TO at)
								       (DO do)))))))
			   (, ,)
			   (VBP ga)
			   (PP (P til)
			       (NP (OTHER o+tir) (NS laburs)))
			   (, ,)
			   (ADVP-LOC (CP-FRL (WADVP-4 (WADV whare) (ADV sua))
					     (C 0)
					     (IP-SUB (ADVP-LOC *T*-4)
						     (NP-SBJ (MAN man))
						     (VBP cumandis)
						     (NP-OB2 (PRO +tam)))))))
	  (. .))
  (ID CMBENRUL,35.1147))

/~*
Yef sho giuis hir leue at recaiue it, In +tabbes pouste salle it be at giue
whare hir +tinke.
(CMBENRUL,36.1160)
*~/
/*
59 ADVP-LOC:  59 ADVP-LOC, 60 *T*-1
*/

( (IP-MAT (PP (P Yef)
	      (CP-ADV (C 0)
		      (IP-SUB (NP-SBJ (PRO sho))
			      (VBP giuis)
			      (NP-OB2 (PRO hir))
			      (NP-OB1 (N leue)
				      (IP-INF (TO at)
					      (VB recaiue)
					      (NP-OB1 (PRO it)))))))
	  (, ,)
	  (PP (P In)
	      (NP (NP-POS (D+N$ +tabbes))
		  (N pouste)))
	  (MD salle)
	  (NP-SBJ (PRO it))
	  (BE be)
	  (IP-INF (TO at)
		  (VB giue)
		  (ADVP-LOC (CP-FRL (WADVP-1 (WADV whare))
				    (C 0)
				    (IP-SUB (ADVP-LOC *T*-1)
					    (NP-SBJ *exp*)
					    (NP-OB2 (PRO hir))
					    (VBP +tinke)))))
	  (. .))
  (ID CMBENRUL,36.1160))

/~*
Mikil dowte birde +tam haue +tat dose in +ting +tat fallis til hali kirke,
+tat taire sauls suffir na dede, als te cors dose here.
(CMBENRUL,37.1204)
*~/
/*
93 ADVP-LOC:  93 ADVP-LOC, 95 here
*/

( (IP-MAT (NP-SBJ-1 *exp*)
	  (NP-2 (Q Mikil) (N dowte))
	  (VBP birde)
	  (NP-OB2 (PRO +tam)
		  (CP-REL *ICH*-3))
	  (IP-INF-1 (NP-OB1 *ICH*-2)
		    (HV haue))
	  (CP-REL-3 (WNP-4 0)
		    (C +tat)
		    (IP-SUB (NP-SBJ *T*-4)
			    (DOP dose)
			    (PP (P in)
				(NP (N +ting)
				    (CP-REL (WNP-5 0)
					    (C +tat)
					    (IP-SUB (NP-SBJ *T*-5)
						    (VBP fallis)
						    (PP (P til)
							(NP (ADJ hali) (NPR kirke)))))))))
	  (, ,)
	  (CP-ADV (C +tat)
		  (IP-SUB (NP-SBJ (PRO$ taire) (NS sauls))
			  (VBP suffir)
			  (NP-OB1 (Q na) (N dede))
			  (, ,)
			  (PP (P als)
			      (CP-ADV (WADVP-6 0)
				      (C 0)
				      (IP-SUB (ADVP *T*-6)
					      (NP-SBJ (D te) (N cors))
					      (DOP dose)
					      (ADVP-LOC (ADV here)))))))
	  (. .))
  (ID CMBENRUL,37.1204))

/~*
+Tare sal sho studie and ete and slape.
(CMBENRUL,38.1216)
*~/
/*
2 ADVP-LOC:  2 ADVP-LOC, 4 +Tare
*/

( (IP-MAT (ADVP-LOC (ADV +Tare))
	  (MD sal)
	  (NP-SBJ (PRO sho))
	  (VB (VB studie) (CONJ and) (VB ete) (CONJ and) (VB slape))
	  (. .))
  (ID CMBENRUL,38.1216))

/~*
yef sho wille +tar stabilnes make, loke +tat wille be noht refusid.
(CMBENRUL,40.1287)
*~/
/*
14 ADVP-LOC:  14 ADVP-LOC, 16 +tar
*/

( (IP-IMP (PP (P yef)
	      (CP-ADV (C 0)
		      (IP-SUB (NP-SBJ (PRO sho))
			      (MD wille)
			      (ADVP-LOC (ADV +tar))
			      (NP-OB1 (N stabilnes))
			      (VB make))))
	  (, ,)
	  (VBI loke)
	  (CP-THT (C 0)
		  (IP-SUB (NP-SBJ (D +tat))
			  (MD wille)
			  (BE be)
			  (NEG noht)
			  (VAN refusid)))
	  (. .))
  (ID CMBENRUL,40.1287))

/~*
with-outyn and with-in, in alle stedis, sal +tai haue geting & chastiing.
(CMBENRUL,41.1315)
*~/
/*
2 ADVP-LOC:  2 ADVP-LOC, 8 with-in
*/

( (IP-MAT (ADVP-LOC (ADV with-outyn) (CONJ and) (ADV with-in))
	  (, ,)
	  (PP (P in)
	      (NP (Q alle) (NS stedis)))
	  (, ,)
	  (MD sal)
	  (NP-SBJ (PRO +tai))
	  (HV haue)
	  (NP-OB1 (N geting) (CONJ &) (N chastiing))
	  (. .))
  (ID CMBENRUL,41.1315))

/~*
Yef it sua be, +tat alle +te cuuent chesis ane +tat wil consent til +taire
vices, +te abbotis +tat es +tare, and +te folke of +te cuntre, sal defende
+tat tat felun lecciun be noht forth broth.
(CMBENRUL,42.1325)
*~/
/*
73 ADVP-LOC:  73 ADVP-LOC, 75 +tare
*/

( (IP-MAT (PP (P Yef)
	      (CP-ADV (C 0)
		      (IP-SUB (NP-SBJ-1 (PRO it))
			      (ADVP (ADV sua))
			      (BEP be)
			      (, ,)
			      (CP-THT-1 (C +tat)
					(IP-SUB (NP-SBJ (Q alle) (D +te) (N cuuent))
						(VBP chesis)
						(NP-OB1 (ONE ane)
							(CP-REL (WNP-2 0)
								(C +tat)
								(IP-SUB (NP-SBJ *T*-2)
									(MD wil)
									(VB consent)
									(PP (P til)
									    (NP (PRO$ +taire) (NS vices)))))))))))
	  (, ,)
	  (NP-SBJ (NP (D +te)
		      (NS abbotis)
		      (CP-REL (WNP-3 0)
			      (C +tat)
			      (IP-SUB (NP-SBJ *T*-3)
				      (BEP es)
				      (ADVP-LOC (ADV +tare)))))
		  (, ,)
		  (CONJP (CONJ and)
			 (NP (D +te)
			     (N folke)
			     (PP (P of)
				 (NP (D +te) (N cuntre))))))
	  (, ,)
	  (MD sal)
	  (VB defende)
	  (CP-THT (C +tat)
		  (IP-SUB (NP-SBJ (D tat) (ADJ felun) (N lecciun))
			  (BEP be)
			  (NEG noht)
			  (ADVP-DIR (ADV forth))
			  (VAN broth)))
	  (. .))
  (ID CMBENRUL,42.1325))

/~*
Sothly, ofte-timis it happins +tat be +te ordinance of +te prioresse greuus
sklaunders rysis in monesterys, whils +ter be sum bownyd with +te wikkid
sprete of pride, thinkis thame-selfe als gude os thayre abbes, And takis a-pon
thame tyranry, and nurischis sclaunders, and makis dissensiones in +te
conuente, And nameli in tha places where +te prioressse es ordande of +te same
sistir, or of +te abbesse, whilk hase made be-fore +te abbas. Whilk
inconueniens it es ethy to conseyue;
(CMBENRUL,43.1345)
*~/
/*
190 ADVP-LOC:  190 ADVP-LOC, 191 *T*-4
*/

( (IP-MAT (ADVP (ADV Sothly))
	  (, ,)
	  (ADVP-TMP (ADV+NS ofte-timis))
	  (NP-SBJ-1 (PRO it))
	  (VBP happins)
	  (CP-THT-1 (C +tat)
		    (IP-SUB (PP (P be)
				(NP (D +te)
				    (N ordinance)
				    (PP (P of)
					(NP (D +te) (N prioresse)))))
			    (NP-SBJ (ADJ greuus) (NS sklaunders))
			    (VBP rysis)
			    (PP (P in)
				(NP (NS monesterys)))
			    (, ,)
			    (PP (P whils)
				(CP-ADV (C 0)
					(IP-SUB (NP-SBJ-2 (EX +ter))
						(BEP be)
						(NP-2 (Q sum)
						      (RRC (VAN bownyd)
							   (PP (P with)
							       (NP (D +te)
								   (ADJ wikkid)
								   (N sprete)
								   (PP (P of)
								       (NP (N pride))))))
						      (, ,)
						      (CP-REL (WNP-3 0)
							      (C 0)
							      (IP-SUB (IP-SUB (NP-SBJ *T*-3)
									      (VBP thinkis)
									      (IP-SMC (NP-SBJ (PRO+N thame-selfe))
										      (ADJP (ADVR als)
											    (ADJ gude)
											    (PP (P os)
												(NP (PRO$ thayre) (N abbes))))))
								      (, ,)
								      (CONJP (CONJ And)
									     (IP-SUB (NP-SBJ *T*-3)
										     (VBP takis)
										     (PP (P a-pon)
											 (NP (PRO thame)))
										     (NP-OB1 (N tyranry))))
								      (, ,)
								      (CONJP (CONJ and)
									     (IP-SUB (NP-SBJ *T*-3)
										     (VBP nurischis)
										     (NP-OB1 (NS sclaunders))))
								      (, ,)
								      (CONJP (CONJ and)
									     (IP-SUB (NP-SBJ *T*-3)
										     (VBP makis)
										     (NP-OB1 (NS dissensiones))
										     (PP (PP (P in)
											     (NP (D +te) (N conuente)))
											 (, ,)
											 (CONJP (CONJ And)
												(PP (ADV nameli)
												    (P in)
												    (NP (D tha)
													(NS places)
													(CP-REL (WADVP-4 (WADV where))
														(C 0)
														(IP-SUB (ADVP-LOC *T*-4)
															(NP-SBJ (D +te) (N prioressse))
															(BEP es)
															(VAN ordande)
															(PP (PP (P of)
																(NP (D +te) (ADJ same) (N sistir)))
															    (, ,)
															    (CONJP (CONJ or)
																   (PP (P of)
																       (NP (D +te) (N abbesse))))
															    (, ,)
															    (CP-REL (WNP-5 (WPRO whilk))
																    (C 0)
																    (IP-SUB (NP-SBJ *T*-5)
																	    (HVP hase)
																	    (VBN made)
																	    (PP (P be-fore)
																		(NP (D +te) (N abbas))))))))))))))))))))))
	  (, .)
	  (CP-CAR (WNP-6 (WD Whilk) (N inconueniens))
		  (C 0)
		  (IP-SUB (NP-SBJ-7 (PRO it))
			  (BEP es)
			  (ADJP (ADJ ethy))
			  (IP-INF-7 (NP-OB1 *T*-6)
				    (TO to)
				    (VB conseyue))))
	  (. ;))
  (ID CMBENRUL,43.1345))

/~*
+Tai sal noht telle til +te to+tir alle +tat +tai haue sene vte & herd,
(CMBENRUL,45.1378)
*~/
/*
40 ADVP-LOC:  40 ADVP-LOC, 42 vte
*/

( (IP-MAT (NP-SBJ (PRO +Tai))
	  (MD sal)
	  (NEG noht)
	  (VB telle)
	  (PP (P til)
	      (NP (D +te) (D+OTHER to+tir)))
	  (NP-OB1 (Q alle)
		  (CP-REL (WNP-1 0)
			  (C +tat)
			  (IP-SUB (NP-OB1 *T*-1)
				  (NP-SBJ (PRO +tai))
				  (HVP haue)
				  (VBN (VBN sene)
				       (CONJP *ICH*-2))
				  (ADVP-LOC (ADV vte))
				  (CONJP-2 (CONJ &) (VBN herd)))))
	  (. ,))
  (ID CMBENRUL,45.1378))

/~*
Yef sho haue whre+tid ani of hir sistirs, o what maner sam it be, hastelike
with-vten dwellyng sal sho falle to her fete and aske hir for-gifnes, and crie
hir merci, And ligge +tare til sho for-giue it hir and giue hir her benicun.
(CMBENRUL,46.1416)
*~/
/*
112 ADVP-LOC:  112 ADVP-LOC, 114 +tare
*/

( (IP-MAT (IP-MAT-1 (PP (P Yef)
			(CP-ADV (C 0)
				(IP-SUB (NP-SBJ (PRO sho))
					(HVP haue)
					(VBN whre+tid)
					(NP-OB1 (Q ani)
						(PP (P of)
						    (NP (PRO$ hir) (NS sistirs))))
					(, ,)
					(PP (CP-FRL (WPP-2 (P o)
							   (WNP (WD what) (N maner) (ADV sam)))
						    (C 0)
						    (IP-SUB (PP *T*-2)
							    (NP-SBJ (PRO it))
							    (BEP be)))))))
		    (, ,)
		    (ADVP (ADV hastelike))
		    (PP (P with-vten)
			(NP (N dwellyng)))
		    (MD sal)
		    (NP-SBJ (PRO sho))
		    (VB falle)
		    (PP (P to)
			(NP (PRO$ her) (NS fete))))
	  (CONJP (CONJ and)
		 (IP-MAT=1 (VB aske)
			   (NP-OB2 (PRO hir))
			   (NP-OB1 (N for-gifnes))))
	  (, ,)
	  (CONJP (CONJ and)
		 (IP-MAT=1 (VB crie)
			   (NP-OB2 (PRO hir))
			   (NP-OB1 (N merci))))
	  (, ,)
	  (CONJP (CONJ And)
		 (IP-MAT=1 (VB ligge)
			   (ADVP-LOC (ADV +tare))
			   (PP (P til)
			       (CP-ADV (C 0)
				       (IP-SUB (IP-SUB (NP-SBJ (PRO sho))
						       (VBP for-giue)
						       (NP-OB1 (PRO it))
						       (NP-OB2 (PRO hir)))
					       (CONJP (CONJ and)
						      (IP-SUB (NP-SBJ *con*)
							      (VBP giue)
							      (NP-OB2 (PRO hir))
							      (NP-OB1 (PRO$ her) (N benicun)))))))))
	  (. .))
  (ID CMBENRUL,46.1416))

/~*
For pure mekenes mustirs he here in +te last ende of his reule.
(CMBENRUL,47.1437)
*~/
/*
14 ADVP-LOC:  14 ADVP-LOC, 16 here
*/

( (IP-MAT (CONJ For)
	  (NP-OB1 (ADJ pure) (N mekenes))
	  (VBP mustirs)
	  (NP-SBJ (PRO he))
	  (ADVP-LOC (ADV here))
	  (PP (P in)
	      (NP (D +te)
		  (ADJ last)
		  (N ende)
		  (PP (P of)
		      (NP (PRO$ his) (N reule)))))
	  (. .))
  (ID CMBENRUL,47.1437))

/~*
Of what boke sam ye here, of anikin kening of +talde lai ou+tir of +te neu
testament, Ou+tir what sum it es, +tan es it +te riht reule of +tis life here.
(CMBENRUL,47.1442)
*~/
/*
105 ADVP-LOC:  105 ADVP-LOC, 107 here
*/

( (IP-MAT (PP (CP-FRL (WPP-1 (P Of)
			     (WNP (WD what) (N boke) (ADV sam)))
		      (C 0)
		      (IP-SUB (PP *T*-1)
			      (NP-SBJ (PRO ye))
			      (VBP here)
			      (, ,)
			      (PP (P of)
				  (NP (Q+N anikin)
				      (NP-COM (N kening))))))
	      (PP-PRN (PP (P of)
			  (NP (D+ADJ +talde) (N lai)))
		      (CONJP (CONJ ou+tir)
			     (PP (P of)
				 (NP (NP (D +te) (NPR neu) (NPR testament))
				     (, ,)
				     (CONJP (CONJ Ou+tir)
					    (NP (CP-FRL (WNP-2 (WPRO what) (ADV sum))
							(C 0)
							(IP-SUB (NP-OB1 *T*-2)
								(NP-SBJ (PRO it))
								(BEP es))))))))))
	  (, ,)
	  (ADVP-TMP (ADV +tan))
	  (BEP es)
	  (NP-SBJ (PRO it))
	  (NP-OB1 (D +te)
		  (ADJ riht)
		  (N reule)
		  (PP (P of)
		      (NP (D +tis) (N life))))
	  (ADVP-LOC (ADV here))
	  (. .))
  (ID CMBENRUL,47.1442))
/*
FOOTER
  source file, hits/tokens/total
  C:\Users\Shoo\Dropbox\workspace\CorpusSearch_Auto\data\corporas\PPCME2\temp1492106398658\rules_charters_wills_laws_ecclesiastical_laws_and_proceedingstrials\cmbenrul.m3.psd	38/36/1454
*/
/*
SUMMARY:  
source files, hits/tokens/total
  C:\Users\Shoo\Dropbox\workspace\CorpusSearch_Auto\data\corporas\PPCME2\temp1492106398658\rules_charters_wills_laws_ecclesiastical_laws_and_proceedingstrials\cmaelr3.m23.psd	69/60/1054
  C:\Users\Shoo\Dropbox\workspace\CorpusSearch_Auto\data\corporas\PPCME2\temp1492106398658\rules_charters_wills_laws_ecclesiastical_laws_and_proceedingstrials\cmbenrul.m3.psd	38/36/1454
whole search, hits/tokens/total
		107/96/2508
*/
