/*
PREFACE:  
Copyright 2010 Beth Randall
Date:  Thu Apr 13 19:02:25 BST 2017

command file:     data\searches\queries\PENN\progressive_forms_in_participal_absolutes.q
output file:      C:\Users\Shoo\Dropbox\workspace\CorpusSearch_Auto\data\output\13-04-2017 18.46.36.333 PPCME2\progressive_forms_in_participal_absolutes\history\result.out

node:   *PPL*ABS*|BAG*|HAG*|VAG*|DAG*
query:  (BAG*|HAG*|VAG*|DAG* Dominates  !BAG*|HAG*|VAG*|DAG*) 
  AND  (*PPL*ABS* Dominates  BAG*|HAG*|VAG*|DAG*) 
*/
/*
HEADER:
source file:  C:\Users\Shoo\Dropbox\workspace\CorpusSearch_Auto\data\corporas\PPCME2\temp1492106398658\history\cmbrut3.m3.psd
*/
/*
FOOTER
  source file, hits/tokens/total
  C:\Users\Shoo\Dropbox\workspace\CorpusSearch_Auto\data\corporas\PPCME2\temp1492106398658\history\cmbrut3.m3.psd	0/0/4116
*/
/*
HEADER:
source file:  C:\Users\Shoo\Dropbox\workspace\CorpusSearch_Auto\data\corporas\PPCME2\temp1492106398658\history\cmcapchr.m4.psd
*/
/*
FOOTER
  source file, hits/tokens/total
  C:\Users\Shoo\Dropbox\workspace\CorpusSearch_Auto\data\corporas\PPCME2\temp1492106398658\history\cmcapchr.m4.psd	0/0/4177
*/
/*
HEADER:
source file:  C:\Users\Shoo\Dropbox\workspace\CorpusSearch_Auto\data\corporas\PPCME2\temp1492106398658\history\cmgregor.m4.psd
*/

/~*
And on every syde of hym stode an antiloppe, that one holdynge the armys of
Ingelond and that othyr the armys of Fraunce.
(CMGREGOR,173.1058)
*~/
/*
34 VAG:  34 VAG, 35 holdynge, 28 IP-PPL-ABS-1
34 VAG:  34 VAG, 35 holdynge, 27 IP-PPL-ABS
*/
( (IP-MAT (CONJ And)
	  (PP (P on)
	      (NP (Q every)
		  (N syde)
		  (PP (P of)
		      (NP (PRO hym)))))
	  (VBD stode)
	  (NP-SBJ (D an) (N antiloppe))
	  (, ,)
	  (IP-PPL-ABS (IP-PPL-ABS-1 (NP-SBJ (D that) (ONE one))
				    (VAG holdynge)
				    (NP-OB1 (D the)
					    (NS armys)
					    (PP (P of)
						(NP (NPR Ingelond)))))
		      (CONJP (CONJ and)
			     (IP-PPL-ABS=1 (NP-SBJ (D that) (OTHER othyr))
					   (NP-OB1 (D the)
						   (NS armys)
						   (PP (P of)
						       (NP (NPR Fraunce)))))))
	  (. .))
  (ID CMGREGOR,173.1058))
/*
FOOTER
  source file, hits/tokens/total
  C:\Users\Shoo\Dropbox\workspace\CorpusSearch_Auto\data\corporas\PPCME2\temp1492106398658\history\cmgregor.m4.psd	1/1/2630
*/
/*
HEADER:
source file:  C:\Users\Shoo\Dropbox\workspace\CorpusSearch_Auto\data\corporas\PPCME2\temp1492106398658\history\cmpeterb.m1.psd
*/
/*
FOOTER
  source file, hits/tokens/total
  C:\Users\Shoo\Dropbox\workspace\CorpusSearch_Auto\data\corporas\PPCME2\temp1492106398658\history\cmpeterb.m1.psd	0/0/647
*/
/*
HEADER:
source file:  C:\Users\Shoo\Dropbox\workspace\CorpusSearch_Auto\data\corporas\PPCME2\temp1492106398658\history\cmpolych.m3.psd
*/
/*
FOOTER
  source file, hits/tokens/total
  C:\Users\Shoo\Dropbox\workspace\CorpusSearch_Auto\data\corporas\PPCME2\temp1492106398658\history\cmpolych.m3.psd	0/0/3795
*/
/*
SUMMARY:  
source files, hits/tokens/total
  C:\Users\Shoo\Dropbox\workspace\CorpusSearch_Auto\data\corporas\PPCME2\temp1492106398658\history\cmbrut3.m3.psd	0/0/4116
  C:\Users\Shoo\Dropbox\workspace\CorpusSearch_Auto\data\corporas\PPCME2\temp1492106398658\history\cmcapchr.m4.psd	0/0/4177
  C:\Users\Shoo\Dropbox\workspace\CorpusSearch_Auto\data\corporas\PPCME2\temp1492106398658\history\cmgregor.m4.psd	1/1/2630
  C:\Users\Shoo\Dropbox\workspace\CorpusSearch_Auto\data\corporas\PPCME2\temp1492106398658\history\cmpeterb.m1.psd	0/0/647
  C:\Users\Shoo\Dropbox\workspace\CorpusSearch_Auto\data\corporas\PPCME2\temp1492106398658\history\cmpolych.m3.psd	0/0/3795
whole search, hits/tokens/total
		1/1/15365
*/
