/*
PREFACE:  
Copyright 2010 Beth Randall
Date:  Thu Apr 13 18:47:43 BST 2017

command file:     data\searches\queries\YCOE\other_adverbs.q
output file:      C:\Users\Shoo\Dropbox\workspace\CorpusSearch_Auto\data\output\13-04-2017 18.46.36.333 YCOE\other_adverbs\travelogue\result.out

node:   ADVP-DIR*|ADV^D*|ADVX*|ADV+P*|ADV21*|ADV22*|NEG+ADV^D*|RP^D*
query:  (ADVP-DIR*|ADV^D*|ADVX*|ADV+P*|ADV21*|ADV22*|NEG+ADV^D*|RP^D* Dominates 
   !ADVP-DIR*|ADV^D*|ADVX*|ADV+P*|ADV21*|ADV22*|NEG+ADV^D*|RP^D*) 
*/
/*
HEADER:
source file:  C:\Users\Shoo\Dropbox\workspace\CorpusSearch_Auto\data\corporas\YCOE\temp1492105600559\travelogue\coalex.o23.psd
*/

/~*
Sumum +tonne scinan +ta scilla & lixtan swylce hie w+aron gyldne +tonne mon
onlocode.
(coalex,Alex:17.8.187)
*~/
/*
7 ADVP-DIR:  7 ADVP-DIR, 9 +tonne
*/
( (CODE <T23000012200,17.8>)
  (IP-MAT-SPE (NP-DAT-ADT (Q^D Sumum))
	      (ADVP-DIR (ADV^T +tonne))
	      (VBDI (VBDI scinan)
		    (CONJP *ICH*-1))
	      (NP-NOM (D^N +ta) (N^N scilla))
	      (CONJP-1 (CONJ &) (VBDI lixtan))
	      (PP (P swylce)
		  (CP-CMP-SPE (WADVP-2 0)
			      (C 0)
			      (IP-SUB-SPE (ADVP *T*-2)
					  (NP-NOM (PRO^N hie))
					  (BEDI w+aron)
					  (ADJP-NOM-PRD (ADJ^N gyldne)))))
	      (CP-ADV-SPE (P +tonne)
			  (C 0)
			  (IP-SUB-SPE (NP-NOM (MAN^N mon))
				      (RP+VBD onlocode)))
	      (. .))
  (ID coalex,Alex:17.8.187))

/~*
Sio+d+tan hie +ta wyrmas h+afdon ondruncen +t+as w+atres +ta gewiton hie
+tonon,
(coalex,Alex:18.1.194)
*~/
/*
36 ADV^D:  36 ADV^D, 37 +tonon
*/

( (CODE <T23000012600,18.1>)
  (IP-MAT-SPE (CP-ADV-SPE (P Sio+d+tan)
			  (C 0)
			  (IP-SUB-SPE (NP-NOM (PRO^N hie)
					      (NP-NOM-PRN (D^N +ta) (N^N wyrmas)))
				      (HVDI h+afdon)
				      (RP+VBN ondruncen)
				      (NP-GEN (D^G +t+as) (N^G w+atres))))
	      (ADVP-TMP (ADV^T +ta))
	      (VBDI gewiton)
	      (NP-NOM (PRO^N hie))
	      (ADVP-DIR (ADV^D +tonon))
	      (. ,))
  (ID coalex,Alex:18.1.194))

/~*
cwoman +ta wyrmas of +t+am neahdunum & scrafum +tider to +ton +t+at hie +t+at
w+ater drincan woldon.
(coalex,Alex:18.4.203)
*~/
/*
24 ADV^D:  24 ADV^D, 25 +tider
*/

( (IP-MAT-SPE (VBDI cwoman)
	      (NP-NOM (D^N +ta) (N^N wyrmas))
	      (PP (P of)
		  (NP-DAT (D^D +t+am)
			  (N^D neahdunum)
			  (CONJP (CONJ &)
				 (NX-DAT (N^D scrafum)))))
	      (ADVP-DIR (ADV^D +tider))
	      (CP-ADV-SPE (P to)
			  (D^I +ton)
			  (C +t+at)
			  (IP-SUB-SPE (NP-NOM (PRO^N hie))
				      (NP-ACC (D^A +t+at) (N^A w+ater))
				      (VB drincan)
				      (MDDI woldon)))
	      (. .))
  (ID coalex,Alex:18.4.203))

/~*
Mid +ta +da leon +tyder cwoman +ta r+asdon hie sona on us
(coalex,Alex:19.4.218)
*~/
/*
18 ADV^D:  18 ADV^D, 19 +tyder
*/

( (CODE <T23000013600,19.4>)
  (IP-MAT-SPE (CP-ADV-SPE (P Mid)
			  (D^A +ta)
			  (C 0)
			  (IP-SUB-SPE (NP-NOM (D^N +da) (N^N leon))
				      (ADVP-DIR (ADV^D +tyder))
				      (VBDI cwoman)))
	      (ADVP-TMP (ADV^T +ta))
	      (VBDI r+asdon)
	      (NP-NOM (PRO^N hie))
	      (ADVP-TMP (ADV^T sona))
	      (PP (P on)
		  (NP (PRO us))))
  (ID coalex,Alex:19.4.218))

/~*
Ac hi him selfe eft gewiton +tonon.
(coalex,Alex:21.12.260)
*~/
/*
21 ADV^D:  21 ADV^D, 22 +tonon
*/

( (CODE <T23000015500,21.12>)
  (IP-MAT-SPE (CONJ Ac)
	      (NP-NOM (PRO^N hi))
	      (NP-DAT-RFL-ADT (PRO^D him))
	      (ADJP-NOM (ADJ^N selfe))
	      (ADVP-TMP (ADV^T eft))
	      (VBDI gewiton)
	      (ADVP-DIR (ADV^D +tonon))
	      (. .))
  (ID coalex,Alex:21.12.260))

/~*
Sio+d+tan we +ta +tonon ferdon +ta w+as hit on seofon nihta f+ace, +t+at we to
+t+am londe & to +t+are stowe becwoman +t+ar Porrus se cyning mid his fyrde
wicode.
(coalex,Alex:24.1.274)
*~/
/*
17 ADV^D:  17 ADV^D, 18 +tonon
*/

( (CODE <T23000016600,24.1>)
  (IP-MAT-SPE (CP-ADV-SPE (P Sio+d+tan)
			  (C 0)
			  (IP-SUB-SPE (NP-NOM (PRO^N we))
				      (ADVP-TMP (ADV^T +ta))
				      (ADVP-DIR (ADV^D +tonon))
				      (VBDI ferdon)))
	      (ADVP-TMP (ADV^T +ta))
	      (BEDI w+as)
	      (NP-NOM (PRO^N hit))
	      (PP (P on)
		  (NP-DAT (NP-GEN (NUM seofon) (N^G nihta))
			  (N^D f+ace)))
	      (, ,)
	      (CP-CLF-SPE (WADVP-TMP-3 0)
			  (C +t+at)
			  (IP-SUB-SPE (ADVP-TMP *T*-3)
				      (NP-NOM (PRO^N we))
				      (PP (PP (P to)
					      (NP-DAT (D^D +t+am) (N^D londe)))
					  (CONJP (CONJ &)
						 (PP (P to)
						     (NP-DAT (D^D +t+are) (N^D stowe))))
					  (CP-REL-SPE *ICH*-1))
				      (VBDI becwoman)
				      (CP-REL-SPE-1 (WADVP-LOC-2 (ADV^L +t+ar))
						    (C 0)
						    (IP-SUB-SPE (ADVP-LOC *T*-2)
								(NP-NOM (NR^N Porrus)
									(NP-NOM-PRN (D^N se) (N^N cyning)))
								(PP (P mid)
								    (NP (PRO$ his) (N fyrde)))
								(VBD wicode)))))
	      (. .))
  (ID coalex,Alex:24.1.274))

/~*
Swa ic +da +tonon gewiten w+as & eft cwom to minum herewicum, +ta +ag+ter ge
+ar +don +te ic +t+at gewrit r+adde ge eac +after +ton +t+at ic w+as swi+de
mid hleahtre onstyred.
(coalex,Alex:24.22.292)
*~/
/*
18 ADV^D:  18 ADV^D, 19 +tonon
*/

( (CODE <T23000017700,24.22>)
  (IP-MAT-SPE (CP-ADV-SPE (P Swa)
			  (C 0)
			  (IP-SUB-SPE (IP-SUB-SPE (NP-NOM (PRO^N ic))
						  (ADVP-TMP (ADV^T +da))
						  (ADVP-DIR (ADV^D +tonon))
						  (VBN gewiten)
						  (BEDI w+as))
				      (CONJP (CONJ &)
					     (IP-SUB-CON-SPE (NP-NOM *con*)
							     (ADVP-TMP (ADV^T eft))
							     (VBDI cwom)
							     (PP (P to)
								 (NP-DAT (PRO$^D minum) (N^D herewicum)))))))
	      (, ,)
	      (ADVP-TMP (ADVP (ADV^T +ta)))
	      (CP-ADV-SPE (CONJ +ag+ter)
			  (CONJ ge)
			  (CP-ADV-SPE-0 (P +ar)
					(D^I +don)
					(C +te)
					(IP-SUB-SPE (NP-NOM (PRO^N ic))
						    (NP-ACC (D^A +t+at) (N^A gewrit))
						    (VBD r+adde)))
			  (CONJP (CONJ ge)
				 (ADV eac)
				 (CPX-ADV-SPE=0 (P +after) (D^I +ton) (C +t+at))))
	      (NP-NOM (PRO^N ic))
	      (BEDI w+as)
	      (ADVP (ADV swi+de))
	      (PP (P mid)
		  (NP-DAT (N^D hleahtre)))
	      (RP+VBN onstyred)
	      (. .))
  (ID coalex,Alex:24.22.292))

/~*
Cwoman hie to +ton +tyder +t+at hie on +da ure wic feohtan.
(coalex,Alex:28.7.335)
*~/
/*
16 ADV^D:  16 ADV^D, 17 +tyder
*/

( (CODE <T23000020000,28.7>)
  (IP-MAT-SPE (VBDI Cwoman)
	      (NP-NOM (PRO^N hie))
	      (PP (P to)
		  (NP-DAT (D^I +ton)))
	      (ADVP-DIR (ADV^D +tyder))
	      (CP-ADV-SPE (C +t+at)
			  (IP-SUB-SPE (NP-NOM (PRO^N hie))
				      (PP (P on)
					  (NP-ACC (D^A +da) (PRO$^A ure) (N^A wic)))
				      (VBDI feohtan)))
	      (. .))
  (ID coalex,Alex:28.7.335))

/~*
Ond we +ta eft in Fasiacen +t+at lond becwoman +tanan we +ar ferdon
(coalex,Alex:30.1.361)
*~/
/*
32 ADV^D:  32 ADV^D, 33 +tanan
37 ADVP-DIR:  37 ADVP-DIR, 38 *T*-2
*/

( (CODE <T23000021200,30.1>)
  (IP-MAT-SPE (CONJ Ond)
	      (NP-NOM (PRO^N we))
	      (ADVP-TMP (ADV^T +ta))
	      (ADVP-TMP (ADV^T eft))
	      (PP (P in)
		  (NP-ACC (NR Fasiacen)
			  (NP-ACC-PRN (D^A +t+at) (N^A lond))
			  (CP-REL-SPE *ICH*-1)))
	      (VBDI becwoman)
	      (CP-REL-SPE-1 (WADVP-DIR-2 (ADV^D +tanan))
			    (C 0)
			    (IP-SUB-SPE (ADVP-DIR *T*-2)
					(NP-NOM (PRO^N we))
					(ADVP-TMP (ADV^T +ar))
					(VBDI ferdon))))
  (ID coalex,Alex:30.1.361))

/~*
Fr+agn he eac me to hwon ic +tider cwome & hw+at ic +t+ar wolde.
(coalex,Alex:35.5.441)
*~/
/*
32 ADV^D:  32 ADV^D, 33 +tider
*/

( (CODE <T23000025600,35.5>)
  (IP-MAT-SPE (VBDI Fr+agn)
	      (NP-NOM (PRO^N he))
	      (ADVP (ADV eac))
	      (NP (PRO me))
	      (CP-QUE-SPE (CP-QUE-SPE (WPP-1 (P to)
					     (WNP-DAT (WPRO^I hwon)))
				      (C 0)
				      (IP-SUB-SPE (PP *T*-1)
						  (NP-NOM (PRO^N ic))
						  (ADVP-DIR (ADV^D +tider))
						  (VBDS cwome)))
			  (CONJP (CONJ &)
				 (CP-QUE-SPE (WNP-ACC-2 (WPRO^A hw+at))
					     (C 0)
					     (IP-SUB-SPE (NP-ACC *T*-2)
							 (NP-NOM (PRO^N ic))
							 (ADVP-LOC (ADV^L +t+ar))
							 (MDD wolde)))))
	      (. .))
  (ID coalex,Alex:35.5.441))

/~*
+Ta gesawon we westan +tone leoman sunnan
(coalex,Alex:36.17.463)
*~/
/*
13 ADV^D:  13 ADV^D, 14 westan
*/

( (CODE <T23000027100,36.17>)
  (IP-MAT-SPE (ADVP-TMP (ADV^T +Ta))
	      (VBDI gesawon)
	      (NP-NOM (PRO^N we))
	      (ADVP-DIR (ADV^D westan))
	      (NP-ACC (D^A +tone)
		      (N^A leoman)
		      (NP-GEN (N^G sunnan))))
  (ID coalex,Alex:36.17.463))

/~*
ac hw+a+tre ne cymst +tu on +tinne e+tel +donan +tu ferdest +ar, for +ton +din
$wyrd hit swa be +tinum heafde & fore hafa+d ar+aded.
(coalex,Alex:37.4.472)
*~/
/*
24 ADV^D:  24 ADV^D, 25 +donan
29 ADVP-DIR:  29 ADVP-DIR, 30 *T*-1
*/

( (IP-MAT-SPE (CONJ ac)
	      (ADVP (ADV hw+a+tre))
	      (NEG ne)
	      (VBPI cymst)
	      (NP-NOM (PRO^N +tu))
	      (PP (P on)
		  (NP-ACC (PRO$^A +tinne)
			  (N^A e+tel)
			  (CP-REL-SPE (WADVP-DIR-1 (ADV^D +donan))
				      (C 0)
				      (IP-SUB-SPE (ADVP-DIR *T*-1)
						  (NP-NOM (PRO^N +tu))
						  (VBDI ferdest)
						  (ADVP-TMP (ADV^T +ar))))))
	      (, ,)
	      (CP-ADV-SPE (P for)
			  (D^I +ton)
			  (C 0)
			  (IP-SUB-SPE (NP-NOM (PRO$^N +din) (N^N $wyrd))
				      (NP-ACC (PRO^A hit))
				      (ADVP (ADV swa))
				      (PP (PP (P be)
					      (NP-DAT (PRO$^D +tinum) (N^D heafde)))
					  (CONJP (CONJ &)
						 (PP (P fore)
						     (NP *))))
				      (HVPI hafa+d)
				      (VBN ar+aded)))
	      (. .))
  (ID coalex,Alex:37.4.472))
/*
FOOTER
  source file, hits/tokens/total
  C:\Users\Shoo\Dropbox\workspace\CorpusSearch_Auto\data\corporas\YCOE\temp1492105600559\travelogue\coalex.o23.psd	14/12/531
*/
/*
SUMMARY:  
source files, hits/tokens/total
  C:\Users\Shoo\Dropbox\workspace\CorpusSearch_Auto\data\corporas\YCOE\temp1492105600559\travelogue\coalex.o23.psd	14/12/531
whole search, hits/tokens/total
		14/12/531
*/
