/*
PREFACE:  
Copyright 2010 Beth Randall
Date:  Thu Apr 13 18:54:33 BST 2017

command file:     data\searches\queries\PENN\progressive_forms_in_prepositional_phrases_appositive_parenthetical.q
output file:      C:\Users\Shoo\Dropbox\workspace\CorpusSearch_Auto\data\output\13-04-2017 18.46.36.333 PPCEME\progressive_forms_in_prepositional_phrases_appositive_parenthetical\homilies_and_sermons\result.out

node:   PP-*PRN*|BAG*|HAG*|VAG*|DAG*
query:  (BAG*|HAG*|VAG*|DAG* Dominates  !BAG*|HAG*|VAG*|DAG*) 
  AND  (PP-*PRN* Dominates  BAG*|HAG*|VAG*|DAG*) 
*/
/*
HEADER:
source file:  C:\Users\Shoo\Dropbox\workspace\CorpusSearch_Auto\data\corporas\PPCEME\temp1492105854173\homilies_and_sermons\fisher-e1-h.psd
*/
/*
FOOTER
  source file, hits/tokens/total
  C:\Users\Shoo\Dropbox\workspace\CorpusSearch_Auto\data\corporas\PPCEME\temp1492105854173\homilies_and_sermons\fisher-e1-h.psd	0/0/262
*/
/*
HEADER:
source file:  C:\Users\Shoo\Dropbox\workspace\CorpusSearch_Auto\data\corporas\PPCEME\temp1492105854173\homilies_and_sermons\fisher-e1-p1.psd
*/

/~*
Much comfortable knowledge and sweetnesse this Prophette gate by this booke,
as he saith in the Chapter next ensuing factum est in ore meo sicut mell dulce,
(FISHER-E1-P1,388.166)
*~/
/*
62 VAG:  62 VAG, 63 ensuing, 34 PP-PRN
*/
( (IP-MAT (NP-OB1 (Q Much)
		  (ADJ comfortable)
		  (N knowledge)
		  (CONJP (CONJ and)
			 (NX (N sweetnesse))))
	  (NP-SBJ (D this) (N Prophette))
	  (VBD gate)
	  (PP (P by)
	      (NP (D this) (N booke)))
	  (, ,)
	  (CODE <paren>)
	  (PP-PRN (P as)
		  (CP-ADV (WNP-1 0)
			  (C 0)
			  (IP-SUB (NP-OB1 *T*-1)
				  (NP-SBJ (PRO he))
				  (VBP saith)
				  (PP (P in)
				      (NP (D the)
					  (N Chapter)
					  (RRC (ADVP-TMP (ADVS next))
					       (VAG ensuing)))))))
	  (LATIN (CODE <font>) (FW factum) (FW est) (FW in) (FW ore) (FW meo) (FW sicut) (FW mell) (FW dulce))
	  (. ,)
	  (CODE <$$font>))
  (ID FISHER-E1-P1,388.166))
/*
FOOTER
  source file, hits/tokens/total
  C:\Users\Shoo\Dropbox\workspace\CorpusSearch_Auto\data\corporas\PPCEME\temp1492105854173\homilies_and_sermons\fisher-e1-p1.psd	1/1/311
*/
/*
HEADER:
source file:  C:\Users\Shoo\Dropbox\workspace\CorpusSearch_Auto\data\corporas\PPCEME\temp1492105854173\homilies_and_sermons\fisher-e1-p2.psd
*/

/~*
And lyke wyse saynt Ambrose whyles he was endytynge of the xliij. psalme a
lyght was sene aboue his heed in maner of a shelde. whiche by lytle & lytle
entred in at his mouthe in veray token of the spyryte of god.
(FISHER-E1-P2,335.41)
*~/
/*
28 VAG:  28 VAG, 29 endytynge, 16 PP-PRN
*/

( (IP-MAT (CONJ And)
	  (NP-ADV (ADJ lyke) (N wyse))
	  (NP-LFD (NPR saynt) (NPR Ambrose))
	  (CODE <paren>)
	  (PP-PRN (P whyles)
		  (CP-ADV (C 0)
			  (IP-SUB (NP-SBJ-RSP (PRO he))
				  (BED was)
				  (VAG endytynge)
				  (PP (P of)
				      (NP (D the) (NUM xliij.) (NPR psalme))))))
	  (CODE <$$paren>)
	  (NP-SBJ (D a) (N lyght))
	  (BED was)
	  (VAN sene)
	  (PP (P aboue)
	      (NP-RSP (PRO$ his) (N heed)))
	  (PP (P in)
	      (NP (N maner)
		  (PP (P of)
		      (NP (D a)
			  (N shelde)
			  (, .)
			  (CP-REL (WNP-1 (WPRO whiche))
				  (C 0)
				  (IP-SUB (NP-SBJ *T*-1)
					  (PP (P by)
					      (NP (Q lytle) (CONJ &) (Q lytle)))
					  (VBD entred)
					  (RP in)
					  (PP (P at)
					      (NP (PRO$ his) (N mouthe)))
					  (PP (P in)
					      (NP (ADJ veray)
						  (N token)
						  (PP (P of)
						      (NP (D the)
							  (N spyryte)
							  (PP (P of)
							      (NP (NPR god)))))))))))))
	  (. .))
  (ID FISHER-E1-P2,335.41))
/*
FOOTER
  source file, hits/tokens/total
  C:\Users\Shoo\Dropbox\workspace\CorpusSearch_Auto\data\corporas\PPCEME\temp1492105854173\homilies_and_sermons\fisher-e1-p2.psd	1/1/208
*/
/*
HEADER:
source file:  C:\Users\Shoo\Dropbox\workspace\CorpusSearch_Auto\data\corporas\PPCEME\temp1492105854173\homilies_and_sermons\hooker-a-e2-h.psd
*/
/*
FOOTER
  source file, hits/tokens/total
  C:\Users\Shoo\Dropbox\workspace\CorpusSearch_Auto\data\corporas\PPCEME\temp1492105854173\homilies_and_sermons\hooker-a-e2-h.psd	0/0/117
*/
/*
HEADER:
source file:  C:\Users\Shoo\Dropbox\workspace\CorpusSearch_Auto\data\corporas\PPCEME\temp1492105854173\homilies_and_sermons\hooker-a-e2-p1.psd
*/
/*
FOOTER
  source file, hits/tokens/total
  C:\Users\Shoo\Dropbox\workspace\CorpusSearch_Auto\data\corporas\PPCEME\temp1492105854173\homilies_and_sermons\hooker-a-e2-p1.psd	0/0/128
*/
/*
HEADER:
source file:  C:\Users\Shoo\Dropbox\workspace\CorpusSearch_Auto\data\corporas\PPCEME\temp1492105854173\homilies_and_sermons\hooker-a-e2-p2.psd
*/
/*
FOOTER
  source file, hits/tokens/total
  C:\Users\Shoo\Dropbox\workspace\CorpusSearch_Auto\data\corporas\PPCEME\temp1492105854173\homilies_and_sermons\hooker-a-e2-p2.psd	0/0/111
*/
/*
HEADER:
source file:  C:\Users\Shoo\Dropbox\workspace\CorpusSearch_Auto\data\corporas\PPCEME\temp1492105854173\homilies_and_sermons\hooker-b-e2-h.psd
*/
/*
FOOTER
  source file, hits/tokens/total
  C:\Users\Shoo\Dropbox\workspace\CorpusSearch_Auto\data\corporas\PPCEME\temp1492105854173\homilies_and_sermons\hooker-b-e2-h.psd	0/0/134
*/
/*
HEADER:
source file:  C:\Users\Shoo\Dropbox\workspace\CorpusSearch_Auto\data\corporas\PPCEME\temp1492105854173\homilies_and_sermons\hooker-b-e2-p1.psd
*/
/*
FOOTER
  source file, hits/tokens/total
  C:\Users\Shoo\Dropbox\workspace\CorpusSearch_Auto\data\corporas\PPCEME\temp1492105854173\homilies_and_sermons\hooker-b-e2-p1.psd	0/0/175
*/
/*
HEADER:
source file:  C:\Users\Shoo\Dropbox\workspace\CorpusSearch_Auto\data\corporas\PPCEME\temp1492105854173\homilies_and_sermons\hooker-b-e2-p2.psd
*/
/*
FOOTER
  source file, hits/tokens/total
  C:\Users\Shoo\Dropbox\workspace\CorpusSearch_Auto\data\corporas\PPCEME\temp1492105854173\homilies_and_sermons\hooker-b-e2-p2.psd	0/0/115
*/
/*
HEADER:
source file:  C:\Users\Shoo\Dropbox\workspace\CorpusSearch_Auto\data\corporas\PPCEME\temp1492105854173\homilies_and_sermons\jetaylor-e3-h.psd
*/

/~*
But it will concern the Prudence of the Husbands love to make the Cares and
Evils as simple and easie as he can, by doubling the Joys and Acts of a
careful friendship, by tolerating her Infirmities, because by so doing, he
either cures her, or makes himself better by fairly expounding all the little
traverses of society and communication, by taking every thing by the right
handle, as Plutarch's expression is
(JETAYLOR-E3-H,28.390)
*~/
/*
139 VAG:  139 VAG, 140 doing, 124 PP-PRN
*/

( (IP-MAT (CONJ But)
	  (NP-SBJ-1 (PRO it))
	  (MD will)
	  (VB concern)
	  (NP-OB1 (D the)
		  (N Prudence)
		  (PP (P of)
		      (NP (NP-POS (D the) (N$ Husbands))
			  (N love))))
	  (IP-INF-1 (TO to)
		    (VB make)
		    (IP-SMC (NP-SBJ (D the)
				    (NS Cares)
				    (CONJP (CONJ and)
					   (NX (NS Evils))))
			    (ADJP (ADVR as)
				  (ADJ simple)
				  (CONJP (CONJ and)
					 (ADJX (ADJ easie)))
				  (PP (P as)
				      (CP-CMP (WADJP-2 0)
					      (C 0)
					      (IP-SUB (NP-SBJ (PRO he))
						      (MD can)
						      (VB *)
						      (IP-SMC (ADJP *T*-2)
							      (NP-SBJ *))
						      (, ,)
						      (PP (PP (P by)
							      (IP-PPL (VAG doubling)
								      (NP-OB1 (D the)
									      (NS Joys)
									      (CONJP (CONJ and)
										     (NX (NS Acts)))
									      (PP (P of)
										  (NP (D a) (ADJ careful) (N friendship))))))
							  (, ,)
							  (CONJP (PP (P by)
								     (IP-PPL (VAG tolerating)
									     (NP-OB1 (PRO$ her) (NS Infirmities))
									     (, ,)
									     (CODE <paren>)
									     (PP-PRN (P+N because)
										     (CP-ADV (C 0)
											     (IP-SUB (IP-SUB (PP (P by)
														 (IP-PPL (ADVP (ADV so))
															 (VAG doing)))
													     (, ,)
													     (NP-SBJ (PRO he))
													     (CONJ either)
													     (VBP cures)
													     (NP-OB1 (PRO her)))
												     (, ,)
												     (CONJP (CONJ or)
													    (IP-SUB (NP-SBJ *con*)
														    (VBP makes)
														    (IP-SMC (NP-SBJ (PRO+N himself))
															    (ADJP (ADJR better)))))))))))
							  (CODE <$$paren>)
							  (CONJP (PP (P by)
								     (IP-PPL (ADVP (ADV fairly))
									     (VAG expounding)
									     (NP-OB1 (Q all)
										     (D the)
										     (ADJ little)
										     (NS traverses)
										     (PP (P of)
											 (NP (N society) (CONJ and) (N communication)))))))
							  (, ,)
							  (CONJP (PP (P by)
								     (IP-PPL (VAG taking)
									     (NP-OB1 (Q every) (N thing))
									     (PP (P by)
										 (NP (D the) (ADJ right) (N handle)))
									     (, ,)
									     (CODE <paren>)
									     (PP-PRN (P as)
										     (CP-ADV (WNP-3 0)
											     (C 0)
											     (IP-SUB (NP-OB1 *T*-3)
												     (CODE <font>)
												     (NP-SBJ (NPR$ Plutarch's) (CODE <$$font>) (N expression))
												     (BEP is))))))))))))))
	  (CODE <$$paren>))
  (ID JETAYLOR-E3-H,28.390))
/*
FOOTER
  source file, hits/tokens/total
  C:\Users\Shoo\Dropbox\workspace\CorpusSearch_Auto\data\corporas\PPCEME\temp1492105854173\homilies_and_sermons\jetaylor-e3-h.psd	1/1/394
*/
/*
HEADER:
source file:  C:\Users\Shoo\Dropbox\workspace\CorpusSearch_Auto\data\corporas\PPCEME\temp1492105854173\homilies_and_sermons\jetaylor-e3-p1.psd
*/
/*
FOOTER
  source file, hits/tokens/total
  C:\Users\Shoo\Dropbox\workspace\CorpusSearch_Auto\data\corporas\PPCEME\temp1492105854173\homilies_and_sermons\jetaylor-e3-p1.psd	0/0/287
*/
/*
HEADER:
source file:  C:\Users\Shoo\Dropbox\workspace\CorpusSearch_Auto\data\corporas\PPCEME\temp1492105854173\homilies_and_sermons\latimer-e1-h.psd
*/
/*
FOOTER
  source file, hits/tokens/total
  C:\Users\Shoo\Dropbox\workspace\CorpusSearch_Auto\data\corporas\PPCEME\temp1492105854173\homilies_and_sermons\latimer-e1-h.psd	0/0/355
*/
/*
HEADER:
source file:  C:\Users\Shoo\Dropbox\workspace\CorpusSearch_Auto\data\corporas\PPCEME\temp1492105854173\homilies_and_sermons\latimer-e1-p1.psd
*/

/~*
Al be it this is one of the places yat hath ben racked, as I tolde you of
rackynge scriptures.
(LATIMER-E1-P1,18P.20)
*~/
/*
67 VAG:  67 VAG, 68 rackynge, 44 PP-PRN
*/

( (IP-MAT (ADVP (ADV (ADV31 Al) (ADV32 be) (ADV33 it)))
	  (NP-SBJ (D this))
	  (BEP is)
	  (NP-OB1 (ONE one)
		  (PP (P of)
		      (NP (D the)
			  (NS places)
			  (CP-REL (WNP-1 0)
				  (C yat)
				  (IP-SUB (NP-SBJ *T*-1)
					  (HVP hath)
					  (BEN ben)
					  (VAN racked))))))
	  (, ,)
	  (CODE <P_18P>)
	  (PP-PRN (P as)
		  (CP-ADV (WNP-2 0)
			  (C 0)
			  (IP-SUB (NP-OB1 *T*-2)
				  (NP-SBJ (PRO I))
				  (VBD tolde)
				  (NP-OB2 (PRO you))
				  (PP (P of)
				      (IP-PPL (VAG rackynge)
					      (NP-OB1 (NPRS scriptures)))))))
	  (. .))
  (ID LATIMER-E1-P1,18P.20))
/*
FOOTER
  source file, hits/tokens/total
  C:\Users\Shoo\Dropbox\workspace\CorpusSearch_Auto\data\corporas\PPCEME\temp1492105854173\homilies_and_sermons\latimer-e1-p1.psd	1/1/336
*/
/*
HEADER:
source file:  C:\Users\Shoo\Dropbox\workspace\CorpusSearch_Auto\data\corporas\PPCEME\temp1492105854173\homilies_and_sermons\latimer-e1-p2.psd
*/
/*
FOOTER
  source file, hits/tokens/total
  C:\Users\Shoo\Dropbox\workspace\CorpusSearch_Auto\data\corporas\PPCEME\temp1492105854173\homilies_and_sermons\latimer-e1-p2.psd	0/0/295
*/
/*
HEADER:
source file:  C:\Users\Shoo\Dropbox\workspace\CorpusSearch_Auto\data\corporas\PPCEME\temp1492105854173\homilies_and_sermons\smith-e2-h.psd
*/
/*
FOOTER
  source file, hits/tokens/total
  C:\Users\Shoo\Dropbox\workspace\CorpusSearch_Auto\data\corporas\PPCEME\temp1492105854173\homilies_and_sermons\smith-e2-h.psd	0/0/338
*/
/*
HEADER:
source file:  C:\Users\Shoo\Dropbox\workspace\CorpusSearch_Auto\data\corporas\PPCEME\temp1492105854173\homilies_and_sermons\smith-e2-p1.psd
*/
/*
FOOTER
  source file, hits/tokens/total
  C:\Users\Shoo\Dropbox\workspace\CorpusSearch_Auto\data\corporas\PPCEME\temp1492105854173\homilies_and_sermons\smith-e2-p1.psd	0/0/360
*/
/*
HEADER:
source file:  C:\Users\Shoo\Dropbox\workspace\CorpusSearch_Auto\data\corporas\PPCEME\temp1492105854173\homilies_and_sermons\smith-e2-p2.psd
*/
/*
FOOTER
  source file, hits/tokens/total
  C:\Users\Shoo\Dropbox\workspace\CorpusSearch_Auto\data\corporas\PPCEME\temp1492105854173\homilies_and_sermons\smith-e2-p2.psd	0/0/278
*/
/*
HEADER:
source file:  C:\Users\Shoo\Dropbox\workspace\CorpusSearch_Auto\data\corporas\PPCEME\temp1492105854173\homilies_and_sermons\tillots-a-e3-h.psd
*/
/*
FOOTER
  source file, hits/tokens/total
  C:\Users\Shoo\Dropbox\workspace\CorpusSearch_Auto\data\corporas\PPCEME\temp1492105854173\homilies_and_sermons\tillots-a-e3-h.psd	0/0/162
*/
/*
HEADER:
source file:  C:\Users\Shoo\Dropbox\workspace\CorpusSearch_Auto\data\corporas\PPCEME\temp1492105854173\homilies_and_sermons\tillots-a-e3-p1.psd
*/
/*
FOOTER
  source file, hits/tokens/total
  C:\Users\Shoo\Dropbox\workspace\CorpusSearch_Auto\data\corporas\PPCEME\temp1492105854173\homilies_and_sermons\tillots-a-e3-p1.psd	0/0/126
*/
/*
HEADER:
source file:  C:\Users\Shoo\Dropbox\workspace\CorpusSearch_Auto\data\corporas\PPCEME\temp1492105854173\homilies_and_sermons\tillots-b-e3-h.psd
*/
/*
FOOTER
  source file, hits/tokens/total
  C:\Users\Shoo\Dropbox\workspace\CorpusSearch_Auto\data\corporas\PPCEME\temp1492105854173\homilies_and_sermons\tillots-b-e3-h.psd	0/0/138
*/
/*
HEADER:
source file:  C:\Users\Shoo\Dropbox\workspace\CorpusSearch_Auto\data\corporas\PPCEME\temp1492105854173\homilies_and_sermons\tillots-b-e3-p1.psd
*/

/~*
Nay, so far is he from that, that he commends the Bereans for that very thing
for which I dare say the Church of Rome would have check'd them most severely,
namely, for searching the Scriptures to see whether those things which the
Apostles delivered were so or not:
(TILLOTS-B-E3-P1,443.186)
*~/
/*
121 VAG:  121 VAG, 122 searching, 110 PP-PRN
*/

( (IP-MAT (INTJ Nay)
	  (, ,)
	  (ADJP-LOC (ADVR so)
		    (ADJ far)
		    (PP *ICH*-1)
		    (CP-DEG *ICH*-2))
	  (BEP is)
	  (NP-SBJ (PRO he))
	  (PP-1 (P from)
		(NP (D that)))
	  (, ,)
	  (CP-DEG-2 (C that)
		    (IP-SUB (NP-SBJ (PRO he))
			    (VBP commends)
			    (NP-OB1 (D the) (CODE <font>) (NPRS Bereans))
			    (CODE <$$font>)
			    (PP (P for)
				(NP (D that)
				    (ADJ very)
				    (N thing)
				    (CP-REL (WPP-3 (P for)
						   (WNP (WPRO which)))
					    (C 0)
					    (IP-SUB (NP-SBJ (PRO I))
						    (MD dare)
						    (VB say)
						    (CP-THT (C 0)
							    (IP-SUB (PP *T*-3)
								    (NP-SBJ (D the)
									    (NPR Church)
									    (PP (P of)
										(CODE <font>)
										(NP (NPR Rome))))
								    (CODE <$$font>)
								    (MD would)
								    (HV have)
								    (VBN check'd)
								    (NP-OB1 (PRO them))
								    (ADVP (QS most) (ADV severely)))))))
				(, ,)
				(PP-PRN (ADV namely)
					(, ,)
					(PP (P for)
					    (CODE <font>)
					    (IP-PPL (VAG searching)
						    (NP-OB1 (D the) (NPRS Scriptures))
						    (CODE <$$font>)
						    (IP-INF-PRP (TO to)
								(VB see)
								(CODE <font>)
								(CP-QUE (WQ whether)
									(C 0)
									(IP-SUB (IP-SUB-4 (NP-SBJ (D those)
												  (NS things)
												  (CODE <$$font>)
												  (CP-REL (WNP-5 (WPRO which))
													  (C 0)
													  (IP-SUB (NP-OB1 *T*-5)
														  (NP-SBJ (D the) (NPRS Apostles))
														  (VBD delivered)
														  (CODE <font>))))
											  (BED were)
											  (CODE <$$font>)
											  (ADVP (ADV so)))
										(CONJP (CONJ or)
										       (IP-SUB=4 (NEG not))))))))))))
	  (. :))
  (ID TILLOTS-B-E3-P1,443.186))
/*
FOOTER
  source file, hits/tokens/total
  C:\Users\Shoo\Dropbox\workspace\CorpusSearch_Auto\data\corporas\PPCEME\temp1492105854173\homilies_and_sermons\tillots-b-e3-p1.psd	1/1/197
*/
/*
HEADER:
source file:  C:\Users\Shoo\Dropbox\workspace\CorpusSearch_Auto\data\corporas\PPCEME\temp1492105854173\homilies_and_sermons\tillots-c-e3-p2.psd
*/
/*
FOOTER
  source file, hits/tokens/total
  C:\Users\Shoo\Dropbox\workspace\CorpusSearch_Auto\data\corporas\PPCEME\temp1492105854173\homilies_and_sermons\tillots-c-e3-p2.psd	0/0/235
*/
/*
SUMMARY:  
source files, hits/tokens/total
  C:\Users\Shoo\Dropbox\workspace\CorpusSearch_Auto\data\corporas\PPCEME\temp1492105854173\homilies_and_sermons\fisher-e1-h.psd	0/0/262
  C:\Users\Shoo\Dropbox\workspace\CorpusSearch_Auto\data\corporas\PPCEME\temp1492105854173\homilies_and_sermons\fisher-e1-p1.psd	1/1/311
  C:\Users\Shoo\Dropbox\workspace\CorpusSearch_Auto\data\corporas\PPCEME\temp1492105854173\homilies_and_sermons\fisher-e1-p2.psd	1/1/208
  C:\Users\Shoo\Dropbox\workspace\CorpusSearch_Auto\data\corporas\PPCEME\temp1492105854173\homilies_and_sermons\hooker-a-e2-h.psd	0/0/117
  C:\Users\Shoo\Dropbox\workspace\CorpusSearch_Auto\data\corporas\PPCEME\temp1492105854173\homilies_and_sermons\hooker-a-e2-p1.psd	0/0/128
  C:\Users\Shoo\Dropbox\workspace\CorpusSearch_Auto\data\corporas\PPCEME\temp1492105854173\homilies_and_sermons\hooker-a-e2-p2.psd	0/0/111
  C:\Users\Shoo\Dropbox\workspace\CorpusSearch_Auto\data\corporas\PPCEME\temp1492105854173\homilies_and_sermons\hooker-b-e2-h.psd	0/0/134
  C:\Users\Shoo\Dropbox\workspace\CorpusSearch_Auto\data\corporas\PPCEME\temp1492105854173\homilies_and_sermons\hooker-b-e2-p1.psd	0/0/175
  C:\Users\Shoo\Dropbox\workspace\CorpusSearch_Auto\data\corporas\PPCEME\temp1492105854173\homilies_and_sermons\hooker-b-e2-p2.psd	0/0/115
  C:\Users\Shoo\Dropbox\workspace\CorpusSearch_Auto\data\corporas\PPCEME\temp1492105854173\homilies_and_sermons\jetaylor-e3-h.psd	1/1/394
  C:\Users\Shoo\Dropbox\workspace\CorpusSearch_Auto\data\corporas\PPCEME\temp1492105854173\homilies_and_sermons\jetaylor-e3-p1.psd	0/0/287
  C:\Users\Shoo\Dropbox\workspace\CorpusSearch_Auto\data\corporas\PPCEME\temp1492105854173\homilies_and_sermons\latimer-e1-h.psd	0/0/355
  C:\Users\Shoo\Dropbox\workspace\CorpusSearch_Auto\data\corporas\PPCEME\temp1492105854173\homilies_and_sermons\latimer-e1-p1.psd	1/1/336
  C:\Users\Shoo\Dropbox\workspace\CorpusSearch_Auto\data\corporas\PPCEME\temp1492105854173\homilies_and_sermons\latimer-e1-p2.psd	0/0/295
  C:\Users\Shoo\Dropbox\workspace\CorpusSearch_Auto\data\corporas\PPCEME\temp1492105854173\homilies_and_sermons\smith-e2-h.psd	0/0/338
  C:\Users\Shoo\Dropbox\workspace\CorpusSearch_Auto\data\corporas\PPCEME\temp1492105854173\homilies_and_sermons\smith-e2-p1.psd	0/0/360
  C:\Users\Shoo\Dropbox\workspace\CorpusSearch_Auto\data\corporas\PPCEME\temp1492105854173\homilies_and_sermons\smith-e2-p2.psd	0/0/278
  C:\Users\Shoo\Dropbox\workspace\CorpusSearch_Auto\data\corporas\PPCEME\temp1492105854173\homilies_and_sermons\tillots-a-e3-h.psd	0/0/162
  C:\Users\Shoo\Dropbox\workspace\CorpusSearch_Auto\data\corporas\PPCEME\temp1492105854173\homilies_and_sermons\tillots-a-e3-p1.psd	0/0/126
  C:\Users\Shoo\Dropbox\workspace\CorpusSearch_Auto\data\corporas\PPCEME\temp1492105854173\homilies_and_sermons\tillots-b-e3-h.psd	0/0/138
  C:\Users\Shoo\Dropbox\workspace\CorpusSearch_Auto\data\corporas\PPCEME\temp1492105854173\homilies_and_sermons\tillots-b-e3-p1.psd	1/1/197
  C:\Users\Shoo\Dropbox\workspace\CorpusSearch_Auto\data\corporas\PPCEME\temp1492105854173\homilies_and_sermons\tillots-c-e3-p2.psd	0/0/235
whole search, hits/tokens/total
		5/5/5062
*/
