/*
PREFACE:  
Copyright 2010 Beth Randall
Date:  Thu Apr 13 18:58:29 BST 2017

command file:     data\searches\queries\PENN\progressive_forms_in_noun_phrases_appositive.q
output file:      C:\Users\Shoo\Dropbox\workspace\CorpusSearch_Auto\data\output\13-04-2017 18.46.36.333 PPCMBE\progressive_forms_in_noun_phrases_appositive\rules_charters_wills_laws_ecclesiastical_laws_and_proceedingstrials\result.out

node:   NP-PRN*|BAG*|HAG*|VAG*|DAG*
query:  (BAG*|HAG*|VAG*|DAG* Dominates  !BAG*|HAG*|VAG*|DAG*) 
  AND  (NP-PRN* Dominates  BAG*|HAG*|VAG*|DAG*) 
*/
/*
HEADER:
source file:  C:\Users\Shoo\Dropbox\workspace\CorpusSearch_Auto\data\corporas\PPCMBE\temp1492106160469\rules_charters_wills_laws_ecclesiastical_laws_and_proceedingstrials\holmes-trial-1749.psd
*/

/~*
Two Accounts were now given into Court, of the Damage of the Masts, &c. on
Board the Lenox, Copies whereof are as follow, viz. An Account of the Sails
and Rigging damaged on Board his Majesty's Ship the Lenox, in the late Action,
the first of October, 1748. Fore-Shrouds, two Pair. Foretop-Mast Back-Stays,
one Pair. Foretop-Gallant Shrouds and Back-Stays. Maintop-Sail Sheets.
Maintop-Masts Shrouds, three Pair. Most of the running Rigging and several
Shots thro' the Sails.
(HOLMES-TRIAL-1749,8.120)
*~/
/*
262 VAG:  262 VAG, 263 running, 185 NP-PRN
*/
( (IP-MAT (CODE <font>)
	  (NP-SBJ (NUM Two)
		  (NS Accounts)
		  (PP *ICH*-1)
		  (CP-REL *ICH*-2))
	  (BED were)
	  (ADVP-TMP (ADV now))
	  (VAN given)
	  (PP (P into)
	      (NP (N Court)))
	  (, ,)
	  (PP-1 (P of)
		(NP (D the)
		    (N Damage)
		    (PP (P of)
			(NP (D the) (NS Masts) (CODE <$$font>) (, ,) (FW &c.)))
		    (CODE <font>)
		    (PP (P on)
			(NP (N Board)
			    (NP-COM (D the) (CODE <$$font>) (NPR Lenox))))))
	  (, ,)
	  (CODE <font>)
	  (CP-REL-2 (WNP-3 (NS Copies)
			   (WPP (WADV+P whereof)))
		    (C 0)
		    (IP-SUB (NP-SBJ *T*-3)
			    (BEP are)
			    (PP (P as)
				(CP-ADV (WADVP-4 0)
					(C 0)
					(IP-SUB (ADVP *T*-4)
						(NP-SBJ *exp*)
						(VBP follow)
						(CODE <$$font>)
						(, ,)
						(QTP (FW viz.)
						     (NP (D An)
							 (N Account)
							 (PP (P of)
							     (NP (D the)
								 (NS Sails)
								 (CONJP (CONJ and)
									(NX (N Rigging)))
								 (RRC (VAN damaged)
								      (PP (P on)
									  (NP (N Board)
									      (NP-COM (NP-POS (PRO$ his) (N$ Majesty's))
										      (N Ship)
										      (NP-PRN (D the) (CODE <font>) (NPR Lenox)))))
								      (CODE <$$font>)
								      (, ,)
								      (PP (P in)
									  (NP (D the) (ADJ late) (N Action)))
								      (, ,)
								      (NP-TMP (D the)
									      (ADJ first)
									      (PP (P of)
										  (CODE <font>)
										  (NP (NPR October) (CODE <$$font>) (, ,) (NUM 1748)))))
								 (, .)
								 (NP-PRN (NP (N+NS Fore-Shrouds)
									     (, ,)
									     (NP-MSR (NUM two) (N Pair)))
									 (, .)
									 (CONJP (NP (N+N Foretop-Mast)
										    (N+NS Back-Stays)
										    (, ,)
										    (NP-MSR (ONE one) (N Pair))))
									 (, .)
									 (CONJP (NP (N+N+N Foretop-Gallant)
										    (NS Shrouds)
										    (CONJP (CONJ and)
											   (NX (N+NS Back-Stays)))))
									 (, .)
									 (CONJP (NP (N+N Maintop-Sail) (NS Sheets)))
									 (, .)
									 (CONJP (NP (N+NS Maintop-Masts)))
									 (CONJP (NP (NS Shrouds)
										    (, ,)
										    (NP-MSR (NUM three) (N Pair))))
									 (, .)
									 (CONJP (NP (QS Most)
										    (PP (P of)
											(NP (D the) (VAG running) (N Rigging)))))
									 (CONJP (CONJ and)
										(NP (Q several)
										    (NS Shots)
										    (PP (P thro')
											(NP (D the) (NS Sails)))))))))))))))
	  (. .))
  (ID HOLMES-TRIAL-1749,8.120))

/~*
A. The Lenox not bearing down so near to the Enemy, as the Cornwal did, and
not minding the Navigation of the Ship so much as fighting, I admit it to be
accidental her coming on the Cornwal's Weather-Quarter.
(HOLMES-TRIAL-1749,13.192)
*~/
/*
127 VAG:  127 VAG, 128 coming, 123 NP-PRN-2
*/

( (IP-MAT-SPE (META (CODE <font>)
		    (NP (N A.))
		    (CODE <$$font>))
	      (IP-PPL-ABS-SPE (IP-PPL-SPE (NP-SBJ (D The) (CODE <font>) (NPR Lenox))
					  (CODE <$$font>)
					  (NEG not)
					  (VAG bearing)
					  (RP down)
					  (ADJP-LOC (ADVR so)
						    (ADJ near)
						    (PP (P to)
							(NP (D the) (N Enemy)))
						    (, ,)
						    (PP (P as)
							(CP-CMP-SPE (WADJP-1 0)
								    (C 0)
								    (IP-SUB-SPE (ADJP-LOC *T*-1)
										(NP-SBJ (D the) (CODE <font>) (NPR Cornwal))
										(CODE <$$font>)
										(DOD did)
										(VB *))))))
			      (, ,)
			      (CONJP (CONJ and)
				     (IP-PPL-SPE (NP-SBJ *con*)
						 (NEG not)
						 (VAG minding)
						 (NP-OB1 (D the)
							 (N Navigation)
							 (PP (P of)
							     (NP (D the) (N Ship))))
						 (NP-MSR (QP (ADVR so) (Q much))
							 (PP (P as)
							     (NP (N fighting)))))))
	      (, ,)
	      (NP-SBJ (PRO I))
	      (VBP admit)
	      (IP-INF-SPE (NP-SBJ (PRO it)
				  (NP-PRN *ICH*-2))
			  (TO to)
			  (BE be)
			  (ADJP (ADJ accidental))
			  (NP-PRN-2 (PRO$ her)
				    (IP-PPL-SPE (VAG coming)
						(PP (P on)
						    (NP (NP-POS (D the) (CODE <font>) (NPR$ Cornwal's))
							(CODE <$$font>)
							(N+N Weather-Quarter))))))
	      (. .))
  (ID HOLMES-TRIAL-1749,13.192))

/~*
A. There were two of them that I took Notice of in particular, one that the
Tilbury was engaged with, and one that was coming down to the Conquistador,
(HOLMES-TRIAL-1749,29.497)
*~/
/*
97 VAG:  97 VAG, 98 coming, 51 NP-PRN
*/

( (IP-MAT-SPE (META (CODE <font>)
		    (NP (N A.))
		    (CODE <$$font>))
	      (NP-SBJ-1 (EX There))
	      (BED were)
	      (NP-1 (NUM two)
		    (PP (P of)
			(NP (PRO them)))
		    (CP-REL-SPE (WNP-2 0)
				(C that)
				(IP-SUB-SPE (NP-SBJ (PRO I))
					    (VBD took)
					    (NP-OB1 (N Notice))
					    (PP (P of)
						(NP *T*-2))
					    (PP (P in)
						(ADJP (ADJ particular)))))
		    (, ,)
		    (NP-PRN (NP (ONE one)
				(CP-REL-SPE (WNP-3 0)
					    (C that)
					    (IP-SUB-SPE (NP-SBJ (D the) (CODE <font>) (NPR Tilbury))
							(CODE <$$font>)
							(BED was)
							(VAN engaged)
							(PP (P with)
							    (NP *T*-3)))))
			    (, ,)
			    (CONJP (CONJ and)
				   (NP (ONE one)
				       (CP-REL-SPE (WNP-4 0)
						   (C that)
						   (IP-SUB-SPE (NP-SBJ *T*-4)
							       (BED was)
							       (VAG coming)
							       (RP down)
							       (PP (P to)
								   (NP (D the) (CODE <font>) (NPR Conquistador)))))))))
	      (CODE <$$font>)
	      (. ,))
  (ID HOLMES-TRIAL-1749,29.497))

/~*
Q. Had the Strafford, the Ship you were firing into, any distinguishing Lights
out when you stopt firing at her?
(HOLMES-TRIAL-1749,69.1290)
*~/
/*
40 VAG:  40 VAG, 41 firing, 24 NP-PRN
*/

( (CP-QUE-SPE (META (CODE <font>)
		    (NP (N Q.))
		    (CODE <$$font>))
	      (IP-SUB-SPE (HVD Had)
			  (NP-SBJ (D the)
				  (CODE <font>)
				  (NPR Strafford)
				  (CODE <$$font>)
				  (, ,)
				  (NP-PRN (D the)
					  (N Ship)
					  (CP-REL-SPE (WNP-1 0)
						      (C 0)
						      (IP-SUB-SPE (NP-SBJ (PRO you))
								  (BED were)
								  (VAG firing)
								  (PP (P into)
								      (NP *T*-1))))))
			  (, ,)
			  (IP-SMC-SPE (NP-SBJ (Q any) (VAG distinguishing) (NS Lights))
				      (RP out))
			  (PP (P when)
			      (CP-ADV-SPE (C 0)
					  (IP-SUB-SPE (NP-SBJ (PRO you))
						      (VBD stopt)
						      (IP-PPL-OB1-SPE (VAG firing)
								      (PP (P at)
									  (NP (PRO her))))))))
	      (. ?))
  (ID HOLMES-TRIAL-1749,69.1290))
/*
FOOTER
  source file, hits/tokens/total
  C:\Users\Shoo\Dropbox\workspace\CorpusSearch_Auto\data\corporas\PPCMBE\temp1492106160469\rules_charters_wills_laws_ecclesiastical_laws_and_proceedingstrials\holmes-trial-1749.psd	4/4/1593
*/
/*
HEADER:
source file:  C:\Users\Shoo\Dropbox\workspace\CorpusSearch_Auto\data\corporas\PPCMBE\temp1492106160469\rules_charters_wills_laws_ecclesiastical_laws_and_proceedingstrials\statutes-171x.psd
*/
/*
FOOTER
  source file, hits/tokens/total
  C:\Users\Shoo\Dropbox\workspace\CorpusSearch_Auto\data\corporas\PPCMBE\temp1492106160469\rules_charters_wills_laws_ecclesiastical_laws_and_proceedingstrials\statutes-171x.psd	0/0/192
*/
/*
HEADER:
source file:  C:\Users\Shoo\Dropbox\workspace\CorpusSearch_Auto\data\corporas\PPCMBE\temp1492106160469\rules_charters_wills_laws_ecclesiastical_laws_and_proceedingstrials\statutes-1745.psd
*/

/~*
And in case any Freeholder or other Person taking the said Oath or Affirmation
hereby appointed, shall thereby commit wilful Perjury, and be thereof
convicted; and if any Person do unlawfully and corruptly procure or suborn any
Freeholder, or other Person, to take the said Oath or Affirmation, in order to
be polled, whereby he shall commit such wilful Perjury, and shall be thereof
convicted, he and they, for every such Offence, shall incur such Pains and
Penalties as are in and by two Acts of Parliament, the one made in the fifth
Year of the Reign of the late Queen Elizabeth, intituled, An Act for punishing
such Persons as shall procure or commit wilful Perjury, or suborn or procure
any Person to commit any wilful or corrupt Perjury; the other made in the
second Year of his present Majesty, intituled, An Act for the more effectual
preventing and further Punishment of Forgery, Perjury, and Subornation of
Perjury; and to make it Felony to steal Bonds, Notes or other Securities for
Payment of Money, contrary to the said Acts.
(STATUTES-1745,6,267.158)
*~/
/*
347 VAG:  347 VAG, 348 punishing, 285 NP-PRN
*/

( (IP-MAT (CONJ And)
	  (PP (PP (P in)
		  (CODE <P_6,267>)
		  (NP (N case)
		      (CP-THT (C 0)
			      (IP-SUB (IP-SUB-1 (NP-SBJ (Q any)
							(ADJ+N Freeholder)
							(CONJP (CONJ or)
							       (NX (OTHER other) (N Person)))
							(RRC (VAG taking)
							     (NP-OB1 (D the)
								     (VAN said)
								     (N Oath)
								     (CONJP (CONJ or)
									    (NX (N Affirmation)))
								     (RRC (PP (ADV+P hereby))
									  (VAN appointed)))))
						(, ,)
						(MD shall)
						(PP (ADV+P thereby))
						(VB commit)
						(NP-OB1 (ADJ wilful) (N Perjury)))
				      (, ,)
				      (CONJP (CONJ and)
					     (IP-SUB=1 (BE be)
						       (PP (ADV+P thereof))
						       (VAN convicted)))))))
	      (, ;)
	      (CONJP (CONJ and)
		     (PP (P if)
			 (CP-ADV (C 0)
				 (IP-SUB (NP-SBJ (Q any) (N Person))
					 (DOP do)
					 (ADVP (ADV unlawfully) (CONJ and) (ADV corruptly))
					 (VB (VB procure) (CONJ or) (VB suborn))
					 (NP-OB1 (Q any)
						 (ADJ+N Freeholder)
						 (, ,)
						 (CONJP (CONJ or)
							(NX (OTHER other) (N Person)))
						 (, ,)
						 (CP-EOP (WNP-2 0)
							 (IP-INF (NP-SBJ *T*-2)
								 (TO to)
								 (VB take)
								 (NP-OB1 (D the)
									 (VAN said)
									 (N Oath)
									 (CONJP (CONJ or)
										(NX (N Affirmation))))
								 (, ,)
								 (PP (P in)
								     (NP (N order)
									 (IP-INF (TO to) (BE be) (VAN polled))))
								 (, ,)
								 (CP-CAR (WPP-3 (WADV+P whereby))
									 (C 0)
									 (IP-SUB (IP-SUB (PP *T*-3)
											 (NP-SBJ (PRO he))
											 (MD shall)
											 (VB commit)
											 (NP-OB1 (SUCH such) (ADJ wilful) (N Perjury)))
										 (, ,)
										 (CONJP (CONJ and)
											(IP-SUB (PP *T*-3)
												(NP-SBJ *con*)
												(MD shall)
												(BE be)
												(PP (ADV+P thereof))
												(VAN convicted)))))))))))))
	  (, ,)
	  (NP-SBJ (PRO he) (CONJ and) (PRO they))
	  (, ,)
	  (PP (P for)
	      (NP (Q every) (SUCH such) (N Offence)))
	  (, ,)
	  (MD shall)
	  (VB incur)
	  (NP-OB1 (SUCH such)
		  (NS Pains)
		  (CONJP (CONJ and)
			 (NX (NS Penalties)))
		  (PP (P as)
		      (CP-CMP (WNP-4 0)
			      (C 0)
			      (IP-SUB (NP-SBJ *T*-4)
				      (BEP are)
				      (PP (P (P in) (CONJ and) (P by))
					  (NP (NUM two)
					      (NS Acts)
					      (PP (P of)
						  (NP (NPR Parliament)))
					      (, ,)
					      (NP-PRN (NP (D the)
							  (ONE one)
							  (RRC (RRC (VAN made)
								    (PP (P in)
									(NP (D the)
									    (ADJ fifth)
									    (N Year)
									    (PP (P of)
										(NP (D the)
										    (N Reign)
										    (PP (P of)
											(NP (D the) (ADJ late) (NPR Queen) (NPR Elizabeth))))))))
							       (, ,)
							       (CONJP (RRC (VAN intituled)
									   (, ,)
									   (CODE <font>)
									   (IP-SMC (NP-SBJ *)
										   (NP-OB1 (D An)
											   (N Act)
											   (PP (P for)
											       (IP-PPL (VAG punishing)
												       (NP-OB1 (SUCH such)
													       (NS Persons)
													       (PP (P as)
														   (CP-CMP (WNP-5 0)
															   (C 0)
															   (IP-SUB (IP-SUB-6 (NP-SBJ *T*-5)
																	     (MD shall)
																	     (VB (VB procure) (CONJ or) (VB commit))
																	     (NP-OB1 (ADJ wilful) (N Perjury)))
																   (, ,)
																   (CONJP (CONJ or)
																	  (IP-SUB=6 (VB (VB suborn) (CONJ or) (VB procure))
																		    (NP-OB1 (Q any)
																			    (N Person)
																			    (CP-EOP (WNP-7 0)
																				    (IP-INF (NP-SBJ *T*-7)
																					    (TO to)
																					    (VB commit)
																					    (NP-OB1 (Q any)
																						    (ADJP (ADJ wilful) (CONJ or) (ADJ corrupt))
																						    (N Perjury)))))))))))))))))))
						      (CODE <$$font>)
						      (, ;)
						      (CONJP (NP-PRN (D the)
								     (OTHER other)
								     (RRC (RRC (VAN made)
									       (PP (P in)
										   (NP (D the)
										       (ADJ second)
										       (N Year)
										       (PP (P of)
											   (NP (PRO$ his) (ADJ present) (N Majesty))))))
									  (, ,)
									  (CONJP (RRC (VAN intituled)
										      (, ,)
										      (CODE <font>)
										      (IP-SMC (NP-SBJ *)
											      (NP-OB1 (D An)
												      (N Act)
												      (PP (PP (P for)
													      (NP (D the)
														  (ADJP (QR more) (ADJ effectual))
														  (N preventing)
														  (CONJP (CONJ and)
															 (NX (ADJR further) (N Punishment)))
														  (PP (P of)
														      (NP (NP (N Forgery))
															  (, ,)
															  (CONJP (NP (N Perjury)))
															  (, ,)
															  (CONJP (CONJ and)
																 (NP (N Subornation)
																     (PP (P of)
																	 (NP (N Perjury)))))))))
													  (, ;)
													  (CONJP (CONJ and)
														 (CP-EOP (WNP-8 0)
															 (IP-INF (NP-SBJ *T*-8)
																 (TO to)
																 (VB make)
																 (IP-SMC (NP-SBJ-9 (PRO it))
																	 (NP-OB1 (N Felony))
																	 (IP-INF-9 (TO to)
																		   (VB steal)
																		   (NP-OB1 (NP (NS Bonds))
																			   (, ,)
																			   (CONJP (NP (NS Notes)))
																			   (CONJP (CONJ or)
																				  (NP (OTHER other) (NS Securities))))
																		   (PP (P for)
																		       (NP (N Payment)
																			   (PP (P of)
																			       (NP (N Money)))))
																		   (CODE <$$font>)
																		   (, ,)
																		   (ADJP-SPR (ADJ contrary)
																			     (PP (P to)
																				 (NP (D the) (VAN said) (NS Acts))))))))))))))))))))))))
	  (. .))
  (ID STATUTES-1745,6,267.158))
/*
FOOTER
  source file, hits/tokens/total
  C:\Users\Shoo\Dropbox\workspace\CorpusSearch_Auto\data\corporas\PPCMBE\temp1492106160469\rules_charters_wills_laws_ecclesiastical_laws_and_proceedingstrials\statutes-1745.psd	1/1/225
*/
/*
HEADER:
source file:  C:\Users\Shoo\Dropbox\workspace\CorpusSearch_Auto\data\corporas\PPCMBE\temp1492106160469\rules_charters_wills_laws_ecclesiastical_laws_and_proceedingstrials\statutes-1775.psd
*/
/*
FOOTER
  source file, hits/tokens/total
  C:\Users\Shoo\Dropbox\workspace\CorpusSearch_Auto\data\corporas\PPCMBE\temp1492106160469\rules_charters_wills_laws_ecclesiastical_laws_and_proceedingstrials\statutes-1775.psd	0/0/222
*/
/*
HEADER:
source file:  C:\Users\Shoo\Dropbox\workspace\CorpusSearch_Auto\data\corporas\PPCMBE\temp1492106160469\rules_charters_wills_laws_ecclesiastical_laws_and_proceedingstrials\statutes-1805.psd
*/
/*
FOOTER
  source file, hits/tokens/total
  C:\Users\Shoo\Dropbox\workspace\CorpusSearch_Auto\data\corporas\PPCMBE\temp1492106160469\rules_charters_wills_laws_ecclesiastical_laws_and_proceedingstrials\statutes-1805.psd	0/0/142
*/
/*
HEADER:
source file:  C:\Users\Shoo\Dropbox\workspace\CorpusSearch_Auto\data\corporas\PPCMBE\temp1492106160469\rules_charters_wills_laws_ecclesiastical_laws_and_proceedingstrials\statutes-1835.psd
*/
/*
FOOTER
  source file, hits/tokens/total
  C:\Users\Shoo\Dropbox\workspace\CorpusSearch_Auto\data\corporas\PPCMBE\temp1492106160469\rules_charters_wills_laws_ecclesiastical_laws_and_proceedingstrials\statutes-1835.psd	0/0/171
*/
/*
HEADER:
source file:  C:\Users\Shoo\Dropbox\workspace\CorpusSearch_Auto\data\corporas\PPCMBE\temp1492106160469\rules_charters_wills_laws_ecclesiastical_laws_and_proceedingstrials\statutes-1865.psd
*/
/*
FOOTER
  source file, hits/tokens/total
  C:\Users\Shoo\Dropbox\workspace\CorpusSearch_Auto\data\corporas\PPCMBE\temp1492106160469\rules_charters_wills_laws_ecclesiastical_laws_and_proceedingstrials\statutes-1865.psd	0/0/238
*/
/*
HEADER:
source file:  C:\Users\Shoo\Dropbox\workspace\CorpusSearch_Auto\data\corporas\PPCMBE\temp1492106160469\rules_charters_wills_laws_ecclesiastical_laws_and_proceedingstrials\statutes-1895.psd
*/

/~*
c. They may sell to any person, who cultivates for his own use any land under
a contract made by him with the occupier of the land for the purpose of
growing potatoes, seed potatoes not exceeding six hundredweight:
(STATUTES-1895,32,3.36)
*~/
/*
118 VAG:  118 VAG, 119 exceeding, 110 NP-PRN
*/

( (IP-MAT (CODE <paren>)
	  (CODE <font>)
	  (LS (N c))
	  (, .)
	  (CODE <$$font>)
	  (CODE <$$paren>)
	  (NP-SBJ (PRO They))
	  (MD may)
	  (VB sell)
	  (PP (P to)
	      (NP (Q any)
		  (N person)
		  (, ,)
		  (CP-REL (WNP-1 (WPRO who))
			  (C 0)
			  (IP-SUB (NP-SBJ *T*-1)
				  (VBP cultivates)
				  (PP (P for)
				      (NP (PRO$ his) (ADJ own) (N use)))
				  (NP-OB1 (Q any) (N land))
				  (PP (P under)
				      (NP (D a)
					  (N contract)
					  (RRC (VAN made)
					       (PP (P by)
						   (NP (PRO him))))
					  (PP (P with)
					      (NP (D the)
						  (N occupier)
						  (PP (P of)
						      (NP (D the) (N land)))))))
				  (PP (P for)
				      (NP (D the)
					  (N purpose)
					  (PP (P of)
					      (IP-PPL (VAG growing)
						      (NP-OB1 (NS potatoes)
							      (, ,)
							      (NP-PRN (N seed)
								      (NS potatoes)
								      (RRC (NEG not)
									   (VAG exceeding)
									   (NP-OB1 (NUMP (NUM six) (NUM+N hundredweight))))))))))))))
	  (. :))
  (ID STATUTES-1895,32,3.36))
/*
FOOTER
  source file, hits/tokens/total
  C:\Users\Shoo\Dropbox\workspace\CorpusSearch_Auto\data\corporas\PPCMBE\temp1492106160469\rules_charters_wills_laws_ecclesiastical_laws_and_proceedingstrials\statutes-1895.psd	1/1/342
*/
/*
HEADER:
source file:  C:\Users\Shoo\Dropbox\workspace\CorpusSearch_Auto\data\corporas\PPCMBE\temp1492106160469\rules_charters_wills_laws_ecclesiastical_laws_and_proceedingstrials\townley-1746.psd
*/
/*
FOOTER
  source file, hits/tokens/total
  C:\Users\Shoo\Dropbox\workspace\CorpusSearch_Auto\data\corporas\PPCMBE\temp1492106160469\rules_charters_wills_laws_ecclesiastical_laws_and_proceedingstrials\townley-1746.psd	0/0/625
*/
/*
HEADER:
source file:  C:\Users\Shoo\Dropbox\workspace\CorpusSearch_Auto\data\corporas\PPCMBE\temp1492106160469\rules_charters_wills_laws_ecclesiastical_laws_and_proceedingstrials\watson-1817.psd
*/

/~*
it was laid, that the declaration contained incitements, persuasions, and
promises of reward, to induce the people to join in rebellion, which was an
overt act of the Treason charged, namely, the compassing the King's death;
(WATSON-1817,1,137.1504)
*~/
/*
117 VAG:  117 VAG, 118 compassing, 109 NP-PRN
*/

( (IP-MAT-SPE (NP-SBJ-1 (PRO it))
	      (BED was)
	      (VAN laid)
	      (CODE {COM:sic})
	      (, ,)
	      (CP-THT-SPE-1 (C that)
			    (IP-SUB-SPE (NP-SBJ (D the) (N declaration))
					(VBD contained)
					(NP-OB1 (NP (NS incitements))
						(, ,)
						(CONJP (NP (NS persuasions)))
						(, ,)
						(CONJP (CONJ and)
						       (NP (NS promises)
							   (PP (P of)
							       (NP (N reward)))))
						(, ,)
						(CP-EOP-SPE (WNP-2 0)
							    (IP-INF-SPE (NP-SBJ *T*-2)
									(TO to)
									(VB induce)
									(NP-OB1 (D the) (N people))
									(IP-INF-SPE (TO to)
										    (VB join)
										    (PP (P in)
											(NP (N rebellion))))
									(, ,)
									(CP-CAR-SPE (WNP-3 (WPRO which))
										    (C 0)
										    (IP-SUB-SPE (NP-SBJ *T*-3)
												(BED was)
												(NP-OB1 (D an)
													(ADJ overt)
													(N act)
													(PP (P of)
													    (NP (D the)
														(N Treason)
														(RRC (VAN charged))
														(, ,)
														(NP-PRN (ADV namely)
															(, ,)
															(D the)
															(IP-PPL-SPE (VAG compassing)
																    (NP-OB1 (NP-POS (D the) (N$ King's))
																	    (N death))))))))))))))
	      (. ;))
  (ID WATSON-1817,1,137.1504))

/~*
there was one, a gentleman belonging to Hatton Garden office.
(WATSON-1817,1,166.2194)
*~/
/*
18 VAG:  18 VAG, 19 belonging, 12 NP-PRN
*/

( (IP-MAT (NP-SBJ-1 (EX there))
	  (BED was)
	  (NP-1 (ONE one)
		(, ,)
		(NP-PRN (D a)
			(ADJ+N gentleman)
			(RRC (VAG belonging)
			     (PP (P to)
				 (NP (NPR Hatton) (NPR Garden) (NPR office))))))
	  (. .))
  (ID WATSON-1817,1,166.2194))
/*
FOOTER
  source file, hits/tokens/total
  C:\Users\Shoo\Dropbox\workspace\CorpusSearch_Auto\data\corporas\PPCMBE\temp1492106160469\rules_charters_wills_laws_ecclesiastical_laws_and_proceedingstrials\watson-1817.psd	2/2/2658
*/
/*
SUMMARY:  
source files, hits/tokens/total
  C:\Users\Shoo\Dropbox\workspace\CorpusSearch_Auto\data\corporas\PPCMBE\temp1492106160469\rules_charters_wills_laws_ecclesiastical_laws_and_proceedingstrials\holmes-trial-1749.psd	4/4/1593
  C:\Users\Shoo\Dropbox\workspace\CorpusSearch_Auto\data\corporas\PPCMBE\temp1492106160469\rules_charters_wills_laws_ecclesiastical_laws_and_proceedingstrials\statutes-171x.psd	0/0/192
  C:\Users\Shoo\Dropbox\workspace\CorpusSearch_Auto\data\corporas\PPCMBE\temp1492106160469\rules_charters_wills_laws_ecclesiastical_laws_and_proceedingstrials\statutes-1745.psd	1/1/225
  C:\Users\Shoo\Dropbox\workspace\CorpusSearch_Auto\data\corporas\PPCMBE\temp1492106160469\rules_charters_wills_laws_ecclesiastical_laws_and_proceedingstrials\statutes-1775.psd	0/0/222
  C:\Users\Shoo\Dropbox\workspace\CorpusSearch_Auto\data\corporas\PPCMBE\temp1492106160469\rules_charters_wills_laws_ecclesiastical_laws_and_proceedingstrials\statutes-1805.psd	0/0/142
  C:\Users\Shoo\Dropbox\workspace\CorpusSearch_Auto\data\corporas\PPCMBE\temp1492106160469\rules_charters_wills_laws_ecclesiastical_laws_and_proceedingstrials\statutes-1835.psd	0/0/171
  C:\Users\Shoo\Dropbox\workspace\CorpusSearch_Auto\data\corporas\PPCMBE\temp1492106160469\rules_charters_wills_laws_ecclesiastical_laws_and_proceedingstrials\statutes-1865.psd	0/0/238
  C:\Users\Shoo\Dropbox\workspace\CorpusSearch_Auto\data\corporas\PPCMBE\temp1492106160469\rules_charters_wills_laws_ecclesiastical_laws_and_proceedingstrials\statutes-1895.psd	1/1/342
  C:\Users\Shoo\Dropbox\workspace\CorpusSearch_Auto\data\corporas\PPCMBE\temp1492106160469\rules_charters_wills_laws_ecclesiastical_laws_and_proceedingstrials\townley-1746.psd	0/0/625
  C:\Users\Shoo\Dropbox\workspace\CorpusSearch_Auto\data\corporas\PPCMBE\temp1492106160469\rules_charters_wills_laws_ecclesiastical_laws_and_proceedingstrials\watson-1817.psd	2/2/2658
whole search, hits/tokens/total
		8/8/6408
*/
