/*
PREFACE:  
Copyright 2010 Beth Randall
Date:  Thu Apr 13 18:59:23 BST 2017

command file:     data\searches\queries\PENN\stranded_prepositions.q
output file:      C:\Users\Shoo\Dropbox\workspace\CorpusSearch_Auto\data\output\13-04-2017 18.46.36.333 PPCMBE\stranded_prepositions\medicine_handbooks_religious_and_educational_treatises\result.out

node:   *|P
query:  (P Dominates  !P) 
  AND  (* iDomsLast  P) 
*/
/*
HEADER:
source file:  C:\Users\Shoo\Dropbox\workspace\CorpusSearch_Auto\data\corporas\PPCMBE\temp1492106160469\medicine_handbooks_religious_and_educational_treatises\anon-1711.psd
*/

/~*
If therefore we did but hear others talk Latin, and endeavour'd to understand
them, and talk with them, as much as we do to understand and talk with those
who speak in the Modern Tongues, we cou'd not fail of learning the Latin
Language, as well as we do the Modern Languages.
(ANON-1711,11.105)
*~/
/*
109 P:  109 P, 110 with, 108 PP
*/
( (IP-MAT (PP (P If)
	      (CP-ADV *ICH*-1))
	  (PP (ADV+P therefore))
	  (CP-ADV-1 (IP-SUB (IP-SUB (NP-SBJ (PRO we))
				    (CODE <P_11>)
				    (DOD did)
				    (FP but)
				    (VB hear)
				    (IP-INF (NP-SBJ (OTHERS others))
					    (VB talk)
					    (CODE <font>)
					    (NP-OB1 (NPR Latin))))
			    (CODE <$$font>)
			    (, ,)
			    (CONJP (CONJ and)
				   (IP-SUB-2 (NP-SBJ *con*)
					     (VBD endeavour'd)
					     (IP-INF (IP-INF (TO to)
							     (VB understand)
							     (NP-OB1 (PRO them)))
						     (, ,)
						     (CONJP (CONJ and)
							    (IP-INF (TO *)
								    (VB talk)
								    (PP (P with)
									(NP (PRO them)))
								    (, ,)
								    (NP-MSR (QP (ADVR as) (Q much))
									    (PP (P as)
										(CP-CMP (WNP-3 0)
											(C 0)
											(IP-SUB=2 (NP-MSR *T*-3)
												  (NP-SBJ (PRO we))
												  (DOP do)
												  (VB *)
												  (IP-INF-4 (TO to)
													    (VB understand)
													    (IP-INF-PRN=4 (CONJ and)
															  (VB talk)
															  (PP (P with)))
													    (NP-OB1 (D those)
														    (CP-REL (WNP-5 (WPRO who))
															    (C 0)
															    (IP-SUB (NP-SBJ *T*-5)
																    (VBP speak)
																    (PP (P in)
																	(NP (D the) (ADJ Modern) (NS Tongues))))))))))))))))))
	  (, ,)
	  (NP-SBJ (PRO we))
	  (MD cou'd)
	  (NEG not)
	  (VB fail)
	  (PP (P of)
	      (IP-PPL (VAG learning)
		      (NP-OB1 (D the) (CODE <font>) (ADJ Latin) (CODE <$$font>) (N Language))
		      (, ,)
		      (ADVP (ADVR as)
			    (ADV well)
			    (PP (P as)
				(CP-CMP (WADVP-6 0)
					(C 0)
					(IP-SUB (ADVP *T*-6)
						(NP-SBJ (PRO we))
						(DOP do)
						(NP-OB1 (D the) (ADJ Modern) (NS Languages))))))))
	  (. .))
  (ID ANON-1711,11.105))

/~*
And if any Persons wou'd be pleas'd to put it in Practice, I am confident they
wou'd find the Success of it, more than answer their Expectations.
(ANON-1711,23.238)
*~/
/*
76 P:  76 P, 77 than, 75 PP
*/

( (IP-MAT (CONJ And)
	  (PP (P if)
	      (CP-ADV (C 0)
		      (IP-SUB (NP-SBJ (Q any) (NS Persons))
			      (MD wou'd)
			      (BE be)
			      (ADJP (VAN pleas'd)
				    (IP-INF (TO to)
					    (VB put)
					    (NP-OB1 (PRO it))
					    (PP (P in)
						(NP (N Practice))))))))
	  (, ,)
	  (NP-SBJ (PRO I))
	  (BEP am)
	  (ADJP (ADJ confident)
		(CP-THT (C 0)
			(IP-SUB (NP-SBJ (PRO they))
				(MD wou'd)
				(VB find)
				(IP-INF (NP-SBJ (D the)
						(N Success)
						(PP (P of)
						    (NP (PRO it))))
					(, ,)
					(NP-MSR (QR more)
						(PP (P than)))
					(VB answer)
					(NP-OB1 (PRO$ their) (NS Expectations))))))
	  (. .))
  (ID ANON-1711,23.238))
/*
FOOTER
  source file, hits/tokens/total
  C:\Users\Shoo\Dropbox\workspace\CorpusSearch_Auto\data\corporas\PPCMBE\temp1492106160469\medicine_handbooks_religious_and_educational_treatises\anon-1711.psd	2/2/241
*/
/*
HEADER:
source file:  C:\Users\Shoo\Dropbox\workspace\CorpusSearch_Auto\data\corporas\PPCMBE\temp1492106160469\medicine_handbooks_religious_and_educational_treatises\bain-1878.psd
*/
/*
FOOTER
  source file, hits/tokens/total
  C:\Users\Shoo\Dropbox\workspace\CorpusSearch_Auto\data\corporas\PPCMBE\temp1492106160469\medicine_handbooks_religious_and_educational_treatises\bain-1878.psd	0/0/488
*/
/*
HEADER:
source file:  C:\Users\Shoo\Dropbox\workspace\CorpusSearch_Auto\data\corporas\PPCMBE\temp1492106160469\medicine_handbooks_religious_and_educational_treatises\barclay-1743.psd
*/

/~*
This I find universally neglected, nor no care taken any where to improve
young men in their own language, that they may thoroughly understand and be
masters of it.
(BARCLAY-1743,104.364)
*~/
/*
82 P:  82 P, 83 of, 81 PP
*/

( (IP-MAT-SPE (IP-MAT-SPE-1 (NP-TPC-2 (D This))
			    (NP-SBJ (PRO I))
			    (VBP find)
			    (IP-SMC-SPE (NP-SBJ *T*-2)
					(ADJP (ADV universally) (VAN neglected))))
	      (, ,)
	      (CONJP (CONJ nor)
		     (IP-MAT-SPE=1 (NP-SBJ (Q no) (N care))
				   (VAN taken)
				   (ADVP-LOC (Q any) (WADV where))
				   (IP-INF-SPE (TO to)
					       (VB improve)
					       (NP-OB1 (ADJ young) (NS men))
					       (PP (P in)
						   (NP (PRO$ their) (ADJ own) (N language))))
				   (, ,)
				   (CP-ADV-SPE (C that)
					       (IP-SUB-SPE-3 (NP-SBJ (PRO they))
							     (MD may)
							     (ADVP (ADV thoroughly))
							     (VB understand)
							     (IP-SUB-PRN-SPE=3 (CONJ and)
									       (BE be)
									       (NP-OB1 (NS masters)
										       (PP (P of))))
							     (NP-OB1 (PRO it))))))
	      (. .))
  (ID BARCLAY-1743,104.364))
/*
FOOTER
  source file, hits/tokens/total
  C:\Users\Shoo\Dropbox\workspace\CorpusSearch_Auto\data\corporas\PPCMBE\temp1492106160469\medicine_handbooks_religious_and_educational_treatises\barclay-1743.psd	1/1/475
*/
/*
HEADER:
source file:  C:\Users\Shoo\Dropbox\workspace\CorpusSearch_Auto\data\corporas\PPCMBE\temp1492106160469\medicine_handbooks_religious_and_educational_treatises\bardsley-1807.psd
*/
/*
FOOTER
  source file, hits/tokens/total
  C:\Users\Shoo\Dropbox\workspace\CorpusSearch_Auto\data\corporas\PPCMBE\temp1492106160469\medicine_handbooks_religious_and_educational_treatises\bardsley-1807.psd	0/0/422
*/
/*
HEADER:
source file:  C:\Users\Shoo\Dropbox\workspace\CorpusSearch_Auto\data\corporas\PPCMBE\temp1492106160469\medicine_handbooks_religious_and_educational_treatises\benson-1908.psd
*/

/~*
and I have no sort of doubt that they are keenly interested in and think more
of this than perhaps of any other school exercise.
(BENSON-1908,62.234)
*~/
/*
38 P:  38 P, 39 in, 37 PP
*/

( (IP-MAT (CONJ and)
	  (NP-SBJ (PRO I))
	  (HVP have)
	  (NP-OB1 (Q no)
		  (N sort)
		  (PP (P of)
		      (NP (N doubt)
			  (CP-THT (C that)
				  (IP-SUB-1 (NP-SBJ (PRO they))
					    (IP-SUB-PRN=1 (BEP are)
							  (ADVP (ADV keenly))
							  (CODE <P_62>)
							  (VAN interested)
							  (PP (P in))
							  (CONJ and))
					    (VBP think)
					    (NP-MSR (QR more)
						    (PP *ICH*-2))
					    (PP (P of)
						(NP (D this)))
					    (PP-2 (P than)
						  (CP-CMP (WNP-3 0)
							  (C 0)
							  (IP-SUB (NP-MSR *T*-3)
								  (ADVP (ADV perhaps))
								  (PP (P of)
								      (NP (Q any) (OTHER other) (N school) (N exercise)))))))))))
	  (. .))
  (ID BENSON-1908,62.234))
/*
FOOTER
  source file, hits/tokens/total
  C:\Users\Shoo\Dropbox\workspace\CorpusSearch_Auto\data\corporas\PPCMBE\temp1492106160469\medicine_handbooks_religious_and_educational_treatises\benson-1908.psd	1/1/458
*/
/*
HEADER:
source file:  C:\Users\Shoo\Dropbox\workspace\CorpusSearch_Auto\data\corporas\PPCMBE\temp1492106160469\medicine_handbooks_religious_and_educational_treatises\brightland-1711.psd
*/

/~*
Now the Reasons for and good Consequences of having our English Youth first
taught the Rhetoric, as well as Grammar, of their own Language, being much the
same, what I have to add shall be with reference to Both.
(BRIGHTLAND-1711,3.17)
*~/
/*
25 P:  25 P, 26 of, 24 PP
*/

( (IP-MAT (ADVP (ADV Now))
	  (IP-PPL-ABS (NP-SBJ-1 (D the)
				(NS Reasons)
				(PP (P for)
				    (CODE <paren>)
				    (NP-PRN=1 (CONJ and)
					      (NX (ADJ good)
						  (NS Consequences)
						  (PP (P of))))
				    (CODE <$$paren>)
				    (IP-PPL (HAG having)
					    (IP-SMC (NP-SBJ (PRO$ our) (CODE <font>) (ADJ English) (N Youth))
						    (CODE <$$font>)
						    (ADVP-TMP (ADV first))
						    (VAN taught)
						    (NP-OB1 (D the)
							    (CODE <font>)
							    (N Rhetoric)
							    (PP *ICH*-2))
						    (, ,)
						    (CODE <$$font>)
						    (ADVP (ADVR as)
							  (ADV well)
							  (PP (P as)
							      (CODE <font>)
							      (NP (N Grammar))))
						    (, ,)
						    (CODE <$$font>)
						    (PP-2 (P of)
							  (NP (PRO$ their) (ADJ own) (N Language)))))))
		      (, ,)
		      (BAG being)
		      (NP-OB1 (NP-MSR (Q much))
			      (D the)
			      (ADJ same)))
	  (, ,)
	  (NP-SBJ (CP-FRL (WNP-3 (WPRO what))
			  (C 0)
			  (IP-SUB (NP-SBJ (PRO I))
				  (HVP have)
				  (IP-INF (NP-OB1 *T*-3)
					  (TO to)
					  (VB add)))))
	  (MD shall)
	  (BE be)
	  (PP (P with)
	      (NP (N reference)
		  (PP (P to)
		      (NP (Q Both)))))
	  (. .))
  (ID BRIGHTLAND-1711,3.17))
/*
FOOTER
  source file, hits/tokens/total
  C:\Users\Shoo\Dropbox\workspace\CorpusSearch_Auto\data\corporas\PPCMBE\temp1492106160469\medicine_handbooks_religious_and_educational_treatises\brightland-1711.psd	1/1/49
*/
/*
HEADER:
source file:  C:\Users\Shoo\Dropbox\workspace\CorpusSearch_Auto\data\corporas\PPCMBE\temp1492106160469\medicine_handbooks_religious_and_educational_treatises\chapman-1774.psd
*/
/*
FOOTER
  source file, hits/tokens/total
  C:\Users\Shoo\Dropbox\workspace\CorpusSearch_Auto\data\corporas\PPCMBE\temp1492106160469\medicine_handbooks_religious_and_educational_treatises\chapman-1774.psd	0/0/383
*/
/*
HEADER:
source file:  C:\Users\Shoo\Dropbox\workspace\CorpusSearch_Auto\data\corporas\PPCMBE\temp1492106160469\medicine_handbooks_religious_and_educational_treatises\drummond-1718.psd
*/

/~*
I. When you keep an open Accompt with a Man, you make him Debtor to Cash, for
what Money you pay to, or for him, narrating for what such Payment is made. 2d,
For what Bills you remit or send him. 3d, For what Goods or other Effects you
deliver or send him.
(DRUMMOND-1718,11.116)
*~/
/*
92 P:  92 P, 93 for, 85 P
*/

( (IP-MAT (LS (NUM I))
	  (, .)
	  (PP (P When)
	      (CP-ADV (C 0)
		      (IP-SUB (NP-SBJ (PRO you))
			      (VBP keep)
			      (NP-OB1 (D an) (ADJ open) (N Accompt))
			      (PP (P with)
				  (NP (D a) (N Man))))))
	  (, ,)
	  (NP-SBJ (PRO you))
	  (VBP make)
	  (IP-SMC (NP-SBJ (PRO him))
		  (CODE <font>)
		  (NP-OB1 (N Debtor))
		  (CODE <$$font>)
		  (PP (P to)
		      (CODE <font>)
		      (NP (N Cash)))
		  (CODE <$$font>)
		  (, ,)
		  (PP (P for)
		      (NP (CP-FRL (WNP-1 (WD what) (N Money))
				  (C 0)
				  (IP-SUB (NP-OB1 *T*-1)
					  (NP-SBJ (PRO you))
					  (VBP pay)
					  (PP (P (P to) (, ,) (CONJ or) (P for))
					      (NP (PRO him))))))))
	  (, ,)
	  (IP-PPL (VAG narrating)
		  (CP-QUE (CP-QUE (WPP-2 (P for)
					 (WNP (WPRO what)))
				  (C 0)
				  (IP-SUB (PP *T*-2)
					  (NP-SBJ (SUCH such) (N Payment))
					  (BEP is)
					  (VAN made)))
			  (, .)
			  (CONJP (CP-QUE (LS (ADJ 2d))
					 (CODE {COM:d_in_italics})
					 (, ,)
					 (WPP-3 (P For)
						(WNP (WD what) (NS Bills)))
					 (C 0)
					 (IP-SUB (PP *T*-3)
						 (NP-SBJ (PRO you))
						 (VBP (VBP remit) (CONJ or) (VBP send))
						 (NP-OB2 (PRO him)))))
			  (, .)
			  (CONJP (CP-QUE (LS (ADJ 3d))
					 (CODE {COM:d_in_italics})
					 (, ,)
					 (WPP-4 (P For)
						(WNP (WD what)
						     (NS Goods)
						     (CONJP (CONJ or)
							    (NX (OTHER other) (NS Effects)))))
					 (C 0)
					 (IP-SUB (PP *T*-4)
						 (NP-SBJ (PRO you))
						 (VBP (VBP deliver) (CONJ or) (VBP send))
						 (NP-OB2 (PRO him)))))))
	  (. .))
  (ID DRUMMOND-1718,11.116))

/~*
If the Society gain, Gain and Loss is Debtor, to; if they lose, Creditor by
every Partner for their Share.
(DRUMMOND-1718,14.158)
*~/
/*
80 P:  80 P, 81 for, 79 PP
*/

( (IP-MAT-1 (PP (P If)
		(CP-ADV (C 0)
			(IP-SUB (NP-SBJ (D the) (N Society))
				(VBP gain))))
	    (, ,)
	    (CODE <font>)
	    (NP-SBJ (N Gain) (CODE <$$font>) (CONJ and) (CODE <font>) (N Loss))
	    (CODE <$$font>)
	    (BEP is)
	    (CODE <font>)
	    (NP-OB1 (N Debtor))
	    (CODE <$$font>)
	    (, ,)
	    (PP (P to)
		(, ;)
		(IP-MAT-PRN=1 (PP (P if)
				  (CP-ADV (C 0)
					  (IP-SUB (NP-SBJ (PRO they))
						  (VBP lose))))
			      (, ,)
			      (CODE <font>)
			      (NP-OB1 (N Creditor))
			      (CODE <$$font>)
			      (PP (P by)
				  (NP (Q every) (N Partner)))
			      (PP (P for)))
		(NP (PRO$ their) (N Share)))
	    (. .))
  (ID DRUMMOND-1718,14.158))

/~*
8th, You are to proportion that in three, the Number of, and the Gain of your
Partners.
(DRUMMOND-1718,17.185)
*~/
/*
51 P:  51 P, 52 of, 50 PP
*/

( (IP-MAT (LS (ADJ 8th))
	  (CODE {COM:th_in_italics})
	  (, ,)
	  (NP-SBJ (PRO You))
	  (BEP are)
	  (IP-INF (TO to)
		  (VB proportion)
		  (NP-OB1 (D that)
			  (NP-PRN *ICH*-1))
		  (PP (P in)
		      (NP (NUM three)))
		  (, ,)
		  (NP-PRN-1 (D the)
			    (N Number)
			    (PP (P of)
				(, ,)
				(NP-PRN=1 (CONJ and)
					  (NP (D the)
					      (N Gain)
					      (PP (P of))))
				(NP (PRO$ your) (NS Partners)))))
	  (. .))
  (ID DRUMMOND-1718,17.185))

/~*
If any of the Society borrow from, or lend to the capital, consider them as
private Men, to avoid keeping Accompts with them under different Titles, which
may give Trouble and create Confusion.
(DRUMMOND-1718,18.190)
*~/
/*
33 P:  33 P, 34 to, 32 PP
*/

( (IP-IMP (PP (P If)
	      (CP-ADV (C 0)
		      (IP-SUB-1 (NP-SBJ (Q any)
					(PP (P of)
					    (NP (D the) (N Society))))
				(VBP borrow)
				(PP (P from)
				    (, ,)
				    (IP-SUB-PRN=1 (CONJ or)
						  (VBP lend)
						  (PP (P to)))
				    (NP (D the) (N capital))))))
	  (, ,)
	  (VBI consider)
	  (NP-OB1 (PRO them))
	  (PP (P as)
	      (NP (ADJ private) (NS Men)))
	  (, ,)
	  (IP-INF-PRP (TO to)
		      (VB avoid)
		      (IP-PPL-OB1 (VAG keeping)
				  (NP-OB1 (NS Accompts))
				  (PP (P with)
				      (NP (PRO them)))
				  (PP (P under)
				      (NP (ADJ different) (NS Titles)))
				  (, ,)
				  (CP-CAR (WNP-2 (WPRO which))
					  (C 0)
					  (IP-SUB (IP-SUB-3 (NP-SBJ *T*-2)
							    (MD may)
							    (VB give)
							    (NP-OB1 (N Trouble)))
						  (CONJP (CONJ and)
							 (IP-SUB=3 (VB create)
								   (NP-OB1 (N Confusion))))))))
	  (. .))
  (ID DRUMMOND-1718,18.190))

/~*
But to know what Title, whether Gain and Loss, or Ballance, you are to give
that Sum which makes both sides equal; observe the following Instructions,
noticing, when the Difference is expressed by the Word To, it falls on the
Debit side, if by the Word By, it is on the Credit side.
(DRUMMOND-1718,20.215)
*~/
/*
128 P:  128 P, 129 To, 127 QTP
171 P:  171 P, 172 By, 170 QTP
*/

( (IP-IMP (CONJ But)
	  (IP-INF-PRP (TO to)
		      (VB know)
		      (CP-QUE (WNP-1 (WD what)
				     (N Title)
				     (, ,)
				     (CP-QUE-ADV-PRN (WQ whether)
						     (NP (NP (N Gain) (CONJ and) (N Loss))
							 (, ,)
							 (CONJP (CONJ or)
								(NP (N Ballance))))))
			      (C 0)
			      (, ,)
			      (IP-SUB (NP-SBJ (PRO you))
				      (BEP are)
				      (IP-INF (NP-OB1 *T*-1)
					      (TO to)
					      (VB give)
					      (NP-OB2 (D that)
						      (N Sum)
						      (CP-REL (WNP-2 (WPRO which))
							      (C 0)
							      (IP-SUB (NP-SBJ *T*-2)
								      (VBP makes)
								      (IP-SMC (NP-SBJ (Q both) (NS sides))
									      (ADJP (ADJ equal))))))))))
	  (, ;)
	  (VBI observe)
	  (NP-OB1 (D the) (VAG following) (NS Instructions))
	  (, ,)
	  (IP-PPL (VAG noticing)
		  (, ,)
		  (CP-THT (C 0)
			  (IP-SUB (IP-SUB (PP (P when)
					      (CP-ADV (C 0)
						      (IP-SUB (NP-SBJ (D the) (N Difference))
							      (BEP is)
							      (VAN expressed)
							      (PP (P by)
								  (NP (D the)
								      (N Word)
								      (CODE <font>)
								      (QTP (P To)))))))
					  (CODE <$$font>)
					  (, ,)
					  (NP-SBJ (PRO it))
					  (VBP falls)
					  (PP (P on)
					      (NP (D the) (CODE <font>) (N Debit) (N side))))
				  (CODE <$$font>)
				  (, ,)
				  (CONJP (IP-SUB (PP (P if)
						     (PP (P by)
							 (NP (D the)
							     (N Word)
							     (CODE <font>)
							     (QTP (P By)))))
						 (CODE <$$font>)
						 (, ,)
						 (NP-SBJ (PRO it))
						 (BEP is)
						 (PP (P on)
						     (NP (D the) (CODE <font>) (N Credit) (N side))))))))
	  (. .)
	  (CODE <$$font>))
  (ID DRUMMOND-1718,20.215))

/~*
Cash closes To or By Ballance. Houses - To or By Ballance. Estate - - By
Ballance. Mens Accompts - To or By Ballance. Goods - To or By Gain and Loss,
if sold. Ditto - - By Ballance, for what are on hand. Ships - - By Ballance,
if not sold. Foreign Adventures - To or By Gain and Loss. Interest - To or By
Gain and Loss. Gain and Loss - To or By Stock. Proper Charges - - By Gain and
Loss. Bodomry - To or By Gain and Loss.
(DRUMMOND-1718,20.216)
*~/
/*
24 P:  24 P, 25 By, 15 P
48 P:  48 P, 49 By, 39 P
91 P:  91 P, 92 By, 82 P
116 P:  116 P, 117 By, 107 P
239 P:  239 P, 240 By, 230 P
271 P:  271 P, 272 By, 262 P
311 P:  311 P, 312 By, 302 P
362 P:  362 P, 363 By, 353 P
*/

( (IP-MAT (CODE <font>)
	  (IP-MAT-1 (NP-SBJ (N Cash))
		    (CODE <$$font>)
		    (VBP closes)
		    (CODE <font>)
		    (PP (P (P To) (CODE <$$font>) (CONJ or) (CODE <font>) (P By))
			(NP (N Ballance))))
	  (, .)
	  (CONJP (IP-MAT=1 (NP-SBJ (NS Houses))
			   (, -)
			   (PP (P (P To) (CODE <$$font>) (CONJ or) (CODE <font>) (P By))
			       (NP (N Ballance)))))
	  (, .)
	  (CONJP (IP-MAT=1 (NP-SBJ (N Estate))
			   (, -)
			   (, -)
			   (PP (P By)
			       (NP (N Ballance)))))
	  (, .)
	  (CONJP (IP-MAT=1 (NP-SBJ (NS$ Mens) (NS Accompts))
			   (, -)
			   (PP (P (P To) (CODE <$$font>) (CONJ or) (CODE <font>) (P By))
			       (NP (N Ballance)))))
	  (, .)
	  (CONJP (IP-MAT (IP-MAT=1 (NP-SBJ (NS Goods))
				   (, -)
				   (PP (P (P To) (CODE <$$font>) (CONJ or) (CODE <font>) (P By))
				       (NP (N Gain) (CODE <$$font>) (CONJ and) (CODE <font>) (N Loss)))
				   (CODE <$$font>)
				   (, ,)
				   (PP (P if)
				       (IP-PPL (VAN sold))))
			 (, .)
			 (CODE <font>)
			 (CONJP (IP-MAT=1 (NP-SBJ *con*)
					  (ADVP (ADV Ditto))
					  (, -)
					  (, -)
					  (PP (P By)
					      (NP (N Ballance)))
					  (CODE <$$font>)
					  (, ,)
					  (PP (P for)
					      (NP (CP-FRL (WNP-2 (WPRO what))
							  (C 0)
							  (IP-SUB (NP-SBJ *T*-2)
								  (BEP are)
								  (PP (P on)
								      (NP (N hand)))))))))))
	  (, .)
	  (CODE <font>)
	  (CONJP (IP-MAT=1 (NP-SBJ (NS Ships))
			   (, -)
			   (, -)
			   (PP (P By)
			       (NP (N Ballance)))
			   (CODE <$$font>)
			   (, ,)
			   (PP (P if)
			       (FRAG (NEG not) (VAN sold)))))
	  (, .)
	  (CODE <font>)
	  (CONJP (IP-MAT=1 (NP-SBJ (ADJ Foreign) (NS Adventures))
			   (, -)
			   (PP (P (P To) (CODE <$$font>) (CONJ or) (CODE <font>) (P By))
			       (NP (N Gain) (CODE <$$font>) (CONJ and) (CODE <font>) (N Loss)))))
	  (, .)
	  (CONJP (IP-MAT=1 (NP-SBJ (N Interest))
			   (, -)
			   (PP (P (P To) (CODE <$$font>) (CONJ or) (CODE <font>) (P By))
			       (NP (N Gain) (CODE <$$font>) (CONJ and) (CODE <font>) (N Loss)))))
	  (, .)
	  (CONJP (IP-MAT=1 (NP-SBJ (N Gain) (CODE <$$font>) (CONJ and) (CODE <font>) (N Loss))
			   (, -)
			   (PP (P (P To) (CODE <$$font>) (CONJ or) (CODE <font>) (P By))
			       (NP (N Stock)))))
	  (, .)
	  (CONJP (IP-MAT=1 (NP-SBJ (ADJ Proper) (NS Charges))
			   (, -)
			   (, -)
			   (PP (P By)
			       (NP (N Gain) (CODE <$$font>) (CONJ and) (CODE <font>) (N Loss)))))
	  (, .)
	  (CONJP (IP-MAT=1 (NP-SBJ (N Bodomry))
			   (, -)
			   (PP (P (P To) (CODE <$$font>) (CONJ or) (CODE <font>) (P By))
			       (NP (N Gain) (CODE <$$font>) (CONJ and) (CODE <font>) (N Loss)))))
	  (. .))
  (ID DRUMMOND-1718,20.216))

/~*
and closes To, or By Gain and Loss, as you are better or worse by your Trade,
which you see by the Ballance of the Accompt under that Title.
(DRUMMOND-1718,21.220)
*~/
/*
22 P:  22 P, 23 By, 11 P
*/

( (IP-MAT (CONJ and)
	  (NP-SBJ *con*)
	  (VBP closes)
	  (CODE <font>)
	  (PP (P (P To) (CODE <$$font>) (, ,) (CONJ or) (CODE <font>) (P By))
	      (NP (N Gain) (CODE <$$font>) (CONJ and) (CODE <font>) (N Loss)))
	  (CODE <$$font>)
	  (, ,)
	  (PP (P as)
	      (CP-ADV (WADVP-1 0)
		      (C 0)
		      (IP-SUB (ADVP *T*-1)
			      (NP-SBJ (PRO you))
			      (BEP are)
			      (ADJP (ADJR better) (CONJ or) (ADJR worse))
			      (PP (P by)
				  (NP (PRO$ your) (N Trade)))
			      (, ,)
			      (CP-CAR (WNP-2 (WPRO which))
				      (C 0)
				      (IP-SUB (NP-OB1 *T*-2)
					      (NP-SBJ (PRO you))
					      (VBP see)
					      (PP (P by)
						  (NP (D the)
						      (N Ballance)
						      (PP (P of)
							  (NP (D the) (N Accompt)))
						      (PP (P under)
							  (NP (D that) (N Title))))))))))
	  (. .))
  (ID DRUMMOND-1718,21.220))
/*
FOOTER
  source file, hits/tokens/total
  C:\Users\Shoo\Dropbox\workspace\CorpusSearch_Auto\data\corporas\PPCMBE\temp1492106160469\medicine_handbooks_religious_and_educational_treatises\drummond-1718.psd	15/7/436
*/
/*
HEADER:
source file:  C:\Users\Shoo\Dropbox\workspace\CorpusSearch_Auto\data\corporas\PPCMBE\temp1492106160469\medicine_handbooks_religious_and_educational_treatises\fleming-1886.psd
*/

/~*
Old hay is preferable to, and more valuable than, new;
(FLEMING-1886,71.60)
*~/
/*
25 P:  25 P, 26 than, 24 PP
*/

( (IP-MAT (NP-SBJ (ADJ Old) (N hay))
	  (BEP is)
	  (ADJP-1 (ADJ preferable)
		  (PP (P to)
		      (, ,)
		      (ADJP-PRN=1 (CONJ and)
				  (QR more)
				  (ADJ valuable)
				  (PP (P than)))
		      (, ,)
		      (NP (ADJ new))))
	  (. ;))
  (ID FLEMING-1886,71.60))

/~*
As before mentioned, the quantity of food allowed for a horse, over and above
what is required to maintain health, should be in proportion to the amount of
work exacted.
(FLEMING-1886,86.359)
*~/
/*
43 P:  43 P, 44 above, 38 P
*/

( (IP-MAT (PP (P As)
	      (IP-PPL (ADVP-TMP (ADV before))
		      (VAN mentioned)))
	  (, ,)
	  (NP-SBJ (D the)
		  (N quantity)
		  (PP (P of)
		      (NP (N food)))
		  (RRC (VAN allowed)
		       (PP (P for)
			   (NP (D a) (N horse)))
		       (, ,)
		       (PP (P (P over) (CONJ and) (P above))
			   (NP (CP-FRL (WNP-1 (WPRO what))
				       (C 0)
				       (IP-SUB (NP-SBJ *T*-1)
					       (BEP is)
					       (VAN required)
					       (IP-INF-PRP (TO to)
							   (VB maintain)
							   (NP-OB1 (N health)))))))))
	  (, ,)
	  (MD should)
	  (BE be)
	  (PP (P in)
	      (NP (N proportion)
		  (PP (P to)
		      (NP (D the)
			  (N amount)
			  (PP (P of)
			      (NP (N work)))
			  (RRC (VAN exacted))))))
	  (. .))
  (ID FLEMING-1886,86.359))

/~*
It is a wise plan always to give water before feeding, not after;
(FLEMING-1886,92.463)
*~/
/*
39 P:  39 P, 40 after, 36 CONJP-2
*/

( (IP-MAT (NP-SBJ-1 (PRO It))
	  (BEP is)
	  (NP-OB1 (D a) (ADJ wise) (N plan))
	  (IP-INF-1 (ADVP-TMP (ADV always))
		    (TO to)
		    (VB give)
		    (NP-OB1 (N water))
		    (PP (P (P before)
			   (CONJP *ICH*-2))
			(NP (N feeding))
			(, ,)
			(CONJP-2 (NEG not) (P after))))
	  (. ;))
  (ID FLEMING-1886,92.463))
/*
FOOTER
  source file, hits/tokens/total
  C:\Users\Shoo\Dropbox\workspace\CorpusSearch_Auto\data\corporas\PPCMBE\temp1492106160469\medicine_handbooks_religious_and_educational_treatises\fleming-1886.psd	3/3/522
*/
/*
HEADER:
source file:  C:\Users\Shoo\Dropbox\workspace\CorpusSearch_Auto\data\corporas\PPCMBE\temp1492106160469\medicine_handbooks_religious_and_educational_treatises\grafting-1780.psd
*/

/~*
The cement, or clay, the use of which is to keep out the air must then be
applied, which must be daubed about the stock and cion a compleat inch above
and below the stock's head.
(GRAFTING-1780,11.80)
*~/
/*
111 P:  111 P, 112 below, 106 P
*/

( (IP-MAT (NP-SBJ (D The)
		  (N cement)
		  (, ,)
		  (CONJP (CONJ or)
			 (NX (N clay)))
		  (, ,)
		  (CODE <paren>)
		  (CP-REL (WNP-1 (D the)
				 (N use)
				 (WPP (P of)
				      (WNP (WPRO which))))
			  (C 0)
			  (IP-SUB (NP-SBJ *T*-1)
				  (BEP is)
				  (IP-INF (TO to)
					  (VB keep)
					  (RP out)
					  (NP-OB1 (D the) (N air)))))
		  (CP-REL *ICH*-2))
	  (CODE <$$paren>)
	  (MD must)
	  (ADVP-TMP (ADV then))
	  (BE be)
	  (VAN applied)
	  (, ,)
	  (CP-REL-2 (WNP-3 (WPRO which))
		    (C 0)
		    (IP-SUB (NP-SBJ *T*-3)
			    (MD must)
			    (BE be)
			    (VAN daubed)
			    (PP (P about)
				(NP (D the)
				    (N stock)
				    (CONJP (CONJ and)
					   (NX (N cion)))))
			    (PP (NP-MSR (D a) (CODE <font>) (ADJ compleat) (N inch))
				(CODE <$$font>)
				(P (P above) (CONJ and) (P below))
				(NP (NP-POS (D the) (N$ stock's))
				    (N head)))))
	  (. .))
  (ID GRAFTING-1780,11.80))

/~*
There might, as I said before, be a great many curious experiments made to
advantage, by judicious persons, in grafting and inoculation, which have never
yet been tried, or so much as thought of.
(GRAFTING-1780,48.379)
*~/
/*
112 P:  112 P, 113 as, 111 PP
*/

( (IP-MAT (NP-SBJ-1 (EX There))
	  (MD might)
	  (, ,)
	  (PP (P as)
	      (CP-ADV (WNP-2 0)
		      (C 0)
		      (IP-SUB (NP-OB1 *T*-2)
			      (NP-SBJ (PRO I))
			      (VBD said)
			      (ADVP-TMP (ADV before)))))
	  (, ,)
	  (BE be)
	  (NP-1 (QP (D a) (ADJ great) (Q many))
		(ADJ curious)
		(NS experiments)
		(CP-REL *ICH*-3))
	  (VAN made)
	  (PP (P to)
	      (NP (N advantage)))
	  (, ,)
	  (PP (P by)
	      (NP (ADJ judicious) (NS persons)))
	  (, ,)
	  (PP (P in)
	      (NP (N grafting) (CONJ and) (N inoculation)))
	  (, ,)
	  (CP-REL-3 (WNP-4 (WPRO which))
		    (C 0)
		    (IP-SUB (IP-SUB-5 (NP-SBJ *T*-4)
				      (HVP have)
				      (ADVP-TMP (ADV never) (ADV yet))
				      (BEN been)
				      (VAN tried))
			    (, ,)
			    (CONJP (CONJ or)
				   (IP-SUB=5 (NP-MSR (QP (ADVR so) (Q much))
						     (PP (P as)))
					     (VAN thought)
					     (PP (P of)
						 (NP *))))))
	  (. .))
  (ID GRAFTING-1780,48.379))
/*
FOOTER
  source file, hits/tokens/total
  C:\Users\Shoo\Dropbox\workspace\CorpusSearch_Auto\data\corporas\PPCMBE\temp1492106160469\medicine_handbooks_religious_and_educational_treatises\grafting-1780.psd	2/2/423
*/
/*
HEADER:
source file:  C:\Users\Shoo\Dropbox\workspace\CorpusSearch_Auto\data\corporas\PPCMBE\temp1492106160469\medicine_handbooks_religious_and_educational_treatises\lancaster-1806.psd
*/

/~*
There are three simple examples, which regulate the formation of the whole
alphabet. First, a line, as in the letters, I, H, T, L, E, F, i, l: Second,
depending upon the formation of an angle; as, A, V, W, M, N, Z, K, Y, X, - v,
w, k, y, z, x: a circle, or a curve; as, O, U, C, J, G, D, P, B, R, Q, S, - a,
o, b, d, p, q, g, e, m, n, h, t, u, r, s, f, j.
(LANCASTER-1806,44.180)
*~/
/*
284 P:  284 P, 283 N
*/

( (IP-MAT (NP-SBJ-1 (EX There))
	  (BEP are)
	  (NP-1 (NUM three)
		(ADJ simple)
		(NS examples)
		(, ,)
		(CP-REL (WNP-2 (WPRO which))
			(C 0)
			(IP-SUB (NP-SBJ *T*-2)
				(VBP regulate)
				(NP-OB1 (D the)
					(N formation)
					(PP (P of)
					    (NP (D the) (ADJ whole) (N alphabet))))))
		(, .)
		(CODE <font>)
		(NP-PRN (NP (LS (ADJ First))
			    (CODE <$$font>)
			    (, ,)
			    (D a)
			    (N line)
			    (, ,)
			    (PP (P as)
				(PP (P in)
				    (NP (D the)
					(NS letters)
					(, ,)
					(NP-PRN (N I)
						(, ,)
						(CONJP (N H))
						(, ,)
						(CONJP (N T))
						(, ,)
						(CONJP (N L))
						(, ,)
						(CONJP (N E))
						(, ,)
						(CONJP (N F))
						(, ,)
						(CONJP (N i))
						(, ,)
						(CONJP (N l)))))))
			(, :)
			(CODE <font>)
			(CONJP (NP (LS (ADJ Second))
				   (CODE <$$font>)
				   (, ,)
				   (IP-PPL (VAG depending)
					   (PP (P upon)
					       (NP (D the)
						   (N formation)
						   (PP (P of)
						       (NP (D an) (N angle))))))
				   (, ;)
				   (PP (P as)
				       (, ,)
				       (NP (N A)
					   (, ,)
					   (CONJP (N V))
					   (, ,)
					   (CONJP (N W))
					   (, ,)
					   (CONJP (N M))
					   (, ,)
					   (CONJP (N N))
					   (, ,)
					   (CONJP (N Z))
					   (, ,)
					   (CONJP (N K))
					   (, ,)
					   (CONJP (N Y))
					   (, ,)
					   (CONJP (N X))
					   (, ,)
					   (, -)
					   (CONJP (N v))
					   (, ,)
					   (CONJP (N w))
					   (, ,)
					   (CONJP (N k))
					   (, ,)
					   (CONJP (N y))
					   (, ,)
					   (CONJP (N z))
					   (, ,)
					   (CONJP (N x))))))
			(, :)
			(CONJP (NP (NP (D a) (N circle))
				   (, ,)
				   (CONJP (CONJ or)
					  (NP (D a) (N curve)))
				   (, ;)
				   (PP (P as)
				       (, ,)
				       (NP (N O)
					   (, ,)
					   (CONJP (N U))
					   (, ,)
					   (CONJP (N C))
					   (, ,)
					   (CONJP (N J))
					   (, ,)
					   (CONJP (N G))
					   (, ,)
					   (CONJP (N D))
					   (, ,)
					   (CONJP (N P))
					   (, ,)
					   (CONJP (N B))
					   (, ,)
					   (CONJP (N R))
					   (, ,)
					   (CONJP (N Q))
					   (, ,)
					   (CONJP (N S))
					   (, ,)
					   (, -)
					   (CONJP (N a))
					   (, ,)
					   (CONJP (N o))
					   (, ,)
					   (CONJP (N b))
					   (, ,)
					   (CONJP (N d))
					   (, ,)
					   (CONJP (N p))
					   (, ,)
					   (CONJP (N q))
					   (, ,)
					   (CONJP (N g))
					   (, ,)
					   (CONJP (N e))
					   (, ,)
					   (CONJP (N m))
					   (, ,)
					   (CONJP (N n))
					   (, ,)
					   (CONJP (N h))
					   (, ,)
					   (CONJP (N t))
					   (, ,)
					   (CONJP (N u))
					   (, ,)
					   (CONJP (N r))
					   (, ,)
					   (CONJP (N s))
					   (, ,)
					   (CONJP (N f))
					   (, ,)
					   (CONJP (N j))))))))
	  (. .))
  (ID LANCASTER-1806,44.180))
/*
FOOTER
  source file, hits/tokens/total
  C:\Users\Shoo\Dropbox\workspace\CorpusSearch_Auto\data\corporas\PPCMBE\temp1492106160469\medicine_handbooks_religious_and_educational_treatises\lancaster-1806.psd	1/1/548
*/
/*
HEADER:
source file:  C:\Users\Shoo\Dropbox\workspace\CorpusSearch_Auto\data\corporas\PPCMBE\temp1492106160469\medicine_handbooks_religious_and_educational_treatises\lind-1753.psd
*/

/~*
and agree best, when, before or during their operation, a stool is procured:
after which the patient is to be refreshed with wine.
(LIND-1753,267.176)
*~/
/*
28 P:  28 P, 29 during, 23 P
*/

( (IP-MAT (CONJ and)
	  (NP-SBJ *con*)
	  (VBP agree)
	  (ADVP (ADVS best))
	  (, ,)
	  (PP (P when)
	      (, ,)
	      (CP-ADV (C 0)
		      (IP-SUB (PP (P (P before) (CONJ or) (P during))
				  (NP (PRO$ their) (N operation)))
			      (, ,)
			      (NP-SBJ (D a) (N stool))
			      (BEP is)
			      (VAN procured)
			      (, :)
			      (CP-CAR (WPP-1 (P after)
					     (WNP (WPRO which)))
				      (C 0)
				      (IP-SUB (PP *T*-1)
					      (NP-SBJ (D the) (N patient))
					      (BEP is)
					      (IP-INF (TO to)
						      (BE be)
						      (VAN refreshed)
						      (PP (P with)
							  (NP (N wine)))))))))
	  (. .))
  (ID LIND-1753,267.176))
/*
FOOTER
  source file, hits/tokens/total
  C:\Users\Shoo\Dropbox\workspace\CorpusSearch_Auto\data\corporas\PPCMBE\temp1492106160469\medicine_handbooks_religious_and_educational_treatises\lind-1753.psd	1/1/294
*/
/*
HEADER:
source file:  C:\Users\Shoo\Dropbox\workspace\CorpusSearch_Auto\data\corporas\PPCMBE\temp1492106160469\medicine_handbooks_religious_and_educational_treatises\maxwell-1747.psd
*/

/~*
78. 3 d. If you find any great Quantity of young Bees lying on the Board or
Stone, either within or without the Entry, or on the Ground before the Hive,
$'t $is a Sign they suffer Famine;
(MAXWELL-1747,27.319)
*~/
/*
74 P:  74 P, 75 without, 67 P
*/

( (IP-MAT (LS (NUM 78))
	  (, .)
	  (LS (ADJ (ADJ21 3) (CODE <font>) (ADJ22 d)))
	  (, .)
	  (CODE <$$font>)
	  (PP (P If)
	      (CP-ADV (C 0)
		      (IP-SUB (NP-SBJ (PRO you))
			      (VBP find)
			      (IP-PPL-OB1 (NP-SBJ (Q any)
						  (ADJ great)
						  (N Quantity)
						  (PP (P of)
						      (NP (ADJ young) (NS Bees))))
					  (VAG lying)
					  (PP (P on)
					      (NP (D the)
						  (N Board)
						  (CONJP (CONJ or)
							 (NX (N Stone)))))
					  (, ,)
					  (PP (PP (P (CONJ either) (P within) (CONJ or) (P without))
						  (NP (D the) (N Entry)))
					      (, ,)
					      (CONJP (CONJ or)
						     (PP (P on)
							 (NP (D the)
							     (N Ground)
							     (PP (P before)
								 (NP (D the) (N Hive)))))))))))
	  (, ,)
	  (NP-SBJ (PRO $'t))
	  (BEP $is)
	  (CODE {TEXT:'tis})
	  (NP-OB1 (D a)
		  (N Sign)
		  (CP-THT (C 0)
			  (IP-SUB (NP-SBJ (PRO they))
				  (VBP suffer)
				  (NP-OB1 (N Famine)))))
	  (. ;))
  (ID MAXWELL-1747,27.319))

/~*
107. When you make these Remarks, you should cause watch them constantly, from
before Nine o'Clock, till the Height of the Day is more than past, and their
Throng is fully over;
(MAXWELL-1747,35.456)
*~/
/*
88 P:  88 P, 89 than, 87 PP
*/

( (IP-MAT (LS (NUM 107))
	  (, .)
	  (PP (P When)
	      (CP-ADV (C 0)
		      (IP-SUB (NP-SBJ (PRO you))
			      (VBP make)
			      (NP-OB1 (D these) (NS Remarks)))))
	  (, ,)
	  (NP-SBJ (PRO you))
	  (MD should)
	  (VB cause)
	  (IP-INF (VB watch)
		  (CODE {COM:sic})
		  (NP-OB1 (PRO them))
		  (ADVP (ADV constantly))
		  (, ,)
		  (NP-MSR (PP (P from)
			      (PP (P before)
				  (NP (NUM Nine)
				      (PP (P+N o'Clock)))))
			  (, ,)
			  (PP (P till)
			      (CP-ADV (C 0)
				      (IP-SUB (IP-SUB (NP-SBJ (D the)
							      (N Height)
							      (PP (P of)
								  (NP (D the) (N Day))))
						      (BEP is)
						      (NP-MSR (QR more)
							      (PP (P than)))
						      (VBN past))
					      (, ,)
					      (CONJP (CONJ and)
						     (IP-SUB (NP-SBJ (PRO$ their) (N Throng))
							     (BEP is)
							     (ADVP (ADV fully))
							     (RP over))))))))
	  (. ;))
  (ID MAXWELL-1747,35.456))
/*
FOOTER
  source file, hits/tokens/total
  C:\Users\Shoo\Dropbox\workspace\CorpusSearch_Auto\data\corporas\PPCMBE\temp1492106160469\medicine_handbooks_religious_and_educational_treatises\maxwell-1747.psd	2/2/470
*/
/*
HEADER:
source file:  C:\Users\Shoo\Dropbox\workspace\CorpusSearch_Auto\data\corporas\PPCMBE\temp1492106160469\medicine_handbooks_religious_and_educational_treatises\poore-1876.psd
*/

/~*
If there is tenderness over any of the vertebrae corresponding with the part
of the cord from which the painful nerves arise, one of the rheophores should
be placed at or a little above this spot.
(POORE-1876,162.50)
*~/
/*
101 P:  101 P, 102 above, 93 FRAG
*/

( (IP-MAT (PP (P If)
	      (CP-ADV (C 0)
		      (IP-SUB (NP-SBJ-1 (EX there))
			      (BEP is)
			      (NP-1 (N tenderness))
			      (PP (P over)
				  (NP (Q any)
				      (PP (P of)
					  (NP (D the)
					      (NS vertebrae)
					      (RRC (VAG corresponding)
						   (PP (P with)
						       (NP (D the)
							   (N part)
							   (PP (P of)
							       (NP (D the) (N cord)))
							   (CP-REL (WPP-2 (P from)
									  (WNP (WPRO which)))
								   (C 0)
								   (IP-SUB (PP *T*-2)
									   (NP-SBJ (D the) (ADJ painful) (NS nerves))
									   (VBP arise)))))))))))))
	  (, ,)
	  (NP-SBJ (ONE one)
		  (PP (P of)
		      (NP (D the) (NS rheophores))))
	  (MD should)
	  (BE be)
	  (VAN placed)
	  (PP (P at)
	      (FRAG (CONJ or)
		    (NP-MSR (D a) (ADJ little))
		    (P above))
	      (NP (D this) (N spot)))
	  (. .))
  (ID POORE-1876,162.50))

/~*
She complained of a fixed violent pain in the right arm, in the situation of
the middle of the biceps muscle, and repeated and sudden daily and nightly '
paroxysms of agony' shooting up and down the arm.
(POORE-1876,167.108)
*~/
/*
102 P:  102 P, 103 down, 97 P
*/

( (IP-MAT (NP-SBJ (PRO She))
	  (VBD complained)
	  (PP (P of)
	      (NP (NP (D a)
		      (ADJP (VAN fixed) (ADJ violent))
		      (N pain)
		      (PP (P in)
			  (NP (D the) (ADJ right) (N arm)))
		      (, ,)
		      (PP (P in)
			  (NP (D the)
			      (N situation)
			      (PP (P of)
				  (NP (D the)
				      (N middle)
				      (PP (P of)
					  (NP (D the) (N biceps) (N muscle))))))))
		  (, ,)
		  (CONJP (CONJ and)
			 (IP-PPL (NP-SBJ (ADJP (ADJP (VAN repeated) (CONJ and) (ADJ sudden))
					       (CONJP (ADJP (ADJ daily) (CONJ and) (ADJ nightly))))
					 (' ')
					 (NS paroxysms)
					 (PP (P of)
					     (NP (N agony))))
				 (' ')
				 (VAG shooting)
				 (PP (P (P up) (CONJ and) (P down))
				     (NP (D the) (N arm)))))))
	  (. .))
  (ID POORE-1876,167.108))

/~*
and was obliged to perform the journey to and from the hospital in an omnibus.
(POORE-1876,171.168)
*~/
/*
26 P:  26 P, 27 from, 21 P
*/

( (IP-MAT (CONJ and)
	  (NP-SBJ *con*)
	  (BED was)
	  (VAN obliged)
	  (IP-INF (TO to)
		  (VB perform)
		  (NP-OB1 (D the)
			  (N journey)
			  (PP (P (P to) (CONJ and) (P from))
			      (NP (D the) (N hospital))))
		  (PP (P in)
		      (NP (D an) (N omnibus))))
	  (. .))
  (ID POORE-1876,171.168))
/*
FOOTER
  source file, hits/tokens/total
  C:\Users\Shoo\Dropbox\workspace\CorpusSearch_Auto\data\corporas\PPCMBE\temp1492106160469\medicine_handbooks_religious_and_educational_treatises\poore-1876.psd	3/3/435
*/
/*
HEADER:
source file:  C:\Users\Shoo\Dropbox\workspace\CorpusSearch_Auto\data\corporas\PPCMBE\temp1492106160469\medicine_handbooks_religious_and_educational_treatises\skeavington-184x.psd
*/
/*
FOOTER
  source file, hits/tokens/total
  C:\Users\Shoo\Dropbox\workspace\CorpusSearch_Auto\data\corporas\PPCMBE\temp1492106160469\medicine_handbooks_religious_and_educational_treatises\skeavington-184x.psd	0/0/494
*/
/*
HEADER:
source file:  C:\Users\Shoo\Dropbox\workspace\CorpusSearch_Auto\data\corporas\PPCMBE\temp1492106160469\medicine_handbooks_religious_and_educational_treatises\tindall-1814.psd
*/
/*
FOOTER
  source file, hits/tokens/total
  C:\Users\Shoo\Dropbox\workspace\CorpusSearch_Auto\data\corporas\PPCMBE\temp1492106160469\medicine_handbooks_religious_and_educational_treatises\tindall-1814.psd	0/0/464
*/
/*
HEADER:
source file:  C:\Users\Shoo\Dropbox\workspace\CorpusSearch_Auto\data\corporas\PPCMBE\temp1492106160469\medicine_handbooks_religious_and_educational_treatises\weathers-1913.psd
*/

/~*
The hardy-plantsmen, therefore, who make a practice of displaying their
specialities at the various exhibitions up and down the country stand an
excellent chance of making new customers if they exhibit really choice and
well-grown stuff, and set it up with all the art of window dressing.
(WEATHERS-1913,1,4.85)
*~/
/*
59 P:  59 P, 60 down, 54 P
*/

( (IP-MAT (NP-SBJ (D The)
		  (ADJ+NS+NS hardy-plantsmen)
		  (CP-REL *ICH*-1))
	  (, ,)
	  (PP (ADV+P therefore))
	  (, ,)
	  (CP-REL-1 (WNP-2 (WPRO who))
		    (C 0)
		    (IP-SUB (NP-SBJ *T*-2)
			    (VBP make)
			    (NP-OB1 (D a) (N practice))
			    (PP (P of)
				(IP-PPL (VAG displaying)
					(NP-OB1 (PRO$ their) (NS specialities))
					(PP (P at)
					    (NP (D the) (ADJ various) (NS exhibitions)))
					(PP (P (P up) (CONJ and) (P down))
					    (NP (D the) (N country)))))))
	  (VBP stand)
	  (NP-OB1 (D an)
		  (ADJ excellent)
		  (N chance)
		  (PP (P of)
		      (IP-PPL (VAG making)
			      (NP-OB1 (ADJ new) (NS customers)))))
	  (PP (P if)
	      (CP-ADV (C 0)
		      (IP-SUB (IP-SUB (NP-SBJ (PRO they))
				      (VBP exhibit)
				      (NP-OB1 (ADJP (ADV really)
						    (ADJ choice)
						    (CONJP (CONJ and)
							   (ADJX (ADV+VAN well-grown))))
					      (N stuff)))
			      (, ,)
			      (CONJP (CONJ and)
				     (IP-SUB (NP-SBJ *con*)
					     (VBP set)
					     (NP-OB1 (PRO it))
					     (RP up)
					     (PP (P with)
						 (NP (Q all)
						     (D the)
						     (N art)
						     (PP (P of)
							 (NP (N window) (N dressing))))))))))
	  (. .))
  (ID WEATHERS-1913,1,4.85))
/*
FOOTER
  source file, hits/tokens/total
  C:\Users\Shoo\Dropbox\workspace\CorpusSearch_Auto\data\corporas\PPCMBE\temp1492106160469\medicine_handbooks_religious_and_educational_treatises\weathers-1913.psd	1/1/395
*/
/*
HEADER:
source file:  C:\Users\Shoo\Dropbox\workspace\CorpusSearch_Auto\data\corporas\PPCMBE\temp1492106160469\medicine_handbooks_religious_and_educational_treatises\webster-1718.psd
*/
/*
FOOTER
  source file, hits/tokens/total
  C:\Users\Shoo\Dropbox\workspace\CorpusSearch_Auto\data\corporas\PPCMBE\temp1492106160469\medicine_handbooks_religious_and_educational_treatises\webster-1718.psd	0/0/77
*/
/*
HEADER:
source file:  C:\Users\Shoo\Dropbox\workspace\CorpusSearch_Auto\data\corporas\PPCMBE\temp1492106160469\medicine_handbooks_religious_and_educational_treatises\whewell-1837.psd
*/

/~*
But there are some other questions concerning the matter taught, which may be
considered here; for instance, the proposal to include in it modern languages
and their literature, instead of, or along with, the ancient authors of Greece
and Rome; and to introduce the modern sciences, as general physics, chemistry,
natural history, and geology, along with pure and mixed mathematics.
(WHEWELL-1837,32.309)
*~/
/*
103 P:  103 P, 104 with, 98 FRAG
*/

( (IP-MAT (CONJ But)
	  (NP-SBJ-1 (EX there))
	  (BEP are)
	  (NP-1 (Q some)
		(OTHER other)
		(NS questions)
		(IP-PPL (VAG concerning)
			(NP-OB1 (D the)
				(N matter)
				(RRC (VAN taught))))
		(, ,)
		(CP-REL (WNP-2 (WPRO which))
			(C 0)
			(IP-SUB (NP-SBJ *T*-2)
				(MD may)
				(BE be)
				(VAN considered)
				(ADVP-LOC (ADV here))))
		(, ;)
		(NP-PRN (PP (P for)
			    (NP (N instance)))
			(, ,)
			(D the)
			(N proposal)
			(IP-INF (IP-INF (TO to)
					(VB include)
					(PP (P in)
					    (NP (PRO it)))
					(NP-OB1 (NP (ADJ modern) (NS languages))
						(CONJP (CONJ and)
						       (NP (PRO$ their) (N literature))))
					(, ,)
					(PP (P+N instead)
					    (PP (P of)
						(, ,)
						(FRAG (CONJ or) (ADV along) (P with))
						(, ,)
						(NP (D the)
						    (ADJ ancient)
						    (NS authors)
						    (PP (P of)
							(NP (NPR Greece) (CONJ and) (NPR Rome)))))))
				(, ;)
				(CONJP (CONJ and)
				       (IP-INF (TO to)
					       (VB introduce)
					       (NP-OB1 (D the)
						       (ADJ modern)
						       (NS sciences)
						       (, ,)
						       (PP (P as)
							   (NP (NP (ADJ general) (N physics))
							       (, ,)
							       (CONJP (NP (N chemistry)))
							       (, ,)
							       (CONJP (NP (ADJ natural) (N history)))
							       (, ,)
							       (CONJP (CONJ and)
								      (NP (N geology))))))
					       (, ,)
					       (PP (ADV along)
						   (P with)
						   (NP (ADJP (ADJ pure) (CONJ and) (VAN mixed))
						       (NS mathematics))))))))
	  (. .))
  (ID WHEWELL-1837,32.309))
/*
FOOTER
  source file, hits/tokens/total
  C:\Users\Shoo\Dropbox\workspace\CorpusSearch_Auto\data\corporas\PPCMBE\temp1492106160469\medicine_handbooks_religious_and_educational_treatises\whewell-1837.psd	1/1/404
*/
/*
SUMMARY:  
source files, hits/tokens/total
  C:\Users\Shoo\Dropbox\workspace\CorpusSearch_Auto\data\corporas\PPCMBE\temp1492106160469\medicine_handbooks_religious_and_educational_treatises\anon-1711.psd	2/2/241
  C:\Users\Shoo\Dropbox\workspace\CorpusSearch_Auto\data\corporas\PPCMBE\temp1492106160469\medicine_handbooks_religious_and_educational_treatises\bain-1878.psd	0/0/488
  C:\Users\Shoo\Dropbox\workspace\CorpusSearch_Auto\data\corporas\PPCMBE\temp1492106160469\medicine_handbooks_religious_and_educational_treatises\barclay-1743.psd	1/1/475
  C:\Users\Shoo\Dropbox\workspace\CorpusSearch_Auto\data\corporas\PPCMBE\temp1492106160469\medicine_handbooks_religious_and_educational_treatises\bardsley-1807.psd	0/0/422
  C:\Users\Shoo\Dropbox\workspace\CorpusSearch_Auto\data\corporas\PPCMBE\temp1492106160469\medicine_handbooks_religious_and_educational_treatises\benson-1908.psd	1/1/458
  C:\Users\Shoo\Dropbox\workspace\CorpusSearch_Auto\data\corporas\PPCMBE\temp1492106160469\medicine_handbooks_religious_and_educational_treatises\brightland-1711.psd	1/1/49
  C:\Users\Shoo\Dropbox\workspace\CorpusSearch_Auto\data\corporas\PPCMBE\temp1492106160469\medicine_handbooks_religious_and_educational_treatises\chapman-1774.psd	0/0/383
  C:\Users\Shoo\Dropbox\workspace\CorpusSearch_Auto\data\corporas\PPCMBE\temp1492106160469\medicine_handbooks_religious_and_educational_treatises\drummond-1718.psd	15/7/436
  C:\Users\Shoo\Dropbox\workspace\CorpusSearch_Auto\data\corporas\PPCMBE\temp1492106160469\medicine_handbooks_religious_and_educational_treatises\fleming-1886.psd	3/3/522
  C:\Users\Shoo\Dropbox\workspace\CorpusSearch_Auto\data\corporas\PPCMBE\temp1492106160469\medicine_handbooks_religious_and_educational_treatises\grafting-1780.psd	2/2/423
  C:\Users\Shoo\Dropbox\workspace\CorpusSearch_Auto\data\corporas\PPCMBE\temp1492106160469\medicine_handbooks_religious_and_educational_treatises\lancaster-1806.psd	1/1/548
  C:\Users\Shoo\Dropbox\workspace\CorpusSearch_Auto\data\corporas\PPCMBE\temp1492106160469\medicine_handbooks_religious_and_educational_treatises\lind-1753.psd	1/1/294
  C:\Users\Shoo\Dropbox\workspace\CorpusSearch_Auto\data\corporas\PPCMBE\temp1492106160469\medicine_handbooks_religious_and_educational_treatises\maxwell-1747.psd	2/2/470
  C:\Users\Shoo\Dropbox\workspace\CorpusSearch_Auto\data\corporas\PPCMBE\temp1492106160469\medicine_handbooks_religious_and_educational_treatises\poore-1876.psd	3/3/435
  C:\Users\Shoo\Dropbox\workspace\CorpusSearch_Auto\data\corporas\PPCMBE\temp1492106160469\medicine_handbooks_religious_and_educational_treatises\skeavington-184x.psd	0/0/494
  C:\Users\Shoo\Dropbox\workspace\CorpusSearch_Auto\data\corporas\PPCMBE\temp1492106160469\medicine_handbooks_religious_and_educational_treatises\tindall-1814.psd	0/0/464
  C:\Users\Shoo\Dropbox\workspace\CorpusSearch_Auto\data\corporas\PPCMBE\temp1492106160469\medicine_handbooks_religious_and_educational_treatises\weathers-1913.psd	1/1/395
  C:\Users\Shoo\Dropbox\workspace\CorpusSearch_Auto\data\corporas\PPCMBE\temp1492106160469\medicine_handbooks_religious_and_educational_treatises\webster-1718.psd	0/0/77
  C:\Users\Shoo\Dropbox\workspace\CorpusSearch_Auto\data\corporas\PPCMBE\temp1492106160469\medicine_handbooks_religious_and_educational_treatises\whewell-1837.psd	1/1/404
whole search, hits/tokens/total
		34/26/7478
*/
