/*
PREFACE:  
Copyright 2010 Beth Randall
Date:  Thu Apr 13 19:02:21 BST 2017

command file:     data\searches\queries\PENN\progressive_forms_in_noun_phrases_subject_non-nominative.q
output file:      C:\Users\Shoo\Dropbox\workspace\CorpusSearch_Auto\data\output\13-04-2017 18.46.36.333 PPCME2\progressive_forms_in_noun_phrases_subject_nonnominative\homilies_and_sermons\result.out

node:   NP-SBJ*|BAG*|HAG*|VAG*|DAG*
query:  (BAG*|HAG*|VAG*|DAG* Dominates  !BAG*|HAG*|VAG*|DAG*) 
  AND  (NP-SBJ* Dominates  BAG*|HAG*|VAG*|DAG*) 
*/
/*
HEADER:
source file:  C:\Users\Shoo\Dropbox\workspace\CorpusSearch_Auto\data\corporas\PPCME2\temp1492106398658\homilies_and_sermons\cmcapser.m4.psd
*/
/*
FOOTER
  source file, hits/tokens/total
  C:\Users\Shoo\Dropbox\workspace\CorpusSearch_Auto\data\corporas\PPCME2\temp1492106398658\homilies_and_sermons\cmcapser.m4.psd	0/0/91
*/
/*
HEADER:
source file:  C:\Users\Shoo\Dropbox\workspace\CorpusSearch_Auto\data\corporas\PPCME2\temp1492106398658\homilies_and_sermons\cmfitzja.m4.psd
*/

/~*
This myghty prynce dilygently executynge the hyghe co~maundement of Ihu~ cryst
of whom. & to whom. he was bothe fygure & seruaunt thorugh the grete myghte &
power to hym gracyously geuen. so lad. so guyded. so sauyd y=e= people to his
rule co~myttid. that he brought them in y=e= lond. to Abraham. Ysaac. & Jacob.
repromysid <slash> ther vaynquisshyd & distroyed the enmyes of god <slash>
dyuydid the londe among goddis seruauntes. & fynally sette them in reste &
peasyble possession of the same As bryefly declareth saynt Jerom in his
epistle ad paulinu~
(CMFITZJA,A3V.35)
*~/
/*
13 VAG:  13 VAG, 14 executynge, 2 NP-SBJ
*/
( (IP-MAT-1 (NP-SBJ (D This)
		    (ADJ myghty)
		    (N prynce)
		    (RRC (ADVP (ADV dilygently))
			 (VAG executynge)
			 (NP-OB1 (D the)
				 (ADJ hyghe)
				 (N co~maundement)
				 (PP (P of)
				     (NP (NPR Ihu~)
					 (NPR cryst)
					 (CP-REL (WPP-2 (WPP (P of)
							     (WNP (WPRO whom)))
							(, .)
							(CONJP (CONJ &)
							       (WPP (P to)
								    (WNP (WPRO whom)))))
						 (, .)
						 (C 0)
						 (IP-SUB (NP-SBJ (PRO he))
							 (BED was)
							 (NP-OB1 (CONJ bothe)
								 (N fygure)
								 (CONJ &)
								 (N seruaunt)
								 (PP *T*-2))
							 (PP (P thorugh)
							     (NP (D the)
								 (ADJ grete)
								 (N myghte)
								 (CONJP (CONJ &)
									(NX (N power)))
								 (RRC (PP (P to)
									  (NP (PRO hym)))
								      (ADVP (ADV gracyously))
								      (VAN geuen)))))))))))
	    (, .)
	    (ADVP (ADVR so)
		  (CP-DEG *ICH*-3))
	    (VBD lad)
	    (, .)
	    (IP-MAT-PRN=1 (ADVP (ADVR so)
				(CP-DEG *ICH*-3))
			  (VBD guyded))
	    (, .)
	    (IP-MAT-PRN=1 (ADVP (ADVR so)
				(CP-DEG *ICH*-3))
			  (VBD sauyd))
	    (NP-OB1 (D y=e=)
		    (N people)
		    (RRC (PP (P to)
			     (NP (PRO$ his) (N rule)))
			 (VAN co~myttid)))
	    (, .)
	    (CP-DEG-3 (C that)
		      (IP-SUB (IP-SUB (NP-SBJ (PRO he))
				      (VBD brought)
				      (NP-OB1 (PRO them))
				      (PP (P in)
					  (NP (D y=e=)
					      (N lond)
					      (, .)
					      (RRC (PP (P to)
						       (NP (NPR Abraham) (, .) (NPR Ysaac) (, .) (CONJ &) (NPR Jacob)))
						   (, .)
						   (VAN repromysid)))))
			      (, <slash>)
			      (CONJP (IP-SUB (NP-SBJ *con*)
					     (ADVP-LOC (ADV ther))
					     (VBD (VBD vaynquisshyd) (CONJ &) (VBD distroyed))
					     (NP-OB1 (D the)
						     (NS enmyes)
						     (PP (P of)
							 (NP (NPR god))))))
			      (, <slash>)
			      (CONJP (IP-SUB (NP-SBJ *con*)
					     (VBD dyuydid)
					     (NP-OB1 (D the) (N londe))
					     (PP (P among)
						 (NP (NPR$ goddis) (NS seruauntes)))))
			      (, .)
			      (CONJP (CONJ &)
				     (IP-SUB (NP-SBJ *con*)
					     (ADVP-TMP (ADV fynally))
					     (VBD sette)
					     (NP-OB1 (PRO them))
					     (PP (P in)
						 (NP (NP (N reste))
						     (CONJP (CONJ &)
							    (NP (ADJ peasyble)
								(N possession)
								(PP (P of)
								    (NP (D the) (ADJ same)))))))
					     (PP-PRN (P As)
						     (CP-ADV (WNP-4 0)
							     (C 0)
							     (IP-SUB (NP-OB1 *T*-4)
								     (ADVP (ADV bryefly))
								     (VBP declareth)
								     (NP-SBJ (NPR saynt) (NPR Jerom))
								     (PP (P in)
									 (NP (PRO$ his)
									     (N epistle)
									     (NP-PRN (LATIN (FW ad) (FW paulinu~)))))))))))))
  (ID CMFITZJA,A3V.35))

/~*
Now the fyrste of thyse greate preestis or Bysshops hauynge rule of the people.
was this Ihu~s the sone of Josedech A man of grete zele & deuowte obedyence
vnto god <slash> so y=t= he was conuenyently namyd Ihu~s. helper or sauer of
y=e= peple by deuowte obedyence. leuynge example to alle preestys. prelates in
especyall to beere deuowte obedience vnto almyghty god. & teche other the same
(CMFITZJA,A5R.72)
*~/
/*
27 HAG:  27 HAG, 28 hauynge, 5 NP-SBJ
*/

( (IP-MAT (ADVP-TMP (ADV Now))
	  (NP-SBJ (D the)
		  (ADJ fyrste)
		  (PP (P of)
		      (NP (D thyse)
			  (ADJ greate)
			  (NS preestis)
			  (CONJP (CONJ or)
				 (NX (NS Bysshops)))
			  (RRC (HAG hauynge)
			       (NP-OB1 (N rule)
				       (PP (P of)
					   (NP (D the) (N people))))))))
	  (, .)
	  (BED was)
	  (NP-OB1 (D this)
		  (NPR Ihu~s)
		  (NP-PRN (D the)
			  (N sone)
			  (PP (P of)
			      (NP (NPR Josedech))))
		  (NP-PRN (D A)
			  (N man)
			  (PP (P of)
			      (NP (NP (ADJ grete) (N zele))
				  (CONJP (CONJ &)
					 (NP (ADJ deuowte)
					     (N obedyence)
					     (PP (P vnto)
						 (NP (NPR god)))))))))
	  (, <slash>)
	  (PP (P so)
	      (CP-ADV (C y=t=)
		      (IP-SUB (NP-SBJ-1 (PRO he))
			      (BED was)
			      (ADVP (ADV conuenyently))
			      (VAN namyd)
			      (IP-SMC (NP-SBJ *-1)
				      (NP-OB1 (NPR Ihu~s)
					      (, .)
					      (NP-PRN (N helper)
						      (CONJ or)
						      (N sauer)
						      (PP (P of)
							  (NP (D y=e=) (N peple)))
						      (PP (P by)
							  (NP (ADJ deuowte) (N obedyence))))
					      (, .)
					      (NP-PRN (VAG leuynge)
						      (N example)
						      (PP (P to)
							  (NP (Q alle)
							      (NS preestys)
							      (, .)
							      (CONJP (NX (NS prelates)))))
						      (PP (P in)
							  (ADJP (ADJ especyall)))
						      (IP-INF (IP-INF (TO to)
								      (VB beere)
								      (NP-OB1 (ADJ deuowte) (N obedience))
								      (PP (P vnto)
									  (NP (ADJ almyghty) (NPR god))))
							      (, .)
							      (CONJP (CONJ &)
								     (IP-INF (TO *)
									     (VB teche)
									     (NP-OB2 (OTHER other))
									     (NP-OB1 (D the) (ADJ same))))))))))))
  (ID CMFITZJA,A5R.72))

/~*
This labour & besynesse sayth saynt Jerom. toke gentyl phylosophers oonly
lenyng vnto y=e= lyghte of reason. and wyth fayth no thynge Indowed <slash>
(CMFITZJA,B3R.147)
*~/
/*
34 VAG:  34 VAG, 35 lenyng, 25 NP-SBJ
*/

( (IP-MAT (NP-OB1 (D This)
		  (N labour)
		  (CONJP (CONJ &)
			 (NX (N besynesse))))
	  (IP-MAT-PRN (VBP sayth)
		      (NP-SBJ (NPR saynt) (NPR Jerom)))
	  (, .)
	  (VBD toke)
	  (NP-SBJ (ADJ gentyl)
		  (NS phylosophers)
		  (RRC (RRC (FP oonly)
			    (VAG lenyng)
			    (PP (P vnto)
				(NP (D y=e=)
				    (N lyghte)
				    (PP (P of)
					(NP (N reason))))))
		       (, .)
		       (CONJP (CONJ and)
			      (RRC (PP (P wyth)
				       (NP (N fayth)))
				   (NP-ADV (Q no) (N thynge))
				   (VAN Indowed)))))
	  (. <slash>))
  (ID CMFITZJA,B3R.147))

/~*
say ye vnto them <slash> y=t= he whiche truly bileuyth & is baptized. shalbe
euerlastyngly saued <slash> So y=t= in the scrypture of god is wryten true
wysdom conteynyng perfyte prudence. & perfyte sapience Prudence to directe
euery man in this worlde lyuynge. y=t= he erre not in worldly actes &
besinesse. Sapience <slash> y=t= he erre not in his finall ende. & truthes to
the same required.
(CMFITZJA,B4V.182)
*~/
/*
90 VAG:  90 VAG, 91 conteynyng, 84 NP-SBJ
*/

( (IP-IMP-SPE (VBI say)
	      (NP-SBJ (PRO ye))
	      (PP (P vnto)
		  (NP (PRO them)))
	      (, <slash>)
	      (CP-THT-SPE (C y=t=)
			  (IP-SUB-SPE (NP-SBJ (PRO he)
					      (CP-REL-SPE (WNP-1 (WPRO whiche))
							  (C 0)
							  (IP-SUB-SPE (IP-SUB-SPE (NP-SBJ *T*-1)
										  (ADVP (ADV truly))
										  (VBP bileuyth))
								      (CONJP (CONJ &)
									     (IP-SUB-SPE (NP-SBJ *T*-1)
											 (BEP is)
											 (VAN baptized))))))
				      (, .)
				      (MD+BE shalbe)
				      (ADVP (ADV euerlastyngly))
				      (VB saued)
				      (, <slash>)
				      (PP (P So)
					  (CP-ADV-SPE (C y=t=)
						      (IP-SUB-SPE (IP-SUB-SPE-2 (PP (P in)
										    (NP (D the)
											(N scrypture)
											(PP (P of)
											    (NP (NPR god)))))
										(BEP is)
										(VAN wryten)
										(NP-SBJ (ADJ true)
											(N wysdom)
											(RRC (VAG conteynyng)
											     (NP-OB1 (NP (ADJ perfyte) (N prudence))
												     (, .)
												     (CONJP (CONJ &)
													    (NP (ADJ perfyte) (N sapience)))))))
								  (IP-SUB-SPE=2 (NP-SBJ (N Prudence))
										(IP-INF-PRP-SPE (TO to)
												(VB directe)
												(NP-OB1 (Q euery)
													(N man)
													(RRC (PP (P in)
														 (NP (D this) (N worlde)))
													     (VAG lyuynge)))
												(, .)
												(CP-ADV-SPE (C y=t=)
													    (IP-SUB-SPE (NP-SBJ (PRO he))
															(VBP erre)
															(NEG not)
															(PP (P in)
															    (NP (ADJ worldly)
																(NS actes)
																(CONJP (CONJ &)
																       (NX (N besinesse)))))))))
								  (, .)
								  (IP-SUB-SPE=2 (NP-SBJ (N Sapience))
										(, <slash>)
										(CP-ADV-SPE (C y=t=)
											    (IP-SUB-SPE (NP-SBJ (PRO he))
													(VBP erre)
													(NEG not)
													(PP (P in)
													    (NP (PRO$ his)
														(ADJ finall)
														(N ende)
														(, .)
														(CONJP (CONJ &)
														       (NX (NS truthes)
															   (RRC (PP (P to)
																    (NP (D the) (ADJ same)))
																(VAN required))))))))))))))
	      (. .))
  (ID CMFITZJA,B4V.182))
/*
FOOTER
  source file, hits/tokens/total
  C:\Users\Shoo\Dropbox\workspace\CorpusSearch_Auto\data\corporas\PPCME2\temp1492106398658\homilies_and_sermons\cmfitzja.m4.psd	4/4/228
*/
/*
HEADER:
source file:  C:\Users\Shoo\Dropbox\workspace\CorpusSearch_Auto\data\corporas\PPCME2\temp1492106398658\homilies_and_sermons\cmgaytry.m34.psd
*/

/~*
For +gife +ge conandely knawe +tise Sex thynges, thurgh thaym sall +ge cun
knawe Godd Almyghty, whaym, als Sayne Iohn sayse in his gospelle, cunnandely
for to knawe swylke als He es, It es endles lyfe and lastande blysse. To +te
whilke blysse He brynge vs, oure Lorde Gode Almyghty!
(CMGAYTRY,15.196)
*~/
/*
138 VAG:  138 VAG, 139 lastande, 47 NP-SBJ
*/

( (IP-MAT (CONJ For)
	  (PP (P +gife)
	      (CP-ADV (C 0)
		      (IP-SUB (NP-SBJ (PRO +ge))
			      (ADVP (ADV conandely))
			      (VBP knawe)
			      (NP-OB1 (D +tise) (NUM Sex) (NS thynges)))))
	  (, ,)
	  (PP (P thurgh)
	      (NP (PRO thaym)))
	  (MD sall)
	  (NP-SBJ (PRO +ge))
	  (MD0 cun)
	  (VB knawe)
	  (CP-THT (C 0)
		  (IP-SUB (NP-SBJ (NPR Godd)
				  (ADJP (ADJ Almyghty))
				  (, ,)
				  (CP-REL (WNP-1 (WPRO whaym))
					  (C 0)
					  (, ,)
					  (IP-SUB (PP-PRN (P als)
							  (CP-ADV (WNP-2 0)
								  (C 0)
								  (IP-SUB (NP-OB1 *T*-2)
									  (NP-SBJ (NPR Sayne) (NPR Iohn))
									  (VBP sayse)
									  (PP (P in)
									      (NP (PRO$ his) (N gospelle))))))
						  (, ,)
						  (IP-INF-3 (ADVP (ADV cunnandely))
							    (FOR for)
							    (TO to)
							    (VB knawe)
							    (NP-OB1 (SUCH swylke)
								    (PP (P als)
									(CP-CMP (WNP-4 0)
										(C 0)
										(IP-SUB (NP-OB1 *T*-4)
											(NP-SBJ-RSP-1 (PRO He))
											(BEP es))))))
						  (, ,)
						  (NP-SBJ-3 (PRO It))
						  (BEP es)
						  (NP-OB1 (NP (ADJ endles) (N lyfe))
							  (CONJP (CONJ and)
								 (NP (VAG lastande) (N blysse))))
						  (, .)
						  (CP-CAR (WPP-5 (P To)
								 (WNP (D +te) (WD whilke) (N blysse)))
							  (C 0)
							  (IP-SUB (PP *T*-5)
								  (NP-SBJ (NPR He)
									  (NP-PRN *ICH*-6))
								  (VBP brynge)
								  (NP-OB1 (PRO vs))
								  (, ,)
								  (CODE <P_15>)
								  (NP-PRN-6 (PRO$ oure)
									    (NPR Lorde)
									    (NPR Gode)
									    (ADJP (ADJ Almyghty))))))))))
	  (. !))
  (ID CMGAYTRY,15.196))
/*
FOOTER
  source file, hits/tokens/total
  C:\Users\Shoo\Dropbox\workspace\CorpusSearch_Auto\data\corporas\PPCME2\temp1492106398658\homilies_and_sermons\cmgaytry.m34.psd	1/1/199
*/
/*
HEADER:
source file:  C:\Users\Shoo\Dropbox\workspace\CorpusSearch_Auto\data\corporas\PPCME2\temp1492106398658\homilies_and_sermons\cminnoce.m4.psd
*/

/~*
Whyle it is so that man endowed with use of reason, havynge naturall knowlege
and free, maye not suffycyently dyrect hymself to the ende that God hath
ordeyned to without the helpe of fayth, as it is wryten, Jheremiae iiij=o=,
Non est enim hominis vincere, neque viri est ut ambuleter et dirigat gressus
ejus. It is not in mannes power for to overcome vyce of hymself, nother for to
walke parfyghtly and dyrecte his gooynge in the lawe of God, but by his grace
assystente.
(CMINNOCE,2.13)
*~/
/*
42 HAG:  42 HAG, 43 havynge, 21 NP-SBJ
*/

( (IP-MAT (PP (P Whyle)
	      (CP-ADV (C 0)
		      (IP-SUB (NP-SBJ-1 (PRO it))
			      (BEP is)
			      (ADVP (ADV so))
			      (CP-THT-1 (C that)
					(IP-SUB (NP-SBJ (N man)
							(RRC (VAN endowed)
							     (PP (P with)
								 (NP (N use)
								     (PP (P of)
									 (NP (N reason))))))
							(, ,)
							(RRC (HAG havynge)
							     (NP-OB1 (ADJP (ADJ naturall)
									   (CONJP *ICH*-2))
								     (N knowlege)
								     (CONJP-2 (CONJ and) (ADJ free)))))
						(, ,)
						(MD maye)
						(NEG not)
						(ADVP (ADV suffycyently))
						(VB dyrect)
						(NP-OB1 (PRO+N hymself))
						(PP (P to)
						    (NP (D the)
							(N ende)
							(CP-REL (WNP-3 0)
								(C that)
								(IP-SUB (NP-SBJ (NPR God))
									(HVP hath)
									(VBN ordeyned)
									(PP (P to)
									    (NP *T*-3))))))
						(PP (P without)
						    (NP (D the)
							(N helpe)
							(PP (P of)
							    (NP (N fayth)))))))
			      (, ,)
			      (PP-PRN (P as)
				      (CP-ADV (WNP-4 0)
					      (C 0)
					      (IP-SUB (NP-SBJ-RSP-4 (PRO it))
						      (BEP is)
						      (VAN wryten))))
			      (, ,)
			      (LATIN (FW Jheremiae) (FW iiij=o=) (, ,) (FW Non) (FW est) (FW enim) (FW hominis) (FW vincere) (, ,) (FW neque) (FW viri) (FW est) (FW ut) (FW ambuleter) (FW et) (FW dirigat) (FW gressus) (FW ejus)))))
	  (, .)
	  (NP-SBJ-5 (PRO It))
	  (BEP is)
	  (NEG not)
	  (PP (P in)
	      (NP (N$ mannes) (N power)))
	  (IP-INF-5 (IP-INF (FOR for)
			    (TO to)
			    (VB overcome)
			    (NP-OB1 (N vyce))
			    (PP (P of)
				(NP (PRO+N hymself))))
		    (, ,)
		    (CONJP (CONJ nother)
			   (IP-INF (FOR for)
				   (TO to)
				   (VB walke)
				   (ADVP (ADV parfyghtly))))
		    (CONJP (CONJ and)
			   (IP-INF (FOR *)
				   (TO *)
				   (VB dyrecte)
				   (NP-OB1 (PRO$ his)
					   (N gooynge)
					   (PP (P in)
					       (NP (D the)
						   (N lawe)
						   (PP (P of)
						       (NP (NPR God))))))
				   (, ,)
				   (PP (P but)
				       (PP (P by)
					   (NP (PRO$ his)
					       (N grace)
					       (ADJP (ADJ assystente))))))))
	  (. .))
  (ID CMINNOCE,2.13))

/~*
In token herof childerne newely sette to scole, lackynge the use of reason and
the habyte of cognycyon, have a recourse to Goddes dyreccyon, fyrste lernynge
this Cristis Crosse be my spede,
(CMINNOCE,2.15)
*~/
/*
29 VAG:  29 VAG, 30 lackynge, 11 NP-SBJ
*/

( (IP-MAT (PP (P In)
	      (NP (N token)
		  (PP (ADV+P herof))))
	  (NP-SBJ (NS childerne)
		  (RRC (ADVP (ADV newely))
		       (VAN sette)
		       (PP (P to)
			   (NP (N scole))))
		  (, ,)
		  (RRC (VAG lackynge)
		       (NP-OB1 (NP (D the)
				   (N use)
				   (PP (P of)
				       (NP (N reason))))
			       (CONJP (CONJ and)
				      (NP (D the)
					  (N habyte)
					  (PP (P of)
					      (NP (N cognycyon))))))))
	  (, ,)
	  (HVP have)
	  (NP-OB1 (D a)
		  (N recourse)
		  (PP (P to)
		      (NP (NPR$ Goddes) (N dyreccyon))))
	  (, ,)
	  (IP-PPL (ADVP-TMP (ADV fyrste))
		  (VAG lernynge)
		  (NP-OB1 (D this)
			  (CODE <paren>)
			  (CODE <font>)
			  (IP-MAT-PRN (NP-SBJ (NPR$ Cristis) (NPR Crosse))
				      (BEP be)
				      (NP-OB1 (PRO$ my) (N spede)))))
	  (CODE <$$font>)
	  (CODE <$$paren>)
	  (. ,))
  (ID CMINNOCE,2.15))

/~*
In the begynnynge thenne of this symple exhortacyon, that I a chylde, wantynge
the habyte of connynge, maye be dyrected by hym that gave to that childe
Danyell Sermonem rectum et Spiritum Deorum, somwhat to say to his laude and
praysynge, and to alle pure chylderne that bene here present edifyenge, we
shall atte this tyme devoutly make our prayers. In the whiche prayers I
recommende unto your devocyons the welfare of all Chrysts chirche; our holy
fader the Pope with alle the Clergye, my Lorde of Caunterbury, and the ryghte
reverende fader and worshypfull lorde my broder Bysshopp of London your
dyocesan, also for my worshypfull broder $the Deane of this cathedrall chirche,
wyth all resydensaryes and prebendaryes of the same.
(CMINNOCE,3.35)
*~/
/*
42 VAG:  42 VAG, 43 wantynge, 31 NP-SBJ
*/

( (IP-MAT (PP (P In)
	      (NP (D the)
		  (N begynnynge)
		  (PP *ICH*-1)))
	  (ADVP-TMP (ADV thenne))
	  (PP-1 (P of)
		(NP (D this) (ADJ symple) (N exhortacyon)))
	  (, ,)
	  (CP-THT (C that)
		  (IP-SUB (NP-SBJ (PRO I)
				  (NP-PRN (D a) (N chylde))
				  (, ,)
				  (RRC (VAG wantynge)
				       (NP-OB1 (D the)
					       (N habyte)
					       (PP (P of)
						   (NP (N connynge))))))
			  (, ,)
			  (MD maye)
			  (BE be)
			  (VAN dyrected)
			  (PP (P by)
			      (NP (PRO hym)
				  (CP-REL (WNP-2 0)
					  (C that)
					  (IP-SUB (NP-SBJ *T*-2)
						  (VBD gave)
						  (PP (P to)
						      (NP (D that)
							  (N childe)
							  (NP-PRN (NPR Danyell))))
						  (LATIN (FW Sermonem) (FW rectum) (FW et) (FW Spiritum) (FW Deorum))
						  (, ,)
						  (NP-OB1 (Q+WPRO somwhat)
							  (CP-EOP (WNP-3 0)
								  (IP-INF (NP-OB1 *T*-3)
									  (TO to)
									  (VB say)
									  (PP (P to)
									      (NP (PRO$ his)
										  (N laude)
										  (CONJP (CONJ and)
											 (NX (N praysynge))))))))
						  (, ,)
						  (CONJP (CONJ and)
							 (IP-PPL (PP (P to)
								     (NP (Q alle)
									 (ADJ pure)
									 (NS chylderne)
									 (CP-REL (WNP-4 0)
										 (C that)
										 (IP-SUB (NP-SBJ *T*-4)
											 (BEP bene)
											 (ADJP-LOC (ADVP (ADV here))
												   (ADJ present))))))
								 (VAG edifyenge)))))))))
	  (, ,)
	  (NP-SBJ (PRO we))
	  (MD shall)
	  (PP (P atte)
	      (NP (D this) (N tyme)))
	  (ADVP (ADV devoutly))
	  (VB make)
	  (NP-OB1 (PRO$ our) (NS prayers))
	  (, .)
	  (CP-CAR (WPP-5 (P In)
			 (WNP (D the) (WD whiche) (NS prayers)))
		  (C 0)
		  (IP-SUB (PP *T*-5)
			  (NP-SBJ (PRO I))
			  (VBP recommende)
			  (PP (P unto)
			      (NP (PRO$ your) (NS devocyons)))
			  (NP-OB1 (NP (D the)
				      (N welfare)
				      (PP (P of)
					  (NP (NP-POS (Q all) (NPR$ Chrysts))
					      (N chirche))))
				  (, ;)
				  (CONJP (NP (PRO$ our)
					     (ADJ holy)
					     (N fader)
					     (NP-PRN (D the) (N Pope))
					     (PP (P with)
						 (NP (Q alle) (D the) (N Clergye)))))
				  (, ,)
				  (CONJP (NP (PRO$ my)
					     (N Lorde)
					     (PP (P of)
						 (NP (NPR Caunterbury)))))
				  (, ,)
				  (CONJP (CONJ and)
					 (NP (D the)
					     (ADJ ryghte)
					     (ADJ reverende)
					     (N fader)
					     (CONJP (CONJ and)
						    (NX (ADJ worshypfull) (N lorde)))
					     (NP-PRN (PRO$ my)
						     (N broder)
						     (NP-PRN (N Bysshopp)
							     (PP (P of)
								 (NP (NPR London)))
							     (NP-PRN (PRO$ your) (N dyocesan))))))
				  (, ,)
				  (CONJP (ALSO also)
					 (PP (P for)
					     (NP (PRO$ my)
						 (ADJ worshypfull)
						 (N broder)
						 (NP-PRN (D $the)
							 (N Deane)
							 (PP (P of)
							     (NP (D this) (N cathedrall) (N chirche)))))))
				  (, ,)
				  (PP (P wyth)
				      (NP (Q all)
					  (NS resydensaryes)
					  (CONJP (CONJ and)
						 (NX (NS prebendaryes))
						 (PP (P of)
						     (NP (D the) (ADJ same)))))))))
	  (. .))
  (ID CMINNOCE,3.35))

/~*
And lyke wyse as a childe, havynge noo nouryce nor guyder deputed to hym, may
as well renne in to the fyre or water as to go besyde, soo verely in the
fyrste age of man, in the lawe of kynde, a man beynge wythout a nouryce or
guyder, lefte to hys naturall guydynge, mysusyd soo ferre hymselfe, that he
ranne to water where he was utterly destroyed as I sayde before, save Noes
housholde, and also to the fyre, where a grete parte was destroyed.
(CMINNOCE,6.73)
*~/
/*
28 HAG:  28 HAG, 29 havynge, 20 NP-SBJ
138 BAG:  138 BAG, 139 beynge, 132 NP-SBJ
*/

( (IP-MAT (CONJ And)
	  (PP (NP-ADV (ADJ lyke) (N wyse))
	      (P as)
	      (CP-CMP (WADVP-1 0)
		      (C 0)
		      (IP-SUB (ADVP *T*-1)
			      (NP-SBJ (D a)
				      (N childe)
				      (, ,)
				      (RRC (HAG havynge)
					   (NP-OB1 (Q noo)
						   (N nouryce)
						   (CONJP (CONJ nor)
							  (NX (N guyder)))
						   (RRC (VAN deputed)
							(PP (P to)
							    (NP (PRO hym)))))))
			      (, ,)
			      (MD may)
			      (ADVP (ADVR as)
				    (ADV well)
				    (PP *ICH*-2))
			      (VB renne)
			      (PP (P in)
				  (P to)
				  (NP (D the)
				      (N fyre)
				      (CONJP (CONJ or)
					     (NX (N water)))))
			      (PP-2 (P as)
				    (IP-INF (TO to)
					    (VB go)
					    (ADVP-LOC (ADV besyde)))))))
	  (, ,)
	  (ADVP (ADV soo))
	  (ADVP (ADV verely))
	  (PP (P in)
	      (NP (D the)
		  (ADJ fyrste)
		  (N age)
		  (PP (P of)
		      (NP (N man)))))
	  (, ,)
	  (PP (P in)
	      (NP (D the)
		  (N lawe)
		  (PP (P of)
		      (NP (N kynde)))))
	  (, ,)
	  (NP-SBJ (D a)
		  (N man)
		  (RRC (BAG beynge)
		       (PP (P wythout)
			   (NP (D a)
			       (N nouryce)
			       (CONJP (CONJ or)
				      (NX (N guyder))))))
		  (, ,)
		  (RRC (VAN lefte)
		       (PP (P to)
			   (NP (PRO$ hys) (ADJ naturall) (N guydynge)))))
	  (, ,)
	  (VBD mysusyd)
	  (NP-MSR (ADJP (ADVR soo) (ADJ ferre))
		  (CP-DEG *ICH*-3))
	  (NP-OB1 (PRO+N hymselfe))
	  (, ,)
	  (CP-DEG-3 (C that)
		    (IP-SUB (NP-SBJ (PRO he))
			    (VBD ranne)
			    (PP (PP (P to)
				    (NP (N water)
					(CP-REL (WADVP-4 (WADV where))
						(C 0)
						(IP-SUB (ADVP-LOC *T*-4)
							(NP-SBJ (PRO he))
							(BED was)
							(ADVP (ADV utterly))
							(VAN destroyed)
							(PP-PRN (P as)
								(CP-ADV (WNP-5 0)
									(C 0)
									(IP-SUB (NP-OB1 *T*-5)
										(NP-SBJ (PRO I))
										(VBD sayde)
										(ADVP-TMP (ADV before)))))
							(, ,)
							(PP (P save)
							    (NP (NPR$ Noes) (N housholde)))))))
				(, ,)
				(CONJP (CONJ and)
				       (ALSO also)
				       (PP (P to)
					   (NP (D the)
					       (N fyre)
					       (, ,)
					       (CP-REL (WADVP-6 (WADV where))
						       (C 0)
						       (IP-SUB (ADVP-LOC *T*-6)
							       (NP-SBJ (D a) (ADJ grete) (N parte))
							       (BED was)
							       (VAN destroyed)))))))))
	  (. .))
  (ID CMINNOCE,6.73))
/*
FOOTER
  source file, hits/tokens/total
  C:\Users\Shoo\Dropbox\workspace\CorpusSearch_Auto\data\corporas\PPCME2\temp1492106398658\homilies_and_sermons\cminnoce.m4.psd	5/4/208
*/
/*
HEADER:
source file:  C:\Users\Shoo\Dropbox\workspace\CorpusSearch_Auto\data\corporas\PPCME2\temp1492106398658\homilies_and_sermons\cmkentho.m1.psd
*/
/*
FOOTER
  source file, hits/tokens/total
  C:\Users\Shoo\Dropbox\workspace\CorpusSearch_Auto\data\corporas\PPCME2\temp1492106398658\homilies_and_sermons\cmkentho.m1.psd	0/0/298
*/
/*
HEADER:
source file:  C:\Users\Shoo\Dropbox\workspace\CorpusSearch_Auto\data\corporas\PPCME2\temp1492106398658\homilies_and_sermons\cmkentse.m2.psd
*/
/*
FOOTER
  source file, hits/tokens/total
  C:\Users\Shoo\Dropbox\workspace\CorpusSearch_Auto\data\corporas\PPCME2\temp1492106398658\homilies_and_sermons\cmkentse.m2.psd	0/0/231
*/
/*
HEADER:
source file:  C:\Users\Shoo\Dropbox\workspace\CorpusSearch_Auto\data\corporas\PPCME2\temp1492106398658\homilies_and_sermons\cmlamb1.m1.psd
*/

/~*
Alse +te liuendes godes sune in to +te meidene com.
(CMLAMB1,83.168)
*~/
/*
9 VAG:  9 VAG, 10 liuendes, 5 NP-SBJ
*/

( (IP-MAT (ADVP (ADV Alse))
	  (NP-SBJ (NP-POS (D +te) (VAG liuendes) (NPR$ godes))
		  (N sune))
	  (PP (RP in)
	      (P to)
	      (NP (D +te) (N meidene)))
	  (VBD com)
	  (. .))
  (ID CMLAMB1,83.168))

/~*
+te sunfulle .Men. +tet spushad breke+d. +ta feste .Men. +ta +tet mei lutel to
wreche. +te +toues. +te +tet speke+d faire bi-foren and false bi-hinden. +te
ni+dfulle. +te prude. +te fordrunkene. +te chidinde. +te forsworene. +te
he+dene. +te erites. eicientur cum fletu & lamentatione in penam sempiternam
sine ablutione & misericordia. sculen beon iwarpen ine eche pine. wi+t-uten
alesinge and wi+d-uten milce.
(CMLAMB1,143.311)
*~/
/*
126 VAG:  126 VAG, 127 chidinde, 2 NP-SBJ
*/

( (IP-MAT (NP-SBJ (NP (D +te)
		      (ADJ sunfulle)
		      (NS .Men.)
		      (CP-REL (WNP-1 0)
			      (C +tet)
			      (IP-SUB (NP-SBJ *T*-1)
				      (NP-OB1 (N spushad))
				      (VBP breke+d))))
		  (, .)
		  (CONJP (NP (D +ta)
			     (ADJ feste)
			     (NS .Men.)
			     (CP-REL (WNP-2 (D +ta))
				     (C +tet)
				     (IP-SUB (NP-SBJ *T*-2)
					     (MD mei)
					     (VB *)
					     (NP-OB1 (Q lutel))
					     (PP (P to)
						 (NP (N wreche)))))))
		  (, .)
		  (CONJP (NP (D +te) (NS +toues)))
		  (, .)
		  (CONJP (NP (D +te)
			     (CP-REL (WNP-3 0)
				     (C +tet)
				     (IP-SUB (IP-SUB-4 (NP-SBJ *T*-3)
						       (VBP speke+d)
						       (ADVP (ADV faire))
						       (ADVP-LOC (ADV bi-foren)))
					     (CONJP (CONJ and)
						    (IP-SUB=4 (ADVP (ADV false))
							      (ADVP-LOC (ADV bi-hinden))))))))
		  (, .)
		  (CONJP (NP (D +te) (ADJ ni+dfulle)))
		  (, .)
		  (CONJP (NP (D +te) (ADJ prude)))
		  (, .)
		  (CONJP (NP (D +te) (VAN fordrunkene)))
		  (, .)
		  (CONJP (NP (D +te) (VAG chidinde)))
		  (, .)
		  (CONJP (NP (D +te) (VAN forsworene)))
		  (, .)
		  (CONJP (NP (D +te) (ADJ he+dene)))
		  (, .)
		  (CONJP (NP (D +te) (NS erites))))
	  (, .)
	  (LATIN (FW eicientur) (FW cum) (FW fletu) (FW &) (FW lamentatione) (FW in) (FW penam) (FW sempiternam) (FW sine) (FW ablutione) (FW &) (FW misericordia))
	  (, .)
	  (MD sculen)
	  (BE beon)
	  (VAN iwarpen)
	  (PP (P ine)
	      (NP (Q eche) (N pine)))
	  (, .)
	  (PP (PP (P wi+t-uten)
		  (NP (N alesinge)))
	      (CONJP (CONJ and)
		     (PP (P wi+d-uten)
			 (NP (N milce)))))
	  (. .))
  (ID CMLAMB1,143.311))
/*
FOOTER
  source file, hits/tokens/total
  C:\Users\Shoo\Dropbox\workspace\CorpusSearch_Auto\data\corporas\PPCME2\temp1492106398658\homilies_and_sermons\cmlamb1.m1.psd	2/2/526
*/
/*
HEADER:
source file:  C:\Users\Shoo\Dropbox\workspace\CorpusSearch_Auto\data\corporas\PPCME2\temp1492106398658\homilies_and_sermons\cmlambx1.mx1.psd
*/

/~*
from +tan helle and from +tan pine us bure+ge +te lauerd +te is feder and sune
and hali gast wuniende and rixlende on worlde a buten ende.
(CMLAMBX1,25.297)
*~/
/*
62 VAG:  62 VAG, 63 wuniende, 27 NP-SBJ
66 VAG:  66 VAG, 67 rixlende, 27 NP-SBJ
*/

( (IP-MAT (PP (PP (P from)
		  (NP (D +tan) (NPR helle)))
	      (CONJP (CONJ and)
		     (PP (P from)
			 (NP (D +tan) (N pine)))))
	  (NP-OB1 (PRO us))
	  (VBP bure+ge)
	  (NP-SBJ (D +te)
		  (NPR lauerd)
		  (CP-REL (WNP-1 0)
			  (C +te)
			  (IP-SUB (NP-SBJ *T*-1)
				  (BEP is)
				  (NP-OB1 (NP (NPR feder))
					  (CONJP (CONJ and)
						 (NP (NPR sune)))
					  (CONJP (CONJ and)
						 (NP (NPR hali) (NPR gast))))
				  (IP-PPL (VAG (VAG wuniende) (CONJ and) (VAG rixlende))
					  (PP (P on)
					      (NP (N worlde)))
					  (PP (P (P21 a) (P22 buten))
					      (NP (N ende)))))))
	  (. .))
  (ID CMLAMBX1,25.297))

/~*
and bi-foren +tam ilke stude weren seofen clusterlokan +tar neh ne mihte nan
liuiende mon gan for +tan ufele bre+de
(CMLAMBX1,43.561)
*~/
/*
42 VAG:  42 VAG, 43 liuiende, 16 NP-SBJ
*/

( (IP-MAT (CONJ and)
	  (PP (P bi-foren)
	      (NP (D +tam) (ADJ ilke) (N stude)))
	  (BED weren)
	  (NP-SBJ (NUM seofen)
		  (N+NS clusterlokan)
		  (CP-REL (WADJP-1 (ADVP (ADV +tar))
				   (ADJ neh))
			  (C 0)
			  (IP-SUB (ADJP-LOC *T*-1)
				  (NP-SBJ-2 *exp*)
				  (NEG ne)
				  (MD mihte)
				  (NP-2 (Q nan) (VAG liuiende) (N mon))
				  (VB gan)
				  (PP (P for)
				      (NP (D +tan) (ADJ ufele) (N bre+de)))))))
  (ID CMLAMBX1,43.561))

/~*
+ta iweorden alle +tos ilefede men swulche hi alle hefden ane heorte and ane
sawle
(CMLAMBX1,91.778)
*~/
/*
12 VAG:  12 VAG, 13 ilefede, 7 NP-SBJ
*/

( (IP-MAT (ADVP-TMP (ADV +ta))
	  (VBD iweorden)
	  (NP-SBJ (Q alle) (D +tos) (VAG ilefede) (NS men))
	  (PP (P swulche)
	      (CP-ADV (C 0)
		      (IP-SUB (NP-SBJ (PRO hi)
				      (QP (Q alle)))
			      (HVD hefden)
			      (NP-OB1 (NP (ONE ane) (N heorte))
				      (CONJP (CONJ and)
					     (NP (ONE ane) (N sawle))))))))
  (ID CMLAMBX1,91.778))

/~*
ac +tah hwe+dre his saule wes in helle. a +det +ta streonge leo +tet wes +tes
liui+gendes godes sune.
(CMLAMBX1,131.1305)
*~/
/*
56 VAG:  56 VAG, 57 liui+gendes, 35 NP-SBJ
*/

( (IP-MAT (CONJ ac)
	  (ADVP (ADV (ADV21 +tah) (ADV22 hwe+dre)))
	  (NP-SBJ (PRO$ his) (N saule))
	  (BED wes)
	  (PP (P in)
	      (NP (NPR helle)))
	  (, .)
	  (PP (P (P21 a) (P22 +det))
	      (CP-ADV (C 0)
		      (IP-SUB (NP-SBJ (D +ta)
				      (ADJ streonge)
				      (N leo)
				      (CP-REL (WNP-1 0)
					      (C +tet)
					      (IP-SUB (NP-SBJ *T*-1)
						      (BED wes)
						      (NP-OB1 (NP-POS (D +tes) (VAG liui+gendes) (NPR$ godes))
							      (N sune)))))
			      (VBD *))))
	  (. .))
  (ID CMLAMBX1,131.1305))
/*
FOOTER
  source file, hits/tokens/total
  C:\Users\Shoo\Dropbox\workspace\CorpusSearch_Auto\data\corporas\PPCME2\temp1492106398658\homilies_and_sermons\cmlambx1.mx1.psd	5/4/1410
*/
/*
HEADER:
source file:  C:\Users\Shoo\Dropbox\workspace\CorpusSearch_Auto\data\corporas\PPCME2\temp1492106398658\homilies_and_sermons\cmmirk.m34.psd
*/

/~*
For a+geyne tyme +tat he wold be borne, he made such pes +trogh all +te world,
+tat $+ter $as kyndomes and prouynces wern at werre, yche on wyth o+ter, in
his burth-tyme was soo gret pes, +tat on man +tat heght Octauian, and was
Emperour of Rome, and had +te gouernance of all +te world, and all +te world
was suget to +te Emperour of Rome, and duret soo +trytty wyntyr yn so moche
+tat +tan was send out a mawndement +trogh all +te world, comawndyng +tat
euer-yche man schuld go to +te cyte +tat he drogh lynage of, and ley a peny
apon his hed, and offeren hit vp knowlachyng +tat he was suget to +te Emperour
of Rome.
(CMMIRK,22.628)
*~/
/*
278 VAG:  278 VAG, 279 comawndyng, 112 NP-SBJ
356 VAG:  356 VAG, 357 knowlachyng, 112 NP-SBJ
*/

( (IP-MAT (CONJ For)
	  (PP (P a+geyne)
	      (NP (N tyme)
		  (CP-REL (WADVP-1 0)
			  (C +tat)
			  (IP-SUB (ADVP-TMP *T*-1)
				  (NP-SBJ (PRO he))
				  (MD wold)
				  (BE be)
				  (VAN borne)))))
	  (, ,)
	  (NP-SBJ (PRO he))
	  (VBD made)
	  (NP-OB1 (ADJP (SUCH such)
			(CP-DEG *ICH*-2))
		  (N pes))
	  (PP (P +trogh)
	      (NP (Q all) (D +te) (N world)))
	  (, ,)
	  (CP-DEG-2 (C +tat)
		    (IP-SUB (ADVP-LOC (ADV $+ter)
				      (CP-REL (WADVP-3 0)
					      (C $as)
					      (CODE {TEXT:+teras})
					      (IP-SUB (ADVP-LOC *T*-3)
						      (NP-SBJ (NS kyndomes) (CONJ and) (NS prouynces))
						      (BED wern)
						      (PP (P at)
							  (NP (N werre)))
						      (, ,)
						      (NP-ADV (NP (Q yche) (ONE on))
							      (PP (P wyth)
								  (NP (OTHER o+ter)))))))
			    (, ,)
			    (PP (P in)
				(NP (PRO$ his) (N+N burth-tyme)))
			    (BED was)
			    (NP-SBJ (ADJP (ADVR soo)
					  (ADJ gret)
					  (CP-DEG *ICH*-4))
				    (N pes)
				    (, ,)
				    (CP-DEG-4 (C +tat)
					      (IP-SUB (IP-SUB (NP-SBJ (ONE on)
								      (N man)
								      (CP-REL (WNP-5 0)
									      (C +tat)
									      (IP-SUB (IP-SUB (NP-SBJ *T*-5)
											      (VBD heght)
											      (NP-OB1 (NPR Octauian)))
										      (, ,)
										      (CONJP (CONJ and)
											     (IP-SUB (NP-SBJ *T*-5)
												     (BED was)
												     (NP-OB1 (N Emperour)
													     (PP (P of)
														 (NP (NPR Rome)))))))))
							      (, ,)
							      (CONJ and)
							      (HVD had)
							      (NP-OB1 (D +te)
								      (N gouernance)
								      (PP (P of)
									  (NP (Q all) (D +te) (N world)))))
						      (, ,)
						      (CONJP (CONJ and)
							     (IP-SUB (IP-SUB (NP-SBJ (Q all) (D +te) (N world))
									     (BED was)
									     (ADJP (ADJ suget)
										   (PP (P to)
										       (NP (D +te)
											   (N Emperour)
											   (PP (P of)
											       (NP (NPR Rome)))))))
								     (, ,)
								     (CONJP (CONJ and)
									    (IP-SUB (NP-SBJ *con*)
										    (VBD duret)
										    (ADVP (ADV soo))
										    (NP-MSR (NUM +trytty) (N wyntyr))
										    (PP (P yn)
											(QP (ADVR so)
											    (Q moche)
											    (CP-ADV (C +tat)
												    (IP-SUB (ADVP-TMP (ADV +tan))
													    (BED was)
													    (VAN send)
													    (RP out)
													    (NP-SBJ (D a) (N mawndement))
													    (PP (P +trogh)
														(NP (Q all) (D +te) (N world)))
													    (, ,)
													    (IP-PPL (VAG comawndyng)
														    (CP-THT (C +tat)
															    (IP-SUB (NP-SBJ (Q euer-yche) (N man))
																    (MD schuld)
																    (VB go)
																    (PP (P to)
																	(NP (D +te)
																	    (N cyte)
																	    (CP-REL (WNP-6 0)
																		    (C +tat)
																		    (IP-SUB (IP-SUB-7 (NP-SBJ (PRO he))
																				      (VBD drogh)
																				      (NP-OB1 (N lynage)
																					      (PP (P of)
																						  (NP *T*-6))))
																			    (, ,)
																			    (CONJP (CONJ and)
																				   (IP-SUB=7 (VB ley)
																					     (NP-OB1 (D a) (N peny))
																					     (PP (P apon)
																						 (NP (PRO$ his) (N hed)))))
																			    (, ,)
																			    (CONJP (CONJ and)
																				   (IP-SUB=7 (VB offeren)
																					     (NP-OB1 (PRO hit))
																					     (RP vp)
																					     (IP-PPL (VAG knowlachyng)
																						     (CP-THT (C +tat)
																							     (IP-SUB (NP-SBJ (PRO he))
																								     (BED was)
																								     (ADJP (ADJ suget)
																									   (PP (P to)
																									       (NP (D +te)
																										   (N Emperour)
																										   (PP (P of)
																										       (NP (NPR Rome)))))))))))))))))))))))))))))))
	  (. .))
  (ID CMMIRK,22.628))

/~*
For a candyll brennyng bytokenyth oure lady, and hor sonne, and a man hymselfe;
(CMMIRK,60.1636)
*~/
/*
10 VAG:  10 VAG, 11 brennyng, 4 NP-SBJ
*/

( (IP-MAT (CONJ For)
	  (NP-SBJ (D a)
		  (N candyll)
		  (RRC (VAG brennyng)))
	  (VBP bytokenyth)
	  (NP-OB1 (NP (PRO$ oure) (NPR lady))
		  (, ,)
		  (CONJP (CONJ and)
			 (NP (NP (PRO$ hor) (N sonne))
			     (, ,)
			     (CONJP (CONJ and)
				    (NP (D a)
					(N man)
					(NP-PRN (PRO+N hymselfe)))))))
	  (. ;))
  (ID CMMIRK,60.1636))

/~*
Then lythe +ter but a stynkyng stoke of +gerthe,
(CMMIRK,84.2262)
*~/
/*
15 VAG:  15 VAG, 16 stynkyng, 10 NP-SBJ
*/

( (IP-MAT (ADVP-TMP (ADV Then))
	  (VBP lythe)
	  (ADVP-LOC (ADV +ter))
	  (NP-SBJ (FP but)
		  (D a)
		  (VAG stynkyng)
		  (N stoke)
		  (PP (P of)
		      (NP (N +gerthe))))
	  (. ,))
  (ID CMMIRK,84.2262))

/~*
And all +tat +tay spekyn, goyng and comyng, schall sowne of +te tre +tat Crist
was don on, and of +te wordes +te whech Crist spake hongyng on +te tre, +tat
ben: how he comawndyd his modyr to Saynt Ion, his dyscypull, and how he
grawnty +te +tef paradyse +tat askyd mercy, and how he betoke his soule ynto
his fadyr hond, and so +gelde vp +te gost.
(CMMIRK,118.3199)
*~/
/*
24 VAG:  24 VAG, 25 goyng, 4 NP-SBJ
28 VAG:  28 VAG, 29 comyng, 4 NP-SBJ
*/

( (IP-MAT (CONJ And)
	  (NP-SBJ (Q all)
		  (CP-REL (WNP-1 0)
			  (C +tat)
			  (IP-SUB (NP-OB1 *T*-1)
				  (NP-SBJ (PRO +tay))
				  (VBP spekyn)
				  (, ,)
				  (IP-PPL (VAG (VAG goyng) (CONJ and) (VAG comyng))))))
	  (, ,)
	  (MD schall)
	  (VB sowne)
	  (PP (PP (P of)
		  (NP (D +te)
		      (N tre)
		      (CP-REL (WNP-2 0)
			      (C +tat)
			      (IP-SUB (NP-SBJ (NPR Crist))
				      (BED was)
				      (DAN don)
				      (PP (P on)
					  (NP *T*-2))))))
	      (, ,)
	      (CONJP (CONJ and)
		     (PP (P of)
			 (NP (D +te)
			     (CODE <P_118>)
			     (NS wordes)
			     (CP-REL (WNP-3 (D +te) (WPRO whech))
				     (C 0)
				     (IP-SUB (NP-OB1 *T*-3)
					     (NP-SBJ (NPR Crist))
					     (VBD spake))
				     (IP-PPL (VAG hongyng)
					     (PP (P on)
						 (NP (D +te) (N tre)))))))))
	  (, ,)
	  (CP-REL (WNP-4 0)
		  (C +tat)
		  (IP-SUB (NP-SBJ *T*-4)
			  (BEP ben)
			  (, :)
			  (CP-QUE (CP-QUE (WADVP-5 (WADV how))
					  (C 0)
					  (IP-SUB (ADVP *T*-5)
						  (NP-SBJ (PRO he))
						  (VBD comawndyd)
						  (NP-OB1 (PRO$ his) (N modyr))
						  (PP (P to)
						      (NP (NPR Saynt)
							  (NPR Ion)
							  (, ,)
							  (NP-PRN (PRO$ his) (N dyscypull))))))
				  (, ,)
				  (CONJP (CONJ and)
					 (CP-QUE (WADVP-6 (WADV how))
						 (C 0)
						 (IP-SUB (ADVP *T*-6)
							 (NP-SBJ (PRO he))
							 (VBD grawnty)
							 (NP-OB2 (D +te)
								 (N +tef)
								 (CP-REL *ICH*-7))
							 (NP-OB1 (NPR paradyse))
							 (CP-REL-7 (WNP-8 0)
								   (C +tat)
								   (IP-SUB (NP-SBJ *T*-8)
									   (VBD askyd)
									   (NP-OB1 (N mercy)))))))
				  (, ,)
				  (CONJP (CONJ and)
					 (CP-QUE (WADVP-9 (WADV how))
						 (C 0)
						 (IP-SUB (IP-SUB (ADVP *T*-9)
								 (NP-SBJ (PRO he))
								 (VBD betoke)
								 (NP-OB1 (PRO$ his) (N soule))
								 (PP (P ynto)
								     (NP (NP-POS (PRO$ his) (N$ fadyr))
									 (N hond))))
							 (, ,)
							 (CONJP (CONJ and)
								(IP-SUB (ADVP *T*-9)
									(NP-SBJ *con*)
									(ADVP (ADV so))
									(VBD +gelde)
									(RP vp)
									(NP-OB1 (D +te) (N gost))))))))))
	  (. .))
  (ID CMMIRK,118.3199))

/~*
And +tes two woymen +tat schynen passyng all o+tyr, wer two comyn woymen and
of euell lyuyng;
(CMMIRK,132.3515)
*~/
/*
22 VAG:  22 VAG, 23 passyng, 4 NP-SBJ
*/

( (IP-MAT-SPE (CONJ And)
	      (NP-SBJ (D +tes)
		      (NUM two)
		      (NS woymen)
		      (CP-REL-SPE (WNP-1 0)
				  (C +tat)
				  (IP-SUB-SPE (NP-SBJ *T*-1)
					      (VBP schynen)
					      (IP-PPL-SPE (VAG passyng)
							  (NP-OB1 (Q all) (OTHERS o+tyr))))))
	      (, ,)
	      (BED wer)
	      (NP-OB1 (NUM two)
		      (ADJP (ADJP (ADJ comyn))
			    (CONJP *ICH*-2))
		      (NS woymen)
		      (CONJP-2 (CONJ and)
			       (PP (P of)
				   (NP (ADJ euell) (N lyuyng)))))
	      (. ;))
  (ID CMMIRK,132.3515))
/*
FOOTER
  source file, hits/tokens/total
  C:\Users\Shoo\Dropbox\workspace\CorpusSearch_Auto\data\corporas\PPCME2\temp1492106398658\homilies_and_sermons\cmmirk.m34.psd	7/5/3708
*/
/*
HEADER:
source file:  C:\Users\Shoo\Dropbox\workspace\CorpusSearch_Auto\data\corporas\PPCME2\temp1492106398658\homilies_and_sermons\cmorm.m1.psd
*/
/*
FOOTER
  source file, hits/tokens/total
  C:\Users\Shoo\Dropbox\workspace\CorpusSearch_Auto\data\corporas\PPCME2\temp1492106398658\homilies_and_sermons\cmorm.m1.psd	0/0/2638
*/
/*
HEADER:
source file:  C:\Users\Shoo\Dropbox\workspace\CorpusSearch_Auto\data\corporas\PPCME2\temp1492106398658\homilies_and_sermons\cmroyal.m34.psd
*/

/~*
And +giff +tat we shall speke of latter men and of lowe degre, where is suche
on as Paule, +te first heremite, dwellyng sole in +te inmaste of wildernes in
a cote, where fourty wynter God send hym by a ravyn brede to lyve by dayly,
(CMROYAL,252.201)
*~/
/*
72 VAG:  72 VAG, 73 dwellyng, 49 NP-SBJ
*/

( (CP-QUE (IP-SUB (CONJ And)
		  (PP (P +giff)
		      (CP-ADV (C +tat)
			      (IP-SUB (NP-SBJ (PRO we))
				      (MD shall)
				      (VB speke)
				      (PP (PP (P of)
					      (NP (ADJ latter) (NS men)))
					  (CONJP (CONJ and)
						 (PP (P of)
						     (NP (ADJ lowe) (N degre)))))))))
	  (, ,)
	  (WADVP-1 (WADV where))
	  (IP-SUB (ADVP-LOC *T*-1)
		  (BEP is)
		  (NP-SBJ (SUCH suche)
			  (ONE on)
			  (PP (P as)
			      (NP (NPR Paule)
				  (, ,)
				  (NP-PRN (D +te) (ADJ first) (N heremite))
				  (, ,)
				  (RRC (VAG dwellyng)
				       (ADJP-SPR (ADJ sole))
				       (PP (P in)
					   (NP (D +te)
					       (ADJ inmaste)
					       (PP (P of)
						   (NP (N wildernes)))
					       (CP-REL *ICH*-2)))
				       (PP (P in)
					   (NP (D a) (N cote)))
				       (, ,)
				       (CP-REL-2 (WADVP-3 (WADV where))
						 (C 0)
						 (IP-SUB (ADVP-LOC *T*-3)
							 (NP-MSR (NUM fourty) (N wynter))
							 (NP-SBJ (NPR God))
							 (VBD send)
							 (NP-OB2 (PRO hym))
							 (PP (P by)
							     (NP (D a) (N ravyn)))
							 (NP-OB1 (N brede)
								 (CP-EOP (WNP-4 0)
									 (IP-INF (TO to)
										 (VB lyve)
										 (PP (P by)
										     (NP *T*-4))
										 (ADVP-TMP (ADV dayly))))))))))))
	  (. ,))
  (ID CMROYAL,252.201))

/~*
fowle stynkynge mater of synne growe+t now thorowe-owte all Cristendom.
Qwere-of Y dispeyre +te more
(CMROYAL,254.233)
*~/
/*
5 VAG:  5 VAG, 6 stynkynge, 2 NP-SBJ
*/

( (IP-MAT-SPE (NP-SBJ (ADJ fowle)
		      (VAG stynkynge)
		      (N mater)
		      (PP (P of)
			  (NP (N synne))))
	      (VBP growe+t)
	      (ADVP-TMP (ADV now))
	      (PP (P thorowe-owte)
		  (NP (Q all) (NPR Cristendom)))
	      (, .)
	      (CP-CAR-SPE (WPP-1 (WADV+P Qwere-of))
			  (C 0)
			  (IP-SUB-SPE (PP *T*-1)
				      (NP-SBJ (PRO Y))
				      (VBP dispeyre)
				      (NP-MSR (D +te) (QR more)))))
  (ID CMROYAL,254.233))
/*
FOOTER
  source file, hits/tokens/total
  C:\Users\Shoo\Dropbox\workspace\CorpusSearch_Auto\data\corporas\PPCME2\temp1492106398658\homilies_and_sermons\cmroyal.m34.psd	2/2/399
*/
/*
HEADER:
source file:  C:\Users\Shoo\Dropbox\workspace\CorpusSearch_Auto\data\corporas\PPCME2\temp1492106398658\homilies_and_sermons\cmsawles.m1.psd
*/
/*
FOOTER
  source file, hits/tokens/total
  C:\Users\Shoo\Dropbox\workspace\CorpusSearch_Auto\data\corporas\PPCME2\temp1492106398658\homilies_and_sermons\cmsawles.m1.psd	0/0/276
*/
/*
HEADER:
source file:  C:\Users\Shoo\Dropbox\workspace\CorpusSearch_Auto\data\corporas\PPCME2\temp1492106398658\homilies_and_sermons\cmtrinit.mx1.psd
*/

/~*
Men +te waren $wunende on elche of +tese +trie times wisten gerne after ure
lauerd ihesu cristes tocume alse we do+d. +te ben on +tesse +tre wuken; +te
ben cleped aduent. +tat is seggen on englis ure louerd ihesu cristes tocume.
(CMTRINIT,3.13)
*~/
/*
15 VAG:  15 VAG, 16 $wunende, 2 NP-SBJ
*/

( (IP-MAT (NP-SBJ (NS Men)
		  (CP-REL (WNP-1 0)
			  (C +te)
			  (IP-SUB (NP-SBJ *T*-1)
				  (BED waren)
				  (VAG $wunende)
				  (CODE {TEXT:wunede})
				  (PP (P on)
				      (NP (Q elche)
					  (PP (P of)
					      (NP (D +tese) (NUM +trie) (NS times))))))))
	  (VBD wisten)
	  (ADVP (ADV gerne))
	  (PP (P after)
	      (NP (NP-POS (PRO$ ure)
			  (NPR lauerd)
			  (NP-PRN (NPR ihesu) (NPR$ cristes)))
		  (N tocume)))
	  (PP (P alse)
	      (CP-ADV (WADVP-2 0)
		      (C 0)
		      (IP-SUB (ADVP *T*-2)
			      (NP-SBJ (PRO we)
				      (CP-REL *ICH*-3))
			      (DOP do+d)
			      (, .)
			      (CP-REL-3 (WNP-4 0)
					(C +te)
					(IP-SUB (NP-SBJ *T*-4)
						(BEP ben)
						(PP (P on)
						    (NP (D +tesse)
							(NUM +tre)
							(NS wuken)
							(, ;)
							(CP-REL (WNP-5 0)
								(C +te)
								(IP-SUB (NP-SBJ-6 *T*-5)
									(BEP ben)
									(VAN cleped)
									(IP-SMC (NP-SBJ *-6)
										(NP-OB1 (NPR aduent)
											(, .)
											(IP-MAT-PRN (NP-SBJ (D +tat))
												    (BEP is)
												    (VB seggen)
												    (PP (P on)
													(NP (NPR englis)))
												    (NP-OB1 (NP-POS (PRO$ ure)
														    (NPR louerd)
														    (NP-PRN (NPR ihesu) (NPR$ cristes)))
													    (N tocume))))))))))))))
	  (. .))
  (ID CMTRINIT,3.13))

/~*
and ben afterward +te edinesse +te +te salm boc of spec+d +tus que+dende.
Beati quorum remisse. et cetera.
(CMTRINIT,69.955)
*~/
/*
38 VAG:  38 VAG, 39 que+dende, 9 NP-SBJ
*/

( (IP-MAT (CONJ and)
	  (BEP ben)
	  (ADVP-TMP (ADV+WARD afterward))
	  (NP-SBJ (D +te)
		  (N edinesse)
		  (CP-REL (WNP-1 0)
			  (C +te)
			  (IP-SUB (NP-SBJ (D +te) (N salm) (N boc))
				  (PP (P of)
				      (NP *T*-1))
				  (VBP spec+d)
				  (IP-PPL (ADVP (ADV +tus))
					  (VAG que+dende)
					  (, .)
					  (QTP (LATIN (FW Beati) (FW quorum) (N remisse) (, .) (FW et) (FW cetera)))))))
	  (. .))
  (ID CMTRINIT,69.955))

/~*
and for +ti cume+d uppen him +tat unlimp +te +te prophete wisste on se
salmboke +tus que+dende. Adhereat lingua mea faucibus meis. et cetera.
(CMTRINIT,73.1003)
*~/
/*
50 VAG:  50 VAG, 51 que+dende, 18 NP-SBJ
*/

( (IP-MAT (CONJ and)
	  (PP (P for)
	      (NP (D +ti)))
	  (VBP cume+d)
	  (PP (P uppen)
	      (NP (PRO him)))
	  (NP-SBJ (D +tat)
		  (N unlimp)
		  (CP-REL (WNP-1 0)
			  (C +te)
			  (IP-SUB (NP-OB1 *T*-1)
				  (NP-SBJ (D +te) (N prophete))
				  (VBD wisste)
				  (PP (P on)
				      (NP (D se) (NPR+NPR salmboke)))
				  (IP-PPL (ADVP (ADV +tus))
					  (VAG que+dende)
					  (, .)
					  (QTP (LATIN (FW Adhereat) (FW lingua) (FW mea) (FW faucibus) (FW meis) (, .) (FW et) (FW cetera)))))))
	  (. .))
  (ID CMTRINIT,73.1003))

/~*
Ure louerd +te us bit to +tis gestninge. and bringe us to his holi fleis and
to his holi blod and leue us hem to bruken. and +tus que+dinde. Accipite et
commedite ex hoc omnes hic est e. c. s. m. n. et cetera.
(CMTRINIT,97.1304)
*~/
/*
93 VAG:  93 VAG, 94 que+dinde, 2 NP-SBJ
*/

( (IP-MAT (NP-SBJ (PRO$ Ure)
		  (NPR louerd)
		  (CP-REL (WNP-1 0)
			  (C +te)
			  (IP-SUB (IP-SUB (NP-SBJ *T*-1)
					  (NP-OB1 (PRO us))
					  (VBP bit)
					  (PP (P to)
					      (NP (D +tis) (N gestninge))))
				  (, .)
				  (CONJP (CONJ and)
					 (IP-SUB (NP-SBJ *T*-1)
						 (VBP bringe)
						 (NP-OB1 (PRO us))
						 (PP (PP (P to)
							 (NP (PRO$ his) (ADJ holi) (N fleis)))
						     (CONJP (CONJ and)
							    (PP (P to)
								(NP (PRO$ his) (ADJ holi) (N blod)))))))
				  (CONJP (CONJ and)
					 (IP-SUB (NP-SBJ *T*-1)
						 (VBP leue)
						 (NP-OB2 (PRO us))
						 (IP-INF (NP-OB1 (PRO hem))
							 (TO to)
							 (VB bruken))
						 (, .)
						 (CONJ and)
						 (IP-PPL (ADVP (ADV +tus))
							 (VAG que+dinde)
							 (, .)
							 (QTP (LATIN (FW Accipite) (FW et) (FW commedite) (FW ex) (FW hoc) (FW omnes) (FW hic) (FW est) (FW e.) (FW c.) (FW s.) (FW m.) (FW n.) (FW et) (FW cetera)))))))))
	  (. .))
  (ID CMTRINIT,97.1304))

/~*
and +terefore is so+d +tat he seide bi +te louerd Seint iohan baptiste +tus
que+dinde. Inter natos Mulierum et cetera
(CMTRINIT,131.1781)
*~/
/*
46 VAG:  46 VAG, 47 que+dinde, 12 NP-SBJ
*/

( (IP-MAT (CONJ and)
	  (PP (ADV+P +terefore))
	  (BEP is)
	  (ADJP (ADJ so+d))
	  (NP-SBJ (CP-FRL (WNP-1 0)
			  (C +tat)
			  (IP-SUB (NP-OB1 *T*-1)
				  (NP-SBJ (PRO he))
				  (VBD seide)
				  (PP (P bi)
				      (NP (D +te)
					  (N louerd)
					  (NP-PRN (NPR Seint)
						  (NPR iohan)
						  (NP-PRN (N baptiste)))))
				  (IP-PPL (ADVP (ADV +tus))
					  (VAG que+dinde)
					  (, .)
					  (QTP (LATIN (FW Inter) (FW natos) (FW Mulierum) (FW et) (FW cetera))))))))
  (ID CMTRINIT,131.1781))

/~*
+tus do+d +te libbende frend to-genes +te liggende.
(CMTRINIT,183.2549)
*~/
/*
9 VAG:  9 VAG, 10 libbende, 6 NP-SBJ
*/

( (IP-MAT (ADV +tus)
	  (DOP do+d)
	  (NP-SBJ (D +te) (VAG libbende) (N frend))
	  (PP (P to-genes)
	      (NP (D +te) (VAG liggende)))
	  (. .))
  (ID CMTRINIT,183.2549))
/*
FOOTER
  source file, hits/tokens/total
  C:\Users\Shoo\Dropbox\workspace\CorpusSearch_Auto\data\corporas\PPCME2\temp1492106398658\homilies_and_sermons\cmtrinit.mx1.psd	6/6/3074
*/
/*
HEADER:
source file:  C:\Users\Shoo\Dropbox\workspace\CorpusSearch_Auto\data\corporas\PPCME2\temp1492106398658\homilies_and_sermons\cmwycser.m3.psd
*/

/~*
And here men nooten how a lyggyng man +tat schulde ben areryd vp schulde bedon
his hand, and +te reyser schulde taken hit;
(CMWYCSER,318.1650)
*~/
/*
25 VAG:  25 VAG, 26 lyggyng, 22 NP-SBJ
*/

( (IP-MAT (CONJ And)
	  (ADVP-LOC (ADV here))
	  (NP-SBJ (NS men))
	  (VBP nooten)
	  (CP-QUE (WADVP-1 (WADV how))
		  (C 0)
		  (IP-SUB (IP-SUB (ADVP *T*-1)
				  (NP-SBJ (D a)
					  (VAG lyggyng)
					  (N man)
					  (CP-REL (WNP-2 0)
						  (C +tat)
						  (IP-SUB (NP-SBJ *T*-2)
							  (MD schulde)
							  (BE ben)
							  (VAN areryd)
							  (RP vp))))
				  (MD schulde)
				  (VB bedon)
				  (NP-OB1 (PRO$ his) (N hand)))
			  (, ,)
			  (CONJP (CONJ and)
				 (IP-SUB (ADVP *T*-1)
					 (NP-SBJ (D +te) (N reyser))
					 (MD schulde)
					 (VB taken)
					 (NP-OB1 (PRO hit))))))
	  (. ;))
  (ID CMWYCSER,318.1650))

/~*
And +tus Chana +tat is 'gelousnesse', and Galile +tat is 'a turnyng whel',
bytoknen +te loue of Crist +tat he hadde to counforten his spouse in +tis weye,
and bryngon hire aftur to blisse in +te chambre of heuene.
(CMWYCSER,362.2409)
*~/
/*
51 VAG:  51 VAG, 52 turnyng, 7 NP-SBJ
*/

( (IP-MAT (CONJ And)
	  (ADVP (ADV +tus))
	  (NP-SBJ (NP (NPR Chana)
		      (CP-REL (WNP-1 0)
			      (C +tat)
			      (IP-SUB (NP-SBJ *T*-1)
				      (BEP is)
				      (' ')
				      (NP-OB1 (N gelousnesse)))))
		  (' ')
		  (, ,)
		  (CONJP (CONJ and)
			 (NP (NPR Galile)
			     (CP-REL (WNP-2 0)
				     (C +tat)
				     (IP-SUB (NP-SBJ *T*-2)
					     (BEP is)
					     (' ')
					     (NP-OB1 (D a) (VAG turnyng) (N whel)))))))
	  (' ')
	  (, ,)
	  (VBP bytoknen)
	  (NP-OB1 (D +te)
		  (N loue)
		  (PP (P of)
		      (NP (NPR Crist)))
		  (CP-REL (WNP-3 0)
			  (C +tat)
			  (IP-SUB (NP-OB1 *T*-3)
				  (NP-SBJ (PRO he))
				  (HVD hadde)
				  (IP-INF-ADT (IP-INF-ADT (TO to)
							  (VB counforten)
							  (NP-OB1 (PRO$ his) (N spouse))
							  (PP (P in)
							      (NP (D +tis) (N weye))))
					      (, ,)
					      (CONJP (CONJ and)
						     (IP-INF-ADT (TO *)
								 (VB bryngon)
								 (NP-OB1 (PRO hire))
								 (ADVP-TMP (ADV aftur))
								 (PP (P to)
								     (NP (N blisse)))
								 (PP (P in)
								     (NP (D +te)
									 (N chambre)
									 (PP (P of)
									     (NP (NPR heuene)))))))))))
	  (. .))
  (ID CMWYCSER,362.2409))

/~*
and +tornes growyng strangledon hit;
(CMWYCSER,384.2838)
*~/
/*
8 VAG:  8 VAG, 9 growyng, 4 NP-SBJ
*/

( (IP-MAT (CONJ and)
	  (NP-SBJ (NS +tornes)
		  (RRC (VAG growyng)))
	  (VBD strangledon)
	  (NP-OB1 (PRO hit))
	  (. ;))
  (ID CMWYCSER,384.2838))
/*
FOOTER
  source file, hits/tokens/total
  C:\Users\Shoo\Dropbox\workspace\CorpusSearch_Auto\data\corporas\PPCME2\temp1492106398658\homilies_and_sermons\cmwycser.m3.psd	3/3/3911
*/
/*
SUMMARY:  
source files, hits/tokens/total
  C:\Users\Shoo\Dropbox\workspace\CorpusSearch_Auto\data\corporas\PPCME2\temp1492106398658\homilies_and_sermons\cmcapser.m4.psd	0/0/91
  C:\Users\Shoo\Dropbox\workspace\CorpusSearch_Auto\data\corporas\PPCME2\temp1492106398658\homilies_and_sermons\cmfitzja.m4.psd	4/4/228
  C:\Users\Shoo\Dropbox\workspace\CorpusSearch_Auto\data\corporas\PPCME2\temp1492106398658\homilies_and_sermons\cmgaytry.m34.psd	1/1/199
  C:\Users\Shoo\Dropbox\workspace\CorpusSearch_Auto\data\corporas\PPCME2\temp1492106398658\homilies_and_sermons\cminnoce.m4.psd	5/4/208
  C:\Users\Shoo\Dropbox\workspace\CorpusSearch_Auto\data\corporas\PPCME2\temp1492106398658\homilies_and_sermons\cmkentho.m1.psd	0/0/298
  C:\Users\Shoo\Dropbox\workspace\CorpusSearch_Auto\data\corporas\PPCME2\temp1492106398658\homilies_and_sermons\cmkentse.m2.psd	0/0/231
  C:\Users\Shoo\Dropbox\workspace\CorpusSearch_Auto\data\corporas\PPCME2\temp1492106398658\homilies_and_sermons\cmlamb1.m1.psd	2/2/526
  C:\Users\Shoo\Dropbox\workspace\CorpusSearch_Auto\data\corporas\PPCME2\temp1492106398658\homilies_and_sermons\cmlambx1.mx1.psd	5/4/1410
  C:\Users\Shoo\Dropbox\workspace\CorpusSearch_Auto\data\corporas\PPCME2\temp1492106398658\homilies_and_sermons\cmmirk.m34.psd	7/5/3708
  C:\Users\Shoo\Dropbox\workspace\CorpusSearch_Auto\data\corporas\PPCME2\temp1492106398658\homilies_and_sermons\cmorm.m1.psd	0/0/2638
  C:\Users\Shoo\Dropbox\workspace\CorpusSearch_Auto\data\corporas\PPCME2\temp1492106398658\homilies_and_sermons\cmroyal.m34.psd	2/2/399
  C:\Users\Shoo\Dropbox\workspace\CorpusSearch_Auto\data\corporas\PPCME2\temp1492106398658\homilies_and_sermons\cmsawles.m1.psd	0/0/276
  C:\Users\Shoo\Dropbox\workspace\CorpusSearch_Auto\data\corporas\PPCME2\temp1492106398658\homilies_and_sermons\cmtrinit.mx1.psd	6/6/3074
  C:\Users\Shoo\Dropbox\workspace\CorpusSearch_Auto\data\corporas\PPCME2\temp1492106398658\homilies_and_sermons\cmwycser.m3.psd	3/3/3911
whole search, hits/tokens/total
		35/31/17197
*/
