/*
PREFACE:  
Copyright 2010 Beth Randall
Date:  Thu Apr 13 19:02:11 BST 2017

command file:     data\searches\queries\PENN\progressive_forms_in_noun_phrases_appositive.q
output file:      C:\Users\Shoo\Dropbox\workspace\CorpusSearch_Auto\data\output\13-04-2017 18.46.36.333 PPCME2\progressive_forms_in_noun_phrases_appositive\biography_and_diaries\result.out

node:   NP-PRN*|BAG*|HAG*|VAG*|DAG*
query:  (BAG*|HAG*|VAG*|DAG* Dominates  !BAG*|HAG*|VAG*|DAG*) 
  AND  (NP-PRN* Dominates  BAG*|HAG*|VAG*|DAG*) 
*/
/*
HEADER:
source file:  C:\Users\Shoo\Dropbox\workspace\CorpusSearch_Auto\data\corporas\PPCME2\temp1492106398658\biography_and_diaries\cmedmund.m4.psd
*/
/*
FOOTER
  source file, hits/tokens/total
  C:\Users\Shoo\Dropbox\workspace\CorpusSearch_Auto\data\corporas\PPCME2\temp1492106398658\biography_and_diaries\cmedmund.m4.psd	0/0/300
*/
/*
HEADER:
source file:  C:\Users\Shoo\Dropbox\workspace\CorpusSearch_Auto\data\corporas\PPCME2\temp1492106398658\biography_and_diaries\cmjulia.m1.psd
*/

/~*
lauerd liues lattow. lead me +turh +tis lease. +tis lutle leastinde lif; to
+te hauene of heale. as +tu leaddest israeles leode of egipte bute schip
dru-fot +turh +te reade sea. & asenchtest hare uan +te ferden ham efter.
(CMJULIA,106.177)
*~/
/*
32 VAG:  32 VAG, 33 leastinde, 27 NP-PRN
*/
( (IP-IMP-SPE (NP-VOC (NPR lauerd)
		      (NP-PRN (N$ liues) (N lattow)))
	      (, .)
	      (VBI lead)
	      (NP-OB1 (PRO me))
	      (PP (P +turh)
		  (NP (D +tis)
		      (ADJ lease)
		      (, .)
		      (NP-PRN (D +tis) (Q lutle) (VAG leastinde) (N lif))))
	      (, ;)
	      (PP (P to)
		  (NP (D +te)
		      (N hauene)
		      (PP (P of)
			  (NP (N heale)))))
	      (, .)
	      (PP (P as)
		  (CP-ADV-SPE (WADVP-1 0)
			      (C 0)
			      (IP-SUB-SPE (IP-SUB-SPE (ADVP *T*-1)
						      (NP-SBJ (PRO +tu))
						      (VBD leaddest)
						      (NP-OB1 (NPR$ israeles) (N leode))
						      (PP (P of)
							  (NP (NPR egipte)))
						      (PP (P bute)
							  (NP (N schip)))
						      (ADJP-SPR (ADJ+N dru-fot))
						      (PP (P +turh)
							  (NP (D +te) (NPR reade) (NPR sea))))
					  (, .)
					  (CONJP (CONJ &)
						 (IP-SUB-SPE (ADVP *T*-1)
							     (NP-SBJ *con*)
							     (VBD asenchtest)
							     (NP-OB1 (PRO$ hare)
								     (NS uan)
								     (CP-REL-SPE (WNP-2 0)
										 (C +te)
										 (IP-SUB-SPE (NP-SBJ *T*-2)
											     (VBD ferden)
											     (PP (NP (PRO ham))
												 (P efter))))))))))
	      (. .))
  (ID CMJULIA,106.177))
/*
FOOTER
  source file, hits/tokens/total
  C:\Users\Shoo\Dropbox\workspace\CorpusSearch_Auto\data\corporas\PPCME2\temp1492106398658\biography_and_diaries\cmjulia.m1.psd	1/1/568
*/
/*
HEADER:
source file:  C:\Users\Shoo\Dropbox\workspace\CorpusSearch_Auto\data\corporas\PPCME2\temp1492106398658\biography_and_diaries\cmkathe.m1.psd
*/

/~*
Ant seh efter hire hea+dene monie wepmen & wummen wi+d wringinde honden
wepinde sare
(CMKATHE,50.497)
*~/
/*
31 VAG:  31 VAG, 32 wringinde, 20 NP-PRN
*/

( (IP-MAT (CONJ Ant)
	  (NP-SBJ *con*)
	  (VBD seh)
	  (PP (P efter)
	      (NP (PRO hire)))
	  (NP-OB1 (NS hea+dene)
		  (QP (Q monie))
		  (NP-PRN (N+NS wepmen)
			  (CONJ &)
			  (NS wummen)
			  (PP (P wi+d)
			      (NP (VAG wringinde) (NS honden)))))
	  (IP-PPL (VAG wepinde)
		  (ADVP (ADV sare))))
  (ID CMKATHE,50.497))
/*
FOOTER
  source file, hits/tokens/total
  C:\Users\Shoo\Dropbox\workspace\CorpusSearch_Auto\data\corporas\PPCME2\temp1492106398658\biography_and_diaries\cmkathe.m1.psd	1/1/544
*/
/*
HEADER:
source file:  C:\Users\Shoo\Dropbox\workspace\CorpusSearch_Auto\data\corporas\PPCME2\temp1492106398658\biography_and_diaries\cmmarga.m1.psd
*/

/~*
+teo +tt te heie+d & herie+d. in heouene & alle +te +tinges +te eardi+d on
eor+de. +te fisches +te i +te flodes fleote+d wi+d finnes. +te flihinde
fuheles +te fleo+d bi +te lufte & al +tt iwraht is wurche+d +tt ti wil is.
(CMMARGA,70.230)
*~/
/*
96 VAG:  96 VAG, 97 flihinde, 60 NP-PRN
*/

( (IP-MAT-SPE (NP-SBJ (NP (D +teo)
			  (CP-REL-SPE (WNP-1 0)
				      (C +tt)
				      (IP-SUB-SPE (NP-SBJ *T*-1)
						  (NP-OB1 (PRO te))
						  (VBP (VBP heie+d) (CONJ &) (VBP herie+d))
						  (, .)
						  (PP (P in)
						      (NP (NPR heouene))))))
		      (CONJP (CONJ &)
			     (NP (Q alle)
				 (D +te)
				 (NS +tinges)
				 (CP-REL-SPE (WNP-2 0)
					     (C +te)
					     (IP-SUB-SPE (NP-SBJ *T*-2)
							 (VBP eardi+d)
							 (PP (P on)
							     (NP (NPR eor+de)))))
				 (, .)
				 (NP-PRN (NP (D +te)
					     (NS fisches)
					     (CP-REL-SPE (WNP-3 0)
							 (C +te)
							 (IP-SUB-SPE (NP-SBJ *T*-3)
								     (PP (P i)
									 (NP (D +te) (NS flodes)))
								     (VBP fleote+d)
								     (PP (P wi+d)
									 (NP (NS finnes))))))
					 (, .)
					 (CONJP (NP (D +te)
						    (VAG flihinde)
						    (NS fuheles)
						    (CP-REL-SPE (WNP-4 0)
								(C +te)
								(IP-SUB-SPE (NP-SBJ *T*-4)
									    (VBP fleo+d)
									    (PP (P bi)
										(NP (D +te) (N lufte)))))))
					 (CODE <P_70>)
					 (CONJP (CONJ &)
						(NP (Q al)
						    (CP-REL-SPE (WNP-5 0)
								(C +tt)
								(IP-SUB-SPE (NP-SBJ *T*-5)
									    (VAN iwraht)
									    (BEP is)))))))))
	      (VBP wurche+d)
	      (NP-OB1 (CP-FRL-SPE (WNP-6 0)
				  (C +tt)
				  (IP-SUB-SPE (NP-OB1 *T*-6)
					      (NP-SBJ (PRO$ ti) (N wil))
					      (BEP is))))
	      (. .))
  (ID CMMARGA,70.230))

/~*
Ah +te ich +tonki +trof +te kingene king art echeliche icrunet. Sorhfule &
sari & sunfule toturn. wondrinde & wrecches & wonlese wisent. castel of
streng+de a+gein +te stronge unwiht. Meidenes murhde. & martyrs crune.
mel-seotel softest & guldene +gerde alre gold smeatest. ant glistinde +gimstan
of alle seheliche & unseheliche ba. swotest & swetest alre schefte schuppent.
+trumnesse +treouald & anuald +te-hwe+dere. +trile i +treo hades. & an in an
hehschipe.
(CMMARGA,73.291)
*~/
/*
66 VAG:  66 VAG, 67 wondrinde, 44 NP-PRN-4
153 VAG:  153 VAG, 154 glistinde, 44 NP-PRN-4
*/

( (IP-MAT-SPE (CONJ Ah)
	      (NP-OB2 (PRO +te)
		      (CP-REL-SPE *ICH*-1)
		      (NP-PRN *ICH*-4))
	      (NP-SBJ (PRO ich))
	      (VBP +tonki)
	      (PP (ADV+P +trof))
	      (CP-REL-SPE-1 (WNP-2 0)
			    (C +te)
			    (IP-SUB-SPE (NP-SBJ-3 *T*-2)
					(IP-SMC-SPE (NP-SBJ *-3)
						    (NP-OB1 (NS$ kingene) (N king)))
					(BEP art)
					(ADVP (ADV echeliche))
					(VAN icrunet)))
	      (, .)
	      (NP-PRN-4 (NP (NP-POS (ADJP (ADJ Sorhfule) (CONJ &) (ADJ sari) (CONJ &) (ADJ sunfule)))
			    (N toturn))
			(, .)
			(CONJP (NP (NP-POS (ADJP (VAG wondrinde) (CONJ &) (ADJ wrecches) (CONJ &) (ADJ wonlese)))
				   (N wisent)))
			(, .)
			(CONJP (NP (N castel)
				   (PP (P of)
				       (NP (N streng+de)))
				   (PP (P a+gein)
				       (NP (D +te) (ADJ stronge) (NPR unwiht)))))
			(, .)
			(CONJP (NP (NP (N$ Meidenes) (N murhde))
				   (, .)
				   (CONJP (CONJ &)
					  (NP (N$ martyrs) (N crune)))))
			(, .)
			(CONJP (NP (NP (N+N mel-seotel)
				       (ADJP (ADJS softest)))
				   (CONJP (CONJ &)
					  (NP (ADJ guldene) (N +gerde)))))
			(CONJP (NP (ADJP (NP (Q alre) (N$ gold))
					 (ADJS smeatest))
				   (, .)
				   (CONJP (CONJ ant)
					  (NP (VAG glistinde) (N+N +gimstan)))))
			(CONJP (ADJP (PP (P of)
					 (NP (Q alle)
					     (ADJ seheliche)
					     (CONJP (CONJ &)
						    (NX (ADJ unseheliche))
						    (CONJ ba))))
				     (, .)
				     (ADJS swotest))
			       (CONJP (CONJ &)
				      (NP (ADJS swetest)
					  (NP-COM (Q alre) (N$ schefte))
					  (N schuppent))))
			(, .)
			(CONJP (NP (NPR +trumnesse)
				   (ADJP (ADJP (ADJ +treouald))
					 (CONJP (CONJ &)
						(ADJP (ADJ anuald)
						      (ADVP (ADV +te-hwe+dere)))))))
			(, .)
			(CONJP (ADJP (ADJP (ADJ +trile)
					   (PP (P i)
					       (NP (NUM +treo) (NS hades))))
				     (, .)
				     (CONJP (CONJ &)
					    (NP (ONE an)
						(PP (P in)
						    (NP (ONE an) (N hehschipe))))))))
	      (. .))
  (ID CMMARGA,73.291))
/*
FOOTER
  source file, hits/tokens/total
  C:\Users\Shoo\Dropbox\workspace\CorpusSearch_Auto\data\corporas\PPCME2\temp1492106398658\biography_and_diaries\cmmarga.m1.psd	3/2/639
*/
/*
SUMMARY:  
source files, hits/tokens/total
  C:\Users\Shoo\Dropbox\workspace\CorpusSearch_Auto\data\corporas\PPCME2\temp1492106398658\biography_and_diaries\cmedmund.m4.psd	0/0/300
  C:\Users\Shoo\Dropbox\workspace\CorpusSearch_Auto\data\corporas\PPCME2\temp1492106398658\biography_and_diaries\cmjulia.m1.psd	1/1/568
  C:\Users\Shoo\Dropbox\workspace\CorpusSearch_Auto\data\corporas\PPCME2\temp1492106398658\biography_and_diaries\cmkathe.m1.psd	1/1/544
  C:\Users\Shoo\Dropbox\workspace\CorpusSearch_Auto\data\corporas\PPCME2\temp1492106398658\biography_and_diaries\cmmarga.m1.psd	3/2/639
whole search, hits/tokens/total
		5/4/2051
*/
