/*
PREFACE:  
Copyright 2010 Beth Randall
Date:  Thu Apr 13 19:03:20 BST 2017

command file:     data\searches\queries\PENN\wh-relatives.q
output file:      C:\Users\Shoo\Dropbox\workspace\CorpusSearch_Auto\data\output\13-04-2017 18.46.36.333 PPCME2\whrelatives\philosophy\result.out

node:   CP-REL*|WADJP|WADVP|WIP|WNP|WPP|WQP
query:  (WADJP|WADVP|WIP|WNP|WPP|WQP Dominates  !WADJP|WADVP|WIP|WNP|WPP|WQP) 
  AND  (CP-REL* Dominates  WADJP|WADVP|WIP|WNP|WPP|WQP) 
*/
/*
HEADER:
source file:  C:\Users\Shoo\Dropbox\workspace\CorpusSearch_Auto\data\corporas\PPCME2\temp1492106398658\philosophy\cmboeth.m3.psd
*/

/~*
And eek at the laste se wel that a thing that is divers from any thing, that
thilke thing nys nat that same thing fro whiche it es undirstonden to be
diverse.
(CMBOETH,432.C2.158)
*~/
/*
73 WNP:  73 WNP, 75 whiche, 69 CP-REL-SPE
*/
( (IP-IMP-SPE (CONJ And)
	      (ALSO eek)
	      (PP (P at)
		  (NP (D the) (ADJ laste)))
	      (VBI se)
	      (ADVP (ADV wel))
	      (CP-THT-SPE (C that)
			  (IP-SUB-SPE (NP-LFD (D a)
					      (N thing)
					      (CP-REL-SPE (WNP-1 0)
							  (C that)
							  (IP-SUB-SPE (NP-SBJ *T*-1)
								      (BEP is)
								      (ADJP (ADJ divers)
									    (PP (P from)
										(NP (Q any) (N thing)))))))
				      (, ,)
				      (NP-SBJ-RSP (D that) (D+ADJ thilke) (N thing))
				      (NEG+BEP nys)
				      (NEG nat)
				      (NP-OB1 (D that)
					      (ADJ same)
					      (N thing)
					      (CP-REL-SPE (WPP-2 (P fro)
								 (WNP (WPRO whiche)))
							  (C 0)
							  (IP-SUB-SPE (NP-SBJ (PRO it))
								      (BEP es)
								      (VAN undirstonden)
								      (IP-INF-SPE (TO to)
										  (BE be)
										  (ADJP (ADJ diverse)
											(PP *T*-2))))))))
	      (. .))
  (ID CMBOETH,432.C2.158))

/~*
But certes thilke that is cause for whiche men requiren any thing, it semeth
that thilke same thing be moost desired.
(CMBOETH,434.C1.222)
*~/
/*
27 WNP:  27 WNP, 29 whiche, 10 CP-REL-SPE
*/

( (IP-MAT-SPE (CONJ But)
	      (ADVP (ADV certes))
	      (NP-LFD (D+ADJ thilke)
		      (CP-REL-SPE (WNP-1 0)
				  (C that)
				  (IP-SUB-SPE (NP-SBJ *T*-1)
					      (BEP is)
					      (NP-OB1 (N cause)
						      (CP-QUE-SPE (WPP-2 (P for)
									 (WNP (WPRO whiche)))
								  (C 0)
								  (IP-SUB-SPE (PP *T*-2)
									      (NP-SBJ (NS men))
									      (CODE <P_434.C1>)
									      (VBP requiren)
									      (NP-OB1 (Q any) (N thing))))))))
	      (, ,)
	      (NP-SBJ-RSP (PRO it))
	      (VBP semeth)
	      (CP-THT-SPE (C that)
			  (IP-SUB-SPE (NP-SBJ (D+ADJ thilke) (ADJ same) (N thing))
				      (BEP be)
				      (NP-MSR (QS moost))
				      (VAN desired)))
	      (. .))
  (ID CMBOETH,434.C1.222))

/~*
But we han grauntide that blisfulnesse is that thing for whiche that alle
thise othere thinges ben desired;
(CMBOETH,434.C1.226)
*~/
/*
29 WNP:  29 WNP, 31 whiche, 25 CP-REL-SPE
*/

( (IP-MAT-SPE (CONJ But)
	      (NP-SBJ (PRO we))
	      (HVP han)
	      (VBN grauntide)
	      (CP-THT-SPE (C that)
			  (IP-SUB-SPE (NP-SBJ (N blisfulnesse))
				      (BEP is)
				      (NP-OB1 (D that)
					      (N thing)
					      (CP-REL-SPE (WPP-1 (P for)
								 (WNP (WPRO whiche)))
							  (C that)
							  (IP-SUB-SPE (PP *T*-1)
								      (NP-SBJ (Q alle) (D thise) (OTHER othere) (NS thinges))
								      (BEP ben)
								      (VAN desired))))))
	      (. ;))
  (ID CMBOETH,434.C1.226))

/~*
for of thinges of whiche that the effect nys nat naturely divers, nedes the
substaunce moot be oo same thing. "
(CMBOETH,435.C1.261)
*~/
/*
14 WNP:  14 WNP, 16 whiche, 10 CP-REL-SPE
*/

( (IP-MAT-SPE (CONJ for)
	      (PP-1 (P of)
		    (NP (NS thinges)
			(CP-REL-SPE (WPP-2 (P of)
					   (WNP (WPRO whiche)))
				    (C that)
				    (IP-SUB-SPE (PP *T*-2)
						(NP-SBJ (D the) (N effect))
						(NEG+BEP nys)
						(NEG nat)
						(ADJP (ADV naturely) (ADJ divers))))))
	      (, ,)
	      (NP-ADV (N nedes))
	      (NP-SBJ (D the)
		      (N substaunce)
		      (PP *ICH*-1))
	      (MD moot)
	      (BE be)
	      (NP-OB1 (ONE oo) (ADJ same) (N thing))
	      (. .)
	      (" "))
  (ID CMBOETH,435.C1.261))

/~*
but natheles they retorne sone ageyn into the same thinges fro whennes thei
ben arraced;
(CMBOETH,436.C1.302)
*~/
/*
32 WADVP:  32 WADVP, 34 whennes, 28 CP-REL-SPE
*/

( (IP-MAT-SPE (CONJ but)
	      (ADVP (ADV natheles))
	      (NP-SBJ (PRO they))
	      (VBP retorne)
	      (ADVP-TMP (ADV sone))
	      (ADVP (ADV ageyn))
	      (PP (P into)
		  (NP (D the)
		      (ADJ same)
		      (NS thinges)
		      (CP-REL-SPE (WPP-1 (P fro)
					 (WADVP (WADV whennes)))
				  (C 0)
				  (IP-SUB-SPE (PP *T*-1)
					      (NP-SBJ (PRO thei))
					      (BEP ben)
					      (VAN arraced)))))
	      (. ;))
  (ID CMBOETH,436.C1.302))

/~*
For the purveaunce of God hath yeven to thinges that ben creat of hym this,
that is a ful grete cause to lyven and to duren, for whiche they desiren
naturely here lif as longe as evere thei mowen. For which thou mayst not drede
be no manere that alle the thinges that ben anywhere, that thei ne requiren
naturely the ferme stablenesse of perdurable duellynge, and eek the eschuynge
of destruccioun.
(CMBOETH,436.C1.310)
*~/
/*
88 WNP:  88 WNP, 90 whiche, 25 CP-REL-SPE
142 WNP:  142 WNP, 144 which, 25 CP-REL-SPE
*/

( (IP-MAT-SPE (CONJ For)
	      (NP-SBJ (D the)
		      (N purveaunce)
		      (PP (P of)
			  (NP (NPR God))))
	      (HVP hath)
	      (VBN yeven)
	      (PP (P to)
		  (NP (NS thinges)
		      (CP-REL-SPE (WNP-1 0)
				  (C that)
				  (IP-SUB-SPE (NP-SBJ *T*-1)
					      (BEP ben)
					      (VAN creat)
					      (PP (P of)
						  (NP (PRO hym)))
					      (NP-OB1 (D this)
						      (, ,)
						      (CP-REL-SPE (WNP-2 0)
								  (C that)
								  (IP-SUB-SPE (NP-SBJ *T*-2)
									      (BEP is)
									      (NP-OB1 (D a)
										      (ADJP (ADV ful) (ADJ grete))
										      (N cause)
										      (IP-INF-SPE (IP-INF-SPE (TO to) (VB lyven))
												  (CONJP (CONJ and)
													 (IP-INF-SPE (TO to) (VB duren))))))))
					      (, ,)
					      (CP-CAR-SPE (WPP-3 (P for)
								 (WNP (WPRO whiche)))
							  (C 0)
							  (IP-SUB-SPE (PP *T*-3)
								      (NP-SBJ (PRO they))
								      (VBP desiren)
								      (ADVP (ADV naturely))
								      (NP-OB1 (PRO$ here) (N lif))
								      (NP-MSR (ADJP (ADVR as) (ADJ longe))
									      (PP (P as)
										  (CP-CMP-SPE (WNP-4 0)
											      (C 0)
											      (IP-SUB-SPE (NP-MSR *T*-4)
													  (ADVP-TMP (ADV evere))
													  (NP-SBJ (PRO thei))
													  (MD mowen)
													  (VB *)))))))
					      (, .)
					      (CP-CAR-SPE (WPP-5 (P For)
								 (WNP (WPRO which)))
							  (C 0)
							  (IP-SUB-SPE (PP *T*-5)
								      (NP-SBJ (PRO thou))
								      (MD mayst)
								      (NEG not)
								      (VB drede)
								      (PP (P be)
									  (NP (Q no) (N manere)))
								      (CP-THT-SPE (C that)
										  (CP-THT-SPE (NP-LFD (Q alle)
												      (D the)
												      (NS thinges)
												      (CP-REL-SPE (WNP-6 0)
														  (C that)
														  (IP-SUB-SPE (NP-SBJ *T*-6)
															      (BEP ben)
															      (ADVP-LOC (Q+WADV anywhere)))))
											      (, ,)
											      (C that)
											      (IP-SUB-SPE (NP-SBJ-RSP (PRO thei))
													  (NEG ne)
													  (VBP requiren)
													  (ADVP (ADV naturely))
													  (NP-OB1 (NP (D the)
														      (ADJ ferme)
														      (N stablenesse)
														      (PP (P of)
															  (NP (ADJ perdurable) (N duellynge))))
														  (, ,)
														  (CONJP (CONJ and)
															 (ALSO eek)
															 (NP (D the)
															     (N eschuynge)
															     (PP (P of)
																 (NP (N destruccioun)))))))))))))))
	      (. .))
  (ID CMBOETH,436.C1.310))

/~*
or elles, yif ther be any thing to whiche that alle thinges tenden and hyen to,
that thing muste ben the sovereyn good of alle goodes. "
(CMBOETH,436.C2.328)
*~/
/*
29 WNP:  29 WNP, 31 whiche, 25 CP-REL-SPE
*/

( (IP-MAT-SPE (CONJ or)
	      (ELSE elles)
	      (, ,)
	      (PP (P yif)
		  (CP-ADV-SPE (C 0)
			      (IP-SUB-SPE (NP-SBJ-1 (EX ther))
					  (BEP be)
					  (NP-1 (Q any)
						(N thing)
						(CP-REL-SPE (WPP-2 (P to)
								   (WNP (WPRO whiche)))
							    (C that)
							    (IP-SUB-SPE (NP-SBJ (Q alle) (NS thinges))
									(VBP (VBP tenden) (CONJ and) (VBP hyen))
									(PP (P to)
									    (PP *T*-2))))))))
	      (, ,)
	      (NP-SBJ (D that) (N thing))
	      (MD muste)
	      (BE ben)
	      (NP-OB1 (D the)
		      (ADJ sovereyn)
		      (N good)
		      (PP (P of)
			  (NP (Q alle) (NS goodes))))
	      (. .)
	      (" "))
  (ID CMBOETH,436.C2.328))

/~*
But I nolde nat of schrewes, of whiche the thought crwel woodeth alwey into
destruccion of gode men, that it were leveful to hem to don that. "
(CMBOETH,446.C2.348)
*~/
/*
23 WNP:  23 WNP, 25 whiche, 19 CP-REL-SPE
*/

( (IP-MAT-SPE (CONJ But)
	      (NP-SBJ (PRO I))
	      (NEG+VBD nolde)
	      (NEG nat)
	      (PP (P of)
		  (NP (NS schrewes)
		      (, ,)
		      (CP-REL-SPE (WPP-1 (P of)
					 (WNP (WPRO whiche)))
				  (C 0)
				  (IP-SUB-SPE (PP *T*-1)
					      (NP-SBJ (D the)
						      (N thought)
						      (ADJP (ADJ crwel))
						      (PP *T*-1))
					      (VBP woodeth)
					      (ADVP-TMP (ADV alwey))
					      (PP (P into)
						  (NP (N destruccion)
						      (PP (P of)
							  (NP (ADJ gode) (NS men)))))))))
	      (, ,)
	      (CP-THT-SPE (C that)
			  (IP-SUB-SPE (NP-SBJ-2 (PRO it))
				      (BED were)
				      (ADJP (ADJ leveful)
					    (PP (P to)
						(NP (PRO hem))))
				      (IP-INF-SPE-2 (TO to)
						    (DO don)
						    (NP-OB1 (D that)))))
	      (. .)
	      (" "))
  (ID CMBOETH,446.C2.348))

/~*
"And what $seist $tow thanne," quod sche, "of thilke wrecche that lakketh alle
goodes so that no good nys medlyd in his wrecchidnesse, and yit over al his
wikkidnesse, for which he is a wrecche, that ther be yit another yvel anexed
and knyt to hym -
(CMBOETH,447.C2.380)
*~/
/*
108 WNP:  108 WNP, 110 which, 104 CP-REL-SPE
108 WNP:  108 WNP, 110 which, 44 CP-REL-SPE
*/

( (CP-QUE-SPE (" ")
	      (CONJ And)
	      (WNP-1 (WPRO what))
	      (IP-SUB-SPE (NP-OB1 *T*-1)
			  (VBP $seist)
			  (NP-SBJ (PRO $tow))
			  (CODE {TEXT:seistow})
			  (ADVP-TMP (ADV thanne))
			  (, ,)
			  (" ")
			  (IP-MAT-PRN-SPE (VBD quod)
					  (NP-SBJ (PRO sche)))
			  (, ,)
			  (" ")
			  (PP (P of)
			      (NP (D+ADJ thilke)
				  (N wrecche)
				  (CP-REL-SPE (WNP-2 0)
					      (C that)
					      (IP-SUB-SPE (NP-SBJ *T*-2)
							  (VBP lakketh)
							  (NP-OB1 (Q alle) (NS goodes))
							  (PP (P so)
							      (CP-ADV-SPE (CP-ADV-SPE (C that)
										      (IP-SUB-SPE (NP-SBJ (Q no) (N good))
												  (NEG+BEP nys)
												  (VAN medlyd)
												  (PP (P in)
												      (NP (PRO$ his) (N wrecchidnesse)))))
									  (, ,)
									  (CONJP (CONJ and)
										 (CP-ADV-SPE (PP-3 (ADV yit)
												   (P over)
												   (NP (Q al)
												       (PRO$ his)
												       (N wikkidnesse)
												       (, ,)
												       (CP-REL-SPE (WPP-4 (P for)
															  (WNP (WPRO which)))
														   (C 0)
														   (IP-SUB-SPE (PP *T*-4)
															       (NP-SBJ (PRO he))
															       (BEP is)
															       (NP-OB1 (D a) (N wrecche))))))
											     (, ,)
											     (C that)
											     (IP-SUB-SPE (PP *ICH*-3)
													 (NP-SBJ-5 (EX ther))
													 (BEP be)
													 (ADVP (ADV yit))
													 (NP-5 (D+OTHER another) (N yvel))
													 (VAN (VAN anexed) (CONJ and) (VAN knyt))
													 (PP (P to)
													     (NP (PRO hym)))))))))))))
	      (. -))
  (ID CMBOETH,447.C2.380))

/~*
schal nat men demen hym more unsely thanne thilke wrecche of whiche the
unselynesse is relevid by the participacioun of som good? "
(CMBOETH,447.C2.381)
*~/
/*
33 WNP:  33 WNP, 35 whiche, 29 CP-REL-SPE
*/

( (CP-QUE-SPE (IP-SUB-SPE (MD schal)
			  (NEG nat)
			  (NP-SBJ (NS men))
			  (VB demen)
			  (IP-SMC-SPE (NP-SBJ (PRO hym))
				      (ADJP (QR more)
					    (ADJ unsely)
					    (PP (P thanne)
						(NP (D+ADJ thilke)
						    (N wrecche)
						    (CP-REL-SPE (WPP-1 (P of)
								       (WNP (WPRO whiche)))
								(C 0)
								(IP-SUB-SPE (PP *T*-1)
									    (NP-SBJ (D the) (N unselynesse))
									    (BEP is)
									    (VAN relevid)
									    (PP (P by)
										(NP (D the)
										    (N participacioun)
										    (PP (P of)
											(NP (Q som) (N good))))))))))))
	      (. ?)
	      (" "))
  (ID CMBOETH,447.C2.381))

/~*
"But I have travailed and told yit hiderto for thou scholdest knowe that the
mowynge of schrewes, whiche mowynge the semeth to ben unworthy, nis no mowynge;
and ek of schrewes, of whiche thou pleynedest that they ne were nat punysschid,
that thow woldest seen that thei ne were neveremo withouten the tormentz of
hir wikkidnesse; and of the licence of mowynge to don yvel that thou preyedest
that it myghte sone ben ended, and that thou woldest fayn lernen that it ne
sholde nat longe endure, and that schrewes ben more unsely yif thei were of
lengere durynge, and most unsely yif thei weren perdurable.
(CMBOETH,448.C1.398)
*~/
/*
111 WNP:  111 WNP, 113 whiche, 107 CP-REL-SPE
*/

( (IP-MAT-SPE (" ")
	      (CONJ But)
	      (NP-SBJ (PRO I))
	      (HVP have)
	      (VBN (VBN travailed) (CONJ and) (VBN told))
	      (ADVP (ADV yit))
	      (PP (ADV+P hiderto))
	      (PP (P for)
		  (CP-ADV-SPE (C 0)
			      (IP-SUB-SPE (NP-SBJ (PRO thou))
					  (MD scholdest)
					  (VB knowe)
					  (CP-THT-SPE (CP-THT-SPE (C that)
								  (IP-SUB-SPE (NP-SBJ (D the)
										      (N mowynge)
										      (PP (P of)
											  (NP (NS schrewes)))
										      (, ,)
										      (CP-CAR-PRN-SPE (WNP-1 (WD whiche) (N mowynge))
												      (C 0)
												      (IP-SUB-SPE (NP-SBJ-2 *exp*)
														  (NP-OB2 (PRO the))
														  (VBP semeth)
														  (IP-INF-SPE-2 (NP-SBJ *T*-1)
																(TO to)
																(BE ben)
																(NP-OB1 (ADJ unworthy))))))
									      (, ,)
									      (NEG+BEP nis)
									      (NP-OB1 (Q no) (N mowynge))))
						      (, ;)
						      (CONJP (CONJ and)
							     (ALSO ek)
							     (CP-THT-SPE (PP-3 (P of)
									       (NP (NS schrewes)
										   (, ,)
										   (CP-REL-SPE (WPP-4 (P of)
												      (WNP (WPRO whiche)))
											       (C 0)
											       (IP-SUB-SPE (PP *T*-4)
													   (NP-SBJ (PRO thou))
													   (VBP pleynedest)
													   (CP-THT-SPE (C that)
														       (IP-SUB-SPE (NP-SBJ (PRO they))
																   (NEG ne)
																   (BED were)
																   (NEG nat)
																   (VAN punysschid)))))))
									 (, ,)
									 (C that)
									 (IP-SUB-SPE (PP *ICH*-3)
										     (NP-SBJ (PRO thow))
										     (MD woldest)
										     (VB seen)
										     (CP-THT-SPE (C that)
												 (IP-SUB-SPE (NP-SBJ (PRO thei))
													     (NEG ne)
													     (BED were)
													     (ADVP-TMP (ADV neveremo))
													     (PP (P withouten)
														 (NP (D the)
														     (NS tormentz)
														     (PP (P of)
															 (NP (PRO$ hir) (N wikkidnesse))))))))))
						      (, ;)
						      (CONJP (CONJ and)
							     (CP-THT-SPE (PP-5 (P of)
									       (NP (D the)
										   (N licence)
										   (PP (P of)
										       (NP (N mowynge)
											   (IP-INF-SPE (TO to)
												       (DO don)
												       (NP-OB1 (N yvel)))))))
									 (C that)
									 (IP-SUB-SPE (PP *ICH*-5)
										     (NP-SBJ (PRO thou))
										     (VBD preyedest)
										     (CP-THT-SPE (C that)
												 (IP-SUB-SPE (NP-SBJ (PRO it))
													     (MD myghte)
													     (ADVP-TMP (ADV sone))
													     (BE ben)
													     (VAN ended))))))
						      (, ,)
						      (CONJP (CONJ and)
							     (CP-THT-SPE (C that)
									 (IP-SUB-SPE (NP-SBJ (PRO thou))
										     (MD woldest)
										     (ADVP (ADV fayn))
										     (VB lernen)
										     (CP-THT-SPE (CP-THT-SPE (C that)
													     (IP-SUB-SPE (NP-SBJ (PRO it))
															 (NEG ne)
															 (MD sholde)
															 (NEG nat)
															 (NP-MSR (ADJ longe))
															 (VB endure)))
												 (, ,)
												 (CONJP (CONJ and)
													(CP-THT-SPE (C that)
														    (IP-SUB-SPE (IP-SUB-SPE-6 (NP-SBJ (NS schrewes))
																	      (BEP ben)
																	      (ADJP (QR more) (ADJ unsely))
																	      (PP (P yif)
																		  (CP-ADV-SPE (C 0)
																			      (IP-SUB-SPE (NP-SBJ (PRO thei))
																					  (BED were)
																					  (PP (P of)
																					      (NP (ADJR lengere) (N durynge)))))))
																(, ,)
																(CONJP (CONJ and)
																       (IP-SUB-SPE=6 (ADJP (QS most) (ADJ unsely))
																		     (PP (P yif)
																			 (CP-ADV-SPE (C 0)
																				     (IP-SUB-SPE (NP-SBJ (PRO thei))
																						 (BED weren)
																						 (ADJP (ADJ perdurable))))))))))))))))))
	      (. .))
  (ID CMBOETH,448.C1.398))

/~*
And yif I turne ayein to the studies of men, who is he to whom it sholde seme
that he ne scholde nat oonly leven thise thinges, but ek gladly herkne hem? "
(CMBOETH,448.C1.402)
*~/
/*
50 WNP:  50 WNP, 52 whom, 46 CP-REL-SPE
*/

( (CP-QUE-SPE (CONJ And)
	      (PP (P yif)
		  (CP-ADV-SPE (C 0)
			      (IP-SUB-SPE (NP-SBJ (PRO I))
					  (VBP turne)
					  (ADVP (ADV ayein))
					  (PP (P to)
					      (NP (D the)
						  (NS studies)
						  (PP (P of)
						      (NP (NS men) (, ,))))))))
	      (WNP-1 (WPRO who))
	      (IP-SUB-SPE (NP-OB1 *T*-1)
			  (BEP is)
			  (NP-SBJ (PRO he)
				  (CP-REL-SPE (WPP-2 (P to)
						     (WNP (WPRO whom)))
					      (C 0)
					      (IP-SUB-SPE (PP *T*-2)
							  (NP-SBJ-3 (PRO it))
							  (MD sholde)
							  (VB seme)
							  (CP-THT-SPE-3 (C that)
									(IP-SUB-SPE (IP-SUB-SPE-4 (NP-SBJ (PRO he))
												  (NEG ne)
												  (MD scholde)
												  (NEG nat)
												  (FP oonly)
												  (VB leven)
												  (NP-OB1 (D thise) (NS thinges)))
										    (, ,)
										    (CONJP (CONJ but)
											   (ALSO ek)
											   (IP-SUB-SPE=4 (ADVP (ADV gladly))
													 (VB herkne)
													 (NP-OB1 (PRO hem))))))))))
	      (. ?)
	      (" "))
  (ID CMBOETH,448.C1.402))

/~*
For they have hir eien so wont to the derknesse of erthly thinges that they ne
may nat lyften hem up to the light of cler sothfastnesse, but thei ben lyk to
briddes of whiche the nyght lightneth hir lokynge and the day blendith hem.
(CMBOETH,448.C1.405)
*~/
/*
97 WNP:  97 WNP, 99 whiche, 93 CP-REL-SPE
*/

( (IP-MAT-SPE (CONJ For)
	      (NP-SBJ (PRO they))
	      (HVP have)
	      (IP-SMC-SPE (NP-SBJ (PRO$ hir) (NS eien))
			  (ADJP (ADVR so)
				(VAN wont)
				(PP (P to)
				    (NP (D the)
					(N derknesse)
					(PP (P of)
					    (NP (ADJ erthly) (NS thinges)))))
				(CP-DEG-SPE (C that)
					    (IP-SUB-SPE (IP-SUB-SPE (NP-SBJ (PRO they))
								    (NEG ne)
								    (MD may)
								    (NEG nat)
								    (VB lyften)
								    (NP-OB1 (PRO hem))
								    (PP (RP up)
									(P to)
									(NP (D the)
									    (N light)
									    (PP (P of)
										(NP (ADJ cler) (N sothfastnesse))))))
							(, ,)
							(CONJP (CONJ but)
							       (IP-SUB-SPE (NP-SBJ (PRO thei))
									   (BEP ben)
									   (ADJP (ADJ lyk)
										 (PP (P to)
										     (NP (NS briddes)
											 (CP-REL-SPE (WPP-1 (P of)
													    (WNP (WPRO whiche)))
												     (C 0)
												     (IP-SUB-SPE (IP-SUB-SPE (NP-SBJ (D the) (N nyght))
															     (VBP lightneth)
															     (NP-OB1 (PRO$ hir)
																     (N lokynge)
																     (PP *T*-1)))
														 (CONJP (CONJ and)
															(IP-SUB-SPE (NP-SBJ (D the) (N day))
																    (VBP blendith)
																    (NP-OB1 (PRO hem)))))))))))))))
	      (. .))
  (ID CMBOETH,448.C1.405))

/~*
and so as we ne deme nat that they that ben sike of hir body ben worthy to ben
hated, but rather worthy of pite; wel more worthy nat to ben hated, but for to
ben had in pite, ben thei of whiche the thoughtes ben constreyned by felonous
wikkidnesse, that is more crwel than any langwissynge of body.
(CMBOETH,449.C2.443)
*~/
/*
137 WNP:  137 WNP, 139 whiche, 133 CP-REL-SPE
*/

( (IP-MAT-SPE (CONJ and)
	      (PP (ADV so)
		  (P as)
		  (CP-CMP-SPE (WADVP-1 0)
			      (C 0)
			      (IP-SUB-SPE (ADVP *T*-1)
					  (NP-SBJ (PRO we))
					  (NEG ne)
					  (VBP deme)
					  (NEG nat)
					  (CP-THT-SPE (C that)
						      (IP-SUB-SPE (IP-SUB-SPE-2 (NP-SBJ (PRO they)
											(CP-REL-SPE (WNP-3 0)
												    (C that)
												    (IP-SUB-SPE (NP-SBJ *T*-3)
														(BEP ben)
														(ADJP (ADJ sike)
														      (PP (P of)
															  (NP (PRO$ hir) (N body)))))))
										(BEP ben)
										(ADJP (ADJP (ADJ worthy)
											    (IP-INF-SPE (TO to) (BE ben) (VAN hated)))))
								  (, ,)
								  (CONJP (CONJ but)
									 (IP-SUB-SPE=2 (ADVP (ADVR rather))
										       (ADJP (ADJ worthy)
											     (PP (P of)
												 (NP (N pite)))))))))))
	      (, ;)
	      (ADJP (QP (ADV wel) (QR more))
		    (ADJ worthy)
		    (IP-INF-SPE (IP-INF-SPE (NEG nat) (TO to) (BE ben) (VAN hated))
				(, ,)
				(CONJP (CONJ but)
				       (IP-INF-SPE (FOR for)
						   (TO to)
						   (BE ben)
						   (HAN had)
						   (PP (P in)
						       (NP (N pite)))))))
	      (, ,)
	      (BEP ben)
	      (NP-SBJ (PRO thei)
		      (CP-REL-SPE (WPP-4 (P of)
					 (WNP (WPRO whiche)))
				  (C 0)
				  (IP-SUB-SPE (NP-SBJ (D the)
						      (NS thoughtes)
						      (PP *T*-4))
					      (BEP ben)
					      (VAN constreyned)
					      (PP (P by)
						  (NP (ADJ felonous)
						      (N wikkidnesse)
						      (, ,)
						      (CP-REL-SPE (WNP-5 0)
								  (C that)
								  (IP-SUB-SPE (NP-SBJ *T*-5)
									      (BEP is)
									      (ADJP (QR more)
										    (ADJ crwel)
										    (PP (P than)
											(NP (Q any)
											    (N langwissynge)
											    (PP (P of)
												(NP (N body)))))))))))))
	      (. .))
  (ID CMBOETH,449.C2.443))

/~*
And thanne sche, a litelwhat smylinge, seide: "Thou clepist me," quod sche, "
to telle thing that is gretteste of alle thingis that mowen ben axed, and to
the whiche questioun unnethes is ther aught inowh to laven it.
(CMBOETH,450.C2.453)
*~/
/*
103 WNP:  103 WNP, 109 questioun, 80 CP-REL-SPE
103 WNP:  103 WNP, 109 questioun, 59 CP-REL-SPE
*/

( (IP-MAT (CONJ And)
	  (ADVP-TMP (ADV thanne))
	  (NP-SBJ (PRO sche))
	  (, ,)
	  (IP-PPL (NP-MSR (D a) (Q+WPRO litelwhat))
		  (VAG smylinge))
	  (, ,)
	  (VBD seide)
	  (, :)
	  (" ")
	  (IP-MAT-SPE (NP-SBJ (PRO Thou))
		      (VBP clepist)
		      (NP-OB1 (PRO me))
		      (, ,)
		      (" ")
		      (IP-MAT-PRN-SPE (VBD quod)
				      (NP-SBJ (PRO sche)))
		      (, ,)
		      (" ")
		      (IP-INF-PRP-SPE (TO to)
				      (VB telle)
				      (NP-OB1 (N thing)
					      (CP-REL-SPE (WNP-1 0)
							  (C that)
							  (IP-SUB-SPE (NP-SBJ *T*-1)
								      (BEP is)
								      (ADJP (ADJS gretteste)
									    (PP (P of)
										(NP (Q alle)
										    (NS thingis)
										    (CP-REL-SPE (WNP-2 0)
												(C that)
												(IP-SUB-SPE (NP-SBJ *T*-2)
													    (MD mowen)
													    (BE ben)
													    (VAN axed)
													    (, ,)
													    (CONJP (CONJ and)
														   (CP-CAR-SPE (WPP-3 (P to)
																      (WNP (D the) (WD whiche) (N questioun)))
															       (C 0)
															       (IP-SUB-SPE (PP *T*-3)
																	   (ADVP (ADV unnethes))
																	   (BEP is)
																	   (NP-SBJ-4 (EX ther))
																	   (NP-4 (Q aught) (ADJR inowh))
																	   (IP-INF-SPE (TO to)
																		       (VB laven)
																		       (NP-OB1 (PRO it))))))))))))))))
	  (. .))
  (ID CMBOETH,450.C2.453))

/~*
Thanne the wise dispensacion of God sparith hym, the whiche man adversite
myghte enpeyren; for that God wol nat suffren hym to travaile to whom that
travaile nis nat covenable.
(CMBOETH,453.C1.522)
*~/
/*
77 WNP:  77 WNP, 79 whom, 73 CP-REL-SPE-2
*/

( (IP-MAT-SPE (ADVP-TMP (ADV Thanne))
	      (NP-SBJ (D the)
		      (ADJ wise)
		      (N dispensacion)
		      (PP (P of)
			  (NP (NPR God))))
	      (VBP sparith)
	      (NP-OB1 (PRO hym))
	      (, ,)
	      (CP-CAR-SPE (WNP-1 (D the) (WD whiche) (N man))
			  (C 0)
			  (IP-SUB-SPE (NP-OB1 *T*-1)
				      (NP-SBJ (N adversite))
				      (MD myghte)
				      (VB enpeyren)))
	      (, ;)
	      (PP (P for)
		  (CP-ADV-SPE (C that)
			      (IP-SUB-SPE (NP-SBJ (NPR God))
					  (MD wol)
					  (NEG nat)
					  (VB suffren)
					  (NP-OB1 (PRO hym)
						  (CP-REL-SPE *ICH*-2))
					  (IP-INF-SPE (TO to) (VB travaile))
					  (CP-REL-SPE-2 (WPP-3 (P to)
							       (WNP (WPRO whom)))
							(C that)
							(IP-SUB-SPE (NP-SBJ (N travaile))
								    (NEG+BEP nis)
								    (NEG nat)
								    (ADJP (ADJ covenable)
									  (PP *T*-3)))))))
	      (. .))
  (ID CMBOETH,453.C1.522))

/~*
And of alle thise thinges ther nis no doute that thei ne ben doon ryghtfully
and ordeynly, to the profit of hem to whom we seen thise thingis betyde.
(CMBOETH,453.C2.536)
*~/
/*
64 WNP:  64 WNP, 66 whom, 60 CP-REL-SPE
*/

( (IP-MAT-SPE (CONJ And)
	      (PP (P of)
		  (NP (Q alle) (D thise) (NS thinges)))
	      (NP-SBJ-1 (EX ther))
	      (NEG+BEP nis)
	      (NP-1 (Q no)
		    (N doute)
		    (CP-THT-SPE (C that)
				(IP-SUB-SPE (NP-SBJ (PRO thei))
					    (NEG ne)
					    (BEP ben)
					    (DAN doon)
					    (ADVP (ADV ryghtfully) (CONJ and) (ADV ordeynly))
					    (, ,)
					    (PP (P to)
						(NP (D the)
						    (N profit)
						    (PP (P of)
							(NP (PRO hem)
							    (CP-REL-SPE (WPP-2 (P to)
									       (WNP (WPRO whom)))
									(C 0)
									(IP-SUB-SPE (NP-SBJ (PRO we))
										    (VBP seen)
										    (IP-INF-SPE (PP *T*-2)
												(NP-SBJ (D thise) (NS thingis))
												(VB betyde)))))))))))
	      (. .))
  (ID CMBOETH,453.C2.536))

/~*
and dredith peraventure that his blisfulnesse, of whiche the usage is joyeful
to hym, that the lesynge of thilke blisfulnesse ne be nat sorwful to hym;
(CMBOETH,454.C1.545)
*~/
/*
26 WNP:  26 WNP, 28 whiche, 22 CP-REL-SPE
*/

( (IP-MAT-SPE (CONJ and)
	      (NP-SBJ *con*)
	      (VBP dredith)
	      (ADVP (ADV peraventure))
	      (CP-THT-SPE (C that)
			  (CP-THT-SPE (NP-LFD (PRO$ his)
					      (N blisfulnesse)
					      (, ,)
					      (CP-REL-SPE (WPP-1 (P of)
								 (WNP (WPRO whiche)))
							  (C 0)
							  (IP-SUB-SPE (NP-SBJ (D the)
									      (N usage)
									      (PP *T*-1))
								      (BEP is)
								      (ADJP (ADJ joyeful)
									    (PP (P to)
										(NP (PRO hym)))))))
				      (, ,)
				      (C that)
				      (IP-SUB-SPE (NP-SBJ (D the)
							  (N lesynge)
							  (PP (P of)
							      (NP-RSP (D+ADJ thilke) (N blisfulnesse))))
						  (NEG ne)
						  (BEP be)
						  (NEG nat)
						  (ADJP (ADJ sorwful)
							(PP (P to)
							    (NP (PRO hym)))))))
	      (. ;))
  (ID CMBOETH,454.C1.545))
/*
FOOTER
  source file, hits/tokens/total
  C:\Users\Shoo\Dropbox\workspace\CorpusSearch_Auto\data\corporas\PPCME2\temp1492106398658\philosophy\cmboeth.m3.psd	19/18/566
*/
/*
SUMMARY:  
source files, hits/tokens/total
  C:\Users\Shoo\Dropbox\workspace\CorpusSearch_Auto\data\corporas\PPCME2\temp1492106398658\philosophy\cmboeth.m3.psd	19/18/566
whole search, hits/tokens/total
		19/18/566
*/
